 Converged energy                           -193.238097830819
 Converged energy                            -40.465273772620
 Converged energy                            -76.386113234884
 Converged energy                            -76.385514309469
 Converged energy                           -116.851887518075
 Converged energy                           -152.771987141037
 Converged energy                           -116.851167206768
 HF contribution (EtotHF)                          -1.9231084239E+002  
 Singles correction (EcSingles)                    -2.6470650372E-002  
 HF contribution (EtotHF)                          -1.9231084239E+002  
 Singles correction (EcSingles)                    -2.6470650372E-002  
 Direct RPA correlation (EcRPA)                    -1.2845927318E+000  
 HF contribution (EtotHF)                          -4.0206840838E+001  
 Singles correction (EcSingles)                    -7.9307038501E-003  
 HF contribution (EtotHF)                          -4.0206840838E+001  
 Singles correction (EcSingles)                    -7.9307038501E-003  
 Direct RPA correlation (EcRPA)                    -3.8278449937E-001  
 HF contribution (EtotHF)                          -7.6053101766E+001  
 Singles correction (EcSingles)                    -8.9630912630E-003  
 HF contribution (EtotHF)                          -7.6053101766E+001  
 Singles correction (EcSingles)                    -8.9630912630E-003  
 Direct RPA correlation (EcRPA)                    -4.4965968548E-001  
 HF contribution (EtotHF)                          -7.6052051663E+001  
 Singles correction (EcSingles)                    -8.9997759472E-003  
 HF contribution (EtotHF)                          -7.6052051663E+001  
 Singles correction (EcSingles)                    -8.9997759472E-003  
 Direct RPA correlation (EcRPA)                    -4.5002720118E-001  
 HF contribution (EtotHF)                          -1.1625884272E+002  
 Singles correction (EcSingles)                    -1.7313745539E-002  
 HF contribution (EtotHF)                          -1.1625884272E+002  
 Singles correction (EcSingles)                    -1.7313745539E-002  
 Direct RPA correlation (EcRPA)                    -8.3381781239E-001  
 HF contribution (EtotHF)                          -1.5210559339E+002  
 Singles correction (EcSingles)                    -1.7951136065E-002  
 HF contribution (EtotHF)                          -1.5210559339E+002  
 Singles correction (EcSingles)                    -1.7951136065E-002  
 Direct RPA correlation (EcRPA)                    -8.9961731822E-001  
 HF contribution (EtotHF)                          -1.1625843689E+002  
 Singles correction (EcSingles)                    -1.7102819135E-002  
 HF contribution (EtotHF)                          -1.1625843689E+002  
 Singles correction (EcSingles)                    -1.7102819135E-002  
 Direct RPA correlation (EcRPA)                    -8.3362348030E-001  
