 Converged energy                           -193.238490733060
 Converged energy                            -40.465274911831
 Converged energy                            -76.386397606435
 Converged energy                            -76.386349726716
 Converged energy                           -116.851994473530
 Converged energy                           -152.772802085441
 Converged energy                           -116.851737060101
 HF contribution (EtotHF)                          -1.9231195582E+002  
 Singles correction (EcSingles)                    -2.6587658835E-002  
 HF contribution (EtotHF)                          -1.9231195582E+002  
 Singles correction (EcSingles)                    -2.6587658835E-002  
 Direct RPA correlation (EcRPA)                    -1.2840171989E+000  
 HF contribution (EtotHF)                          -4.0206840731E+001  
 Singles correction (EcSingles)                    -7.9311803074E-003  
 HF contribution (EtotHF)                          -4.0206840731E+001  
 Singles correction (EcSingles)                    -7.9311803074E-003  
 Direct RPA correlation (EcRPA)                    -3.8279110845E-001  
 HF contribution (EtotHF)                          -7.6053970769E+001  
 Singles correction (EcSingles)                    -8.9154873810E-003  
 HF contribution (EtotHF)                          -7.6053970769E+001  
 Singles correction (EcSingles)                    -8.9154873810E-003  
 Direct RPA correlation (EcRPA)                    -4.4919513228E-001  
 HF contribution (EtotHF)                          -7.6053716064E+001  
 Singles correction (EcSingles)                    -8.9324648478E-003  
 HF contribution (EtotHF)                          -7.6053716064E+001  
 Singles correction (EcSingles)                    -8.9324648478E-003  
 Direct RPA correlation (EcRPA)                    -4.4935010971E-001  
 HF contribution (EtotHF)                          -1.1625946673E+002  
 Singles correction (EcSingles)                    -1.7286219935E-002  
 HF contribution (EtotHF)                          -1.1625946673E+002  
 Singles correction (EcSingles)                    -1.7286219935E-002  
 Direct RPA correlation (EcRPA)                    -8.3340892055E-001  
 HF contribution (EtotHF)                          -1.5210774472E+002  
 Singles correction (EcSingles)                    -1.7849321914E-002  
 HF contribution (EtotHF)                          -1.5210774472E+002  
 Singles correction (EcSingles)                    -1.7849321914E-002  
 Direct RPA correlation (EcRPA)                    -8.9854755766E-001  
 HF contribution (EtotHF)                          -1.1625929504E+002  
 Singles correction (EcSingles)                    -1.7230458034E-002  
 HF contribution (EtotHF)                          -1.1625929504E+002  
 Singles correction (EcSingles)                    -1.7230458034E-002  
 Direct RPA correlation (EcRPA)                    -8.3338815456E-001  
