 Converged energy                           -193.238470392905
 Converged energy                            -40.465273950412
 Converged energy                            -76.384930990327
 Converged energy                            -76.386350962070
 Converged energy                           -116.850460061672
 Converged energy                           -152.772925529906
 Converged energy                           -116.851737208680
 HF contribution (EtotHF)                          -1.9231163404E+002  
 Singles correction (EcSingles)                    -2.6377826244E-002  
 HF contribution (EtotHF)                          -1.9231163404E+002  
 Singles correction (EcSingles)                    -2.6377826244E-002  
 Direct RPA correlation (EcRPA)                    -1.2843325449E+000  
 HF contribution (EtotHF)                          -4.0206841587E+001  
 Singles correction (EcSingles)                    -7.9305630011E-003  
 HF contribution (EtotHF)                          -4.0206841587E+001  
 Singles correction (EcSingles)                    -7.9305630011E-003  
 Direct RPA correlation (EcRPA)                    -3.8276496690E-001  
 HF contribution (EtotHF)                          -7.6050812092E+001  
 Singles correction (EcSingles)                    -9.0563960566E-003  
 HF contribution (EtotHF)                          -7.6050812092E+001  
 Singles correction (EcSingles)                    -9.0563960566E-003  
 Direct RPA correlation (EcRPA)                    -4.5058125385E-001  
 HF contribution (EtotHF)                          -7.6053716902E+001  
 Singles correction (EcSingles)                    -8.9330023931E-003  
 HF contribution (EtotHF)                          -7.6053716902E+001  
 Singles correction (EcSingles)                    -8.9330023931E-003  
 Direct RPA correlation (EcRPA)                    -4.4936038351E-001  
 HF contribution (EtotHF)                          -1.1625739168E+002  
 Singles correction (EcSingles)                    -1.7098761661E-002  
 HF contribution (EtotHF)                          -1.1625739168E+002  
 Singles correction (EcSingles)                    -1.7098761661E-002  
 Direct RPA correlation (EcRPA)                    -8.3392002363E-001  
 HF contribution (EtotHF)                          -1.5210631588E+002  
 Singles correction (EcSingles)                    -1.7997561208E-002  
 HF contribution (EtotHF)                          -1.5210631588E+002  
 Singles correction (EcSingles)                    -1.7997561208E-002  
 Direct RPA correlation (EcRPA)                    -8.9975869061E-001  
 HF contribution (EtotHF)                          -1.1625929667E+002  
 Singles correction (EcSingles)                    -1.7230330236E-002  
 HF contribution (EtotHF)                          -1.1625929667E+002  
 Singles correction (EcSingles)                    -1.7230330236E-002  
 Direct RPA correlation (EcRPA)                    -8.3337235046E-001  
