 Converged energy                           -193.238684615399
 Converged energy                            -40.465274368442
 Converged energy                            -76.386293006713
 Converged energy                            -76.384935409198
 Converged energy                           -116.851931885809
 Converged energy                           -152.772862211882
 Converged energy                           -116.850546186926
 HF contribution (EtotHF)                          -1.9231198723E+002  
 Singles correction (EcSingles)                    -2.6327894873E-002  
 HF contribution (EtotHF)                          -1.9231198723E+002  
 Singles correction (EcSingles)                    -2.6327894873E-002  
 Direct RPA correlation (EcRPA)                    -1.2842589675E+000  
 HF contribution (EtotHF)                          -4.0206842080E+001  
 Singles correction (EcSingles)                    -7.9303324443E-003  
 HF contribution (EtotHF)                          -4.0206842080E+001  
 Singles correction (EcSingles)                    -7.9303324443E-003  
 Direct RPA correlation (EcRPA)                    -3.8276085516E-001  
 HF contribution (EtotHF)                          -7.6053672256E+001  
 Singles correction (EcSingles)                    -8.9303235747E-003  
 HF contribution (EtotHF)                          -7.6053672256E+001  
 Singles correction (EcSingles)                    -8.9303235747E-003  
 Direct RPA correlation (EcRPA)                    -4.4930762909E-001  
 HF contribution (EtotHF)                          -7.6050825701E+001  
 Singles correction (EcSingles)                    -9.0550205904E-003  
 HF contribution (EtotHF)                          -7.6050825701E+001  
 Singles correction (EcSingles)                    -9.0550205904E-003  
 Direct RPA correlation (EcRPA)                    -4.5058075371E-001  
 HF contribution (EtotHF)                          -1.1625982805E+002  
 Singles correction (EcSingles)                    -1.7131744664E-002  
 HF contribution (EtotHF)                          -1.1625982805E+002  
 Singles correction (EcSingles)                    -1.7131744664E-002  
 Direct RPA correlation (EcRPA)                    -8.3311120961E-001  
 HF contribution (EtotHF)                          -1.5210608947E+002  
 Singles correction (EcSingles)                    -1.8043946653E-002  
 HF contribution (EtotHF)                          -1.5210608947E+002  
 Singles correction (EcSingles)                    -1.8043946653E-002  
 Direct RPA correlation (EcRPA)                    -8.9985942782E-001  
 HF contribution (EtotHF)                          -1.1625745499E+002  
 Singles correction (EcSingles)                    -1.7099956365E-002  
 HF contribution (EtotHF)                          -1.1625745499E+002  
 Singles correction (EcSingles)                    -1.7099956365E-002  
 Direct RPA correlation (EcRPA)                    -8.3394954826E-001  
