
 Primary working directories    : /net/scratch/people/plgsirous
 Secondary working directories  : /net/scratch/people/plgsirous
 Wavefunction directory         : /net/people/plgsirous/wfu/
 Main file repository           : /net/scratch/people/plgsirous/

 SHA1      : 
 NAME      : 
 ARCHNAME  : linux/x86_64
 FC        : /net/software/local/intel/impi/2018.1.163/bin64/mpiifort
 BLASLIB   : -L/net/software/local/intel/compilers_and_libraries_2018.1.163/linux/mkl/lib/intel64 -lmkl_scalapack_ilp64 -lmkl_intel_ilp64 -lmkl_intel_thread -lmkl_core -lmkl_blacs_intelmpi_ilp64 -liomp5 -lpthread -lm -ldl
 id        : pl

 Nodes     nprocs
 p2283        1

 Using customized tuning parameters: mindgm=7; mindgv=20; mindgc=1; mindgr=1; noblas=0; minvec=7
 default implementation of scratch files=df  

 ***,MP3SD(T)
 memory,14000,m
 gthresh,orbital=1d-8,energy=1d-8,twoint=1.d-19
 angstrom
 geometry={
 C1        -3.2772    1.4825     1.2719
 H1        -2.4640    0.8996     1.6510
 H2        -3.1608    2.5010     1.5785
 H3        -4.2018    1.0992     1.6501
 H4        -3.2685    1.4210     0.2037
 O1        -6.5618    3.0044     2.4378
 H5        -6.4278    2.0811     2.7596
 H6        -5.8760    3.5424     2.8824
 O2        -4.4148    4.4364     3.5758
 H7        -3.8890    4.7809     2.7934
 H8        -4.6266    5.2197     4.0992
   }
 
 nkerna=1
 nkernb=1
 nkernc=1
 nkernab=$nkerna+$nkernb
 nkernac=$nkerna+$nkernc
 nkernbc=$nkernb+$nkernc
 nkernabc=$nkerna+$nkernb+$nkernc
 
 proc set_monomera
 core,$nkerna
 dummy,6,7,8,9,10,11;
 endproc
 
 proc set_monomerb
 core,$nkernb
 dummy,1,2,3,4,5,9,10,11;
 endproc
 
 proc set_monomerc
 core,$nkernc
 dummy,1,2,3,4,5,6,7,8;
 endproc
 
 proc set_dimerab
 core,$nkerna+$nkernb
 dummy,9,10,11;
 endproc
 
 proc set_dimerac
 core,$nkerna+$nkernc
 dummy,6,7,8;
 endproc
 
 proc set_dimerbc
 core,$nkernb+$nkernc
 dummy,1,2,3,4,5;
 endproc
 
 proc set_trimerabc
 core,$nkerna+$nkernb+$nkernc
 endproc
 
 basis=avqz
 
 set_trimerabc
 hf
 Escf_ABC=energy
 mp3
 Emp3_ABC=energy
 Emp3_corr_ABC=(Emp3_ABC)-(Escf_ABC)
 
 set_monomera
 {hf
 start,atden}
 Escf_A=energy
 mp3
 Emp3_A=energy
 Emp3_corr_A=(Emp3_A)-(Escf_A)
 
 set_monomerb
 {hf
 start,atden}
 Escf_B=energy
 mp3
 Emp3_B=energy
 Emp3_corr_B=(Emp3_B)-(Escf_B)
 
 set_monomerc
 {hf
 start,atden}
 Escf_C=energy
 mp3
 Emp3_C=energy
 Emp3_corr_C=(Emp3_C)-(Escf_C)
 
 set_dimerab
 {hf
 start,atden}
 Escf_AB=energy
 mp3
 Emp3_AB=energy
 Emp3_corr_AB=(Emp3_AB)-(Escf_AB)
 
 set_dimerac
 {hf
 start,atden}
 Escf_AC=energy
 mp3
 Emp3_AC=energy
 Emp3_corr_AC=(Emp3_AC)-(Escf_AC)
 
 set_dimerbc
 {hf
 start,atden}
 Escf_BC=energy
 mp3
 Emp3_BC=energy
 Emp3_corr_BC=(Emp3_BC)-(Escf_BC)
 
 E_int_ABC=Emp3_ABC-(Emp3_A+Emp3_B+Emp3_C)
 E_int_AB=Emp3_AB-(Emp3_A+Emp3_B)
 E_int_AC=Emp3_AC-(Emp3_A+Emp3_C)
 E_int_BC=Emp3_BC-(Emp3_B+Emp3_C)
 E_add=E_int_AB+E_int_AC+E_int_BC
 E_nonadd_MP3=E_int_ABC-(E_int_AB+E_int_AC+E_int_BC)
                                                                                 !!!!!Correlation part of interaction energy!!!!!!
 E_int_ABC_corr=Emp3_corr_ABC-(Emp3_corr_A+Emp3_corr_B+Emp3_corr_C)
 E_int_AB_corr=Emp3_corr_AB-(Emp3_corr_A+Emp3_corr_B)
 E_int_AC_corr=Emp3_corr_AC-(Emp3_corr_A+Emp3_corr_C)
 E_int_BC_corr=Emp3_corr_BC-(Emp3_corr_B+Emp3_corr_C)
 E_int_ABC_corr_add=E_int_AB_corr+E_int_AC_corr+E_int_BC_corr
 E_int_ABC_corr_nonadd=E_int_ABC_corr-E_int_ABC_corr_add
                                                                                 !!!!HF part of interaction energy!!!!
 E_int_ABC_HF=E_int_ABC-E_int_ABC_corr
 E_int_AB_HF=E_int_AB-E_int_AB_corr
 E_int_AC_HF=E_int_AC-E_int_AC_corr
 E_int_BC_HF=E_int_BC-E_int_BC_corr
 E_int_ABC_HF_add=E_int_AB_HF+E_int_AC_HF+E_int_BC_HF
 E_int_ABC_HF_nonadd=E_int_ABC_HF-E_int_ABC_HF_add
 
 text,results in millihartree
                                                                                 !!!!Interacion Energies!!!!!!
 show,E_int_ABC,E_int_AB,E_int_AC,E_int_BC,E_add,E_nonadd_MP3
                                                                                 !!!!Correlation Part!!!!!!!!
 show,E_int_ABC_corr,E_int_AB_corr,E_int_AC_corr,E_int_BC_corr,E_int_ABC_corr_add,E_int_ABC_corr_nonadd
                                                                                 !!!!SCF Part!!!!!
 show,E_int_ABC_HF,E_int_AB_HF,E_int_AC_HF,E_int_BC_HF,E_int_ABC_HF_add,E_int_ABC_HF_nonadd

 Variables initialized (889), CPU time= 0.01 sec
 Commands  initialized (702), CPU time= 0.00 sec, 572 directives.
 Default parameters read. Elapsed time= 0.26 sec

 Checking input...
 Passed
1


                                         ***  PROGRAM SYSTEM MOLPRO  ***
                                       Copyright, TTI GmbH Stuttgart, 2015
                                    Version 2015.1 linked Jul  2 2018 15:03:07


 **********************************************************************************************************************************
 LABEL *   MP3SD(T)                                                                      
  64 bit serial version                                                                  DATE: 19-Nov-18          TIME: 13:23:21  
 **********************************************************************************************************************************

 SHA1:             
 **********************************************************************************************************************************

 THRESHOLDS:

 ZERO    =  1.00D-12  ONEINT  =  1.00D-12  TWOINT  =  1.00D-19  PREFAC  =  1.00D-14  LOCALI  =  1.00D-09  EORDER  =  1.00D-04
 ENERGY  =  1.00D-08  ETEST   =  0.00D+00  EDENS   =  0.00D+00  THRDEDEF=  1.00D-06  GRADIENT=  1.00D-02  STEP    =  1.00D-03
 ORBITAL =  1.00D-08  CIVEC   =  1.00D-05  COEFF   =  1.00D-04  PRINTCI =  5.00D-02  PUNCHCI =  9.90D+01  OPTGRAD =  3.00D-04
 OPTENERG=  1.00D-06  OPTSTEP =  3.00D-04  THRGRAD =  1.00D-10  COMPRESS=  1.00D-11  VARMIN  =  1.00D-07  VARMAX  =  1.00D-03
 THRDOUB =  0.00D+00  THRDIV  =  1.00D-05  THRRED  =  1.00D-07  THRPSP  =  1.00D+00  THRDC   =  1.00D-10  THRCS   =  1.00D-10
 THRNRM  =  1.00D-08  THREQ   =  0.00D+00  THRDE   =  1.00D+00  THRREF  =  1.00D-05  SPARFAC =  1.00D+00  THRDLP  =  1.00D-07
 THRDIA  =  1.00D-10  THRDLS  =  1.00D-07  THRGPS  =  0.00D+00  THRKEX  =  0.00D+00  THRDIS  =  2.00D-01  THRVAR  =  1.00D-10
 THRLOC  =  1.00D-06  THRGAP  =  1.00D-06  THRLOCT = -1.00D+00  THRGAPT = -1.00D+00  THRORB  =  1.00D-06  THRMLTP =  0.00D+00
 THRCPQCI=  1.00D-10  KEXTA   =  0.00D+00  THRCOARS=  0.00D+00  SYMTOL  =  1.00D-06  GRADTOL =  1.00D-06  THROVL  =  1.00D-08
 THRORTH =  1.00D-08  GRID    =  1.00D-06  GRIDMAX =  1.00D-03  DTMAX   =  0.00D+00  THROCCDE=  1.00D-01  THROCCDE=  1.00D-01


 ZUNIT=ANG
 

Geometry recognized as XYZ

 SETTING NKERNA         =         1.00000000                                  
 SETTING NKERNB         =         1.00000000                                  
 SETTING NKERNC         =         1.00000000                                  
 SETTING NKERNAB        =         2.00000000                                  
 SETTING NKERNAC        =         2.00000000                                  
 SETTING NKERNBC        =         2.00000000                                  
 SETTING NKERNABC       =         3.00000000                                  

 Variable memory set to ********** words,  buffer space   230000 words

 SETTING BASIS          =    AVQZ

 Running procedure=SET_TRIMERABC


 Recomputing integrals since basis changed


 Using spherical harmonics

 Library entry C      S aug-cc-pVQZ          selected for orbital group  1
 Library entry C      P aug-cc-pVQZ          selected for orbital group  1
 Library entry C      D aug-cc-pVQZ          selected for orbital group  1
 Library entry C      F aug-cc-pVQZ          selected for orbital group  1
 Library entry C      G aug-cc-pVQZ          selected for orbital group  1
 Library entry H      S aug-cc-pVQZ          selected for orbital group  2
 Library entry H      P aug-cc-pVQZ          selected for orbital group  2
 Library entry H      D aug-cc-pVQZ          selected for orbital group  2
 Library entry H      F aug-cc-pVQZ          selected for orbital group  2
 Library entry O      S aug-cc-pVQZ          selected for orbital group  3
 Library entry O      P aug-cc-pVQZ          selected for orbital group  3
 Library entry O      D aug-cc-pVQZ          selected for orbital group  3
 Library entry O      F aug-cc-pVQZ          selected for orbital group  3
 Library entry O      G aug-cc-pVQZ          selected for orbital group  3


 PROGRAM * SEWARD (Integral evaluation for generally contracted gaussian basis sets)     Author: Roland Lindh, 1990

 Geometry written to block  1 of record 700


 Point group  C1  



 ATOMIC COORDINATES

 NR  ATOM    CHARGE       X              Y              Z

   1  C1      6.00   -6.193010455    2.801518980    2.403542658
   2  H1      1.00   -4.656285171    1.699997622    3.119937832
   3  H2      1.00   -5.973046335    4.726205038    2.982932688
   4  H3      1.00   -7.940251230    2.077186956    3.118237078
   5  H4      1.00   -6.176569838    2.685300823    0.384937212
   6  O1      8.00  -12.400004884    5.677493169    4.606774346
   7  H5      1.00  -12.146781583    3.932709038    5.214888213
   8  H6      1.00  -11.104030708    6.694165824    5.446946581
   9  O2      8.00   -8.342762895    8.383580979    6.757282676
  10  H7      1.00   -7.349144898    9.034591629    5.278760956
  11  H8      1.00   -8.743006888    9.863803452    7.746365330

 Bond lengths in Bohr (Angstrom)

 1-2  2.021904040  1-3  2.022002335  1-4  2.021953343  1-5  2.022015060  6-7  1.864992273
     ( 1.069945541)     ( 1.069997556)     ( 1.069971630)     ( 1.070004290)     ( 0.986911409)

  6- 8  1.849070506   9-10  1.896606987   9-11  1.824702255
       ( 0.978485973)       ( 1.003641196)       ( 0.965590850)

 Bond angles

  2-1-3  109.53398059   2-1-4  109.65604535   2-1-5  108.43490854   3-1-4  109.49436728

  3- 1- 5  109.86987750   4- 1- 5  109.83468330   7- 6- 8  105.72790617  10- 9-11  105.01239280

 NUCLEAR CHARGE:                   30
 NUMBER OF PRIMITIVE AOS:         810
 NUMBER OF SYMMETRY AOS:          663
 NUMBER OF CONTRACTIONS:          608   ( 608A   )
 NUMBER OF CORE ORBITALS:           3   (   3A   )
 NUMBER OF VALENCE ORBITALS:       20   (  20A   )


 NUCLEAR REPULSION ENERGY   77.89559685


 Eigenvalues of metric

         1 0.129E-04 0.166E-04 0.254E-04 0.282E-04 0.325E-04 0.412E-04 0.593E-04 0.672E-04


 Contracted 2-electron integrals neglected if value below      1.0D-19
 AO integral compression algorithm  1   Integral accuracy      1.0D-19

     118149.349 MB (compressed) written to integral file ( 79.9%)


 NUMBER OF SORTED TWO-ELECTRON INTEGRALS:17137761816.     BUFFER LENGTH:  32768
 NUMBER OF SEGMENTS: 179  SEGMENT LENGTH:   95999835      RECORD LENGTH: 524288

 Memory used in sort:      96.56 MW

 SORT1 READ 18477034090. AND WROTE 15431258647. INTEGRALS IN  44236 RECORDS. CPU TIME:   178.01 SEC, REAL TIME:   796.71 SEC
 SORT2 READ 15431258647. AND WROTE 17137761816. INTEGRALS IN 450704 RECORDS. CPU TIME:   202.18 SEC, REAL TIME:  4477.09 SEC

 FILE SIZES:   FILE 1:118182.9 MBYTE,  FILE 4:185539.3 MBYTE,   TOTAL: 303722.2 MBYTE

 OPERATOR DM      FOR CENTER  0  COORDINATES:    0.000000    0.000000    0.000000


 **********************************************************************************************************************************
 DATASETS  * FILE   NREC   LENGTH (MB)   RECORD NAMES
              1      19   110422.16       500      610      700      900      950      970     1000      129      960     1100   
                                          VAR    BASINP    GEOM    SYMINP    ZMAT    AOBASIS   BASIS     P2S    ABASIS      S 
                                         1400     1410     1200     1210     1080     1600     1650     1300     1700   
                                           T        V       H0       H01     AOSYM     SMH    MOLCAS    ERIS     OPER   

 PROGRAMS   *        TOTAL       INT
 CPU TIMES  *      1108.95   1108.80
 REAL TIME  *      6539.09 SEC
 DISK USED  *       303.72 GB      
 **********************************************************************************************************************************


 PROGRAM * RHF-SCF (CLOSED SHELL)       Authors: W. Meyer, H.-J. Werner


 NUMBER OF ELECTRONS:      15+   15-    SPACE SYMMETRY=1    SPIN SYMMETRY: Singlet 
 CONVERGENCE THRESHOLDS:    1.00E-08 (Density)    1.00E-09 (Energy)
 MAX. NUMBER OF ITERATIONS:       60
 INTERPOLATION TYPE:            DIIS
 INTERPOLATION STEPS:              2 (START)      1 (STEP)
 LEVEL SHIFTS:                  0.00 (CLOSED)  0.00 (OPEN) 



 Orbital guess generated from atomic densities. Full valence occupancy:   23

 Molecular orbital dump at record        2100.2

 Initial occupancy:  15

 ITERATION    DDIFF          GRAD             ENERGY        2-EL.EN.            DIPOLE MOMENTS         DIIS   ORB.
    1      0.000D+00      0.000D+00      -192.25424304    300.622043    1.26591    0.81595    0.55900    0    start
    2      0.000D+00      0.335D-02      -192.32287878    292.570192    0.86329    0.63611    0.39050    1    diag
    3      0.245D-02      0.195D-02      -192.34395887    295.943636    0.93731    0.64832    0.43123    2    diag
    4      0.855D-03      0.267D-03      -192.34485016    295.738698    0.91982    0.64019    0.42380    3    diag
    5      0.170D-03      0.744D-04      -192.34493698    295.739074    0.91608    0.63639    0.42351    4    diag
    6      0.633D-04      0.200D-04      -192.34494277    295.746673    0.91483    0.63607    0.42277    5    diag
    7      0.178D-04      0.531D-05      -192.34494325    295.743526    0.91467    0.63567    0.42290    6    diag
    8      0.561D-05      0.178D-05      -192.34494329    295.743934    0.91456    0.63574    0.42280    7    diag
    9      0.131D-05      0.727D-06      -192.34494330    295.743970    0.91452    0.63567    0.42281    8    diag
   10      0.570D-06      0.140D-06      -192.34494330    295.743941    0.91451    0.63567    0.42281    9    orth
   11      0.216D-06      0.175D-07      -192.34494330    295.743942    0.91451    0.63567    0.42281    9    diag
   12      0.182D-07      0.501D-08      -192.34494330    295.743944    0.91451    0.63567    0.42281    9    diag
   13      0.608D-08      0.129D-08      -192.34494330    295.743944    0.91451    0.63567    0.42281    0    orth

 Final occupancy:  15

 !RHF STATE 1.1 Energy               -192.344943300744
 Nuclear energy                        77.89559685
 One-electron energy                 -418.11251192
 Two-electron energy                  147.87197177
 Virial quotient                       -1.00117672
 !RHF STATE 1.1 Dipole moment           0.91450658     0.63566796     0.42280684
 Dipole moment /Debye                   2.32429164     1.61560098     1.07459741

 Orbital energies:

         1.1          2.1          3.1          4.1          5.1          6.1          7.1          8.1          9.1         10.1
    -20.597548   -20.530613   -11.195295    -1.372079    -1.305823    -0.949426    -0.734526    -0.685216    -0.612627    -0.555852

        11.1         12.1         13.1         14.1         15.1         16.1         17.1
     -0.550765    -0.548273    -0.546331    -0.525494    -0.474415     0.018786     0.033370

 HOMO     15.1    -0.474415 =     -12.9095eV
 LUMO     16.1     0.018786 =       0.5112eV
 LUMO-HOMO         0.493201 =      13.4207eV


 **********************************************************************************************************************************
 DATASETS  * FILE   NREC   LENGTH (MB)   RECORD NAMES
              1      19   110422.16       500      610      700      900      950      970     1000      129      960     1100   
                                          VAR    BASINP    GEOM    SYMINP    ZMAT    AOBASIS   BASIS     P2S    ABASIS      S 
                                         1400     1410     1200     1210     1080     1600     1650     1300     1700   
                                           T        V       H0       H01     AOSYM     SMH    MOLCAS    ERIS     OPER   

              2       5       12.24       200      700     1000      520     2100   
                                        OPTIONS   GEOM     BASIS   MCVARS     RHF  

 PROGRAMS   *        TOTAL        HF       INT
 CPU TIMES  *      3302.62   2193.67   1108.80
 REAL TIME  *     10639.79 SEC
 DISK USED  *       303.72 GB      
 **********************************************************************************************************************************
 SETTING ESCF_ABC       =      -192.34494330  AU                              


 PROGRAM * MP3 (Closed-shell)     Authors: C. Hampel, H.-J. Werner, 1991, M. Deegan, P.J. Knowles, 1992


 Convergence thresholds:  THRVAR = 1.00D-08  THRDEN = 1.00D-08

 Number of core orbitals:           3 (   3 )
 Number of closed-shell orbitals:  12 (  12 )
 Number of external orbitals:     593 ( 593 )

 Molecular orbitals read from record     2100.2  Type=RHF/CANONICAL (state 1.1)

 Number of N-1 electron functions:              12
 Number of N-2 electron functions:              78
 Number of singly external CSFs:              7116
 Number of doubly external CSFs:          25322286
 Total number of CSFs:                    25329403

 Length of J-op  integral file:               0.00 MB
 Length of K-op  integral file:              25.46 MB

 Integral transformation finished. Total CPU: 363.88 sec, npass=  1  Memory used:  55.97 MW

 Reference energy:                   -192.34494330

                        CORR.ENERGY   TOTAL ENERGY   ENERGY CHANGE
 MP2:                   -0.79106012  -193.13600342    -0.79106012

 SCS-MP2 correlation energy:           -0.79732553   (PS=  1.200000  PT=  0.333333)
 SCS-MP2 total energy:               -193.14226883

 MP3(D):                -0.80706229  -193.15200559    -0.01600217



 RESULTS
 =======

  Reference energy                   -192.344943300745
  MP3 singlet pair energy              -0.562650908547
  MP3 triplet pair energy              -0.244411379659
  MP3 correlation energy               -0.807062288206

 !MP3 total energy                   -193.152005588951

 Timing summary (sec):

 STEP                 CPU(USER)    SYS     CPU(TOT)    WALL
 Transformation        368.53    107.37    475.90    505.01
 CCSD iterations       733.86    102.14    836.00    926.68

 Program statistics:

 Available memory in ccsd:             13999999324
 Min. memory needed in ccsd:              64259172
 Max. memory used in ccsd:                87251646
 Max. memory used in cckext:              60647801 ( 1 integral passes)



 **********************************************************************************************************************************
 DATASETS  * FILE   NREC   LENGTH (MB)   RECORD NAMES
              1      20   110774.67       500      610      700      900      950      970     1000      129      960     1100   
                                          VAR    BASINP    GEOM    SYMINP    ZMAT    AOBASIS   BASIS     P2S    ABASIS      S 
                                         1400     1410     1200     1210     1080     1600     1650     1300     1700     1380   
                                           T        V       H0       H01     AOSYM     SMH    MOLCAS    ERIS     OPER     JKOP   

              2       5       12.24       200      700     1000      520     2100   
                                        OPTIONS   GEOM     BASIS   MCVARS     RHF  

 PROGRAMS   *        TOTAL       MP3        HF       INT
 CPU TIMES  *      4405.05   1102.42   2193.67   1108.80
 REAL TIME  *     12071.95 SEC
 DISK USED  *       303.72 GB      
 **********************************************************************************************************************************
 SETTING EMP3_ABC       =      -193.15200559  AU                              
 SETTING EMP3_CORR_ABC  =        -0.80706229  AU                              

 Running procedure=SET_MONOMERA

 Dummy atoms: O1  H5  H6  O2  H7  H8


 Recomputing one-electron integrals since nuclear charges changed


 PROGRAM * SEWARD (Integral evaluation for generally contracted gaussian basis sets)     Author: Roland Lindh, 1990

 Geometry written to block  1 of record 700


 Point group  C1  



 ATOMIC COORDINATES

 NR  ATOM    CHARGE       X              Y              Z

   1  C1      6.00   -6.193010455    2.801518980    2.403542658
   2  H1      1.00   -4.656285171    1.699997622    3.119937832
   3  H2      1.00   -5.973046335    4.726205038    2.982932688
   4  H3      1.00   -7.940251230    2.077186956    3.118237078
   5  H4      1.00   -6.176569838    2.685300823    0.384937212
   6  O1      0.00  -12.400004884    5.677493169    4.606774346
   7  H5      0.00  -12.146781583    3.932709038    5.214888213
   8  H6      0.00  -11.104030708    6.694165824    5.446946581
   9  O2      0.00   -8.342762895    8.383580979    6.757282676
  10  H7      0.00   -7.349144898    9.034591629    5.278760956
  11  H8      0.00   -8.743006888    9.863803452    7.746365330

 Bond lengths in Bohr (Angstrom)

 1-2  2.021904040  1-3  2.022002335  1-4  2.021953343  1-5  2.022015060  6-7  1.864992273
     ( 1.069945541)     ( 1.069997556)     ( 1.069971630)     ( 1.070004290)     ( 0.986911409)

  6- 8  1.849070506   9-10  1.896606987   9-11  1.824702255
       ( 0.978485973)       ( 1.003641196)       ( 0.965590850)

 Bond angles

  2-1-3  109.53398059   2-1-4  109.65604535   2-1-5  108.43490854   3-1-4  109.49436728

  3- 1- 5  109.86987750   4- 1- 5  109.83468330   7- 6- 8  105.72790617  10- 9-11  105.01239280

 NUCLEAR CHARGE:                   10
 NUMBER OF PRIMITIVE AOS:         810
 NUMBER OF SYMMETRY AOS:          663
 NUMBER OF CONTRACTIONS:          608   ( 608A   )
 NUMBER OF CORE ORBITALS:           1   (   1A   )
 NUMBER OF VALENCE ORBITALS:        8   (   8A   )

 MOLECULE CHANGED: INITIALIZING OCCUPATION AND DUMP RECORDS


 NUCLEAR REPULSION ENERGY   13.68681606


 Eigenvalues of metric

         1 0.129E-04 0.166E-04 0.254E-04 0.282E-04 0.325E-04 0.412E-04 0.593E-04 0.672E-04


 Contracted 2-electron integrals neglected if value below      1.0D-19

 OPERATOR DM      FOR CENTER  0  COORDINATES:    0.000000    0.000000    0.000000


 **********************************************************************************************************************************
 DATASETS  * FILE   NREC   LENGTH (MB)   RECORD NAMES
              1      19   110422.16       500      610      700      900      950      970     1000      129      960     1100   
                                          VAR    BASINP    GEOM    SYMINP    ZMAT    AOBASIS   BASIS     P2S    ABASIS      S 
                                         1400     1410     1200     1210     1080     1600     1650     1300     1700   
                                           T        V       H0       H01     AOSYM     SMH    MOLCAS    ERIS     OPER   

              2       5       12.24       200      700     1000      520     2100   
                                        OPTIONS   GEOM     BASIS   MCVARS     RHF  

 PROGRAMS   *        TOTAL       INT       MP3        HF       INT
 CPU TIMES  *      4405.46      0.40   1102.42   2193.67   1108.80
 REAL TIME  *     12072.84 SEC
 DISK USED  *       303.72 GB      
 **********************************************************************************************************************************


 PROGRAM * RHF-SCF (CLOSED SHELL)       Authors: W. Meyer, H.-J. Werner


 NUMBER OF ELECTRONS:       5+    5-    SPACE SYMMETRY=1    SPIN SYMMETRY: Singlet 
 CONVERGENCE THRESHOLDS:    1.00E-08 (Density)    1.00E-09 (Energy)
 MAX. NUMBER OF ITERATIONS:       60
 INTERPOLATION TYPE:            DIIS
 INTERPOLATION STEPS:              2 (START)      1 (STEP)
 LEVEL SHIFTS:                  0.00 (CLOSED)  0.00 (OPEN) 



 Orbital guess generated from atomic densities. Full valence occupancy:    9

 Molecular orbital dump at record        2101.2

 Initial occupancy:   5

 ITERATION    DDIFF          GRAD             ENERGY        2-EL.EN.            DIPOLE MOMENTS         DIIS   ORB.
    1      0.000D+00      0.000D+00       -40.19609782     53.506312    0.00412   -0.00276   -0.00131    0    start
    2      0.000D+00      0.217D-02       -40.21335218     52.217638    0.00129   -0.00088   -0.00039    1    diag
    3      0.114D-02      0.844D-03       -40.21562815     52.672099    0.00183   -0.00124   -0.00056    2    diag
    4      0.319D-03      0.211D-03       -40.21594762     52.617287    0.00162   -0.00110   -0.00049    3    diag
    5      0.120D-03      0.273D-04       -40.21595311     52.619435    0.00160   -0.00109   -0.00048    4    diag
    6      0.303D-04      0.223D-05       -40.21595315     52.619572    0.00160   -0.00109   -0.00048    5    diag
    7      0.402D-05      0.179D-06       -40.21595315     52.619533    0.00160   -0.00108   -0.00048    6    diag
    8      0.164D-06      0.144D-07       -40.21595315     52.619534    0.00160   -0.00108   -0.00048    7    diag
    9      0.600D-07      0.184D-08       -40.21595315     52.619534    0.00160   -0.00108   -0.00048    8    diag
   10      0.581D-08      0.503D-09       -40.21595315     52.619534    0.00160   -0.00108   -0.00048    0    orth

 Final occupancy:   5

 !RHF STATE 1.1 Energy                -40.215953150276
 Nuclear energy                        13.68681606
 One-electron energy                  -80.21253597
 Two-electron energy                   26.30976676
 Virial quotient                       -0.99838103
 !RHF STATE 1.1 Dipole moment           0.00159504    -0.00108412    -0.00048333
 Dipole moment /Debye                   0.00405393    -0.00275538    -0.00122841

 Orbital energies:

         1.1          2.1          3.1          4.1          5.1          6.1          7.1
    -11.196223    -0.950660    -0.551889    -0.549954    -0.547776     0.022380     0.035219

 HOMO      5.1    -0.547776 =     -14.9057eV
 LUMO      6.1     0.022380 =       0.6090eV
 LUMO-HOMO         0.570156 =      15.5147eV


 **********************************************************************************************************************************
 DATASETS  * FILE   NREC   LENGTH (MB)   RECORD NAMES
              1      19   110422.16       500      610      700      900      950      970     1000      129      960     1100   
                                          VAR    BASINP    GEOM    SYMINP    ZMAT    AOBASIS   BASIS     P2S    ABASIS      S 
                                         1400     1410     1200     1210     1080     1600     1650     1300     1700   
                                           T        V       H0       H01     AOSYM     SMH    MOLCAS    ERIS     OPER   

              2       6       29.55       200      700     1000      520     2100     2101   
                                        OPTIONS   GEOM     BASIS   MCVARS     RHF      RHF  

 PROGRAMS   *        TOTAL        HF       INT       MP3        HF       INT
 CPU TIMES  *      6131.55   1726.09      0.40   1102.42   2193.67   1108.80
 REAL TIME  *     15989.58 SEC
 DISK USED  *       303.72 GB      
 **********************************************************************************************************************************
 SETTING ESCF_A         =       -40.21595315  AU                              


 PROGRAM * MP3 (Closed-shell)     Authors: C. Hampel, H.-J. Werner, 1991, M. Deegan, P.J. Knowles, 1992


 Convergence thresholds:  THRVAR = 1.00D-08  THRDEN = 1.00D-08

 Number of core orbitals:           1 (   1 )
 Number of closed-shell orbitals:   4 (   4 )
 Number of external orbitals:     603 ( 603 )

 Molecular orbitals read from record     2101.2  Type=RHF/CANONICAL (state 1.1)

 Number of N-1 electron functions:               4
 Number of N-2 electron functions:              10
 Number of singly external CSFs:              2412
 Number of doubly external CSFs:           2910078
 Total number of CSFs:                     2912491

 Length of J-op  integral file:               0.00 MB
 Length of K-op  integral file:              25.46 MB

 Integral transformation finished. Total CPU: 179.74 sec, npass=  1  Memory used:  13.76 MW

 Reference energy:                    -40.21595315

                        CORR.ENERGY   TOTAL ENERGY   ENERGY CHANGE
 MP2:                   -0.21091519   -40.42686834    -0.21091519

 SCS-MP2 correlation energy:           -0.22047347   (PS=  1.200000  PT=  0.333333)
 SCS-MP2 total energy:                -40.43642662

 MP3(D):                -0.22651044   -40.44246359    -0.01559525



 RESULTS
 =======

  Reference energy                    -40.215953150276
  MP3 singlet pair energy              -0.169962168239
  MP3 triplet pair energy              -0.056548268192
  MP3 correlation energy               -0.226510436431

 !MP3 total energy                    -40.442463586707

 Timing summary (sec):

 STEP                 CPU(USER)    SYS     CPU(TOT)    WALL
 Transformation        180.40     98.98    279.38    296.87
 CCSD iterations       219.44     95.44    314.88    337.08

 Program statistics:

 Available memory in ccsd:             13999999836
 Min. memory needed in ccsd:              13202754
 Max. memory used in ccsd:                15360168
 Max. memory used in cckext:              10055753 ( 1 integral passes)



 **********************************************************************************************************************************
 DATASETS  * FILE   NREC   LENGTH (MB)   RECORD NAMES
              1      20   110472.52       500      610      700      900      950      970     1000      129      960     1100   
                                          VAR    BASINP    GEOM    SYMINP    ZMAT    AOBASIS   BASIS     P2S    ABASIS      S 
                                         1400     1410     1200     1210     1080     1600     1650     1300     1700     1380   
                                           T        V       H0       H01     AOSYM     SMH    MOLCAS    ERIS     OPER     JKOP   

              2       6       29.55       200      700     1000      520     2100     2101   
                                        OPTIONS   GEOM     BASIS   MCVARS     RHF      RHF  

 PROGRAMS   *        TOTAL       MP3        HF       INT       MP3        HF       INT
 CPU TIMES  *      6531.42    399.87   1726.09      0.40   1102.42   2193.67   1108.80
 REAL TIME  *     16623.73 SEC
 DISK USED  *       303.72 GB      
 **********************************************************************************************************************************
 SETTING EMP3_A         =       -40.44246359  AU                              
 SETTING EMP3_CORR_A    =        -0.22651044  AU                              

 Running procedure=SET_MONOMERB

 Dummy atoms: C1  H1  H2  H3  H4  O2  H7  H8


 Recomputing one-electron integrals since nuclear charges changed


 PROGRAM * SEWARD (Integral evaluation for generally contracted gaussian basis sets)     Author: Roland Lindh, 1990

 Geometry written to block  1 of record 700


 Point group  C1  



 ATOMIC COORDINATES

 NR  ATOM    CHARGE       X              Y              Z

   1  C1      0.00   -6.193010455    2.801518980    2.403542658
   2  H1      0.00   -4.656285171    1.699997622    3.119937832
   3  H2      0.00   -5.973046335    4.726205038    2.982932688
   4  H3      0.00   -7.940251230    2.077186956    3.118237078
   5  H4      0.00   -6.176569838    2.685300823    0.384937212
   6  O1      8.00  -12.400004884    5.677493169    4.606774346
   7  H5      1.00  -12.146781583    3.932709038    5.214888213
   8  H6      1.00  -11.104030708    6.694165824    5.446946581
   9  O2      0.00   -8.342762895    8.383580979    6.757282676
  10  H7      0.00   -7.349144898    9.034591629    5.278760956
  11  H8      0.00   -8.743006888    9.863803452    7.746365330

 Bond lengths in Bohr (Angstrom)

 1-2  2.021904040  1-3  2.022002335  1-4  2.021953343  1-5  2.022015060  6-7  1.864992273
     ( 1.069945541)     ( 1.069997556)     ( 1.069971630)     ( 1.070004290)     ( 0.986911409)

  6- 8  1.849070506   9-10  1.896606987   9-11  1.824702255
       ( 0.978485973)       ( 1.003641196)       ( 0.965590850)

 Bond angles

  2-1-3  109.53398059   2-1-4  109.65604535   2-1-5  108.43490854   3-1-4  109.49436728

  3- 1- 5  109.86987750   4- 1- 5  109.83468330   7- 6- 8  105.72790617  10- 9-11  105.01239280

 NUCLEAR CHARGE:                   10
 NUMBER OF PRIMITIVE AOS:         810
 NUMBER OF SYMMETRY AOS:          663
 NUMBER OF CONTRACTIONS:          608   ( 608A   )
 NUMBER OF CORE ORBITALS:           1   (   1A   )
 NUMBER OF VALENCE ORBITALS:        6   (   6A   )

 MOLECULE CHANGED: INITIALIZING OCCUPATION AND DUMP RECORDS


 NUCLEAR REPULSION ENERGY    8.95379726


 Eigenvalues of metric

         1 0.129E-04 0.166E-04 0.254E-04 0.282E-04 0.325E-04 0.412E-04 0.593E-04 0.672E-04


 Contracted 2-electron integrals neglected if value below      1.0D-19

 OPERATOR DM      FOR CENTER  0  COORDINATES:    0.000000    0.000000    0.000000


 **********************************************************************************************************************************
 DATASETS  * FILE   NREC   LENGTH (MB)   RECORD NAMES
              1      19   110422.16       500      610      700      900      950      970     1000      129      960     1100   
                                          VAR    BASINP    GEOM    SYMINP    ZMAT    AOBASIS   BASIS     P2S    ABASIS      S 
                                         1400     1410     1200     1210     1080     1600     1650     1300     1700   
                                           T        V       H0       H01     AOSYM     SMH    MOLCAS    ERIS     OPER   

              2       6       29.55       200      700     1000      520     2100     2101   
                                        OPTIONS   GEOM     BASIS   MCVARS     RHF      RHF  

 PROGRAMS   *        TOTAL       INT       MP3        HF       INT       MP3        HF       INT
 CPU TIMES  *      6531.84      0.42    399.87   1726.09      0.40   1102.42   2193.67   1108.80
 REAL TIME  *     16634.16 SEC
 DISK USED  *       303.72 GB      
 **********************************************************************************************************************************


 PROGRAM * RHF-SCF (CLOSED SHELL)       Authors: W. Meyer, H.-J. Werner


 NUMBER OF ELECTRONS:       5+    5-    SPACE SYMMETRY=1    SPIN SYMMETRY: Singlet 
 CONVERGENCE THRESHOLDS:    1.00E-08 (Density)    1.00E-09 (Energy)
 MAX. NUMBER OF ITERATIONS:       60
 INTERPOLATION TYPE:            DIIS
 INTERPOLATION STEPS:              2 (START)      1 (STEP)
 LEVEL SHIFTS:                  0.00 (CLOSED)  0.00 (OPEN) 



 Orbital guess generated from atomic densities. Full valence occupancy:    7

 Molecular orbital dump at record        2102.2

 Initial occupancy:   5

 ITERATION    DDIFF          GRAD             ENERGY        2-EL.EN.            DIPOLE MOMENTS         DIIS   ORB.
    1      0.000D+00      0.000D+00       -76.02437301     77.350387    0.79414   -0.37638    0.74315    0    start
    2      0.000D+00      0.395D-02       -76.05109835     73.681126    0.46047   -0.21534    0.43029    1    diag
    3      0.159D-02      0.252D-02       -76.06277216     75.312213    0.54381   -0.25495    0.50829    2    diag
    4      0.608D-03      0.236D-03       -76.06296877     75.220747    0.54047   -0.25280    0.50504    3    diag
    5      0.750D-04      0.664D-04       -76.06299029     75.235149    0.53923   -0.25197    0.50382    4    diag
    6      0.238D-04      0.133D-04       -76.06299171     75.234083    0.53895   -0.25176    0.50354    5    diag
    7      0.630D-05      0.271D-05       -76.06299178     75.234234    0.53886   -0.25169    0.50345    6    diag
    8      0.175D-05      0.510D-06       -76.06299178     75.234218    0.53883   -0.25168    0.50342    7    diag
    9      0.304D-06      0.695D-07       -76.06299178     75.234209    0.53882   -0.25167    0.50342    8    diag
   10      0.368D-07      0.159D-07       -76.06299178     75.234212    0.53882   -0.25167    0.50342    9    orth
   11      0.967D-08      0.272D-08       -76.06299178     75.234212    0.53882   -0.25167    0.50342    0    orth

 Final occupancy:   5

 !RHF STATE 1.1 Energy                -76.062991780460
 Nuclear energy                         8.95379726
 One-electron energy                 -122.63389481
 Two-electron energy                   37.61710577
 Virial quotient                       -1.00220553
 !RHF STATE 1.1 Dipole moment           0.53882297    -0.25167463     0.50341960
 Dipole moment /Debye                   1.36946167    -0.63965121     1.27948119

 Orbital energies:

         1.1          2.1          3.1          4.1          5.1          6.1          7.1
    -20.568530    -1.339252    -0.706264    -0.577726    -0.508071     0.015540     0.030828

 HOMO      5.1    -0.508071 =     -13.8253eV
 LUMO      6.1     0.015540 =       0.4229eV
 LUMO-HOMO         0.523611 =      14.2482eV


 **********************************************************************************************************************************
 DATASETS  * FILE   NREC   LENGTH (MB)   RECORD NAMES
              1      19   110422.16       500      610      700      900      950      970     1000      129      960     1100   
                                          VAR    BASINP    GEOM    SYMINP    ZMAT    AOBASIS   BASIS     P2S    ABASIS      S 
                                         1400     1410     1200     1210     1080     1600     1650     1300     1700   
                                           T        V       H0       H01     AOSYM     SMH    MOLCAS    ERIS     OPER   

              2       7       46.85       200      700     1000      520     2100     2101     2102   
                                        OPTIONS   GEOM     BASIS   MCVARS     RHF      RHF      RHF  

 PROGRAMS   *        TOTAL        HF       INT       MP3        HF       INT       MP3        HF       INT
 CPU TIMES  *      8412.95   1881.10      0.42    399.87   1726.09      0.40   1102.42   2193.67   1108.80
 REAL TIME  *     20113.14 SEC
 DISK USED  *       303.72 GB      
 **********************************************************************************************************************************
 SETTING ESCF_B         =       -76.06299178  AU                              


 PROGRAM * MP3 (Closed-shell)     Authors: C. Hampel, H.-J. Werner, 1991, M. Deegan, P.J. Knowles, 1992


 Convergence thresholds:  THRVAR = 1.00D-08  THRDEN = 1.00D-08

 Number of core orbitals:           1 (   1 )
 Number of closed-shell orbitals:   4 (   4 )
 Number of external orbitals:     603 ( 603 )

 Molecular orbitals read from record     2102.2  Type=RHF/CANONICAL (state 1.1)

 Number of N-1 electron functions:               4
 Number of N-2 electron functions:              10
 Number of singly external CSFs:              2412
 Number of doubly external CSFs:           2910078
 Total number of CSFs:                     2912491

 Length of J-op  integral file:               0.00 MB
 Length of K-op  integral file:              25.46 MB

 Integral transformation finished. Total CPU: 180.35 sec, npass=  1  Memory used:  13.76 MW

 Reference energy:                    -76.06299178

                        CORR.ENERGY   TOTAL ENERGY   ENERGY CHANGE
 MP2:                   -0.28796063   -76.35095241    -0.28796063

 SCS-MP2 correlation energy:           -0.28692090   (PS=  1.200000  PT=  0.333333)
 SCS-MP2 total energy:                -76.34991268

 MP3(D):                -0.28821231   -76.35120409    -0.00025168



 RESULTS
 =======

  Reference energy                    -76.062991780460
  MP3 singlet pair energy              -0.196157179042
  MP3 triplet pair energy              -0.092055127261
  MP3 correlation energy               -0.288212306303

 !MP3 total energy                    -76.351204086763

 Timing summary (sec):

 STEP                 CPU(USER)    SYS     CPU(TOT)    WALL
 Transformation        181.04     99.95    280.99    349.90
 CCSD iterations       219.64     97.74    317.38    349.91

 Program statistics:

 Available memory in ccsd:             13999999836
 Min. memory needed in ccsd:              13202754
 Max. memory used in ccsd:                15360168
 Max. memory used in cckext:              10055753 ( 1 integral passes)



 **********************************************************************************************************************************
 DATASETS  * FILE   NREC   LENGTH (MB)   RECORD NAMES
              1      20   110472.52       500      610      700      900      950      970     1000      129      960     1100   
                                          VAR    BASINP    GEOM    SYMINP    ZMAT    AOBASIS   BASIS     P2S    ABASIS      S 
                                         1400     1410     1200     1210     1080     1600     1650     1300     1700     1380   
                                           T        V       H0       H01     AOSYM     SMH    MOLCAS    ERIS     OPER     JKOP   

              2       7       46.85       200      700     1000      520     2100     2101     2102   
                                        OPTIONS   GEOM     BASIS   MCVARS     RHF      RHF      RHF  

 PROGRAMS   *        TOTAL       MP3        HF       INT       MP3        HF       INT       MP3        HF       INT
 CPU TIMES  *      8813.68    400.74   1881.10      0.42    399.87   1726.09      0.40   1102.42   2193.67   1108.80
 REAL TIME  *     20813.23 SEC
 DISK USED  *       303.72 GB      
 **********************************************************************************************************************************
 SETTING EMP3_B         =       -76.35120409  AU                              
 SETTING EMP3_CORR_B    =        -0.28821231  AU                              

 Running procedure=SET_MONOMERC

 Dummy atoms: C1  H1  H2  H3  H4  O1  H5  H6


 Recomputing one-electron integrals since nuclear charges changed


 PROGRAM * SEWARD (Integral evaluation for generally contracted gaussian basis sets)     Author: Roland Lindh, 1990

 Geometry written to block  1 of record 700


 Point group  C1  



 ATOMIC COORDINATES

 NR  ATOM    CHARGE       X              Y              Z

   1  C1      0.00   -6.193010455    2.801518980    2.403542658
   2  H1      0.00   -4.656285171    1.699997622    3.119937832
   3  H2      0.00   -5.973046335    4.726205038    2.982932688
   4  H3      0.00   -7.940251230    2.077186956    3.118237078
   5  H4      0.00   -6.176569838    2.685300823    0.384937212
   6  O1      0.00  -12.400004884    5.677493169    4.606774346
   7  H5      0.00  -12.146781583    3.932709038    5.214888213
   8  H6      0.00  -11.104030708    6.694165824    5.446946581
   9  O2      8.00   -8.342762895    8.383580979    6.757282676
  10  H7      1.00   -7.349144898    9.034591629    5.278760956
  11  H8      1.00   -8.743006888    9.863803452    7.746365330

 Bond lengths in Bohr (Angstrom)

 1-2  2.021904040  1-3  2.022002335  1-4  2.021953343  1-5  2.022015060  6-7  1.864992273
     ( 1.069945541)     ( 1.069997556)     ( 1.069971630)     ( 1.070004290)     ( 0.986911409)

  6- 8  1.849070506   9-10  1.896606987   9-11  1.824702255
       ( 0.978485973)       ( 1.003641196)       ( 0.965590850)

 Bond angles

  2-1-3  109.53398059   2-1-4  109.65604535   2-1-5  108.43490854   3-1-4  109.49436728

  3- 1- 5  109.86987750   4- 1- 5  109.83468330   7- 6- 8  105.72790617  10- 9-11  105.01239280

 NUCLEAR CHARGE:                   10
 NUMBER OF PRIMITIVE AOS:         810
 NUMBER OF SYMMETRY AOS:          663
 NUMBER OF CONTRACTIONS:          608   ( 608A   )
 NUMBER OF CORE ORBITALS:           1   (   1A   )
 NUMBER OF VALENCE ORBITALS:        6   (   6A   )

 MOLECULE CHANGED: INITIALIZING OCCUPATION AND DUMP RECORDS


 NUCLEAR REPULSION ENERGY    8.94098799


 Eigenvalues of metric

         1 0.129E-04 0.166E-04 0.254E-04 0.282E-04 0.325E-04 0.412E-04 0.593E-04 0.672E-04


 Contracted 2-electron integrals neglected if value below      1.0D-19

 OPERATOR DM      FOR CENTER  0  COORDINATES:    0.000000    0.000000    0.000000


 **********************************************************************************************************************************
 DATASETS  * FILE   NREC   LENGTH (MB)   RECORD NAMES
              1      19   110422.16       500      610      700      900      950      970     1000      129      960     1100   
                                          VAR    BASINP    GEOM    SYMINP    ZMAT    AOBASIS   BASIS     P2S    ABASIS      S 
                                         1400     1410     1200     1210     1080     1600     1650     1300     1700   
                                           T        V       H0       H01     AOSYM     SMH    MOLCAS    ERIS     OPER   

              2       7       46.85       200      700     1000      520     2100     2101     2102   
                                        OPTIONS   GEOM     BASIS   MCVARS     RHF      RHF      RHF  

 PROGRAMS   *        TOTAL       INT       MP3        HF       INT       MP3        HF       INT       MP3        HF       INT
 CPU TIMES  *      8814.09      0.41    400.74   1881.10      0.42    399.87   1726.09      0.40   1102.42   2193.67   1108.80
 REAL TIME  *     20814.01 SEC
 DISK USED  *       303.72 GB      
 **********************************************************************************************************************************


 PROGRAM * RHF-SCF (CLOSED SHELL)       Authors: W. Meyer, H.-J. Werner


 NUMBER OF ELECTRONS:       5+    5-    SPACE SYMMETRY=1    SPIN SYMMETRY: Singlet 
 CONVERGENCE THRESHOLDS:    1.00E-08 (Density)    1.00E-09 (Energy)
 MAX. NUMBER OF ITERATIONS:       60
 INTERPOLATION TYPE:            DIIS
 INTERPOLATION STEPS:              2 (START)      1 (STEP)
 LEVEL SHIFTS:                  0.00 (CLOSED)  0.00 (OPEN) 



 Orbital guess generated from atomic densities. Full valence occupancy:    7

 Molecular orbital dump at record        2103.2

 Initial occupancy:   5

 ITERATION    DDIFF          GRAD             ENERGY        2-EL.EN.            DIPOLE MOMENTS         DIIS   ORB.
    1      0.000D+00      0.000D+00       -76.02324610     77.331567    0.31040    1.08932   -0.26172    0    start
    2      0.000D+00      0.395D-02       -76.05009718     73.648586    0.17332    0.63104   -0.14089    1    diag
    3      0.162D-02      0.254D-02       -76.06190894     75.287910    0.20642    0.74633   -0.16902    2    diag
    4      0.614D-03      0.237D-03       -76.06210886     75.196344    0.20390    0.74203   -0.16587    3    diag
    5      0.773D-04      0.674D-04       -76.06213129     75.210987    0.20291    0.74045   -0.16460    4    diag
    6      0.244D-04      0.137D-04       -76.06213280     75.209878    0.20263    0.74011   -0.16422    5    diag
    7      0.633D-05      0.281D-05       -76.06213288     75.210027    0.20255    0.73999   -0.16411    6    diag
    8      0.180D-05      0.518D-06       -76.06213288     75.210010    0.20253    0.73996   -0.16409    7    diag
    9      0.314D-06      0.712D-07       -76.06213288     75.210001    0.20253    0.73995   -0.16409    8    diag
   10      0.390D-07      0.172D-07       -76.06213288     75.210004    0.20253    0.73995   -0.16409    9    orth
   11      0.105D-07      0.410D-08       -76.06213288     75.210004    0.20253    0.73995   -0.16409    9    diag
   12      0.265D-08      0.797D-09       -76.06213288     75.210004    0.20253    0.73995   -0.16409    0    orth

 Final occupancy:   5

 !RHF STATE 1.1 Energy                -76.062132880843
 Nuclear energy                         8.94098799
 One-electron energy                 -122.60812267
 Two-electron energy                   37.60500180
 Virial quotient                       -1.00223951
 !RHF STATE 1.1 Dipole moment           0.20252784     0.73995229    -0.16408989
 Dipole moment /Debye                   0.51474070     1.88064795    -0.41704758

 Orbital energies:

         1.1          2.1          3.1          4.1          5.1          6.1          7.1
    -20.569106    -1.339112    -0.704062    -0.578605    -0.508175     0.019948     0.031886

 HOMO      5.1    -0.508175 =     -13.8281eV
 LUMO      6.1     0.019948 =       0.5428eV
 LUMO-HOMO         0.528123 =      14.3710eV


 **********************************************************************************************************************************
 DATASETS  * FILE   NREC   LENGTH (MB)   RECORD NAMES
              1      19   110422.16       500      610      700      900      950      970     1000      129      960     1100   
                                          VAR    BASINP    GEOM    SYMINP    ZMAT    AOBASIS   BASIS     P2S    ABASIS      S 
                                         1400     1410     1200     1210     1080     1600     1650     1300     1700   
                                           T        V       H0       H01     AOSYM     SMH    MOLCAS    ERIS     OPER   

              2       8       64.16       200      700     1000      520     2100     2101     2102     2103   
                                        OPTIONS   GEOM     BASIS   MCVARS     RHF      RHF      RHF      RHF  

 PROGRAMS   *        TOTAL        HF       INT       MP3        HF       INT       MP3        HF       INT       MP3        HF
 CPU TIMES  *     10854.06   2039.97      0.41    400.74   1881.10      0.42    399.87   1726.09      0.40   1102.42   2193.67
 REAL TIME  *     24627.21 SEC
 DISK USED  *       303.72 GB      
 **********************************************************************************************************************************
 SETTING ESCF_C         =       -76.06213288  AU                              


 PROGRAM * MP3 (Closed-shell)     Authors: C. Hampel, H.-J. Werner, 1991, M. Deegan, P.J. Knowles, 1992


 Convergence thresholds:  THRVAR = 1.00D-08  THRDEN = 1.00D-08

 Number of core orbitals:           1 (   1 )
 Number of closed-shell orbitals:   4 (   4 )
 Number of external orbitals:     603 ( 603 )

 Molecular orbitals read from record     2103.2  Type=RHF/CANONICAL (state 1.1)

 Number of N-1 electron functions:               4
 Number of N-2 electron functions:              10
 Number of singly external CSFs:              2412
 Number of doubly external CSFs:           2910078
 Total number of CSFs:                     2912491

 Length of J-op  integral file:               0.00 MB
 Length of K-op  integral file:              25.46 MB

 Integral transformation finished. Total CPU: 180.61 sec, npass=  1  Memory used:  13.76 MW

 Reference energy:                    -76.06213288

                        CORR.ENERGY   TOTAL ENERGY   ENERGY CHANGE
 MP2:                   -0.28826167   -76.35039455    -0.28826167

 SCS-MP2 correlation energy:           -0.28723946   (PS=  1.200000  PT=  0.333333)
 SCS-MP2 total energy:                -76.34937234

 MP3(D):                -0.28843035   -76.35056323    -0.00016868



 RESULTS
 =======

  Reference energy                    -76.062132880844
  MP3 singlet pair energy              -0.196347903763
  MP3 triplet pair energy              -0.092082445444
  MP3 correlation energy               -0.288430349207

 !MP3 total energy                    -76.350563230051

 Timing summary (sec):

 STEP                 CPU(USER)    SYS     CPU(TOT)    WALL
 Transformation        181.26     99.98    281.24    394.75
 CCSD iterations       220.21     95.99    316.20    493.22

 Program statistics:

 Available memory in ccsd:             13999999836
 Min. memory needed in ccsd:              13202754
 Max. memory used in ccsd:                15360168
 Max. memory used in cckext:              10055753 ( 1 integral passes)



 **********************************************************************************************************************************
 DATASETS  * FILE   NREC   LENGTH (MB)   RECORD NAMES
              1      20   110472.52       500      610      700      900      950      970     1000      129      960     1100   
                                          VAR    BASINP    GEOM    SYMINP    ZMAT    AOBASIS   BASIS     P2S    ABASIS      S 
                                         1400     1410     1200     1210     1080     1600     1650     1300     1700     1380   
                                           T        V       H0       H01     AOSYM     SMH    MOLCAS    ERIS     OPER     JKOP   

              2       8       64.16       200      700     1000      520     2100     2101     2102     2103   
                                        OPTIONS   GEOM     BASIS   MCVARS     RHF      RHF      RHF      RHF  

 PROGRAMS   *        TOTAL       MP3        HF       INT       MP3        HF       INT       MP3        HF       INT       MP3
 CPU TIMES  *     11255.57    401.51   2039.97      0.41    400.74   1881.10      0.42    399.87   1726.09      0.40   1102.42
 REAL TIME  *     25524.22 SEC
 DISK USED  *       303.72 GB      
 **********************************************************************************************************************************
 SETTING EMP3_C         =       -76.35056323  AU                              
 SETTING EMP3_CORR_C    =        -0.28843035  AU                              

 Running procedure=SET_DIMERAB

 Dummy atoms: O2  H7  H8


 Recomputing one-electron integrals since nuclear charges changed


 PROGRAM * SEWARD (Integral evaluation for generally contracted gaussian basis sets)     Author: Roland Lindh, 1990

 Geometry written to block  1 of record 700


 Point group  C1  



 ATOMIC COORDINATES

 NR  ATOM    CHARGE       X              Y              Z

   1  C1      6.00   -6.193010455    2.801518980    2.403542658
   2  H1      1.00   -4.656285171    1.699997622    3.119937832
   3  H2      1.00   -5.973046335    4.726205038    2.982932688
   4  H3      1.00   -7.940251230    2.077186956    3.118237078
   5  H4      1.00   -6.176569838    2.685300823    0.384937212
   6  O1      8.00  -12.400004884    5.677493169    4.606774346
   7  H5      1.00  -12.146781583    3.932709038    5.214888213
   8  H6      1.00  -11.104030708    6.694165824    5.446946581
   9  O2      0.00   -8.342762895    8.383580979    6.757282676
  10  H7      0.00   -7.349144898    9.034591629    5.278760956
  11  H8      0.00   -8.743006888    9.863803452    7.746365330

 Bond lengths in Bohr (Angstrom)

 1-2  2.021904040  1-3  2.022002335  1-4  2.021953343  1-5  2.022015060  6-7  1.864992273
     ( 1.069945541)     ( 1.069997556)     ( 1.069971630)     ( 1.070004290)     ( 0.986911409)

  6- 8  1.849070506   9-10  1.896606987   9-11  1.824702255
       ( 0.978485973)       ( 1.003641196)       ( 0.965590850)

 Bond angles

  2-1-3  109.53398059   2-1-4  109.65604535   2-1-5  108.43490854   3-1-4  109.49436728

  3- 1- 5  109.86987750   4- 1- 5  109.83468330   7- 6- 8  105.72790617  10- 9-11  105.01239280

 NUCLEAR CHARGE:                   20
 NUMBER OF PRIMITIVE AOS:         810
 NUMBER OF SYMMETRY AOS:          663
 NUMBER OF CONTRACTIONS:          608   ( 608A   )
 NUMBER OF CORE ORBITALS:           2   (   2A   )
 NUMBER OF VALENCE ORBITALS:       14   (  14A   )

 MOLECULE CHANGED: INITIALIZING OCCUPATION AND DUMP RECORDS


 NUCLEAR REPULSION ENERGY   36.69183171


 Eigenvalues of metric

         1 0.129E-04 0.166E-04 0.254E-04 0.282E-04 0.325E-04 0.412E-04 0.593E-04 0.672E-04


 Contracted 2-electron integrals neglected if value below      1.0D-19

 OPERATOR DM      FOR CENTER  0  COORDINATES:    0.000000    0.000000    0.000000


 **********************************************************************************************************************************
 DATASETS  * FILE   NREC   LENGTH (MB)   RECORD NAMES
              1      19   110422.16       500      610      700      900      950      970     1000      129      960     1100   
                                          VAR    BASINP    GEOM    SYMINP    ZMAT    AOBASIS   BASIS     P2S    ABASIS      S 
                                         1400     1410     1200     1210     1080     1600     1650     1300     1700   
                                           T        V       H0       H01     AOSYM     SMH    MOLCAS    ERIS     OPER   

              2       8       64.16       200      700     1000      520     2100     2101     2102     2103   
                                        OPTIONS   GEOM     BASIS   MCVARS     RHF      RHF      RHF      RHF  

 PROGRAMS   *        TOTAL       INT       MP3        HF       INT       MP3        HF       INT       MP3        HF       INT
 CPU TIMES  *     11255.98      0.40    401.51   2039.97      0.41    400.74   1881.10      0.42    399.87   1726.09      0.40
 REAL TIME  *     25525.18 SEC
 DISK USED  *       303.72 GB      
 **********************************************************************************************************************************


 PROGRAM * RHF-SCF (CLOSED SHELL)       Authors: W. Meyer, H.-J. Werner


 NUMBER OF ELECTRONS:      10+   10-    SPACE SYMMETRY=1    SPIN SYMMETRY: Singlet 
 CONVERGENCE THRESHOLDS:    1.00E-08 (Density)    1.00E-09 (Energy)
 MAX. NUMBER OF ITERATIONS:       60
 INTERPOLATION TYPE:            DIIS
 INTERPOLATION STEPS:              2 (START)      1 (STEP)
 LEVEL SHIFTS:                  0.00 (CLOSED)  0.00 (OPEN) 



 Orbital guess generated from atomic densities. Full valence occupancy:   16

 Molecular orbital dump at record        2104.2

 Initial occupancy:  10

 ITERATION    DDIFF          GRAD             ENERGY        2-EL.EN.            DIPOLE MOMENTS         DIIS   ORB.
    1      0.000D+00      0.000D+00      -116.21960786    158.815398    0.79895   -0.37767    0.73996    0    start
    2      0.000D+00      0.320D-02      -116.26382778    153.969044    0.47200   -0.20996    0.38284    1    diag
    3      0.196D-02      0.188D-02      -116.27749990    156.002126    0.55485   -0.25174    0.47551    2    diag
    4      0.684D-03      0.281D-03      -116.27816845    155.889906    0.54663   -0.24776    0.46948    3    diag
    5      0.147D-03      0.824D-04      -116.27823858    155.884409    0.54647   -0.24766    0.46893    4    diag
    6      0.594D-04      0.200D-04      -116.27824249    155.890143    0.54593   -0.24748    0.46837    5    diag
    7      0.162D-04      0.400D-05      -116.27824272    155.888458    0.54594   -0.24749    0.46839    6    diag
    8      0.468D-05      0.103D-05      -116.27824274    155.888636    0.54590   -0.24748    0.46834    7    diag
    9      0.101D-05      0.240D-06      -116.27824274    155.888608    0.54588   -0.24747    0.46832    8    diag
   10      0.295D-06      0.290D-07      -116.27824274    155.888609    0.54588   -0.24747    0.46832    9    orth
   11      0.319D-07      0.730D-08      -116.27824274    155.888610    0.54588   -0.24747    0.46832    9    diag
   12      0.682D-08      0.204D-08      -116.27824274    155.888610    0.54588   -0.24747    0.46832    0    orth

 Final occupancy:  10

 !RHF STATE 1.1 Energy               -116.278242738256
 Nuclear energy                        36.69183171
 One-electron energy                 -230.91437969
 Two-electron energy                   77.94430523
 Virial quotient                       -1.00084006
 !RHF STATE 1.1 Dipole moment           0.54588075    -0.24746973     0.46832032
 Dipole moment /Debye                   1.38739959    -0.62896411     1.19027356

 Orbital energies:

         1.1          2.1          3.1          4.1          5.1          6.1          7.1          8.1          9.1         10.1
    -20.567584   -11.200259    -1.338587    -0.954579    -0.705695    -0.577837    -0.556117    -0.554320    -0.551210    -0.506696

        11.1         12.1
      0.019781     0.033489

 HOMO     10.1    -0.506696 =     -13.7879eV
 LUMO     11.1     0.019781 =       0.5383eV
 LUMO-HOMO         0.526477 =      14.3262eV


 **********************************************************************************************************************************
 DATASETS  * FILE   NREC   LENGTH (MB)   RECORD NAMES
              1      19   110422.16       500      610      700      900      950      970     1000      129      960     1100   
                                          VAR    BASINP    GEOM    SYMINP    ZMAT    AOBASIS   BASIS     P2S    ABASIS      S 
                                         1400     1410     1200     1210     1080     1600     1650     1300     1700   
                                           T        V       H0       H01     AOSYM     SMH    MOLCAS    ERIS     OPER   

              2       9       81.47       200      700     1000      520     2100     2101     2102     2103     2104   
                                        OPTIONS   GEOM     BASIS   MCVARS     RHF      RHF      RHF      RHF      RHF  

 PROGRAMS   *        TOTAL        HF       INT       MP3        HF       INT       MP3        HF       INT       MP3        HF
 CPU TIMES  *     13295.25   2039.27      0.40    401.51   2039.97      0.41    400.74   1881.10      0.42    399.87   1726.09
 REAL TIME  *     29475.48 SEC
 DISK USED  *       303.72 GB      
 **********************************************************************************************************************************
 SETTING ESCF_AB        =      -116.27824274  AU                              


 PROGRAM * MP3 (Closed-shell)     Authors: C. Hampel, H.-J. Werner, 1991, M. Deegan, P.J. Knowles, 1992


 Convergence thresholds:  THRVAR = 1.00D-08  THRDEN = 1.00D-08

 Number of core orbitals:           2 (   2 )
 Number of closed-shell orbitals:   8 (   8 )
 Number of external orbitals:     598 ( 598 )

 Molecular orbitals read from record     2104.2  Type=RHF/CANONICAL (state 1.1)

 Number of N-1 electron functions:               8
 Number of N-2 electron functions:              36
 Number of singly external CSFs:              4784
 Number of doubly external CSFs:          11445720
 Total number of CSFs:                    11450505

 Length of J-op  integral file:               0.00 MB
 Length of K-op  integral file:              25.46 MB

 Integral transformation finished. Total CPU: 258.62 sec, npass=  1  Memory used:  30.42 MW

 Reference energy:                   -116.27824274

                        CORR.ENERGY   TOTAL ENERGY   ENERGY CHANGE
 MP2:                   -0.49966241  -116.77790515    -0.49966241

 SCS-MP2 correlation energy:           -0.50801128   (PS=  1.200000  PT=  0.333333)
 SCS-MP2 total energy:               -116.78625402

 MP3(D):                -0.51556531  -116.79380804    -0.01590290



 RESULTS
 =======

  Reference energy                   -116.278242738256
  MP3 singlet pair energy              -0.366340841543
  MP3 triplet pair energy              -0.149224464130
  MP3 correlation energy               -0.515565305673

 !MP3 total energy                   -116.793808043929

 Timing summary (sec):

 STEP                 CPU(USER)    SYS     CPU(TOT)    WALL
 Transformation        260.78    101.96    362.74    450.20
 CCSD iterations       402.99     99.62    502.61    588.41

 Program statistics:

 Available memory in ccsd:             13999999644
 Min. memory needed in ccsd:              33339481
 Max. memory used in ccsd:                43277361
 Max. memory used in cckext:              29398049 ( 1 integral passes)



 **********************************************************************************************************************************
 DATASETS  * FILE   NREC   LENGTH (MB)   RECORD NAMES
              1      20   110588.05       500      610      700      900      950      970     1000      129      960     1100   
                                          VAR    BASINP    GEOM    SYMINP    ZMAT    AOBASIS   BASIS     P2S    ABASIS      S 
                                         1400     1410     1200     1210     1080     1600     1650     1300     1700     1380   
                                           T        V       H0       H01     AOSYM     SMH    MOLCAS    ERIS     OPER     JKOP   

              2       9       81.47       200      700     1000      520     2100     2101     2102     2103     2104   
                                        OPTIONS   GEOM     BASIS   MCVARS     RHF      RHF      RHF      RHF      RHF  

 PROGRAMS   *        TOTAL       MP3        HF       INT       MP3        HF       INT       MP3        HF       INT       MP3
 CPU TIMES  *     13959.05    663.80   2039.27      0.40    401.51   2039.97      0.41    400.74   1881.10      0.42    399.87
 REAL TIME  *     30514.54 SEC
 DISK USED  *       303.72 GB      
 **********************************************************************************************************************************
 SETTING EMP3_AB        =      -116.79380804  AU                              
 SETTING EMP3_CORR_AB   =        -0.51556531  AU                              

 Running procedure=SET_DIMERAC

 Dummy atoms: O1  H5  H6


 Recomputing one-electron integrals since nuclear charges changed


 PROGRAM * SEWARD (Integral evaluation for generally contracted gaussian basis sets)     Author: Roland Lindh, 1990

 Geometry written to block  1 of record 700


 Point group  C1  



 ATOMIC COORDINATES

 NR  ATOM    CHARGE       X              Y              Z

   1  C1      6.00   -6.193010455    2.801518980    2.403542658
   2  H1      1.00   -4.656285171    1.699997622    3.119937832
   3  H2      1.00   -5.973046335    4.726205038    2.982932688
   4  H3      1.00   -7.940251230    2.077186956    3.118237078
   5  H4      1.00   -6.176569838    2.685300823    0.384937212
   6  O1      0.00  -12.400004884    5.677493169    4.606774346
   7  H5      0.00  -12.146781583    3.932709038    5.214888213
   8  H6      0.00  -11.104030708    6.694165824    5.446946581
   9  O2      8.00   -8.342762895    8.383580979    6.757282676
  10  H7      1.00   -7.349144898    9.034591629    5.278760956
  11  H8      1.00   -8.743006888    9.863803452    7.746365330

 Bond lengths in Bohr (Angstrom)

 1-2  2.021904040  1-3  2.022002335  1-4  2.021953343  1-5  2.022015060  6-7  1.864992273
     ( 1.069945541)     ( 1.069997556)     ( 1.069971630)     ( 1.070004290)     ( 0.986911409)

  6- 8  1.849070506   9-10  1.896606987   9-11  1.824702255
       ( 0.978485973)       ( 1.003641196)       ( 0.965590850)

 Bond angles

  2-1-3  109.53398059   2-1-4  109.65604535   2-1-5  108.43490854   3-1-4  109.49436728

  3- 1- 5  109.86987750   4- 1- 5  109.83468330   7- 6- 8  105.72790617  10- 9-11  105.01239280

 NUCLEAR CHARGE:                   20
 NUMBER OF PRIMITIVE AOS:         810
 NUMBER OF SYMMETRY AOS:          663
 NUMBER OF CONTRACTIONS:          608   ( 608A   )
 NUMBER OF CORE ORBITALS:           2   (   2A   )
 NUMBER OF VALENCE ORBITALS:       14   (  14A   )

 MOLECULE CHANGED: INITIALIZING OCCUPATION AND DUMP RECORDS


 NUCLEAR REPULSION ENERGY   35.98231600


 Eigenvalues of metric

         1 0.129E-04 0.166E-04 0.254E-04 0.282E-04 0.325E-04 0.412E-04 0.593E-04 0.672E-04


 Contracted 2-electron integrals neglected if value below      1.0D-19

 OPERATOR DM      FOR CENTER  0  COORDINATES:    0.000000    0.000000    0.000000


 **********************************************************************************************************************************
 DATASETS  * FILE   NREC   LENGTH (MB)   RECORD NAMES
              1      19   110422.16       500      610      700      900      950      970     1000      129      960     1100   
                                          VAR    BASINP    GEOM    SYMINP    ZMAT    AOBASIS   BASIS     P2S    ABASIS      S 
                                         1400     1410     1200     1210     1080     1600     1650     1300     1700   
                                           T        V       H0       H01     AOSYM     SMH    MOLCAS    ERIS     OPER   

              2       9       81.47       200      700     1000      520     2100     2101     2102     2103     2104   
                                        OPTIONS   GEOM     BASIS   MCVARS     RHF      RHF      RHF      RHF      RHF  

 PROGRAMS   *        TOTAL       INT       MP3        HF       INT       MP3        HF       INT       MP3        HF       INT
 CPU TIMES  *     13959.46      0.41    663.80   2039.27      0.40    401.51   2039.97      0.41    400.74   1881.10      0.42
 REAL TIME  *     30515.48 SEC
 DISK USED  *       303.72 GB      
 **********************************************************************************************************************************


 PROGRAM * RHF-SCF (CLOSED SHELL)       Authors: W. Meyer, H.-J. Werner


 NUMBER OF ELECTRONS:      10+   10-    SPACE SYMMETRY=1    SPIN SYMMETRY: Singlet 
 CONVERGENCE THRESHOLDS:    1.00E-08 (Density)    1.00E-09 (Energy)
 MAX. NUMBER OF ITERATIONS:       60
 INTERPOLATION TYPE:            DIIS
 INTERPOLATION STEPS:              2 (START)      1 (STEP)
 LEVEL SHIFTS:                  0.00 (CLOSED)  0.00 (OPEN) 



 Orbital guess generated from atomic densities. Full valence occupancy:   16

 Molecular orbital dump at record        2105.2

 Initial occupancy:  10

 ITERATION    DDIFF          GRAD             ENERGY        2-EL.EN.            DIPOLE MOMENTS         DIIS   ORB.
    1      0.000D+00      0.000D+00      -116.21854874    157.692671    0.31327    1.08530   -0.26150    0    start
    2      0.000D+00      0.321D-02      -116.26294999    152.635678    0.14454    0.62221   -0.09851    1    diag
    3      0.198D-02      0.190D-02      -116.27686825    154.738933    0.18674    0.74077   -0.13917    2    diag
    4      0.690D-03      0.281D-03      -116.27753761    154.625486    0.18321    0.73023   -0.13582    3    diag
    5      0.148D-03      0.829D-04      -116.27760846    154.620942    0.18256    0.72996   -0.13498    4    diag
    6      0.597D-04      0.201D-04      -116.27761241    154.626605    0.18228    0.72922   -0.13466    5    diag
    7      0.162D-04      0.405D-05      -116.27761265    154.624999    0.18226    0.72924   -0.13463    6    diag
    8      0.471D-05      0.105D-05      -116.27761267    154.625179    0.18223    0.72918   -0.13458    7    diag
    9      0.103D-05      0.246D-06      -116.27761267    154.625151    0.18222    0.72916   -0.13457    8    diag
   10      0.310D-06      0.283D-07      -116.27761267    154.625152    0.18222    0.72916   -0.13457    9    orth
   11      0.316D-07      0.662D-08      -116.27761267    154.625153    0.18222    0.72916   -0.13457    9    diag
   12      0.746D-08      0.176D-08      -116.27761267    154.625153    0.18222    0.72916   -0.13457    0    orth

 Final occupancy:  10

 !RHF STATE 1.1 Energy               -116.277612671267
 Nuclear energy                        35.98231600
 One-electron energy                 -229.57250509
 Two-electron energy                   77.31257643
 Virial quotient                       -1.00088003
 !RHF STATE 1.1 Dipole moment           0.18221897     0.72916025    -0.13457023
 Dipole moment /Debye                   0.46312410     1.85321911    -0.34202100

 Orbital energies:

         1.1          2.1          3.1          4.1          5.1          6.1          7.1          8.1          9.1         10.1
    -20.569577   -11.191394    -1.339688    -0.945648    -0.704927    -0.579293    -0.546455    -0.544925    -0.543096    -0.508674

        11.1         12.1
      0.022854     0.034860

 HOMO     10.1    -0.508674 =     -13.8417eV
 LUMO     11.1     0.022854 =       0.6219eV
 LUMO-HOMO         0.531528 =      14.4636eV


 **********************************************************************************************************************************
 DATASETS  * FILE   NREC   LENGTH (MB)   RECORD NAMES
              1      19   110422.16       500      610      700      900      950      970     1000      129      960     1100   
                                          VAR    BASINP    GEOM    SYMINP    ZMAT    AOBASIS   BASIS     P2S    ABASIS      S 
                                         1400     1410     1200     1210     1080     1600     1650     1300     1700   
                                           T        V       H0       H01     AOSYM     SMH    MOLCAS    ERIS     OPER   

              2      10       98.78       200      700     1000      520     2100     2101     2102     2103     2104     2105   
                                        OPTIONS   GEOM     BASIS   MCVARS     RHF      RHF      RHF      RHF      RHF      RHF  

 PROGRAMS   *        TOTAL        HF       INT       MP3        HF       INT       MP3        HF       INT       MP3        HF
 CPU TIMES  *     15993.62   2034.16      0.41    663.80   2039.27      0.40    401.51   2039.97      0.41    400.74   1881.10
 REAL TIME  *     34370.98 SEC
 DISK USED  *       303.72 GB      
 **********************************************************************************************************************************
 SETTING ESCF_AC        =      -116.27761267  AU                              


 PROGRAM * MP3 (Closed-shell)     Authors: C. Hampel, H.-J. Werner, 1991, M. Deegan, P.J. Knowles, 1992


 Convergence thresholds:  THRVAR = 1.00D-08  THRDEN = 1.00D-08

 Number of core orbitals:           2 (   2 )
 Number of closed-shell orbitals:   8 (   8 )
 Number of external orbitals:     598 ( 598 )

 Molecular orbitals read from record     2105.2  Type=RHF/CANONICAL (state 1.1)

 Number of N-1 electron functions:               8
 Number of N-2 electron functions:              36
 Number of singly external CSFs:              4784
 Number of doubly external CSFs:          11445720
 Total number of CSFs:                    11450505

 Length of J-op  integral file:               0.00 MB
 Length of K-op  integral file:              25.46 MB

 Integral transformation finished. Total CPU: 257.74 sec, npass=  1  Memory used:  30.42 MW

 Reference energy:                   -116.27761267

                        CORR.ENERGY   TOTAL ENERGY   ENERGY CHANGE
 MP2:                   -0.49984453  -116.77745720    -0.49984453

 SCS-MP2 correlation energy:           -0.50824309   (PS=  1.200000  PT=  0.333333)
 SCS-MP2 total energy:               -116.78585576

 MP3(D):                -0.51560519  -116.79321786    -0.01576066



 RESULTS
 =======

  Reference energy                   -116.277612671268
  MP3 singlet pair energy              -0.366490600864
  MP3 triplet pair energy              -0.149114589387
  MP3 correlation energy               -0.515605190251

 !MP3 total energy                   -116.793217861519

 Timing summary (sec):

 STEP                 CPU(USER)    SYS     CPU(TOT)    WALL
 Transformation        259.93    105.18    365.11    444.13
 CCSD iterations       407.09    101.15    508.24    550.91

 Program statistics:

 Available memory in ccsd:             13999999644
 Min. memory needed in ccsd:              33339481
 Max. memory used in ccsd:                43277361
 Max. memory used in cckext:              29398049 ( 1 integral passes)



 **********************************************************************************************************************************
 DATASETS  * FILE   NREC   LENGTH (MB)   RECORD NAMES
              1      20   110588.05       500      610      700      900      950      970     1000      129      960     1100   
                                          VAR    BASINP    GEOM    SYMINP    ZMAT    AOBASIS   BASIS     P2S    ABASIS      S 
                                         1400     1410     1200     1210     1080     1600     1650     1300     1700     1380   
                                           T        V       H0       H01     AOSYM     SMH    MOLCAS    ERIS     OPER     JKOP   

              2      10       98.78       200      700     1000      520     2100     2101     2102     2103     2104     2105   
                                        OPTIONS   GEOM     BASIS   MCVARS     RHF      RHF      RHF      RHF      RHF      RHF  

 PROGRAMS   *        TOTAL       MP3        HF       INT       MP3        HF       INT       MP3        HF       INT       MP3
 CPU TIMES  *     16660.66    667.03   2034.16      0.41    663.80   2039.27      0.40    401.51   2039.97      0.41    400.74
 REAL TIME  *     35366.44 SEC
 DISK USED  *       303.72 GB      
 **********************************************************************************************************************************
 SETTING EMP3_AC        =      -116.79321786  AU                              
 SETTING EMP3_CORR_AC   =        -0.51560519  AU                              

 Running procedure=SET_DIMERBC

 Dummy atoms: C1  H1  H2  H3  H4


 Recomputing one-electron integrals since nuclear charges changed


 PROGRAM * SEWARD (Integral evaluation for generally contracted gaussian basis sets)     Author: Roland Lindh, 1990

 Geometry written to block  1 of record 700


 Point group  C1  



 ATOMIC COORDINATES

 NR  ATOM    CHARGE       X              Y              Z

   1  C1      0.00   -6.193010455    2.801518980    2.403542658
   2  H1      0.00   -4.656285171    1.699997622    3.119937832
   3  H2      0.00   -5.973046335    4.726205038    2.982932688
   4  H3      0.00   -7.940251230    2.077186956    3.118237078
   5  H4      0.00   -6.176569838    2.685300823    0.384937212
   6  O1      8.00  -12.400004884    5.677493169    4.606774346
   7  H5      1.00  -12.146781583    3.932709038    5.214888213
   8  H6      1.00  -11.104030708    6.694165824    5.446946581
   9  O2      8.00   -8.342762895    8.383580979    6.757282676
  10  H7      1.00   -7.349144898    9.034591629    5.278760956
  11  H8      1.00   -8.743006888    9.863803452    7.746365330

 Bond lengths in Bohr (Angstrom)

 1-2  2.021904040  1-3  2.022002335  1-4  2.021953343  1-5  2.022015060  6-7  1.864992273
     ( 1.069945541)     ( 1.069997556)     ( 1.069971630)     ( 1.070004290)     ( 0.986911409)

  6- 8  1.849070506   9-10  1.896606987   9-11  1.824702255
       ( 0.978485973)       ( 1.003641196)       ( 0.965590850)

 Bond angles

  2-1-3  109.53398059   2-1-4  109.65604535   2-1-5  108.43490854   3-1-4  109.49436728

  3- 1- 5  109.86987750   4- 1- 5  109.83468330   7- 6- 8  105.72790617  10- 9-11  105.01239280

 NUCLEAR CHARGE:                   20
 NUMBER OF PRIMITIVE AOS:         810
 NUMBER OF SYMMETRY AOS:          663
 NUMBER OF CONTRACTIONS:          608   ( 608A   )
 NUMBER OF CORE ORBITALS:           2   (   2A   )
 NUMBER OF VALENCE ORBITALS:       12   (  12A   )

 MOLECULE CHANGED: INITIALIZING OCCUPATION AND DUMP RECORDS


 NUCLEAR REPULSION ENERGY   36.80305044


 Eigenvalues of metric

         1 0.129E-04 0.166E-04 0.254E-04 0.282E-04 0.325E-04 0.412E-04 0.593E-04 0.672E-04


 Contracted 2-electron integrals neglected if value below      1.0D-19

 OPERATOR DM      FOR CENTER  0  COORDINATES:    0.000000    0.000000    0.000000


 **********************************************************************************************************************************
 DATASETS  * FILE   NREC   LENGTH (MB)   RECORD NAMES
              1      19   110422.16       500      610      700      900      950      970     1000      129      960     1100   
                                          VAR    BASINP    GEOM    SYMINP    ZMAT    AOBASIS   BASIS     P2S    ABASIS      S 
                                         1400     1410     1200     1210     1080     1600     1650     1300     1700   
                                           T        V       H0       H01     AOSYM     SMH    MOLCAS    ERIS     OPER   

              2      10       98.78       200      700     1000      520     2100     2101     2102     2103     2104     2105   
                                        OPTIONS   GEOM     BASIS   MCVARS     RHF      RHF      RHF      RHF      RHF      RHF  

 PROGRAMS   *        TOTAL       INT       MP3        HF       INT       MP3        HF       INT       MP3        HF       INT
 CPU TIMES  *     16661.08      0.43    667.03   2034.16      0.41    663.80   2039.27      0.40    401.51   2039.97      0.41
 REAL TIME  *     35367.30 SEC
 DISK USED  *       303.72 GB      
 **********************************************************************************************************************************


 PROGRAM * RHF-SCF (CLOSED SHELL)       Authors: W. Meyer, H.-J. Werner


 NUMBER OF ELECTRONS:      10+   10-    SPACE SYMMETRY=1    SPIN SYMMETRY: Singlet 
 CONVERGENCE THRESHOLDS:    1.00E-08 (Density)    1.00E-09 (Energy)
 MAX. NUMBER OF ITERATIONS:       60
 INTERPOLATION TYPE:            DIIS
 INTERPOLATION STEPS:              2 (START)      1 (STEP)
 LEVEL SHIFTS:                  0.00 (CLOSED)  0.00 (OPEN) 



 Orbital guess generated from atomic densities. Full valence occupancy:   14

 Molecular orbital dump at record        2106.2

 Initial occupancy:  10

 ITERATION    DDIFF          GRAD             ENERGY        2-EL.EN.            DIPOLE MOMENTS         DIIS   ORB.
    1      0.000D+00      0.000D+00      -152.05987824    192.294474    1.26249    0.81832    0.56052    0    start
    2      0.000D+00      0.378D-02      -152.11067705    185.518660    0.88802    0.64196    0.39733    1    diag
    3      0.216D-02      0.230D-02      -152.12975376    188.461017    0.95931    0.65740    0.43696    2    diag
    4      0.797D-03      0.239D-03      -152.13017736    188.281359    0.94402    0.65117    0.43149    3    diag
    5      0.114D-03      0.645D-04      -152.13021964    188.300058    0.93919    0.64734    0.43113    4    diag
    6      0.342D-04      0.159D-04      -152.13022270    188.300485    0.93770    0.64739    0.43043    5    diag
    7      0.992D-05      0.737D-05      -152.13022306    188.298858    0.93753    0.64689    0.43065    6    diag
    8      0.336D-05      0.172D-05      -152.13022310    188.299220    0.93736    0.64688    0.43060    7    diag
    9      0.138D-05      0.286D-06      -152.13022310    188.299194    0.93734    0.64686    0.43059    8    diag
   10      0.221D-06      0.502D-07      -152.13022310    188.299187    0.93734    0.64686    0.43059    9    orth
   11      0.350D-07      0.139D-07      -152.13022310    188.299189    0.93734    0.64686    0.43059    9    diag
   12      0.108D-07      0.374D-08      -152.13022310    188.299190    0.93734    0.64686    0.43059    9    diag
   13      0.321D-08      0.624D-09      -152.13022310    188.299190    0.93734    0.64686    0.43059    0    orth

 Final occupancy:  10

 !RHF STATE 1.1 Energy               -152.130223103290
 Nuclear energy                        36.80305044
 One-electron energy                 -283.08286851
 Two-electron energy                   94.14959497
 Virial quotient                       -1.00196547
 !RHF STATE 1.1 Dipole moment           0.93733945     0.64685630     0.43059049
 Dipole moment /Debye                   2.38232321     1.64403704     1.09438017

 Orbital energies:

         1.1          2.1          3.1          4.1          5.1          6.1          7.1          8.1          9.1         10.1
    -20.597363   -20.530846    -1.371805    -1.305779    -0.733996    -0.685093    -0.612293    -0.554347    -0.525534    -0.474784

        11.1         12.1
      0.016516     0.029518

 HOMO     10.1    -0.474784 =     -12.9195eV
 LUMO     11.1     0.016516 =       0.4494eV
 LUMO-HOMO         0.491300 =      13.3690eV


 **********************************************************************************************************************************
 DATASETS  * FILE   NREC   LENGTH (MB)   RECORD NAMES
              1      19   110422.16       500      610      700      900      950      970     1000      129      960     1100   
                                          VAR    BASINP    GEOM    SYMINP    ZMAT    AOBASIS   BASIS     P2S    ABASIS      S 
                                         1400     1410     1200     1210     1080     1600     1650     1300     1700   
                                           T        V       H0       H01     AOSYM     SMH    MOLCAS    ERIS     OPER   

              2      11      116.08       200      700     1000      520     2100     2101     2102     2103     2104     2105   
                                        OPTIONS   GEOM     BASIS   MCVARS     RHF      RHF      RHF      RHF      RHF      RHF  
                                         2106   
                                          RHF  

 PROGRAMS   *        TOTAL        HF       INT       MP3        HF       INT       MP3        HF       INT       MP3        HF
 CPU TIMES  *     18877.67   2216.59      0.43    667.03   2034.16      0.41    663.80   2039.27      0.40    401.51   2039.97
 REAL TIME  *     39145.51 SEC
 DISK USED  *       303.72 GB      
 **********************************************************************************************************************************
 SETTING ESCF_BC        =      -152.13022310  AU                              


 PROGRAM * MP3 (Closed-shell)     Authors: C. Hampel, H.-J. Werner, 1991, M. Deegan, P.J. Knowles, 1992


 Convergence thresholds:  THRVAR = 1.00D-08  THRDEN = 1.00D-08

 Number of core orbitals:           2 (   2 )
 Number of closed-shell orbitals:   8 (   8 )
 Number of external orbitals:     598 ( 598 )

 Molecular orbitals read from record     2106.2  Type=RHF/CANONICAL (state 1.1)

 Number of N-1 electron functions:               8
 Number of N-2 electron functions:              36
 Number of singly external CSFs:              4784
 Number of doubly external CSFs:          11445720
 Total number of CSFs:                    11450505

 Length of J-op  integral file:               0.00 MB
 Length of K-op  integral file:              25.46 MB

 Integral transformation finished. Total CPU: 260.19 sec, npass=  1  Memory used:  30.42 MW

 Reference energy:                   -152.13022310

                        CORR.ENERGY   TOTAL ENERGY   ENERGY CHANGE
 MP2:                   -0.57871264  -152.70893575    -0.57871264

 SCS-MP2 correlation energy:           -0.57572058   (PS=  1.200000  PT=  0.333333)
 SCS-MP2 total energy:               -152.70594368

 MP3(D):                -0.57908893  -152.70931203    -0.00037629



 RESULTS
 =======

  Reference energy                   -152.130223103292
  MP3 singlet pair energy              -0.392293924777
  MP3 triplet pair energy              -0.186795003648
  MP3 correlation energy               -0.579088928425

 !MP3 total energy                   -152.709312031717

 Timing summary (sec):

 STEP                 CPU(USER)    SYS     CPU(TOT)    WALL
 Transformation        262.38    105.62    368.00    374.14
 CCSD iterations       411.06    100.97    512.03    537.42

 Program statistics:

 Available memory in ccsd:             13999999644
 Min. memory needed in ccsd:              33339481
 Max. memory used in ccsd:                43277361
 Max. memory used in cckext:              29398049 ( 1 integral passes)



 **********************************************************************************************************************************
 DATASETS  * FILE   NREC   LENGTH (MB)   RECORD NAMES
              1      20   110588.05       500      610      700      900      950      970     1000      129      960     1100   
                                          VAR    BASINP    GEOM    SYMINP    ZMAT    AOBASIS   BASIS     P2S    ABASIS      S 
                                         1400     1410     1200     1210     1080     1600     1650     1300     1700     1380   
                                           T        V       H0       H01     AOSYM     SMH    MOLCAS    ERIS     OPER     JKOP   

              2      11      116.08       200      700     1000      520     2100     2101     2102     2103     2104     2105   
                                        OPTIONS   GEOM     BASIS   MCVARS     RHF      RHF      RHF      RHF      RHF      RHF  
                                         2106   
                                          RHF  

 PROGRAMS   *        TOTAL       MP3        HF       INT       MP3        HF       INT       MP3        HF       INT       MP3
 CPU TIMES  *     19551.14    673.47   2216.59      0.43    667.03   2034.16      0.41    663.80   2039.27      0.40    401.51
 REAL TIME  *     40057.43 SEC
 DISK USED  *       303.72 GB      
 **********************************************************************************************************************************
 SETTING EMP3_BC        =      -152.70931203  AU                              
 SETTING EMP3_CORR_BC   =        -0.57908893  AU                              
 SETTING E_INT_ABC      =        -0.00777469  AU                              
 SETTING E_INT_AB       =        -0.00014037  AU                              
 SETTING E_INT_AC       =        -0.00019104  AU                              
 SETTING E_INT_BC       =        -0.00754471  AU                              
 SETTING E_ADD          =        -0.00787613  AU                              
 SETTING E_NONADD_MP3   =         0.00010144  AU                              
 SETTING E_INT_ABC_CORR =        -0.00390920  AU                              
 SETTING E_INT_AB_CORR  =        -0.00084256  AU                              
 SETTING E_INT_AC_CORR  =        -0.00066440  AU                              
 SETTING E_INT_BC_CORR  =        -0.00244627  AU                              
 SETTING E_INT_ABC_CORR_ADD              =      -0.00395324  AU                              
 SETTING E_INT_ABC_CORR_NONADD           =   4.40442024D-05  AU                              
 SETTING E_INT_ABC_HF   =        -0.00386549  AU                              
 SETTING E_INT_AB_HF    =         0.00070219  AU                              
 SETTING E_INT_AC_HF    =         0.00047336  AU                              
 SETTING E_INT_BC_HF    =        -0.00509844  AU                              
 SETTING E_INT_ABC_HF_ADD                =      -0.00392289  AU                              
 SETTING E_INT_ABC_HF_NONADD             =   5.74004897D-05  AU                              

 *** results in millihartree
 E_INT_ABC        =        -0.00777469 AU
 E_INT_AB         =        -0.00014037 AU
 E_INT_AC         =        -0.00019104 AU
 E_INT_BC         =        -0.00754471 AU
 E_ADD            =        -0.00787613 AU
 E_NONADD_MP3     =         0.00010144 AU
 E_INT_ABC_CORR   =        -0.00390920 AU
 E_INT_AB_CORR    =        -0.00084256 AU
 E_INT_AC_CORR    =        -0.00066440 AU
 E_INT_BC_CORR    =        -0.00244627 AU
 E_INT_ABC_CORR_ADD       =        -0.00395324 AU
 E_INT_ABC_CORR_NONADD    =         0.00004404 AU
 E_INT_ABC_HF     =        -0.00386549 AU
 E_INT_AB_HF      =         0.00070219 AU
 E_INT_AC_HF      =         0.00047336 AU
 E_INT_BC_HF      =        -0.00509844 AU
 E_INT_ABC_HF_ADD =        -0.00392289 AU
 E_INT_ABC_HF_NONADD      =         0.00005740 AU

 MP3/aug-cc-pVQZ energy=   -152.709312031717

        MP3             HF-SCF          MP3             HF-SCF          MP3             HF-SCF          MP3             HF-SCF  
   -152.70931203   -152.13022310   -116.79321786   -116.27761267   -116.79380804   -116.27824274    -76.35056323    -76.06213288
 **********************************************************************************************************************************
 Molpro calculation terminated
 Variable memory released
