 Converged energy                           -192.328117867421
 Converged energy                            -40.213282575736
 Converged energy                            -76.058375752759
 Converged energy                            -76.056963687525
 Converged energy                           -116.271752856243
 Converged energy                           -152.115032792456
 Converged energy                           -116.270029460623
 HF contribution (EtotHF)                          -1.9232811787E+002  
 Singles correction (EcSingles)                    -1.8900436771E-012  
 HF contribution (EtotHF)                          -1.9232811787E+002  
 Singles correction (EcSingles)                    -1.8900436771E-012  
 Direct RPA correlation (EcRPA)                    -9.0353050256E-001  
 HF contribution (EtotHF)                          -4.0213282576E+001  
 Singles correction (EcSingles)                    -6.0396132540E-014  
 HF contribution (EtotHF)                          -4.0213282576E+001  
 Singles correction (EcSingles)                    -6.0396132540E-014  
 Direct RPA correlation (EcRPA)                    -2.6777864427E-001  
 HF contribution (EtotHF)                          -7.6058375753E+001  
 Singles correction (EcSingles)                    1.4210854715E-014   
 HF contribution (EtotHF)                          -7.6058375753E+001  
 Singles correction (EcSingles)                    1.4210854715E-014   
 Direct RPA correlation (EcRPA)                    -3.1720860509E-001  
 HF contribution (EtotHF)                          -7.6056963688E+001  
 Singles correction (EcSingles)                    -3.9790393203E-013  
 HF contribution (EtotHF)                          -7.6056963688E+001  
 Singles correction (EcSingles)                    -3.9790393203E-013  
 Direct RPA correlation (EcRPA)                    -3.1761040460E-001  
 HF contribution (EtotHF)                          -1.1627175286E+002  
 Singles correction (EcSingles)                    2.5579538487E-013   
 HF contribution (EtotHF)                          -1.1627175286E+002  
 Singles correction (EcSingles)                    2.5579538487E-013   
 Direct RPA correlation (EcRPA)                    -5.8537317412E-001  
 HF contribution (EtotHF)                          -1.5211503279E+002  
 Singles correction (EcSingles)                    1.5631940187E-013   
 HF contribution (EtotHF)                          -1.5211503279E+002  
 Singles correction (EcSingles)                    1.5631940187E-013   
 Direct RPA correlation (EcRPA)                    -6.3486315336E-001  
 HF contribution (EtotHF)                          -1.1627002946E+002  
 Singles correction (EcSingles)                    1.7053025658E-013   
 HF contribution (EtotHF)                          -1.1627002946E+002  
 Singles correction (EcSingles)                    1.7053025658E-013   
 Direct RPA correlation (EcRPA)                    -5.8587535438E-001  
