 Converged energy                           -192.328079341103
 Converged energy                            -40.213282454589
 Converged energy                            -76.058470166034
 Converged energy                            -76.056963333987
 Converged energy                           -116.271436375869
 Converged energy                           -152.115281679004
 Converged energy                           -116.270028869468
 HF contribution (EtotHF)                          -1.9232807934E+002  
 Singles correction (EcSingles)                    -2.8421709430E-013  
 HF contribution (EtotHF)                          -1.9232807934E+002  
 Singles correction (EcSingles)                    -2.8421709430E-013  
 Direct RPA correlation (EcRPA)                    -9.0374645670E-001  
 HF contribution (EtotHF)                          -4.0213282455E+001  
 Singles correction (EcSingles)                    9.5923269328E-014   
 HF contribution (EtotHF)                          -4.0213282455E+001  
 Singles correction (EcSingles)                    9.5923269328E-014   
 Direct RPA correlation (EcRPA)                    -2.6780226187E-001  
 HF contribution (EtotHF)                          -7.6058470166E+001  
 Singles correction (EcSingles)                    -9.2370555649E-014  
 HF contribution (EtotHF)                          -7.6058470166E+001  
 Singles correction (EcSingles)                    -9.2370555649E-014  
 Direct RPA correlation (EcRPA)                    -3.1727942552E-001  
 HF contribution (EtotHF)                          -7.6056963334E+001  
 Singles correction (EcSingles)                    -3.4816594052E-013  
 HF contribution (EtotHF)                          -7.6056963334E+001  
 Singles correction (EcSingles)                    -3.4816594052E-013  
 Direct RPA correlation (EcRPA)                    -3.1760893773E-001  
 HF contribution (EtotHF)                          -1.1627143638E+002  
 Singles correction (EcSingles)                    4.9737991503E-013   
 HF contribution (EtotHF)                          -1.1627143638E+002  
 Singles correction (EcSingles)                    4.9737991503E-013   
 Direct RPA correlation (EcRPA)                    -5.8564141791E-001  
 HF contribution (EtotHF)                          -1.5211528168E+002  
 Singles correction (EcSingles)                    -5.6843418861E-014  
 HF contribution (EtotHF)                          -1.5211528168E+002  
 Singles correction (EcSingles)                    -5.6843418861E-014  
 Direct RPA correlation (EcRPA)                    -6.3490144162E-001  
 HF contribution (EtotHF)                          -1.1627002887E+002  
 Singles correction (EcSingles)                    -1.7053025658E-013  
 HF contribution (EtotHF)                          -1.1627002887E+002  
 Singles correction (EcSingles)                    -1.7053025658E-013  
 Direct RPA correlation (EcRPA)                    -5.8589766147E-001  
