 Converged energy                           -269.776700209242
 Converged energy                            -76.422162766711
 Converged energy                            -76.421443779792
 Converged energy                            -76.421930338978
 Converged energy                           -152.850839621477
 Converged energy                           -152.843422827123
 Converged energy                           -152.843405199892
 Converged energy                            -40.504187892065
 Converged energy                           -116.926570913246
 Converged energy                           -116.925838165768
 Converged energy                           -116.926215413968
 Converged energy                           -229.271962665704
 Converged energy                           -193.355495117166
 Converged energy                           -193.347909673769
 Converged energy                           -193.347913694047
 HF contribution (EtotHF)                          -2.6839323550E+002  
 Singles correction (EcSingles)                    -1.2143924761E-002  
 HF contribution (EtotHF)                          -2.6839323550E+002  
 Singles correction (EcSingles)                    -1.2143924761E-002  
 Direct RPA correlation (EcRPA)                    -1.5700832655E+000  
 HF contribution (EtotHF)                          -7.6060972272E+001  
 Singles correction (EcSingles)                    -2.7809857172E-003  
 HF contribution (EtotHF)                          -7.6060972272E+001  
 Singles correction (EcSingles)                    -2.7809857172E-003  
 Direct RPA correlation (EcRPA)                    -4.0680629341E-001  
 HF contribution (EtotHF)                          -7.6059900865E+001  
 Singles correction (EcSingles)                    -2.8053738306E-003  
 HF contribution (EtotHF)                          -7.6059900865E+001  
 Singles correction (EcSingles)                    -2.8053738306E-003  
 Direct RPA correlation (EcRPA)                    -4.0699293253E-001  
 HF contribution (EtotHF)                          -7.6060729195E+001  
 Singles correction (EcSingles)                    -2.7776729901E-003  
 HF contribution (EtotHF)                          -7.6060729195E+001  
 Singles correction (EcSingles)                    -2.7776729901E-003  
 Direct RPA correlation (EcRPA)                    -4.0625584909E-001  
 HF contribution (EtotHF)                          -1.5212272050E+002  
 Singles correction (EcSingles)                    -6.1792643559E-003  
 HF contribution (EtotHF)                          -1.5212272050E+002  
 Singles correction (EcSingles)                    -6.1792643559E-003  
 Direct RPA correlation (EcRPA)                    -8.1694872334E-001  
 HF contribution (EtotHF)                          -1.5212069173E+002  
 Singles correction (EcSingles)                    -5.5819451743E-003  
 HF contribution (EtotHF)                          -1.5212069173E+002  
 Singles correction (EcSingles)                    -5.5819451743E-003  
 Direct RPA correlation (EcRPA)                    -8.1324530602E-001  
 HF contribution (EtotHF)                          -1.5212069293E+002  
 Singles correction (EcSingles)                    -5.6163909280E-003  
 HF contribution (EtotHF)                          -1.5212069293E+002  
 Singles correction (EcSingles)                    -5.6163909280E-003  
 Direct RPA correlation (EcRPA)                    -8.1343274412E-001  
 HF contribution (EtotHF)                          -4.0212729911E+001  
 Singles correction (EcSingles)                    -2.8555685735E-003  
 HF contribution (EtotHF)                          -4.0212729911E+001  
 Singles correction (EcSingles)                    -2.8555685735E-003  
 Direct RPA correlation (EcRPA)                    -3.4415392408E-001  
 HF contribution (EtotHF)                          -1.1627292897E+002  
 Singles correction (EcSingles)                    -5.7531435052E-003  
 HF contribution (EtotHF)                          -1.1627292897E+002  
 Singles correction (EcSingles)                    -5.7531435052E-003  
 Direct RPA correlation (EcRPA)                    -7.5190038899E-001  
 HF contribution (EtotHF)                          -1.1627186526E+002  
 Singles correction (EcSingles)                    -5.7767716320E-003  
 HF contribution (EtotHF)                          -1.1627186526E+002  
 Singles correction (EcSingles)                    -5.7767716320E-003  
 Direct RPA correlation (EcRPA)                    -7.5206923949E-001  
 HF contribution (EtotHF)                          -1.1627312729E+002  
 Singles correction (EcSingles)                    -5.6684955948E-003  
 HF contribution (EtotHF)                          -1.1627312729E+002  
 Singles correction (EcSingles)                    -5.6684955948E-003  
 Direct RPA correlation (EcRPA)                    -7.5094222078E-001  
 HF contribution (EtotHF)                          -2.2818236687E+002  
 Singles correction (EcSingles)                    -9.0056596655E-003  
 HF contribution (EtotHF)                          -2.2818236687E+002  
 Singles correction (EcSingles)                    -9.0056596655E-003  
 Direct RPA correlation (EcRPA)                    -1.2235653138E+000  
 HF contribution (EtotHF)                          -1.9233401359E+002  
 Singles correction (EcSingles)                    -9.2696800039E-003  
 HF contribution (EtotHF)                          -1.9233401359E+002  
 Singles correction (EcSingles)                    -9.2696800039E-003  
 Direct RPA correlation (EcRPA)                    -1.1629067469E+000  
 HF contribution (EtotHF)                          -1.9233225194E+002  
 Singles correction (EcSingles)                    -8.6350010651E-003  
 HF contribution (EtotHF)                          -1.9233225194E+002  
 Singles correction (EcSingles)                    -8.6350010651E-003  
 Direct RPA correlation (EcRPA)                    -1.1590787850E+000  
 HF contribution (EtotHF)                          -1.9233231111E+002  
 Singles correction (EcSingles)                    -8.5900470097E-003  
 HF contribution (EtotHF)                          -1.9233231111E+002  
 Singles correction (EcSingles)                    -8.5900470097E-003  
 Direct RPA correlation (EcRPA)                    -1.1588594047E+000  
