 Converged energy                           -269.770276589945
 Converged energy                            -76.422129643028
 Converged energy                            -76.421931659904
 Converged energy                            -76.421606534327
 Converged energy                           -152.843373274152
 Converged energy                           -152.844192099438
 Converged energy                           -152.843309902843
 Converged energy                            -40.504187840725
 Converged energy                           -116.926537957388
 Converged energy                           -116.926216652210
 Converged energy                           -116.926335881673
 Converged energy                           -229.265199319049
 Converged energy                           -193.347877795366
 Converged energy                           -193.348268377268
 Converged energy                           -193.349038752797
 HF contribution (EtotHF)                          -2.6839175826E+002  
 Singles correction (EcSingles)                    -1.1604849979E-002  
 HF contribution (EtotHF)                          -2.6839175826E+002  
 Singles correction (EcSingles)                    -1.1604849979E-002  
 Direct RPA correlation (EcRPA)                    -1.5665365579E+000  
 HF contribution (EtotHF)                          -7.6060944582E+001  
 Singles correction (EcSingles)                    -2.7774167195E-003  
 HF contribution (EtotHF)                          -7.6060944582E+001  
 Singles correction (EcSingles)                    -2.7774167195E-003  
 Direct RPA correlation (EcRPA)                    -4.0628774963E-001  
 HF contribution (EtotHF)                          -7.6060730391E+001  
 Singles correction (EcSingles)                    -2.7777340461E-003  
 HF contribution (EtotHF)                          -7.6060730391E+001  
 Singles correction (EcSingles)                    -2.7777340461E-003  
 Direct RPA correlation (EcRPA)                    -4.0626373391E-001  
 HF contribution (EtotHF)                          -7.6060152842E+001  
 Singles correction (EcSingles)                    -2.7971264205E-003  
 HF contribution (EtotHF)                          -7.6060152842E+001  
 Singles correction (EcSingles)                    -2.7971264205E-003  
 Direct RPA correlation (EcRPA)                    -4.0665845050E-001  
 HF contribution (EtotHF)                          -1.5212066645E+002  
 Singles correction (EcSingles)                    -5.6128081505E-003  
 HF contribution (EtotHF)                          -1.5212066645E+002  
 Singles correction (EcSingles)                    -5.6128081505E-003  
 Direct RPA correlation (EcRPA)                    -8.1292270120E-001  
 HF contribution (EtotHF)                          -1.5212149620E+002  
 Singles correction (EcSingles)                    -5.5824955825E-003  
 HF contribution (EtotHF)                          -1.5212149620E+002  
 Singles correction (EcSingles)                    -5.5824955825E-003  
 Direct RPA correlation (EcRPA)                    -8.1298253807E-001  
 HF contribution (EtotHF)                          -1.5212060878E+002  
 Singles correction (EcSingles)                    -5.5834166942E-003  
 HF contribution (EtotHF)                          -1.5212060878E+002  
 Singles correction (EcSingles)                    -5.5834166942E-003  
 Direct RPA correlation (EcRPA)                    -8.1304597059E-001  
 HF contribution (EtotHF)                          -4.0212730053E+001  
 Singles correction (EcSingles)                    -2.8557394995E-003  
 HF contribution (EtotHF)                          -4.0212730053E+001  
 Singles correction (EcSingles)                    -2.8557394995E-003  
 Direct RPA correlation (EcRPA)                    -3.4416195107E-001  
 HF contribution (EtotHF)                          -1.1627290188E+002  
 Singles correction (EcSingles)                    -5.7495741195E-003  
 HF contribution (EtotHF)                          -1.1627290188E+002  
 Singles correction (EcSingles)                    -5.7495741195E-003  
 Direct RPA correlation (EcRPA)                    -7.5138432944E-001  
 HF contribution (EtotHF)                          -1.1627312859E+002  
 Singles correction (EcSingles)                    -5.6687339575E-003  
 HF contribution (EtotHF)                          -1.1627312859E+002  
 Singles correction (EcSingles)                    -5.6687339575E-003  
 Direct RPA correlation (EcRPA)                    -7.5095855328E-001  
 HF contribution (EtotHF)                          -1.1627211770E+002  
 Singles correction (EcSingles)                    -5.8111738348E-003  
 HF contribution (EtotHF)                          -1.1627211770E+002  
 Singles correction (EcSingles)                    -5.8111738348E-003  
 Direct RPA correlation (EcRPA)                    -7.5197608356E-001  
 HF contribution (EtotHF)                          -2.2818093224E+002  
 Singles correction (EcSingles)                    -8.4272625625E-003  
 HF contribution (EtotHF)                          -2.2818093224E+002  
 Singles correction (EcSingles)                    -8.4272625625E-003  
 Direct RPA correlation (EcRPA)                    -1.2197434053E+000  
 HF contribution (EtotHF)                          -1.9233222602E+002  
 Singles correction (EcSingles)                    -8.6314129225E-003  
 HF contribution (EtotHF)                          -1.9233222602E+002  
 Singles correction (EcSingles)                    -8.6314129225E-003  
 Direct RPA correlation (EcRPA)                    -1.1585716642E+000  
 HF contribution (EtotHF)                          -1.9233179406E+002  
 Singles correction (EcSingles)                    -8.7161726437E-003  
 HF contribution (EtotHF)                          -1.9233179406E+002  
 Singles correction (EcSingles)                    -8.7161726437E-003  
 Direct RPA correlation (EcRPA)                    -1.1593046641E+000  
 HF contribution (EtotHF)                          -1.9233316457E+002  
 Singles correction (EcSingles)                    -8.6302897249E-003  
 HF contribution (EtotHF)                          -1.9233316457E+002  
 Singles correction (EcSingles)                    -8.6302897249E-003  
 Direct RPA correlation (EcRPA)                    -1.1588157820E+000  
