 Converged energy                           -269.770142302398
 Converged energy                            -76.422129466463
 Converged energy                            -76.421930240277
 Converged energy                            -76.421889083393
 Converged energy                           -152.843371702558
 Converged energy                           -152.843454299696
 Converged energy                           -152.844390465065
 Converged energy                            -40.504187005803
 Converged energy                           -116.926536851295
 Converged energy                           -116.926214333255
 Converged energy                           -116.926438877298
 Converged energy                           -229.265270727937
 Converged energy                           -193.347875249088
 Converged energy                           -193.349127747690
 Converged energy                           -193.348139245937
 HF contribution (EtotHF)                          -2.6839284735E+002  
 Singles correction (EcSingles)                    -1.1437113079E-002  
 HF contribution (EtotHF)                          -2.6839284735E+002  
 Singles correction (EcSingles)                    -1.1437113079E-002  
 Direct RPA correlation (EcRPA)                    -1.5652859474E+000  
 HF contribution (EtotHF)                          -7.6060944461E+001  
 Singles correction (EcSingles)                    -2.7773933952E-003  
 HF contribution (EtotHF)                          -7.6060944461E+001  
 Singles correction (EcSingles)                    -2.7773933952E-003  
 Direct RPA correlation (EcRPA)                    -4.0628410824E-001  
 HF contribution (EtotHF)                          -7.6060729054E+001  
 Singles correction (EcSingles)                    -2.7776719370E-003  
 HF contribution (EtotHF)                          -7.6060729054E+001  
 Singles correction (EcSingles)                    -2.7776719370E-003  
 Direct RPA correlation (EcRPA)                    -4.0625289020E-001  
 HF contribution (EtotHF)                          -7.6060665504E+001  
 Singles correction (EcSingles)                    -2.7793132167E-003  
 HF contribution (EtotHF)                          -7.6060665504E+001  
 Singles correction (EcSingles)                    -2.7793132167E-003  
 Direct RPA correlation (EcRPA)                    -4.0624378625E-001  
 HF contribution (EtotHF)                          -1.5212066505E+002  
 Singles correction (EcSingles)                    -5.6127164482E-003  
 HF contribution (EtotHF)                          -1.5212066505E+002  
 Singles correction (EcSingles)                    -5.6127164482E-003  
 Direct RPA correlation (EcRPA)                    -8.1290816829E-001  
 HF contribution (EtotHF)                          -1.5212098402E+002  
 Singles correction (EcSingles)                    -5.5626832481E-003  
 HF contribution (EtotHF)                          -1.5212098402E+002  
 Singles correction (EcSingles)                    -5.5626832481E-003  
 Direct RPA correlation (EcRPA)                    -8.1256939152E-001  
 HF contribution (EtotHF)                          -1.5212202518E+002  
 Singles correction (EcSingles)                    -5.5515188366E-003  
 HF contribution (EtotHF)                          -1.5212202518E+002  
 Singles correction (EcSingles)                    -5.5515188366E-003  
 Direct RPA correlation (EcRPA)                    -8.1247544600E-001  
 HF contribution (EtotHF)                          -4.0212729557E+001  
 Singles correction (EcSingles)                    -2.8553674866E-003  
 HF contribution (EtotHF)                          -4.0212729557E+001  
 Singles correction (EcSingles)                    -2.8553674866E-003  
 Direct RPA correlation (EcRPA)                    -3.4413628684E-001  
 HF contribution (EtotHF)                          -1.1627290120E+002  
 Singles correction (EcSingles)                    -5.7491844092E-003  
 HF contribution (EtotHF)                          -1.1627290120E+002  
 Singles correction (EcSingles)                    -5.7491844092E-003  
 Direct RPA correlation (EcRPA)                    -7.5135480285E-001  
 HF contribution (EtotHF)                          -1.1627312670E+002  
 Singles correction (EcSingles)                    -5.6682790549E-003  
 HF contribution (EtotHF)                          -1.1627312670E+002  
 Singles correction (EcSingles)                    -5.6682790549E-003  
 Direct RPA correlation (EcRPA)                    -7.5092152463E-001  
 HF contribution (EtotHF)                          -1.1627333164E+002  
 Singles correction (EcSingles)                    -5.6629619990E-003  
 HF contribution (EtotHF)                          -1.1627333164E+002  
 Singles correction (EcSingles)                    -5.6629619990E-003  
 Direct RPA correlation (EcRPA)                    -7.5087599913E-001  
 HF contribution (EtotHF)                          -2.2818133970E+002  
 Singles correction (EcSingles)                    -8.3922543146E-003  
 HF contribution (EtotHF)                          -2.2818133970E+002  
 Singles correction (EcSingles)                    -8.3922543146E-003  
 Direct RPA correlation (EcRPA)                    -1.2191713166E+000  
 HF contribution (EtotHF)                          -1.9233222398E+002  
 Singles correction (EcSingles)                    -8.6309424840E-003  
 HF contribution (EtotHF)                          -1.9233222398E+002  
 Singles correction (EcSingles)                    -8.6309424840E-003  
 Direct RPA correlation (EcRPA)                    -1.1585306889E+000  
 HF contribution (EtotHF)                          -1.9233388724E+002  
 Singles correction (EcSingles)                    -8.5509180583E-003  
 HF contribution (EtotHF)                          -1.9233388724E+002  
 Singles correction (EcSingles)                    -8.5509180583E-003  
 Direct RPA correlation (EcRPA)                    -1.1580451597E+000  
 HF contribution (EtotHF)                          -1.9233336254E+002  
 Singles correction (EcSingles)                    -8.4804803260E-003  
 HF contribution (EtotHF)                          -1.9233336254E+002  
 Singles correction (EcSingles)                    -8.4804803260E-003  
 Direct RPA correlation (EcRPA)                    -1.1577265157E+000  
