 Converged energy                           -269.769689027309
 Converged energy                            -76.422134046537
 Converged energy                            -76.422184575663
 Converged energy                            -76.419921435693
 Converged energy                           -152.842594934374
 Converged energy                           -152.842044195500
 Converged energy                           -152.843932091032
 Converged energy                            -40.504189043473
 Converged energy                           -116.926543270588
 Converged energy                           -116.927004103717
 Converged energy                           -116.924444120320
 Converged energy                           -229.264289988078
 Converged energy                           -193.347649421346
 Converged energy                           -193.348679500179
 Converged energy                           -193.347205229189
 HF contribution (EtotHF)                          -2.6839085188E+002  
 Singles correction (EcSingles)                    -1.1627041131E-002  
 HF contribution (EtotHF)                          -2.6839085188E+002  
 Singles correction (EcSingles)                    -1.1627041131E-002  
 Direct RPA correlation (EcRPA)                    -1.5670133271E+000  
 HF contribution (EtotHF)                          -7.6060948979E+001  
 Singles correction (EcSingles)                    -2.7775995770E-003  
 HF contribution (EtotHF)                          -7.6060948979E+001  
 Singles correction (EcSingles)                    -2.7775995770E-003  
 Direct RPA correlation (EcRPA)                    -4.0630729458E-001  
 HF contribution (EtotHF)                          -7.6060979884E+001  
 Singles correction (EcSingles)                    -2.7789557743E-003  
 HF contribution (EtotHF)                          -7.6060979884E+001  
 Singles correction (EcSingles)                    -2.7789557743E-003  
 Direct RPA correlation (EcRPA)                    -4.0631311917E-001  
 HF contribution (EtotHF)                          -7.6057935496E+001  
 Singles correction (EcSingles)                    -2.8371741306E-003  
 HF contribution (EtotHF)                          -7.6057935496E+001  
 Singles correction (EcSingles)                    -2.8371741306E-003  
 Direct RPA correlation (EcRPA)                    -4.0732180864E-001  
 HF contribution (EtotHF)                          -1.5211961285E+002  
 Singles correction (EcSingles)                    -5.6573018753E-003  
 HF contribution (EtotHF)                          -1.5211961285E+002  
 Singles correction (EcSingles)                    -5.6573018753E-003  
 Direct RPA correlation (EcRPA)                    -8.1329074891E-001  
 HF contribution (EtotHF)                          -1.5211884708E+002  
 Singles correction (EcSingles)                    -5.6171115210E-003  
 HF contribution (EtotHF)                          -1.5211884708E+002  
 Singles correction (EcSingles)                    -5.6171115210E-003  
 Direct RPA correlation (EcRPA)                    -8.1365057927E-001  
 HF contribution (EtotHF)                          -1.5212072834E+002  
 Singles correction (EcSingles)                    -5.6281741407E-003  
 HF contribution (EtotHF)                          -1.5212072834E+002  
 Singles correction (EcSingles)                    -5.6281741407E-003  
 Direct RPA correlation (EcRPA)                    -8.1361505291E-001  
 HF contribution (EtotHF)                          -4.0212732584E+001  
 Singles correction (EcSingles)                    -2.8553572025E-003  
 HF contribution (EtotHF)                          -4.0212732584E+001  
 Singles correction (EcSingles)                    -2.8553572025E-003  
 Direct RPA correlation (EcRPA)                    -3.4414549760E-001  
 HF contribution (EtotHF)                          -1.1627290861E+002  
 Singles correction (EcSingles)                    -5.7493552394E-003  
 HF contribution (EtotHF)                          -1.1627290861E+002  
 Singles correction (EcSingles)                    -5.7493552394E-003  
 Direct RPA correlation (EcRPA)                    -7.5138837067E-001  
 HF contribution (EtotHF)                          -1.1627346276E+002  
 Singles correction (EcSingles)                    -5.7321276761E-003  
 HF contribution (EtotHF)                          -1.1627346276E+002  
 Singles correction (EcSingles)                    -5.7321276761E-003  
 Direct RPA correlation (EcRPA)                    -7.5126512687E-001  
 HF contribution (EtotHF)                          -1.1627056127E+002  
 Singles correction (EcSingles)                    -5.7245782844E-003  
 HF contribution (EtotHF)                          -1.1627056127E+002  
 Singles correction (EcSingles)                    -5.7245782844E-003  
 Direct RPA correlation (EcRPA)                    -7.5197681239E-001  
 HF contribution (EtotHF)                          -2.2817929000E+002  
 Singles correction (EcSingles)                    -8.5068997258E-003  
 HF contribution (EtotHF)                          -2.2817929000E+002  
 Singles correction (EcSingles)                    -8.5068997258E-003  
 Direct RPA correlation (EcRPA)                    -1.2206129711E+000  
 HF contribution (EtotHF)                          -1.9233129648E+002  
 Singles correction (EcSingles)                    -8.7392519361E-003  
 HF contribution (EtotHF)                          -1.9233129648E+002  
 Singles correction (EcSingles)                    -8.7392519361E-003  
 Direct RPA correlation (EcRPA)                    -1.1591850919E+000  
 HF contribution (EtotHF)                          -1.9233256889E+002  
 Singles correction (EcSingles)                    -8.6372247815E-003  
 HF contribution (EtotHF)                          -1.9233256889E+002  
 Singles correction (EcSingles)                    -8.6372247815E-003  
 Direct RPA correlation (EcRPA)                    -1.1591972814E+000  
 HF contribution (EtotHF)                          -1.9233122264E+002  
 Singles correction (EcSingles)                    -8.6031400246E-003  
 HF contribution (EtotHF)                          -1.9233122264E+002  
 Singles correction (EcSingles)                    -8.6031400246E-003  
 Direct RPA correlation (EcRPA)                    -1.1591168955E+000  
