 Converged energy                           -269.769117231259
 Converged energy                            -76.422129459088
 Converged energy                            -76.419921459304
 Converged energy                            -76.420710002543
 Converged energy                           -152.843927431142
 Converged energy                           -152.840315954939
 Converged energy                           -152.842802743685
 Converged energy                            -40.504188164624
 Converged energy                           -116.926538003247
 Converged energy                           -116.924443333080
 Converged energy                           -116.924914917328
 Converged energy                           -229.264278040119
 Converged energy                           -193.348674174406
 Converged energy                           -193.347241608133
 Converged energy                           -193.344915582400
 HF contribution (EtotHF)                          -2.6839069573E+002  
 Singles correction (EcSingles)                    -1.1508566699E-002  
 HF contribution (EtotHF)                          -2.6839069573E+002  
 Singles correction (EcSingles)                    -1.1508566699E-002  
 Direct RPA correlation (EcRPA)                    -1.5668289067E+000  
 HF contribution (EtotHF)                          -7.6060945586E+001  
 Singles correction (EcSingles)                    -2.7771232282E-003  
 HF contribution (EtotHF)                          -7.6060945586E+001  
 Singles correction (EcSingles)                    -2.7771232282E-003  
 Direct RPA correlation (EcRPA)                    -4.0626824437E-001  
 HF contribution (EtotHF)                          -7.6057935510E+001  
 Singles correction (EcSingles)                    -2.8371586157E-003  
 HF contribution (EtotHF)                          -7.6057935510E+001  
 Singles correction (EcSingles)                    -2.8371586157E-003  
 Direct RPA correlation (EcRPA)                    -4.0732205794E-001  
 HF contribution (EtotHF)                          -7.6059015046E+001  
 Singles correction (EcSingles)                    -2.8147968540E-003  
 HF contribution (EtotHF)                          -7.6059015046E+001  
 Singles correction (EcSingles)                    -2.8147968540E-003  
 Direct RPA correlation (EcRPA)                    -4.0691267034E-001  
 HF contribution (EtotHF)                          -1.5212072488E+002  
 Singles correction (EcSingles)                    -5.6276815277E-003  
 HF contribution (EtotHF)                          -1.5212072488E+002  
 Singles correction (EcSingles)                    -5.6276815277E-003  
 Direct RPA correlation (EcRPA)                    -8.1357625430E-001  
 HF contribution (EtotHF)                          -1.5211659454E+002  
 Singles correction (EcSingles)                    -5.6570377438E-003  
 HF contribution (EtotHF)                          -1.5211659454E+002  
 Singles correction (EcSingles)                    -5.6570377438E-003  
 Direct RPA correlation (EcRPA)                    -8.1429730917E-001  
 HF contribution (EtotHF)                          -1.5211992200E+002  
 Singles correction (EcSingles)                    -5.5923234226E-003  
 HF contribution (EtotHF)                          -1.5211992200E+002  
 Singles correction (EcSingles)                    -5.5923234226E-003  
 Direct RPA correlation (EcRPA)                    -8.1319023459E-001  
 HF contribution (EtotHF)                          -4.0212731243E+001  
 Singles correction (EcSingles)                    -2.8555190777E-003  
 HF contribution (EtotHF)                          -4.0212731243E+001  
 Singles correction (EcSingles)                    -2.8555190777E-003  
 Direct RPA correlation (EcRPA)                    -3.4414842293E-001  
 HF contribution (EtotHF)                          -1.1627290383E+002  
 Singles correction (EcSingles)                    -5.7490928321E-003  
 HF contribution (EtotHF)                          -1.1627290383E+002  
 Singles correction (EcSingles)                    -5.7490928321E-003  
 Direct RPA correlation (EcRPA)                    -7.5135171945E-001  
 HF contribution (EtotHF)                          -1.1627055996E+002  
 Singles correction (EcSingles)                    -5.7246879622E-003  
 HF contribution (EtotHF)                          -1.1627055996E+002  
 Singles correction (EcSingles)                    -5.7246879622E-003  
 Direct RPA correlation (EcRPA)                    -7.5198000398E-001  
 HF contribution (EtotHF)                          -1.1627119168E+002  
 Singles correction (EcSingles)                    -5.7219344120E-003  
 HF contribution (EtotHF)                          -1.1627119168E+002  
 Singles correction (EcSingles)                    -5.7219344120E-003  
 Direct RPA correlation (EcRPA)                    -7.5174711180E-001  
 HF contribution (EtotHF)                          -2.2817933896E+002  
 Singles correction (EcSingles)                    -8.4477542686E-003  
 HF contribution (EtotHF)                          -2.2817933896E+002  
 Singles correction (EcSingles)                    -8.4477542686E-003  
 Direct RPA correlation (EcRPA)                    -1.2205607183E+000  
 HF contribution (EtotHF)                          -1.9233256405E+002  
 Singles correction (EcSingles)                    -8.6369041865E-003  
 HF contribution (EtotHF)                          -1.9233256405E+002  
 Singles correction (EcSingles)                    -8.6369041865E-003  
 Direct RPA correlation (EcRPA)                    -1.1591609261E+000  
 HF contribution (EtotHF)                          -1.9233133140E+002  
 Singles correction (EcSingles)                    -8.6167345719E-003  
 HF contribution (EtotHF)                          -1.9233133140E+002  
 Singles correction (EcSingles)                    -8.6167345719E-003  
 Direct RPA correlation (EcRPA)                    -1.1589645209E+000  
 HF contribution (EtotHF)                          -1.9232873009E+002  
 Singles correction (EcSingles)                    -8.5952434951E-003  
 HF contribution (EtotHF)                          -1.9232873009E+002  
 Singles correction (EcSingles)                    -8.5952434951E-003  
 Direct RPA correlation (EcRPA)                    -1.1596338543E+000  
