 Converged energy                           -269.779801466210
 Converged energy                            -76.422125308338
 Converged energy                            -76.421619728519
 Converged energy                            -76.421919887646
 Converged energy                           -152.843318794448
 Converged energy                           -152.852372163318
 Converged energy                           -152.844417108096
 Converged energy                            -40.504188154240
 Converged energy                           -116.926534019475
 Converged energy                           -116.926349373433
 Converged energy                           -116.926470094136
 Converged energy                           -229.274527396679
 Converged energy                           -193.348277617511
 Converged energy                           -193.349155011415
 Converged energy                           -193.357462982889
 HF contribution (EtotHF)                          -2.6839792887E+002  
 Singles correction (EcSingles)                    -1.1986442430E-002  
 HF contribution (EtotHF)                          -2.6839792887E+002  
 Singles correction (EcSingles)                    -1.1986442430E-002  
 Direct RPA correlation (EcRPA)                    -1.5687839497E+000  
 HF contribution (EtotHF)                          -7.6060941635E+001  
 Singles correction (EcSingles)                    -2.7768040698E-003  
 HF contribution (EtotHF)                          -7.6060941635E+001  
 Singles correction (EcSingles)                    -2.7768040698E-003  
 Direct RPA correlation (EcRPA)                    -4.0624186196E-001  
 HF contribution (EtotHF)                          -7.6060162227E+001  
 Singles correction (EcSingles)                    -2.7988895605E-003  
 HF contribution (EtotHF)                          -7.6060162227E+001  
 Singles correction (EcSingles)                    -2.7988895605E-003  
 Direct RPA correlation (EcRPA)                    -4.0685377354E-001  
 HF contribution (EtotHF)                          -7.6060691895E+001  
 Singles correction (EcSingles)                    -2.7829689662E-003  
 HF contribution (EtotHF)                          -7.6060691895E+001  
 Singles correction (EcSingles)                    -2.7829689662E-003  
 Direct RPA correlation (EcRPA)                    -4.0667206548E-001  
 HF contribution (EtotHF)                          -1.5212061526E+002  
 Singles correction (EcSingles)                    -5.5845566807E-003  
 HF contribution (EtotHF)                          -1.5212061526E+002  
 Singles correction (EcSingles)                    -5.5845566807E-003  
 Direct RPA correlation (EcRPA)                    -8.1319537710E-001  
 HF contribution (EtotHF)                          -1.5212589122E+002  
 Singles correction (EcSingles)                    -6.0350662606E-003  
 HF contribution (EtotHF)                          -1.5212589122E+002  
 Singles correction (EcSingles)                    -6.0350662606E-003  
 Direct RPA correlation (EcRPA)                    -8.1575871259E-001  
 HF contribution (EtotHF)                          -1.5212204880E+002  
 Singles correction (EcSingles)                    -5.5545698820E-003  
 HF contribution (EtotHF)                          -1.5212204880E+002  
 Singles correction (EcSingles)                    -5.5545698820E-003  
 Direct RPA correlation (EcRPA)                    -8.1286183454E-001  
 HF contribution (EtotHF)                          -4.0212730770E+001  
 Singles correction (EcSingles)                    -2.8556176563E-003  
 HF contribution (EtotHF)                          -4.0212730770E+001  
 Singles correction (EcSingles)                    -2.8556176563E-003  
 Direct RPA correlation (EcRPA)                    -3.4415492045E-001  
 HF contribution (EtotHF)                          -1.1627289962E+002  
 Singles correction (EcSingles)                    -5.7488374325E-003  
 HF contribution (EtotHF)                          -1.1627289962E+002  
 Singles correction (EcSingles)                    -5.7488374325E-003  
 Direct RPA correlation (EcRPA)                    -7.5133088225E-001  
 HF contribution (EtotHF)                          -1.1627212780E+002  
 Singles correction (EcSingles)                    -5.8128822117E-003  
 HF contribution (EtotHF)                          -1.1627212780E+002  
 Singles correction (EcSingles)                    -5.8128822117E-003  
 Direct RPA correlation (EcRPA)                    -7.5216514214E-001  
 HF contribution (EtotHF)                          -1.1627335889E+002  
 Singles correction (EcSingles)                    -5.6670630436E-003  
 HF contribution (EtotHF)                          -1.1627335889E+002  
 Singles correction (EcSingles)                    -5.6670630436E-003  
 Direct RPA correlation (EcRPA)                    -7.5132636377E-001  
 HF contribution (EtotHF)                          -2.2818683433E+002  
 Singles correction (EcSingles)                    -8.8180512391E-003  
 HF contribution (EtotHF)                          -2.2818683433E+002  
 Singles correction (EcSingles)                    -8.8180512391E-003  
 Direct RPA correlation (EcRPA)                    -1.2220496221E+000  
 HF contribution (EtotHF)                          -1.9233180121E+002  
 Singles correction (EcSingles)                    -8.7172608150E-003  
 HF contribution (EtotHF)                          -1.9233180121E+002  
 Singles correction (EcSingles)                    -8.7172608150E-003  
 Direct RPA correlation (EcRPA)                    -1.1594472612E+000  
 HF contribution (EtotHF)                          -1.9233391175E+002  
 Singles correction (EcSingles)                    -8.5544193343E-003  
 HF contribution (EtotHF)                          -1.9233391175E+002  
 Singles correction (EcSingles)                    -8.5544193343E-003  
 Direct RPA correlation (EcRPA)                    -1.1584533180E+000  
 HF contribution (EtotHF)                          -1.9233780636E+002  
 Singles correction (EcSingles)                    -9.0860543185E-003  
 HF contribution (EtotHF)                          -1.9233780636E+002  
 Singles correction (EcSingles)                    -9.0860543185E-003  
 Direct RPA correlation (EcRPA)                    -1.1615510303E+000  
