 Converged energy                           -269.770585484871
 Converged energy                            -76.422125586929
 Converged energy                            -76.421605620239
 Converged energy                            -76.421970565512
 Converged energy                           -152.843304903160
 Converged energy                           -152.843716192306
 Converged energy                           -152.843862593283
 Converged energy                            -40.504189167282
 Converged energy                           -116.926535110700
 Converged energy                           -116.926336349750
 Converged energy                           -116.926664423135
 Converged energy                           -229.265178185851
 Converged energy                           -193.348264633852
 Converged energy                           -193.348780182483
 Converged energy                           -193.348889344434
 HF contribution (EtotHF)                          -2.6839184147E+002  
 Singles correction (EcSingles)                    -1.1608572881E-002  
 HF contribution (EtotHF)                          -2.6839184147E+002  
 Singles correction (EcSingles)                    -1.1608572881E-002  
 Direct RPA correlation (EcRPA)                    -1.5665850354E+000  
 HF contribution (EtotHF)                          -7.6060941734E+001  
 Singles correction (EcSingles)                    -2.7768616408E-003  
 HF contribution (EtotHF)                          -7.6060941734E+001  
 Singles correction (EcSingles)                    -2.7768616408E-003  
 Direct RPA correlation (EcRPA)                    -4.0624495892E-001  
 HF contribution (EtotHF)                          -7.6060152179E+001  
 Singles correction (EcSingles)                    -2.7969907518E-003  
 HF contribution (EtotHF)                          -7.6060152179E+001  
 Singles correction (EcSingles)                    -2.7969907518E-003  
 Direct RPA correlation (EcRPA)                    -4.0664973331E-001  
 HF contribution (EtotHF)                          -7.6060697778E+001  
 Singles correction (EcSingles)                    -2.7831579514E-003  
 HF contribution (EtotHF)                          -7.6060697778E+001  
 Singles correction (EcSingles)                    -2.7831579514E-003  
 Direct RPA correlation (EcRPA)                    -4.0636761996E-001  
 HF contribution (EtotHF)                          -1.5212060525E+002  
 Singles correction (EcSingles)                    -5.5827132456E-003  
 HF contribution (EtotHF)                          -1.5212060525E+002  
 Singles correction (EcSingles)                    -5.5827132456E-003  
 Direct RPA correlation (EcRPA)                    -8.1299446661E-001  
 HF contribution (EtotHF)                          -1.5212100287E+002  
 Singles correction (EcSingles)                    -5.5796034324E-003  
 HF contribution (EtotHF)                          -1.5212100287E+002  
 Singles correction (EcSingles)                    -5.5796034324E-003  
 Direct RPA correlation (EcRPA)                    -8.1301275800E-001  
 HF contribution (EtotHF)                          -1.5212137211E+002  
 Singles correction (EcSingles)                    -5.5649487049E-003  
 HF contribution (EtotHF)                          -1.5212137211E+002  
 Singles correction (EcSingles)                    -5.5649487049E-003  
 Direct RPA correlation (EcRPA)                    -8.1266970325E-001  
 HF contribution (EtotHF)                          -4.0212731135E+001  
 Singles correction (EcSingles)                    -2.8558748541E-003  
 HF contribution (EtotHF)                          -4.0212731135E+001  
 Singles correction (EcSingles)                    -2.8558748541E-003  
 Direct RPA correlation (EcRPA)                    -3.4417165662E-001  
 HF contribution (EtotHF)                          -1.1627289991E+002  
 Singles correction (EcSingles)                    -5.7491608923E-003  
 HF contribution (EtotHF)                          -1.1627289991E+002  
 Singles correction (EcSingles)                    -5.7491608923E-003  
 Direct RPA correlation (EcRPA)                    -7.5135090946E-001  
 HF contribution (EtotHF)                          -1.1627211811E+002  
 Singles correction (EcSingles)                    -5.8111712568E-003  
 HF contribution (EtotHF)                          -1.1627211811E+002  
 Singles correction (EcSingles)                    -5.8111712568E-003  
 Direct RPA correlation (EcRPA)                    -7.5197708846E-001  
 HF contribution (EtotHF)                          -1.1627294902E+002  
 Singles correction (EcSingles)                    -5.7455410428E-003  
 HF contribution (EtotHF)                          -1.1627294902E+002  
 Singles correction (EcSingles)                    -5.7455410428E-003  
 Direct RPA correlation (EcRPA)                    -7.5143555293E-001  
 HF contribution (EtotHF)                          -2.2818118475E+002  
 Singles correction (EcSingles)                    -8.3702928953E-003  
 HF contribution (EtotHF)                          -2.2818118475E+002  
 Singles correction (EcSingles)                    -8.3702928953E-003  
 Direct RPA correlation (EcRPA)                    -1.2194146759E+000  
 HF contribution (EtotHF)                          -1.9233179139E+002  
 Singles correction (EcSingles)                    -8.7156139448E-003  
 HF contribution (EtotHF)                          -1.9233179139E+002  
 Singles correction (EcSingles)                    -8.7156139448E-003  
 Direct RPA correlation (EcRPA)                    -1.1592625215E+000  
 HF contribution (EtotHF)                          -1.9233287004E+002  
 Singles correction (EcSingles)                    -8.6412852481E-003  
 HF contribution (EtotHF)                          -1.9233287004E+002  
 Singles correction (EcSingles)                    -8.6412852481E-003  
 Direct RPA correlation (EcRPA)                    -1.1586671812E+000  
 HF contribution (EtotHF)                          -1.9233241780E+002  
 Singles correction (EcSingles)                    -8.7017287565E-003  
 HF contribution (EtotHF)                          -1.9233241780E+002  
 Singles correction (EcSingles)                    -8.7017287565E-003  
 Direct RPA correlation (EcRPA)                    -1.1592473293E+000  
