 Converged energy                           -269.779544999262
 Converged energy                            -76.422125316454
 Converged energy                            -76.421876709844
 Converged energy                            -76.422207734701
 Converged energy                           -152.844277621627
 Converged energy                           -152.851609232174
 Converged energy                           -152.844376744504
 Converged energy                            -40.504188418171
 Converged energy                           -116.926534189158
 Converged energy                           -116.926574846845
 Converged energy                           -116.926733543257
 Converged energy                           -229.274158412699
 Converged energy                           -193.349235874425
 Converged energy                           -193.349113440269
 Converged energy                           -193.356754900992
 HF contribution (EtotHF)                          -2.6839771972E+002  
 Singles correction (EcSingles)                    -1.1992680533E-002  
 HF contribution (EtotHF)                          -2.6839771972E+002  
 Singles correction (EcSingles)                    -1.1992680533E-002  
 Direct RPA correlation (EcRPA)                    -1.5686503584E+000  
 HF contribution (EtotHF)                          -7.6060941319E+001  
 Singles correction (EcSingles)                    -2.7768726423E-003  
 HF contribution (EtotHF)                          -7.6060941319E+001  
 Singles correction (EcSingles)                    -2.7768726423E-003  
 Direct RPA correlation (EcRPA)                    -4.0624261618E-001  
 HF contribution (EtotHF)                          -7.6060635365E+001  
 Singles correction (EcSingles)                    -2.7832052384E-003  
 HF contribution (EtotHF)                          -7.6060635365E+001  
 Singles correction (EcSingles)                    -2.7832052384E-003  
 Direct RPA correlation (EcRPA)                    -4.0668690995E-001  
 HF contribution (EtotHF)                          -7.6060996346E+001  
 Singles correction (EcSingles)                    -2.7807814142E-003  
 HF contribution (EtotHF)                          -7.6060996346E+001  
 Singles correction (EcSingles)                    -2.7807814142E-003  
 Direct RPA correlation (EcRPA)                    -4.0651611420E-001  
 HF contribution (EtotHF)                          -1.5212188154E+002  
 Singles correction (EcSingles)                    -5.5567228028E-003  
 HF contribution (EtotHF)                          -1.5212188154E+002  
 Singles correction (EcSingles)                    -5.5567228028E-003  
 Direct RPA correlation (EcRPA)                    -8.1289944186E-001  
 HF contribution (EtotHF)                          -1.5212523189E+002  
 Singles correction (EcSingles)                    -6.0383194001E-003  
 HF contribution (EtotHF)                          -1.5212523189E+002  
 Singles correction (EcSingles)                    -6.0383194001E-003  
 Direct RPA correlation (EcRPA)                    -8.1563772260E-001  
 HF contribution (EtotHF)                          -1.5212198329E+002  
 Singles correction (EcSingles)                    -5.5576249672E-003  
 HF contribution (EtotHF)                          -1.5212198329E+002  
 Singles correction (EcSingles)                    -5.5576249672E-003  
 Direct RPA correlation (EcRPA)                    -8.1276235436E-001  
 HF contribution (EtotHF)                          -4.0212731247E+001  
 Singles correction (EcSingles)                    -2.8557235507E-003  
 HF contribution (EtotHF)                          -4.0212731247E+001  
 Singles correction (EcSingles)                    -2.8557235507E-003  
 Direct RPA correlation (EcRPA)                    -3.4415875804E-001  
 HF contribution (EtotHF)                          -1.1627289958E+002  
 Singles correction (EcSingles)                    -5.7490136911E-003  
 HF contribution (EtotHF)                          -1.1627289958E+002  
 Singles correction (EcSingles)                    -5.7490136911E-003  
 Direct RPA correlation (EcRPA)                    -7.5133569865E-001  
 HF contribution (EtotHF)                          -1.1627340306E+002  
 Singles correction (EcSingles)                    -5.6714542454E-003  
 HF contribution (EtotHF)                          -1.1627340306E+002  
 Singles correction (EcSingles)                    -5.6714542454E-003  
 Direct RPA correlation (EcRPA)                    -7.5139332751E-001  
 HF contribution (EtotHF)                          -1.1627273286E+002  
 Singles correction (EcSingles)                    -5.8018658530E-003  
 HF contribution (EtotHF)                          -1.1627273286E+002  
 Singles correction (EcSingles)                    -5.8018658530E-003  
 Direct RPA correlation (EcRPA)                    -7.5186819752E-001  
 HF contribution (EtotHF)                          -2.2818661733E+002  
 Singles correction (EcSingles)                    -8.8141734695E-003  
 HF contribution (EtotHF)                          -2.2818661733E+002  
 Singles correction (EcSingles)                    -8.8141734695E-003  
 Direct RPA correlation (EcRPA)                    -1.2218562677E+000  
 HF contribution (EtotHF)                          -1.9233391506E+002  
 Singles correction (EcSingles)                    -8.5613814494E-003  
 HF contribution (EtotHF)                          -1.9233391506E+002  
 Singles correction (EcSingles)                    -8.5613814494E-003  
 Direct RPA correlation (EcRPA)                    -1.1585340416E+000  
 HF contribution (EtotHF)                          -1.9233293386E+002  
 Singles correction (EcSingles)                    -8.6960637272E-003  
 HF contribution (EtotHF)                          -1.9233293386E+002  
 Singles correction (EcSingles)                    -8.6960637272E-003  
 Direct RPA correlation (EcRPA)                    -1.1590541592E+000  
 HF contribution (EtotHF)                          -1.9233709475E+002  
 Singles correction (EcSingles)                    -9.0987894475E-003  
 HF contribution (EtotHF)                          -1.9233709475E+002  
 Singles correction (EcSingles)                    -9.0987894475E-003  
 Direct RPA correlation (EcRPA)                    -1.1614961760E+000  
