 Converged energy                           -269.776455227050
 Converged energy                            -76.420843129373
 Converged energy                            -76.421943816077
 Converged energy                            -76.421888621804
 Converged energy                           -152.850237755095
 Converged energy                           -152.843467422228
 Converged energy                           -152.842430242121
 Converged energy                            -40.504186183693
 Converged energy                           -116.925333155267
 Converged energy                           -116.926226874555
 Converged energy                           -116.926437703505
 Converged energy                           -229.271411300777
 Converged energy                           -193.354821787189
 Converged energy                           -193.347331529439
 Converged energy                           -193.348151463303
 HF contribution (EtotHF)                          -2.6839423910E+002  
 Singles correction (EcSingles)                    -1.1910885994E-002  
 HF contribution (EtotHF)                          -2.6839423910E+002  
 Singles correction (EcSingles)                    -1.1910885994E-002  
 Direct RPA correlation (EcRPA)                    -1.5690875391E+000  
 HF contribution (EtotHF)                          -7.6059154435E+001  
 Singles correction (EcSingles)                    -2.8183001503E-003  
 HF contribution (EtotHF)                          -7.6059154435E+001  
 Singles correction (EcSingles)                    -2.8183001503E-003  
 Direct RPA correlation (EcRPA)                    -4.0745022216E-001  
 HF contribution (EtotHF)                          -7.6060737668E+001  
 Singles correction (EcSingles)                    -2.7797171475E-003  
 HF contribution (EtotHF)                          -7.6060737668E+001  
 Singles correction (EcSingles)                    -2.7797171475E-003  
 Direct RPA correlation (EcRPA)                    -4.0646525841E-001  
 HF contribution (EtotHF)                          -7.6060665335E+001  
 Singles correction (EcSingles)                    -2.7792012283E-003  
 HF contribution (EtotHF)                          -7.6060665335E+001  
 Singles correction (EcSingles)                    -2.7792012283E-003  
 Direct RPA correlation (EcRPA)                    -4.0624005991E-001  
 HF contribution (EtotHF)                          -1.5212221074E+002  
 Singles correction (EcSingles)                    -6.1479647706E-003  
 HF contribution (EtotHF)                          -1.5212221074E+002  
 Singles correction (EcSingles)                    -6.1479647706E-003  
 Direct RPA correlation (EcRPA)                    -8.1691024326E-001  
 HF contribution (EtotHF)                          -1.5212099247E+002  
 Singles correction (EcSingles)                    -5.5646168892E-003  
 HF contribution (EtotHF)                          -1.5212099247E+002  
 Singles correction (EcSingles)                    -5.5646168892E-003  
 Direct RPA correlation (EcRPA)                    -8.1277802220E-001  
 HF contribution (EtotHF)                          -1.5211948007E+002  
 Singles correction (EcSingles)                    -5.6022861879E-003  
 HF contribution (EtotHF)                          -1.5211948007E+002  
 Singles correction (EcSingles)                    -5.6022861879E-003  
 Direct RPA correlation (EcRPA)                    -8.1374885837E-001  
 HF contribution (EtotHF)                          -4.0212728404E+001  
 Singles correction (EcSingles)                    -2.8555635327E-003  
 HF contribution (EtotHF)                          -4.0212728404E+001  
 Singles correction (EcSingles)                    -2.8555635327E-003  
 Direct RPA correlation (EcRPA)                    -3.4413174472E-001  
 HF contribution (EtotHF)                          -1.1627158248E+002  
 Singles correction (EcSingles)                    -5.7262955408E-003  
 HF contribution (EtotHF)                          -1.1627158248E+002  
 Singles correction (EcSingles)                    -5.7262955408E-003  
 Direct RPA correlation (EcRPA)                    -7.5227795258E-001  
 HF contribution (EtotHF)                          -1.1627313406E+002  
 Singles correction (EcSingles)                    -5.6705820614E-003  
 HF contribution (EtotHF)                          -1.1627313406E+002  
 Singles correction (EcSingles)                    -5.6705820614E-003  
 Direct RPA correlation (EcRPA)                    -7.5112943057E-001  
 HF contribution (EtotHF)                          -1.1627333041E+002  
 Singles correction (EcSingles)                    -5.6630455474E-003  
 HF contribution (EtotHF)                          -1.1627333041E+002  
 Singles correction (EcSingles)                    -5.6630455474E-003  
 Direct RPA correlation (EcRPA)                    -7.5086763454E-001  
 HF contribution (EtotHF)                          -2.2818208308E+002  
 Singles correction (EcSingles)                    -8.9369249381E-003  
 HF contribution (EtotHF)                          -2.2818208308E+002  
 Singles correction (EcSingles)                    -8.9369249381E-003  
 Direct RPA correlation (EcRPA)                    -1.2232787032E+000  
 HF contribution (EtotHF)                          -1.9233432623E+002  
 Singles correction (EcSingles)                    -9.0951332161E-003  
 HF contribution (EtotHF)                          -1.9233432623E+002  
 Singles correction (EcSingles)                    -9.0951332161E-003  
 Direct RPA correlation (EcRPA)                    -1.1622342477E+000  
 HF contribution (EtotHF)                          -1.9233189301E+002  
 Singles correction (EcSingles)                    -8.5382145184E-003  
 HF contribution (EtotHF)                          -1.9233189301E+002  
 Singles correction (EcSingles)                    -8.5382145184E-003  
 Direct RPA correlation (EcRPA)                    -1.1590703485E+000  
 HF contribution (EtotHF)                          -1.9233336983E+002  
 Singles correction (EcSingles)                    -8.4826796570E-003  
 HF contribution (EtotHF)                          -1.9233336983E+002  
 Singles correction (EcSingles)                    -8.4826796570E-003  
 Direct RPA correlation (EcRPA)                    -1.1579305777E+000  
