 Converged energy                           -269.776835247036
 Converged energy                            -76.420843161880
 Converged energy                            -76.421944074840
 Converged energy                            -76.422194146631
 Converged energy                           -152.850238023233
 Converged energy                           -152.844056354852
 Converged energy                           -152.842634230596
 Converged energy                            -40.504187063550
 Converged energy                           -116.925334074696
 Converged energy                           -116.926228017294
 Converged energy                           -116.926718498701
 Converged energy                           -229.271831960600
 Converged energy                           -193.354822934026
 Converged energy                           -193.347483770886
 Converged energy                           -193.348718370519
 HF contribution (EtotHF)                          -2.6839371852E+002  
 Singles correction (EcSingles)                    -1.2049386801E-002  
 HF contribution (EtotHF)                          -2.6839371852E+002  
 Singles correction (EcSingles)                    -1.2049386801E-002  
 Direct RPA correlation (EcRPA)                    -1.5698925979E+000  
 HF contribution (EtotHF)                          -7.6059154459E+001  
 Singles correction (EcSingles)                    -2.8183032562E-003  
 HF contribution (EtotHF)                          -7.6059154459E+001  
 Singles correction (EcSingles)                    -2.8183032562E-003  
 Direct RPA correlation (EcRPA)                    -4.0745156424E-001  
 HF contribution (EtotHF)                          -7.6060737998E+001  
 Singles correction (EcSingles)                    -2.7797061169E-003  
 HF contribution (EtotHF)                          -7.6060737998E+001  
 Singles correction (EcSingles)                    -2.7797061169E-003  
 Direct RPA correlation (EcRPA)                    -4.0646615628E-001  
 HF contribution (EtotHF)                          -7.6060987206E+001  
 Singles correction (EcSingles)                    -2.7788945824E-003  
 HF contribution (EtotHF)                          -7.6060987206E+001  
 Singles correction (EcSingles)                    -2.7788945824E-003  
 Direct RPA correlation (EcRPA)                    -4.0631376779E-001  
 HF contribution (EtotHF)                          -1.5212221109E+002  
 Singles correction (EcSingles)                    -6.1479645971E-003  
 HF contribution (EtotHF)                          -1.5212221109E+002  
 Singles correction (EcSingles)                    -6.1479645971E-003  
 Direct RPA correlation (EcRPA)                    -8.1691254990E-001  
 HF contribution (EtotHF)                          -1.5212163143E+002  
 Singles correction (EcSingles)                    -5.5604443337E-003  
 HF contribution (EtotHF)                          -1.5212163143E+002  
 Singles correction (EcSingles)                    -5.5604443337E-003  
 Direct RPA correlation (EcRPA)                    -8.1280744512E-001  
 HF contribution (EtotHF)                          -1.5211969243E+002  
 Singles correction (EcSingles)                    -5.6035693758E-003  
 HF contribution (EtotHF)                          -1.5211969243E+002  
 Singles correction (EcSingles)                    -5.6035693758E-003  
 Direct RPA correlation (EcRPA)                    -8.1384506946E-001  
 HF contribution (EtotHF)                          -4.0212728841E+001  
 Singles correction (EcSingles)                    -2.8560185246E-003  
 HF contribution (EtotHF)                          -4.0212728841E+001  
 Singles correction (EcSingles)                    -2.8560185246E-003  
 Direct RPA correlation (EcRPA)                    -3.4415817763E-001  
 HF contribution (EtotHF)                          -1.1627158292E+002  
 Singles correction (EcSingles)                    -5.7267688742E-003  
 HF contribution (EtotHF)                          -1.1627158292E+002  
 Singles correction (EcSingles)                    -5.7267688742E-003  
 Direct RPA correlation (EcRPA)                    -7.5230580950E-001  
 HF contribution (EtotHF)                          -1.1627313482E+002  
 Singles correction (EcSingles)                    -5.6710091207E-003  
 HF contribution (EtotHF)                          -1.1627313482E+002  
 Singles correction (EcSingles)                    -5.6710091207E-003  
 Direct RPA correlation (EcRPA)                    -7.5115681697E-001  
 HF contribution (EtotHF)                          -1.1627272130E+002  
 Singles correction (EcSingles)                    -5.8002222877E-003  
 HF contribution (EtotHF)                          -1.1627272130E+002  
 Singles correction (EcSingles)                    -5.8002222877E-003  
 Direct RPA correlation (EcRPA)                    -7.5166398221E-001  
 HF contribution (EtotHF)                          -2.2818253650E+002  
 Singles correction (EcSingles)                    -8.9349471623E-003  
 HF contribution (EtotHF)                          -2.2818253650E+002  
 Singles correction (EcSingles)                    -8.9349471623E-003  
 Direct RPA correlation (EcRPA)                    -1.2233422918E+000  
 HF contribution (EtotHF)                          -1.9233432698E+002  
 Singles correction (EcSingles)                    -9.0955887489E-003  
 HF contribution (EtotHF)                          -1.9233432698E+002  
 Singles correction (EcSingles)                    -9.0955887489E-003  
 Direct RPA correlation (EcRPA)                    -1.1622631168E+000  
 HF contribution (EtotHF)                          -1.9233112732E+002  
 Singles correction (EcSingles)                    -8.6793049769E-003  
 HF contribution (EtotHF)                          -1.9233112732E+002  
 Singles correction (EcSingles)                    -8.6793049769E-003  
 Direct RPA correlation (EcRPA)                    -1.1599020333E+000  
 HF contribution (EtotHF)                          -1.9233307466E+002  
 Singles correction (EcSingles)                    -8.6163022858E-003  
 HF contribution (EtotHF)                          -1.9233307466E+002  
 Singles correction (EcSingles)                    -8.6163022858E-003  
 Direct RPA correlation (EcRPA)                    -1.1586883643E+000  
