 Converged energy                           -269.776794511744
 Converged energy                            -76.420843249787
 Converged energy                            -76.421944040430
 Converged energy                            -76.421441521440
 Converged energy                           -152.850238112691
 Converged energy                           -152.843775546805
 Converged energy                           -152.842250344759
 Converged energy                            -40.504187052371
 Converged energy                           -116.925334172729
 Converged energy                           -116.926227917887
 Converged energy                           -116.925741890519
 Converged energy                           -229.272101734714
 Converged energy                           -193.354822973032
 Converged energy                           -193.346879898041
 Converged energy                           -193.348146666938
 HF contribution (EtotHF)                          -2.6839380187E+002  
 Singles correction (EcSingles)                    -1.2015013878E-002  
 HF contribution (EtotHF)                          -2.6839380187E+002  
 Singles correction (EcSingles)                    -1.2015013878E-002  
 Direct RPA correlation (EcRPA)                    -1.5699009606E+000  
 HF contribution (EtotHF)                          -7.6059154535E+001  
 Singles correction (EcSingles)                    -2.8183087309E-003  
 HF contribution (EtotHF)                          -7.6059154535E+001  
 Singles correction (EcSingles)                    -2.8183087309E-003  
 Direct RPA correlation (EcRPA)                    -4.0745156475E-001  
 HF contribution (EtotHF)                          -7.6060737799E+001  
 Singles correction (EcSingles)                    -2.7797520158E-003  
 HF contribution (EtotHF)                          -7.6060737799E+001  
 Singles correction (EcSingles)                    -2.7797520158E-003  
 Direct RPA correlation (EcRPA)                    -4.0646642622E-001  
 HF contribution (EtotHF)                          -7.6059904331E+001  
 Singles correction (EcSingles)                    -2.8029505611E-003  
 HF contribution (EtotHF)                          -7.6059904331E+001  
 Singles correction (EcSingles)                    -2.8029505611E-003  
 Direct RPA correlation (EcRPA)                    -4.0673276609E-001  
 HF contribution (EtotHF)                          -1.5212221100E+002  
 Singles correction (EcSingles)                    -6.1480109624E-003  
 HF contribution (EtotHF)                          -1.5212221100E+002  
 Singles correction (EcSingles)                    -6.1480109624E-003  
 Direct RPA correlation (EcRPA)                    -8.1691280130E-001  
 HF contribution (EtotHF)                          -1.5212107970E+002  
 Singles correction (EcSingles)                    -5.5771048681E-003  
 HF contribution (EtotHF)                          -1.5212107970E+002  
 Singles correction (EcSingles)                    -5.5771048681E-003  
 Direct RPA correlation (EcRPA)                    -8.1314186695E-001  
 HF contribution (EtotHF)                          -1.5211902544E+002  
 Singles correction (EcSingles)                    -5.6213044123E-003  
 HF contribution (EtotHF)                          -1.5211902544E+002  
 Singles correction (EcSingles)                    -5.6213044123E-003  
 Direct RPA correlation (EcRPA)                    -8.1418967224E-001  
 HF contribution (EtotHF)                          -4.0212728438E+001  
 Singles correction (EcSingles)                    -2.8558452104E-003  
 HF contribution (EtotHF)                          -4.0212728438E+001  
 Singles correction (EcSingles)                    -2.8558452104E-003  
 Direct RPA correlation (EcRPA)                    -3.4415014382E-001  
 HF contribution (EtotHF)                          -1.1627158260E+002  
 Singles correction (EcSingles)                    -5.7265969191E-003  
 HF contribution (EtotHF)                          -1.1627158260E+002  
 Singles correction (EcSingles)                    -5.7265969191E-003  
 Direct RPA correlation (EcRPA)                    -7.5229775298E-001  
 HF contribution (EtotHF)                          -1.1627313420E+002  
 Singles correction (EcSingles)                    -5.6708912686E-003  
 HF contribution (EtotHF)                          -1.1627313420E+002  
 Singles correction (EcSingles)                    -5.6708912686E-003  
 Direct RPA correlation (EcRPA)                    -7.5114903598E-001  
 HF contribution (EtotHF)                          -1.1627175010E+002  
 Singles correction (EcSingles)                    -5.7798107294E-003  
 HF contribution (EtotHF)                          -1.1627175010E+002  
 Singles correction (EcSingles)                    -5.7798107294E-003  
 Direct RPA correlation (EcRPA)                    -7.5183846831E-001  
 HF contribution (EtotHF)                          -2.2818258004E+002  
 Singles correction (EcSingles)                    -8.9463978155E-003  
 HF contribution (EtotHF)                          -2.2818258004E+002  
 Singles correction (EcSingles)                    -8.9463978155E-003  
 Direct RPA correlation (EcRPA)                    -1.2235950643E+000  
 HF contribution (EtotHF)                          -1.9233432648E+002  
 Singles correction (EcSingles)                    -9.0954588623E-003  
 HF contribution (EtotHF)                          -1.9233432648E+002  
 Singles correction (EcSingles)                    -9.0954588623E-003  
 Direct RPA correlation (EcRPA)                    -1.1622552914E+000  
 HF contribution (EtotHF)                          -1.9233058894E+002  
 Singles correction (EcSingles)                    -8.6513498471E-003  
 HF contribution (EtotHF)                          -1.9233058894E+002  
 Singles correction (EcSingles)                    -8.6513498471E-003  
 Direct RPA correlation (EcRPA)                    -1.1599952920E+000  
 HF contribution (EtotHF)                          -1.9233256548E+002  
 Singles correction (EcSingles)                    -8.5891123191E-003  
 HF contribution (EtotHF)                          -1.9233256548E+002  
 Singles correction (EcSingles)                    -8.5891123191E-003  
 Direct RPA correlation (EcRPA)                    -1.1587857870E+000  
