 Converged energy                           -269.770319009384
 Converged energy                            -76.420809642512
 Converged energy                            -76.421027686182
 Converged energy                            -76.421888729116
 Converged energy                           -152.843422436752
 Converged energy                           -152.843020571493
 Converged energy                           -152.842396822454
 Converged energy                            -40.504187432765
 Converged energy                           -116.925300552959
 Converged energy                           -116.925650762323
 Converged energy                           -116.926439063318
 Converged energy                           -229.265110002840
 Converged energy                           -193.348279311494
 Converged energy                           -193.347299008009
 Converged energy                           -193.347946525319
 HF contribution (EtotHF)                          -2.6839277652E+002  
 Singles correction (EcSingles)                    -1.1390115957E-002  
 HF contribution (EtotHF)                          -2.6839277652E+002  
 Singles correction (EcSingles)                    -1.1390115957E-002  
 Direct RPA correlation (EcRPA)                    -1.5658580262E+000  
 HF contribution (EtotHF)                          -7.6059126008E+001  
 Singles correction (EcSingles)                    -2.8144467448E-003  
 HF contribution (EtotHF)                          -7.6059126008E+001  
 Singles correction (EcSingles)                    -2.8144467448E-003  
 Direct RPA correlation (EcRPA)                    -4.0692964740E-001  
 HF contribution (EtotHF)                          -7.6059448008E+001  
 Singles correction (EcSingles)                    -2.8060657186E-003  
 HF contribution (EtotHF)                          -7.6059448008E+001  
 Singles correction (EcSingles)                    -2.8060657186E-003  
 Direct RPA correlation (EcRPA)                    -4.0675616550E-001  
 HF contribution (EtotHF)                          -7.6060665393E+001  
 Singles correction (EcSingles)                    -2.7792144793E-003  
 HF contribution (EtotHF)                          -7.6060665393E+001  
 Singles correction (EcSingles)                    -2.7792144793E-003  
 Direct RPA correlation (EcRPA)                    -4.0624105521E-001  
 HF contribution (EtotHF)                          -1.5212011735E+002  
 Singles correction (EcSingles)                    -5.6337389573E-003  
 HF contribution (EtotHF)                          -1.5212011735E+002  
 Singles correction (EcSingles)                    -5.6337389573E-003  
 Direct RPA correlation (EcRPA)                    -8.1370067865E-001  
 HF contribution (EtotHF)                          -1.5212022197E+002  
 Singles correction (EcSingles)                    -5.5846333128E-003  
 HF contribution (EtotHF)                          -1.5212022197E+002  
 Singles correction (EcSingles)                    -5.5846333128E-003  
 Direct RPA correlation (EcRPA)                    -8.1299495480E-001  
 HF contribution (EtotHF)                          -1.5211945169E+002  
 Singles correction (EcSingles)                    -5.5984344856E-003  
 HF contribution (EtotHF)                          -1.5211945169E+002  
 Singles correction (EcSingles)                    -5.5984344856E-003  
 Direct RPA correlation (EcRPA)                    -8.1322951723E-001  
 HF contribution (EtotHF)                          -4.0212730495E+001  
 Singles correction (EcSingles)                    -2.8554519309E-003  
 HF contribution (EtotHF)                          -4.0212730495E+001  
 Singles correction (EcSingles)                    -2.8554519309E-003  
 Direct RPA correlation (EcRPA)                    -3.4413158968E-001  
 HF contribution (EtotHF)                          -1.1627155577E+002  
 Singles correction (EcSingles)                    -5.7223210168E-003  
 HF contribution (EtotHF)                          -1.1627155577E+002  
 Singles correction (EcSingles)                    -5.7223210168E-003  
 Direct RPA correlation (EcRPA)                    -7.5175492250E-001  
 HF contribution (EtotHF)                          -1.1627216098E+002  
 Singles correction (EcSingles)                    -5.6911062245E-003  
 HF contribution (EtotHF)                          -1.1627216098E+002  
 Singles correction (EcSingles)                    -5.6911062245E-003  
 Direct RPA correlation (EcRPA)                    -7.5140105235E-001  
 HF contribution (EtotHF)                          -1.1627333260E+002  
 Singles correction (EcSingles)                    -5.6629393780E-003  
 HF contribution (EtotHF)                          -1.1627333260E+002  
 Singles correction (EcSingles)                    -5.6629393780E-003  
 Direct RPA correlation (EcRPA)                    -7.5086852553E-001  
 HF contribution (EtotHF)                          -2.2818054878E+002  
 Singles correction (EcSingles)                    -8.4169066967E-003  
 HF contribution (EtotHF)                          -2.2818054878E+002  
 Singles correction (EcSingles)                    -8.4169066967E-003  
 Direct RPA correlation (EcRPA)                    -1.2199976257E+000  
 HF contribution (EtotHF)                          -1.9233243456E+002  
 Singles correction (EcSingles)                    -8.5770624815E-003  
 HF contribution (EtotHF)                          -1.9233243456E+002  
 Singles correction (EcSingles)                    -8.5770624815E-003  
 Direct RPA correlation (EcRPA)                    -1.1590501057E+000  
 HF contribution (EtotHF)                          -1.9233186638E+002  
 Singles correction (EcSingles)                    -8.5342466421E-003  
 HF contribution (EtotHF)                          -1.9233186638E+002  
 Singles correction (EcSingles)                    -8.5342466421E-003  
 Direct RPA correlation (EcRPA)                    -1.1585485598E+000  
 HF contribution (EtotHF)                          -1.9233279636E+002  
 Singles correction (EcSingles)                    -8.4998877438E-003  
 HF contribution (EtotHF)                          -1.9233279636E+002  
 Singles correction (EcSingles)                    -8.4998877438E-003  
 Direct RPA correlation (EcRPA)                    -1.1581530204E+000  
