 Converged energy                           -269.777282112377
 Converged energy                            -76.421308253366
 Converged energy                            -76.421926621543
 Converged energy                            -76.422079993708
 Converged energy                           -152.842731855901
 Converged energy                           -152.843975331969
 Converged energy                           -152.851201868242
 Converged energy                            -40.504187062857
 Converged energy                           -116.925674254148
 Converged energy                           -116.926210812859
 Converged energy                           -116.926420830522
 Converged energy                           -229.272561096113
 Converged energy                           -193.347210468855
 Converged energy                           -193.355787434765
 Converged energy                           -193.348430965697
 HF contribution (EtotHF)                          -2.6839399915E+002  
 Singles correction (EcSingles)                    -1.2033643105E-002  
 HF contribution (EtotHF)                          -2.6839399915E+002  
 Singles correction (EcSingles)                    -1.2033643105E-002  
 Direct RPA correlation (EcRPA)                    -1.5696705307E+000  
 HF contribution (EtotHF)                          -7.6059813566E+001  
 Singles correction (EcSingles)                    -2.8022214169E-003  
 HF contribution (EtotHF)                          -7.6059813566E+001  
 Singles correction (EcSingles)                    -2.8022214169E-003  
 Direct RPA correlation (EcRPA)                    -4.0692876134E-001  
 HF contribution (EtotHF)                          -7.6060725126E+001  
 Singles correction (EcSingles)                    -2.7774700568E-003  
 HF contribution (EtotHF)                          -7.6060725126E+001  
 Singles correction (EcSingles)                    -2.7774700568E-003  
 Direct RPA correlation (EcRPA)                    -4.0621623350E-001  
 HF contribution (EtotHF)                          -7.6060772298E+001  
 Singles correction (EcSingles)                    -2.7902630310E-003  
 HF contribution (EtotHF)                          -7.6060772298E+001  
 Singles correction (EcSingles)                    -2.7902630310E-003  
 Direct RPA correlation (EcRPA)                    -4.0703216529E-001  
 HF contribution (EtotHF)                          -1.5211992373E+002  
 Singles correction (EcSingles)                    -5.5946964142E-003  
 HF contribution (EtotHF)                          -1.5211992373E+002  
 Singles correction (EcSingles)                    -5.5946964142E-003  
 Direct RPA correlation (EcRPA)                    -8.1331502307E-001  
 HF contribution (EtotHF)                          -1.5212146682E+002  
 Singles correction (EcSingles)                    -5.5679243858E-003  
 HF contribution (EtotHF)                          -1.5212146682E+002  
 Singles correction (EcSingles)                    -5.5679243858E-003  
 Direct RPA correlation (EcRPA)                    -8.1325624658E-001  
 HF contribution (EtotHF)                          -1.5212251372E+002  
 Singles correction (EcSingles)                    -6.1890864018E-003  
 HF contribution (EtotHF)                          -1.5212251372E+002  
 Singles correction (EcSingles)                    -6.1890864018E-003  
 Direct RPA correlation (EcRPA)                    -8.1716750658E-001  
 HF contribution (EtotHF)                          -4.0212729601E+001  
 Singles correction (EcSingles)                    -2.8556045370E-003  
 HF contribution (EtotHF)                          -4.0212729601E+001  
 Singles correction (EcSingles)                    -2.8556045370E-003  
 Direct RPA correlation (EcRPA)                    -3.4414546227E-001  
 HF contribution (EtotHF)                          -1.1627233100E+002  
 Singles correction (EcSingles)                    -5.6908211926E-003  
 HF contribution (EtotHF)                          -1.1627233100E+002  
 Singles correction (EcSingles)                    -5.6908211926E-003  
 Direct RPA correlation (EcRPA)                    -7.5155914721E-001  
 HF contribution (EtotHF)                          -1.1627312288E+002  
 Singles correction (EcSingles)                    -5.6682136610E-003  
 HF contribution (EtotHF)                          -1.1627312288E+002  
 Singles correction (EcSingles)                    -5.6682136610E-003  
 Direct RPA correlation (EcRPA)                    -7.5089371162E-001  
 HF contribution (EtotHF)                          -1.1627252626E+002  
 Singles correction (EcSingles)                    -5.7857651276E-003  
 HF contribution (EtotHF)                          -1.1627252626E+002  
 Singles correction (EcSingles)                    -5.7857651276E-003  
 Direct RPA correlation (EcRPA)                    -7.5223116354E-001  
 HF contribution (EtotHF)                          -2.2818256161E+002  
 Singles correction (EcSingles)                    -8.9820913364E-003  
 HF contribution (EtotHF)                          -2.2818256161E+002  
 Singles correction (EcSingles)                    -8.9820913364E-003  
 Direct RPA correlation (EcRPA)                    -1.2235607755E+000  
 HF contribution (EtotHF)                          -1.9233214034E+002  
 Singles correction (EcSingles)                    -8.5177299593E-003  
 HF contribution (EtotHF)                          -1.9233214034E+002  
 Singles correction (EcSingles)                    -8.5177299593E-003  
 Direct RPA correlation (EcRPA)                    -1.1584609917E+000  
 HF contribution (EtotHF)                          -1.9233421790E+002  
 Singles correction (EcSingles)                    -9.2079676649E-003  
 HF contribution (EtotHF)                          -1.9233421790E+002  
 Singles correction (EcSingles)                    -9.2079676649E-003  
 Direct RPA correlation (EcRPA)                    -1.1627721729E+000  
 HF contribution (EtotHF)                          -1.9233291641E+002  
 Singles correction (EcSingles)                    -8.5967067245E-003  
 HF contribution (EtotHF)                          -1.9233291641E+002  
 Singles correction (EcSingles)                    -8.5967067245E-003  
 Direct RPA correlation (EcRPA)                    -1.1589796994E+000  
