 Converged energy                           -269.779665456657
 Converged energy                            -76.421317417814
 Converged energy                            -76.422197019470
 Converged energy                            -76.422193742814
 Converged energy                           -152.852298788259
 Converged energy                           -152.844128653664
 Converged energy                           -152.843637028814
 Converged energy                            -40.504187987690
 Converged energy                           -116.925684297465
 Converged energy                           -116.927015142719
 Converged energy                           -116.926719064378
 Converged energy                           -229.274336613279
 Converged energy                           -193.357255452860
 Converged energy                           -193.348315877825
 Converged energy                           -193.349337678397
 HF contribution (EtotHF)                          -2.6839757536E+002  
 Singles correction (EcSingles)                    -1.2000136083E-002  
 HF contribution (EtotHF)                          -2.6839757536E+002  
 Singles correction (EcSingles)                    -1.2000136083E-002  
 Direct RPA correlation (EcRPA)                    -1.5689223874E+000  
 HF contribution (EtotHF)                          -7.6059824104E+001  
 Singles correction (EcSingles)                    -2.8029134602E-003  
 HF contribution (EtotHF)                          -7.6059824104E+001  
 Singles correction (EcSingles)                    -2.8029134602E-003  
 Direct RPA correlation (EcRPA)                    -4.0707010065E-001  
 HF contribution (EtotHF)                          -7.6060989374E+001  
 Singles correction (EcSingles)                    -2.7805313058E-003  
 HF contribution (EtotHF)                          -7.6060989374E+001  
 Singles correction (EcSingles)                    -2.7805313058E-003  
 Direct RPA correlation (EcRPA)                    -4.0649021502E-001  
 HF contribution (EtotHF)                          -7.6060986890E+001  
 Singles correction (EcSingles)                    -2.7788778419E-003  
 HF contribution (EtotHF)                          -7.6060986890E+001  
 Singles correction (EcSingles)                    -2.7788778419E-003  
 Direct RPA correlation (EcRPA)                    -4.0631165707E-001  
 HF contribution (EtotHF)                          -1.5212546395E+002  
 Singles correction (EcSingles)                    -6.0580573224E-003  
 HF contribution (EtotHF)                          -1.5212546395E+002  
 Singles correction (EcSingles)                    -6.0580573224E-003  
 Direct RPA correlation (EcRPA)                    -8.1594847968E-001  
 HF contribution (EtotHF)                          -1.5212168247E+002  
 Singles correction (EcSingles)                    -5.5635395851E-003  
 HF contribution (EtotHF)                          -1.5212168247E+002  
 Singles correction (EcSingles)                    -5.5635395851E-003  
 Direct RPA correlation (EcRPA)                    -8.1285248229E-001  
 HF contribution (EtotHF)                          -1.5212095408E+002  
 Singles correction (EcSingles)                    -5.5796647362E-003  
 HF contribution (EtotHF)                          -1.5212095408E+002  
 Singles correction (EcSingles)                    -5.5796647362E-003  
 Direct RPA correlation (EcRPA)                    -8.1336091609E-001  
 HF contribution (EtotHF)                          -4.0212731287E+001  
 Singles correction (EcSingles)                    -2.8556198882E-003  
 HF contribution (EtotHF)                          -4.0212731287E+001  
 Singles correction (EcSingles)                    -2.8556198882E-003  
 Direct RPA correlation (EcRPA)                    -3.4415085265E-001  
 HF contribution (EtotHF)                          -1.1627234331E+002  
 Singles correction (EcSingles)                    -5.6915187233E-003  
 HF contribution (EtotHF)                          -1.1627234331E+002  
 Singles correction (EcSingles)                    -5.6915187233E-003  
 Direct RPA correlation (EcRPA)                    -7.5170719177E-001  
 HF contribution (EtotHF)                          -1.1627347084E+002  
 Singles correction (EcSingles)                    -5.7339144873E-003  
 HF contribution (EtotHF)                          -1.1627347084E+002  
 Singles correction (EcSingles)                    -5.7339144873E-003  
 Direct RPA correlation (EcRPA)                    -7.5144834952E-001  
 HF contribution (EtotHF)                          -1.1627272344E+002  
 Singles correction (EcSingles)                    -5.7998194030E-003  
 HF contribution (EtotHF)                          -1.1627272344E+002  
 Singles correction (EcSingles)                    -5.7998194030E-003  
 Direct RPA correlation (EcRPA)                    -7.5165444390E-001  
 HF contribution (EtotHF)                          -2.2818628112E+002  
 Singles correction (EcSingles)                    -8.8389231263E-003  
 HF contribution (EtotHF)                          -2.2818628112E+002  
 Singles correction (EcSingles)                    -8.8389231263E-003  
 Direct RPA correlation (EcRPA)                    -1.2222901022E+000  
 HF contribution (EtotHF)                          -1.9233771798E+002  
 Singles correction (EcSingles)                    -9.0540309484E-003  
 HF contribution (EtotHF)                          -1.9233771798E+002  
 Singles correction (EcSingles)                    -9.0540309484E-003  
 Direct RPA correlation (EcRPA)                    -1.1613861859E+000  
 HF contribution (EtotHF)                          -1.9233244900E+002  
 Singles correction (EcSingles)                    -8.6338321214E-003  
 HF contribution (EtotHF)                          -1.9233244900E+002  
 Singles correction (EcSingles)                    -8.6338321214E-003  
 Direct RPA correlation (EcRPA)                    -1.1591962461E+000  
 HF contribution (EtotHF)                          -1.9233322731E+002  
 Singles correction (EcSingles)                    -8.6818807239E-003  
 HF contribution (EtotHF)                          -1.9233322731E+002  
 Singles correction (EcSingles)                    -8.6818807239E-003  
 Direct RPA correlation (EcRPA)                    -1.1589990585E+000  
