 Converged energy                           -269.770922232693
 Converged energy                            -76.421288972991
 Converged energy                            -76.421795348647
 Converged energy                            -76.421608454607
 Converged energy                           -152.842754574389
 Converged energy                           -152.843551717034
 Converged energy                           -152.843688658850
 Converged energy                            -40.504188686149
 Converged energy                           -116.925657008239
 Converged energy                           -116.926666023107
 Converged energy                           -116.926338618310
 Converged energy                           -229.265307730694
 Converged energy                           -193.347859964628
 Converged energy                           -193.348597382647
 Converged energy                           -193.348932611418
 HF contribution (EtotHF)                          -2.6839228543E+002  
 Singles correction (EcSingles)                    -1.1580785797E-002  
 HF contribution (EtotHF)                          -2.6839228543E+002  
 Singles correction (EcSingles)                    -1.1580785797E-002  
 Direct RPA correlation (EcRPA)                    -1.5666448385E+000  
 HF contribution (EtotHF)                          -7.6059799948E+001  
 Singles correction (EcSingles)                    -2.7993814007E-003  
 HF contribution (EtotHF)                          -7.6059799948E+001  
 Singles correction (EcSingles)                    -2.7993814007E-003  
 Direct RPA correlation (EcRPA)                    -4.0663287908E-001  
 HF contribution (EtotHF)                          -7.6060483680E+001  
 Singles correction (EcSingles)                    -2.7855024327E-003  
 HF contribution (EtotHF)                          -7.6060483680E+001  
 Singles correction (EcSingles)                    -2.7855024327E-003  
 Direct RPA correlation (EcRPA)                    -4.0642371295E-001  
 HF contribution (EtotHF)                          -7.6060154607E+001  
 Singles correction (EcSingles)                    -2.7971640957E-003  
 HF contribution (EtotHF)                          -7.6060154607E+001  
 Singles correction (EcSingles)                    -2.7971640957E-003  
 Direct RPA correlation (EcRPA)                    -4.0666399851E-001  
 HF contribution (EtotHF)                          -1.5211991827E+002  
 Singles correction (EcSingles)                    -5.5896201996E-003  
 HF contribution (EtotHF)                          -1.5211991827E+002  
 Singles correction (EcSingles)                    -5.5896201996E-003  
 Direct RPA correlation (EcRPA)                    -8.1311716260E-001  
 HF contribution (EtotHF)                          -1.5212079645E+002  
 Singles correction (EcSingles)                    -5.5815487210E-003  
 HF contribution (EtotHF)                          -1.5212079645E+002  
 Singles correction (EcSingles)                    -5.5815487210E-003  
 Direct RPA correlation (EcRPA)                    -8.1307890749E-001  
 HF contribution (EtotHF)                          -1.5212061773E+002  
 Singles correction (EcSingles)                    -5.6245279414E-003  
 HF contribution (EtotHF)                          -1.5212061773E+002  
 Singles correction (EcSingles)                    -5.6245279414E-003  
 Direct RPA correlation (EcRPA)                    -8.1341922360E-001  
 HF contribution (EtotHF)                          -4.0212731298E+001  
 Singles correction (EcSingles)                    -2.8556800582E-003  
 HF contribution (EtotHF)                          -4.0212731298E+001  
 Singles correction (EcSingles)                    -2.8556800582E-003  
 Direct RPA correlation (EcRPA)                    -3.4415697045E-001  
 HF contribution (EtotHF)                          -1.1627231906E+002  
 Singles correction (EcSingles)                    -5.6880077311E-003  
 HF contribution (EtotHF)                          -1.1627231906E+002  
 Singles correction (EcSingles)                    -5.6880077311E-003  
 Direct RPA correlation (EcRPA)                    -7.5127416848E-001  
 HF contribution (EtotHF)                          -1.1627282269E+002  
 Singles correction (EcSingles)                    -5.7582891326E-003  
 HF contribution (EtotHF)                          -1.1627282269E+002  
 Singles correction (EcSingles)                    -5.7582891326E-003  
 Direct RPA correlation (EcRPA)                    -7.5153782115E-001  
 HF contribution (EtotHF)                          -1.1627212069E+002  
 Singles correction (EcSingles)                    -5.8111904205E-003  
 HF contribution (EtotHF)                          -1.1627212069E+002  
 Singles correction (EcSingles)                    -5.8111904205E-003  
 Direct RPA correlation (EcRPA)                    -7.5197660507E-001  
 HF contribution (EtotHF)                          -2.2818090014E+002  
 Singles correction (EcSingles)                    -8.4136433168E-003  
 HF contribution (EtotHF)                          -2.2818090014E+002  
 Singles correction (EcSingles)                    -8.4136433168E-003  
 Direct RPA correlation (EcRPA)                    -1.2198939610E+000  
 HF contribution (EtotHF)                          -1.9233211699E+002  
 Singles correction (EcSingles)                    -8.5925403354E-003  
 HF contribution (EtotHF)                          -1.9233211699E+002  
 Singles correction (EcSingles)                    -8.5925403354E-003  
 Direct RPA correlation (EcRPA)                    -1.1587014688E+000  
 HF contribution (EtotHF)                          -1.9233235480E+002  
 Singles correction (EcSingles)                    -8.6770414998E-003  
 HF contribution (EtotHF)                          -1.9233235480E+002  
 Singles correction (EcSingles)                    -8.6770414998E-003  
 Direct RPA correlation (EcRPA)                    -1.1592204510E+000  
 HF contribution (EtotHF)                          -1.9233233953E+002  
 Singles correction (EcSingles)                    -8.7129890826E-003  
 HF contribution (EtotHF)                          -1.9233233953E+002  
 Singles correction (EcSingles)                    -8.7129890826E-003  
 Direct RPA correlation (EcRPA)                    -1.1593550709E+000  
