 Converged energy                           -269.769246313147
 Converged energy                            -76.421285311253
 Converged energy                            -76.421795261846
 Converged energy                            -76.421441620188
 Converged energy                           -152.842750814781
 Converged energy                           -152.842811563628
 Converged energy                           -152.842992879042
 Converged energy                            -40.504188590824
 Converged energy                           -116.925653387485
 Converged energy                           -116.926665859546
 Converged energy                           -116.925743532960
 Converged energy                           -229.264031164678
 Converged energy                           -193.347856276120
 Converged energy                           -193.347442074352
 Converged energy                           -193.347823313304
 HF contribution (EtotHF)                          -2.6839092234E+002  
 Singles correction (EcSingles)                    -1.1523577759E-002  
 HF contribution (EtotHF)                          -2.6839092234E+002  
 Singles correction (EcSingles)                    -1.1523577759E-002  
 Direct RPA correlation (EcRPA)                    -1.5664284096E+000  
 HF contribution (EtotHF)                          -7.6059795981E+001  
 Singles correction (EcSingles)                    -2.7991937307E-003  
 HF contribution (EtotHF)                          -7.6059795981E+001  
 Singles correction (EcSingles)                    -2.7991937307E-003  
 Direct RPA correlation (EcRPA)                    -4.0660918607E-001  
 HF contribution (EtotHF)                          -7.6060483695E+001  
 Singles correction (EcSingles)                    -2.7854699280E-003  
 HF contribution (EtotHF)                          -7.6060483695E+001  
 Singles correction (EcSingles)                    -2.7854699280E-003  
 Direct RPA correlation (EcRPA)                    -4.0642360898E-001  
 HF contribution (EtotHF)                          -7.6059904601E+001  
 Singles correction (EcSingles)                    -2.8028822705E-003  
 HF contribution (EtotHF)                          -7.6059904601E+001  
 Singles correction (EcSingles)                    -2.8028822705E-003  
 Direct RPA correlation (EcRPA)                    -4.0673347989E-001  
 HF contribution (EtotHF)                          -1.5211991431E+002  
 Singles correction (EcSingles)                    -5.5894012171E-003  
 HF contribution (EtotHF)                          -1.5211991431E+002  
 Singles correction (EcSingles)                    -5.5894012171E-003  
 Direct RPA correlation (EcRPA)                    -8.1309336919E-001  
 HF contribution (EtotHF)                          -1.5211990223E+002  
 Singles correction (EcSingles)                    -5.5970159974E-003  
 HF contribution (EtotHF)                          -1.5211990223E+002  
 Singles correction (EcSingles)                    -5.5970159974E-003  
 Direct RPA correlation (EcRPA)                    -8.1325482586E-001  
 HF contribution (EtotHF)                          -1.5211999729E+002  
 Singles correction (EcSingles)                    -5.5982568370E-003  
 HF contribution (EtotHF)                          -1.5211999729E+002  
 Singles correction (EcSingles)                    -5.5982568370E-003  
 Direct RPA correlation (EcRPA)                    -8.1330425026E-001  
 HF contribution (EtotHF)                          -4.0212730855E+001  
 Singles correction (EcSingles)                    -2.8555857628E-003  
 HF contribution (EtotHF)                          -4.0212730855E+001  
 Singles correction (EcSingles)                    -2.8555857628E-003  
 Direct RPA correlation (EcRPA)                    -3.4415224963E-001  
 HF contribution (EtotHF)                          -1.1627231471E+002  
 Singles correction (EcSingles)                    -5.6877498681E-003  
 HF contribution (EtotHF)                          -1.1627231471E+002  
 Singles correction (EcSingles)                    -5.6877498681E-003  
 Direct RPA correlation (EcRPA)                    -7.5124524362E-001  
 HF contribution (EtotHF)                          -1.1627282231E+002  
 Singles correction (EcSingles)                    -5.7581448301E-003  
 HF contribution (EtotHF)                          -1.1627282231E+002  
 Singles correction (EcSingles)                    -5.7581448301E-003  
 Direct RPA correlation (EcRPA)                    -7.5153305928E-001  
 HF contribution (EtotHF)                          -1.1627175280E+002  
 Singles correction (EcSingles)                    -5.7794796451E-003  
 HF contribution (EtotHF)                          -1.1627175280E+002  
 Singles correction (EcSingles)                    -5.7794796451E-003  
 Direct RPA correlation (EcRPA)                    -7.5184118291E-001  
 HF contribution (EtotHF)                          -2.2817962763E+002  
 Singles correction (EcSingles)                    -8.3971231477E-003  
 HF contribution (EtotHF)                          -2.2817962763E+002  
 Singles correction (EcSingles)                    -8.3971231477E-003  
 Direct RPA correlation (EcRPA)                    -1.2198862872E+000  
 HF contribution (EtotHF)                          -1.9233211267E+002  
 Singles correction (EcSingles)                    -8.5922533386E-003  
 HF contribution (EtotHF)                          -1.9233211267E+002  
 Singles correction (EcSingles)                    -8.5922533386E-003  
 Direct RPA correlation (EcRPA)                    -1.1586725216E+000  
 HF contribution (EtotHF)                          -1.9233159985E+002  
 Singles correction (EcSingles)                    -8.6079474503E-003  
 HF contribution (EtotHF)                          -1.9233159985E+002  
 Singles correction (EcSingles)                    -8.6079474503E-003  
 Direct RPA correlation (EcRPA)                    -1.1588986121E+000  
 HF contribution (EtotHF)                          -1.9233137018E+002  
 Singles correction (EcSingles)                    -8.6931267375E-003  
 HF contribution (EtotHF)                          -1.9233137018E+002  
 Singles correction (EcSingles)                    -8.6931267375E-003  
 Direct RPA correlation (EcRPA)                    -1.1593243386E+000  
