 Converged energy                           -269.778071181895
 Converged energy                            -76.421310181547
 Converged energy                            -76.422082948079
 Converged energy                            -76.421610646881
 Converged energy                           -152.851206720979
 Converged energy                           -152.843077793375
 Converged energy                           -152.843712530726
 Converged energy                            -40.504188171976
 Converged energy                           -116.925677285378
 Converged energy                           -116.926424939446
 Converged energy                           -116.926340331982
 Converged energy                           -229.272976836482
 Converged energy                           -193.355793355445
 Converged energy                           -193.348620305422
 Converged energy                           -193.347921007023
 HF contribution (EtotHF)                          -2.6839324371E+002  
 Singles correction (EcSingles)                    -1.2268198122E-002  
 HF contribution (EtotHF)                          -2.6839324371E+002  
 Singles correction (EcSingles)                    -1.2268198122E-002  
 Direct RPA correlation (EcRPA)                    -1.5712027737E+000  
 HF contribution (EtotHF)                          -7.6059815582E+001  
 Singles correction (EcSingles)                    -2.8022768931E-003  
 HF contribution (EtotHF)                          -7.6059815582E+001  
 Singles correction (EcSingles)                    -2.8022768931E-003  
 Direct RPA correlation (EcRPA)                    -4.0694614557E-001  
 HF contribution (EtotHF)                          -7.6060775138E+001  
 Singles correction (EcSingles)                    -2.7904018411E-003  
 HF contribution (EtotHF)                          -7.6060775138E+001  
 Singles correction (EcSingles)                    -2.7904018411E-003  
 Direct RPA correlation (EcRPA)                    -4.0706030677E-001  
 HF contribution (EtotHF)                          -7.6060155817E+001  
 Singles correction (EcSingles)                    -2.7975643397E-003  
 HF contribution (EtotHF)                          -7.6060155817E+001  
 Singles correction (EcSingles)                    -2.7975643397E-003  
 Direct RPA correlation (EcRPA)                    -4.0669995601E-001  
 HF contribution (EtotHF)                          -1.5212251872E+002  
 Singles correction (EcSingles)                    -6.1892784876E-003  
 HF contribution (EtotHF)                          -1.5212251872E+002  
 Singles correction (EcSingles)                    -6.1892784876E-003  
 Direct RPA correlation (EcRPA)                    -8.1721370078E-001  
 HF contribution (EtotHF)                          -1.5211999359E+002  
 Singles correction (EcSingles)                    -5.6457084741E-003  
 HF contribution (EtotHF)                          -1.5211999359E+002  
 Singles correction (EcSingles)                    -5.6457084741E-003  
 Direct RPA correlation (EcRPA)                    -8.1412391532E-001  
 HF contribution (EtotHF)                          -1.5212063449E+002  
 Singles correction (EcSingles)                    -5.6278767623E-003  
 HF contribution (EtotHF)                          -1.5212063449E+002  
 Singles correction (EcSingles)                    -5.6278767623E-003  
 Direct RPA correlation (EcRPA)                    -8.1376915154E-001  
 HF contribution (EtotHF)                          -4.0212730898E+001  
 Singles correction (EcSingles)                    -2.8557728013E-003  
 HF contribution (EtotHF)                          -4.0212730898E+001  
 Singles correction (EcSingles)                    -2.8557728013E-003  
 Direct RPA correlation (EcRPA)                    -3.4416536402E-001  
 HF contribution (EtotHF)                          -1.1627233432E+002  
 Singles correction (EcSingles)                    -5.6910516317E-003  
 HF contribution (EtotHF)                          -1.1627233432E+002  
 Singles correction (EcSingles)                    -5.6910516317E-003  
 Direct RPA correlation (EcRPA)                    -7.5159673367E-001  
 HF contribution (EtotHF)                          -1.1627253045E+002  
 Singles correction (EcSingles)                    -5.7860881749E-003  
 HF contribution (EtotHF)                          -1.1627253045E+002  
 Singles correction (EcSingles)                    -5.7860881749E-003  
 Direct RPA correlation (EcRPA)                    -7.5227967619E-001  
 HF contribution (EtotHF)                          -1.1627212150E+002  
 Singles correction (EcSingles)                    -5.8116937956E-003  
 HF contribution (EtotHF)                          -1.1627212150E+002  
 Singles correction (EcSingles)                    -5.8116937956E-003  
 Direct RPA correlation (EcRPA)                    -7.5202127932E-001  
 HF contribution (EtotHF)                          -2.2818237111E+002  
 Singles correction (EcSingles)                    -9.0781476144E-003  
 HF contribution (EtotHF)                          -2.2818237111E+002  
 Singles correction (EcSingles)                    -9.0781476144E-003  
 Direct RPA correlation (EcRPA)                    -1.2244167381E+000  
 HF contribution (EtotHF)                          -1.9233422427E+002  
 Singles correction (EcSingles)                    -9.2083485747E-003  
 HF contribution (EtotHF)                          -1.9233422427E+002  
 Singles correction (EcSingles)                    -9.2083485747E-003  
 Direct RPA correlation (EcRPA)                    -1.1628390450E+000  
 HF contribution (EtotHF)                          -1.9233237115E+002  
 Singles correction (EcSingles)                    -8.6805796516E-003  
 HF contribution (EtotHF)                          -1.9233237115E+002  
 Singles correction (EcSingles)                    -8.6805796516E-003  
 Direct RPA correlation (EcRPA)                    -1.1595800751E+000  
 HF contribution (EtotHF)                          -1.9233092268E+002  
 Singles correction (EcSingles)                    -8.8078398381E-003  
 HF contribution (EtotHF)                          -1.9233092268E+002  
 Singles correction (EcSingles)                    -8.8078398381E-003  
 Direct RPA correlation (EcRPA)                    -1.1605015699E+000  
