 Converged energy                           -269.768214019444
 Converged energy                            -76.421285825530
 Converged energy                            -76.419918260244
 Converged energy                            -76.421911124201
 Converged energy                           -152.841212058776
 Converged energy                           -152.841483181230
 Converged energy                           -152.843590699858
 Converged energy                            -40.504188441239
 Converged energy                           -116.925653636468
 Converged energy                           -116.924440427944
 Converged energy                           -116.926416669121
 Converged energy                           -229.263167391039
 Converged energy                           -193.345915152607
 Converged energy                           -193.348247336171
 Converged energy                           -193.346377433197
 HF contribution (EtotHF)                          -2.6839026538E+002  
 Singles correction (EcSingles)                    -1.1444905821E-002  
 HF contribution (EtotHF)                          -2.6839026538E+002  
 Singles correction (EcSingles)                    -1.1444905821E-002  
 Direct RPA correlation (EcRPA)                    -1.5662995299E+000  
 HF contribution (EtotHF)                          -7.6059796411E+001  
 Singles correction (EcSingles)                    -2.7992644776E-003  
 HF contribution (EtotHF)                          -7.6059796411E+001  
 Singles correction (EcSingles)                    -2.7992644776E-003  
 Direct RPA correlation (EcRPA)                    -4.0661224260E-001  
 HF contribution (EtotHF)                          -7.6057931836E+001  
 Singles correction (EcSingles)                    -2.8370429534E-003  
 HF contribution (EtotHF)                          -7.6057931836E+001  
 Singles correction (EcSingles)                    -2.8370429534E-003  
 Direct RPA correlation (EcRPA)                    -4.0729951301E-001  
 HF contribution (EtotHF)                          -7.6060603246E+001  
 Singles correction (EcSingles)                    -2.7857323533E-003  
 HF contribution (EtotHF)                          -7.6060603246E+001  
 Singles correction (EcSingles)                    -2.7857323533E-003  
 Direct RPA correlation (EcRPA)                    -4.0640758393E-001  
 HF contribution (EtotHF)                          -1.5211772919E+002  
 Singles correction (EcSingles)                    -5.6373443732E-003  
 HF contribution (EtotHF)                          -1.5211772919E+002  
 Singles correction (EcSingles)                    -5.6373443732E-003  
 Direct RPA correlation (EcRPA)                    -8.1393259983E-001  
 HF contribution (EtotHF)                          -1.5211815040E+002  
 Singles correction (EcSingles)                    -5.6279210670E-003  
 HF contribution (EtotHF)                          -1.5211815040E+002  
 Singles correction (EcSingles)                    -5.6279210670E-003  
 Direct RPA correlation (EcRPA)                    -8.1377211652E-001  
 HF contribution (EtotHF)                          -1.5212083921E+002  
 Singles correction (EcSingles)                    -5.5796085193E-003  
 HF contribution (EtotHF)                          -1.5212083921E+002  
 Singles correction (EcSingles)                    -5.5796085193E-003  
 Direct RPA correlation (EcRPA)                    -8.1296514405E-001  
 HF contribution (EtotHF)                          -4.0212732608E+001  
 Singles correction (EcSingles)                    -2.8551554704E-003  
 HF contribution (EtotHF)                          -4.0212732608E+001  
 Singles correction (EcSingles)                    -2.8551554704E-003  
 Direct RPA correlation (EcRPA)                    -3.4412732220E-001  
 HF contribution (EtotHF)                          -1.1627231682E+002  
 Singles correction (EcSingles)                    -5.6874077051E-003  
 HF contribution (EtotHF)                          -1.1627231682E+002  
 Singles correction (EcSingles)                    -5.6874077051E-003  
 Direct RPA correlation (EcRPA)                    -7.5122335517E-001  
 HF contribution (EtotHF)                          -1.1627055754E+002  
 Singles correction (EcSingles)                    -5.7242671219E-003  
 HF contribution (EtotHF)                          -1.1627055754E+002  
 Singles correction (EcSingles)                    -5.7242671219E-003  
 Direct RPA correlation (EcRPA)                    -7.5193590326E-001  
 HF contribution (EtotHF)                          -1.1627276779E+002  
 Singles correction (EcSingles)                    -5.7447448969E-003  
 HF contribution (EtotHF)                          -1.1627276779E+002  
 Singles correction (EcSingles)                    -5.7447448969E-003  
 Direct RPA correlation (EcRPA)                    -7.5136634564E-001  
 HF contribution (EtotHF)                          -2.2817838405E+002  
 Singles correction (EcSingles)                    -8.4228070359E-003  
 HF contribution (EtotHF)                          -2.2817838405E+002  
 Singles correction (EcSingles)                    -8.4228070359E-003  
 Direct RPA correlation (EcRPA)                    -1.2203505835E+000  
 HF contribution (EtotHF)                          -1.9233013490E+002  
 Singles correction (EcSingles)                    -8.5588084770E-003  
 HF contribution (EtotHF)                          -1.9233013490E+002  
 Singles correction (EcSingles)                    -8.5588084770E-003  
 Direct RPA correlation (EcRPA)                    -1.1590597935E+000  
 HF contribution (EtotHF)                          -1.9233276339E+002  
 Singles correction (EcSingles)                    -8.5712929438E-003  
 HF contribution (EtotHF)                          -1.9233276339E+002  
 Singles correction (EcSingles)                    -8.5712929438E-003  
 Direct RPA correlation (EcRPA)                    -1.1584126087E+000  
 HF contribution (EtotHF)                          -1.9233028015E+002  
 Singles correction (EcSingles)                    -8.6160687320E-003  
 HF contribution (EtotHF)                          -1.9233028015E+002  
 Singles correction (EcSingles)                    -8.6160687320E-003  
 Direct RPA correlation (EcRPA)                    -1.1592253797E+000  
