 Converged energy                           -269.770964978034
 Converged energy                            -76.421287570287
 Converged energy                            -76.421215892611
 Converged energy                            -76.421910994749
 Converged energy                           -152.843336788418
 Converged energy                           -152.843251519121
 Converged energy                           -152.843592350111
 Converged energy                            -40.504187894573
 Converged energy                           -116.925654854236
 Converged energy                           -116.925940375700
 Converged energy                           -116.926416224866
 Converged energy                           -229.265778810461
 Converged energy                           -193.348249607925
 Converged energy                           -193.348248668168
 Converged energy                           -193.348279708700
 HF contribution (EtotHF)                          -2.6839337561E+002  
 Singles correction (EcSingles)                    -1.1422521924E-002  
 HF contribution (EtotHF)                          -2.6839337561E+002  
 Singles correction (EcSingles)                    -1.1422521924E-002  
 Direct RPA correlation (EcRPA)                    -1.5657671484E+000  
 HF contribution (EtotHF)                          -7.6059798695E+001  
 Singles correction (EcSingles)                    -2.7992716226E-003  
 HF contribution (EtotHF)                          -7.6059798695E+001  
 Singles correction (EcSingles)                    -2.7992716226E-003  
 Direct RPA correlation (EcRPA)                    -4.0662307398E-001  
 HF contribution (EtotHF)                          -7.6059713163E+001  
 Singles correction (EcSingles)                    -2.8006862720E-003  
 HF contribution (EtotHF)                          -7.6059713163E+001  
 Singles correction (EcSingles)                    -2.8006862720E-003  
 Direct RPA correlation (EcRPA)                    -4.0667201367E-001  
 HF contribution (EtotHF)                          -7.6060603301E+001  
 Singles correction (EcSingles)                    -2.7856531472E-003  
 HF contribution (EtotHF)                          -7.6060603301E+001  
 Singles correction (EcSingles)                    -2.7856531472E-003  
 Direct RPA correlation (EcRPA)                    -4.0640586296E-001  
 HF contribution (EtotHF)                          -1.5212031849E+002  
 Singles correction (EcSingles)                    -5.6060812110E-003  
 HF contribution (EtotHF)                          -1.5212031849E+002  
 Singles correction (EcSingles)                    -5.6060812110E-003  
 Direct RPA correlation (EcRPA)                    -8.1333275007E-001  
 HF contribution (EtotHF)                          -1.5212045815E+002  
 Singles correction (EcSingles)                    -5.5842461947E-003  
 HF contribution (EtotHF)                          -1.5212045815E+002  
 Singles correction (EcSingles)                    -5.5842461947E-003  
 Direct RPA correlation (EcRPA)                    -8.1305739605E-001  
 HF contribution (EtotHF)                          -1.5212084160E+002  
 Singles correction (EcSingles)                    -5.5795370217E-003  
 HF contribution (EtotHF)                          -1.5212084160E+002  
 Singles correction (EcSingles)                    -5.5795370217E-003  
 Direct RPA correlation (EcRPA)                    -8.1297425267E-001  
 HF contribution (EtotHF)                          -4.0212731419E+001  
 Singles correction (EcSingles)                    -2.8554234764E-003  
 HF contribution (EtotHF)                          -4.0212731419E+001  
 Singles correction (EcSingles)                    -2.8554234764E-003  
 Direct RPA correlation (EcRPA)                    -3.4413992782E-001  
 HF contribution (EtotHF)                          -1.1627231798E+002  
 Singles correction (EcSingles)                    -5.6876594530E-003  
 HF contribution (EtotHF)                          -1.1627231798E+002  
 Singles correction (EcSingles)                    -5.6876594530E-003  
 Direct RPA correlation (EcRPA)                    -7.5124691638E-001  
 HF contribution (EtotHF)                          -1.1627240970E+002  
 Singles correction (EcSingles)                    -5.6993676541E-003  
 HF contribution (EtotHF)                          -1.1627240970E+002  
 Singles correction (EcSingles)                    -5.6993676541E-003  
 Direct RPA correlation (EcRPA)                    -7.5145436302E-001  
 HF contribution (EtotHF)                          -1.1627276678E+002  
 Singles correction (EcSingles)                    -5.7449076215E-003  
 HF contribution (EtotHF)                          -1.1627276678E+002  
 Singles correction (EcSingles)                    -5.7449076215E-003  
 Direct RPA correlation (EcRPA)                    -7.5137767819E-001  
 HF contribution (EtotHF)                          -2.2818151516E+002  
 Singles correction (EcSingles)                    -8.3843344239E-003  
 HF contribution (EtotHF)                          -2.2818151516E+002  
 Singles correction (EcSingles)                    -8.3843344239E-003  
 Direct RPA correlation (EcRPA)                    -1.2196633393E+000  
 HF contribution (EtotHF)                          -1.9233279290E+002  
 Singles correction (EcSingles)                    -8.5406103659E-003  
 HF contribution (EtotHF)                          -1.9233279290E+002  
 Singles correction (EcSingles)                    -8.5406103659E-003  
 Direct RPA correlation (EcRPA)                    -1.1585969366E+000  
 HF contribution (EtotHF)                          -1.9233276475E+002  
 Singles correction (EcSingles)                    -8.5714462931E-003  
 HF contribution (EtotHF)                          -1.9233276475E+002  
 Singles correction (EcSingles)                    -8.5714462931E-003  
 Direct RPA correlation (EcRPA)                    -1.1584348777E+000  
 HF contribution (EtotHF)                          -1.9233257043E+002  
 Singles correction (EcSingles)                    -8.5869847271E-003  
 HF contribution (EtotHF)                          -1.9233257043E+002  
 Singles correction (EcSingles)                    -8.5869847271E-003  
 Direct RPA correlation (EcRPA)                    -1.1586747556E+000  
