 Converged energy                           -269.770357387275
 Converged energy                            -76.421287212233
 Converged energy                            -76.421215807745
 Converged energy                            -76.421441703643
 Converged energy                           -152.843336311755
 Converged energy                           -152.842936993384
 Converged energy                           -152.842994854541
 Converged energy                            -40.504188065174
 Converged energy                           -116.925654844210
 Converged energy                           -116.925940430686
 Converged energy                           -116.925743046915
 Converged energy                           -229.265327171039
 Converged energy                           -193.348249413098
 Converged energy                           -193.347443558165
 Converged energy                           -193.347811383679
 HF contribution (EtotHF)                          -2.6839243020E+002  
 Singles correction (EcSingles)                    -1.1457173148E-002  
 HF contribution (EtotHF)                          -2.6839243020E+002  
 Singles correction (EcSingles)                    -1.1457173148E-002  
 Direct RPA correlation (EcRPA)                    -1.5662151545E+000  
 HF contribution (EtotHF)                          -7.6059798227E+001  
 Singles correction (EcSingles)                    -2.7992662366E-003  
 HF contribution (EtotHF)                          -7.6059798227E+001  
 Singles correction (EcSingles)                    -2.7992662366E-003  
 Direct RPA correlation (EcRPA)                    -4.0662197527E-001  
 HF contribution (EtotHF)                          -7.6059713050E+001  
 Singles correction (EcSingles)                    -2.8006833013E-003  
 HF contribution (EtotHF)                          -7.6059713050E+001  
 Singles correction (EcSingles)                    -2.8006833013E-003  
 Direct RPA correlation (EcRPA)                    -4.0667277294E-001  
 HF contribution (EtotHF)                          -7.6059904683E+001  
 Singles correction (EcSingles)                    -2.8028712908E-003  
 HF contribution (EtotHF)                          -7.6059904683E+001  
 Singles correction (EcSingles)                    -2.8028712908E-003  
 Direct RPA correlation (EcRPA)                    -4.0673190009E-001  
 HF contribution (EtotHF)                          -1.5212031788E+002  
 Singles correction (EcSingles)                    -5.6060763340E-003  
 HF contribution (EtotHF)                          -1.5212031788E+002  
 Singles correction (EcSingles)                    -5.6060763340E-003  
 Direct RPA correlation (EcRPA)                    -8.1333243370E-001  
 HF contribution (EtotHF)                          -1.5211992780E+002  
 Singles correction (EcSingles)                    -5.6000542795E-003  
 HF contribution (EtotHF)                          -1.5211992780E+002  
 Singles correction (EcSingles)                    -5.6000542795E-003  
 Direct RPA correlation (EcRPA)                    -8.1337285174E-001  
 HF contribution (EtotHF)                          -1.5211999960E+002  
 Singles correction (EcSingles)                    -5.5983288903E-003  
 HF contribution (EtotHF)                          -1.5211999960E+002  
 Singles correction (EcSingles)                    -5.5983288903E-003  
 Direct RPA correlation (EcRPA)                    -8.1331547033E-001  
 HF contribution (EtotHF)                          -4.0212730627E+001  
 Singles correction (EcSingles)                    -2.8555828836E-003  
 HF contribution (EtotHF)                          -4.0212730627E+001  
 Singles correction (EcSingles)                    -2.8555828836E-003  
 Direct RPA correlation (EcRPA)                    -3.4414832686E-001  
 HF contribution (EtotHF)                          -1.1627231675E+002  
 Singles correction (EcSingles)                    -5.6878412062E-003  
 HF contribution (EtotHF)                          -1.1627231675E+002  
 Singles correction (EcSingles)                    -5.6878412062E-003  
 Direct RPA correlation (EcRPA)                    -7.5125429183E-001  
 HF contribution (EtotHF)                          -1.1627240886E+002  
 Singles correction (EcSingles)                    -5.6994917818E-003  
 HF contribution (EtotHF)                          -1.1627240886E+002  
 Singles correction (EcSingles)                    -5.6994917818E-003  
 Direct RPA correlation (EcRPA)                    -7.5146354551E-001  
 HF contribution (EtotHF)                          -1.1627175259E+002  
 Singles correction (EcSingles)                    -5.7794751211E-003  
 HF contribution (EtotHF)                          -1.1627175259E+002  
 Singles correction (EcSingles)                    -5.7794751211E-003  
 Direct RPA correlation (EcRPA)                    -7.5183550461E-001  
 HF contribution (EtotHF)                          -2.2818083330E+002  
 Singles correction (EcSingles)                    -8.4016218258E-003  
 HF contribution (EtotHF)                          -2.2818083330E+002  
 Singles correction (EcSingles)                    -8.4016218258E-003  
 Direct RPA correlation (EcRPA)                    -1.2199934961E+000  
 HF contribution (EtotHF)                          -1.9233279161E+002  
 Singles correction (EcSingles)                    -8.5407380805E-003  
 HF contribution (EtotHF)                          -1.9233279161E+002  
 Singles correction (EcSingles)                    -8.5407380805E-003  
 Direct RPA correlation (EcRPA)                    -1.1586051457E+000  
 HF contribution (EtotHF)                          -1.9233160189E+002  
 Singles correction (EcSingles)                    -8.6080302277E-003  
 HF contribution (EtotHF)                          -1.9233160189E+002  
 Singles correction (EcSingles)                    -8.6080302277E-003  
 Direct RPA correlation (EcRPA)                    -1.1589059092E+000  
 HF contribution (EtotHF)                          -1.9233178085E+002  
 Singles correction (EcSingles)                    -8.6196089284E-003  
 HF contribution (EtotHF)                          -1.9233178085E+002  
 Singles correction (EcSingles)                    -8.6196089284E-003  
 Direct RPA correlation (EcRPA)                    -1.1591096666E+000  
