 Converged energy                           -269.771676678189
 Converged energy                            -76.421287723583
 Converged energy                            -76.421890711088
 Converged energy                            -76.422194082508
 Converged energy                           -152.843995472897
 Converged energy                           -152.844382646282
 Converged energy                           -152.843607695325
 Converged energy                            -40.504188228991
 Converged energy                           -116.925655427146
 Converged energy                           -116.926441740568
 Converged energy                           -116.926719601861
 Converged energy                           -229.266625828567
 Converged energy                           -193.348723393545
 Converged energy                           -193.348287318789
 Converged energy                           -193.349283426415
 HF contribution (EtotHF)                          -2.6839416527E+002  
 Singles correction (EcSingles)                    -1.1441184156E-002  
 HF contribution (EtotHF)                          -2.6839416527E+002  
 Singles correction (EcSingles)                    -1.1441184156E-002  
 Direct RPA correlation (EcRPA)                    -1.5654860070E+000  
 HF contribution (EtotHF)                          -7.6059798575E+001  
 Singles correction (EcSingles)                    -2.7993218448E-003  
 HF contribution (EtotHF)                          -7.6059798575E+001  
 Singles correction (EcSingles)                    -2.7993218448E-003  
 Direct RPA correlation (EcRPA)                    -4.0662341752E-001  
 HF contribution (EtotHF)                          -7.6060667153E+001  
 Singles correction (EcSingles)                    -2.7794034661E-003  
 HF contribution (EtotHF)                          -7.6060667153E+001  
 Singles correction (EcSingles)                    -2.7794034661E-003  
 Direct RPA correlation (EcRPA)                    -4.0625622551E-001  
 HF contribution (EtotHF)                          -7.6060986747E+001  
 Singles correction (EcSingles)                    -2.7789900034E-003  
 HF contribution (EtotHF)                          -7.6060986747E+001  
 Singles correction (EcSingles)                    -2.7789900034E-003  
 Direct RPA correlation (EcRPA)                    -4.0631511086E-001  
 HF contribution (EtotHF)                          -1.5212126255E+002  
 Singles correction (EcSingles)                    -5.5834854106E-003  
 HF contribution (EtotHF)                          -1.5212126255E+002  
 Singles correction (EcSingles)                    -5.5834854106E-003  
 Direct RPA correlation (EcRPA)                    -8.1291199146E-001  
 HF contribution (EtotHF)                          -1.5212198356E+002  
 Singles correction (EcSingles)                    -5.5547196824E-003  
 HF contribution (EtotHF)                          -1.5212198356E+002  
 Singles correction (EcSingles)                    -5.5547196824E-003  
 Direct RPA correlation (EcRPA)                    -8.1253732112E-001  
 HF contribution (EtotHF)                          -1.5212092841E+002  
 Singles correction (EcSingles)                    -5.5761929824E-003  
 HF contribution (EtotHF)                          -1.5212092841E+002  
 Singles correction (EcSingles)                    -5.5761929824E-003  
 Direct RPA correlation (EcRPA)                    -8.1291765467E-001  
 HF contribution (EtotHF)                          -4.0212731465E+001  
 Singles correction (EcSingles)                    -2.8555733491E-003  
 HF contribution (EtotHF)                          -4.0212731465E+001  
 Singles correction (EcSingles)                    -2.8555733491E-003  
 Direct RPA correlation (EcRPA)                    -3.4414302912E-001  
 HF contribution (EtotHF)                          -1.1627231799E+002  
 Singles correction (EcSingles)                    -5.6878626653E-003  
 HF contribution (EtotHF)                          -1.1627231799E+002  
 Singles correction (EcSingles)                    -5.6878626653E-003  
 Direct RPA correlation (EcRPA)                    -7.5125051178E-001  
 HF contribution (EtotHF)                          -1.1627333511E+002  
 Singles correction (EcSingles)                    -5.6633202465E-003  
 HF contribution (EtotHF)                          -1.1627333511E+002  
 Singles correction (EcSingles)                    -5.6633202465E-003  
 Direct RPA correlation (EcRPA)                    -7.5089535633E-001  
 HF contribution (EtotHF)                          -1.1627272334E+002  
 Singles correction (EcSingles)                    -5.7998964697E-003  
 HF contribution (EtotHF)                          -1.1627272334E+002  
 Singles correction (EcSingles)                    -5.7998964697E-003  
 Direct RPA correlation (EcRPA)                    -7.5165003122E-001  
 HF contribution (EtotHF)                          -2.2818273385E+002  
 Singles correction (EcSingles)                    -8.3568047462E-003  
 HF contribution (EtotHF)                          -2.2818273385E+002  
 Singles correction (EcSingles)                    -8.3568047462E-003  
 Direct RPA correlation (EcRPA)                    -1.2191722418E+000  
 HF contribution (EtotHF)                          -1.9233370938E+002  
 Singles correction (EcSingles)                    -8.5027052342E-003  
 HF contribution (EtotHF)                          -1.9233370938E+002  
 Singles correction (EcSingles)                    -8.5027052342E-003  
 Direct RPA correlation (EcRPA)                    -1.1580302796E+000  
 HF contribution (EtotHF)                          -1.9233242343E+002  
 Singles correction (EcSingles)                    -8.6302904071E-003  
 HF contribution (EtotHF)                          -1.9233242343E+002  
 Singles correction (EcSingles)                    -8.6302904071E-003  
 Direct RPA correlation (EcRPA)                    -1.1587429571E+000  
 HF contribution (EtotHF)                          -1.9233366710E+002  
 Singles correction (EcSingles)                    -8.6035424255E-003  
 HF contribution (EtotHF)                          -1.9233366710E+002  
 Singles correction (EcSingles)                    -8.6035424255E-003  
 Direct RPA correlation (EcRPA)                    -1.1583657093E+000  
