 Converged energy                           -269.777451957333
 Converged energy                            -76.421423324025
 Converged energy                            -76.422213480573
 Converged energy                            -76.421623254898
 Converged energy                           -152.843211155837
 Converged energy                           -152.851028346334
 Converged energy                           -152.842706457864
 Converged energy                            -40.504189065779
 Converged energy                           -116.925819768213
 Converged energy                           -116.927033298497
 Converged energy                           -116.926353840130
 Converged energy                           -229.271608864367
 Converged energy                           -193.348254123059
 Converged energy                           -193.347699606042
 Converged energy                           -193.356587931516
 HF contribution (EtotHF)                          -2.6839320527E+002  
 Singles correction (EcSingles)                    -1.2220461906E-002  
 HF contribution (EtotHF)                          -2.6839320527E+002  
 Singles correction (EcSingles)                    -1.2220461906E-002  
 Direct RPA correlation (EcRPA)                    -1.5707086501E+000  
 HF contribution (EtotHF)                          -7.6059884848E+001  
 Singles correction (EcSingles)                    -2.8029693882E-003  
 HF contribution (EtotHF)                          -7.6059884848E+001  
 Singles correction (EcSingles)                    -2.8029693882E-003  
 Direct RPA correlation (EcRPA)                    -4.0673202782E-001  
 HF contribution (EtotHF)                          -7.6061002704E+001  
 Singles correction (EcSingles)                    -2.7825146790E-003  
 HF contribution (EtotHF)                          -7.6061002704E+001  
 Singles correction (EcSingles)                    -2.7825146790E-003  
 Direct RPA correlation (EcRPA)                    -4.0679772369E-001  
 HF contribution (EtotHF)                          -7.6060164504E+001  
 Singles correction (EcSingles)                    -2.7993436919E-003  
 HF contribution (EtotHF)                          -7.6060164504E+001  
 Singles correction (EcSingles)                    -2.7993436919E-003  
 Direct RPA correlation (EcRPA)                    -4.0689910799E-001  
 HF contribution (EtotHF)                          -1.5212040039E+002  
 Singles correction (EcSingles)                    -5.5942034739E-003  
 HF contribution (EtotHF)                          -1.5212040039E+002  
 Singles correction (EcSingles)                    -5.5942034739E-003  
 Direct RPA correlation (EcRPA)                    -8.1362803386E-001  
 HF contribution (EtotHF)                          -1.5212305519E+002  
 Singles correction (EcSingles)                    -6.1681905769E-003  
 HF contribution (EtotHF)                          -1.5212305519E+002  
 Singles correction (EcSingles)                    -6.1681905769E-003  
 Direct RPA correlation (EcRPA)                    -8.1681287557E-001  
 HF contribution (EtotHF)                          -1.5211966277E+002  
 Singles correction (EcSingles)                    -5.6082813682E-003  
 HF contribution (EtotHF)                          -1.5211966277E+002  
 Singles correction (EcSingles)                    -5.6082813682E-003  
 Direct RPA correlation (EcRPA)                    -8.1370292045E-001  
 HF contribution (EtotHF)                          -4.0212731625E+001  
 Singles correction (EcSingles)                    -2.8557357119E-003  
 HF contribution (EtotHF)                          -4.0212731625E+001  
 Singles correction (EcSingles)                    -2.8557357119E-003  
 Direct RPA correlation (EcRPA)                    -3.4416604448E-001  
 HF contribution (EtotHF)                          -1.1627185119E+002  
 Singles correction (EcSingles)                    -5.7744581198E-003  
 HF contribution (EtotHF)                          -1.1627185119E+002  
 Singles correction (EcSingles)                    -5.7744581198E-003  
 Direct RPA correlation (EcRPA)                    -7.5181882941E-001  
 HF contribution (EtotHF)                          -1.1627348432E+002  
 Singles correction (EcSingles)                    -5.7363026965E-003  
 HF contribution (EtotHF)                          -1.1627348432E+002  
 Singles correction (EcSingles)                    -5.7363026965E-003  
 Direct RPA correlation (EcRPA)                    -7.5177524990E-001  
 HF contribution (EtotHF)                          -1.1627213097E+002  
 Singles correction (EcSingles)                    -5.8134377064E-003  
 HF contribution (EtotHF)                          -1.1627213097E+002  
 Singles correction (EcSingles)                    -5.8134377064E-003  
 Direct RPA correlation (EcRPA)                    -7.5222206484E-001  
 HF contribution (EtotHF)                          -2.2818199574E+002  
 Singles correction (EcSingles)                    -8.9848866359E-003  
 HF contribution (EtotHF)                          -2.2818199574E+002  
 Singles correction (EcSingles)                    -8.9848866359E-003  
 Direct RPA correlation (EcRPA)                    -1.2237123471E+000  
 HF contribution (EtotHF)                          -1.9233211859E+002  
 Singles correction (EcSingles)                    -8.6659734643E-003  
 HF contribution (EtotHF)                          -1.9233211859E+002  
 Singles correction (EcSingles)                    -8.6659734643E-003  
 Direct RPA correlation (EcRPA)                    -1.1595309469E+000  
 HF contribution (EtotHF)                          -1.9233091391E+002  
 Singles correction (EcSingles)                    -8.7391268435E-003  
 HF contribution (EtotHF)                          -1.9233091391E+002  
 Singles correction (EcSingles)                    -8.7391268435E-003  
 Direct RPA correlation (EcRPA)                    -1.1599456888E+000  
 HF contribution (EtotHF)                          -1.9233497440E+002  
 Singles correction (EcSingles)                    -9.2845819978E-003  
 HF contribution (EtotHF)                          -1.9233497440E+002  
 Singles correction (EcSingles)                    -9.2845819978E-003  
 Direct RPA correlation (EcRPA)                    -1.1628844112E+000  
