 Converged energy                           -269.768037418656
 Converged energy                            -76.421427018290
 Converged energy                            -76.422047314456
 Converged energy                            -76.420710372436
 Converged energy                           -152.842821158055
 Converged energy                           -152.842772480843
 Converged energy                           -152.842003072182
 Converged energy                            -40.504188491709
 Converged energy                           -116.925822680383
 Converged energy                           -116.926389178491
 Converged energy                           -116.924915378123
 Converged energy                           -229.263399586910
 Converged energy                           -193.347394898012
 Converged energy                           -193.346475148322
 Converged energy                           -193.347119766634
 HF contribution (EtotHF)                          -2.6838894044E+002  
 Singles correction (EcSingles)                    -1.1644111484E-002  
 HF contribution (EtotHF)                          -2.6838894044E+002  
 Singles correction (EcSingles)                    -1.1644111484E-002  
 Direct RPA correlation (EcRPA)                    -1.5673969912E+000  
 HF contribution (EtotHF)                          -7.6059887825E+001  
 Singles correction (EcSingles)                    -2.8034131632E-003  
 HF contribution (EtotHF)                          -7.6059887825E+001  
 Singles correction (EcSingles)                    -2.8034131632E-003  
 Direct RPA correlation (EcRPA)                    -4.0677104679E-001  
 HF contribution (EtotHF)                          -7.6060747155E+001  
 Singles correction (EcSingles)                    -2.7861640967E-003  
 HF contribution (EtotHF)                          -7.6060747155E+001  
 Singles correction (EcSingles)                    -2.7861640967E-003  
 Direct RPA correlation (EcRPA)                    -4.0646476725E-001  
 HF contribution (EtotHF)                          -7.6059015431E+001  
 Singles correction (EcSingles)                    -2.8148286039E-003  
 HF contribution (EtotHF)                          -7.6059015431E+001  
 Singles correction (EcSingles)                    -2.8148286039E-003  
 Direct RPA correlation (EcRPA)                    -4.0691399633E-001  
 HF contribution (EtotHF)                          -1.5211963164E+002  
 Singles correction (EcSingles)                    -5.6525138731E-003  
 HF contribution (EtotHF)                          -1.5211963164E+002  
 Singles correction (EcSingles)                    -5.6525138731E-003  
 Direct RPA correlation (EcRPA)                    -8.1362699257E-001  
 HF contribution (EtotHF)                          -1.5211978550E+002  
 Singles correction (EcSingles)                    -5.6005112378E-003  
 HF contribution (EtotHF)                          -1.5211978550E+002  
 Singles correction (EcSingles)                    -5.6005112378E-003  
 Direct RPA correlation (EcRPA)                    -8.1338228775E-001  
 HF contribution (EtotHF)                          -1.5211875625E+002  
 Singles correction (EcSingles)                    -5.6199197144E-003  
 HF contribution (EtotHF)                          -1.5211875625E+002  
 Singles correction (EcSingles)                    -5.6199197144E-003  
 Direct RPA correlation (EcRPA)                    -8.1370733068E-001  
 HF contribution (EtotHF)                          -4.0212730265E+001  
 Singles correction (EcSingles)                    -2.8558035969E-003  
 HF contribution (EtotHF)                          -4.0212730265E+001  
 Singles correction (EcSingles)                    -2.8558035969E-003  
 Direct RPA correlation (EcRPA)                    -3.4416410260E-001  
 HF contribution (EtotHF)                          -1.1627185248E+002  
 Singles correction (EcSingles)                    -5.7751163589E-003  
 HF contribution (EtotHF)                          -1.1627185248E+002  
 Singles correction (EcSingles)                    -5.7751163589E-003  
 Direct RPA correlation (EcRPA)                    -7.5185616266E-001  
 HF contribution (EtotHF)                          -1.1627250192E+002  
 Singles correction (EcSingles)                    -5.7816862507E-003  
 HF contribution (EtotHF)                          -1.1627250192E+002  
 Singles correction (EcSingles)                    -5.7816862507E-003  
 Direct RPA correlation (EcRPA)                    -7.5167932740E-001  
 HF contribution (EtotHF)                          -1.1627119088E+002  
 Singles correction (EcSingles)                    -5.7222959839E-003  
 HF contribution (EtotHF)                          -1.1627119088E+002  
 Singles correction (EcSingles)                    -5.7222959839E-003  
 Direct RPA correlation (EcRPA)                    -7.5176420745E-001  
 HF contribution (EtotHF)                          -2.2817851122E+002  
 Singles correction (EcSingles)                    -8.4682847952E-003  
 HF contribution (EtotHF)                          -2.2817851122E+002  
 Singles correction (EcSingles)                    -8.4682847952E-003  
 Direct RPA correlation (EcRPA)                    -1.2205673290E+000  
 HF contribution (EtotHF)                          -1.9233057997E+002  
 Singles correction (EcSingles)                    -8.7756576715E-003  
 HF contribution (EtotHF)                          -1.9233057997E+002  
 Singles correction (EcSingles)                    -8.7756576715E-003  
 Direct RPA correlation (EcRPA)                    -1.1597685081E+000  
 HF contribution (EtotHF)                          -1.9233022731E+002  
 Singles correction (EcSingles)                    -8.6428265448E-003  
 HF contribution (EtotHF)                          -1.9233022731E+002  
 Singles correction (EcSingles)                    -8.6428265448E-003  
 Direct RPA correlation (EcRPA)                    -1.1594735687E+000  
 HF contribution (EtotHF)                          -1.9233096204E+002  
 Singles correction (EcSingles)                    -8.6490529674E-003  
 HF contribution (EtotHF)                          -1.9233096204E+002  
 Singles correction (EcSingles)                    -8.6490529674E-003  
 Direct RPA correlation (EcRPA)                    -1.1592893748E+000  
