 Converged energy                           -269.779356518658
 Converged energy                            -76.421956007677
 Converged energy                            -76.422195839492
 Converged energy                            -76.421970011616
 Converged energy                           -152.851710464191
 Converged energy                           -152.844319034060
 Converged energy                           -152.844045376052
 Converged energy                            -40.504188485052
 Converged energy                           -116.926241116379
 Converged energy                           -116.927014480176
 Converged energy                           -116.926663294902
 Converged energy                           -229.273922127556
 Converged energy                           -193.356681377973
 Converged energy                           -193.348821643195
 Converged energy                           -193.349606962121
 HF contribution (EtotHF)                          -2.6839807779E+002  
 Singles correction (EcSingles)                    -1.1915057155E-002  
 HF contribution (EtotHF)                          -2.6839807779E+002  
 Singles correction (EcSingles)                    -1.1915057155E-002  
 Direct RPA correlation (EcRPA)                    -1.5682123429E+000  
 HF contribution (EtotHF)                          -7.6060750592E+001  
 Singles correction (EcSingles)                    -2.7807582568E-003  
 HF contribution (EtotHF)                          -7.6060750592E+001  
 Singles correction (EcSingles)                    -2.7807582568E-003  
 Direct RPA correlation (EcRPA)                    -4.0662531400E-001  
 HF contribution (EtotHF)                          -7.6060987631E+001  
 Singles correction (EcSingles)                    -2.7804584445E-003  
 HF contribution (EtotHF)                          -7.6060987631E+001  
 Singles correction (EcSingles)                    -2.7804584445E-003  
 Direct RPA correlation (EcRPA)                    -4.0647318720E-001  
 HF contribution (EtotHF)                          -7.6060697396E+001  
 Singles correction (EcSingles)                    -2.7830847463E-003  
 HF contribution (EtotHF)                          -7.6060697396E+001  
 Singles correction (EcSingles)                    -2.7830847463E-003  
 Direct RPA correlation (EcRPA)                    -4.0636467332E-001  
 HF contribution (EtotHF)                          -1.5212540667E+002  
 Singles correction (EcSingles)                    -6.0326472573E-003  
 HF contribution (EtotHF)                          -1.5212540667E+002  
 Singles correction (EcSingles)                    -6.0326472573E-003  
 Direct RPA correlation (EcRPA)                    -8.1551547576E-001  
 HF contribution (EtotHF)                          -1.5212184975E+002  
 Singles correction (EcSingles)                    -5.5622678370E-003  
 HF contribution (EtotHF)                          -1.5212184975E+002  
 Singles correction (EcSingles)                    -5.5622678370E-003  
 Direct RPA correlation (EcRPA)                    -8.1282707813E-001  
 HF contribution (EtotHF)                          -1.5212158459E+002  
 Singles correction (EcSingles)                    -5.5617193521E-003  
 HF contribution (EtotHF)                          -1.5212158459E+002  
 Singles correction (EcSingles)                    -5.5617193521E-003  
 Direct RPA correlation (EcRPA)                    -8.1296912931E-001  
 HF contribution (EtotHF)                          -4.0212730327E+001  
 Singles correction (EcSingles)                    -2.8555340738E-003  
 HF contribution (EtotHF)                          -4.0212730327E+001  
 Singles correction (EcSingles)                    -2.8555340738E-003  
 Direct RPA correlation (EcRPA)                    -3.4414280699E-001  
 HF contribution (EtotHF)                          -1.1627314891E+002  
 Singles correction (EcSingles)                    -5.6716685784E-003  
 HF contribution (EtotHF)                          -1.1627314891E+002  
 Singles correction (EcSingles)                    -5.6716685784E-003  
 Direct RPA correlation (EcRPA)                    -7.5130301919E-001  
 HF contribution (EtotHF)                          -1.1627346830E+002  
 Singles correction (EcSingles)                    -5.7337974836E-003  
 HF contribution (EtotHF)                          -1.1627346830E+002  
 Singles correction (EcSingles)                    -5.7337974836E-003  
 Direct RPA correlation (EcRPA)                    -7.5142320716E-001  
 HF contribution (EtotHF)                          -1.1627294777E+002  
 Singles correction (EcSingles)                    -5.7451954071E-003  
 HF contribution (EtotHF)                          -1.1627294777E+002  
 Singles correction (EcSingles)                    -5.7451954071E-003  
 Direct RPA correlation (EcRPA)                    -7.5140356900E-001  
 HF contribution (EtotHF)                          -2.2818637457E+002  
 Singles correction (EcSingles)                    -8.8120109800E-003  
 HF contribution (EtotHF)                          -2.2818637457E+002  
 Singles correction (EcSingles)                    -8.8120109800E-003  
 Direct RPA correlation (EcRPA)                    -1.2218504065E+000  
 HF contribution (EtotHF)                          -1.9233763488E+002  
 Singles correction (EcSingles)                    -9.0287105577E-003  
 HF contribution (EtotHF)                          -1.9233763488E+002  
 Singles correction (EcSingles)                    -9.0287105577E-003  
 Direct RPA correlation (EcRPA)                    -1.1609710558E+000  
 HF contribution (EtotHF)                          -1.9233348485E+002  
 Singles correction (EcSingles)                    -8.5595079159E-003  
 HF contribution (EtotHF)                          -1.9233348485E+002  
 Singles correction (EcSingles)                    -8.5595079159E-003  
 Direct RPA correlation (EcRPA)                    -1.1585473127E+000  
 HF contribution (EtotHF)                          -1.9233381668E+002  
 Singles correction (EcSingles)                    -8.6220349352E-003  
 HF contribution (EtotHF)                          -1.9233381668E+002  
 Singles correction (EcSingles)                    -8.6220349352E-003  
 Direct RPA correlation (EcRPA)                    -1.1586791694E+000  
