 Converged energy                           -269.783567163504
 Converged energy                            -76.421959343231
 Converged energy                            -76.421801120099
 Converged energy                            -76.421932306117
 Converged energy                           -152.845558377494
 Converged energy                           -152.845370127501
 Converged energy                           -152.852726600024
 Converged energy                            -40.504187854498
 Converged energy                           -116.926243881343
 Converged energy                           -116.926670914156
 Converged energy                           -116.926436955856
 Converged energy                           -229.278455393208
 Converged energy                           -193.350538294531
 Converged energy                           -193.357222783001
 Converged energy                           -193.350506959418
 HF contribution (EtotHF)                          -2.6840174750E+002  
 Singles correction (EcSingles)                    -1.1989763220E-002  
 HF contribution (EtotHF)                          -2.6840174750E+002  
 Singles correction (EcSingles)                    -1.1989763220E-002  
 Direct RPA correlation (EcRPA)                    -1.5686264812E+000  
 HF contribution (EtotHF)                          -7.6060753211E+001  
 Singles correction (EcSingles)                    -2.7812500638E-003  
 HF contribution (EtotHF)                          -7.6060753211E+001  
 Singles correction (EcSingles)                    -2.7812500638E-003  
 Direct RPA correlation (EcRPA)                    -4.0667294518E-001  
 HF contribution (EtotHF)                          -7.6060488896E+001  
 Singles correction (EcSingles)                    -2.7860249980E-003  
 HF contribution (EtotHF)                          -7.6060488896E+001  
 Singles correction (EcSingles)                    -2.7860249980E-003  
 Direct RPA correlation (EcRPA)                    -4.0646462938E-001  
 HF contribution (EtotHF)                          -7.6060620661E+001  
 Singles correction (EcSingles)                    -2.7878766493E-003  
 HF contribution (EtotHF)                          -7.6060620661E+001  
 Singles correction (EcSingles)                    -2.7878766493E-003  
 Direct RPA correlation (EcRPA)                    -4.0664897806E-001  
 HF contribution (EtotHF)                          -1.5212300732E+002  
 Singles correction (EcSingles)                    -5.5784890310E-003  
 HF contribution (EtotHF)                          -1.5212300732E+002  
 Singles correction (EcSingles)                    -5.5784890310E-003  
 Direct RPA correlation (EcRPA)                    -8.1313450131E-001  
 HF contribution (EtotHF)                          -1.5212264549E+002  
 Singles correction (EcSingles)                    -5.5963857188E-003  
 HF contribution (EtotHF)                          -1.5212264549E+002  
 Singles correction (EcSingles)                    -5.5963857188E-003  
 Direct RPA correlation (EcRPA)                    -8.1318168632E-001  
 HF contribution (EtotHF)                          -1.5212622464E+002  
 Singles correction (EcSingles)                    -6.0304764342E-003  
 HF contribution (EtotHF)                          -1.5212622464E+002  
 Singles correction (EcSingles)                    -6.0304764342E-003  
 Direct RPA correlation (EcRPA)                    -8.1564387312E-001  
 HF contribution (EtotHF)                          -4.0212730397E+001  
 Singles correction (EcSingles)                    -2.8555182291E-003  
 HF contribution (EtotHF)                          -4.0212730397E+001  
 Singles correction (EcSingles)                    -2.8555182291E-003  
 Direct RPA correlation (EcRPA)                    -3.4415027537E-001  
 HF contribution (EtotHF)                          -1.1627315160E+002  
 Singles correction (EcSingles)                    -5.6720918701E-003  
 HF contribution (EtotHF)                          -1.1627315160E+002  
 Singles correction (EcSingles)                    -5.6720918701E-003  
 Direct RPA correlation (EcRPA)                    -7.5135837052E-001  
 HF contribution (EtotHF)                          -1.1627282713E+002  
 Singles correction (EcSingles)                    -5.7586190012E-003  
 HF contribution (EtotHF)                          -1.1627282713E+002  
 Singles correction (EcSingles)                    -5.7586190012E-003  
 Direct RPA correlation (EcRPA)                    -7.5157292476E-001  
 HF contribution (EtotHF)                          -1.1627278306E+002  
 Singles correction (EcSingles)                    -5.7472585763E-003  
 HF contribution (EtotHF)                          -1.1627278306E+002  
 Singles correction (EcSingles)                    -5.7472585763E-003  
 Direct RPA correlation (EcRPA)                    -7.5163330193E-001  
 HF contribution (EtotHF)                          -2.2819047652E+002  
 Singles correction (EcSingles)                    -8.8622870026E-003  
 HF contribution (EtotHF)                          -2.2819047652E+002  
 Singles correction (EcSingles)                    -8.8622870026E-003  
 Direct RPA correlation (EcRPA)                    -1.2221765925E+000  
 HF contribution (EtotHF)                          -1.9233500340E+002  
 Singles correction (EcSingles)                    -8.5905818370E-003  
 HF contribution (EtotHF)                          -1.9233500340E+002  
 Singles correction (EcSingles)                    -8.5905818370E-003  
 Direct RPA correlation (EcRPA)                    -1.1587681435E+000  
 HF contribution (EtotHF)                          -1.9233797421E+002  
 Singles correction (EcSingles)                    -9.0329719410E-003  
 HF contribution (EtotHF)                          -1.9233797421E+002  
 Singles correction (EcSingles)                    -9.0329719410E-003  
 Direct RPA correlation (EcRPA)                    -1.1611475588E+000  
 HF contribution (EtotHF)                          -1.9233436435E+002  
 Singles correction (EcSingles)                    -8.6780198625E-003  
 HF contribution (EtotHF)                          -1.9233436435E+002  
 Singles correction (EcSingles)                    -8.6780198625E-003  
 Direct RPA correlation (EcRPA)                    -1.1591212603E+000  
