 Converged energy                           -269.772707604390
 Converged energy                            -76.421928401340
 Converged energy                            -76.421798504490
 Converged energy                            -76.421970038116
 Converged energy                           -152.845525236560
 Converged energy                           -152.843347455036
 Converged energy                           -152.844017826396
 Converged energy                            -40.504188488000
 Converged energy                           -116.926214016052
 Converged energy                           -116.926669040993
 Converged energy                           -116.926663273673
 Converged energy                           -229.267183279039
 Converged energy                           -193.350506351385
 Converged energy                           -193.348794546203
 Converged energy                           -193.348773490608
 HF contribution (EtotHF)                          -2.6839486481E+002  
 Singles correction (EcSingles)                    -1.1484145571E-002  
 HF contribution (EtotHF)                          -2.6839486481E+002  
 Singles correction (EcSingles)                    -1.1484145571E-002  
 Direct RPA correlation (EcRPA)                    -1.5656458188E+000  
 HF contribution (EtotHF)                          -7.6060726966E+001  
 Singles correction (EcSingles)                    -2.7775805433E-003  
 HF contribution (EtotHF)                          -7.6060726966E+001  
 Singles correction (EcSingles)                    -2.7775805433E-003  
 Direct RPA correlation (EcRPA)                    -4.0622899477E-001  
 HF contribution (EtotHF)                          -7.6060486445E+001  
 Singles correction (EcSingles)                    -2.7858005668E-003  
 HF contribution (EtotHF)                          -7.6060486445E+001  
 Singles correction (EcSingles)                    -2.7858005668E-003  
 Direct RPA correlation (EcRPA)                    -4.0644651831E-001  
 HF contribution (EtotHF)                          -7.6060697580E+001  
 Singles correction (EcSingles)                    -2.7830745019E-003  
 HF contribution (EtotHF)                          -7.6060697580E+001  
 Singles correction (EcSingles)                    -2.7830745019E-003  
 Direct RPA correlation (EcRPA)                    -4.0636603033E-001  
 HF contribution (EtotHF)                          -1.5212297934E+002  
 Singles correction (EcSingles)                    -5.5745537845E-003  
 HF contribution (EtotHF)                          -1.5212297934E+002  
 Singles correction (EcSingles)                    -5.5745537845E-003  
 Direct RPA correlation (EcRPA)                    -8.1267068386E-001  
 HF contribution (EtotHF)                          -1.5212070265E+002  
 Singles correction (EcSingles)                    -5.5773901991E-003  
 HF contribution (EtotHF)                          -1.5212070265E+002  
 Singles correction (EcSingles)                    -5.5773901991E-003  
 Direct RPA correlation (EcRPA)                    -8.1290945518E-001  
 HF contribution (EtotHF)                          -1.5212156117E+002  
 Singles correction (EcSingles)                    -5.5585323830E-003  
 HF contribution (EtotHF)                          -1.5212156117E+002  
 Singles correction (EcSingles)                    -5.5585323830E-003  
 Direct RPA correlation (EcRPA)                    -8.1257416025E-001  
 HF contribution (EtotHF)                          -4.0212729941E+001  
 Singles correction (EcSingles)                    -2.8556579159E-003  
 HF contribution (EtotHF)                          -4.0212729941E+001  
 Singles correction (EcSingles)                    -2.8556579159E-003  
 Direct RPA correlation (EcRPA)                    -3.4415423762E-001  
 HF contribution (EtotHF)                          -1.1627312511E+002  
 Singles correction (EcSingles)                    -5.6684893625E-003  
 HF contribution (EtotHF)                          -1.1627312511E+002  
 Singles correction (EcSingles)                    -5.6684893625E-003  
 Direct RPA correlation (EcRPA)                    -7.5091542482E-001  
 HF contribution (EtotHF)                          -1.1627282426E+002  
 Singles correction (EcSingles)                    -5.7585407250E-003  
 HF contribution (EtotHF)                          -1.1627282426E+002  
 Singles correction (EcSingles)                    -5.7585407250E-003  
 Direct RPA correlation (EcRPA)                    -7.5155863268E-001  
 HF contribution (EtotHF)                          -1.1627294756E+002  
 Singles correction (EcSingles)                    -5.7452943081E-003  
 HF contribution (EtotHF)                          -1.1627294756E+002  
 Singles correction (EcSingles)                    -5.7452943081E-003  
 Direct RPA correlation (EcRPA)                    -7.5141651508E-001  
 HF contribution (EtotHF)                          -2.2818332281E+002  
 Singles correction (EcSingles)                    -8.3637865491E-003  
 HF contribution (EtotHF)                          -2.2818332281E+002  
 Singles correction (EcSingles)                    -8.3637865491E-003  
 Direct RPA correlation (EcRPA)                    -1.2191125260E+000  
 HF contribution (EtotHF)                          -1.9233497515E+002  
 Singles correction (EcSingles)                    -8.5867602013E-003  
 HF contribution (EtotHF)                          -1.9233497515E+002  
 Singles correction (EcSingles)                    -8.5867602013E-003  
 Direct RPA correlation (EcRPA)                    -1.1583052789E+000  
 HF contribution (EtotHF)                          -1.9233346125E+002  
 Singles correction (EcSingles)                    -8.5563120387E-003  
 HF contribution (EtotHF)                          -1.9233346125E+002  
 Singles correction (EcSingles)                    -8.5563120387E-003  
 Direct RPA correlation (EcRPA)                    -1.1581612361E+000  
 HF contribution (EtotHF)                          -1.9233260393E+002  
 Singles correction (EcSingles)                    -8.6578636201E-003  
 HF contribution (EtotHF)                          -1.9233260393E+002  
 Singles correction (EcSingles)                    -8.6578636201E-003  
 Direct RPA correlation (EcRPA)                    -1.1589157328E+000  
