 Converged energy                           -269.771323043762
 Converged energy                            -76.421927898159
 Converged energy                            -76.422043157990
 Converged energy                            -76.421027969403
 Converged energy                           -152.843939823256
 Converged energy                           -152.843194575803
 Converged energy                           -152.844382502415
 Converged energy                            -40.504187300503
 Converged energy                           -116.926212401327
 Converged energy                           -116.926384031520
 Converged energy                           -116.925650912012
 Converged energy                           -229.266524909661
 Converged energy                           -193.348395604549
 Converged energy                           -193.349030538903
 Converged energy                           -193.347949629885
 HF contribution (EtotHF)                          -2.6839371919E+002  
 Singles correction (EcSingles)                    -1.1446554608E-002  
 HF contribution (EtotHF)                          -2.6839371919E+002  
 Singles correction (EcSingles)                    -1.1446554608E-002  
 Direct RPA correlation (EcRPA)                    -1.5656846770E+000  
 HF contribution (EtotHF)                          -7.6060726189E+001  
 Singles correction (EcSingles)                    -2.7776251859E-003  
 HF contribution (EtotHF)                          -7.6060726189E+001  
 Singles correction (EcSingles)                    -2.7776251859E-003  
 Direct RPA correlation (EcRPA)                    -4.0622847292E-001  
 HF contribution (EtotHF)                          -7.6060742924E+001  
 Singles correction (EcSingles)                    -2.7859438876E-003  
 HF contribution (EtotHF)                          -7.6060742924E+001  
 Singles correction (EcSingles)                    -2.7859438876E-003  
 Direct RPA correlation (EcRPA)                    -4.0642559424E-001  
 HF contribution (EtotHF)                          -7.6059448480E+001  
 Singles correction (EcSingles)                    -2.8060434713E-003  
 HF contribution (EtotHF)                          -7.6059448480E+001  
 Singles correction (EcSingles)                    -2.8060434713E-003  
 Direct RPA correlation (EcRPA)                    -4.0675578696E-001  
 HF contribution (EtotHF)                          -1.5212143851E+002  
 Singles correction (EcSingles)                    -5.5637703640E-003  
 HF contribution (EtotHF)                          -1.5212143851E+002  
 Singles correction (EcSingles)                    -5.5637703640E-003  
 Direct RPA correlation (EcRPA)                    -8.1266202849E-001  
 HF contribution (EtotHF)                          -1.5212033179E+002  
 Singles correction (EcSingles)                    -5.5899014462E-003  
 HF contribution (EtotHF)                          -1.5212033179E+002  
 Singles correction (EcSingles)                    -5.5899014462E-003  
 Direct RPA correlation (EcRPA)                    -8.1316097388E-001  
 HF contribution (EtotHF)                          -1.5212154493E+002  
 Singles correction (EcSingles)                    -5.5985545322E-003  
 HF contribution (EtotHF)                          -1.5212154493E+002  
 Singles correction (EcSingles)                    -5.5985545322E-003  
 Direct RPA correlation (EcRPA)                    -8.1302302193E-001  
 HF contribution (EtotHF)                          -4.0212729632E+001  
 Singles correction (EcSingles)                    -2.8555767562E-003  
 HF contribution (EtotHF)                          -4.0212729632E+001  
 Singles correction (EcSingles)                    -2.8555767562E-003  
 Direct RPA correlation (EcRPA)                    -3.4414400954E-001  
 HF contribution (EtotHF)                          -1.1627312400E+002  
 Singles correction (EcSingles)                    -5.6683611950E-003  
 HF contribution (EtotHF)                          -1.1627312400E+002  
 Singles correction (EcSingles)                    -5.6683611950E-003  
 Direct RPA correlation (EcRPA)                    -7.5090466345E-001  
 HF contribution (EtotHF)                          -1.1627249691E+002  
 Singles correction (EcSingles)                    -5.7812628242E-003  
 HF contribution (EtotHF)                          -1.1627249691E+002  
 Singles correction (EcSingles)                    -5.7812628242E-003  
 Direct RPA correlation (EcRPA)                    -7.5161942085E-001  
 HF contribution (EtotHF)                          -1.1627216050E+002  
 Singles correction (EcSingles)                    -5.6912434649E-003  
 HF contribution (EtotHF)                          -1.1627216050E+002  
 Singles correction (EcSingles)                    -5.6912434649E-003  
 Direct RPA correlation (EcRPA)                    -7.5141299481E-001  
 HF contribution (EtotHF)                          -2.2818240366E+002  
 Singles correction (EcSingles)                    -8.3828417983E-003  
 HF contribution (EtotHF)                          -2.2818240366E+002  
 Singles correction (EcSingles)                    -8.3828417983E-003  
 Direct RPA correlation (EcRPA)                    -1.2194366092E+000  
 HF contribution (EtotHF)                          -1.9233288819E+002  
 Singles correction (EcSingles)                    -8.5923745351E-003  
 HF contribution (EtotHF)                          -1.9233288819E+002  
 Singles correction (EcSingles)                    -8.5923745351E-003  
 Direct RPA correlation (EcRPA)                    -1.1583804766E+000  
 HF contribution (EtotHF)                          -1.9233383306E+002  
 Singles correction (EcSingles)                    -8.5242387739E-003  
 HF contribution (EtotHF)                          -1.9233383306E+002  
 Singles correction (EcSingles)                    -8.5242387739E-003  
 Direct RPA correlation (EcRPA)                    -1.1582242703E+000  
 HF contribution (EtotHF)                          -1.9233204339E+002  
 Singles correction (EcSingles)                    -8.6150194624E-003  
 HF contribution (EtotHF)                          -1.9233204339E+002  
 Singles correction (EcSingles)                    -8.6150194624E-003  
 Direct RPA correlation (EcRPA)                    -1.1588727471E+000  
