 Converged energy                           -269.771743516213
 Converged energy                            -76.422183510642
 Converged energy                            -76.421214265899
 Converged energy                            -76.420712627592
 Converged energy                           -152.843797225621
 Converged energy                           -152.842060193172
 Converged energy                           -152.844716231438
 Converged energy                            -40.504188184488
 Converged energy                           -116.927002165686
 Converged energy                           -116.925939047545
 Converged energy                           -116.924917228391
 Converged energy                           -229.266473449154
 Converged energy                           -193.349108757888
 Converged energy                           -193.349552659618
 Converged energy                           -193.346744266799
 HF contribution (EtotHF)                          -2.6839384229E+002  
 Singles correction (EcSingles)                    -1.1454654821E-002  
 HF contribution (EtotHF)                          -2.6839384229E+002  
 Singles correction (EcSingles)                    -1.1454654821E-002  
 Direct RPA correlation (EcRPA)                    -1.5661112274E+000  
 HF contribution (EtotHF)                          -7.6060979386E+001  
 Singles correction (EcSingles)                    -2.7788104217E-003  
 HF contribution (EtotHF)                          -7.6060979386E+001  
 Singles correction (EcSingles)                    -2.7788104217E-003  
 Direct RPA correlation (EcRPA)                    -4.0629646459E-001  
 HF contribution (EtotHF)                          -7.6059711527E+001  
 Singles correction (EcSingles)                    -2.8005659198E-003  
 HF contribution (EtotHF)                          -7.6059711527E+001  
 Singles correction (EcSingles)                    -2.8005659198E-003  
 Direct RPA correlation (EcRPA)                    -4.0665888514E-001  
 HF contribution (EtotHF)                          -7.6059018090E+001  
 Singles correction (EcSingles)                    -2.8148952448E-003  
 HF contribution (EtotHF)                          -7.6059018090E+001  
 Singles correction (EcSingles)                    -2.8148952448E-003  
 Direct RPA correlation (EcRPA)                    -4.0693403611E-001  
 HF contribution (EtotHF)                          -1.5212113652E+002  
 Singles correction (EcSingles)                    -5.5738394455E-003  
 HF contribution (EtotHF)                          -1.5212113652E+002  
 Singles correction (EcSingles)                    -5.5738394455E-003  
 Direct RPA correlation (EcRPA)                    -8.1289881917E-001  
 HF contribution (EtotHF)                          -1.5211887190E+002  
 Singles correction (EcSingles)                    -5.6142283953E-003  
 HF contribution (EtotHF)                          -1.5211887190E+002  
 Singles correction (EcSingles)                    -5.6142283953E-003  
 Direct RPA correlation (EcRPA)                    -8.1358418040E-001  
 HF contribution (EtotHF)                          -1.5212179214E+002  
 Singles correction (EcSingles)                    -5.6049469810E-003  
 HF contribution (EtotHF)                          -1.5212179214E+002  
 Singles correction (EcSingles)                    -5.6049469810E-003  
 Direct RPA correlation (EcRPA)                    -8.1321529749E-001  
 HF contribution (EtotHF)                          -4.0212730688E+001  
 Singles correction (EcSingles)                    -2.8556950711E-003  
 HF contribution (EtotHF)                          -4.0212730688E+001  
 Singles correction (EcSingles)                    -2.8556950711E-003  
 Direct RPA correlation (EcRPA)                    -3.4415441644E-001  
 HF contribution (EtotHF)                          -1.1627346023E+002  
 Singles correction (EcSingles)                    -5.7323397136E-003  
 HF contribution (EtotHF)                          -1.1627346023E+002  
 Singles correction (EcSingles)                    -5.7323397136E-003  
 Direct RPA correlation (EcRPA)                    -7.5125780799E-001  
 HF contribution (EtotHF)                          -1.1627240728E+002  
 Singles correction (EcSingles)                    -5.6995231023E-003  
 HF contribution (EtotHF)                          -1.1627240728E+002  
 Singles correction (EcSingles)                    -5.6995231023E-003  
 Direct RPA correlation (EcRPA)                    -7.5145550463E-001  
 HF contribution (EtotHF)                          -1.1627119401E+002  
 Singles correction (EcSingles)                    -5.7222616843E-003  
 HF contribution (EtotHF)                          -1.1627119401E+002  
 Singles correction (EcSingles)                    -5.7222616843E-003  
 Direct RPA correlation (EcRPA)                    -7.5177478229E-001  
 HF contribution (EtotHF)                          -2.2818210160E+002  
 Singles correction (EcSingles)                    -8.3988407629E-003  
 HF contribution (EtotHF)                          -2.2818210160E+002  
 Singles correction (EcSingles)                    -8.3988407629E-003  
 Direct RPA correlation (EcRPA)                    -1.2198082663E+000  
 HF contribution (EtotHF)                          -1.9233353877E+002  
 Singles correction (EcSingles)                    -8.5702036270E-003  
 HF contribution (EtotHF)                          -1.9233353877E+002  
 Singles correction (EcSingles)                    -8.5702036270E-003  
 Direct RPA correlation (EcRPA)                    -1.1585084147E+000  
 HF contribution (EtotHF)                          -1.9233368584E+002  
 Singles correction (EcSingles)                    -8.6159549978E-003  
 HF contribution (EtotHF)                          -1.9233368584E+002  
 Singles correction (EcSingles)                    -8.6159549978E-003  
 Direct RPA correlation (EcRPA)                    -1.1588520215E+000  
 HF contribution (EtotHF)                          -1.9233094020E+002  
 Singles correction (EcSingles)                    -8.5669163068E-003  
 HF contribution (EtotHF)                          -1.9233094020E+002  
 Singles correction (EcSingles)                    -8.5669163068E-003  
 Direct RPA correlation (EcRPA)                    -1.1590852541E+000  
