 Converged energy                           -269.779600935445
 Converged energy                            -76.422180367189
 Converged energy                            -76.421057506910
 Converged energy                            -76.422209446495
 Converged energy                           -152.843265476247
 Converged energy                           -152.852073742333
 Converged energy                           -152.844127683980
 Converged energy                            -40.504188584728
 Converged energy                           -116.926999304900
 Converged energy                           -116.925680969753
 Converged energy                           -116.926735070401
 Converged energy                           -229.273943151656
 Converged energy                           -193.348500293206
 Converged energy                           -193.349337234879
 Converged energy                           -193.357055428802
 HF contribution (EtotHF)                          -2.6839731702E+002  
 Singles correction (EcSingles)                    -1.2012820361E-002  
 HF contribution (EtotHF)                          -2.6839731702E+002  
 Singles correction (EcSingles)                    -1.2012820361E-002  
 Direct RPA correlation (EcRPA)                    -1.5691027395E+000  
 HF contribution (EtotHF)                          -7.6060976652E+001  
 Singles correction (EcSingles)                    -2.7785118785E-003  
 HF contribution (EtotHF)                          -7.6060976652E+001  
 Singles correction (EcSingles)                    -2.7785118785E-003  
 Direct RPA correlation (EcRPA)                    -4.0627317928E-001  
 HF contribution (EtotHF)                          -7.6059472730E+001  
 Singles correction (EcSingles)                    -2.8098137537E-003  
 HF contribution (EtotHF)                          -7.6059472730E+001  
 Singles correction (EcSingles)                    -2.8098137537E-003  
 Direct RPA correlation (EcRPA)                    -4.0719956310E-001  
 HF contribution (EtotHF)                          -7.6060998499E+001  
 Singles correction (EcSingles)                    -2.7808296549E-003  
 HF contribution (EtotHF)                          -7.6060998499E+001  
 Singles correction (EcSingles)                    -2.7808296549E-003  
 Direct RPA correlation (EcRPA)                    -4.0652758348E-001  
 HF contribution (EtotHF)                          -1.5212048628E+002  
 Singles correction (EcSingles)                    -5.5876633982E-003  
 HF contribution (EtotHF)                          -1.5212048628E+002  
 Singles correction (EcSingles)                    -5.5876633982E-003  
 Direct RPA correlation (EcRPA)                    -8.1347400190E-001  
 HF contribution (EtotHF)                          -1.5212513607E+002  
 Singles correction (EcSingles)                    -6.0717808577E-003  
 HF contribution (EtotHF)                          -1.5212513607E+002  
 Singles correction (EcSingles)                    -6.0717808577E-003  
 Direct RPA correlation (EcRPA)                    -8.1612699674E-001  
 HF contribution (EtotHF)                          -1.5212168136E+002  
 Singles correction (EcSingles)                    -5.5634447278E-003  
 HF contribution (EtotHF)                          -1.5212168136E+002  
 Singles correction (EcSingles)                    -5.5634447278E-003  
 Direct RPA correlation (EcRPA)                    -8.1285138489E-001  
 HF contribution (EtotHF)                          -4.0212731630E+001  
 Singles correction (EcSingles)                    -2.8556200185E-003  
 HF contribution (EtotHF)                          -4.0212731630E+001  
 Singles correction (EcSingles)                    -2.8556200185E-003  
 Direct RPA correlation (EcRPA)                    -3.4415184381E-001  
 HF contribution (EtotHF)                          -1.1627345853E+002  
 Singles correction (EcSingles)                    -5.7319285014E-003  
 HF contribution (EtotHF)                          -1.1627345853E+002  
 Singles correction (EcSingles)                    -5.7319285014E-003  
 Direct RPA correlation (EcRPA)                    -7.5123114652E-001  
 HF contribution (EtotHF)                          -1.1627218644E+002  
 Singles correction (EcSingles)                    -5.6952069754E-003  
 HF contribution (EtotHF)                          -1.1627218644E+002  
 Singles correction (EcSingles)                    -5.6952069754E-003  
 Direct RPA correlation (EcRPA)                    -7.5186742409E-001  
 HF contribution (EtotHF)                          -1.1627273523E+002  
 Singles correction (EcSingles)                    -5.8018338400E-003  
 HF contribution (EtotHF)                          -1.1627273523E+002  
 Singles correction (EcSingles)                    -5.8018338400E-003  
 Direct RPA correlation (EcRPA)                    -7.5187241321E-001  
 HF contribution (EtotHF)                          -2.2818578884E+002  
 Singles correction (EcSingles)                    -8.8519812681E-003  
 HF contribution (EtotHF)                          -2.2818578884E+002  
 Singles correction (EcSingles)                    -8.8519812681E-003  
 Direct RPA correlation (EcRPA)                    -1.2224481555E+000  
 HF contribution (EtotHF)                          -1.9233291775E+002  
 Singles correction (EcSingles)                    -8.5723943497E-003  
 HF contribution (EtotHF)                          -1.9233291775E+002  
 Singles correction (EcSingles)                    -8.5723943497E-003  
 Direct RPA correlation (EcRPA)                    -1.1589556605E+000  
 HF contribution (EtotHF)                          -1.9233322646E+002  
 Singles correction (EcSingles)                    -8.6818692218E-003  
 HF contribution (EtotHF)                          -1.9233322646E+002  
 Singles correction (EcSingles)                    -8.6818692218E-003  
 Direct RPA correlation (EcRPA)                    -1.1589988427E+000  
 HF contribution (EtotHF)                          -1.9233688099E+002  
 Singles correction (EcSingles)                    -9.1330415880E-003  
 HF contribution (EtotHF)                          -1.9233688099E+002  
 Singles correction (EcSingles)                    -9.1330415880E-003  
 Direct RPA correlation (EcRPA)                    -1.1619700141E+000  
