 Converged energy                           -269.771472550707
 Converged energy                            -76.422182017681
 Converged energy                            -76.421890268199
 Converged energy                            -76.422194475981
 Converged energy                           -152.843625827855
 Converged energy                           -152.844382595710
 Converged energy                           -152.844114385524
 Converged energy                            -40.504188617519
 Converged energy                           -116.927000889336
 Converged energy                           -116.926441545516
 Converged energy                           -116.926720338221
 Converged energy                           -229.265859700165
 Converged energy                           -193.348837242134
 Converged energy                           -193.349324074001
 Converged energy                           -193.349283575603
 HF contribution (EtotHF)                          -2.6839365284E+002  
 Singles correction (EcSingles)                    -1.1497267858E-002  
 HF contribution (EtotHF)                          -2.6839365284E+002  
 Singles correction (EcSingles)                    -1.1497267858E-002  
 Direct RPA correlation (EcRPA)                    -1.5656528915E+000  
 HF contribution (EtotHF)                          -7.6060977913E+001  
 Singles correction (EcSingles)                    -2.7786899974E-003  
 HF contribution (EtotHF)                          -7.6060977913E+001  
 Singles correction (EcSingles)                    -2.7786899974E-003  
 Direct RPA correlation (EcRPA)                    -4.0628313979E-001  
 HF contribution (EtotHF)                          -7.6060666678E+001  
 Singles correction (EcSingles)                    -2.7793851110E-003  
 HF contribution (EtotHF)                          -7.6060666678E+001  
 Singles correction (EcSingles)                    -2.7793851110E-003  
 Direct RPA correlation (EcRPA)                    -4.0625128755E-001  
 HF contribution (EtotHF)                          -7.6060987357E+001  
 Singles correction (EcSingles)                    -2.7789802078E-003  
 HF contribution (EtotHF)                          -7.6060987357E+001  
 Singles correction (EcSingles)                    -2.7789802078E-003  
 Direct RPA correlation (EcRPA)                    -4.0631690222E-001  
 HF contribution (EtotHF)                          -1.5212108645E+002  
 Singles correction (EcSingles)                    -5.5734663127E-003  
 HF contribution (EtotHF)                          -1.5212108645E+002  
 Singles correction (EcSingles)                    -5.5734663127E-003  
 Direct RPA correlation (EcRPA)                    -8.1270087628E-001  
 HF contribution (EtotHF)                          -1.5212198367E+002  
 Singles correction (EcSingles)                    -5.5547000996E-003  
 HF contribution (EtotHF)                          -1.5212198367E+002  
 Singles correction (EcSingles)                    -5.5547000996E-003  
 Direct RPA correlation (EcRPA)                    -8.1253417495E-001  
 HF contribution (EtotHF)                          -1.5212167148E+002  
 Singles correction (EcSingles)                    -5.5617729912E-003  
 HF contribution (EtotHF)                          -1.5212167148E+002  
 Singles correction (EcSingles)                    -5.5617729912E-003  
 Direct RPA correlation (EcRPA)                    -8.1265067410E-001  
 HF contribution (EtotHF)                          -4.0212731487E+001  
 Singles correction (EcSingles)                    -2.8556263032E-003  
 HF contribution (EtotHF)                          -4.0212731487E+001  
 Singles correction (EcSingles)                    -2.8556263032E-003  
 Direct RPA correlation (EcRPA)                    -3.4415132814E-001  
 HF contribution (EtotHF)                          -1.1627345962E+002  
 Singles correction (EcSingles)                    -5.7320799400E-003  
 HF contribution (EtotHF)                          -1.1627345962E+002  
 Singles correction (EcSingles)                    -5.7320799400E-003  
 Direct RPA correlation (EcRPA)                    -7.5124080948E-001  
 HF contribution (EtotHF)                          -1.1627333466E+002  
 Singles correction (EcSingles)                    -5.6633604617E-003  
 HF contribution (EtotHF)                          -1.1627333466E+002  
 Singles correction (EcSingles)                    -5.6633604617E-003  
 Direct RPA correlation (EcRPA)                    -7.5089868546E-001  
 HF contribution (EtotHF)                          -1.1627272397E+002  
 Singles correction (EcSingles)                    -5.7999443856E-003  
 HF contribution (EtotHF)                          -1.1627272397E+002  
 Singles correction (EcSingles)                    -5.7999443856E-003  
 Direct RPA correlation (EcRPA)                    -7.5166024982E-001  
 HF contribution (EtotHF)                          -2.2818211303E+002  
 Singles correction (EcSingles)                    -8.3528960473E-003  
 HF contribution (EtotHF)                          -2.2818211303E+002  
 Singles correction (EcSingles)                    -8.3528960473E-003  
 Direct RPA correlation (EcRPA)                    -1.2190346357E+000  
 HF contribution (EtotHF)                          -1.9233355438E+002  
 Singles correction (EcSingles)                    -8.5532716705E-003  
 HF contribution (EtotHF)                          -1.9233355438E+002  
 Singles correction (EcSingles)                    -8.5532716705E-003  
 Direct RPA correlation (EcRPA)                    -1.1581332634E+000  
 HF contribution (EtotHF)                          -1.9233321643E+002  
 Singles correction (EcSingles)                    -8.6801487189E-003  
 HF contribution (EtotHF)                          -1.9233321643E+002  
 Singles correction (EcSingles)                    -8.6801487189E-003  
 Direct RPA correlation (EcRPA)                    -1.1587968769E+000  
 HF contribution (EtotHF)                          -1.9233366727E+002  
 Singles correction (EcSingles)                    -8.6035660473E-003  
 HF contribution (EtotHF)                          -1.9233366727E+002  
 Singles correction (EcSingles)                    -8.6035660473E-003  
 Direct RPA correlation (EcRPA)                    -1.1583709571E+000  
