 Converged energy                           -269.772052913165
 Converged energy                            -76.421802243831
 Converged energy                            -76.421914960065
 Converged energy                            -76.421851882122
 Converged energy                           -152.845353781474
 Converged energy                           -152.843741826900
 Converged energy                           -152.842908814698
 Converged energy                            -40.504187848119
 Converged energy                           -116.926672132037
 Converged energy                           -116.926419815193
 Converged energy                           -116.926550307376
 Converged energy                           -229.266448313918
 Converged energy                           -193.350490971349
 Converged energy                           -193.348209198050
 Converged energy                           -193.348791615889
 HF contribution (EtotHF)                          -2.6839384270E+002  
 Singles correction (EcSingles)                    -1.1555025782E-002  
 HF contribution (EtotHF)                          -2.6839384270E+002  
 Singles correction (EcSingles)                    -1.1555025782E-002  
 Direct RPA correlation (EcRPA)                    -1.5661868547E+000  
 HF contribution (EtotHF)                          -7.6060488938E+001  
 Singles correction (EcSingles)                    -2.7863760927E-003  
 HF contribution (EtotHF)                          -7.6060488938E+001  
 Singles correction (EcSingles)                    -2.7863760927E-003  
 Direct RPA correlation (EcRPA)                    -4.0648777074E-001  
 HF contribution (EtotHF)                          -7.6060606358E+001  
 Singles correction (EcSingles)                    -2.7860933645E-003  
 HF contribution (EtotHF)                          -7.6060606358E+001  
 Singles correction (EcSingles)                    -2.7860933645E-003  
 Direct RPA correlation (EcRPA)                    -4.0643339573E-001  
 HF contribution (EtotHF)                          -7.6060614284E+001  
 Singles correction (EcSingles)                    -2.7801730622E-003  
 HF contribution (EtotHF)                          -7.6060614284E+001  
 Singles correction (EcSingles)                    -2.7801730622E-003  
 Direct RPA correlation (EcRPA)                    -4.0631831044E-001  
 HF contribution (EtotHF)                          -1.5212263118E+002  
 Singles correction (EcSingles)                    -5.5949457958E-003  
 HF contribution (EtotHF)                          -1.5212263118E+002  
 Singles correction (EcSingles)                    -5.5949457958E-003  
 Direct RPA correlation (EcRPA)                    -8.1298873642E-001  
 HF contribution (EtotHF)                          -1.5212119701E+002  
 Singles correction (EcSingles)                    -5.5663785792E-003  
 HF contribution (EtotHF)                          -1.5212119701E+002  
 Singles correction (EcSingles)                    -5.5663785792E-003  
 Direct RPA correlation (EcRPA)                    -8.1275890786E-001  
 HF contribution (EtotHF)                          -1.5212002211E+002  
 Singles correction (EcSingles)                    -5.6268075904E-003  
 HF contribution (EtotHF)                          -1.5212002211E+002  
 Singles correction (EcSingles)                    -5.6268075904E-003  
 Direct RPA correlation (EcRPA)                    -8.1319488657E-001  
 HF contribution (EtotHF)                          -4.0212730905E+001  
 Singles correction (EcSingles)                    -2.8554764303E-003  
 HF contribution (EtotHF)                          -4.0212730905E+001  
 Singles correction (EcSingles)                    -2.8554764303E-003  
 Direct RPA correlation (EcRPA)                    -3.4414633449E-001  
 HF contribution (EtotHF)                          -1.1627282773E+002  
 Singles correction (EcSingles)                    -5.7589311456E-003  
 HF contribution (EtotHF)                          -1.1627282773E+002  
 Singles correction (EcSingles)                    -5.7589311456E-003  
 Direct RPA correlation (EcRPA)                    -7.5159203637E-001  
 HF contribution (EtotHF)                          -1.1627276918E+002  
 Singles correction (EcSingles)                    -5.7453796654E-003  
 HF contribution (EtotHF)                          -1.1627276918E+002  
 Singles correction (EcSingles)                    -5.7453796654E-003  
 Direct RPA correlation (EcRPA)                    -7.5141217017E-001  
 HF contribution (EtotHF)                          -1.1627338176E+002  
 Singles correction (EcSingles)                    -5.6679652573E-003  
 HF contribution (EtotHF)                          -1.1627338176E+002  
 Singles correction (EcSingles)                    -5.6679652573E-003  
 Direct RPA correlation (EcRPA)                    -7.5100838214E-001  
 HF contribution (EtotHF)                          -2.2818216043E+002  
 Singles correction (EcSingles)                    -8.4342545393E-003  
 HF contribution (EtotHF)                          -2.2818216043E+002  
 Singles correction (EcSingles)                    -8.4342545393E-003  
 Direct RPA correlation (EcRPA)                    -1.2196989611E+000  
 HF contribution (EtotHF)                          -1.9233435052E+002  
 Singles correction (EcSingles)                    -8.6765019478E-003  
 HF contribution (EtotHF)                          -1.9233435052E+002  
 Singles correction (EcSingles)                    -8.6765019478E-003  
 Direct RPA correlation (EcRPA)                    -1.1589226717E+000  
 HF contribution (EtotHF)                          -1.9233227490E+002  
 Singles correction (EcSingles)                    -8.6408089990E-003  
 HF contribution (EtotHF)                          -1.9233227490E+002  
 Singles correction (EcSingles)                    -8.6408089990E-003  
 Direct RPA correlation (EcRPA)                    -1.1588654094E+000  
 HF contribution (EtotHF)                          -1.9233344203E+002  
 Singles correction (EcSingles)                    -8.5561174997E-003  
 HF contribution (EtotHF)                          -1.9233344203E+002  
 Singles correction (EcSingles)                    -8.5561174997E-003  
 Direct RPA correlation (EcRPA)                    -1.1582695024E+000  
