 Converged energy                           -269.769529671130
 Converged energy                            -76.421799835135
 Converged energy                            -76.421605693877
 Converged energy                            -76.422198385134
 Converged energy                           -152.843553450420
 Converged energy                           -152.843567054499
 Converged energy                           -152.842279709137
 Converged energy                            -40.504189192856
 Converged energy                           -116.926671244388
 Converged energy                           -116.926336459580
 Converged energy                           -116.926724492466
 Converged energy                           -229.263791974793
 Converged energy                           -193.348935181003
 Converged energy                           -193.347484909517
 Converged energy                           -193.348654248348
 HF contribution (EtotHF)                          -2.6838973100E+002  
 Singles correction (EcSingles)                    -1.1774764432E-002  
 HF contribution (EtotHF)                          -2.6838973100E+002  
 Singles correction (EcSingles)                    -1.1774764432E-002  
 Direct RPA correlation (EcRPA)                    -1.5676890377E+000  
 HF contribution (EtotHF)                          -7.6060486989E+001  
 Singles correction (EcSingles)                    -2.7860112797E-003  
 HF contribution (EtotHF)                          -7.6060486989E+001  
 Singles correction (EcSingles)                    -2.7860112797E-003  
 Direct RPA correlation (EcRPA)                    -4.0646532590E-001  
 HF contribution (EtotHF)                          -7.6060151889E+001  
 Singles correction (EcSingles)                    -2.7970435575E-003  
 HF contribution (EtotHF)                          -7.6060151889E+001  
 Singles correction (EcSingles)                    -2.7970435575E-003  
 Direct RPA correlation (EcRPA)                    -4.0664812828E-001  
 HF contribution (EtotHF)                          -7.6060990500E+001  
 Singles correction (EcSingles)                    -2.7793101583E-003  
 HF contribution (EtotHF)                          -7.6060990500E+001  
 Singles correction (EcSingles)                    -2.7793101583E-003  
 Direct RPA correlation (EcRPA)                    -4.0635539230E-001  
 HF contribution (EtotHF)                          -1.5212079703E+002  
 Singles correction (EcSingles)                    -5.5819485972E-003  
 HF contribution (EtotHF)                          -1.5212079703E+002  
 Singles correction (EcSingles)                    -5.5819485972E-003  
 Direct RPA correlation (EcRPA)                    -8.1310464690E-001  
 HF contribution (EtotHF)                          -1.5212087045E+002  
 Singles correction (EcSingles)                    -5.5814553575E-003  
 HF contribution (EtotHF)                          -1.5212087045E+002  
 Singles correction (EcSingles)                    -5.5814553575E-003  
 Direct RPA correlation (EcRPA)                    -8.1306223724E-001  
 HF contribution (EtotHF)                          -1.5211916616E+002  
 Singles correction (EcSingles)                    -5.6663879073E-003  
 HF contribution (EtotHF)                          -1.5211916616E+002  
 Singles correction (EcSingles)                    -5.6663879073E-003  
 Direct RPA correlation (EcRPA)                    -8.1349187240E-001  
 HF contribution (EtotHF)                          -4.0212730928E+001  
 Singles correction (EcSingles)                    -2.8561011762E-003  
 HF contribution (EtotHF)                          -4.0212730928E+001  
 Singles correction (EcSingles)                    -2.8561011762E-003  
 Direct RPA correlation (EcRPA)                    -3.4418239030E-001  
 HF contribution (EtotHF)                          -1.1627282568E+002  
 Singles correction (EcSingles)                    -5.7593075371E-003  
 HF contribution (EtotHF)                          -1.1627282568E+002  
 Singles correction (EcSingles)                    -5.7593075371E-003  
 Direct RPA correlation (EcRPA)                    -7.5160561526E-001  
 HF contribution (EtotHF)                          -1.1627211757E+002  
 Singles correction (EcSingles)                    -5.8114782746E-003  
 HF contribution (EtotHF)                          -1.1627211757E+002  
 Singles correction (EcSingles)                    -5.8114782746E-003  
 Direct RPA correlation (EcRPA)                    -7.5198615734E-001  
 HF contribution (EtotHF)                          -1.1627272654E+002  
 Singles correction (EcSingles)                    -5.8007496300E-003  
 HF contribution (EtotHF)                          -1.1627272654E+002  
 Singles correction (EcSingles)                    -5.8007496300E-003  
 Direct RPA correlation (EcRPA)                    -7.5173045340E-001  
 HF contribution (EtotHF)                          -2.2817920031E+002  
 Singles correction (EcSingles)                    -8.4673491075E-003  
 HF contribution (EtotHF)                          -2.2817920031E+002  
 Singles correction (EcSingles)                    -8.4673491075E-003  
 Direct RPA correlation (EcRPA)                    -1.2201895429E+000  
 HF contribution (EtotHF)                          -1.9233233974E+002  
 Singles correction (EcSingles)                    -8.7138880141E-003  
 HF contribution (EtotHF)                          -1.9233233974E+002  
 Singles correction (EcSingles)                    -8.7138880141E-003  
 Direct RPA correlation (EcRPA)                    -1.1594069699E+000  
 HF contribution (EtotHF)                          -1.9233045373E+002  
 Singles correction (EcSingles)                    -8.8171971636E-003  
 HF contribution (EtotHF)                          -1.9233045373E+002  
 Singles correction (EcSingles)                    -8.8171971636E-003  
 Direct RPA correlation (EcRPA)                    -1.1598341897E+000  
 HF contribution (EtotHF)                          -1.9233187768E+002  
 Singles correction (EcSingles)                    -8.7593087881E-003  
 HF contribution (EtotHF)                          -1.9233187768E+002  
 Singles correction (EcSingles)                    -8.7593087881E-003  
 Direct RPA correlation (EcRPA)                    -1.1595881310E+000  
