 Converged energy                           -269.771237358223
 Converged energy                            -76.421795139122
 Converged energy                            -76.421891639476
 Converged energy                            -76.420712809403
 Converged energy                           -152.843582140746
 Converged energy                           -152.843976095719
 Converged energy                           -152.842910590862
 Converged energy                            -40.504187681690
 Converged energy                           -116.926664920389
 Converged energy                           -116.926442181478
 Converged energy                           -116.924916771949
 Converged energy                           -229.266072047339
 Converged energy                           -193.348858213386
 Converged energy                           -193.347750110905
 Converged energy                           -193.348462607617
 HF contribution (EtotHF)                          -2.6839342468E+002  
 Singles correction (EcSingles)                    -1.1448766350E-002  
 HF contribution (EtotHF)                          -2.6839342468E+002  
 Singles correction (EcSingles)                    -1.1448766350E-002  
 Direct RPA correlation (EcRPA)                    -1.5659212458E+000  
 HF contribution (EtotHF)                          -7.6060483689E+001  
 Singles correction (EcSingles)                    -2.7854862002E-003  
 HF contribution (EtotHF)                          -7.6060483689E+001  
 Singles correction (EcSingles)                    -2.7854862002E-003  
 Direct RPA correlation (EcRPA)                    -4.0642157911E-001  
 HF contribution (EtotHF)                          -7.6060668322E+001  
 Singles correction (EcSingles)                    -2.7793912437E-003  
 HF contribution (EtotHF)                          -7.6060668322E+001  
 Singles correction (EcSingles)                    -2.7793912437E-003  
 Direct RPA correlation (EcRPA)                    -4.0626169399E-001  
 HF contribution (EtotHF)                          -7.6059018125E+001  
 Singles correction (EcSingles)                    -2.8149303170E-003  
 HF contribution (EtotHF)                          -7.6059018125E+001  
 Singles correction (EcSingles)                    -2.8149303170E-003  
 Direct RPA correlation (EcRPA)                    -4.0693080413E-001  
 HF contribution (EtotHF)                          -1.5212103913E+002  
 Singles correction (EcSingles)                    -5.5659753519E-003  
 HF contribution (EtotHF)                          -1.5212103913E+002  
 Singles correction (EcSingles)                    -5.5659753519E-003  
 Direct RPA correlation (EcRPA)                    -8.1269897811E-001  
 HF contribution (EtotHF)                          -1.5212099661E+002  
 Singles correction (EcSingles)                    -5.6099398909E-003  
 HF contribution (EtotHF)                          -1.5212099661E+002  
 Singles correction (EcSingles)                    -5.6099398909E-003  
 Direct RPA correlation (EcRPA)                    -8.1324038516E-001  
 HF contribution (EtotHF)                          -1.5211995098E+002  
 Singles correction (EcSingles)                    -5.5948507532E-003  
 HF contribution (EtotHF)                          -1.5211995098E+002  
 Singles correction (EcSingles)                    -5.5948507532E-003  
 Direct RPA correlation (EcRPA)                    -8.1329591958E-001  
 HF contribution (EtotHF)                          -4.0212729778E+001  
 Singles correction (EcSingles)                    -2.8555733834E-003  
 HF contribution (EtotHF)                          -4.0212729778E+001  
 Singles correction (EcSingles)                    -2.8555733834E-003  
 Direct RPA correlation (EcRPA)                    -3.4414562883E-001  
 HF contribution (EtotHF)                          -1.1627282122E+002  
 Singles correction (EcSingles)                    -5.7581741333E-003  
 HF contribution (EtotHF)                          -1.1627282122E+002  
 Singles correction (EcSingles)                    -5.7581741333E-003  
 Direct RPA correlation (EcRPA)                    -7.5152428616E-001  
 HF contribution (EtotHF)                          -1.1627333483E+002  
 Singles correction (EcSingles)                    -5.6633053927E-003  
 HF contribution (EtotHF)                          -1.1627333483E+002  
 Singles correction (EcSingles)                    -5.6633053927E-003  
 Direct RPA correlation (EcRPA)                    -7.5090367967E-001  
 HF contribution (EtotHF)                          -1.1627119301E+002  
 Singles correction (EcSingles)                    -5.7221282309E-003  
 HF contribution (EtotHF)                          -1.1627119301E+002  
 Singles correction (EcSingles)                    -5.7221282309E-003  
 Direct RPA correlation (EcRPA)                    -7.5176270365E-001  
 HF contribution (EtotHF)                          -2.2818181914E+002  
 Singles correction (EcSingles)                    -8.3909876471E-003  
 HF contribution (EtotHF)                          -2.2818181914E+002  
 Singles correction (EcSingles)                    -8.3909876471E-003  
 Direct RPA correlation (EcRPA)                    -1.2196213549E+000  
 HF contribution (EtotHF)                          -1.9233335350E+002  
 Singles correction (EcSingles)                    -8.5668586752E-003  
 HF contribution (EtotHF)                          -1.9233335350E+002  
 Singles correction (EcSingles)                    -8.5668586752E-003  
 Direct RPA correlation (EcRPA)                    -1.1582968444E+000  
 HF contribution (EtotHF)                          -1.9233168985E+002  
 Singles correction (EcSingles)                    -8.6184028880E-003  
 HF contribution (EtotHF)                          -1.9233168985E+002  
 Singles correction (EcSingles)                    -8.6184028880E-003  
 Direct RPA correlation (EcRPA)                    -1.1590903760E+000  
 HF contribution (EtotHF)                          -1.9233299796E+002  
 Singles correction (EcSingles)                    -8.5515417131E-003  
 HF contribution (EtotHF)                          -1.9233299796E+002  
 Singles correction (EcSingles)                    -8.5515417131E-003  
 Direct RPA correlation (EcRPA)                    -1.1585791573E+000  
