 Converged energy                           -269.777089583976
 Converged energy                            -76.422059711548
 Converged energy                            -76.419921898607
 Converged energy                            -76.421248016882
 Converged energy                           -152.841980899778
 Converged energy                           -152.842728191378
 Converged energy                           -152.850572437532
 Converged energy                            -40.504188033420
 Converged energy                           -116.926401237234
 Converged energy                           -116.924443534913
 Converged energy                           -116.925972785147
 Converged energy                           -229.271906965171
 Converged energy                           -193.346648525243
 Converged energy                           -193.355516309590
 Converged energy                           -193.347706076155
 HF contribution (EtotHF)                          -2.6839408133E+002  
 Singles correction (EcSingles)                    -1.2052544243E-002  
 HF contribution (EtotHF)                          -2.6839408133E+002  
 Singles correction (EcSingles)                    -1.2052544243E-002  
 Direct RPA correlation (EcRPA)                    -1.5702454898E+000  
 HF contribution (EtotHF)                          -7.6060754524E+001  
 Singles correction (EcSingles)                    -2.7882006876E-003  
 HF contribution (EtotHF)                          -7.6060754524E+001  
 Singles correction (EcSingles)                    -2.7882006876E-003  
 Direct RPA correlation (EcRPA)                    -4.0665528077E-001  
 HF contribution (EtotHF)                          -7.6057935747E+001  
 Singles correction (EcSingles)                    -2.8372600595E-003  
 HF contribution (EtotHF)                          -7.6057935747E+001  
 Singles correction (EcSingles)                    -2.8372600595E-003  
 Direct RPA correlation (EcRPA)                    -4.0732550272E-001  
 HF contribution (EtotHF)                          -7.6059741544E+001  
 Singles correction (EcSingles)                    -2.8041746309E-003  
 HF contribution (EtotHF)                          -7.6059741544E+001  
 Singles correction (EcSingles)                    -2.8041746309E-003  
 Direct RPA correlation (EcRPA)                    -4.0713867356E-001  
 HF contribution (EtotHF)                          -1.5211869629E+002  
 Singles correction (EcSingles)                    -5.6252329658E-003  
 HF contribution (EtotHF)                          -1.5211869629E+002  
 Singles correction (EcSingles)                    -5.6252329658E-003  
 Direct RPA correlation (EcRPA)                    -8.1398690748E-001  
 HF contribution (EtotHF)                          -1.5211919755E+002  
 Singles correction (EcSingles)                    -5.6541004156E-003  
 HF contribution (EtotHF)                          -1.5211919755E+002  
 Singles correction (EcSingles)                    -5.6541004156E-003  
 Direct RPA correlation (EcRPA)                    -8.1447736200E-001  
 HF contribution (EtotHF)                          -1.5212321518E+002  
 Singles correction (EcSingles)                    -6.1241814557E-003  
 HF contribution (EtotHF)                          -1.5212321518E+002  
 Singles correction (EcSingles)                    -6.1241814557E-003  
 Direct RPA correlation (EcRPA)                    -8.1656910202E-001  
 HF contribution (EtotHF)                          -4.0212730821E+001  
 Singles correction (EcSingles)                    -2.8556125141E-003  
 HF contribution (EtotHF)                          -4.0212730821E+001  
 Singles correction (EcSingles)                    -2.8556125141E-003  
 Direct RPA correlation (EcRPA)                    -3.4414868261E-001  
 HF contribution (EtotHF)                          -1.1627250985E+002  
 Singles correction (EcSingles)                    -5.7836176595E-003  
 HF contribution (EtotHF)                          -1.1627250985E+002  
 Singles correction (EcSingles)                    -5.7836176595E-003  
 Direct RPA correlation (EcRPA)                    -7.5185530117E-001  
 HF contribution (EtotHF)                          -1.1627055964E+002  
 Singles correction (EcSingles)                    -5.7249339984E-003  
 HF contribution (EtotHF)                          -1.1627055964E+002  
 Singles correction (EcSingles)                    -5.7249339984E-003  
 Direct RPA correlation (EcRPA)                    -7.5198351797E-001  
 HF contribution (EtotHF)                          -1.1627243777E+002  
 Singles correction (EcSingles)                    -5.7031223324E-003  
 HF contribution (EtotHF)                          -1.1627243777E+002  
 Singles correction (EcSingles)                    -5.7031223324E-003  
 Direct RPA correlation (EcRPA)                    -7.5193274314E-001  
 HF contribution (EtotHF)                          -2.2818255538E+002  
 Singles correction (EcSingles)                    -8.9675632161E-003  
 HF contribution (EtotHF)                          -2.2818255538E+002  
 Singles correction (EcSingles)                    -8.9675632161E-003  
 Direct RPA correlation (EcRPA)                    -1.2239105938E+000  
 HF contribution (EtotHF)                          -1.9233032308E+002  
 Singles correction (EcSingles)                    -8.6544081670E-003  
 HF contribution (EtotHF)                          -1.9233032308E+002  
 Singles correction (EcSingles)                    -8.6544081670E-003  
 Direct RPA correlation (EcRPA)                    -1.1597032611E+000  
 HF contribution (EtotHF)                          -1.9233497519E+002  
 Singles correction (EcSingles)                    -9.1710097509E-003  
 HF contribution (EtotHF)                          -1.9233497519E+002  
 Singles correction (EcSingles)                    -9.1710097509E-003  
 Direct RPA correlation (EcRPA)                    -1.1623730233E+000  
 HF contribution (EtotHF)                          -1.9233168344E+002  
 Singles correction (EcSingles)                    -8.5906186649E-003  
 HF contribution (EtotHF)                          -1.9233168344E+002  
 Singles correction (EcSingles)                    -8.5906186649E-003  
 Direct RPA correlation (EcRPA)                    -1.1597973404E+000  
