 Converged energy                           -269.769766807247
 Converged energy                            -76.422044866268
 Converged energy                            -76.421025243568
 Converged energy                            -76.419912214591
 Converged energy                           -152.843193558597
 Converged energy                           -152.840928132353
 Converged energy                           -152.843682378208
 Converged energy                            -40.504188353727
 Converged energy                           -116.926386794841
 Converged energy                           -116.925649273240
 Converged energy                           -116.924339453177
 Converged energy                           -229.264826505865
 Converged energy                           -193.347949706429
 Converged energy                           -193.348219579033
 Converged energy                           -193.345781116839
 HF contribution (EtotHF)                          -2.6839155027E+002  
 Singles correction (EcSingles)                    -1.1480692756E-002  
 HF contribution (EtotHF)                          -2.6839155027E+002  
 Singles correction (EcSingles)                    -1.1480692756E-002  
 Direct RPA correlation (EcRPA)                    -1.5665486340E+000  
 HF contribution (EtotHF)                          -7.6060744696E+001  
 Singles correction (EcSingles)                    -2.7860053811E-003  
 HF contribution (EtotHF)                          -7.6060744696E+001  
 Singles correction (EcSingles)                    -2.7860053811E-003  
 Direct RPA correlation (EcRPA)                    -4.0643620514E-001  
 HF contribution (EtotHF)                          -7.6059445451E+001  
 Singles correction (EcSingles)                    -2.8059089182E-003  
 HF contribution (EtotHF)                          -7.6059445451E+001  
 Singles correction (EcSingles)                    -2.8059089182E-003  
 Direct RPA correlation (EcRPA)                    -4.0673872892E-001  
 HF contribution (EtotHF)                          -7.6057921874E+001  
 Singles correction (EcSingles)                    -2.8376547634E-003  
 HF contribution (EtotHF)                          -7.6057921874E+001  
 Singles correction (EcSingles)                    -2.8376547634E-003  
 Direct RPA correlation (EcRPA)                    -4.0731759637E-001  
 HF contribution (EtotHF)                          -1.5212033053E+002  
 Singles correction (EcSingles)                    -5.5898377004E-003  
 HF contribution (EtotHF)                          -1.5212033053E+002  
 Singles correction (EcSingles)                    -5.5898377004E-003  
 Direct RPA correlation (EcRPA)                    -8.1315452384E-001  
 HF contribution (EtotHF)                          -1.5211734891E+002  
 Singles correction (EcSingles)                    -5.6448522732E-003  
 HF contribution (EtotHF)                          -1.5211734891E+002  
 Singles correction (EcSingles)                    -5.6448522732E-003  
 Direct RPA correlation (EcRPA)                    -8.1408016073E-001  
 HF contribution (EtotHF)                          -1.5212048843E+002  
 Singles correction (EcSingles)                    -5.6161674042E-003  
 HF contribution (EtotHF)                          -1.5212048843E+002  
 Singles correction (EcSingles)                    -5.6161674042E-003  
 Direct RPA correlation (EcRPA)                    -8.1360954430E-001  
 HF contribution (EtotHF)                          -4.0212731642E+001  
 Singles correction (EcSingles)                    -2.8554203609E-003  
 HF contribution (EtotHF)                          -4.0212731642E+001  
 Singles correction (EcSingles)                    -2.8554203609E-003  
 Direct RPA correlation (EcRPA)                    -3.4414060748E-001  
 HF contribution (EtotHF)                          -1.1627250071E+002  
 Singles correction (EcSingles)                    -5.7811963896E-003  
 HF contribution (EtotHF)                          -1.1627250071E+002  
 Singles correction (EcSingles)                    -5.7811963896E-003  
 Direct RPA correlation (EcRPA)                    -7.5162685714E-001  
 HF contribution (EtotHF)                          -1.1627215951E+002  
 Singles correction (EcSingles)                    -5.6909672313E-003  
 HF contribution (EtotHF)                          -1.1627215951E+002  
 Singles correction (EcSingles)                    -5.6909672313E-003  
 Direct RPA correlation (EcRPA)                    -7.5139229817E-001  
 HF contribution (EtotHF)                          -1.1627049478E+002  
 Singles correction (EcSingles)                    -5.7243018103E-003  
 HF contribution (EtotHF)                          -1.1627049478E+002  
 Singles correction (EcSingles)                    -5.7243018103E-003  
 Direct RPA correlation (EcRPA)                    -7.5193666627E-001  
 HF contribution (EtotHF)                          -2.2818006025E+002  
 Singles correction (EcSingles)                    -8.4213162995E-003  
 HF contribution (EtotHF)                          -2.2818006025E+002  
 Singles correction (EcSingles)                    -8.4213162995E-003  
 Direct RPA correlation (EcRPA)                    -1.2203518749E+000  
 HF contribution (EtotHF)                          -1.9233204420E+002  
 Singles correction (EcSingles)                    -8.6148276261E-003  
 HF contribution (EtotHF)                          -1.9233204420E+002  
 Singles correction (EcSingles)                    -8.6148276261E-003  
 Direct RPA correlation (EcRPA)                    -1.1588628972E+000  
 HF contribution (EtotHF)                          -1.9233204439E+002  
 Singles correction (EcSingles)                    -8.6442120213E-003  
 HF contribution (EtotHF)                          -1.9233204439E+002  
 Singles correction (EcSingles)                    -8.6442120213E-003  
 Direct RPA correlation (EcRPA)                    -1.1592787466E+000  
 HF contribution (EtotHF)                          -1.9232988168E+002  
 Singles correction (EcSingles)                    -8.5626888016E-003  
 HF contribution (EtotHF)                          -1.9232988168E+002  
 Singles correction (EcSingles)                    -8.5626888016E-003  
 Direct RPA correlation (EcRPA)                    -1.1592220451E+000  
