 Converged energy                           -269.777998372903
 Converged energy                            -76.422061729518
 Converged energy                            -76.421923315821
 Converged energy                            -76.421978789456
 Converged energy                           -152.851538229610
 Converged energy                           -152.842290222235
 Converged energy                           -152.845188122908
 Converged energy                            -40.504188277580
 Converged energy                           -116.926403236833
 Converged energy                           -116.926473819918
 Converged energy                           -116.926671563686
 Converged energy                           -229.272623316052
 Converged energy                           -193.356310453087
 Converged energy                           -193.350053541247
 Converged energy                           -193.347407483002
 HF contribution (EtotHF)                          -2.6839563934E+002  
 Singles correction (EcSingles)                    -1.2062506744E-002  
 HF contribution (EtotHF)                          -2.6839563934E+002  
 Singles correction (EcSingles)                    -1.2062506744E-002  
 Direct RPA correlation (EcRPA)                    -1.5693921823E+000  
 HF contribution (EtotHF)                          -7.6060756349E+001  
 Singles correction (EcSingles)                    -2.7882179795E-003  
 HF contribution (EtotHF)                          -7.6060756349E+001  
 Singles correction (EcSingles)                    -2.7882179795E-003  
 Direct RPA correlation (EcRPA)                    -4.0665900055E-001  
 HF contribution (EtotHF)                          -7.6060696452E+001  
 Singles correction (EcSingles)                    -2.7827207591E-003  
 HF contribution (EtotHF)                          -7.6060696452E+001  
 Singles correction (EcSingles)                    -2.7827207591E-003  
 Direct RPA correlation (EcRPA)                    -4.0671107051E-001  
 HF contribution (EtotHF)                          -7.6060705386E+001  
 Singles correction (EcSingles)                    -2.7838216122E-003  
 HF contribution (EtotHF)                          -7.6060705386E+001  
 Singles correction (EcSingles)                    -2.7838216122E-003  
 Direct RPA correlation (EcRPA)                    -4.0643186115E-001  
 HF contribution (EtotHF)                          -1.5212490740E+002  
 Singles correction (EcSingles)                    -6.0514359620E-003  
 HF contribution (EtotHF)                          -1.5212490740E+002  
 Singles correction (EcSingles)                    -6.0514359620E-003  
 Direct RPA correlation (EcRPA)                    -8.1585819760E-001  
 HF contribution (EtotHF)                          -1.5211943503E+002  
 Singles correction (EcSingles)                    -5.6211764525E-003  
 HF contribution (EtotHF)                          -1.5211943503E+002  
 Singles correction (EcSingles)                    -5.6211764525E-003  
 Direct RPA correlation (EcRPA)                    -8.1359761208E-001  
 HF contribution (EtotHF)                          -1.5212246862E+002  
 Singles correction (EcSingles)                    -5.6042635279E-003  
 HF contribution (EtotHF)                          -1.5212246862E+002  
 Singles correction (EcSingles)                    -5.6042635279E-003  
 Direct RPA correlation (EcRPA)                    -8.1319711390E-001  
 HF contribution (EtotHF)                          -4.0212730404E+001  
 Singles correction (EcSingles)                    -2.8556115277E-003  
 HF contribution (EtotHF)                          -4.0212730404E+001  
 Singles correction (EcSingles)                    -2.8556115277E-003  
 Direct RPA correlation (EcRPA)                    -3.4415362662E-001  
 HF contribution (EtotHF)                          -1.1627251123E+002  
 Singles correction (EcSingles)                    -5.7836142728E-003  
 HF contribution (EtotHF)                          -1.1627251123E+002  
 Singles correction (EcSingles)                    -5.7836142728E-003  
 Direct RPA correlation (EcRPA)                    -7.5186437399E-001  
 HF contribution (EtotHF)                          -1.1627336320E+002  
 Singles correction (EcSingles)                    -5.6667844353E-003  
 HF contribution (EtotHF)                          -1.1627336320E+002  
 Singles correction (EcSingles)                    -5.6667844353E-003  
 Direct RPA correlation (EcRPA)                    -7.5136402978E-001  
 HF contribution (EtotHF)                          -1.1627295583E+002  
 Singles correction (EcSingles)                    -5.7459508124E-003  
 HF contribution (EtotHF)                          -1.1627295583E+002  
 Singles correction (EcSingles)                    -5.7459508124E-003  
 Direct RPA correlation (EcRPA)                    -7.5148298143E-001  
 HF contribution (EtotHF)                          -2.2818428143E+002  
 Singles correction (EcSingles)                    -8.9136332674E-003  
 HF contribution (EtotHF)                          -2.2818428143E+002  
 Singles correction (EcSingles)                    -8.9136332674E-003  
 Direct RPA correlation (EcRPA)                    -1.2228359155E+000  
 HF contribution (EtotHF)                          -1.9233668742E+002  
 Singles correction (EcSingles)                    -9.0832919617E-003  
 HF contribution (EtotHF)                          -1.9233668742E+002  
 Singles correction (EcSingles)                    -9.0832919617E-003  
 Direct RPA correlation (EcRPA)                    -1.1615353478E+000  
 HF contribution (EtotHF)                          -1.9233372957E+002  
 Singles correction (EcSingles)                    -8.7133291525E-003  
 HF contribution (EtotHF)                          -1.9233372957E+002  
 Singles correction (EcSingles)                    -8.7133291525E-003  
 Direct RPA correlation (EcRPA)                    -1.1592932756E+000  
 HF contribution (EtotHF)                          -1.9233167092E+002  
 Singles correction (EcSingles)                    -8.6165201345E-003  
 HF contribution (EtotHF)                          -1.9233167092E+002  
 Singles correction (EcSingles)                    -8.6165201345E-003  
 Direct RPA correlation (EcRPA)                    -1.1591373478E+000  
