 Converged energy                           -269.770547274598
 Converged energy                            -76.419920687957
 Converged energy                            -76.421605349144
 Converged energy                            -76.422195326063
 Converged energy                           -152.841393699163
 Converged energy                           -152.843563667114
 Converged energy                           -152.843892781758
 Converged energy                            -40.504189549240
 Converged energy                           -116.924443866080
 Converged energy                           -116.926336451540
 Converged energy                           -116.926722082207
 Converged energy                           -229.265117466584
 Converged energy                           -193.346504844004
 Converged energy                           -193.348714424033
 Converged energy                           -193.348651486954
 HF contribution (EtotHF)                          -2.6839142423E+002  
 Singles correction (EcSingles)                    -1.1624427191E-002  
 HF contribution (EtotHF)                          -2.6839142423E+002  
 Singles correction (EcSingles)                    -1.1624427191E-002  
 Direct RPA correlation (EcRPA)                    -1.5672473856E+000  
 HF contribution (EtotHF)                          -7.6057933802E+001  
 Singles correction (EcSingles)                    -2.8372976727E-003  
 HF contribution (EtotHF)                          -7.6057933802E+001  
 Singles correction (EcSingles)                    -2.8372976727E-003  
 Direct RPA correlation (EcRPA)                    -4.0731646731E-001  
 HF contribution (EtotHF)                          -7.6060151687E+001  
 Singles correction (EcSingles)                    -2.7970194397E-003  
 HF contribution (EtotHF)                          -7.6060151687E+001  
 Singles correction (EcSingles)                    -2.7970194397E-003  
 Direct RPA correlation (EcRPA)                    -4.0664646769E-001  
 HF contribution (EtotHF)                          -7.6060988003E+001  
 Singles correction (EcSingles)                    -2.7790350765E-003  
 HF contribution (EtotHF)                          -7.6060988003E+001  
 Singles correction (EcSingles)                    -2.7790350765E-003  
 Direct RPA correlation (EcRPA)                    -4.0632640009E-001  
 HF contribution (EtotHF)                          -1.5211794058E+002  
 Singles correction (EcSingles)                    -5.6359917796E-003  
 HF contribution (EtotHF)                          -1.5211794058E+002  
 Singles correction (EcSingles)                    -5.6359917796E-003  
 Direct RPA correlation (EcRPA)                    -8.1398505264E-001  
 HF contribution (EtotHF)                          -1.5212086776E+002  
 Singles correction (EcSingles)                    -5.5811638028E-003  
 HF contribution (EtotHF)                          -1.5212086776E+002  
 Singles correction (EcSingles)                    -5.5811638028E-003  
 Direct RPA correlation (EcRPA)                    -8.1303158992E-001  
 HF contribution (EtotHF)                          -1.5212079221E+002  
 Singles correction (EcSingles)                    -5.6093901189E-003  
 HF contribution (EtotHF)                          -1.5212079221E+002  
 Singles correction (EcSingles)                    -5.6093901189E-003  
 Direct RPA correlation (EcRPA)                    -8.1349939534E-001  
 HF contribution (EtotHF)                          -4.0212732376E+001  
 Singles correction (EcSingles)                    -2.8558930487E-003  
 HF contribution (EtotHF)                          -4.0212732376E+001  
 Singles correction (EcSingles)                    -2.8558930487E-003  
 Direct RPA correlation (EcRPA)                    -3.4416971844E-001  
 HF contribution (EtotHF)                          -1.1627055924E+002  
 Singles correction (EcSingles)                    -5.7252544415E-003  
 HF contribution (EtotHF)                          -1.1627055924E+002  
 Singles correction (EcSingles)                    -5.7252544415E-003  
 Direct RPA correlation (EcRPA)                    -7.5199603966E-001  
 HF contribution (EtotHF)                          -1.1627211875E+002  
 Singles correction (EcSingles)                    -5.8112587227E-003  
 HF contribution (EtotHF)                          -1.1627211875E+002  
 Singles correction (EcSingles)                    -5.8112587227E-003  
 Direct RPA correlation (EcRPA)                    -7.5197178891E-001  
 HF contribution (EtotHF)                          -1.1627272553E+002  
 Singles correction (EcSingles)                    -5.8002605087E-003  
 HF contribution (EtotHF)                          -1.1627272553E+002  
 Singles correction (EcSingles)                    -5.8002605087E-003  
 Direct RPA correlation (EcRPA)                    -7.5168844454E-001  
 HF contribution (EtotHF)                          -2.2818051511E+002  
 Singles correction (EcSingles)                    -8.4133196072E-003  
 HF contribution (EtotHF)                          -2.2818051511E+002  
 Singles correction (EcSingles)                    -8.4133196072E-003  
 Direct RPA correlation (EcRPA)                    -1.2202277370E+000  
 HF contribution (EtotHF)                          -1.9232984604E+002  
 Singles correction (EcSingles)                    -8.6819379532E-003  
 HF contribution (EtotHF)                          -1.9232984604E+002  
 Singles correction (EcSingles)                    -8.6819379532E-003  
 Direct RPA correlation (EcRPA)                    -1.1598182602E+000  
 HF contribution (EtotHF)                          -1.9233238406E+002  
 Singles correction (EcSingles)                    -8.6644280626E-003  
 HF contribution (EtotHF)                          -1.9233238406E+002  
 Singles correction (EcSingles)                    -8.6644280626E-003  
 Direct RPA correlation (EcRPA)                    -1.1593703875E+000  
 HF contribution (EtotHF)                          -1.9233187641E+002  
 Singles correction (EcSingles)                    -8.7588058425E-003  
 HF contribution (EtotHF)                          -1.9233187641E+002  
 Singles correction (EcSingles)                    -8.7588058425E-003  
 Direct RPA correlation (EcRPA)                    -1.1595444499E+000  
