 Converged energy                           -269.775299276447
 Converged energy                            -76.421218059523
 Converged energy                            -76.421908915082
 Converged energy                            -76.419949449205
 Converged energy                           -152.841927388514
 Converged energy                           -152.849328080437
 Converged energy                           -152.841979815340
 Converged energy                            -40.504186918281
 Converged energy                           -116.925941674731
 Converged energy                           -116.926458542247
 Converged energy                           -116.924374622151
 Converged energy                           -229.269798539282
 Converged energy                           -193.347074790693
 Converged energy                           -193.346977238472
 Converged energy                           -193.354182839549
 HF contribution (EtotHF)                          -2.6839230768E+002  
 Singles correction (EcSingles)                    -1.1988946946E-002  
 HF contribution (EtotHF)                          -2.6839230768E+002  
 Singles correction (EcSingles)                    -1.1988946946E-002  
 Direct RPA correlation (EcRPA)                    -1.5701689722E+000  
 HF contribution (EtotHF)                          -7.6059716183E+001  
 Singles correction (EcSingles)                    -2.8006183872E-003  
 HF contribution (EtotHF)                          -7.6059716183E+001  
 Singles correction (EcSingles)                    -2.8006183872E-003  
 Direct RPA correlation (EcRPA)                    -4.0668750945E-001  
 HF contribution (EtotHF)                          -7.6060681179E+001  
 Singles correction (EcSingles)                    -2.7814887652E-003  
 HF contribution (EtotHF)                          -7.6060681179E+001  
 Singles correction (EcSingles)                    -2.7814887652E-003  
 Direct RPA correlation (EcRPA)                    -4.0651109109E-001  
 HF contribution (EtotHF)                          -7.6057953629E+001  
 Singles correction (EcSingles)                    -2.8418998573E-003  
 HF contribution (EtotHF)                          -7.6057953629E+001  
 Singles correction (EcSingles)                    -2.8418998573E-003  
 Direct RPA correlation (EcRPA)                    -4.0787232013E-001  
 HF contribution (EtotHF)                          -1.5211895773E+002  
 Singles correction (EcSingles)                    -5.6172863643E-003  
 HF contribution (EtotHF)                          -1.5211895773E+002  
 Singles correction (EcSingles)                    -5.6172863643E-003  
 Direct RPA correlation (EcRPA)                    -8.1352209583E-001  
 HF contribution (EtotHF)                          -1.5212089739E+002  
 Singles correction (EcSingles)                    -6.1855435994E-003  
 HF contribution (EtotHF)                          -1.5212089739E+002  
 Singles correction (EcSingles)                    -6.1855435994E-003  
 Direct RPA correlation (EcRPA)                    -8.1742636439E-001  
 HF contribution (EtotHF)                          -1.5211845158E+002  
 Singles correction (EcSingles)                    -5.6492320370E-003  
 HF contribution (EtotHF)                          -1.5211845158E+002  
 Singles correction (EcSingles)                    -5.6492320370E-003  
 Direct RPA correlation (EcRPA)                    -8.1460426844E-001  
 HF contribution (EtotHF)                          -4.0212730209E+001  
 Singles correction (EcSingles)                    -2.8553433295E-003  
 HF contribution (EtotHF)                          -4.0212730209E+001  
 Singles correction (EcSingles)                    -2.8553433295E-003  
 Direct RPA correlation (EcRPA)                    -3.4412893188E-001  
 HF contribution (EtotHF)                          -1.1627241167E+002  
 Singles correction (EcSingles)                    -5.6992015843E-003  
 HF contribution (EtotHF)                          -1.1627241167E+002  
 Singles correction (EcSingles)                    -5.6992015843E-003  
 Direct RPA correlation (EcRPA)                    -7.5145882598E-001  
 HF contribution (EtotHF)                          -1.1627334796E+002  
 Singles correction (EcSingles)                    -5.6651443990E-003  
 HF contribution (EtotHF)                          -1.1627334796E+002  
 Singles correction (EcSingles)                    -5.6651443990E-003  
 Direct RPA correlation (EcRPA)                    -7.5113703855E-001  
 HF contribution (EtotHF)                          -1.1627052488E+002  
 Singles correction (EcSingles)                    -5.7285802311E-003  
 HF contribution (EtotHF)                          -1.1627052488E+002  
 Singles correction (EcSingles)                    -5.7285802311E-003  
 Direct RPA correlation (EcRPA)                    -7.5248196000E-001  
 HF contribution (EtotHF)                          -2.2817962741E+002  
 Singles correction (EcSingles)                    -9.0229404113E-003  
 HF contribution (EtotHF)                          -2.2817962741E+002  
 Singles correction (EcSingles)                    -9.0229404113E-003  
 Direct RPA correlation (EcRPA)                    -1.2244755755E+000  
 HF contribution (EtotHF)                          -1.9233164322E+002  
 Singles correction (EcSingles)                    -8.5466316366E-003  
 HF contribution (EtotHF)                          -1.9233164322E+002  
 Singles correction (EcSingles)                    -8.5466316366E-003  
 Direct RPA correlation (EcRPA)                    -1.1587788518E+000  
 HF contribution (EtotHF)                          -1.9233102689E+002  
 Singles correction (EcSingles)                    -8.5806052626E-003  
 HF contribution (EtotHF)                          -1.9233102689E+002  
 Singles correction (EcSingles)                    -8.5806052626E-003  
 Direct RPA correlation (EcRPA)                    -1.1598405871E+000  
 HF contribution (EtotHF)                          -1.9233350392E+002  
 Singles correction (EcSingles)                    -9.1050084200E-003  
 HF contribution (EtotHF)                          -1.9233350392E+002  
 Singles correction (EcSingles)                    -9.1050084200E-003  
 Direct RPA correlation (EcRPA)                    -1.1625051404E+000  
