 Converged energy                           -269.769243945893
 Converged energy                            -76.421025238821
 Converged energy                            -76.421893466907
 Converged energy                            -76.421974992733
 Converged energy                           -152.843022866025
 Converged energy                           -152.842256296243
 Converged energy                           -152.843400019675
 Converged energy                            -40.504188486338
 Converged energy                           -116.925649221344
 Converged energy                           -116.926444686194
 Converged energy                           -116.926668100821
 Converged energy                           -229.263788239379
 Converged energy                           -193.347949550311
 Converged energy                           -193.348491614090
 Converged energy                           -193.347374425472
 HF contribution (EtotHF)                          -2.6839150817E+002  
 Singles correction (EcSingles)                    -1.1444231002E-002  
 HF contribution (EtotHF)                          -2.6839150817E+002  
 Singles correction (EcSingles)                    -1.1444231002E-002  
 Direct RPA correlation (EcRPA)                    -1.5658865329E+000  
 HF contribution (EtotHF)                          -7.6059445308E+001  
 Singles correction (EcSingles)                    -2.8059560505E-003  
 HF contribution (EtotHF)                          -7.6059445308E+001  
 Singles correction (EcSingles)                    -2.8059560505E-003  
 Direct RPA correlation (EcRPA)                    -4.0673885600E-001  
 HF contribution (EtotHF)                          -7.6060670541E+001  
 Singles correction (EcSingles)                    -2.7794329619E-003  
 HF contribution (EtotHF)                          -7.6060670541E+001  
 Singles correction (EcSingles)                    -2.7794329619E-003  
 Direct RPA correlation (EcRPA)                    -4.0628569312E-001  
 HF contribution (EtotHF)                          -7.6060702000E+001  
 Singles correction (EcSingles)                    -2.7835319786E-003  
 HF contribution (EtotHF)                          -7.6060702000E+001  
 Singles correction (EcSingles)                    -2.7835319786E-003  
 Direct RPA correlation (EcRPA)                    -4.0640902698E-001  
 HF contribution (EtotHF)                          -1.5212022441E+002  
 Singles correction (EcSingles)                    -5.5847593174E-003  
 HF contribution (EtotHF)                          -1.5212022441E+002  
 Singles correction (EcSingles)                    -5.5847593174E-003  
 Direct RPA correlation (EcRPA)                    -8.1302228907E-001  
 HF contribution (EtotHF)                          -1.5211940522E+002  
 Singles correction (EcSingles)                    -5.6176066042E-003  
 HF contribution (EtotHF)                          -1.5211940522E+002  
 Singles correction (EcSingles)                    -5.6176066042E-003  
 Direct RPA correlation (EcRPA)                    -8.1315019084E-001  
 HF contribution (EtotHF)                          -1.5212059299E+002  
 Singles correction (EcSingles)                    -5.5841108032E-003  
 HF contribution (EtotHF)                          -1.5212059299E+002  
 Singles correction (EcSingles)                    -5.5841108032E-003  
 Direct RPA correlation (EcRPA)                    -8.1309328221E-001  
 HF contribution (EtotHF)                          -4.0212731338E+001  
 Singles correction (EcSingles)                    -2.8552978425E-003  
 HF contribution (EtotHF)                          -4.0212731338E+001  
 Singles correction (EcSingles)                    -2.8552978425E-003  
 Direct RPA correlation (EcRPA)                    -3.4413343585E-001  
 HF contribution (EtotHF)                          -1.1627215896E+002  
 Singles correction (EcSingles)                    -5.6908611709E-003  
 HF contribution (EtotHF)                          -1.1627215896E+002  
 Singles correction (EcSingles)                    -5.6908611709E-003  
 Direct RPA correlation (EcRPA)                    -7.5138528502E-001  
 HF contribution (EtotHF)                          -1.1627333855E+002  
 Singles correction (EcSingles)                    -5.6630070191E-003  
 HF contribution (EtotHF)                          -1.1627333855E+002  
 Singles correction (EcSingles)                    -5.6630070191E-003  
 Direct RPA correlation (EcRPA)                    -7.5091534866E-001  
 HF contribution (EtotHF)                          -1.1627295343E+002  
 Singles correction (EcSingles)                    -5.7453383694E-003  
 HF contribution (EtotHF)                          -1.1627295343E+002  
 Singles correction (EcSingles)                    -5.7453383694E-003  
 Direct RPA correlation (EcRPA)                    -7.5143885681E-001  
 HF contribution (EtotHF)                          -2.2817940785E+002  
 Singles correction (EcSingles)                    -8.4174937095E-003  
 HF contribution (EtotHF)                          -2.2817940785E+002  
 Singles correction (EcSingles)                    -8.4174937095E-003  
 Direct RPA correlation (EcRPA)                    -1.2198316307E+000  
 HF contribution (EtotHF)                          -1.9233279945E+002  
 Singles correction (EcSingles)                    -8.4998646114E-003  
 HF contribution (EtotHF)                          -1.9233279945E+002  
 Singles correction (EcSingles)                    -8.4998646114E-003  
 Direct RPA correlation (EcRPA)                    -1.1581822298E+000  
 HF contribution (EtotHF)                          -1.9233278370E+002  
 Singles correction (EcSingles)                    -8.5757961660E-003  
 HF contribution (EtotHF)                          -1.9233278370E+002  
 Singles correction (EcSingles)                    -8.5757961660E-003  
 Direct RPA correlation (EcRPA)                    -1.1586452628E+000  
 HF contribution (EtotHF)                          -1.9233164236E+002  
 Singles correction (EcSingles)                    -8.6125172147E-003  
 HF contribution (EtotHF)                          -1.9233164236E+002  
 Singles correction (EcSingles)                    -8.6125172147E-003  
 Direct RPA correlation (EcRPA)                    -1.1586656573E+000  
