 Converged energy                           -269.768936035276
 Converged energy                            -76.421028254125
 Converged energy                            -76.421848540329
 Converged energy                            -76.420711634233
 Converged energy                           -152.842415578407
 Converged energy                           -152.842198178287
 Converged energy                           -152.842625384344
 Converged energy                            -40.504187295325
 Converged energy                           -116.925651053440
 Converged energy                           -116.926546452997
 Converged energy                           -116.924915237381
 Converged energy                           -229.263678893535
 Converged energy                           -193.347587717251
 Converged energy                           -193.347297026356
 Converged energy                           -193.346953294151
 HF contribution (EtotHF)                          -2.6839130126E+002  
 Singles correction (EcSingles)                    -1.1397237868E-002  
 HF contribution (EtotHF)                          -2.6839130126E+002  
 Singles correction (EcSingles)                    -1.1397237868E-002  
 Direct RPA correlation (EcRPA)                    -1.5660853236E+000  
 HF contribution (EtotHF)                          -7.6059448516E+001  
 Singles correction (EcSingles)                    -2.8061356381E-003  
 HF contribution (EtotHF)                          -7.6059448516E+001  
 Singles correction (EcSingles)                    -2.8061356381E-003  
 Direct RPA correlation (EcRPA)                    -4.0675883937E-001  
 HF contribution (EtotHF)                          -7.6060610549E+001  
 Singles correction (EcSingles)                    -2.7800228675E-003  
 HF contribution (EtotHF)                          -7.6060610549E+001  
 Singles correction (EcSingles)                    -2.7800228675E-003  
 Direct RPA correlation (EcRPA)                    -4.0628220140E-001  
 HF contribution (EtotHF)                          -7.6059016564E+001  
 Singles correction (EcSingles)                    -2.8148890778E-003  
 HF contribution (EtotHF)                          -7.6059016564E+001  
 Singles correction (EcSingles)                    -2.8148890778E-003  
 Direct RPA correlation (EcRPA)                    -4.0692717124E-001  
 HF contribution (EtotHF)                          -1.5211948736E+002  
 Singles correction (EcSingles)                    -5.6009463379E-003  
 HF contribution (EtotHF)                          -1.5211948736E+002  
 Singles correction (EcSingles)                    -5.6009463379E-003  
 Direct RPA correlation (EcRPA)                    -8.1320718328E-001  
 HF contribution (EtotHF)                          -1.5211921892E+002  
 Singles correction (EcSingles)                    -5.6006965541E-003  
 HF contribution (EtotHF)                          -1.5211921892E+002  
 Singles correction (EcSingles)                    -5.6006965541E-003  
 Direct RPA correlation (EcRPA)                    -8.1328342179E-001  
 HF contribution (EtotHF)                          -1.5211932004E+002  
 Singles correction (EcSingles)                    -5.6277046378E-003  
 HF contribution (EtotHF)                          -1.5211932004E+002  
 Singles correction (EcSingles)                    -5.6277046378E-003  
 Direct RPA correlation (EcRPA)                    -8.1372629102E-001  
 HF contribution (EtotHF)                          -4.0212730806E+001  
 Singles correction (EcSingles)                    -2.8553265126E-003  
 HF contribution (EtotHF)                          -4.0212730806E+001  
 Singles correction (EcSingles)                    -2.8553265126E-003  
 Direct RPA correlation (EcRPA)                    -3.4413398817E-001  
 HF contribution (EtotHF)                          -1.1627216166E+002  
 Singles correction (EcSingles)                    -5.6910628096E-003  
 HF contribution (EtotHF)                          -1.1627216166E+002  
 Singles correction (EcSingles)                    -5.6910628096E-003  
 Direct RPA correlation (EcRPA)                    -7.5140593520E-001  
 HF contribution (EtotHF)                          -1.1627337792E+002  
 Singles correction (EcSingles)                    -5.6676771811E-003  
 HF contribution (EtotHF)                          -1.1627337792E+002  
 Singles correction (EcSingles)                    -5.6676771811E-003  
 Direct RPA correlation (EcRPA)                    -7.5095975518E-001  
 HF contribution (EtotHF)                          -1.1627119252E+002  
 Singles correction (EcSingles)                    -5.7218620903E-003  
 HF contribution (EtotHF)                          -1.1627119252E+002  
 Singles correction (EcSingles)                    -5.7218620903E-003  
 Direct RPA correlation (EcRPA)                    -7.5174753629E-001  
 HF contribution (EtotHF)                          -2.2817898038E+002  
 Singles correction (EcSingles)                    -8.4279868793E-003  
 HF contribution (EtotHF)                          -2.2817898038E+002  
 Singles correction (EcSingles)                    -8.4279868793E-003  
 Direct RPA correlation (EcRPA)                    -1.2202462072E+000  
 HF contribution (EtotHF)                          -1.9233228676E+002  
 Singles correction (EcSingles)                    -8.5176560210E-003  
 HF contribution (EtotHF)                          -1.9233228676E+002  
 Singles correction (EcSingles)                    -8.5176560210E-003  
 Direct RPA correlation (EcRPA)                    -1.1583755523E+000  
 HF contribution (EtotHF)                          -1.9233150992E+002  
 Singles correction (EcSingles)                    -8.5665075069E-003  
 HF contribution (EtotHF)                          -1.9233150992E+002  
 Singles correction (EcSingles)                    -8.5665075069E-003  
 Direct RPA correlation (EcRPA)                    -1.1590531708E+000  
 HF contribution (EtotHF)                          -1.9233148111E+002  
 Singles correction (EcSingles)                    -8.5385883665E-003  
 HF contribution (EtotHF)                          -1.9233148111E+002  
 Singles correction (EcSingles)                    -8.5385883665E-003  
 Direct RPA correlation (EcRPA)                    -1.1586379145E+000  
