 Converged energy                           -269.819466037082
 Converged energy                            -76.431845478758
 Converged energy                            -76.430754975796
 Converged energy                            -76.431290332352
 Converged energy                           -152.871437996703
 Converged energy                           -152.863620324519
 Converged energy                           -152.870322789221
 Converged energy                            -40.505095328692
 Converged energy                           -116.937263303489
 Converged energy                           -116.936193351017
 Converged energy                           -116.936704485802
 Converged energy                           -229.313492076323
 Converged energy                           -193.377169691125
 Converged energy                           -193.376104520052
 Converged energy                           -193.369330663138
 HF contribution (EtotHF)                          -2.6837226292E+002  
 Singles correction (EcSingles)                    -2.1603014838E-002  
 HF contribution (EtotHF)                          -2.6837226292E+002  
 Singles correction (EcSingles)                    -2.1603014838E-002  
 Direct RPA correlation (EcRPA)                    -1.5599961382E+000  
 HF contribution (EtotHF)                          -7.6053465397E+001  
 Singles correction (EcSingles)                    -4.8055409963E-003  
 HF contribution (EtotHF)                          -7.6053465397E+001  
 Singles correction (EcSingles)                    -4.8055409963E-003  
 Direct RPA correlation (EcRPA)                    -4.0114358573E-001  
 HF contribution (EtotHF)                          -7.6051595478E+001  
 Singles correction (EcSingles)                    -4.8723171130E-003  
 HF contribution (EtotHF)                          -7.6051595478E+001  
 Singles correction (EcSingles)                    -4.8723171130E-003  
 Direct RPA correlation (EcRPA)                    -4.0154218807E-001  
 HF contribution (EtotHF)                          -7.6052348673E+001  
 Singles correction (EcSingles)                    -4.8492214631E-003  
 HF contribution (EtotHF)                          -7.6052348673E+001  
 Singles correction (EcSingles)                    -4.8492214631E-003  
 Direct RPA correlation (EcRPA)                    -4.0114704787E-001  
 HF contribution (EtotHF)                          -1.5210949008E+002  
 Singles correction (EcSingles)                    -1.0565458963E-002  
 HF contribution (EtotHF)                          -1.5210949008E+002  
 Singles correction (EcSingles)                    -1.0565458963E-002  
 Direct RPA correlation (EcRPA)                    -8.0484778301E-001  
 HF contribution (EtotHF)                          -1.5210549138E+002  
 Singles correction (EcSingles)                    -9.7524856363E-003  
 HF contribution (EtotHF)                          -1.5210549138E+002  
 Singles correction (EcSingles)                    -9.7524856363E-003  
 Direct RPA correlation (EcRPA)                    -8.0265675471E-001  
 HF contribution (EtotHF)                          -1.5210687897E+002  
 Singles correction (EcSingles)                    -1.0786005124E-002  
 HF contribution (EtotHF)                          -1.5210687897E+002  
 Singles correction (EcSingles)                    -1.0786005124E-002  
 Direct RPA correlation (EcRPA)                    -8.0521676753E-001  
 HF contribution (EtotHF)                          -4.0208266747E+001  
 Singles correction (EcSingles)                    -4.4319208216E-003  
 HF contribution (EtotHF)                          -4.0208266747E+001  
 Singles correction (EcSingles)                    -4.4319208216E-003  
 Direct RPA correlation (EcRPA)                    -3.4823302602E-001  
 HF contribution (EtotHF)                          -1.1626081525E+002  
 Singles correction (EcSingles)                    -9.4632499998E-003  
 HF contribution (EtotHF)                          -1.1626081525E+002  
 Singles correction (EcSingles)                    -9.4632499998E-003  
 Direct RPA correlation (EcRPA)                    -7.5045909408E-001  
 HF contribution (EtotHF)                          -1.1625948474E+002  
 Singles correction (EcSingles)                    -9.4134524253E-003  
 HF contribution (EtotHF)                          -1.1625948474E+002  
 Singles correction (EcSingles)                    -9.4134524253E-003  
 Direct RPA correlation (EcRPA)                    -7.5055977783E-001  
 HF contribution (EtotHF)                          -1.1625970877E+002  
 Singles correction (EcSingles)                    -9.5018948272E-003  
 HF contribution (EtotHF)                          -1.1625970877E+002  
 Singles correction (EcSingles)                    -9.5018948272E-003  
 Direct RPA correlation (EcRPA)                    -7.5044594007E-001  
 HF contribution (EtotHF)                          -2.2816624386E+002  
 Singles correction (EcSingles)                    -1.6636251331E-002  
 HF contribution (EtotHF)                          -2.2816624386E+002  
 Singles correction (EcSingles)                    -1.6636251331E-002  
 Direct RPA correlation (EcRPA)                    -1.2089485150E+000  
 HF contribution (EtotHF)                          -1.9231639840E+002  
 Singles correction (EcSingles)                    -1.5330216525E-002  
 HF contribution (EtotHF)                          -1.9231639840E+002  
 Singles correction (EcSingles)                    -1.5330216525E-002  
 Direct RPA correlation (EcRPA)                    -1.1549090468E+000  
 HF contribution (EtotHF)                          -1.9231344490E+002  
 Singles correction (EcSingles)                    -1.5650884963E-002  
 HF contribution (EtotHF)                          -1.9231344490E+002  
 Singles correction (EcSingles)                    -1.5650884963E-002  
 Direct RPA correlation (EcRPA)                    -1.1555202940E+000  
 HF contribution (EtotHF)                          -1.9231239402E+002  
 Singles correction (EcSingles)                    -1.4522037784E-002  
 HF contribution (EtotHF)                          -1.9231239402E+002  
 Singles correction (EcSingles)                    -1.4522037784E-002  
 Direct RPA correlation (EcRPA)                    -1.1527422766E+000  
