 Converged energy                           -269.809969268843
 Converged energy                            -76.431768453060
 Converged energy                            -76.430755579195
 Converged energy                            -76.430851731460
 Converged energy                           -152.871364798479
 Converged energy                           -152.863175751069
 Converged energy                           -152.862504867212
 Converged energy                            -40.505096739263
 Converged energy                           -116.937185644567
 Converged energy                           -116.936195593207
 Converged energy                           -116.936443154582
 Converged energy                           -229.303764293292
 Converged energy                           -193.377096064722
 Converged energy                           -193.368462830367
 Converged energy                           -193.369050074851
 HF contribution (EtotHF)                          -2.6836949619E+002  
 Singles correction (EcSingles)                    -2.0287794367E-002  
 HF contribution (EtotHF)                          -2.6836949619E+002  
 Singles correction (EcSingles)                    -2.0287794367E-002  
 Direct RPA correlation (EcRPA)                    -1.5551907692E+000  
 HF contribution (EtotHF)                          -7.6053380537E+001  
 Singles correction (EcSingles)                    -4.7994417647E-003  
 HF contribution (EtotHF)                          -7.6053380537E+001  
 Singles correction (EcSingles)                    -4.7994417647E-003  
 Direct RPA correlation (EcRPA)                    -4.0032603130E-001  
 HF contribution (EtotHF)                          -7.6051596050E+001  
 Singles correction (EcSingles)                    -4.8720791344E-003  
 HF contribution (EtotHF)                          -7.6051596050E+001  
 Singles correction (EcSingles)                    -4.8720791344E-003  
 Direct RPA correlation (EcRPA)                    -4.0152647070E-001  
 HF contribution (EtotHF)                          -7.6051842404E+001  
 Singles correction (EcSingles)                    -4.8490463905E-003  
 HF contribution (EtotHF)                          -7.6051842404E+001  
 Singles correction (EcSingles)                    -4.8490463905E-003  
 Direct RPA correlation (EcRPA)                    -4.0055647712E-001  
 HF contribution (EtotHF)                          -1.5210941191E+002  
 Singles correction (EcSingles)                    -1.0558640512E-002  
 HF contribution (EtotHF)                          -1.5210941191E+002  
 Singles correction (EcSingles)                    -1.0558640512E-002  
 Direct RPA correlation (EcRPA)                    -8.0399179507E-001  
 HF contribution (EtotHF)                          -1.5210494874E+002  
 Singles correction (EcSingles)                    -9.7598902379E-003  
 HF contribution (EtotHF)                          -1.5210494874E+002  
 Singles correction (EcSingles)                    -9.7598902379E-003  
 Direct RPA correlation (EcRPA)                    -8.0207833227E-001  
 HF contribution (EtotHF)                          -1.5210507698E+002  
 Singles correction (EcSingles)                    -9.6544281171E-003  
 HF contribution (EtotHF)                          -1.5210507698E+002  
 Singles correction (EcSingles)                    -9.6544281171E-003  
 Direct RPA correlation (EcRPA)                    -8.0093176803E-001  
 HF contribution (EtotHF)                          -4.0208267169E+001  
 Singles correction (EcSingles)                    -4.4325711138E-003  
 HF contribution (EtotHF)                          -4.0208267169E+001  
 Singles correction (EcSingles)                    -4.4325711138E-003  
 Direct RPA correlation (EcRPA)                    -3.4819880732E-001  
 HF contribution (EtotHF)                          -1.1626073099E+002  
 Singles correction (EcSingles)                    -9.4572464904E-003  
 HF contribution (EtotHF)                          -1.1626073099E+002  
 Singles correction (EcSingles)                    -9.4572464904E-003  
 Direct RPA correlation (EcRPA)                    -7.4959442070E-001  
 HF contribution (EtotHF)                          -1.1625948592E+002  
 Singles correction (EcSingles)                    -9.4138523460E-003  
 HF contribution (EtotHF)                          -1.1625948592E+002  
 Singles correction (EcSingles)                    -9.4138523460E-003  
 Direct RPA correlation (EcRPA)                    -7.5050931727E-001  
 HF contribution (EtotHF)                          -1.1626004827E+002  
 Singles correction (EcSingles)                    -9.3427149373E-003  
 HF contribution (EtotHF)                          -1.1626004827E+002  
 Singles correction (EcSingles)                    -9.3427149373E-003  
 Direct RPA correlation (EcRPA)                    -7.4932490874E-001  
 HF contribution (EtotHF)                          -2.2816271213E+002  
 Singles correction (EcSingles)                    -1.5452558243E-002  
 HF contribution (EtotHF)                          -2.2816271213E+002  
 Singles correction (EcSingles)                    -1.5452558243E-002  
 Direct RPA correlation (EcRPA)                    -1.2045956385E+000  
 HF contribution (EtotHF)                          -1.9231632101E+002  
 Singles correction (EcSingles)                    -1.5323522903E-002  
 HF contribution (EtotHF)                          -1.9231632101E+002  
 Singles correction (EcSingles)                    -1.5323522903E-002  
 Direct RPA correlation (EcRPA)                    -1.1540054159E+000  
 HF contribution (EtotHF)                          -1.9231241191E+002  
 Singles correction (EcSingles)                    -1.4372537385E-002  
 HF contribution (EtotHF)                          -1.9231241191E+002  
 Singles correction (EcSingles)                    -1.4372537385E-002  
 Direct RPA correlation (EcRPA)                    -1.1507638792E+000  
 HF contribution (EtotHF)                          -1.9231267553E+002  
 Singles correction (EcSingles)                    -1.4373069687E-002  
 HF contribution (EtotHF)                          -1.9231267553E+002  
 Singles correction (EcSingles)                    -1.4373069687E-002  
 Direct RPA correlation (EcRPA)                    -1.1516455253E+000  
