 Converged energy                           -269.809221192414
 Converged energy                            -76.431776221747
 Converged energy                            -76.431125175785
 Converged energy                            -76.431004416609
 Converged energy                           -152.871659589087
 Converged energy                           -152.862955132810
 Converged energy                           -152.862264343716
 Converged energy                            -40.505094705666
 Converged energy                           -116.937191573303
 Converged energy                           -116.936470785015
 Converged energy                           -116.936665764974
 Converged energy                           -229.303023523706
 Converged energy                           -193.377263421381
 Converged energy                           -193.368263772421
 Converged energy                           -193.368883241113
 HF contribution (EtotHF)                          -2.6836893600E+002  
 Singles correction (EcSingles)                    -2.0281184752E-002  
 HF contribution (EtotHF)                          -2.6836893600E+002  
 Singles correction (EcSingles)                    -2.0281184752E-002  
 Direct RPA correlation (EcRPA)                    -1.5549939402E+000  
 HF contribution (EtotHF)                          -7.6053388804E+001  
 Singles correction (EcSingles)                    -4.8000236712E-003  
 HF contribution (EtotHF)                          -7.6053388804E+001  
 Singles correction (EcSingles)                    -4.8000236712E-003  
 Direct RPA correlation (EcRPA)                    -4.0038700226E-001  
 HF contribution (EtotHF)                          -7.6052264544E+001  
 Singles correction (EcSingles)                    -4.8442589433E-003  
 HF contribution (EtotHF)                          -7.6052264544E+001  
 Singles correction (EcSingles)                    -4.8442589433E-003  
 Direct RPA correlation (EcRPA)                    -4.0113794583E-001  
 HF contribution (EtotHF)                          -7.6052117900E+001  
 Singles correction (EcSingles)                    -4.8393340528E-003  
 HF contribution (EtotHF)                          -7.6052117900E+001  
 Singles correction (EcSingles)                    -4.8393340528E-003  
 Direct RPA correlation (EcRPA)                    -4.0047015291E-001  
 HF contribution (EtotHF)                          -1.5210969394E+002  
 Singles correction (EcSingles)                    -1.0560629650E-002  
 HF contribution (EtotHF)                          -1.5210969394E+002  
 Singles correction (EcSingles)                    -1.0560629650E-002  
 Direct RPA correlation (EcRPA)                    -8.0375730808E-001  
 HF contribution (EtotHF)                          -1.5210517307E+002  
 Singles correction (EcSingles)                    -9.7020832536E-003  
 HF contribution (EtotHF)                          -1.5210517307E+002  
 Singles correction (EcSingles)                    -9.7020832536E-003  
 Direct RPA correlation (EcRPA)                    -8.0163770040E-001  
 HF contribution (EtotHF)                          -1.5210478343E+002  
 Singles correction (EcSingles)                    -9.6792169201E-003  
 HF contribution (EtotHF)                          -1.5210478343E+002  
 Singles correction (EcSingles)                    -9.6792169201E-003  
 Direct RPA correlation (EcRPA)                    -8.0111443854E-001  
 HF contribution (EtotHF)                          -4.0208266505E+001  
 Singles correction (EcSingles)                    -4.4316847108E-003  
 HF contribution (EtotHF)                          -4.0208266505E+001  
 Singles correction (EcSingles)                    -4.4316847108E-003  
 Direct RPA correlation (EcRPA)                    -3.4819318177E-001  
 HF contribution (EtotHF)                          -1.1626073816E+002  
 Singles correction (EcSingles)                    -9.4570635522E-003  
 HF contribution (EtotHF)                          -1.1626073816E+002  
 Singles correction (EcSingles)                    -9.4570635522E-003  
 Direct RPA correlation (EcRPA)                    -7.4965172423E-001  
 HF contribution (EtotHF)                          -1.1626027079E+002  
 Singles correction (EcSingles)                    -9.3426226046E-003  
 HF contribution (EtotHF)                          -1.1626027079E+002  
 Singles correction (EcSingles)                    -9.3426226046E-003  
 Direct RPA correlation (EcRPA)                    -7.4989381936E-001  
 HF contribution (EtotHF)                          -1.1626028372E+002  
 Singles correction (EcSingles)                    -9.3625720707E-003  
 HF contribution (EtotHF)                          -1.1626028372E+002  
 Singles correction (EcSingles)                    -9.3625720707E-003  
 Direct RPA correlation (EcRPA)                    -7.4937096656E-001  
 HF contribution (EtotHF)                          -2.2816195920E+002  
 Singles correction (EcSingles)                    -1.5455544468E-002  
 HF contribution (EtotHF)                          -2.2816195920E+002  
 Singles correction (EcSingles)                    -1.5455544468E-002  
 Direct RPA correlation (EcRPA)                    -1.2044961838E+000  
 HF contribution (EtotHF)                          -1.9231674816E+002  
 Singles correction (EcSingles)                    -1.5293895482E-002  
 HF contribution (EtotHF)                          -1.9231674816E+002  
 Singles correction (EcSingles)                    -1.5293895482E-002  
 Direct RPA correlation (EcRPA)                    -1.1535736984E+000  
 HF contribution (EtotHF)                          -1.9231207171E+002  
 Singles correction (EcSingles)                    -1.4424430802E-002  
 HF contribution (EtotHF)                          -1.9231207171E+002  
 Singles correction (EcSingles)                    -1.4424430802E-002  
 Direct RPA correlation (EcRPA)                    -1.1510609016E+000  
 HF contribution (EtotHF)                          -1.9231306594E+002  
 Singles correction (EcSingles)                    -1.4296714279E-002  
 HF contribution (EtotHF)                          -1.9231306594E+002  
 Singles correction (EcSingles)                    -1.4296714279E-002  
 Direct RPA correlation (EcRPA)                    -1.1510963948E+000  
