 Converged energy                           -269.806263024592
 Converged energy                            -76.431817274466
 Converged energy                            -76.431285125418
 Converged energy                            -76.431800545594
 Converged energy                           -152.870284631427
 Converged energy                           -152.862683936463
 Converged energy                           -152.862059975518
 Converged energy                            -40.505091409001
 Converged energy                           -116.937231759387
 Converged energy                           -116.936695546875
 Converged energy                           -116.937597296773
 Converged energy                           -229.299730829506
 Converged energy                           -193.376063788984
 Converged energy                           -193.368200630254
 Converged energy                           -193.368816552100
 HF contribution (EtotHF)                          -2.6836311907E+002  
 Singles correction (EcSingles)                    -2.0866469783E-002  
 HF contribution (EtotHF)                          -2.6836311907E+002  
 Singles correction (EcSingles)                    -2.0866469783E-002  
 Direct RPA correlation (EcRPA)                    -1.5569985849E+000  
 HF contribution (EtotHF)                          -7.6053436897E+001  
 Singles correction (EcSingles)                    -4.8020477443E-003  
 HF contribution (EtotHF)                          -7.6053436897E+001  
 Singles correction (EcSingles)                    -4.8020477443E-003  
 Direct RPA correlation (EcRPA)                    -4.0077535235E-001  
 HF contribution (EtotHF)                          -7.6052342406E+001  
 Singles correction (EcSingles)                    -4.8488415428E-003  
 HF contribution (EtotHF)                          -7.6052342406E+001  
 Singles correction (EcSingles)                    -4.8488415428E-003  
 Direct RPA correlation (EcRPA)                    -4.0111400420E-001  
 HF contribution (EtotHF)                          -7.6053385412E+001  
 Singles correction (EcSingles)                    -4.7988418459E-003  
 HF contribution (EtotHF)                          -7.6053385412E+001  
 Singles correction (EcSingles)                    -4.7988418459E-003  
 Direct RPA correlation (EcRPA)                    -3.9998506764E-001  
 HF contribution (EtotHF)                          -1.5210683999E+002  
 Singles correction (EcSingles)                    -1.0782147171E-002  
 HF contribution (EtotHF)                          -1.5210683999E+002  
 Singles correction (EcSingles)                    -1.0782147171E-002  
 Direct RPA correlation (EcRPA)                    -8.0481236843E-001  
 HF contribution (EtotHF)                          -1.5210522820E+002  
 Singles correction (EcSingles)                    -9.6661723744E-003  
 HF contribution (EtotHF)                          -1.5210522820E+002  
 Singles correction (EcSingles)                    -9.6661723744E-003  
 Direct RPA correlation (EcRPA)                    -8.0122877752E-001  
 HF contribution (EtotHF)                          -1.5210435681E+002  
 Singles correction (EcSingles)                    -9.8171306161E-003  
 HF contribution (EtotHF)                          -1.5210435681E+002  
 Singles correction (EcSingles)                    -9.8171306161E-003  
 Direct RPA correlation (EcRPA)                    -8.0164012230E-001  
 HF contribution (EtotHF)                          -4.0208267288E+001  
 Singles correction (EcSingles)                    -4.4302732978E-003  
 HF contribution (EtotHF)                          -4.0208267288E+001  
 Singles correction (EcSingles)                    -4.4302732978E-003  
 Direct RPA correlation (EcRPA)                    -3.4822499901E-001  
 HF contribution (EtotHF)                          -1.1626078766E+002  
 Singles correction (EcSingles)                    -9.4578854547E-003  
 HF contribution (EtotHF)                          -1.1626078766E+002  
 Singles correction (EcSingles)                    -9.4578854547E-003  
 Direct RPA correlation (EcRPA)                    -7.5008153993E-001  
 HF contribution (EtotHF)                          -1.1625970335E+002  
 Singles correction (EcSingles)                    -9.4998238466E-003  
 HF contribution (EtotHF)                          -1.1625970335E+002  
 Singles correction (EcSingles)                    -9.4998238466E-003  
 Direct RPA correlation (EcRPA)                    -7.5040425829E-001  
 HF contribution (EtotHF)                          -1.1626127960E+002  
 Singles correction (EcSingles)                    -9.4208307262E-003  
 HF contribution (EtotHF)                          -1.1626127960E+002  
 Singles correction (EcSingles)                    -9.4208307262E-003  
 Direct RPA correlation (EcRPA)                    -7.4911789282E-001  
 HF contribution (EtotHF)                          -2.2815695276E+002  
 Singles correction (EcSingles)                    -1.5790107491E-002  
 HF contribution (EtotHF)                          -2.2815695276E+002  
 Singles correction (EcSingles)                    -1.5790107491E-002  
 Direct RPA correlation (EcRPA)                    -1.2057876981E+000  
 HF contribution (EtotHF)                          -1.9231340713E+002  
 Singles correction (EcSingles)                    -1.5645127546E-002  
 HF contribution (EtotHF)                          -1.9231340713E+002  
 Singles correction (EcSingles)                    -1.5645127546E-002  
 Direct RPA correlation (EcRPA)                    -1.1551058948E+000  
 HF contribution (EtotHF)                          -1.9231130118E+002  
 Singles correction (EcSingles)                    -1.4682566004E-002  
 HF contribution (EtotHF)                          -1.9231130118E+002  
 Singles correction (EcSingles)                    -1.4682566004E-002  
 Direct RPA correlation (EcRPA)                    -1.1518579771E+000  
 HF contribution (EtotHF)                          -1.9231221629E+002  
 Singles correction (EcSingles)                    -1.4512483077E-002  
 HF contribution (EtotHF)                          -1.9231221629E+002  
 Singles correction (EcSingles)                    -1.4512483077E-002  
 Direct RPA correlation (EcRPA)                    -1.1514318034E+000  
