 Converged energy                           -269.800361154157
 Converged energy                            -76.431739306152
 Converged energy                            -76.431548441705
 Converged energy                            -76.431485774497
 Converged energy                           -152.862677002600
 Converged energy                           -152.862779679997
 Converged energy                           -152.863489641659
 Converged energy                            -40.505087895522
 Converged energy                           -116.937148354097
 Converged energy                           -116.936802595715
 Converged energy                           -116.937122330180
 Converged energy                           -229.294180777619
 Converged energy                           -193.368269901939
 Converged energy                           -193.369485156345
 Converged energy                           -193.368586000495
 HF contribution (EtotHF)                          -2.6836529855E+002  
 Singles correction (EcSingles)                    -1.9336241004E-002  
 HF contribution (EtotHF)                          -2.6836529855E+002  
 Singles correction (EcSingles)                    -1.9336241004E-002  
 Direct RPA correlation (EcRPA)                    -1.5507325443E+000  
 HF contribution (EtotHF)                          -7.6053348697E+001  
 Singles correction (EcSingles)                    -4.7951605608E-003  
 HF contribution (EtotHF)                          -7.6053348697E+001  
 Singles correction (EcSingles)                    -4.7951605608E-003  
 Direct RPA correlation (EcRPA)                    -3.9994463551E-001  
 HF contribution (EtotHF)                          -7.6053130914E+001  
 Singles correction (EcSingles)                    -4.7967236953E-003  
 HF contribution (EtotHF)                          -7.6053130914E+001  
 Singles correction (EcSingles)                    -4.7967236953E-003  
 Direct RPA correlation (EcRPA)                    -3.9990090260E-001  
 HF contribution (EtotHF)                          -7.6053008545E+001  
 Singles correction (EcSingles)                    -4.8007636929E-003  
 HF contribution (EtotHF)                          -7.6053008545E+001  
 Singles correction (EcSingles)                    -4.8007636929E-003  
 Direct RPA correlation (EcRPA)                    -3.9990474553E-001  
 HF contribution (EtotHF)                          -1.5210537910E+002  
 Singles correction (EcSingles)                    -9.7180748894E-003  
 HF contribution (EtotHF)                          -1.5210537910E+002  
 Singles correction (EcSingles)                    -9.7180748894E-003  
 Direct RPA correlation (EcRPA)                    -8.0032928981E-001  
 HF contribution (EtotHF)                          -1.5210583745E+002  
 Singles correction (EcSingles)                    -9.6050216949E-003  
 HF contribution (EtotHF)                          -1.5210583745E+002  
 Singles correction (EcSingles)                    -9.6050216949E-003  
 Direct RPA correlation (EcRPA)                    -7.9987135001E-001  
 HF contribution (EtotHF)                          -1.5210666436E+002  
 Singles correction (EcSingles)                    -9.5902222297E-003  
 HF contribution (EtotHF)                          -1.5210666436E+002  
 Singles correction (EcSingles)                    -9.5902222297E-003  
 Direct RPA correlation (EcRPA)                    -7.9980619560E-001  
 HF contribution (EtotHF)                          -4.0208265483E+001  
 Singles correction (EcSingles)                    -4.4293867101E-003  
 HF contribution (EtotHF)                          -4.0208265483E+001  
 Singles correction (EcSingles)                    -4.4293867101E-003  
 Direct RPA correlation (EcRPA)                    -3.4817278735E-001  
 HF contribution (EtotHF)                          -1.1626069838E+002  
 Singles correction (EcSingles)                    -9.4495582656E-003  
 HF contribution (EtotHF)                          -1.1626069838E+002  
 Singles correction (EcSingles)                    -9.4495582656E-003  
 Direct RPA correlation (EcRPA)                    -7.4918566831E-001  
 HF contribution (EtotHF)                          -1.1626101414E+002  
 Singles correction (EcSingles)                    -9.2970214384E-003  
 HF contribution (EtotHF)                          -1.1626101414E+002  
 Singles correction (EcSingles)                    -9.2970214384E-003  
 Direct RPA correlation (EcRPA)                    -7.4868505985E-001  
 HF contribution (EtotHF)                          -1.1626126210E+002  
 Singles correction (EcSingles)                    -9.2980372691E-003  
 HF contribution (EtotHF)                          -1.1626126210E+002  
 Singles correction (EcSingles)                    -9.2980372691E-003  
 Direct RPA correlation (EcRPA)                    -7.4867299047E-001  
 HF contribution (EtotHF)                          -2.2815840125E+002  
 Singles correction (EcSingles)                    -1.4520544686E-002  
 HF contribution (EtotHF)                          -2.2815840125E+002  
 Singles correction (EcSingles)                    -1.4520544686E-002  
 Direct RPA correlation (EcRPA)                    -1.2002559910E+000  
 HF contribution (EtotHF)                          -1.9231226923E+002  
 Singles correction (EcSingles)                    -1.4462378286E-002  
 HF contribution (EtotHF)                          -1.9231226923E+002  
 Singles correction (EcSingles)                    -1.4462378286E-002  
 Direct RPA correlation (EcRPA)                    -1.1502033506E+000  
 HF contribution (EtotHF)                          -1.9231404109E+002  
 Singles correction (EcSingles)                    -1.4312240215E-002  
 HF contribution (EtotHF)                          -1.9231404109E+002  
 Singles correction (EcSingles)                    -1.4312240215E-002  
 Direct RPA correlation (EcRPA)                    -1.1496340254E+000  
 HF contribution (EtotHF)                          -1.9231369260E+002  
 Singles correction (EcSingles)                    -1.4176608509E-002  
 HF contribution (EtotHF)                          -1.9231369260E+002  
 Singles correction (EcSingles)                    -1.4176608509E-002  
 Direct RPA correlation (EcRPA)                    -1.1492662923E+000  
