 Converged energy                           -269.798554819197
 Converged energy                            -76.431739023903
 Converged energy                            -76.431549603654
 Converged energy                            -76.430598166139
 Converged energy                           -152.862678020530
 Converged energy                           -152.861772876012
 Converged energy                           -152.862301331348
 Converged energy                            -40.505088637899
 Converged energy                           -116.937149196801
 Converged energy                           -116.936804133758
 Converged energy                           -116.935778623891
 Converged energy                           -229.292861013792
 Converged energy                           -193.368271725605
 Converged energy                           -193.367818157714
 Converged energy                           -193.367109357836
 HF contribution (EtotHF)                          -2.6836248569E+002  
 Singles correction (EcSingles)                    -1.9466057361E-002  
 HF contribution (EtotHF)                          -2.6836248569E+002  
 Singles correction (EcSingles)                    -1.9466057361E-002  
 Direct RPA correlation (EcRPA)                    -1.5519895181E+000  
 HF contribution (EtotHF)                          -7.6053348628E+001  
 Singles correction (EcSingles)                    -4.7951636526E-003  
 HF contribution (EtotHF)                          -7.6053348628E+001  
 Singles correction (EcSingles)                    -4.7951636526E-003  
 Direct RPA correlation (EcRPA)                    -3.9994337163E-001  
 HF contribution (EtotHF)                          -7.6053132261E+001  
 Singles correction (EcSingles)                    -4.7967647180E-003  
 HF contribution (EtotHF)                          -7.6053132261E+001  
 Singles correction (EcSingles)                    -4.7967647180E-003  
 Direct RPA correlation (EcRPA)                    -3.9991109784E-001  
 HF contribution (EtotHF)                          -7.6051410108E+001  
 Singles correction (EcSingles)                    -4.8655404222E-003  
 HF contribution (EtotHF)                          -7.6051410108E+001  
 Singles correction (EcSingles)                    -4.8655404222E-003  
 Direct RPA correlation (EcRPA)                    -4.0077728576E-001  
 HF contribution (EtotHF)                          -1.5210538030E+002  
 Singles correction (EcSingles)                    -9.7181681018E-003  
 HF contribution (EtotHF)                          -1.5210538030E+002  
 Singles correction (EcSingles)                    -9.7181681018E-003  
 Direct RPA correlation (EcRPA)                    -8.0033843966E-001  
 HF contribution (EtotHF)                          -1.5210401153E+002  
 Singles correction (EcSingles)                    -9.6932376588E-003  
 HF contribution (EtotHF)                          -1.5210401153E+002  
 Singles correction (EcSingles)                    -9.6932376588E-003  
 Direct RPA correlation (EcRPA)                    -8.0088395774E-001  
 HF contribution (EtotHF)                          -1.5210471931E+002  
 Singles correction (EcSingles)                    -9.6615149890E-003  
 HF contribution (EtotHF)                          -1.5210471931E+002  
 Singles correction (EcSingles)                    -9.6615149890E-003  
 Direct RPA correlation (EcRPA)                    -8.0073238954E-001  
 HF contribution (EtotHF)                          -4.0208264743E+001  
 Singles correction (EcSingles)                    -4.4298874369E-003  
 HF contribution (EtotHF)                          -4.0208264743E+001  
 Singles correction (EcSingles)                    -4.4298874369E-003  
 Direct RPA correlation (EcRPA)                    -3.4818855544E-001  
 HF contribution (EtotHF)                          -1.1626069729E+002  
 Singles correction (EcSingles)                    -9.4500750102E-003  
 HF contribution (EtotHF)                          -1.1626069729E+002  
 Singles correction (EcSingles)                    -9.4500750102E-003  
 Direct RPA correlation (EcRPA)                    -7.4919991826E-001  
 HF contribution (EtotHF)                          -1.1626101470E+002  
 Singles correction (EcSingles)                    -9.2976147897E-003  
 HF contribution (EtotHF)                          -1.1626101470E+002  
 Singles correction (EcSingles)                    -9.2976147897E-003  
 Direct RPA correlation (EcRPA)                    -7.4871158214E-001  
 HF contribution (EtotHF)                          -1.1625904708E+002  
 Singles correction (EcSingles)                    -9.4002290917E-003  
 HF contribution (EtotHF)                          -1.1625904708E+002  
 Singles correction (EcSingles)                    -9.4002290917E-003  
 Direct RPA correlation (EcRPA)                    -7.4975367933E-001  
 HF contribution (EtotHF)                          -2.2815621256E+002  
 Singles correction (EcSingles)                    -1.4616312455E-002  
 HF contribution (EtotHF)                          -2.2815621256E+002  
 Singles correction (EcSingles)                    -1.4616312455E-002  
 Direct RPA correlation (EcRPA)                    -1.2013260283E+000  
 HF contribution (EtotHF)                          -1.9231226942E+002  
 Singles correction (EcSingles)                    -1.4463026812E-002  
 HF contribution (EtotHF)                          -1.9231226942E+002  
 Singles correction (EcSingles)                    -1.4463026812E-002  
 Direct RPA correlation (EcRPA)                    -1.1502285782E+000  
 HF contribution (EtotHF)                          -1.9231144490E+002  
 Singles correction (EcSingles)                    -1.4422886582E-002  
 HF contribution (EtotHF)                          -1.9231144490E+002  
 Singles correction (EcSingles)                    -1.4422886582E-002  
 Direct RPA correlation (EcRPA)                    -1.1507825972E+000  
 HF contribution (EtotHF)                          -1.9231127018E+002  
 Singles correction (EcSingles)                    -1.4297147057E-002  
 HF contribution (EtotHF)                          -1.9231127018E+002  
 Singles correction (EcSingles)                    -1.4297147057E-002  
 Direct RPA correlation (EcRPA)                    -1.1504521046E+000  
