 Converged energy                           -269.801566113759
 Converged energy                            -76.430689525261
 Converged energy                            -76.431796870706
 Converged energy                            -76.431513870822
 Converged energy                           -152.864172057173
 Converged energy                           -152.862894070253
 Converged energy                           -152.861915995169
 Converged energy                            -40.505093988084
 Converged energy                           -116.936127465623
 Converged energy                           -116.937595856367
 Converged energy                           -116.937025981612
 Converged energy                           -229.294955594459
 Converged energy                           -193.370282619237
 Converged energy                           -193.367820253435
 Converged energy                           -193.369144229037
 HF contribution (EtotHF)                          -2.6836630016E+002  
 Singles correction (EcSingles)                    -1.9289251139E-002  
 HF contribution (EtotHF)                          -2.6836630016E+002  
 Singles correction (EcSingles)                    -1.9289251139E-002  
 Direct RPA correlation (EcRPA)                    -1.5510879555E+000  
 HF contribution (EtotHF)                          -7.6051522472E+001  
 Singles correction (EcSingles)                    -4.8646618001E-003  
 HF contribution (EtotHF)                          -7.6051522472E+001  
 Singles correction (EcSingles)                    -4.8646618001E-003  
 Direct RPA correlation (EcRPA)                    -4.0079646281E-001  
 HF contribution (EtotHF)                          -7.6053380946E+001  
 Singles correction (EcSingles)                    -4.7981800414E-003  
 HF contribution (EtotHF)                          -7.6053380946E+001  
 Singles correction (EcSingles)                    -4.7981800414E-003  
 Direct RPA correlation (EcRPA)                    -3.9994300447E-001  
 HF contribution (EtotHF)                          -7.6053057713E+001  
 Singles correction (EcSingles)                    -4.7995584505E-003  
 HF contribution (EtotHF)                          -7.6053057713E+001  
 Singles correction (EcSingles)                    -4.7995584505E-003  
 Direct RPA correlation (EcRPA)                    -3.9985908300E-001  
 HF contribution (EtotHF)                          -1.5210673812E+002  
 Singles correction (EcSingles)                    -9.6543798094E-003  
 HF contribution (EtotHF)                          -1.5210673812E+002  
 Singles correction (EcSingles)                    -9.6543798094E-003  
 Direct RPA correlation (EcRPA)                    -8.0052958418E-001  
 HF contribution (EtotHF)                          -1.5210585781E+002  
 Singles correction (EcSingles)                    -9.6305820308E-003  
 HF contribution (EtotHF)                          -1.5210585781E+002  
 Singles correction (EcSingles)                    -9.6305820308E-003  
 Direct RPA correlation (EcRPA)                    -8.0000985934E-001  
 HF contribution (EtotHF)                          -1.5210423478E+002  
 Singles correction (EcSingles)                    -9.6734092492E-003  
 HF contribution (EtotHF)                          -1.5210423478E+002  
 Singles correction (EcSingles)                    -9.6734092492E-003  
 Direct RPA correlation (EcRPA)                    -8.0073335105E-001  
 HF contribution (EtotHF)                          -4.0208266783E+001  
 Singles correction (EcSingles)                    -4.4318664548E-003  
 HF contribution (EtotHF)                          -4.0208266783E+001  
 Singles correction (EcSingles)                    -4.4318664548E-003  
 Direct RPA correlation (EcRPA)                    -3.4818991592E-001  
 HF contribution (EtotHF)                          -1.1625941134E+002  
 Singles correction (EcSingles)                    -9.4059855547E-003  
 HF contribution (EtotHF)                          -1.1625941134E+002  
 Singles correction (EcSingles)                    -9.4059855547E-003  
 Direct RPA correlation (EcRPA)                    -7.4976398481E-001  
 HF contribution (EtotHF)                          -1.1626127440E+002  
 Singles correction (EcSingles)                    -9.4218403591E-003  
 HF contribution (EtotHF)                          -1.1626127440E+002  
 Singles correction (EcSingles)                    -9.4218403591E-003  
 Direct RPA correlation (EcRPA)                    -7.4904039017E-001  
 HF contribution (EtotHF)                          -1.1626121990E+002  
 Singles correction (EcSingles)                    -9.2892610195E-003  
 HF contribution (EtotHF)                          -1.1626121990E+002  
 Singles correction (EcSingles)                    -9.2892610195E-003  
 Direct RPA correlation (EcRPA)                    -7.4860194687E-001  
 HF contribution (EtotHF)                          -2.2815884117E+002  
 Singles correction (EcSingles)                    -1.4496495908E-002  
 HF contribution (EtotHF)                          -2.2815884117E+002  
 Singles correction (EcSingles)                    -1.4496495908E-002  
 Direct RPA correlation (EcRPA)                    -1.2006778941E+000  
 HF contribution (EtotHF)                          -1.9231420051E+002  
 Singles correction (EcSingles)                    -1.4393544432E-002  
 HF contribution (EtotHF)                          -1.9231420051E+002  
 Singles correction (EcSingles)                    -1.4393544432E-002  
 Direct RPA correlation (EcRPA)                    -1.1504176745E+000  
 HF contribution (EtotHF)                          -1.9231206793E+002  
 Singles correction (EcSingles)                    -1.4272074355E-002  
 HF contribution (EtotHF)                          -1.9231206793E+002  
 Singles correction (EcSingles)                    -1.4272074355E-002  
 Direct RPA correlation (EcRPA)                    -1.1502501504E+000  
 HF contribution (EtotHF)                          -1.9231369857E+002  
 Singles correction (EcSingles)                    -1.4308244197E-002  
 HF contribution (EtotHF)                          -1.9231369857E+002  
 Singles correction (EcSingles)                    -1.4308244197E-002  
 Direct RPA correlation (EcRPA)                    -1.1496335522E+000  
