 Converged energy                           -269.806058585213
 Converged energy                            -76.430744838952
 Converged energy                            -76.431584623452
 Converged energy                            -76.431821878175
 Converged energy                           -152.869743783832
 Converged energy                           -152.861855150582
 Converged energy                           -152.862181689652
 Converged energy                            -40.505099917532
 Converged energy                           -116.936187538608
 Converged energy                           -116.937441952443
 Converged energy                           -116.937348089832
 Converged energy                           -229.299107556496
 Converged energy                           -193.376227127140
 Converged energy                           -193.368074237673
 Converged energy                           -193.368143171307
 HF contribution (EtotHF)                          -2.6836136573E+002  
 Singles correction (EcSingles)                    -2.1004034402E-002  
 HF contribution (EtotHF)                          -2.6836136573E+002  
 Singles correction (EcSingles)                    -2.1004034402E-002  
 Direct RPA correlation (EcRPA)                    -1.5580482173E+000  
 HF contribution (EtotHF)                          -7.6051579090E+001  
 Singles correction (EcSingles)                    -4.8713567597E-003  
 HF contribution (EtotHF)                          -7.6051579090E+001  
 Singles correction (EcSingles)                    -4.8713567597E-003  
 Direct RPA correlation (EcRPA)                    -4.0146578028E-001  
 HF contribution (EtotHF)                          -7.6052998016E+001  
 Singles correction (EcSingles)                    -4.8202369552E-003  
 HF contribution (EtotHF)                          -7.6052998016E+001  
 Singles correction (EcSingles)                    -4.8202369552E-003  
 Direct RPA correlation (EcRPA)                    -4.0118725710E-001  
 HF contribution (EtotHF)                          -7.6053407315E+001  
 Singles correction (EcSingles)                    -4.7999293635E-003  
 HF contribution (EtotHF)                          -7.6053407315E+001  
 Singles correction (EcSingles)                    -4.7999293635E-003  
 Direct RPA correlation (EcRPA)                    -4.0010022346E-001  
 HF contribution (EtotHF)                          -1.5210493223E+002  
 Singles correction (EcSingles)                    -1.0898390676E-002  
 HF contribution (EtotHF)                          -1.5210493223E+002  
 Singles correction (EcSingles)                    -1.0898390676E-002  
 Direct RPA correlation (EcRPA)                    -8.0559939676E-001  
 HF contribution (EtotHF)                          -1.5210394476E+002  
 Singles correction (EcSingles)                    -9.8371872416E-003  
 HF contribution (EtotHF)                          -1.5210394476E+002  
 Singles correction (EcSingles)                    -9.8371872416E-003  
 Direct RPA correlation (EcRPA)                    -8.0216858423E-001  
 HF contribution (EtotHF)                          -1.5210452867E+002  
 Singles correction (EcSingles)                    -9.6839724053E-003  
 HF contribution (EtotHF)                          -1.5210452867E+002  
 Singles correction (EcSingles)                    -9.6839724053E-003  
 Direct RPA correlation (EcRPA)                    -8.0167150861E-001  
 HF contribution (EtotHF)                          -4.0208270223E+001  
 Singles correction (EcSingles)                    -4.4336276375E-003  
 HF contribution (EtotHF)                          -4.0208270223E+001  
 Singles correction (EcSingles)                    -4.4336276375E-003  
 Direct RPA correlation (EcRPA)                    -3.4826822354E-001  
 HF contribution (EtotHF)                          -1.1625947114E+002  
 Singles correction (EcSingles)                    -9.4145279220E-003  
 HF contribution (EtotHF)                          -1.1625947114E+002  
 Singles correction (EcSingles)                    -9.4145279220E-003  
 Direct RPA correlation (EcRPA)                    -7.5051398049E-001  
 HF contribution (EtotHF)                          -1.1626072777E+002  
 Singles correction (EcSingles)                    -9.4842644314E-003  
 HF contribution (EtotHF)                          -1.1626072777E+002  
 Singles correction (EcSingles)                    -9.4842644314E-003  
 Direct RPA correlation (EcRPA)                    -7.5053431144E-001  
 HF contribution (EtotHF)                          -1.1626046531E+002  
 Singles correction (EcSingles)                    -9.5653957385E-003  
 HF contribution (EtotHF)                          -1.1626046531E+002  
 Singles correction (EcSingles)                    -9.5653957385E-003  
 Direct RPA correlation (EcRPA)                    -7.4971406185E-001  
 HF contribution (EtotHF)                          -2.2815497419E+002  
 Singles correction (EcSingles)                    -1.5904602115E-002  
 HF contribution (EtotHF)                          -2.2815497419E+002  
 Singles correction (EcSingles)                    -1.5904602115E-002  
 Direct RPA correlation (EcRPA)                    -1.2066873207E+000  
 HF contribution (EtotHF)                          -1.9231259635E+002  
 Singles correction (EcSingles)                    -1.5643018218E-002  
 HF contribution (EtotHF)                          -1.9231259635E+002  
 Singles correction (EcSingles)                    -1.5643018218E-002  
 Direct RPA correlation (EcRPA)                    -1.1555961200E+000  
 HF contribution (EtotHF)                          -1.9231120764E+002  
 Singles correction (EcSingles)                    -1.4562632190E-002  
 HF contribution (EtotHF)                          -1.9231120764E+002  
 Singles correction (EcSingles)                    -1.4562632190E-002  
 Direct RPA correlation (EcRPA)                    -1.1520772980E+000  
 HF contribution (EtotHF)                          -1.9231040181E+002  
 Singles correction (EcSingles)                    -1.4848639713E-002  
 HF contribution (EtotHF)                          -1.9231040181E+002  
 Singles correction (EcSingles)                    -1.4848639713E-002  
 Direct RPA correlation (EcRPA)                    -1.1528648570E+000  
