 Converged energy                           -269.800287920132
 Converged energy                            -76.430691214139
 Converged energy                            -76.431000729679
 Converged energy                            -76.430851777565
 Converged energy                           -152.861383783411
 Converged energy                           -152.861881891262
 Converged energy                           -152.863111920386
 Converged energy                            -40.505096354938
 Converged energy                           -116.936131169866
 Converged energy                           -116.936664342716
 Converged energy                           -116.936442760297
 Converged energy                           -229.293830001367
 Converged energy                           -193.367430574059
 Converged energy                           -193.368986063838
 Converged energy                           -193.368016067452
 HF contribution (EtotHF)                          -2.6836429312E+002  
 Singles correction (EcSingles)                    -1.9305282631E-002  
 HF contribution (EtotHF)                          -2.6836429312E+002  
 Singles correction (EcSingles)                    -1.9305282631E-002  
 Direct RPA correlation (EcRPA)                    -1.5521532442E+000  
 HF contribution (EtotHF)                          -7.6051524695E+001  
 Singles correction (EcSingles)                    -4.8648231433E-003  
 HF contribution (EtotHF)                          -7.6051524695E+001  
 Singles correction (EcSingles)                    -4.8648231433E-003  
 Direct RPA correlation (EcRPA)                    -4.0081972544E-001  
 HF contribution (EtotHF)                          -7.6052113385E+001  
 Singles correction (EcSingles)                    -4.8388939447E-003  
 HF contribution (EtotHF)                          -7.6052113385E+001  
 Singles correction (EcSingles)                    -4.8388939447E-003  
 Direct RPA correlation (EcRPA)                    -4.0043687401E-001  
 HF contribution (EtotHF)                          -7.6051842661E+001  
 Singles correction (EcSingles)                    -4.8489408719E-003  
 HF contribution (EtotHF)                          -7.6051842661E+001  
 Singles correction (EcSingles)                    -4.8489408719E-003  
 Direct RPA correlation (EcRPA)                    -4.0055154508E-001  
 HF contribution (EtotHF)                          -1.5210326956E+002  
 Singles correction (EcSingles)                    -9.7135180759E-003  
 HF contribution (EtotHF)                          -1.5210326956E+002  
 Singles correction (EcSingles)                    -9.7135180759E-003  
 Direct RPA correlation (EcRPA)                    -8.0134152149E-001  
 HF contribution (EtotHF)                          -1.5210398488E+002  
 Singles correction (EcSingles)                    -9.6879301722E-003  
 HF contribution (EtotHF)                          -1.5210398488E+002  
 Singles correction (EcSingles)                    -9.6879301722E-003  
 Direct RPA correlation (EcRPA)                    -8.0099248592E-001  
 HF contribution (EtotHF)                          -1.5210488013E+002  
 Singles correction (EcSingles)                    -9.7521479524E-003  
 HF contribution (EtotHF)                          -1.5210488013E+002  
 Singles correction (EcSingles)                    -9.7521479524E-003  
 Direct RPA correlation (EcRPA)                    -8.0136450841E-001  
 HF contribution (EtotHF)                          -4.0208268068E+001  
 Singles correction (EcSingles)                    -4.4329002902E-003  
 HF contribution (EtotHF)                          -4.0208268068E+001  
 Singles correction (EcSingles)                    -4.4329002902E-003  
 Direct RPA correlation (EcRPA)                    -3.4819268528E-001  
 HF contribution (EtotHF)                          -1.1625941458E+002  
 Singles correction (EcSingles)                    -9.4071755712E-003  
 HF contribution (EtotHF)                          -1.1625941458E+002  
 Singles correction (EcSingles)                    -9.4071755712E-003  
 Direct RPA correlation (EcRPA)                    -7.4978996585E-001  
 HF contribution (EtotHF)                          -1.1626028092E+002  
 Singles correction (EcSingles)                    -9.3634066474E-003  
 HF contribution (EtotHF)                          -1.1626028092E+002  
 Singles correction (EcSingles)                    -9.3634066474E-003  
 Direct RPA correlation (EcRPA)                    -7.4933557504E-001  
 HF contribution (EtotHF)                          -1.1626004965E+002  
 Singles correction (EcSingles)                    -9.3429554416E-003  
 HF contribution (EtotHF)                          -1.1626004965E+002  
 Singles correction (EcSingles)                    -9.3429554416E-003  
 Direct RPA correlation (EcRPA)                    -7.4931355692E-001  
 HF contribution (EtotHF)                          -2.2815665159E+002  
 Singles correction (EcSingles)                    -1.4600404912E-002  
 HF contribution (EtotHF)                          -2.2815665159E+002  
 Singles correction (EcSingles)                    -1.4600404912E-002  
 Direct RPA correlation (EcRPA)                    -1.2018894535E+000  
 HF contribution (EtotHF)                          -1.9231110680E+002  
 Singles correction (EcSingles)                    -1.4345493013E-002  
 HF contribution (EtotHF)                          -1.9231110680E+002  
 Singles correction (EcSingles)                    -1.4345493013E-002  
 Direct RPA correlation (EcRPA)                    -1.1510102524E+000  
 HF contribution (EtotHF)                          -1.9231260714E+002  
 Singles correction (EcSingles)                    -1.4365900440E-002  
 HF contribution (EtotHF)                          -1.9231260714E+002  
 Singles correction (EcSingles)                    -1.4365900440E-002  
 Direct RPA correlation (EcRPA)                    -1.1509188219E+000  
 HF contribution (EtotHF)                          -1.9231205760E+002  
 Singles correction (EcSingles)                    -1.4274999630E-002  
 HF contribution (EtotHF)                          -1.9231205760E+002  
 Singles correction (EcSingles)                    -1.4274999630E-002  
 Direct RPA correlation (EcRPA)                    -1.1504716168E+000  
