 Converged energy                           -269.808946074550
 Converged energy                            -76.430687559935
 Converged energy                            -76.431413091211
 Converged energy                            -76.431576156747
 Converged energy                           -152.862474920177
 Converged energy                           -152.871745850433
 Converged energy                           -152.861976882725
 Converged energy                            -40.505096718477
 Converged energy                           -116.936128198931
 Converged energy                           -116.937133127349
 Converged energy                           -116.937089809301
 Converged energy                           -229.302441979919
 Converged energy                           -193.368495280672
 Converged energy                           -193.367882530451
 Converged energy                           -193.377892996848
 HF contribution (EtotHF)                          -2.6836851877E+002  
 Singles correction (EcSingles)                    -2.0305737564E-002  
 HF contribution (EtotHF)                          -2.6836851877E+002  
 Singles correction (EcSingles)                    -2.0305737564E-002  
 Direct RPA correlation (EcRPA)                    -1.5552410912E+000  
 HF contribution (EtotHF)                          -7.6051519970E+001  
 Singles correction (EcSingles)                    -4.8645338614E-003  
 HF contribution (EtotHF)                          -7.6051519970E+001  
 Singles correction (EcSingles)                    -4.8645338614E-003  
 Direct RPA correlation (EcRPA)                    -4.0077522640E-001  
 HF contribution (EtotHF)                          -7.6052606989E+001  
 Singles correction (EcSingles)                    -4.8380787436E-003  
 HF contribution (EtotHF)                          -7.6052606989E+001  
 Singles correction (EcSingles)                    -4.8380787436E-003  
 Direct RPA correlation (EcRPA)                    -4.0094084960E-001  
 HF contribution (EtotHF)                          -7.6053127124E+001  
 Singles correction (EcSingles)                    -4.8066810221E-003  
 HF contribution (EtotHF)                          -7.6053127124E+001  
 Singles correction (EcSingles)                    -4.8066810221E-003  
 Direct RPA correlation (EcRPA)                    -4.0056978515E-001  
 HF contribution (EtotHF)                          -1.5210456741E+002  
 Singles correction (EcSingles)                    -9.6927809056E-003  
 HF contribution (EtotHF)                          -1.5210456741E+002  
 Singles correction (EcSingles)                    -9.6927809056E-003  
 Direct RPA correlation (EcRPA)                    -8.0164160537E-001  
 HF contribution (EtotHF)                          -1.5211013397E+002  
 Singles correction (EcSingles)                    -1.0518995148E-002  
 HF contribution (EtotHF)                          -1.5211013397E+002  
 Singles correction (EcSingles)                    -1.0518995148E-002  
 Direct RPA correlation (EcRPA)                    -8.0362186933E-001  
 HF contribution (EtotHF)                          -1.5210430214E+002  
 Singles correction (EcSingles)                    -9.6804754390E-003  
 HF contribution (EtotHF)                          -1.5210430214E+002  
 Singles correction (EcSingles)                    -9.6804754390E-003  
 Direct RPA correlation (EcRPA)                    -8.0142234621E-001  
 HF contribution (EtotHF)                          -4.0208268301E+001  
 Singles correction (EcSingles)                    -4.4329232127E-003  
 HF contribution (EtotHF)                          -4.0208268301E+001  
 Singles correction (EcSingles)                    -4.4329232127E-003  
 Direct RPA correlation (EcRPA)                    -3.4822259154E-001  
 HF contribution (EtotHF)                          -1.1625941035E+002  
 Singles correction (EcSingles)                    -9.4069694684E-003  
 HF contribution (EtotHF)                          -1.1625941035E+002  
 Singles correction (EcSingles)                    -9.4069694684E-003  
 Direct RPA correlation (EcRPA)                    -7.4977477471E-001  
 HF contribution (EtotHF)                          -1.1625990164E+002  
 Singles correction (EcSingles)                    -9.5893040293E-003  
 HF contribution (EtotHF)                          -1.1625990164E+002  
 Singles correction (EcSingles)                    -9.5893040293E-003  
 Direct RPA correlation (EcRPA)                    -7.5046049425E-001  
 HF contribution (EtotHF)                          -1.1626129059E+002  
 Singles correction (EcSingles)                    -9.2975985732E-003  
 HF contribution (EtotHF)                          -1.1626129059E+002  
 Singles correction (EcSingles)                    -9.2975985732E-003  
 Direct RPA correlation (EcRPA)                    -7.4935210648E-001  
 HF contribution (EtotHF)                          -2.2816167729E+002  
 Singles correction (EcSingles)                    -1.5380115698E-002  
 HF contribution (EtotHF)                          -2.2816167729E+002  
 Singles correction (EcSingles)                    -1.5380115698E-002  
 Direct RPA correlation (EcRPA)                    -1.2044019567E+000  
 HF contribution (EtotHF)                          -1.9231144546E+002  
 Singles correction (EcSingles)                    -1.4551698781E-002  
 HF contribution (EtotHF)                          -1.9231144546E+002  
 Singles correction (EcSingles)                    -1.4551698781E-002  
 Direct RPA correlation (EcRPA)                    -1.1519450173E+000  
 HF contribution (EtotHF)                          -1.9231213652E+002  
 Singles correction (EcSingles)                    -1.4280389100E-002  
 HF contribution (EtotHF)                          -1.9231213652E+002  
 Singles correction (EcSingles)                    -1.4280389100E-002  
 Direct RPA correlation (EcRPA)                    -1.1509779592E+000  
 HF contribution (EtotHF)                          -1.9231733556E+002  
 Singles correction (EcSingles)                    -1.5336985939E-002  
 HF contribution (EtotHF)                          -1.9231733556E+002  
 Singles correction (EcSingles)                    -1.5336985939E-002  
 Direct RPA correlation (EcRPA)                    -1.1536816267E+000  
