 Converged energy                           -269.799847680032
 Converged energy                            -76.431061674589
 Converged energy                            -76.431236088467
 Converged energy                            -76.430845758136
 Converged energy                           -152.863085788896
 Converged energy                           -152.861748041990
 Converged energy                           -152.861942803213
 Converged energy                            -40.505089849238
 Converged energy                           -116.936403741651
 Converged energy                           -116.936645684046
 Converged energy                           -116.936429800766
 Converged energy                           -229.293625932582
 Converged energy                           -193.368777095413
 Converged energy                           -193.367761805807
 Converged energy                           -193.367704713641
 HF contribution (EtotHF)                          -2.6836361591E+002  
 Singles correction (EcSingles)                    -1.9394352098E-002  
 HF contribution (EtotHF)                          -2.6836361591E+002  
 Singles correction (EcSingles)                    -1.9394352098E-002  
 Direct RPA correlation (EcRPA)                    -1.5520512978E+000  
 HF contribution (EtotHF)                          -7.6052195678E+001  
 Singles correction (EcSingles)                    -4.8365996506E-003  
 HF contribution (EtotHF)                          -7.6052195678E+001  
 Singles correction (EcSingles)                    -4.8365996506E-003  
 Direct RPA correlation (EcRPA)                    -4.0038611195E-001  
 HF contribution (EtotHF)                          -7.6052289200E+001  
 Singles correction (EcSingles)                    -4.8427185921E-003  
 HF contribution (EtotHF)                          -7.6052289200E+001  
 Singles correction (EcSingles)                    -4.8427185921E-003  
 Direct RPA correlation (EcRPA)                    -4.0055247415E-001  
 HF contribution (EtotHF)                          -7.6051835095E+001  
 Singles correction (EcSingles)                    -4.8489691307E-003  
 HF contribution (EtotHF)                          -7.6051835095E+001  
 Singles correction (EcSingles)                    -4.8489691307E-003  
 Direct RPA correlation (EcRPA)                    -4.0051488321E-001  
 HF contribution (EtotHF)                          -1.5210506563E+002  
 Singles correction (EcSingles)                    -9.7494617383E-003  
 HF contribution (EtotHF)                          -1.5210506563E+002  
 Singles correction (EcSingles)                    -9.7494617383E-003  
 Direct RPA correlation (EcRPA)                    -8.0109777088E-001  
 HF contribution (EtotHF)                          -1.5210373096E+002  
 Singles correction (EcSingles)                    -9.7017554845E-003  
 HF contribution (EtotHF)                          -1.5210373096E+002  
 Singles correction (EcSingles)                    -9.7017554845E-003  
 Direct RPA correlation (EcRPA)                    -8.0115305876E-001  
 HF contribution (EtotHF)                          -1.5210406705E+002  
 Singles correction (EcSingles)                    -9.6853938704E-003  
 HF contribution (EtotHF)                          -1.5210406705E+002  
 Singles correction (EcSingles)                    -9.6853938704E-003  
 Direct RPA correlation (EcRPA)                    -8.0090330321E-001  
 HF contribution (EtotHF)                          -4.0208267518E+001  
 Singles correction (EcSingles)                    -4.4301547837E-003  
 HF contribution (EtotHF)                          -4.0208267518E+001  
 Singles correction (EcSingles)                    -4.4301547837E-003  
 Direct RPA correlation (EcRPA)                    -3.4817060497E-001  
 HF contribution (EtotHF)                          -1.1626020258E+002  
 Singles correction (EcSingles)                    -9.3332523693E-003  
 HF contribution (EtotHF)                          -1.1626020258E+002  
 Singles correction (EcSingles)                    -9.3332523693E-003  
 Direct RPA correlation (EcRPA)                    -7.4911395973E-001  
 HF contribution (EtotHF)                          -1.1625965117E+002  
 Singles correction (EcSingles)                    -9.4933529000E-003  
 HF contribution (EtotHF)                          -1.1625965117E+002  
 Singles correction (EcSingles)                    -9.4933529000E-003  
 Direct RPA correlation (EcRPA)                    -7.4978412364E-001  
 HF contribution (EtotHF)                          -1.1626004120E+002  
 Singles correction (EcSingles)                    -9.3400715784E-003  
 HF contribution (EtotHF)                          -1.1626004120E+002  
 Singles correction (EcSingles)                    -9.3400715784E-003  
 Direct RPA correlation (EcRPA)                    -7.4925385777E-001  
 HF contribution (EtotHF)                          -2.2815653759E+002  
 Singles correction (EcSingles)                    -1.4607859592E-002  
 HF contribution (EtotHF)                          -2.2815653759E+002  
 Singles correction (EcSingles)                    -1.4607859592E-002  
 Direct RPA correlation (EcRPA)                    -1.2017004530E+000  
 HF contribution (EtotHF)                          -1.9231215149E+002  
 Singles correction (EcSingles)                    -1.4479286596E-002  
 HF contribution (EtotHF)                          -1.9231215149E+002  
 Singles correction (EcSingles)                    -1.4479286596E-002  
 Direct RPA correlation (EcRPA)                    -1.1508921540E+000  
 HF contribution (EtotHF)                          -1.9231198921E+002  
 Singles correction (EcSingles)                    -1.4244031009E-002  
 HF contribution (EtotHF)                          -1.9231198921E+002  
 Singles correction (EcSingles)                    -1.4244031009E-002  
 Direct RPA correlation (EcRPA)                    -1.1502065276E+000  
 HF contribution (EtotHF)                          -1.9231110863E+002  
 Singles correction (EcSingles)                    -1.4407852259E-002  
 HF contribution (EtotHF)                          -1.9231110863E+002  
 Singles correction (EcSingles)                    -1.4407852259E-002  
 Direct RPA correlation (EcRPA)                    -1.1509339636E+000  
