 Converged energy                           -269.799757428035
 Converged energy                            -76.431055509373
 Converged energy                            -76.431498877096
 Converged energy                            -76.431495181353
 Converged energy                           -152.862237977994
 Converged energy                           -152.862330304952
 Converged energy                           -152.862662916830
 Converged energy                            -40.505089127226
 Converged energy                           -116.936397102496
 Converged energy                           -116.937345332307
 Converged energy                           -116.937132970538
 Converged energy                           -229.293176808948
 Converged energy                           -193.368389880960
 Converged energy                           -193.368502086878
 Converged energy                           -193.368655712792
 HF contribution (EtotHF)                          -2.6836401336E+002  
 Singles correction (EcSingles)                    -1.9396481848E-002  
 HF contribution (EtotHF)                          -2.6836401336E+002  
 Singles correction (EcSingles)                    -1.9396481848E-002  
 Direct RPA correlation (EcRPA)                    -1.5515548573E+000  
 HF contribution (EtotHF)                          -7.6052187741E+001  
 Singles correction (EcSingles)                    -4.8365102708E-003  
 HF contribution (EtotHF)                          -7.6052187741E+001  
 Singles correction (EcSingles)                    -4.8365102708E-003  
 Direct RPA correlation (EcRPA)                    -4.0034235027E-001  
 HF contribution (EtotHF)                          -7.6052905554E+001  
 Singles correction (EcSingles)                    -4.8118579478E-003  
 HF contribution (EtotHF)                          -7.6052905554E+001  
 Singles correction (EcSingles)                    -4.8118579478E-003  
 Direct RPA correlation (EcRPA)                    -4.0021157237E-001  
 HF contribution (EtotHF)                          -7.6053022563E+001  
 Singles correction (EcSingles)                    -4.8013876684E-003  
 HF contribution (EtotHF)                          -7.6053022563E+001  
 Singles correction (EcSingles)                    -4.8013876684E-003  
 Direct RPA correlation (EcRPA)                    -4.0000092475E-001  
 HF contribution (EtotHF)                          -1.5210472179E+002  
 Singles correction (EcSingles)                    -9.6576675574E-003  
 HF contribution (EtotHF)                          -1.5210472179E+002  
 Singles correction (EcSingles)                    -9.6576675574E-003  
 Direct RPA correlation (EcRPA)                    -8.0063368735E-001  
 HF contribution (EtotHF)                          -1.5210475127E+002  
 Singles correction (EcSingles)                    -9.7448498790E-003  
 HF contribution (EtotHF)                          -1.5210475127E+002  
 Singles correction (EcSingles)                    -9.7448498790E-003  
 Direct RPA correlation (EcRPA)                    -8.0071949861E-001  
 HF contribution (EtotHF)                          -1.5210533175E+002  
 Singles correction (EcSingles)                    -9.6365312495E-003  
 HF contribution (EtotHF)                          -1.5210533175E+002  
 Singles correction (EcSingles)                    -9.6365312495E-003  
 Direct RPA correlation (EcRPA)                    -8.0033509984E-001  
 HF contribution (EtotHF)                          -4.0208266848E+001  
 Singles correction (EcSingles)                    -4.4297730222E-003  
 HF contribution (EtotHF)                          -4.0208266848E+001  
 Singles correction (EcSingles)                    -4.4297730222E-003  
 Direct RPA correlation (EcRPA)                    -3.4817432616E-001  
 HF contribution (EtotHF)                          -1.1626019439E+002  
 Singles correction (EcSingles)                    -9.3328364322E-003  
 HF contribution (EtotHF)                          -1.1626019439E+002  
 Singles correction (EcSingles)                    -9.3328364322E-003  
 Direct RPA correlation (EcRPA)                    -7.4907181246E-001  
 HF contribution (EtotHF)                          -1.1626063389E+002  
 Singles correction (EcSingles)                    -9.4711571590E-003  
 HF contribution (EtotHF)                          -1.1626063389E+002  
 Singles correction (EcSingles)                    -9.4711571590E-003  
 Direct RPA correlation (EcRPA)                    -7.4945136804E-001  
 HF contribution (EtotHF)                          -1.1626127762E+002  
 Singles correction (EcSingles)                    -9.2990404546E-003  
 HF contribution (EtotHF)                          -1.1626127762E+002  
 Singles correction (EcSingles)                    -9.2990404546E-003  
 Direct RPA correlation (EcRPA)                    -7.4877129157E-001  
 HF contribution (EtotHF)                          -2.2815668371E+002  
 Singles correction (EcSingles)                    -1.4589381067E-002  
 HF contribution (EtotHF)                          -2.2815668371E+002  
 Singles correction (EcSingles)                    -1.4589381067E-002  
 Direct RPA correlation (EcRPA)                    -1.2011339739E+000  
 HF contribution (EtotHF)                          -1.9231226525E+002  
 Singles correction (EcSingles)                    -1.4378151240E-002  
 HF contribution (EtotHF)                          -1.9231226525E+002  
 Singles correction (EcSingles)                    -1.4378151240E-002  
 Direct RPA correlation (EcRPA)                    -1.1504107687E+000  
 HF contribution (EtotHF)                          -1.9231325484E+002  
 Singles correction (EcSingles)                    -1.4204537049E-002  
 HF contribution (EtotHF)                          -1.9231325484E+002  
 Singles correction (EcSingles)                    -1.4204537049E-002  
 Direct RPA correlation (EcRPA)                    -1.1496812410E+000  
 HF contribution (EtotHF)                          -1.9231233679E+002  
 Singles correction (EcSingles)                    -1.4486941020E-002  
 HF contribution (EtotHF)                          -1.9231233679E+002  
 Singles correction (EcSingles)                    -1.4486941020E-002  
 Direct RPA correlation (EcRPA)                    -1.1505825049E+000  
