 Converged energy                           -269.801302102830
 Converged energy                            -76.431058653531
 Converged energy                            -76.431003888516
 Converged energy                            -76.431591629887
 Converged energy                           -152.862887819951
 Converged energy                           -152.862713746325
 Converged energy                           -152.863026955478
 Converged energy                            -40.505094328324
 Converged energy                           -116.936404547670
 Converged energy                           -116.936665281359
 Converged energy                           -116.937114672021
 Converged energy                           -229.294987137451
 Converged energy                           -193.368816628041
 Converged energy                           -193.368774499731
 Converged energy                           -193.368790539247
 HF contribution (EtotHF)                          -2.6836586114E+002  
 Singles correction (EcSingles)                    -1.9282687555E-002  
 HF contribution (EtotHF)                          -2.6836586114E+002  
 Singles correction (EcSingles)                    -1.9282687555E-002  
 Direct RPA correlation (EcRPA)                    -1.5512675815E+000  
 HF contribution (EtotHF)                          -7.6052191385E+001  
 Singles correction (EcSingles)                    -4.8368800816E-003  
 HF contribution (EtotHF)                          -7.6052191385E+001  
 Singles correction (EcSingles)                    -4.8368800816E-003  
 Direct RPA correlation (EcRPA)                    -4.0038689412E-001  
 HF contribution (EtotHF)                          -7.6052117326E+001  
 Singles correction (EcSingles)                    -4.8391498766E-003  
 HF contribution (EtotHF)                          -7.6052117326E+001  
 Singles correction (EcSingles)                    -4.8391498766E-003  
 Direct RPA correlation (EcRPA)                    -4.0045998962E-001  
 HF contribution (EtotHF)                          -7.6053006159E+001  
 Singles correction (EcSingles)                    -4.8107798826E-003  
 HF contribution (EtotHF)                          -7.6053006159E+001  
 Singles correction (EcSingles)                    -4.8107798826E-003  
 Direct RPA correlation (EcRPA)                    -4.0008626747E-001  
 HF contribution (EtotHF)                          -1.5210509990E+002  
 Singles correction (EcSingles)                    -9.6943585939E-003  
 HF contribution (EtotHF)                          -1.5210509990E+002  
 Singles correction (EcSingles)                    -9.6943585939E-003  
 Direct RPA correlation (EcRPA)                    -8.0087561013E-001  
 HF contribution (EtotHF)                          -1.5210526741E+002  
 Singles correction (EcSingles)                    -9.6459057671E-003  
 HF contribution (EtotHF)                          -1.5210526741E+002  
 Singles correction (EcSingles)                    -9.6459057671E-003  
 Direct RPA correlation (EcRPA)                    -8.0051837456E-001  
 HF contribution (EtotHF)                          -1.5210564242E+002  
 Singles correction (EcSingles)                    -9.6377613192E-003  
 HF contribution (EtotHF)                          -1.5210564242E+002  
 Singles correction (EcSingles)                    -9.6377613192E-003  
 Direct RPA correlation (EcRPA)                    -8.0039756061E-001  
 HF contribution (EtotHF)                          -4.0208267352E+001  
 Singles correction (EcSingles)                    -4.4319352798E-003  
 HF contribution (EtotHF)                          -4.0208267352E+001  
 Singles correction (EcSingles)                    -4.4319352798E-003  
 Direct RPA correlation (EcRPA)                    -3.4818137530E-001  
 HF contribution (EtotHF)                          -1.1626019811E+002  
 Singles correction (EcSingles)                    -9.3354480766E-003  
 HF contribution (EtotHF)                          -1.1626019811E+002  
 Singles correction (EcSingles)                    -9.3354480766E-003  
 Direct RPA correlation (EcRPA)                    -7.4912458840E-001  
 HF contribution (EtotHF)                          -1.1626028408E+002  
 Singles correction (EcSingles)                    -9.3627647715E-003  
 HF contribution (EtotHF)                          -1.1626028408E+002  
 Singles correction (EcSingles)                    -9.3627647715E-003  
 Direct RPA correlation (EcRPA)                    -7.4934828799E-001  
 HF contribution (EtotHF)                          -1.1626058070E+002  
 Singles correction (EcSingles)                    -9.4391071678E-003  
 HF contribution (EtotHF)                          -1.1626058070E+002  
 Singles correction (EcSingles)                    -9.4391071678E-003  
 Direct RPA correlation (EcRPA)                    -7.4922664460E-001  
 HF contribution (EtotHF)                          -2.2815870679E+002  
 Singles correction (EcSingles)                    -1.4491444388E-002  
 HF contribution (EtotHF)                          -2.2815870679E+002  
 Singles correction (EcSingles)                    -1.4491444388E-002  
 Direct RPA correlation (EcRPA)                    -1.2008581188E+000  
 HF contribution (EtotHF)                          -1.9231299347E+002  
 Singles correction (EcSingles)                    -1.4289269269E-002  
 HF contribution (EtotHF)                          -1.9231299347E+002  
 Singles correction (EcSingles)                    -1.4289269269E-002  
 Direct RPA correlation (EcRPA)                    -1.1503155387E+000  
 HF contribution (EtotHF)                          -1.9231292817E+002  
 Singles correction (EcSingles)                    -1.4332301284E-002  
 HF contribution (EtotHF)                          -1.9231292817E+002  
 Singles correction (EcSingles)                    -1.4332301284E-002  
 Direct RPA correlation (EcRPA)                    -1.1501009643E+000  
 HF contribution (EtotHF)                          -1.9231272452E+002  
 Singles correction (EcSingles)                    -1.4366417797E-002  
 HF contribution (EtotHF)                          -1.9231272452E+002  
 Singles correction (EcSingles)                    -1.4366417797E-002  
 Direct RPA correlation (EcRPA)                    -1.1503699527E+000  
