 Converged energy                           -269.808398209829
 Converged energy                            -76.431241952949
 Converged energy                            -76.431758319274
 Converged energy                            -76.431574600528
 Converged energy                           -152.862431327690
 Converged energy                           -152.870826523848
 Converged energy                           -152.863224850296
 Converged energy                            -40.505093990139
 Converged energy                           -116.936655319452
 Converged energy                           -116.937107952859
 Converged energy                           -116.937085778950
 Converged energy                           -229.302274255413
 Converged energy                           -193.368143322362
 Converged energy                           -193.368997959394
 Converged energy                           -193.376667880955
 HF contribution (EtotHF)                          -2.6836719073E+002  
 Singles correction (EcSingles)                    -2.0542457483E-002  
 HF contribution (EtotHF)                          -2.6836719073E+002  
 Singles correction (EcSingles)                    -2.0542457483E-002  
 Direct RPA correlation (EcRPA)                    -1.5556939052E+000  
 HF contribution (EtotHF)                          -7.6052297399E+001  
 Singles correction (EcSingles)                    -4.8432602824E-003  
 HF contribution (EtotHF)                          -7.6052297399E+001  
 Singles correction (EcSingles)                    -4.8432602824E-003  
 Direct RPA correlation (EcRPA)                    -4.0059735567E-001  
 HF contribution (EtotHF)                          -7.6053198725E+001  
 Singles correction (EcSingles)                    -4.8179962146E-003  
 HF contribution (EtotHF)                          -7.6053198725E+001  
 Singles correction (EcSingles)                    -4.8179962146E-003  
 Direct RPA correlation (EcRPA)                    -4.0069558153E-001  
 HF contribution (EtotHF)                          -7.6053125321E+001  
 Singles correction (EcSingles)                    -4.8063262376E-003  
 HF contribution (EtotHF)                          -7.6053125321E+001  
 Singles correction (EcSingles)                    -4.8063262376E-003  
 Direct RPA correlation (EcRPA)                    -4.0058176373E-001  
 HF contribution (EtotHF)                          -1.5210439171E+002  
 Singles correction (EcSingles)                    -9.7998940944E-003  
 HF contribution (EtotHF)                          -1.5210439171E+002  
 Singles correction (EcSingles)                    -9.7998940944E-003  
 Direct RPA correlation (EcRPA)                    -8.0180429211E-001  
 HF contribution (EtotHF)                          -1.5210911325E+002  
 Singles correction (EcSingles)                    -1.0549514239E-002  
 HF contribution (EtotHF)                          -1.5210911325E+002  
 Singles correction (EcSingles)                    -1.0549514239E-002  
 Direct RPA correlation (EcRPA)                    -8.0365484123E-001  
 HF contribution (EtotHF)                          -1.5210590602E+002  
 Singles correction (EcSingles)                    -9.6388210106E-003  
 HF contribution (EtotHF)                          -1.5210590602E+002  
 Singles correction (EcSingles)                    -9.6388210106E-003  
 Direct RPA correlation (EcRPA)                    -8.0109742886E-001  
 HF contribution (EtotHF)                          -4.0208266510E+001  
 Singles correction (EcSingles)                    -4.4313359178E-003  
 HF contribution (EtotHF)                          -4.0208266510E+001  
 Singles correction (EcSingles)                    -4.4313359178E-003  
 Direct RPA correlation (EcRPA)                    -3.4821097005E-001  
 HF contribution (EtotHF)                          -1.1625965796E+002  
 Singles correction (EcSingles)                    -9.4952384972E-003  
 HF contribution (EtotHF)                          -1.1625965796E+002  
 Singles correction (EcSingles)                    -9.4952384972E-003  
 Direct RPA correlation (EcRPA)                    -7.4987077350E-001  
 HF contribution (EtotHF)                          -1.1626030993E+002  
 Singles correction (EcSingles)                    -9.5256132523E-003  
 HF contribution (EtotHF)                          -1.1626030993E+002  
 Singles correction (EcSingles)                    -9.5256132523E-003  
 Direct RPA correlation (EcRPA)                    -7.5011081706E-001  
 HF contribution (EtotHF)                          -1.1626128696E+002  
 Singles correction (EcSingles)                    -9.2956761694E-003  
 HF contribution (EtotHF)                          -1.1626128696E+002  
 Singles correction (EcSingles)                    -9.2956761694E-003  
 Direct RPA correlation (EcRPA)                    -7.4935242181E-001  
 HF contribution (EtotHF)                          -2.2816112473E+002  
 Singles correction (EcSingles)                    -1.5534906921E-002  
 HF contribution (EtotHF)                          -2.2816112473E+002  
 Singles correction (EcSingles)                    -1.5534906921E-002  
 Direct RPA correlation (EcRPA)                    -1.2046816146E+000  
 HF contribution (EtotHF)                          -1.9231054980E+002  
 Singles correction (EcSingles)                    -1.4744015053E-002  
 HF contribution (EtotHF)                          -1.9231054980E+002  
 Singles correction (EcSingles)                    -1.4744015053E-002  
 Direct RPA correlation (EcRPA)                    -1.1522830764E+000  
 HF contribution (EtotHF)                          -1.9231308919E+002  
 Singles correction (EcSingles)                    -1.4350718320E-002  
 HF contribution (EtotHF)                          -1.9231308919E+002  
 Singles correction (EcSingles)                    -1.4350718320E-002  
 Direct RPA correlation (EcRPA)                    -1.1509449235E+000  
 HF contribution (EtotHF)                          -1.9231620802E+002  
 Singles correction (EcSingles)                    -1.5323045262E-002  
 HF contribution (EtotHF)                          -1.9231620802E+002  
 Singles correction (EcSingles)                    -1.5323045262E-002  
 Direct RPA correlation (EcRPA)                    -1.1535959503E+000  
