 Converged energy                           -269.799028750078
 Converged energy                            -76.431233208114
 Converged energy                            -76.431592914968
 Converged energy                            -76.429952370312
 Converged energy                           -152.862566906420
 Converged energy                           -152.861544122610
 Converged energy                           -152.861561608048
 Converged energy                            -40.505089983380
 Converged energy                           -116.936642649428
 Converged energy                           -116.937111559287
 Converged energy                           -116.935350551894
 Converged energy                           -229.292892964740
 Converged energy                           -193.368447029732
 Converged energy                           -193.367227974996
 Converged energy                           -193.367369537367
 HF contribution (EtotHF)                          -2.6836219065E+002  
 Singles correction (EcSingles)                    -1.9469854022E-002  
 HF contribution (EtotHF)                          -2.6836219065E+002  
 Singles correction (EcSingles)                    -1.9469854022E-002  
 Direct RPA correlation (EcRPA)                    -1.5526473055E+000  
 HF contribution (EtotHF)                          -7.6052286077E+001  
 Singles correction (EcSingles)                    -4.8424162706E-003  
 HF contribution (EtotHF)                          -7.6052286077E+001  
 Singles correction (EcSingles)                    -4.8424162706E-003  
 Direct RPA correlation (EcRPA)                    -4.0052352328E-001  
 HF contribution (EtotHF)                          -7.6053008335E+001  
 Singles correction (EcSingles)                    -4.8108907639E-003  
 HF contribution (EtotHF)                          -7.6053008335E+001  
 Singles correction (EcSingles)                    -4.8108907639E-003  
 Direct RPA correlation (EcRPA)                    -4.0009634497E-001  
 HF contribution (EtotHF)                          -7.6050306540E+001  
 Singles correction (EcSingles)                    -4.9078374493E-003  
 HF contribution (EtotHF)                          -7.6050306540E+001  
 Singles correction (EcSingles)                    -4.9078374493E-003  
 Direct RPA correlation (EcRPA)                    -4.0127678247E-001  
 HF contribution (EtotHF)                          -1.5210498409E+002  
 Singles correction (EcSingles)                    -9.6619794846E-003  
 HF contribution (EtotHF)                          -1.5210498409E+002  
 Singles correction (EcSingles)                    -9.6619794846E-003  
 Direct RPA correlation (EcRPA)                    -8.0068981075E-001  
 HF contribution (EtotHF)                          -1.5210332273E+002  
 Singles correction (EcSingles)                    -9.7185021908E-003  
 HF contribution (EtotHF)                          -1.5210332273E+002  
 Singles correction (EcSingles)                    -9.7185021908E-003  
 Direct RPA correlation (EcRPA)                    -8.0137793051E-001  
 HF contribution (EtotHF)                          -1.5210303744E+002  
 Singles correction (EcSingles)                    -9.7402050096E-003  
 HF contribution (EtotHF)                          -1.5210303744E+002  
 Singles correction (EcSingles)                    -9.7402050096E-003  
 Direct RPA correlation (EcRPA)                    -8.0172258741E-001  
 HF contribution (EtotHF)                          -4.0208267077E+001  
 Singles correction (EcSingles)                    -4.4304159207E-003  
 HF contribution (EtotHF)                          -4.0208267077E+001  
 Singles correction (EcSingles)                    -4.4304159207E-003  
 Direct RPA correlation (EcRPA)                    -3.4818203573E-001  
 HF contribution (EtotHF)                          -1.1625964720E+002  
 Singles correction (EcSingles)                    -9.4932441803E-003  
 HF contribution (EtotHF)                          -1.1625964720E+002  
 Singles correction (EcSingles)                    -9.4932441803E-003  
 Direct RPA correlation (EcRPA)                    -7.4976516751E-001  
 HF contribution (EtotHF)                          -1.1626058261E+002  
 Singles correction (EcSingles)                    -9.4377820791E-003  
 HF contribution (EtotHF)                          -1.1626058261E+002  
 Singles correction (EcSingles)                    -9.4377820791E-003  
 Direct RPA correlation (EcRPA)                    -7.4923779151E-001  
 HF contribution (EtotHF)                          -1.1625836890E+002  
 Singles correction (EcSingles)                    -9.4014951247E-003  
 HF contribution (EtotHF)                          -1.1625836890E+002  
 Singles correction (EcSingles)                    -9.4014951247E-003  
 Direct RPA correlation (EcRPA)                    -7.5000267108E-001  
 HF contribution (EtotHF)                          -2.2815574223E+002  
 Singles correction (EcSingles)                    -1.4559516787E-002  
 HF contribution (EtotHF)                          -2.2815574223E+002  
 Singles correction (EcSingles)                    -1.4559516787E-002  
 Direct RPA correlation (EcRPA)                    -1.2018936491E+000  
 HF contribution (EtotHF)                          -1.9231170355E+002  
 Singles correction (EcSingles)                    -1.4507659067E-002  
 HF contribution (EtotHF)                          -1.9231170355E+002  
 Singles correction (EcSingles)                    -1.4507659067E-002  
 Direct RPA correlation (EcRPA)                    -1.1508874400E+000  
 HF contribution (EtotHF)                          -1.9231014499E+002  
 Singles correction (EcSingles)                    -1.4452639982E-002  
 HF contribution (EtotHF)                          -1.9231014499E+002  
 Singles correction (EcSingles)                    -1.4452639982E-002  
 Direct RPA correlation (EcRPA)                    -1.1515146264E+000  
 HF contribution (EtotHF)                          -1.9231067449E+002  
 Singles correction (EcSingles)                    -1.4411783752E-002  
 HF contribution (EtotHF)                          -1.9231067449E+002  
 Singles correction (EcSingles)                    -1.4411783752E-002  
 Direct RPA correlation (EcRPA)                    -1.1510691164E+000  
