 Converged energy                           -269.801833121935
 Converged energy                            -76.431234474248
 Converged energy                            -76.431513023989
 Converged energy                            -76.431814810528
 Converged energy                           -152.863156537562
 Converged energy                           -152.863613919047
 Converged energy                           -152.863439652141
 Converged energy                            -40.505095292100
 Converged energy                           -116.936649346363
 Converged energy                           -116.937027021981
 Converged energy                           -116.937335926724
 Converged energy                           -229.295654683104
 Converged energy                           -193.368932693131
 Converged energy                           -193.369249086799
 Converged energy                           -193.369563438526
 HF contribution (EtotHF)                          -2.6836595796E+002  
 Singles correction (EcSingles)                    -1.9462894399E-002  
 HF contribution (EtotHF)                          -2.6836595796E+002  
 Singles correction (EcSingles)                    -1.9462894399E-002  
 Direct RPA correlation (EcRPA)                    -1.5514303298E+000  
 HF contribution (EtotHF)                          -7.6052287391E+001  
 Singles correction (EcSingles)                    -4.8425419488E-003  
 HF contribution (EtotHF)                          -7.6052287391E+001  
 Singles correction (EcSingles)                    -4.8425419488E-003  
 Direct RPA correlation (EcRPA)                    -4.0052874196E-001  
 HF contribution (EtotHF)                          -7.6053056846E+001  
 Singles correction (EcSingles)                    -4.7993705660E-003  
 HF contribution (EtotHF)                          -7.6053056846E+001  
 Singles correction (EcSingles)                    -4.7993705660E-003  
 Direct RPA correlation (EcRPA)                    -3.9985293758E-001  
 HF contribution (EtotHF)                          -7.6053398643E+001  
 Singles correction (EcSingles)                    -4.7992502278E-003  
 HF contribution (EtotHF)                          -7.6053398643E+001  
 Singles correction (EcSingles)                    -4.7992502278E-003  
 Direct RPA correlation (EcRPA)                    -4.0003166259E-001  
 HF contribution (EtotHF)                          -1.5210582794E+002  
 Singles correction (EcSingles)                    -9.6313097973E-003  
 HF contribution (EtotHF)                          -1.5210582794E+002  
 Singles correction (EcSingles)                    -9.6313097973E-003  
 Direct RPA correlation (EcRPA)                    -8.0029883792E-001  
 HF contribution (EtotHF)                          -1.5210678807E+002  
 Singles correction (EcSingles)                    -9.5923059145E-003  
 HF contribution (EtotHF)                          -1.5210678807E+002  
 Singles correction (EcSingles)                    -9.5923059145E-003  
 Direct RPA correlation (EcRPA)                    -7.9983651770E-001  
 HF contribution (EtotHF)                          -1.5210612586E+002  
 Singles correction (EcSingles)                    -9.6370008436E-003  
 HF contribution (EtotHF)                          -1.5210612586E+002  
 Singles correction (EcSingles)                    -9.6370008436E-003  
 Direct RPA correlation (EcRPA)                    -8.0050581114E-001  
 HF contribution (EtotHF)                          -4.0208268151E+001  
 Singles correction (EcSingles)                    -4.4322027789E-003  
 HF contribution (EtotHF)                          -4.0208268151E+001  
 Singles correction (EcSingles)                    -4.4322027789E-003  
 Direct RPA correlation (EcRPA)                    -3.4822886244E-001  
 HF contribution (EtotHF)                          -1.1625964931E+002  
 Singles correction (EcSingles)                    -9.4952271271E-003  
 HF contribution (EtotHF)                          -1.1625964931E+002  
 Singles correction (EcSingles)                    -9.4952271271E-003  
 Direct RPA correlation (EcRPA)                    -7.4981829728E-001  
 HF contribution (EtotHF)                          -1.1626122063E+002  
 Singles correction (EcSingles)                    -9.2894281585E-003  
 HF contribution (EtotHF)                          -1.1626122063E+002  
 Singles correction (EcSingles)                    -9.2894281585E-003  
 Direct RPA correlation (EcRPA)                    -7.4863408861E-001  
 HF contribution (EtotHF)                          -1.1626045437E+002  
 Singles correction (EcSingles)                    -9.5632418376E-003  
 HF contribution (EtotHF)                          -1.1626045437E+002  
 Singles correction (EcSingles)                    -9.5632418376E-003  
 Direct RPA correlation (EcRPA)                    -7.4960588277E-001  
 HF contribution (EtotHF)                          -2.2816000516E+002  
 Singles correction (EcSingles)                    -1.4419654902E-002  
 HF contribution (EtotHF)                          -2.2816000516E+002  
 Singles correction (EcSingles)                    -1.4419654902E-002  
 Direct RPA correlation (EcRPA)                    -1.2002278092E+000  
 HF contribution (EtotHF)                          -1.9231301296E+002  
 Singles correction (EcSingles)                    -1.4343704583E-002  
 HF contribution (EtotHF)                          -1.9231301296E+002  
 Singles correction (EcSingles)                    -1.4343704583E-002  
 Direct RPA correlation (EcRPA)                    -1.1501548070E+000  
 HF contribution (EtotHF)                          -1.9231224478E+002  
 Singles correction (EcSingles)                    -1.4622322478E-002  
 HF contribution (EtotHF)                          -1.9231224478E+002  
 Singles correction (EcSingles)                    -1.4622322478E-002  
 Direct RPA correlation (EcRPA)                    -1.1511472136E+000  
 HF contribution (EtotHF)                          -1.9231375115E+002  
 Singles correction (EcSingles)                    -1.4412681672E-002  
 HF contribution (EtotHF)                          -1.9231375115E+002  
 Singles correction (EcSingles)                    -1.4412681672E-002  
 Direct RPA correlation (EcRPA)                    -1.1499581997E+000  
