 Converged energy                           -269.808681931153
 Converged energy                            -76.431599355514
 Converged energy                            -76.431829598851
 Converged energy                            -76.431485661092
 Converged energy                           -152.870966770741
 Converged energy                           -152.863207314339
 Converged energy                           -152.862831009138
 Converged energy                            -40.505087601385
 Converged energy                           -116.936851729957
 Converged energy                           -116.937622211495
 Converged energy                           -116.937122159781
 Converged energy                           -229.302065714935
 Converged energy                           -193.376985264948
 Converged energy                           -193.368635711841
 Converged energy                           -193.369594878000
 HF contribution (EtotHF)                          -2.6836978107E+002  
 Singles correction (EcSingles)                    -2.0098182379E-002  
 HF contribution (EtotHF)                          -2.6836978107E+002  
 Singles correction (EcSingles)                    -2.0098182379E-002  
 Direct RPA correlation (EcRPA)                    -1.5534900550E+000  
 HF contribution (EtotHF)                          -7.6053183396E+001  
 Singles correction (EcSingles)                    -4.8029898400E-003  
 HF contribution (EtotHF)                          -7.6053183396E+001  
 Singles correction (EcSingles)                    -4.8029898400E-003  
 Direct RPA correlation (EcRPA)                    -4.0051615373E-001  
 HF contribution (EtotHF)                          -7.6053414662E+001  
 Singles correction (EcSingles)                    -4.8037825151E-003  
 HF contribution (EtotHF)                          -7.6053414662E+001  
 Singles correction (EcSingles)                    -4.8037825151E-003  
 Direct RPA correlation (EcRPA)                    -4.0037252202E-001  
 HF contribution (EtotHF)                          -7.6053008542E+001  
 Singles correction (EcSingles)                    -4.8006843842E-003  
 HF contribution (EtotHF)                          -7.6053008542E+001  
 Singles correction (EcSingles)                    -4.8006843842E-003  
 Direct RPA correlation (EcRPA)                    -3.9990233875E-001  
 HF contribution (EtotHF)                          -1.5210961066E+002  
 Singles correction (EcSingles)                    -1.0518945616E-002  
 HF contribution (EtotHF)                          -1.5210961066E+002  
 Singles correction (EcSingles)                    -1.0518945616E-002  
 Direct RPA correlation (EcRPA)                    -8.0325126853E-001  
 HF contribution (EtotHF)                          -1.5210630111E+002  
 Singles correction (EcSingles)                    -9.6066895745E-003  
 HF contribution (EtotHF)                          -1.5210630111E+002  
 Singles correction (EcSingles)                    -9.6066895745E-003  
 Direct RPA correlation (EcRPA)                    -8.0029736656E-001  
 HF contribution (EtotHF)                          -1.5210589032E+002  
 Singles correction (EcSingles)                    -9.6112669394E-003  
 HF contribution (EtotHF)                          -1.5210589032E+002  
 Singles correction (EcSingles)                    -9.6112669394E-003  
 Direct RPA correlation (EcRPA)                    -8.0048390769E-001  
 HF contribution (EtotHF)                          -4.0208264330E+001  
 Singles correction (EcSingles)                    -4.4297004352E-003  
 HF contribution (EtotHF)                          -4.0208264330E+001  
 Singles correction (EcSingles)                    -4.4297004352E-003  
 Direct RPA correlation (EcRPA)                    -3.4815081993E-001  
 HF contribution (EtotHF)                          -1.1626106552E+002  
 Singles correction (EcSingles)                    -9.3035587092E-003  
 HF contribution (EtotHF)                          -1.1626106552E+002  
 Singles correction (EcSingles)                    -9.3035587092E-003  
 Direct RPA correlation (EcRPA)                    -7.4928579198E-001  
 HF contribution (EtotHF)                          -1.1626130563E+002  
 Singles correction (EcSingles)                    -9.4253770606E-003  
 HF contribution (EtotHF)                          -1.1626130563E+002  
 Singles correction (EcSingles)                    -9.4253770606E-003  
 Direct RPA correlation (EcRPA)                    -7.4943297796E-001  
 HF contribution (EtotHF)                          -1.1626126092E+002  
 Singles correction (EcSingles)                    -9.2983803147E-003  
 HF contribution (EtotHF)                          -1.1626126092E+002  
 Singles correction (EcSingles)                    -9.2983803147E-003  
 Direct RPA correlation (EcRPA)                    -7.4864836944E-001  
 HF contribution (EtotHF)                          -2.2816217611E+002  
 Singles correction (EcSingles)                    -1.5328176677E-002  
 HF contribution (EtotHF)                          -2.2816217611E+002  
 Singles correction (EcSingles)                    -1.5328176677E-002  
 Direct RPA correlation (EcRPA)                    -1.2032391877E+000  
 HF contribution (EtotHF)                          -1.9231719898E+002  
 Singles correction (EcSingles)                    -1.5218151990E-002  
 HF contribution (EtotHF)                          -1.9231719898E+002  
 Singles correction (EcSingles)                    -1.5218151990E-002  
 Direct RPA correlation (EcRPA)                    -1.1528955373E+000  
 HF contribution (EtotHF)                          -1.9231374434E+002  
 Singles correction (EcSingles)                    -1.4183205607E-002  
 HF contribution (EtotHF)                          -1.9231374434E+002  
 Singles correction (EcSingles)                    -1.4183205607E-002  
 Direct RPA correlation (EcRPA)                    -1.1498640845E+000  
 HF contribution (EtotHF)                          -1.9231422358E+002  
 Singles correction (EcSingles)                    -1.4296313221E-002  
 HF contribution (EtotHF)                          -1.9231422358E+002  
 Singles correction (EcSingles)                    -1.4296313221E-002  
 Direct RPA correlation (EcRPA)                    -1.1499495574E+000  
