 Converged energy                           -269.800644508866
 Converged energy                            -76.431538395293
 Converged energy                            -76.431711839379
 Converged energy                            -76.429955670664
 Converged energy                           -152.863219025920
 Converged energy                           -152.863340844108
 Converged energy                           -152.861514148802
 Converged energy                            -40.505091930781
 Converged energy                           -116.936796679124
 Converged energy                           -116.937059554036
 Converged energy                           -116.935355179170
 Converged energy                           -229.294870541099
 Converged energy                           -193.368748098353
 Converged energy                           -193.367058083219
 Converged energy                           -193.368956677863
 HF contribution (EtotHF)                          -2.6836486477E+002  
 Singles correction (EcSingles)                    -1.9349531488E-002  
 HF contribution (EtotHF)                          -2.6836486477E+002  
 Singles correction (EcSingles)                    -1.9349531488E-002  
 Direct RPA correlation (EcRPA)                    -1.5516053501E+000  
 HF contribution (EtotHF)                          -7.6053115824E+001  
 Singles correction (EcSingles)                    -4.7961005188E-003  
 HF contribution (EtotHF)                          -7.6053115824E+001  
 Singles correction (EcSingles)                    -4.7961005188E-003  
 Direct RPA correlation (EcRPA)                    -3.9980431978E-001  
 HF contribution (EtotHF)                          -7.6053147097E+001  
 Singles correction (EcSingles)                    -4.8116783051E-003  
 HF contribution (EtotHF)                          -7.6053147097E+001  
 Singles correction (EcSingles)                    -4.8116783051E-003  
 Direct RPA correlation (EcRPA)                    -4.0015524664E-001  
 HF contribution (EtotHF)                          -7.6050310787E+001  
 Singles correction (EcSingles)                    -4.9079198890E-003  
 HF contribution (EtotHF)                          -7.6050310787E+001  
 Singles correction (EcSingles)                    -4.9079198890E-003  
 Direct RPA correlation (EcRPA)                    -4.0129486937E-001  
 HF contribution (EtotHF)                          -1.5210623122E+002  
 Singles correction (EcSingles)                    -9.6084809953E-003  
 HF contribution (EtotHF)                          -1.5210623122E+002  
 Singles correction (EcSingles)                    -9.6084809953E-003  
 Direct RPA correlation (EcRPA)                    -7.9996900557E-001  
 HF contribution (EtotHF)                          -1.5210527962E+002  
 Singles correction (EcSingles)                    -9.7116032337E-003  
 HF contribution (EtotHF)                          -1.5210527962E+002  
 Singles correction (EcSingles)                    -9.7116032337E-003  
 Direct RPA correlation (EcRPA)                    -8.0123964042E-001  
 HF contribution (EtotHF)                          -1.5210344253E+002  
 Singles correction (EcSingles)                    -9.7046415367E-003  
 HF contribution (EtotHF)                          -1.5210344253E+002  
 Singles correction (EcSingles)                    -9.7046415367E-003  
 Direct RPA correlation (EcRPA)                    -8.0110748751E-001  
 HF contribution (EtotHF)                          -4.0208266638E+001  
 Singles correction (EcSingles)                    -4.4309414121E-003  
 HF contribution (EtotHF)                          -4.0208266638E+001  
 Singles correction (EcSingles)                    -4.4309414121E-003  
 Direct RPA correlation (EcRPA)                    -3.4818980781E-001  
 HF contribution (EtotHF)                          -1.1626100065E+002  
 Singles correction (EcSingles)                    -9.2978638260E-003  
 HF contribution (EtotHF)                          -1.1626100065E+002  
 Singles correction (EcSingles)                    -9.2978638260E-003  
 Direct RPA correlation (EcRPA)                    -7.4860409084E-001  
 HF contribution (EtotHF)                          -1.1626025864E+002  
 Singles correction (EcSingles)                    -9.5187615541E-003  
 HF contribution (EtotHF)                          -1.1626025864E+002  
 Singles correction (EcSingles)                    -9.5187615541E-003  
 Direct RPA correlation (EcRPA)                    -7.4954457654E-001  
 HF contribution (EtotHF)                          -1.1625837225E+002  
 Singles correction (EcSingles)                    -9.4022275939E-003  
 HF contribution (EtotHF)                          -1.1625837225E+002  
 Singles correction (EcSingles)                    -9.4022275939E-003  
 Direct RPA correlation (EcRPA)                    -7.5002976939E-001  
 HF contribution (EtotHF)                          -2.2815838319E+002  
 Singles correction (EcSingles)                    -1.4508746276E-002  
 HF contribution (EtotHF)                          -2.2815838319E+002  
 Singles correction (EcSingles)                    -1.4508746276E-002  
 Direct RPA correlation (EcRPA)                    -1.2010607544E+000  
 HF contribution (EtotHF)                          -1.9231299101E+002  
 Singles correction (EcSingles)                    -1.4382649707E-002  
 HF contribution (EtotHF)                          -1.9231299101E+002  
 Singles correction (EcSingles)                    -1.4382649707E-002  
 Direct RPA correlation (EcRPA)                    -1.1499585086E+000  
 HF contribution (EtotHF)                          -1.9231109227E+002  
 Singles correction (EcSingles)                    -1.4271155852E-002  
 HF contribution (EtotHF)                          -1.9231109227E+002  
 Singles correction (EcSingles)                    -1.4271155852E-002  
 Direct RPA correlation (EcRPA)                    -1.1504609814E+000  
 HF contribution (EtotHF)                          -1.9231214393E+002  
 Singles correction (EcSingles)                    -1.4483949725E-002  
 HF contribution (EtotHF)                          -1.9231214393E+002  
 Singles correction (EcSingles)                    -1.4483949725E-002  
 Direct RPA correlation (EcRPA)                    -1.1511754965E+000  
