 Converged energy                           -269.801004150080
 Converged energy                            -76.431538711933
 Converged energy                            -76.429963128672
 Converged energy                            -76.431633350035
 Converged energy                           -152.861470115814
 Converged energy                           -152.863242734664
 Converged energy                           -152.863285004754
 Converged energy                            -40.505089109274
 Converged energy                           -116.936794506515
 Converged energy                           -116.935454356927
 Converged energy                           -116.937313089670
 Converged energy                           -229.294854378227
 Converged energy                           -193.367123911684
 Converged energy                           -193.369118898533
 Converged energy                           -193.369242722838
 HF contribution (EtotHF)                          -2.6836525231E+002  
 Singles correction (EcSingles)                    -1.9310488287E-002  
 HF contribution (EtotHF)                          -2.6836525231E+002  
 Singles correction (EcSingles)                    -1.9310488287E-002  
 Direct RPA correlation (EcRPA)                    -1.5515021313E+000  
 HF contribution (EtotHF)                          -7.6053116317E+001  
 Singles correction (EcSingles)                    -4.7960975863E-003  
 HF contribution (EtotHF)                          -7.6053116317E+001  
 Singles correction (EcSingles)                    -4.7960975863E-003  
 Direct RPA correlation (EcRPA)                    -3.9980593491E-001  
 HF contribution (EtotHF)                          -7.6050324053E+001  
 Singles correction (EcSingles)                    -4.9068438255E-003  
 HF contribution (EtotHF)                          -7.6050324053E+001  
 Singles correction (EcSingles)                    -4.9068438255E-003  
 Direct RPA correlation (EcRPA)                    -4.0131014487E-001  
 HF contribution (EtotHF)                          -7.6053103284E+001  
 Singles correction (EcSingles)                    -4.8062021070E-003  
 HF contribution (EtotHF)                          -7.6053103284E+001  
 Singles correction (EcSingles)                    -4.8062021070E-003  
 Direct RPA correlation (EcRPA)                    -4.0005718027E-001  
 HF contribution (EtotHF)                          -1.5210338057E+002  
 Singles correction (EcSingles)                    -9.7080796695E-003  
 HF contribution (EtotHF)                          -1.5210338057E+002  
 Singles correction (EcSingles)                    -9.7080796695E-003  
 Direct RPA correlation (EcRPA)                    -8.0116038473E-001  
 HF contribution (EtotHF)                          -1.5210507966E+002  
 Singles correction (EcSingles)                    -9.7344805505E-003  
 HF contribution (EtotHF)                          -1.5210507966E+002  
 Singles correction (EcSingles)                    -9.7344805505E-003  
 Direct RPA correlation (EcRPA)                    -8.0130035888E-001  
 HF contribution (EtotHF)                          -1.5210635854E+002  
 Singles correction (EcSingles)                    -9.5982053773E-003  
 HF contribution (EtotHF)                          -1.5210635854E+002  
 Singles correction (EcSingles)                    -9.5982053773E-003  
 Direct RPA correlation (EcRPA)                    -7.9983473784E-001  
 HF contribution (EtotHF)                          -4.0208265788E+001  
 Singles correction (EcSingles)                    -4.4299233337E-003  
 HF contribution (EtotHF)                          -4.0208265788E+001  
 Singles correction (EcSingles)                    -4.4299233337E-003  
 Direct RPA correlation (EcRPA)                    -3.4816374993E-001  
 HF contribution (EtotHF)                          -1.1626100034E+002  
 Singles correction (EcSingles)                    -9.2968108140E-003  
 HF contribution (EtotHF)                          -1.1626100034E+002  
 Singles correction (EcSingles)                    -9.2968108140E-003  
 Direct RPA correlation (EcRPA)                    -7.4857981577E-001  
 HF contribution (EtotHF)                          -1.1625843639E+002  
 Singles correction (EcSingles)                    -9.4015544371E-003  
 HF contribution (EtotHF)                          -1.1625843639E+002  
 Singles correction (EcSingles)                    -9.4015544371E-003  
 Direct RPA correlation (EcRPA)                    -7.5004867206E-001  
 HF contribution (EtotHF)                          -1.1626076182E+002  
 Singles correction (EcSingles)                    -9.4396831137E-003  
 HF contribution (EtotHF)                          -1.1626076182E+002  
 Singles correction (EcSingles)                    -9.4396831137E-003  
 Direct RPA correlation (EcRPA)                    -7.4923069913E-001  
 HF contribution (EtotHF)                          -2.2815826906E+002  
 Singles correction (EcSingles)                    -1.4530914942E-002  
 HF contribution (EtotHF)                          -2.2815826906E+002  
 Singles correction (EcSingles)                    -1.4530914942E-002  
 Direct RPA correlation (EcRPA)                    -1.2011212368E+000  
 HF contribution (EtotHF)                          -1.9231108876E+002  
 Singles correction (EcSingles)                    -1.4276913298E-002  
 HF contribution (EtotHF)                          -1.9231108876E+002  
 Singles correction (EcSingles)                    -1.4276913298E-002  
 Direct RPA correlation (EcRPA)                    -1.1505192336E+000  
 HF contribution (EtotHF)                          -1.9231361630E+002  
 Singles correction (EcSingles)                    -1.4303391466E-002  
 HF contribution (EtotHF)                          -1.9231361630E+002  
 Singles correction (EcSingles)                    -1.4303391466E-002  
 Direct RPA correlation (EcRPA)                    -1.1496240964E+000  
 HF contribution (EtotHF)                          -1.9231248595E+002  
 Singles correction (EcSingles)                    -1.4439155343E-002  
 HF contribution (EtotHF)                          -1.9231248595E+002  
 Singles correction (EcSingles)                    -1.4439155343E-002  
 Direct RPA correlation (EcRPA)                    -1.1510552955E+000  
