 Converged energy                           -269.802625624920
 Converged energy                            -76.431805591666
 Converged energy                            -76.431715470906
 Converged energy                            -76.431598153278
 Converged energy                           -152.865050979751
 Converged energy                           -152.863373210218
 Converged energy                           -152.862891947459
 Converged energy                            -40.505094924925
 Converged energy                           -116.937605599865
 Converged energy                           -116.937065559834
 Converged energy                           -116.937122005521
 Converged energy                           -229.296228492658
 Converged energy                           -193.371055638645
 Converged energy                           -193.369108645727
 Converged energy                           -193.369126754622
 HF contribution (EtotHF)                          -2.6836599640E+002  
 Singles correction (EcSingles)                    -1.9708735700E-002  
 HF contribution (EtotHF)                          -2.6836599640E+002  
 Singles correction (EcSingles)                    -1.9708735700E-002  
 Direct RPA correlation (EcRPA)                    -1.5521502311E+000  
 HF contribution (EtotHF)                          -7.6053394126E+001  
 Singles correction (EcSingles)                    -4.7986418454E-003  
 HF contribution (EtotHF)                          -7.6053394126E+001  
 Singles correction (EcSingles)                    -4.7986418454E-003  
 Direct RPA correlation (EcRPA)                    -4.0001688818E-001  
 HF contribution (EtotHF)                          -7.6053151364E+001  
 Singles correction (EcSingles)                    -4.8117725144E-003  
 HF contribution (EtotHF)                          -7.6053151364E+001  
 Singles correction (EcSingles)                    -4.8117725144E-003  
 Direct RPA correlation (EcRPA)                    -4.0016350677E-001  
 HF contribution (EtotHF)                          -7.6053014013E+001  
 Singles correction (EcSingles)                    -4.8115947515E-003  
 HF contribution (EtotHF)                          -7.6053014013E+001  
 Singles correction (EcSingles)                    -4.8115947515E-003  
 Direct RPA correlation (EcRPA)                    -4.0015213082E-001  
 HF contribution (EtotHF)                          -1.5210797066E+002  
 Singles correction (EcSingles)                    -9.6577880922E-003  
 HF contribution (EtotHF)                          -1.5210797066E+002  
 Singles correction (EcSingles)                    -9.6577880922E-003  
 Direct RPA correlation (EcRPA)                    -8.0021743874E-001  
 HF contribution (EtotHF)                          -1.5210623105E+002  
 Singles correction (EcSingles)                    -9.6231110422E-003  
 HF contribution (EtotHF)                          -1.5210623105E+002  
 Singles correction (EcSingles)                    -9.6231110422E-003  
 Direct RPA correlation (EcRPA)                    -8.0031435784E-001  
 HF contribution (EtotHF)                          -1.5210542672E+002  
 Singles correction (EcSingles)                    -9.7324148420E-003  
 HF contribution (EtotHF)                          -1.5210542672E+002  
 Singles correction (EcSingles)                    -9.7324148420E-003  
 Direct RPA correlation (EcRPA)                    -8.0062284230E-001  
 HF contribution (EtotHF)                          -4.0208269693E+001  
 Singles correction (EcSingles)                    -4.4314400600E-003  
 HF contribution (EtotHF)                          -4.0208269693E+001  
 Singles correction (EcSingles)                    -4.4314400600E-003  
 Direct RPA correlation (EcRPA)                    -3.4824811052E-001  
 HF contribution (EtotHF)                          -1.1626129036E+002  
 Singles correction (EcSingles)                    -9.4218717478E-003  
 HF contribution (EtotHF)                          -1.1626129036E+002  
 Singles correction (EcSingles)                    -9.4218717478E-003  
 Direct RPA correlation (EcRPA)                    -7.4917395855E-001  
 HF contribution (EtotHF)                          -1.1626026610E+002  
 Singles correction (EcSingles)                    -9.5192756607E-003  
 HF contribution (EtotHF)                          -1.1626026610E+002  
 Singles correction (EcSingles)                    -9.5192756607E-003  
 Direct RPA correlation (EcRPA)                    -7.4961187804E-001  
 HF contribution (EtotHF)                          -1.1626059094E+002  
 Singles correction (EcSingles)                    -9.4394316910E-003  
 HF contribution (EtotHF)                          -1.1626059094E+002  
 Singles correction (EcSingles)                    -9.4394316910E-003  
 Direct RPA correlation (EcRPA)                    -7.4936222815E-001  
 HF contribution (EtotHF)                          -2.2816009896E+002  
 Singles correction (EcSingles)                    -1.4592672552E-002  
 HF contribution (EtotHF)                          -2.2816009896E+002  
 Singles correction (EcSingles)                    -1.4592672552E-002  
 Direct RPA correlation (EcRPA)                    -1.2008201626E+000  
 HF contribution (EtotHF)                          -1.9231466356E+002  
 Singles correction (EcSingles)                    -1.4562140206E-002  
 HF contribution (EtotHF)                          -1.9231466356E+002  
 Singles correction (EcSingles)                    -1.4562140206E-002  
 Direct RPA correlation (EcRPA)                    -1.1505730324E+000  
 HF contribution (EtotHF)                          -1.9231255403E+002  
 Singles correction (EcSingles)                    -1.4566836400E-002  
 HF contribution (EtotHF)                          -1.9231255403E+002  
 Singles correction (EcSingles)                    -1.4566836400E-002  
 Direct RPA correlation (EcRPA)                    -1.1507460306E+000  
 HF contribution (EtotHF)                          -1.9231262378E+002  
 Singles correction (EcSingles)                    -1.4528195220E-002  
 HF contribution (EtotHF)                          -1.9231262378E+002  
 Singles correction (EcSingles)                    -1.4528195220E-002  
 Direct RPA correlation (EcRPA)                    -1.1507339082E+000  
