 Converged energy                           -269.804599849622
 Converged energy                            -76.431796609607
 Converged energy                            -76.431718743687
 Converged energy                            -76.431637358294
 Converged energy                           -152.865045208549
 Converged energy                           -152.864513158274
 Converged energy                           -152.863582980547
 Converged energy                            -40.505093063457
 Converged energy                           -116.937595015989
 Converged energy                           -116.937067551822
 Converged energy                           -116.937320930357
 Converged energy                           -229.298001803981
 Converged energy                           -193.371048770413
 Converged energy                           -193.369936554689
 Converged energy                           -193.370489472568
 HF contribution (EtotHF)                          -2.6836822346E+002  
 Singles correction (EcSingles)                    -1.9657681996E-002  
 HF contribution (EtotHF)                          -2.6836822346E+002  
 Singles correction (EcSingles)                    -1.9657681996E-002  
 Direct RPA correlation (EcRPA)                    -1.5517012725E+000  
 HF contribution (EtotHF)                          -7.6053381435E+001  
 Singles correction (EcSingles)                    -4.7982028822E-003  
 HF contribution (EtotHF)                          -7.6053381435E+001  
 Singles correction (EcSingles)                    -4.7982028822E-003  
 Direct RPA correlation (EcRPA)                    -3.9994013974E-001  
 HF contribution (EtotHF)                          -7.6053155367E+001  
 Singles correction (EcSingles)                    -4.8119138722E-003  
 HF contribution (EtotHF)                          -7.6053155367E+001  
 Singles correction (EcSingles)                    -4.8119138722E-003  
 Direct RPA correlation (EcRPA)                    -4.0019302318E-001  
 HF contribution (EtotHF)                          -7.6053107302E+001  
 Singles correction (EcSingles)                    -4.8063186997E-003  
 HF contribution (EtotHF)                          -7.6053107302E+001  
 Singles correction (EcSingles)                    -4.8063186997E-003  
 Direct RPA correlation (EcRPA)                    -4.0007373900E-001  
 HF contribution (EtotHF)                          -1.5210796216E+002  
 Singles correction (EcSingles)                    -9.6574359319E-003  
 HF contribution (EtotHF)                          -1.5210796216E+002  
 Singles correction (EcSingles)                    -9.6574359319E-003  
 Direct RPA correlation (EcRPA)                    -8.0017014686E-001  
 HF contribution (EtotHF)                          -1.5210720898E+002  
 Singles correction (EcSingles)                    -9.6958778353E-003  
 HF contribution (EtotHF)                          -1.5210720898E+002  
 Singles correction (EcSingles)                    -9.6958778353E-003  
 Direct RPA correlation (EcRPA)                    -8.0039000986E-001  
 HF contribution (EtotHF)                          -1.5210665461E+002  
 Singles correction (EcSingles)                    -9.6025518910E-003  
 HF contribution (EtotHF)                          -1.5210665461E+002  
 Singles correction (EcSingles)                    -9.6025518910E-003  
 Direct RPA correlation (EcRPA)                    -7.9999772425E-001  
 HF contribution (EtotHF)                          -4.0208267656E+001  
 Singles correction (EcSingles)                    -4.4308385287E-003  
 HF contribution (EtotHF)                          -4.0208267656E+001  
 Singles correction (EcSingles)                    -4.4308385287E-003  
 Direct RPA correlation (EcRPA)                    -3.4823176341E-001  
 HF contribution (EtotHF)                          -1.1626127562E+002  
 Singles correction (EcSingles)                    -9.4208727383E-003  
 HF contribution (EtotHF)                          -1.1626127562E+002  
 Singles correction (EcSingles)                    -9.4208727383E-003  
 Direct RPA correlation (EcRPA)                    -7.4907856087E-001  
 HF contribution (EtotHF)                          -1.1626026823E+002  
 Singles correction (EcSingles)                    -9.5189349419E-003  
 HF contribution (EtotHF)                          -1.1626026823E+002  
 Singles correction (EcSingles)                    -9.5189349419E-003  
 Direct RPA correlation (EcRPA)                    -7.4962640602E-001  
 HF contribution (EtotHF)                          -1.1626076733E+002  
 Singles correction (EcSingles)                    -9.4408331592E-003  
 HF contribution (EtotHF)                          -1.1626076733E+002  
 Singles correction (EcSingles)                    -9.4408331592E-003  
 Direct RPA correlation (EcRPA)                    -7.4931672810E-001  
 HF contribution (EtotHF)                          -2.2816218999E+002  
 Singles correction (EcSingles)                    -1.4541157543E-002  
 HF contribution (EtotHF)                          -2.2816218999E+002  
 Singles correction (EcSingles)                    -1.4541157543E-002  
 Direct RPA correlation (EcRPA)                    -1.2003536638E+000  
 HF contribution (EtotHF)                          -1.9231465325E+002  
 Singles correction (EcSingles)                    -1.4561265979E-002  
 HF contribution (EtotHF)                          -1.9231465325E+002  
 Singles correction (EcSingles)                    -1.4561265979E-002  
 Direct RPA correlation (EcRPA)                    -1.1505084883E+000  
 HF contribution (EtotHF)                          -1.9231390694E+002  
 Singles correction (EcSingles)                    -1.4428887391E-002  
 HF contribution (EtotHF)                          -1.9231390694E+002  
 Singles correction (EcSingles)                    -1.4428887391E-002  
 Direct RPA correlation (EcRPA)                    -1.1501565538E+000  
 HF contribution (EtotHF)                          -1.9231369745E+002  
 Singles correction (EcSingles)                    -1.4615293408E-002  
 HF contribution (EtotHF)                          -1.9231369745E+002  
 Singles correction (EcSingles)                    -1.4615293408E-002  
 Direct RPA correlation (EcRPA)                    -1.1508236472E+000  
