 Converged energy                           -269.802388718869
 Converged energy                            -76.431800104319
 Converged energy                            -76.430849023302
 Converged energy                            -76.430603518262
 Converged energy                           -152.862673787656
 Converged energy                           -152.862329397121
 Converged energy                           -152.864197699559
 Converged energy                            -40.505094344387
 Converged energy                           -116.937599740322
 Converged energy                           -116.936437940029
 Converged energy                           -116.935788828581
 Converged energy                           -229.295973743162
 Converged energy                           -193.368951095593
 Converged energy                           -193.370104396630
 Converged energy                           -193.368041864186
 HF contribution (EtotHF)                          -2.6836645822E+002  
 Singles correction (EcSingles)                    -1.9374354921E-002  
 HF contribution (EtotHF)                          -2.6836645822E+002  
 Singles correction (EcSingles)                    -1.9374354921E-002  
 Direct RPA correlation (EcRPA)                    -1.5517637034E+000  
 HF contribution (EtotHF)                          -7.6053384658E+001  
 Singles correction (EcSingles)                    -4.7982537003E-003  
 HF contribution (EtotHF)                          -7.6053384658E+001  
 Singles correction (EcSingles)                    -4.7982537003E-003  
 Direct RPA correlation (EcRPA)                    -3.9995162622E-001  
 HF contribution (EtotHF)                          -7.6051838484E+001  
 Singles correction (EcSingles)                    -4.8492974119E-003  
 HF contribution (EtotHF)                          -7.6051838484E+001  
 Singles correction (EcSingles)                    -4.8492974119E-003  
 Direct RPA correlation (EcRPA)                    -4.0055690005E-001  
 HF contribution (EtotHF)                          -7.6051417467E+001  
 Singles correction (EcSingles)                    -4.8657862017E-003  
 HF contribution (EtotHF)                          -7.6051417467E+001  
 Singles correction (EcSingles)                    -4.8657862017E-003  
 Direct RPA correlation (EcRPA)                    -4.0082811581E-001  
 HF contribution (EtotHF)                          -1.5210525954E+002  
 Singles correction (EcSingles)                    -9.6467695522E-003  
 HF contribution (EtotHF)                          -1.5210525954E+002  
 Singles correction (EcSingles)                    -9.6467695522E-003  
 Direct RPA correlation (EcRPA)                    -8.0050889056E-001  
 HF contribution (EtotHF)                          -1.5210409489E+002  
 Singles correction (EcSingles)                    -9.7347923038E-003  
 HF contribution (EtotHF)                          -1.5210409489E+002  
 Singles correction (EcSingles)                    -9.7347923038E-003  
 Direct RPA correlation (EcRPA)                    -8.0141548561E-001  
 HF contribution (EtotHF)                          -1.5210656496E+002  
 Singles correction (EcSingles)                    -9.6989815939E-003  
 HF contribution (EtotHF)                          -1.5210656496E+002  
 Singles correction (EcSingles)                    -9.6989815939E-003  
 Direct RPA correlation (EcRPA)                    -8.0073578195E-001  
 HF contribution (EtotHF)                          -4.0208267016E+001  
 Singles correction (EcSingles)                    -4.4316656059E-003  
 HF contribution (EtotHF)                          -4.0208267016E+001  
 Singles correction (EcSingles)                    -4.4316656059E-003  
 Direct RPA correlation (EcRPA)                    -3.4818843094E-001  
 HF contribution (EtotHF)                          -1.1626127808E+002  
 Singles correction (EcSingles)                    -9.4220290148E-003  
 HF contribution (EtotHF)                          -1.1626127808E+002  
 Singles correction (EcSingles)                    -9.4220290148E-003  
 Direct RPA correlation (EcRPA)                    -7.4904787960E-001  
 HF contribution (EtotHF)                          -1.1626004425E+002  
 Singles correction (EcSingles)                    -9.3419106591E-003  
 HF contribution (EtotHF)                          -1.1626004425E+002  
 Singles correction (EcSingles)                    -9.3419106591E-003  
 Direct RPA correlation (EcRPA)                    -7.4931403179E-001  
 HF contribution (EtotHF)                          -1.1625905660E+002  
 Singles correction (EcSingles)                    -9.4023267737E-003  
 HF contribution (EtotHF)                          -1.1625905660E+002  
 Singles correction (EcSingles)                    -9.4023267737E-003  
 Direct RPA correlation (EcRPA)                    -7.4980526464E-001  
 HF contribution (EtotHF)                          -2.2815929556E+002  
 Singles correction (EcSingles)                    -1.4570234455E-002  
 HF contribution (EtotHF)                          -2.2815929556E+002  
 Singles correction (EcSingles)                    -1.4570234455E-002  
 Direct RPA correlation (EcRPA)                    -1.2013263724E+000  
 HF contribution (EtotHF)                          -1.9231305759E+002  
 Singles correction (EcSingles)                    -1.4334280277E-002  
 HF contribution (EtotHF)                          -1.9231305759E+002  
 Singles correction (EcSingles)                    -1.4334280277E-002  
 Direct RPA correlation (EcRPA)                    -1.1501827867E+000  
 HF contribution (EtotHF)                          -1.9231379345E+002  
 Singles correction (EcSingles)                    -1.4436105663E-002  
 HF contribution (EtotHF)                          -1.9231379345E+002  
 Singles correction (EcSingles)                    -1.4436105663E-002  
 Direct RPA correlation (EcRPA)                    -1.1506054998E+000  
 HF contribution (EtotHF)                          -1.9231170243E+002  
 Singles correction (EcSingles)                    -1.4335924980E-002  
 HF contribution (EtotHF)                          -1.9231170243E+002  
 Singles correction (EcSingles)                    -1.4335924980E-002  
 Direct RPA correlation (EcRPA)                    -1.1509525518E+000  
