 Converged energy                           -269.808310804590
 Converged energy                            -76.431751320416
 Converged energy                            -76.431067911023
 Converged energy                            -76.431591681491
 Converged energy                           -152.870063957001
 Converged energy                           -152.862777643718
 Converged energy                           -152.863402528781
 Converged energy                            -40.505095257249
 Converged energy                           -116.937101880449
 Converged energy                           -116.936729687367
 Converged energy                           -116.937115683855
 Converged energy                           -229.301923723424
 Converged energy                           -193.376079614146
 Converged energy                           -193.369156515623
 Converged energy                           -193.368854883037
 HF contribution (EtotHF)                          -2.6836697778E+002  
 Singles correction (EcSingles)                    -2.0493399040E-002  
 HF contribution (EtotHF)                          -2.6836697778E+002  
 Singles correction (EcSingles)                    -2.0493399040E-002  
 Direct RPA correlation (EcRPA)                    -1.5556225559E+000  
 HF contribution (EtotHF)                          -7.6053188451E+001  
 Singles correction (EcSingles)                    -4.8172274987E-003  
 HF contribution (EtotHF)                          -7.6053188451E+001  
 Singles correction (EcSingles)                    -4.8172274987E-003  
 Direct RPA correlation (EcRPA)                    -4.0062771696E-001  
 HF contribution (EtotHF)                          -7.6052188485E+001  
 Singles correction (EcSingles)                    -4.8464814072E-003  
 HF contribution (EtotHF)                          -7.6052188485E+001  
 Singles correction (EcSingles)                    -4.8464814072E-003  
 Direct RPA correlation (EcRPA)                    -4.0120595805E-001  
 HF contribution (EtotHF)                          -7.6053006413E+001  
 Singles correction (EcSingles)                    -4.8107798419E-003  
 HF contribution (EtotHF)                          -7.6053006413E+001  
 Singles correction (EcSingles)                    -4.8107798419E-003  
 Direct RPA correlation (EcRPA)                    -4.0008455279E-001  
 HF contribution (EtotHF)                          -1.5210737192E+002  
 Singles correction (EcSingles)                    -1.0686371958E-002  
 HF contribution (EtotHF)                          -1.5210737192E+002  
 Singles correction (EcSingles)                    -1.0686371958E-002  
 Direct RPA correlation (EcRPA)                    -8.0451289472E-001  
 HF contribution (EtotHF)                          -1.5210533872E+002  
 Singles correction (EcSingles)                    -9.6531959240E-003  
 HF contribution (EtotHF)                          -1.5210533872E+002  
 Singles correction (EcSingles)                    -9.6531959240E-003  
 Direct RPA correlation (EcRPA)                    -8.0126294083E-001  
 HF contribution (EtotHF)                          -1.5210626045E+002  
 Singles correction (EcSingles)                    -9.6277593759E-003  
 HF contribution (EtotHF)                          -1.5210626045E+002  
 Singles correction (EcSingles)                    -9.6277593759E-003  
 Direct RPA correlation (EcRPA)                    -8.0071095122E-001  
 HF contribution (EtotHF)                          -4.0208267970E+001  
 Singles correction (EcSingles)                    -4.4318714486E-003  
 HF contribution (EtotHF)                          -4.0208267970E+001  
 Singles correction (EcSingles)                    -4.4318714486E-003  
 Direct RPA correlation (EcRPA)                    -3.4822105299E-001  
 HF contribution (EtotHF)                          -1.1626030155E+002  
 Singles correction (EcSingles)                    -9.5254196934E-003  
 HF contribution (EtotHF)                          -1.1626030155E+002  
 Singles correction (EcSingles)                    -9.5254196934E-003  
 Direct RPA correlation (EcRPA)                    -7.5005132564E-001  
 HF contribution (EtotHF)                          -1.1626035618E+002  
 Singles correction (EcSingles)                    -9.3699348071E-003  
 HF contribution (EtotHF)                          -1.1626035618E+002  
 Singles correction (EcSingles)                    -9.3699348071E-003  
 Direct RPA correlation (EcRPA)                    -7.5014105121E-001  
 HF contribution (EtotHF)                          -1.1626058150E+002  
 Singles correction (EcSingles)                    -9.4390732053E-003  
 HF contribution (EtotHF)                          -1.1626058150E+002  
 Singles correction (EcSingles)                    -9.4390732053E-003  
 Direct RPA correlation (EcRPA)                    -7.4926497937E-001  
 HF contribution (EtotHF)                          -2.2816067122E+002  
 Singles correction (EcSingles)                    -1.5495304691E-002  
 HF contribution (EtotHF)                          -2.2816067122E+002  
 Singles correction (EcSingles)                    -1.5495304691E-002  
 Direct RPA correlation (EcRPA)                    -1.2045671777E+000  
 HF contribution (EtotHF)                          -1.9231443231E+002  
 Singles correction (EcSingles)                    -1.5487296963E-002  
 HF contribution (EtotHF)                          -1.9231443231E+002  
 Singles correction (EcSingles)                    -1.5487296963E-002  
 Direct RPA correlation (EcRPA)                    -1.1545971985E+000  
 HF contribution (EtotHF)                          -1.9231265135E+002  
 Singles correction (EcSingles)                    -1.4533604044E-002  
 HF contribution (EtotHF)                          -1.9231265135E+002  
 Singles correction (EcSingles)                    -1.4533604044E-002  
 Direct RPA correlation (EcRPA)                    -1.1511030641E+000  
 HF contribution (EtotHF)                          -1.9231279671E+002  
 Singles correction (EcSingles)                    -1.4373590729E-002  
 HF contribution (EtotHF)                          -1.9231279671E+002  
 Singles correction (EcSingles)                    -1.4373590729E-002  
 Direct RPA correlation (EcRPA)                    -1.1511616004E+000  
