 Converged energy                           -269.800569468455
 Converged energy                            -76.431719109243
 Converged energy                            -76.431384291162
 Converged energy                            -76.431814372491
 Converged energy                           -152.862564558860
 Converged energy                           -152.862975140672
 Converged energy                           -152.863588794001
 Converged energy                            -40.505100813900
 Converged energy                           -116.937076261547
 Converged energy                           -116.937108539648
 Converged energy                           -116.937341464239
 Converged energy                           -229.294197447280
 Converged energy                           -193.368507237868
 Converged energy                           -193.369353949766
 Converged energy                           -193.369143657651
 HF contribution (EtotHF)                          -2.6836275507E+002  
 Singles correction (EcSingles)                    -1.9950898932E-002  
 HF contribution (EtotHF)                          -2.6836275507E+002  
 Singles correction (EcSingles)                    -1.9950898932E-002  
 Direct RPA correlation (EcRPA)                    -1.5534950142E+000  
 HF contribution (EtotHF)                          -7.6053158047E+001  
 Singles correction (EcSingles)                    -4.8122419963E-003  
 HF contribution (EtotHF)                          -7.6053158047E+001  
 Singles correction (EcSingles)                    -4.8122419963E-003  
 Direct RPA correlation (EcRPA)                    -4.0021583527E-001  
 HF contribution (EtotHF)                          -7.6052577074E+001  
 Singles correction (EcSingles)                    -4.8331260894E-003  
 HF contribution (EtotHF)                          -7.6052577074E+001  
 Singles correction (EcSingles)                    -4.8331260894E-003  
 Direct RPA correlation (EcRPA)                    -4.0054414128E-001  
 HF contribution (EtotHF)                          -7.6053398086E+001  
 Singles correction (EcSingles)                    -4.7992093091E-003  
 HF contribution (EtotHF)                          -7.6053398086E+001  
 Singles correction (EcSingles)                    -4.7992093091E-003  
 Direct RPA correlation (EcRPA)                    -4.0002895007E-001  
 HF contribution (EtotHF)                          -1.5210470504E+002  
 Singles correction (EcSingles)                    -9.7725031535E-003  
 HF contribution (EtotHF)                          -1.5210470504E+002  
 Singles correction (EcSingles)                    -9.7725031535E-003  
 Direct RPA correlation (EcRPA)                    -8.0123286392E-001  
 HF contribution (EtotHF)                          -1.5210569593E+002  
 Singles correction (EcSingles)                    -9.6432478710E-003  
 HF contribution (EtotHF)                          -1.5210569593E+002  
 Singles correction (EcSingles)                    -9.6432478710E-003  
 Direct RPA correlation (EcRPA)                    -8.0064974679E-001  
 HF contribution (EtotHF)                          -1.5210661622E+002  
 Singles correction (EcSingles)                    -9.6113990247E-003  
 HF contribution (EtotHF)                          -1.5210661622E+002  
 Singles correction (EcSingles)                    -9.6113990247E-003  
 Direct RPA correlation (EcRPA)                    -8.0024504922E-001  
 HF contribution (EtotHF)                          -4.0208271625E+001  
 Singles correction (EcSingles)                    -4.4340841212E-003  
 HF contribution (EtotHF)                          -4.0208271625E+001  
 Singles correction (EcSingles)                    -4.4340841212E-003  
 Direct RPA correlation (EcRPA)                    -3.4830966583E-001  
 HF contribution (EtotHF)                          -1.1626027484E+002  
 Singles correction (EcSingles)                    -9.5224644134E-003  
 HF contribution (EtotHF)                          -1.1626027484E+002  
 Singles correction (EcSingles)                    -9.5224644134E-003  
 Direct RPA correlation (EcRPA)                    -7.4972563490E-001  
 HF contribution (EtotHF)                          -1.1625987520E+002  
 Singles correction (EcSingles)                    -9.5853246978E-003  
 HF contribution (EtotHF)                          -1.1625987520E+002  
 Singles correction (EcSingles)                    -9.5853246978E-003  
 Direct RPA correlation (EcRPA)                    -7.5014946131E-001  
 HF contribution (EtotHF)                          -1.1626045762E+002  
 Singles correction (EcSingles)                    -9.5651145847E-003  
 HF contribution (EtotHF)                          -1.1626045762E+002  
 Singles correction (EcSingles)                    -9.5651145847E-003  
 Direct RPA correlation (EcRPA)                    -7.4968417015E-001  
 HF contribution (EtotHF)                          -2.2815787062E+002  
 Singles correction (EcSingles)                    -1.4582540811E-002  
 HF contribution (EtotHF)                          -2.2815787062E+002  
 Singles correction (EcSingles)                    -1.4582540811E-002  
 Direct RPA correlation (EcRPA)                    -1.2013394814E+000  
 HF contribution (EtotHF)                          -1.9231078562E+002  
 Singles correction (EcSingles)                    -1.4810003284E-002  
 HF contribution (EtotHF)                          -1.9231078562E+002  
 Singles correction (EcSingles)                    -1.4810003284E-002  
 Direct RPA correlation (EcRPA)                    -1.1520370372E+000  
 HF contribution (EtotHF)                          -1.9231249549E+002  
 Singles correction (EcSingles)                    -1.4655727937E-002  
 HF contribution (EtotHF)                          -1.9231249549E+002  
 Singles correction (EcSingles)                    -1.4655727937E-002  
 Direct RPA correlation (EcRPA)                    -1.1511102769E+000  
 HF contribution (EtotHF)                          -1.9231181975E+002  
 Singles correction (EcSingles)                    -1.4724272018E-002  
 HF contribution (EtotHF)                          -1.9231181975E+002  
 Singles correction (EcSingles)                    -1.4724272018E-002  
 Direct RPA correlation (EcRPA)                    -1.1515969733E+000  
