 Converged energy                           -269.809380041506
 Converged energy                            -76.431710060759
 Converged energy                            -76.431545322073
 Converged energy                            -76.431849645410
 Converged energy                           -152.863634211555
 Converged energy                           -152.870897642363
 Converged energy                           -152.863614907375
 Converged energy                            -40.505098048943
 Converged energy                           -116.937064271246
 Converged energy                           -116.937189472746
 Converged energy                           -116.937374156427
 Converged energy                           -229.302983447134
 Converged energy                           -193.369473598691
 Converged energy                           -193.369377269347
 Converged energy                           -193.377112464228
 HF contribution (EtotHF)                          -2.6836894267E+002  
 Singles correction (EcSingles)                    -2.0444331539E-002  
 HF contribution (EtotHF)                          -2.6836894267E+002  
 Singles correction (EcSingles)                    -2.0444331539E-002  
 Direct RPA correlation (EcRPA)                    -1.5549095871E+000  
 HF contribution (EtotHF)                          -7.6053145040E+001  
 Singles correction (EcSingles)                    -4.8116176356E-003  
 HF contribution (EtotHF)                          -7.6053145040E+001  
 Singles correction (EcSingles)                    -4.8116176356E-003  
 Direct RPA correlation (EcRPA)                    -4.0013346711E-001  
 HF contribution (EtotHF)                          -7.6053075377E+001  
 Singles correction (EcSingles)                    -4.8073980857E-003  
 HF contribution (EtotHF)                          -7.6053075377E+001  
 Singles correction (EcSingles)                    -4.8073980857E-003  
 Direct RPA correlation (EcRPA)                    -4.0060777284E-001  
 HF contribution (EtotHF)                          -7.6053434788E+001  
 Singles correction (EcSingles)                    -4.8047948531E-003  
 HF contribution (EtotHF)                          -7.6053434788E+001  
 Singles correction (EcSingles)                    -4.8047948531E-003  
 Direct RPA correlation (EcRPA)                    -4.0048287230E-001  
 HF contribution (EtotHF)                          -1.5210666745E+002  
 Singles correction (EcSingles)                    -9.6094496390E-003  
 HF contribution (EtotHF)                          -1.5210666745E+002  
 Singles correction (EcSingles)                    -9.6094496390E-003  
 Direct RPA correlation (EcRPA)                    -8.0066669874E-001  
 HF contribution (EtotHF)                          -1.5210945221E+002  
 Singles correction (EcSingles)                    -1.0529555349E-002  
 HF contribution (EtotHF)                          -1.5210945221E+002  
 Singles correction (EcSingles)                    -1.0529555349E-002  
 Direct RPA correlation (EcRPA)                    -8.0347157519E-001  
 HF contribution (EtotHF)                          -1.5210663984E+002  
 Singles correction (EcSingles)                    -9.6163606417E-003  
 HF contribution (EtotHF)                          -1.5210663984E+002  
 Singles correction (EcSingles)                    -9.6163606417E-003  
 Direct RPA correlation (EcRPA)                    -8.0061659838E-001  
 HF contribution (EtotHF)                          -4.0208269566E+001  
 Singles correction (EcSingles)                    -4.4330196431E-003  
 HF contribution (EtotHF)                          -4.0208269566E+001  
 Singles correction (EcSingles)                    -4.4330196431E-003  
 Direct RPA correlation (EcRPA)                    -3.4825216127E-001  
 HF contribution (EtotHF)                          -1.1626025974E+002  
 Singles correction (EcSingles)                    -9.5207663764E-003  
 HF contribution (EtotHF)                          -1.1626025974E+002  
 Singles correction (EcSingles)                    -9.5207663764E-003  
 Direct RPA correlation (EcRPA)                    -7.4958536000E-001  
 HF contribution (EtotHF)                          -1.1626133239E+002  
 Singles correction (EcSingles)                    -9.3088433723E-003  
 HF contribution (EtotHF)                          -1.1626133239E+002  
 Singles correction (EcSingles)                    -9.3088433723E-003  
 Direct RPA correlation (EcRPA)                    -7.4946526553E-001  
 HF contribution (EtotHF)                          -1.1626049252E+002  
 Singles correction (EcSingles)                    -9.5698197849E-003  
 HF contribution (EtotHF)                          -1.1626049252E+002  
 Singles correction (EcSingles)                    -9.5698197849E-003  
 Direct RPA correlation (EcRPA)                    -7.5008299104E-001  
 HF contribution (EtotHF)                          -2.2816305044E+002  
 Singles correction (EcSingles)                    -1.5329526303E-002  
 HF contribution (EtotHF)                          -2.2816305044E+002  
 Singles correction (EcSingles)                    -1.5329526303E-002  
 Direct RPA correlation (EcRPA)                    -1.2035327913E+000  
 HF contribution (EtotHF)                          -1.9231369572E+002  
 Singles correction (EcSingles)                    -1.4388513234E-002  
 HF contribution (EtotHF)                          -1.9231369572E+002  
 Singles correction (EcSingles)                    -1.4388513234E-002  
 Direct RPA correlation (EcRPA)                    -1.1507390720E+000  
 HF contribution (EtotHF)                          -1.9231251723E+002  
 Singles correction (EcSingles)                    -1.4659824787E-002  
 HF contribution (EtotHF)                          -1.9231251723E+002  
 Singles correction (EcSingles)                    -1.4659824787E-002  
 Direct RPA correlation (EcRPA)                    -1.1514263512E+000  
 HF contribution (EtotHF)                          -1.9231659277E+002  
 Singles correction (EcSingles)                    -1.5364789520E-002  
 HF contribution (EtotHF)                          -1.9231659277E+002  
 Singles correction (EcSingles)                    -1.5364789520E-002  
 Direct RPA correlation (EcRPA)                    -1.1536253237E+000  
