 Converged energy                           -269.804763050279
 Converged energy                            -76.430041052386
 Converged energy                            -76.430847852203
 Converged energy                            -76.431536726508
 Converged energy                           -152.859589730767
 Converged energy                           -152.861954693163
 Converged energy                           -152.868909792674
 Converged energy                            -40.505090144016
 Converged energy                           -116.935532113810
 Converged energy                           -116.936431786325
 Converged energy                           -116.937175096002
 Converged energy                           -229.298042379994
 Converged energy                           -193.365635426405
 Converged energy                           -193.375042007685
 Converged energy                           -193.368128284026
 HF contribution (EtotHF)                          -2.6836278742E+002  
 Singles correction (EcSingles)                    -2.0365920419E-002  
 HF contribution (EtotHF)                          -2.6836278742E+002  
 Singles correction (EcSingles)                    -2.0365920419E-002  
 Direct RPA correlation (EcRPA)                    -1.5564663963E+000  
 HF contribution (EtotHF)                          -7.6050407690E+001  
 Singles correction (EcSingles)                    -4.9162830775E-003  
 HF contribution (EtotHF)                          -7.6050407690E+001  
 Singles correction (EcSingles)                    -4.9162830775E-003  
 Direct RPA correlation (EcRPA)                    -4.0218403814E-001  
 HF contribution (EtotHF)                          -7.6051837732E+001  
 Singles correction (EcSingles)                    -4.8491662007E-003  
 HF contribution (EtotHF)                          -7.6051837732E+001  
 Singles correction (EcSingles)                    -4.8491662007E-003  
 Direct RPA correlation (EcRPA)                    -4.0053549836E-001  
 HF contribution (EtotHF)                          -7.6053060936E+001  
 Singles correction (EcSingles)                    -4.8073283934E-003  
 HF contribution (EtotHF)                          -7.6053060936E+001  
 Singles correction (EcSingles)                    -4.8073283934E-003  
 Direct RPA correlation (EcRPA)                    -4.0050988056E-001  
 HF contribution (EtotHF)                          -1.5210062052E+002  
 Singles correction (EcSingles)                    -9.8205194122E-003  
 HF contribution (EtotHF)                          -1.5210062052E+002  
 Singles correction (EcSingles)                    -9.8205194122E-003  
 Direct RPA correlation (EcRPA)                    -8.0315103976E-001  
 HF contribution (EtotHF)                          -1.5210430572E+002  
 Singles correction (EcSingles)                    -9.6881253400E-003  
 HF contribution (EtotHF)                          -1.5210430572E+002  
 Singles correction (EcSingles)                    -9.6881253400E-003  
 Direct RPA correlation (EcRPA)                    -8.0125290145E-001  
 HF contribution (EtotHF)                          -1.5210480366E+002  
 Singles correction (EcSingles)                    -1.0814787686E-002  
 HF contribution (EtotHF)                          -1.5210480366E+002  
 Singles correction (EcSingles)                    -1.0814787686E-002  
 Direct RPA correlation (EcRPA)                    -8.0553842715E-001  
 HF contribution (EtotHF)                          -4.0208266439E+001  
 Singles correction (EcSingles)                    -4.4303236478E-003  
 HF contribution (EtotHF)                          -4.0208266439E+001  
 Singles correction (EcSingles)                    -4.4303236478E-003  
 Direct RPA correlation (EcRPA)                    -3.4813901891E-001  
 HF contribution (EtotHF)                          -1.1625851988E+002  
 Singles correction (EcSingles)                    -9.4114986450E-003  
 HF contribution (EtotHF)                          -1.1625851988E+002  
 Singles correction (EcSingles)                    -9.4114986450E-003  
 Direct RPA correlation (EcRPA)                    -7.5090292890E-001  
 HF contribution (EtotHF)                          -1.1626004216E+002  
 Singles correction (EcSingles)                    -9.3404995018E-003  
 HF contribution (EtotHF)                          -1.1626004216E+002  
 Singles correction (EcSingles)                    -9.3404995018E-003  
 Direct RPA correlation (EcRPA)                    -7.4924432993E-001  
 HF contribution (EtotHF)                          -1.1626131510E+002  
 Singles correction (EcSingles)                    -9.3058459776E-003  
 HF contribution (EtotHF)                          -1.1626131510E+002  
 Singles correction (EcSingles)                    -9.3058459776E-003  
 Direct RPA correlation (EcRPA)                    -7.4924721097E-001  
 HF contribution (EtotHF)                          -2.2815448016E+002  
 Singles correction (EcSingles)                    -1.5744185397E-002  
 HF contribution (EtotHF)                          -2.2815448016E+002  
 Singles correction (EcSingles)                    -1.5744185397E-002  
 Direct RPA correlation (EcRPA)                    -1.2066816129E+000  
 HF contribution (EtotHF)                          -1.9230876654E+002  
 Singles correction (EcSingles)                    -1.4371620185E-002  
 HF contribution (EtotHF)                          -1.9230876654E+002  
 Singles correction (EcSingles)                    -1.4371620185E-002  
 Direct RPA correlation (EcRPA)                    -1.1524004849E+000  
 HF contribution (EtotHF)                          -1.9231303557E+002  
 Singles correction (EcSingles)                    -1.5382208476E-002  
 HF contribution (EtotHF)                          -1.9231303557E+002  
 Singles correction (EcSingles)                    -1.5382208476E-002  
 Direct RPA correlation (EcRPA)                    -1.1548159417E+000  
 HF contribution (EtotHF)                          -1.9231254819E+002  
 Singles correction (EcSingles)                    -1.4246253540E-002  
 HF contribution (EtotHF)                          -1.9231254819E+002  
 Singles correction (EcSingles)                    -1.4246253540E-002  
 Direct RPA correlation (EcRPA)                    -1.1505320401E+000  
