 Converged energy                           -269.802216481413
 Converged energy                            -76.429962965788
 Converged energy                            -76.431636635141
 Converged energy                            -76.431260002218
 Converged energy                           -152.863245908878
 Converged energy                           -152.864006306143
 Converged energy                           -152.861609412099
 Converged energy                            -40.505090596338
 Converged energy                           -116.935455840142
 Converged energy                           -116.937317649226
 Converged energy                           -116.936572811702
 Converged energy                           -229.295985514702
 Converged energy                           -193.369247375501
 Converged energy                           -193.367265729471
 Converged energy                           -193.369974418670
 HF contribution (EtotHF)                          -2.6836506699E+002  
 Singles correction (EcSingles)                    -1.9595216412E-002  
 HF contribution (EtotHF)                          -2.6836506699E+002  
 Singles correction (EcSingles)                    -1.9595216412E-002  
 Direct RPA correlation (EcRPA)                    -1.5528891506E+000  
 HF contribution (EtotHF)                          -7.6050323907E+001  
 Singles correction (EcSingles)                    -4.9068664693E-003  
 HF contribution (EtotHF)                          -7.6050323907E+001  
 Singles correction (EcSingles)                    -4.9068664693E-003  
 Direct RPA correlation (EcRPA)                    -4.0130948902E-001  
 HF contribution (EtotHF)                          -7.6053107158E+001  
 Singles correction (EcSingles)                    -4.8064091250E-003  
 HF contribution (EtotHF)                          -7.6053107158E+001  
 Singles correction (EcSingles)                    -4.8064091250E-003  
 Direct RPA correlation (EcRPA)                    -4.0008896012E-001  
 HF contribution (EtotHF)                          -7.6052317431E+001  
 Singles correction (EcSingles)                    -4.8427913573E-003  
 HF contribution (EtotHF)                          -7.6052317431E+001  
 Singles correction (EcSingles)                    -4.8427913573E-003  
 Direct RPA correlation (EcRPA)                    -4.0058114713E-001  
 HF contribution (EtotHF)                          -1.5210508353E+002  
 Singles correction (EcSingles)                    -9.7347012031E-003  
 HF contribution (EtotHF)                          -1.5210508353E+002  
 Singles correction (EcSingles)                    -9.7347012031E-003  
 Direct RPA correlation (EcRPA)                    -8.0133152097E-001  
 HF contribution (EtotHF)                          -1.5210629915E+002  
 Singles correction (EcSingles)                    -9.7314845289E-003  
 HF contribution (EtotHF)                          -1.5210629915E+002  
 Singles correction (EcSingles)                    -9.7314845289E-003  
 Direct RPA correlation (EcRPA)                    -8.0082290846E-001  
 HF contribution (EtotHF)                          -1.5210309498E+002  
 Singles correction (EcSingles)                    -9.7396165025E-003  
 HF contribution (EtotHF)                          -1.5210309498E+002  
 Singles correction (EcSingles)                    -9.7396165025E-003  
 Direct RPA correlation (EcRPA)                    -8.0181528751E-001  
 HF contribution (EtotHF)                          -4.0208267240E+001  
 Singles correction (EcSingles)                    -4.4299982502E-003  
 HF contribution (EtotHF)                          -4.0208267240E+001  
 Singles correction (EcSingles)                    -4.4299982502E-003  
 Direct RPA correlation (EcRPA)                    -3.4820578279E-001  
 HF contribution (EtotHF)                          -1.1625843782E+002  
 Singles correction (EcSingles)                    -9.4016421897E-003  
 HF contribution (EtotHF)                          -1.1625843782E+002  
 Singles correction (EcSingles)                    -9.4016421897E-003  
 Direct RPA correlation (EcRPA)                    -7.5008981596E-001  
 HF contribution (EtotHF)                          -1.1626076718E+002  
 Singles correction (EcSingles)                    -9.4399204320E-003  
 HF contribution (EtotHF)                          -1.1626076718E+002  
 Singles correction (EcSingles)                    -9.4399204320E-003  
 Direct RPA correlation (EcRPA)                    -7.4930679990E-001  
 HF contribution (EtotHF)                          -1.1625955352E+002  
 Singles correction (EcSingles)                    -9.5050776737E-003  
 HF contribution (EtotHF)                          -1.1625955352E+002  
 Singles correction (EcSingles)                    -9.5050776737E-003  
 Direct RPA correlation (EcRPA)                    -7.4989012589E-001  
 HF contribution (EtotHF)                          -2.2815871272E+002  
 Singles correction (EcSingles)                    -1.4649361328E-002  
 HF contribution (EtotHF)                          -2.2815871272E+002  
 Singles correction (EcSingles)                    -1.4649361328E-002  
 Direct RPA correlation (EcRPA)                    -1.2019915410E+000  
 HF contribution (EtotHF)                          -1.9231249141E+002  
 Singles correction (EcSingles)                    -1.4439437725E-002  
 HF contribution (EtotHF)                          -1.9231249141E+002  
 Singles correction (EcSingles)                    -1.4439437725E-002  
 Direct RPA correlation (EcRPA)                    -1.1511305324E+000  
 HF contribution (EtotHF)                          -1.9231012010E+002  
 Singles correction (EcSingles)                    -1.4465323853E-002  
 HF contribution (EtotHF)                          -1.9231012010E+002  
 Singles correction (EcSingles)                    -1.4465323853E-002  
 Direct RPA correlation (EcRPA)                    -1.1517054938E+000  
 HF contribution (EtotHF)                          -1.9231296041E+002  
 Singles correction (EcSingles)                    -1.4607667318E-002  
 HF contribution (EtotHF)                          -1.9231296041E+002  
 Singles correction (EcSingles)                    -1.4607667318E-002  
 Direct RPA correlation (EcRPA)                    -1.1511327470E+000  
