 Converged energy                           -269.802233442208
 Converged energy                            -76.431001361519
 Converged energy                            -76.431596003977
 Converged energy                            -76.431385326052
 Converged energy                           -152.862715571042
 Converged energy                           -152.864073632170
 Converged energy                           -152.862750959742
 Converged energy                            -40.505099601986
 Converged energy                           -116.936668457926
 Converged energy                           -116.937124340609
 Converged energy                           -116.937107311794
 Converged energy                           -229.295560157246
 Converged energy                           -193.368798122116
 Converged energy                           -193.368982181108
 Converged energy                           -193.370252253190
 HF contribution (EtotHF)                          -2.6836551489E+002  
 Singles correction (EcSingles)                    -1.9604836568E-002  
 HF contribution (EtotHF)                          -2.6836551489E+002  
 Singles correction (EcSingles)                    -1.9604836568E-002  
 Direct RPA correlation (EcRPA)                    -1.5523850615E+000  
 HF contribution (EtotHF)                          -7.6052114142E+001  
 Singles correction (EcSingles)                    -4.8389192692E-003  
 HF contribution (EtotHF)                          -7.6052114142E+001  
 Singles correction (EcSingles)                    -4.8389192692E-003  
 Direct RPA correlation (EcRPA)                    -4.0044175858E-001  
 HF contribution (EtotHF)                          -7.6053012298E+001  
 Singles correction (EcSingles)                    -4.8111687702E-003  
 HF contribution (EtotHF)                          -7.6053012298E+001  
 Singles correction (EcSingles)                    -4.8111687702E-003  
 Direct RPA correlation (EcRPA)                    -4.0012540395E-001  
 HF contribution (EtotHF)                          -7.6052578886E+001  
 Singles correction (EcSingles)                    -4.8327524855E-003  
 HF contribution (EtotHF)                          -7.6052578886E+001  
 Singles correction (EcSingles)                    -4.8327524855E-003  
 Direct RPA correlation (EcRPA)                    -4.0052783685E-001  
 HF contribution (EtotHF)                          -1.5210527034E+002  
 Singles correction (EcSingles)                    -9.6460438256E-003  
 HF contribution (EtotHF)                          -1.5210527034E+002  
 Singles correction (EcSingles)                    -9.6460438256E-003  
 Direct RPA correlation (EcRPA)                    -8.0053927509E-001  
 HF contribution (EtotHF)                          -1.5210644184E+002  
 Singles correction (EcSingles)                    -9.7285208922E-003  
 HF contribution (EtotHF)                          -1.5210644184E+002  
 Singles correction (EcSingles)                    -9.7285208922E-003  
 Direct RPA correlation (EcRPA)                    -8.0081395703E-001  
 HF contribution (EtotHF)                          -1.5210512361E+002  
 Singles correction (EcSingles)                    -9.6624390018E-003  
 HF contribution (EtotHF)                          -1.5210512361E+002  
 Singles correction (EcSingles)                    -9.6624390018E-003  
 Direct RPA correlation (EcRPA)                    -8.0089776928E-001  
 HF contribution (EtotHF)                          -4.0208269508E+001  
 Singles correction (EcSingles)                    -4.4333559215E-003  
 HF contribution (EtotHF)                          -4.0208269508E+001  
 Singles correction (EcSingles)                    -4.4333559215E-003  
 Direct RPA correlation (EcRPA)                    -3.4824915424E-001  
 HF contribution (EtotHF)                          -1.1626028319E+002  
 Singles correction (EcSingles)                    -9.3638804452E-003  
 HF contribution (EtotHF)                          -1.1626028319E+002  
 Singles correction (EcSingles)                    -9.3638804452E-003  
 Direct RPA correlation (EcRPA)                    -7.4939733199E-001  
 HF contribution (EtotHF)                          -1.1626058887E+002  
 Singles correction (EcSingles)                    -9.4410732885E-003  
 HF contribution (EtotHF)                          -1.1626058887E+002  
 Singles correction (EcSingles)                    -9.4410732885E-003  
 Direct RPA correlation (EcRPA)                    -7.4933590805E-001  
 HF contribution (EtotHF)                          -1.1625987423E+002  
 Singles correction (EcSingles)                    -9.5842397372E-003  
 HF contribution (EtotHF)                          -1.1625987423E+002  
 Singles correction (EcSingles)                    -9.5842397372E-003  
 Direct RPA correlation (EcRPA)                    -7.5007309465E-001  
 HF contribution (EtotHF)                          -2.2815913205E+002  
 Singles correction (EcSingles)                    -1.4554426638E-002  
 HF contribution (EtotHF)                          -2.2815913205E+002  
 Singles correction (EcSingles)                    -1.4554426638E-002  
 Direct RPA correlation (EcRPA)                    -1.2011567934E+000  
 HF contribution (EtotHF)                          -1.9231272962E+002  
 Singles correction (EcSingles)                    -1.4368115821E-002  
 HF contribution (EtotHF)                          -1.9231272962E+002  
 Singles correction (EcSingles)                    -1.4368115821E-002  
 Direct RPA correlation (EcRPA)                    -1.1504604459E+000  
 HF contribution (EtotHF)                          -1.9231224538E+002  
 Singles correction (EcSingles)                    -1.4507528835E-002  
 HF contribution (EtotHF)                          -1.9231224538E+002  
 Singles correction (EcSingles)                    -1.4507528835E-002  
 Direct RPA correlation (EcRPA)                    -1.1511684968E+000  
 HF contribution (EtotHF)                          -1.9231301633E+002  
 Singles correction (EcSingles)                    -1.4684948306E-002  
 HF contribution (EtotHF)                          -1.9231301633E+002  
 Singles correction (EcSingles)                    -1.4684948306E-002  
 Direct RPA correlation (EcRPA)                    -1.1513125267E+000  
