 Converged energy                           -269.799102086049
 Converged energy                            -76.431003029219
 Converged energy                            -76.430846096037
 Converged energy                            -76.429956402270
 Converged energy                           -152.861878627254
 Converged energy                           -152.860796402478
 Converged energy                           -152.861765439589
 Converged energy                            -40.505092113517
 Converged energy                           -116.936662545229
 Converged energy                           -116.936432468666
 Converged energy                           -116.935356411307
 Converged energy                           -229.292631578683
 Converged energy                           -193.368008363323
 Converged energy                           -193.367770322757
 Converged energy                           -193.366684964947
 HF contribution (EtotHF)                          -2.6836291631E+002  
 Singles correction (EcSingles)                    -1.9272361990E-002  
 HF contribution (EtotHF)                          -2.6836291631E+002  
 Singles correction (EcSingles)                    -1.9272361990E-002  
 Direct RPA correlation (EcRPA)                    -1.5523278269E+000  
 HF contribution (EtotHF)                          -7.6052115790E+001  
 Singles correction (EcSingles)                    -4.8391518394E-003  
 HF contribution (EtotHF)                          -7.6052115790E+001  
 Singles correction (EcSingles)                    -4.8391518394E-003  
 Direct RPA correlation (EcRPA)                    -4.0047030082E-001  
 HF contribution (EtotHF)                          -7.6051835565E+001  
 Singles correction (EcSingles)                    -4.8489540105E-003  
 HF contribution (EtotHF)                          -7.6051835565E+001  
 Singles correction (EcSingles)                    -4.8489540105E-003  
 Direct RPA correlation (EcRPA)                    -4.0051662430E-001  
 HF contribution (EtotHF)                          -7.6050311874E+001  
 Singles correction (EcSingles)                    -4.9079157965E-003  
 HF contribution (EtotHF)                          -7.6050311874E+001  
 Singles correction (EcSingles)                    -4.9079157965E-003  
 Direct RPA correlation (EcRPA)                    -4.0129511659E-001  
 HF contribution (EtotHF)                          -1.5210398031E+002  
 Singles correction (EcSingles)                    -9.6881931344E-003  
 HF contribution (EtotHF)                          -1.5210398031E+002  
 Singles correction (EcSingles)                    -9.6881931344E-003  
 Direct RPA correlation (EcRPA)                    -8.0099100850E-001  
 HF contribution (EtotHF)                          -1.5210212674E+002  
 Singles correction (EcSingles)                    -9.7598791982E-003  
 HF contribution (EtotHF)                          -1.5210212674E+002  
 Singles correction (EcSingles)                    -9.7598791982E-003  
 Direct RPA correlation (EcRPA)                    -8.0184027083E-001  
 HF contribution (EtotHF)                          -1.5210319328E+002  
 Singles correction (EcSingles)                    -9.7667632103E-003  
 HF contribution (EtotHF)                          -1.5210319328E+002  
 Singles correction (EcSingles)                    -9.7667632103E-003  
 Direct RPA correlation (EcRPA)                    -8.0180197388E-001  
 HF contribution (EtotHF)                          -4.0208267229E+001  
 Singles correction (EcSingles)                    -4.4312508119E-003  
 HF contribution (EtotHF)                          -4.0208267229E+001  
 Singles correction (EcSingles)                    -4.4312508119E-003  
 Direct RPA correlation (EcRPA)                    -3.4815517397E-001  
 HF contribution (EtotHF)                          -1.1626028259E+002  
 Singles correction (EcSingles)                    -9.3619878519E-003  
 HF contribution (EtotHF)                          -1.1626028259E+002  
 Singles correction (EcSingles)                    -9.3619878519E-003  
 Direct RPA correlation (EcRPA)                    -7.4933159958E-001  
 HF contribution (EtotHF)                          -1.1626004167E+002  
 Singles correction (EcSingles)                    -9.3410948372E-003  
 HF contribution (EtotHF)                          -1.1626004167E+002  
 Singles correction (EcSingles)                    -9.3410948372E-003  
 Direct RPA correlation (EcRPA)                    -7.4924048407E-001  
 HF contribution (EtotHF)                          -1.1625837408E+002  
 Singles correction (EcSingles)                    -9.4025033934E-003  
 HF contribution (EtotHF)                          -1.1625837408E+002  
 Singles correction (EcSingles)                    -9.4025033934E-003  
 Direct RPA correlation (EcRPA)                    -7.4999485294E-001  
 HF contribution (EtotHF)                          -2.2815503556E+002  
 Singles correction (EcSingles)                    -1.4618378740E-002  
 HF contribution (EtotHF)                          -2.2815503556E+002  
 Singles correction (EcSingles)                    -1.4618378740E-002  
 Direct RPA correlation (EcRPA)                    -1.2023499542E+000  
 HF contribution (EtotHF)                          -1.9231205230E+002  
 Singles correction (EcSingles)                    -1.4273320147E-002  
 HF contribution (EtotHF)                          -1.9231205230E+002  
 Singles correction (EcSingles)                    -1.4273320147E-002  
 Direct RPA correlation (EcRPA)                    -1.1504321261E+000  
 HF contribution (EtotHF)                          -1.9231119248E+002  
 Singles correction (EcSingles)                    -1.4355082390E-002  
 HF contribution (EtotHF)                          -1.9231119248E+002  
 Singles correction (EcSingles)                    -1.4355082390E-002  
 Direct RPA correlation (EcRPA)                    -1.1511881737E+000  
 HF contribution (EtotHF)                          -1.9231010328E+002  
 Singles correction (EcSingles)                    -1.4318661520E-002  
 HF contribution (EtotHF)                          -1.9231010328E+002  
 Singles correction (EcSingles)                    -1.4318661520E-002  
 Direct RPA correlation (EcRPA)                    -1.1511204892E+000  
