 Converged energy                           -269.806018730853
 Converged energy                            -76.431059097730
 Converged energy                            -76.431525519913
 Converged energy                            -76.431725098289
 Converged energy                           -152.861454238138
 Converged energy                           -152.861733205361
 Converged energy                           -152.870503691925
 Converged energy                            -40.505091694165
 Converged energy                           -116.936718088611
 Converged energy                           -116.937035501799
 Converged energy                           -116.937408033827
 Converged energy                           -229.298904405201
 Converged energy                           -193.367599582767
 Converged energy                           -193.377060604843
 Converged energy                           -193.367902406141
 HF contribution (EtotHF)                          -2.6836349278E+002  
 Singles correction (EcSingles)                    -2.0562633823E-002  
 HF contribution (EtotHF)                          -2.6836349278E+002  
 Singles correction (EcSingles)                    -2.0562633823E-002  
 Direct RPA correlation (EcRPA)                    -1.5563060658E+000  
 HF contribution (EtotHF)                          -7.6052173343E+001  
 Singles correction (EcSingles)                    -4.8458154802E-003  
 HF contribution (EtotHF)                          -7.6052173343E+001  
 Singles correction (EcSingles)                    -4.8458154802E-003  
 Direct RPA correlation (EcRPA)                    -4.0112539321E-001  
 HF contribution (EtotHF)                          -7.6053074291E+001  
 Singles correction (EcSingles)                    -4.8002183646E-003  
 HF contribution (EtotHF)                          -7.6053074291E+001  
 Singles correction (EcSingles)                    -4.8002183646E-003  
 Direct RPA correlation (EcRPA)                    -3.9997314052E-001  
 HF contribution (EtotHF)                          -7.6053204437E+001  
 Singles correction (EcSingles)                    -4.8145747405E-003  
 HF contribution (EtotHF)                          -7.6053204437E+001  
 Singles correction (EcSingles)                    -4.8145747405E-003  
 Direct RPA correlation (EcRPA)                    -4.0104750489E-001  
 HF contribution (EtotHF)                          -1.5210375702E+002  
 Singles correction (EcSingles)                    -9.7197056466E-003  
 HF contribution (EtotHF)                          -1.5210375702E+002  
 Singles correction (EcSingles)                    -9.7197056466E-003  
 Direct RPA correlation (EcRPA)                    -8.0151745223E-001  
 HF contribution (EtotHF)                          -1.5210423058E+002  
 Singles correction (EcSingles)                    -9.7297376574E-003  
 HF contribution (EtotHF)                          -1.5210423058E+002  
 Singles correction (EcSingles)                    -9.7297376574E-003  
 Direct RPA correlation (EcRPA)                    -8.0161209927E-001  
 HF contribution (EtotHF)                          -1.5210644443E+002  
 Singles correction (EcSingles)                    -1.0809922240E-002  
 HF contribution (EtotHF)                          -1.5210644443E+002  
 Singles correction (EcSingles)                    -1.0809922240E-002  
 Direct RPA correlation (EcRPA)                    -8.0501040707E-001  
 HF contribution (EtotHF)                          -4.0208265799E+001  
 Singles correction (EcSingles)                    -4.4305268279E-003  
 HF contribution (EtotHF)                          -4.0208265799E+001  
 Singles correction (EcSingles)                    -4.4305268279E-003  
 Direct RPA correlation (EcRPA)                    -3.4818048777E-001  
 HF contribution (EtotHF)                          -1.1626033876E+002  
 Singles correction (EcSingles)                    -9.3680503420E-003  
 HF contribution (EtotHF)                          -1.1626033876E+002  
 Singles correction (EcSingles)                    -9.3680503420E-003  
 Direct RPA correlation (EcRPA)                    -7.5001495696E-001  
 HF contribution (EtotHF)                          -1.1626123522E+002  
 Singles correction (EcSingles)                    -9.2887262700E-003  
 HF contribution (EtotHF)                          -1.1626123522E+002  
 Singles correction (EcSingles)                    -9.2887262700E-003  
 Direct RPA correlation (EcRPA)                    -7.4870768874E-001  
 HF contribution (EtotHF)                          -1.1626086161E+002  
 Singles correction (EcSingles)                    -9.4493585313E-003  
 HF contribution (EtotHF)                          -1.1626086161E+002  
 Singles correction (EcSingles)                    -9.4493585313E-003  
 Direct RPA correlation (EcRPA)                    -7.5025087068E-001  
 HF contribution (EtotHF)                          -2.2815558747E+002  
 Singles correction (EcSingles)                    -1.5784128474E-002  
 HF contribution (EtotHF)                          -2.2815558747E+002  
 Singles correction (EcSingles)                    -1.5784128474E-002  
 Direct RPA correlation (EcRPA)                    -1.2059752928E+000  
 HF contribution (EtotHF)                          -1.9231186792E+002  
 Singles correction (EcSingles)                    -1.4304453167E-002  
 HF contribution (EtotHF)                          -1.9231186792E+002  
 Singles correction (EcSingles)                    -1.4304453167E-002  
 Direct RPA correlation (EcRPA)                    -1.1509462865E+000  
 HF contribution (EtotHF)                          -1.9231434431E+002  
 Singles correction (EcSingles)                    -1.5520902110E-002  
 HF contribution (EtotHF)                          -1.9231434431E+002  
 Singles correction (EcSingles)                    -1.5520902110E-002  
 Direct RPA correlation (EcRPA)                    -1.1548155163E+000  
 HF contribution (EtotHF)                          -1.9231182846E+002  
 Singles correction (EcSingles)                    -1.4429488889E-002  
 HF contribution (EtotHF)                          -1.9231182846E+002  
 Singles correction (EcSingles)                    -1.4429488889E-002  
 Direct RPA correlation (EcRPA)                    -1.1513544964E+000  
