 Converged energy                           -269.805871571867
 Converged energy                            -76.431007055727
 Converged energy                            -76.431566378339
 Converged energy                            -76.430038155149
 Converged energy                           -152.861442057144
 Converged energy                           -152.869002165640
 Converged energy                           -152.861848959160
 Converged energy                            -40.505092421529
 Converged energy                           -116.936666787821
 Converged energy                           -116.937077046619
 Converged energy                           -116.935437515105
 Converged energy                           -229.299310765038
 Converged energy                           -193.367588179924
 Converged energy                           -193.367853414622
 Converged energy                           -193.374879397808
 HF contribution (EtotHF)                          -2.6836415169E+002  
 Singles correction (EcSingles)                    -2.0374219645E-002  
 HF contribution (EtotHF)                          -2.6836415169E+002  
 Singles correction (EcSingles)                    -2.0374219645E-002  
 Direct RPA correlation (EcRPA)                    -1.5563172441E+000  
 HF contribution (EtotHF)                          -7.6052121191E+001  
 Singles correction (EcSingles)                    -4.8393840812E-003  
 HF contribution (EtotHF)                          -7.6052121191E+001  
 Singles correction (EcSingles)                    -4.8393840812E-003  
 Direct RPA correlation (EcRPA)                    -4.0050508119E-001  
 HF contribution (EtotHF)                          -7.6053112258E+001  
 Singles correction (EcSingles)                    -4.8063362426E-003  
 HF contribution (EtotHF)                          -7.6053112258E+001  
 Singles correction (EcSingles)                    -4.8063362426E-003  
 Direct RPA correlation (EcRPA)                    -4.0046476277E-001  
 HF contribution (EtotHF)                          -7.6050400975E+001  
 Singles correction (EcSingles)                    -4.9172527157E-003  
 HF contribution (EtotHF)                          -7.6050400975E+001  
 Singles correction (EcSingles)                    -4.9172527157E-003  
 Direct RPA correlation (EcRPA)                    -4.0219837174E-001  
 HF contribution (EtotHF)                          -1.5210374205E+002  
 Singles correction (EcSingles)                    -9.7193089251E-003  
 HF contribution (EtotHF)                          -1.5210374205E+002  
 Singles correction (EcSingles)                    -9.7193089251E-003  
 Direct RPA correlation (EcRPA)                    -8.0138837085E-001  
 HF contribution (EtotHF)                          -1.5210502027E+002  
 Singles correction (EcSingles)                    -1.0799787932E-002  
 HF contribution (EtotHF)                          -1.5210502027E+002  
 Singles correction (EcSingles)                    -1.0799787932E-002  
 Direct RPA correlation (EcRPA)                    -8.0546235273E-001  
 HF contribution (EtotHF)                          -1.5210328546E+002  
 Singles correction (EcSingles)                    -9.7762159843E-003  
 HF contribution (EtotHF)                          -1.5210328546E+002  
 Singles correction (EcSingles)                    -9.7762159843E-003  
 Direct RPA correlation (EcRPA)                    -8.0274314273E-001  
 HF contribution (EtotHF)                          -4.0208265652E+001  
 Singles correction (EcSingles)                    -4.4311731638E-003  
 HF contribution (EtotHF)                          -4.0208265652E+001  
 Singles correction (EcSingles)                    -4.4311731638E-003  
 Direct RPA correlation (EcRPA)                    -3.4815270642E-001  
 HF contribution (EtotHF)                          -1.1626028661E+002  
 Singles correction (EcSingles)                    -9.3621411505E-003  
 HF contribution (EtotHF)                          -1.1626028661E+002  
 Singles correction (EcSingles)                    -9.3621411505E-003  
 Direct RPA correlation (EcRPA)                    -7.4936458743E-001  
 HF contribution (EtotHF)                          -1.1626127237E+002  
 Singles correction (EcSingles)                    -9.2958875024E-003  
 HF contribution (EtotHF)                          -1.1626127237E+002  
 Singles correction (EcSingles)                    -9.2958875024E-003  
 Direct RPA correlation (EcRPA)                    -7.4917293607E-001  
 HF contribution (EtotHF)                          -1.1625846166E+002  
 Singles correction (EcSingles)                    -9.4120509160E-003  
 HF contribution (EtotHF)                          -1.1625846166E+002  
 Singles correction (EcSingles)                    -9.4120509160E-003  
 Direct RPA correlation (EcRPA)                    -7.5090236140E-001  
 HF contribution (EtotHF)                          -2.2815609318E+002  
 Singles correction (EcSingles)                    -1.5719984072E-002  
 HF contribution (EtotHF)                          -2.2815609318E+002  
 Singles correction (EcSingles)                    -1.5719984072E-002  
 Direct RPA correlation (EcRPA)                    -1.2064177639E+000  
 HF contribution (EtotHF)                          -1.9231185239E+002  
 Singles correction (EcSingles)                    -1.4304914713E-002  
 HF contribution (EtotHF)                          -1.9231185239E+002  
 Singles correction (EcSingles)                    -1.4304914713E-002  
 Direct RPA correlation (EcRPA)                    -1.1507884641E+000  
 HF contribution (EtotHF)                          -1.9231128320E+002  
 Singles correction (EcSingles)                    -1.4364806283E-002  
 HF contribution (EtotHF)                          -1.9231128320E+002  
 Singles correction (EcSingles)                    -1.4364806283E-002  
 Direct RPA correlation (EcRPA)                    -1.1521345435E+000  
 HF contribution (EtotHF)                          -1.9231307318E+002  
 Singles correction (EcSingles)                    -1.5357522929E-002  
 HF contribution (EtotHF)                          -1.9231307318E+002  
 Singles correction (EcSingles)                    -1.5357522929E-002  
 Direct RPA correlation (EcRPA)                    -1.1546895806E+000  
