 Converged energy                           -269.807087581520
 Converged energy                            -76.431638380892
 Converged energy                            -76.431485823086
 Converged energy                            -76.430666721944
 Converged energy                           -152.863099214460
 Converged energy                           -152.861808557776
 Converged energy                           -152.869638922117
 Converged energy                            -40.505092230568
 Converged energy                           -116.937158719692
 Converged energy                           -116.937126560376
 Converged energy                           -116.935849572945
 Converged energy                           -229.300828220845
 Converged energy                           -193.369200477760
 Converged energy                           -193.375293440689
 Converged energy                           -193.367579109512
 HF contribution (EtotHF)                          -2.6836612896E+002  
 Singles correction (EcSingles)                    -2.0352825092E-002  
 HF contribution (EtotHF)                          -2.6836612896E+002  
 Singles correction (EcSingles)                    -2.0352825092E-002  
 Direct RPA correlation (EcRPA)                    -1.5554212038E+000  
 HF contribution (EtotHF)                          -7.6053056526E+001  
 Singles correction (EcSingles)                    -4.8168159609E-003  
 HF contribution (EtotHF)                          -7.6053056526E+001  
 Singles correction (EcSingles)                    -4.8168159609E-003  
 Direct RPA correlation (EcRPA)                    -4.0061060792E-001  
 HF contribution (EtotHF)                          -7.6053008624E+001  
 Singles correction (EcSingles)                    -4.8006634565E-003  
 HF contribution (EtotHF)                          -7.6053008624E+001  
 Singles correction (EcSingles)                    -4.8006634565E-003  
 Direct RPA correlation (EcRPA)                    -3.9990566706E-001  
 HF contribution (EtotHF)                          -7.6051486005E+001  
 Singles correction (EcSingles)                    -4.8732994279E-003  
 HF contribution (EtotHF)                          -7.6051486005E+001  
 Singles correction (EcSingles)                    -4.8732994279E-003  
 Direct RPA correlation (EcRPA)                    -4.0156489881E-001  
 HF contribution (EtotHF)                          -1.5210604069E+002  
 Singles correction (EcSingles)                    -9.6180592580E-003  
 HF contribution (EtotHF)                          -1.5210604069E+002  
 Singles correction (EcSingles)                    -9.6180592580E-003  
 Direct RPA correlation (EcRPA)                    -8.0052457879E-001  
 HF contribution (EtotHF)                          -1.5210408013E+002  
 Singles correction (EcSingles)                    -9.6852977798E-003  
 HF contribution (EtotHF)                          -1.5210408013E+002  
 Singles correction (EcSingles)                    -9.6852977798E-003  
 Direct RPA correlation (EcRPA)                    -8.0156741328E-001  
 HF contribution (EtotHF)                          -1.5210640787E+002  
 Singles correction (EcSingles)                    -1.0742116729E-002  
 HF contribution (EtotHF)                          -1.5210640787E+002  
 Singles correction (EcSingles)                    -1.0742116729E-002  
 Direct RPA correlation (EcRPA)                    -8.0495389476E-001  
 HF contribution (EtotHF)                          -4.0208267481E+001  
 Singles correction (EcSingles)                    -4.4309053224E-003  
 HF contribution (EtotHF)                          -4.0208267481E+001  
 Singles correction (EcSingles)                    -4.4309053224E-003  
 Direct RPA correlation (EcRPA)                    -3.4818064323E-001  
 HF contribution (EtotHF)                          -1.1626063095E+002  
 Singles correction (EcSingles)                    -9.4443407528E-003  
 HF contribution (EtotHF)                          -1.1626063095E+002  
 Singles correction (EcSingles)                    -9.4443407528E-003  
 Direct RPA correlation (EcRPA)                    -7.4975465027E-001  
 HF contribution (EtotHF)                          -1.1626126425E+002  
 Singles correction (EcSingles)                    -9.2994602074E-003  
 HF contribution (EtotHF)                          -1.1626126425E+002  
 Singles correction (EcSingles)                    -9.2994602074E-003  
 Direct RPA correlation (EcRPA)                    -7.4868212638E-001  
 HF contribution (EtotHF)                          -1.1625912603E+002  
 Singles correction (EcSingles)                    -9.4090073366E-003  
 HF contribution (EtotHF)                          -1.1625912603E+002  
 Singles correction (EcSingles)                    -9.4090073366E-003  
 Direct RPA correlation (EcRPA)                    -7.5054064644E-001  
 HF contribution (EtotHF)                          -2.2815905418E+002  
 Singles correction (EcSingles)                    -1.5554697307E-002  
 HF contribution (EtotHF)                          -2.2815905418E+002  
 Singles correction (EcSingles)                    -1.5554697307E-002  
 Direct RPA correlation (EcRPA)                    -1.2049562959E+000  
 HF contribution (EtotHF)                          -1.9231365095E+002  
 Singles correction (EcSingles)                    -1.4309972473E-002  
 HF contribution (EtotHF)                          -1.9231365095E+002  
 Singles correction (EcSingles)                    -1.4309972473E-002  
 Direct RPA correlation (EcRPA)                    -1.1502489606E+000  
 HF contribution (EtotHF)                          -1.9231340931E+002  
 Singles correction (EcSingles)                    -1.5478852338E-002  
 HF contribution (EtotHF)                          -1.9231340931E+002  
 Singles correction (EcSingles)                    -1.5478852338E-002  
 Direct RPA correlation (EcRPA)                    -1.1548505086E+000  
 HF contribution (EtotHF)                          -1.9231175974E+002  
 Singles correction (EcSingles)                    -1.4286284369E-002  
 HF contribution (EtotHF)                          -1.9231175974E+002  
 Singles correction (EcSingles)                    -1.4286284369E-002  
 Direct RPA correlation (EcRPA)                    -1.1511264178E+000  
