 Converged energy                           -269.648362569339
 Converged energy                            -76.385226407027
 Converged energy                            -76.384049704062
 Converged energy                            -76.384630539962
 Converged energy                           -152.777426020035
 Converged energy                           -152.770250428804
 Converged energy                           -152.776215056543
 Converged energy                            -40.476701068151
 Converged energy                           -116.861926135931
 Converged energy                           -116.861009220440
 Converged energy                           -116.861279326053
 Converged energy                           -229.171932611768
 Converged energy                           -193.254132105760
 Converged energy                           -193.252761873186
 Converged energy                           -193.247040585272
 HF contribution (EtotHF)                          -2.6839420404E+002  
 Singles correction (EcSingles)                    -1.8634072839E-002  
 HF contribution (EtotHF)                          -2.6839420404E+002  
 Singles correction (EcSingles)                    -1.8634072839E-002  
 Direct RPA correlation (EcRPA)                    -1.6120480850E+000  
 HF contribution (EtotHF)                          -7.6059308084E+001  
 Singles correction (EcSingles)                    -4.2138128393E-003  
 HF contribution (EtotHF)                          -7.6059308084E+001  
 Singles correction (EcSingles)                    -4.2138128393E-003  
 Direct RPA correlation (EcRPA)                    -4.1717197455E-001  
 HF contribution (EtotHF)                          -7.6057472024E+001  
 Singles correction (EcSingles)                    -4.2570149686E-003  
 HF contribution (EtotHF)                          -7.6057472024E+001  
 Singles correction (EcSingles)                    -4.2570149686E-003  
 Direct RPA correlation (EcRPA)                    -4.1762367145E-001  
 HF contribution (EtotHF)                          -7.6058227854E+001  
 Singles correction (EcSingles)                    -4.2406905896E-003  
 HF contribution (EtotHF)                          -7.6058227854E+001  
 Singles correction (EcSingles)                    -4.2406905896E-003  
 Direct RPA correlation (EcRPA)                    -4.1725531732E-001  
 HF contribution (EtotHF)                          -1.5212171189E+002  
 Singles correction (EcSingles)                    -9.0386365856E-003  
 HF contribution (EtotHF)                          -1.5212171189E+002  
 Singles correction (EcSingles)                    -9.0386365856E-003  
 Direct RPA correlation (EcRPA)                    -8.3705542331E-001  
 HF contribution (EtotHF)                          -1.5211726503E+002  
 Singles correction (EcSingles)                    -8.5163820761E-003  
 HF contribution (EtotHF)                          -1.5211726503E+002  
 Singles correction (EcSingles)                    -8.5163820761E-003  
 Direct RPA correlation (EcRPA)                    -8.3487022980E-001  
 HF contribution (EtotHF)                          -1.5211920851E+002  
 Singles correction (EcSingles)                    -9.1822100205E-003  
 HF contribution (EtotHF)                          -1.5211920851E+002  
 Singles correction (EcSingles)                    -9.1822100205E-003  
 Direct RPA correlation (EcRPA)                    -8.3758633523E-001  
 HF contribution (EtotHF)                          -4.0211063006E+001  
 Singles correction (EcSingles)                    -4.3016074264E-003  
 HF contribution (EtotHF)                          -4.0211063006E+001  
 Singles correction (EcSingles)                    -4.3016074264E-003  
 Direct RPA correlation (EcRPA)                    -3.5214572767E-001  
 HF contribution (EtotHF)                          -1.1626958197E+002  
 Singles correction (EcSingles)                    -8.6525014256E-003  
 HF contribution (EtotHF)                          -1.1626958197E+002  
 Singles correction (EcSingles)                    -8.6525014256E-003  
 Direct RPA correlation (EcRPA)                    -7.7024301284E-001  
 HF contribution (EtotHF)                          -1.1626821291E+002  
 Singles correction (EcSingles)                    -8.6322914782E-003  
 HF contribution (EtotHF)                          -1.1626821291E+002  
 Singles correction (EcSingles)                    -8.6322914782E-003  
 Direct RPA correlation (EcRPA)                    -7.7046702197E-001  
 HF contribution (EtotHF)                          -1.1626851317E+002  
 Singles correction (EcSingles)                    -8.6766254082E-003  
 HF contribution (EtotHF)                          -1.1626851317E+002  
 Singles correction (EcSingles)                    -8.6766254082E-003  
 Direct RPA correlation (EcRPA)                    -7.7030391631E-001  
 HF contribution (EtotHF)                          -2.2818501555E+002  
 Singles correction (EcSingles)                    -1.4051562946E-002  
 HF contribution (EtotHF)                          -2.2818501555E+002  
 Singles correction (EcSingles)                    -1.4051562946E-002  
 Direct RPA correlation (EcRPA)                    -1.2575057844E+000  
 HF contribution (EtotHF)                          -1.9233163342E+002  
 Singles correction (EcSingles)                    -1.3526067276E-002  
 HF contribution (EtotHF)                          -1.9233163342E+002  
 Singles correction (EcSingles)                    -1.3526067276E-002  
 Direct RPA correlation (EcRPA)                    -1.1907760912E+000  
 HF contribution (EtotHF)                          -1.9232885662E+002  
 Singles correction (EcSingles)                    -1.3720187428E-002  
 HF contribution (EtotHF)                          -1.9232885662E+002  
 Singles correction (EcSingles)                    -1.3720187428E-002  
 Direct RPA correlation (EcRPA)                    -1.1914816058E+000  
 HF contribution (EtotHF)                          -1.9232717770E+002  
 Singles correction (EcSingles)                    -1.3013240453E-002  
 HF contribution (EtotHF)                          -1.9232717770E+002  
 Singles correction (EcSingles)                    -1.3013240453E-002  
 Direct RPA correlation (EcRPA)                    -1.1886047180E+000  
