 Converged energy                           -269.632553931395
 Converged energy                            -76.385179840605
 Converged energy                            -76.384913883201
 Converged energy                            -76.384629696936
 Converged energy                           -152.770363336782
 Converged energy                           -152.770179151218
 Converged energy                           -152.769690003759
 Converged energy                            -40.476700940668
 Converged energy                           -116.861878567573
 Converged energy                           -116.862069147477
 Converged energy                           -116.861211981196
 Converged energy                           -229.155518637002
 Converged energy                           -193.247551002302
 Converged energy                           -193.246288384304
 Converged energy                           -193.247166043727
 HF contribution (EtotHF)                          -2.6838668401E+002  
 Singles correction (EcSingles)                    -1.7270983937E-002  
 HF contribution (EtotHF)                          -2.6838668401E+002  
 Singles correction (EcSingles)                    -1.7270983937E-002  
 Direct RPA correlation (EcRPA)                    -1.6045242596E+000  
 HF contribution (EtotHF)                          -7.6059278673E+001  
 Singles correction (EcSingles)                    -4.2013366307E-003  
 HF contribution (EtotHF)                          -7.6059278673E+001  
 Singles correction (EcSingles)                    -4.2013366307E-003  
 Direct RPA correlation (EcRPA)                    -4.1645558334E-001  
 HF contribution (EtotHF)                          -7.6058949248E+001  
 Singles correction (EcSingles)                    -4.2037992129E-003  
 HF contribution (EtotHF)                          -7.6058949248E+001  
 Singles correction (EcSingles)                    -4.2037992129E-003  
 Direct RPA correlation (EcRPA)                    -4.1650093796E-001  
 HF contribution (EtotHF)                          -7.6058234869E+001  
 Singles correction (EcSingles)                    -4.2348327794E-003  
 HF contribution (EtotHF)                          -7.6058234869E+001  
 Singles correction (EcSingles)                    -4.2348327794E-003  
 Direct RPA correlation (EcRPA)                    -4.1697985967E-001  
 HF contribution (EtotHF)                          -1.5211853236E+002  
 Singles correction (EcSingles)                    -8.4015241905E-003  
 HF contribution (EtotHF)                          -1.5211853236E+002  
 Singles correction (EcSingles)                    -8.4015241905E-003  
 Direct RPA correlation (EcRPA)                    -8.3292677397E-001  
 HF contribution (EtotHF)                          -1.5211776540E+002  
 Singles correction (EcSingles)                    -8.4547745383E-003  
 HF contribution (EtotHF)                          -1.5211776540E+002  
 Singles correction (EcSingles)                    -8.4547745383E-003  
 Direct RPA correlation (EcRPA)                    -8.3355241847E-001  
 HF contribution (EtotHF)                          -1.5211737177E+002  
 Singles correction (EcSingles)                    -8.4393013510E-003  
 HF contribution (EtotHF)                          -1.5211737177E+002  
 Singles correction (EcSingles)                    -8.4393013510E-003  
 Direct RPA correlation (EcRPA)                    -8.3346611963E-001  
 HF contribution (EtotHF)                          -4.0211063938E+001  
 Singles correction (EcSingles)                    -4.3011554471E-003  
 HF contribution (EtotHF)                          -4.0211063938E+001  
 Singles correction (EcSingles)                    -4.3011554471E-003  
 Direct RPA correlation (EcRPA)                    -3.5213464367E-001  
 HF contribution (EtotHF)                          -1.1626955332E+002  
 Singles correction (EcSingles)                    -8.6397105835E-003  
 HF contribution (EtotHF)                          -1.1626955332E+002  
 Singles correction (EcSingles)                    -8.6397105835E-003  
 Direct RPA correlation (EcRPA)                    -7.6950967423E-001  
 HF contribution (EtotHF)                          -1.1627003185E+002  
 Singles correction (EcSingles)                    -8.5546018657E-003  
 HF contribution (EtotHF)                          -1.1627003185E+002  
 Singles correction (EcSingles)                    -8.5546018657E-003  
 Direct RPA correlation (EcRPA)                    -7.6918625418E-001  
 HF contribution (EtotHF)                          -1.1626840050E+002  
 Singles correction (EcSingles)                    -8.6779040667E-003  
 HF contribution (EtotHF)                          -1.1626840050E+002  
 Singles correction (EcSingles)                    -8.6779040667E-003  
 Direct RPA correlation (EcRPA)                    -7.7005143968E-001  
 HF contribution (EtotHF)                          -2.2817721540E+002  
 Singles correction (EcSingles)                    -1.2655849338E-002  
 HF contribution (EtotHF)                          -2.2817721540E+002  
 Singles correction (EcSingles)                    -1.2655849338E-002  
 Direct RPA correlation (EcRPA)                    -1.2500091415E+000  
 HF contribution (EtotHF)                          -1.9232886593E+002  
 Singles correction (EcSingles)                    -1.2888302443E-002  
 HF contribution (EtotHF)                          -1.9232886593E+002  
 Singles correction (EcSingles)                    -1.2888302443E-002  
 Direct RPA correlation (EcRPA)                    -1.1865239413E+000  
 HF contribution (EtotHF)                          -1.9232676848E+002  
 Singles correction (EcSingles)                    -1.3019587138E-002  
 HF contribution (EtotHF)                          -1.9232676848E+002  
 Singles correction (EcSingles)                    -1.3019587138E-002  
 Direct RPA correlation (EcRPA)                    -1.1874573893E+000  
 HF contribution (EtotHF)                          -1.9232796489E+002  
 Singles correction (EcSingles)                    -1.2933938448E-002  
 HF contribution (EtotHF)                          -1.9232796489E+002  
 Singles correction (EcSingles)                    -1.2933938448E-002  
 Direct RPA correlation (EcRPA)                    -1.1871554703E+000  
