 Converged energy                           -269.633879333684
 Converged energy                            -76.384019737457
 Converged energy                            -76.384611810410
 Converged energy                            -76.385227867948
 Converged energy                           -152.770201254972
 Converged energy                           -152.769425594667
 Converged energy                           -152.770952784443
 Converged energy                            -40.476700692835
 Converged energy                           -116.860978373165
 Converged energy                           -116.861259830321
 Converged energy                           -116.862361909530
 Converged energy                           -229.156721528419
 Converged energy                           -193.246990200915
 Converged energy                           -193.248275742825
 Converged energy                           -193.246511736425
 HF contribution (EtotHF)                          -2.6838751886E+002  
 Singles correction (EcSingles)                    -1.7312281834E-002  
 HF contribution (EtotHF)                          -2.6838751886E+002  
 Singles correction (EcSingles)                    -1.7312281834E-002  
 Direct RPA correlation (EcRPA)                    -1.6051337798E+000  
 HF contribution (EtotHF)                          -7.6057456349E+001  
 Singles correction (EcSingles)                    -4.2465874961E-003  
 HF contribution (EtotHF)                          -7.6057456349E+001  
 Singles correction (EcSingles)                    -4.2465874961E-003  
 Direct RPA correlation (EcRPA)                    -4.1718324785E-001  
 HF contribution (EtotHF)                          -7.6058215826E+001  
 Singles correction (EcSingles)                    -4.2352875358E-003  
 HF contribution (EtotHF)                          -7.6058215826E+001  
 Singles correction (EcSingles)                    -4.2352875358E-003  
 Direct RPA correlation (EcRPA)                    -4.1698618168E-001  
 HF contribution (EtotHF)                          -7.6059315582E+001  
 Singles correction (EcSingles)                    -4.2028994903E-003  
 HF contribution (EtotHF)                          -7.6059315582E+001  
 Singles correction (EcSingles)                    -4.2028994903E-003  
 Direct RPA correlation (EcRPA)                    -4.1649684758E-001  
 HF contribution (EtotHF)                          -1.5211723843E+002  
 Singles correction (EcSingles)                    -8.5005469860E-003  
 HF contribution (EtotHF)                          -1.5211723843E+002  
 Singles correction (EcSingles)                    -8.5005469860E-003  
 Direct RPA correlation (EcRPA)                    -8.3415709895E-001  
 HF contribution (EtotHF)                          -1.5211704090E+002  
 Singles correction (EcSingles)                    -8.4503953006E-003  
 HF contribution (EtotHF)                          -1.5211704090E+002  
 Singles correction (EcSingles)                    -8.4503953006E-003  
 Direct RPA correlation (EcRPA)                    -8.3358534996E-001  
 HF contribution (EtotHF)                          -1.5211859949E+002  
 Singles correction (EcSingles)                    -8.4447791173E-003  
 HF contribution (EtotHF)                          -1.5211859949E+002  
 Singles correction (EcSingles)                    -8.4447791173E-003  
 Direct RPA correlation (EcRPA)                    -8.3353558681E-001  
 HF contribution (EtotHF)                          -4.0211063543E+001  
 Singles correction (EcSingles)                    -4.3013921367E-003  
 HF contribution (EtotHF)                          -4.0211063543E+001  
 Singles correction (EcSingles)                    -4.3013921367E-003  
 Direct RPA correlation (EcRPA)                    -3.5213985482E-001  
 HF contribution (EtotHF)                          -1.1626819751E+002  
 Singles correction (EcSingles)                    -8.6216522366E-003  
 HF contribution (EtotHF)                          -1.1626819751E+002  
 Singles correction (EcSingles)                    -8.6216522366E-003  
 Direct RPA correlation (EcRPA)                    -7.7001832453E-001  
 HF contribution (EtotHF)                          -1.1626850157E+002  
 Singles correction (EcSingles)                    -8.6710895739E-003  
 HF contribution (EtotHF)                          -1.1626850157E+002  
 Singles correction (EcSingles)                    -8.6710895739E-003  
 Direct RPA correlation (EcRPA)                    -7.7002689844E-001  
 HF contribution (EtotHF)                          -1.1627011784E+002  
 Singles correction (EcSingles)                    -8.6181182307E-003  
 HF contribution (EtotHF)                          -1.1627011784E+002  
 Singles correction (EcSingles)                    -8.6181182307E-003  
 Direct RPA correlation (EcRPA)                    -7.6943200205E-001  
 HF contribution (EtotHF)                          -2.2817789577E+002  
 Singles correction (EcSingles)                    -1.2709913345E-002  
 HF contribution (EtotHF)                          -2.2817789577E+002  
 Singles correction (EcSingles)                    -1.2709913345E-002  
 Direct RPA correlation (EcRPA)                    -1.2506099557E+000  
 HF contribution (EtotHF)                          -1.9232715122E+002  
 Singles correction (EcSingles)                    -1.2997296483E-002  
 HF contribution (EtotHF)                          -1.9232715122E+002  
 Singles correction (EcSingles)                    -1.2997296483E-002  
 Direct RPA correlation (EcRPA)                    -1.1878813383E+000  
 HF contribution (EtotHF)                          -1.9232904596E+002  
 Singles correction (EcSingles)                    -1.2925725906E-002  
 HF contribution (EtotHF)                          -1.9232904596E+002  
 Singles correction (EcSingles)                    -1.2925725906E-002  
 Direct RPA correlation (EcRPA)                    -1.1871691162E+000  
 HF contribution (EtotHF)                          -1.9232707086E+002  
 Singles correction (EcSingles)                    -1.2999473969E-002  
 HF contribution (EtotHF)                          -1.9232707086E+002  
 Singles correction (EcSingles)                    -1.2999473969E-002  
 Direct RPA correlation (EcRPA)                    -1.1874228271E+000  
