 Converged energy                           -269.649521576157
 Converged energy                            -76.384038118677
 Converged energy                            -76.384964661938
 Converged energy                            -76.384241167407
 Converged energy                           -152.775553337472
 Converged energy                           -152.777192475462
 Converged energy                           -152.769843534259
 Converged energy                            -40.476700647035
 Converged energy                           -116.860997192651
 Converged energy                           -116.862119769333
 Converged energy                           -116.861291768107
 Converged energy                           -229.171950981393
 Converged energy                           -193.253017219560
 Converged energy                           -193.247037506273
 Converged energy                           -193.254571715071
 HF contribution (EtotHF)                          -2.6839390994E+002  
 Singles correction (EcSingles)                    -1.8666271655E-002  
 HF contribution (EtotHF)                          -2.6839390994E+002  
 Singles correction (EcSingles)                    -1.8666271655E-002  
 Direct RPA correlation (EcRPA)                    -1.6127430314E+000  
 HF contribution (EtotHF)                          -7.6057465963E+001  
 Singles correction (EcSingles)                    -4.2526004823E-003  
 HF contribution (EtotHF)                          -7.6057465963E+001  
 Singles correction (EcSingles)                    -4.2526004823E-003  
 Direct RPA correlation (EcRPA)                    -4.1750934267E-001  
 HF contribution (EtotHF)                          -7.6058847067E+001  
 Singles correction (EcSingles)                    -4.2274354569E-003  
 HF contribution (EtotHF)                          -7.6058847067E+001  
 Singles correction (EcSingles)                    -4.2274354569E-003  
 Direct RPA correlation (EcRPA)                    -4.1750464555E-001  
 HF contribution (EtotHF)                          -7.6057799758E+001  
 Singles correction (EcSingles)                    -4.2467965607E-003  
 HF contribution (EtotHF)                          -7.6057799758E+001  
 Singles correction (EcSingles)                    -4.2467965607E-003  
 Direct RPA correlation (EcRPA)                    -4.1751770737E-001  
 HF contribution (EtotHF)                          -1.5211730925E+002  
 Singles correction (EcSingles)                    -9.2617409908E-003  
 HF contribution (EtotHF)                          -1.5211730925E+002  
 Singles correction (EcSingles)                    -9.2617409908E-003  
 Direct RPA correlation (EcRPA)                    -8.3845430522E-001  
 HF contribution (EtotHF)                          -1.5212085954E+002  
 Singles correction (EcSingles)                    -9.0927598805E-003  
 HF contribution (EtotHF)                          -1.5212085954E+002  
 Singles correction (EcSingles)                    -9.0927598805E-003  
 Direct RPA correlation (EcRPA)                    -8.3759635836E-001  
 HF contribution (EtotHF)                          -1.5211679318E+002  
 Singles correction (EcSingles)                    -8.5232673855E-003  
 HF contribution (EtotHF)                          -1.5211679318E+002  
 Singles correction (EcSingles)                    -8.5232673855E-003  
 Direct RPA correlation (EcRPA)                    -8.3504984379E-001  
 HF contribution (EtotHF)                          -4.0211063444E+001  
 Singles correction (EcSingles)                    -4.3014645088E-003  
 HF contribution (EtotHF)                          -4.0211063444E+001  
 Singles correction (EcSingles)                    -4.3014645088E-003  
 Direct RPA correlation (EcRPA)                    -3.5213263452E-001  
 HF contribution (EtotHF)                          -1.1626820719E+002  
 Singles correction (EcSingles)                    -8.6277524963E-003  
 HF contribution (EtotHF)                          -1.1626820719E+002  
 Singles correction (EcSingles)                    -8.6277524963E-003  
 Direct RPA correlation (EcRPA)                    -7.7033819865E-001  
 HF contribution (EtotHF)                          -1.1626950023E+002  
 Singles correction (EcSingles)                    -8.6673745435E-003  
 HF contribution (EtotHF)                          -1.1626950023E+002  
 Singles correction (EcSingles)                    -8.6673745435E-003  
 Direct RPA correlation (EcRPA)                    -7.7059015749E-001  
 HF contribution (EtotHF)                          -1.1626882884E+002  
 Singles correction (EcSingles)                    -8.5943357079E-003  
 HF contribution (EtotHF)                          -1.1626882884E+002  
 Singles correction (EcSingles)                    -8.5943357079E-003  
 Direct RPA correlation (EcRPA)                    -7.7017376155E-001  
 HF contribution (EtotHF)                          -2.2818336605E+002  
 Singles correction (EcSingles)                    -1.4168866339E-002  
 HF contribution (EtotHF)                          -2.2818336605E+002  
 Singles correction (EcSingles)                    -1.4168866339E-002  
 Direct RPA correlation (EcRPA)                    -1.2585852123E+000  
 HF contribution (EtotHF)                          -1.9232797359E+002  
 Singles correction (EcSingles)                    -1.3733245077E-002  
 HF contribution (EtotHF)                          -1.9232797359E+002  
 Singles correction (EcSingles)                    -1.3733245077E-002  
 Direct RPA correlation (EcRPA)                    -1.1921155214E+000  
 HF contribution (EtotHF)                          -1.9232742203E+002  
 Singles correction (EcSingles)                    -1.2938420120E-002  
 HF contribution (EtotHF)                          -1.9232742203E+002  
 Singles correction (EcSingles)                    -1.2938420120E-002  
 Direct RPA correlation (EcRPA)                    -1.1884056781E+000  
 HF contribution (EtotHF)                          -1.9233149920E+002  
 Singles correction (EcSingles)                    -1.3562671003E-002  
 HF contribution (EtotHF)                          -1.9233149920E+002  
 Singles correction (EcSingles)                    -1.3562671003E-002  
 Direct RPA correlation (EcRPA)                    -1.1911760498E+000  
