 Converged energy                           -269.631223472093
 Converged energy                            -76.384015412036
 Converged energy                            -76.384757277563
 Converged energy                            -76.383221072630
 Converged energy                           -152.769154434560
 Converged energy                           -152.769618771458
 Converged energy                           -152.767128216126
 Converged energy                            -40.476701282318
 Converged energy                           -116.860974560695
 Converged energy                           -116.861808510539
 Converged energy                           -116.860076577085
 Converged energy                           -229.153900465210
 Converged energy                           -193.246421075770
 Converged energy                           -193.244250606626
 Converged energy                           -193.246716867505
 HF contribution (EtotHF)                          -2.6838381670E+002  
 Singles correction (EcSingles)                    -1.7360072567E-002  
 HF contribution (EtotHF)                          -2.6838381670E+002  
 Singles correction (EcSingles)                    -1.7360072567E-002  
 Direct RPA correlation (EcRPA)                    -1.6060452844E+000  
 HF contribution (EtotHF)                          -7.6057453154E+001  
 Singles correction (EcSingles)                    -4.2456046895E-003  
 HF contribution (EtotHF)                          -7.6057453154E+001  
 Singles correction (EcSingles)                    -4.2456046895E-003  
 Direct RPA correlation (EcRPA)                    -4.1714937052E-001  
 HF contribution (EtotHF)                          -7.6058483683E+001  
 Singles correction (EcSingles)                    -4.2278385475E-003  
 HF contribution (EtotHF)                          -7.6058483683E+001  
 Singles correction (EcSingles)                    -4.2278385475E-003  
 Direct RPA correlation (EcRPA)                    -4.1689495034E-001  
 HF contribution (EtotHF)                          -7.6056247105E+001  
 Singles correction (EcSingles)                    -4.2738601539E-003  
 HF contribution (EtotHF)                          -7.6056247105E+001  
 Singles correction (EcSingles)                    -4.2738601539E-003  
 Direct RPA correlation (EcRPA)                    -4.1757432053E-001  
 HF contribution (EtotHF)                          -1.5211637251E+002  
 Singles correction (EcSingles)                    -8.4670163672E-003  
 HF contribution (EtotHF)                          -1.5211637251E+002  
 Singles correction (EcSingles)                    -8.4670163672E-003  
 Direct RPA correlation (EcRPA)                    -8.3399041780E-001  
 HF contribution (EtotHF)                          -1.5211638657E+002  
 Singles correction (EcSingles)                    -8.5160451872E-003  
 HF contribution (EtotHF)                          -1.5211638657E+002  
 Singles correction (EcSingles)                    -8.5160451872E-003  
 Direct RPA correlation (EcRPA)                    -8.3444327341E-001  
 HF contribution (EtotHF)                          -1.5211357304E+002  
 Singles correction (EcSingles)                    -8.5219252964E-003  
 HF contribution (EtotHF)                          -1.5211357304E+002  
 Singles correction (EcSingles)                    -8.5219252964E-003  
 Direct RPA correlation (EcRPA)                    -8.3474936214E-001  
 HF contribution (EtotHF)                          -4.0211064438E+001  
 Singles correction (EcSingles)                    -4.3013459594E-003  
 HF contribution (EtotHF)                          -4.0211064438E+001  
 Singles correction (EcSingles)                    -4.3013459594E-003  
 Direct RPA correlation (EcRPA)                    -3.5214238408E-001  
 HF contribution (EtotHF)                          -1.1626819516E+002  
 Singles correction (EcSingles)                    -8.6206270505E-003  
 HF contribution (EtotHF)                          -1.1626819516E+002  
 Singles correction (EcSingles)                    -8.6206270505E-003  
 Direct RPA correlation (EcRPA)                    -7.6998652661E-001  
 HF contribution (EtotHF)                          -1.1626875141E+002  
 Singles correction (EcSingles)                    -8.7187843785E-003  
 HF contribution (EtotHF)                          -1.1626875141E+002  
 Singles correction (EcSingles)                    -8.7187843785E-003  
 Direct RPA correlation (EcRPA)                    -7.7019110288E-001  
 HF contribution (EtotHF)                          -1.1626713654E+002  
 Singles correction (EcSingles)                    -8.6227861801E-003  
 HF contribution (EtotHF)                          -1.1626713654E+002  
 Singles correction (EcSingles)                    -8.6227861801E-003  
 Direct RPA correlation (EcRPA)                    -7.7020148808E-001  
 HF contribution (EtotHF)                          -2.2817414127E+002  
 Singles correction (EcSingles)                    -1.2757568356E-002  
 HF contribution (EtotHF)                          -2.2817414127E+002  
 Singles correction (EcSingles)                    -1.2757568356E-002  
 Direct RPA correlation (EcRPA)                    -1.2515644576E+000  
 HF contribution (EtotHF)                          -1.9232627867E+002  
 Singles correction (EcSingles)                    -1.3030387872E-002  
 HF contribution (EtotHF)                          -1.9232627867E+002  
 Singles correction (EcSingles)                    -1.3030387872E-002  
 Direct RPA correlation (EcRPA)                    -1.1879851548E+000  
 HF contribution (EtotHF)                          -1.9232414229E+002  
 Singles correction (EcSingles)                    -1.2945619373E-002  
 HF contribution (EtotHF)                          -1.9232414229E+002  
 Singles correction (EcSingles)                    -1.2945619373E-002  
 Direct RPA correlation (EcRPA)                    -1.1880780817E+000  
 HF contribution (EtotHF)                          -1.9232642084E+002  
 Singles correction (EcSingles)                    -1.3045007248E-002  
 HF contribution (EtotHF)                          -1.9232642084E+002  
 Singles correction (EcSingles)                    -1.3045007248E-002  
 Direct RPA correlation (EcRPA)                    -1.1882187704E+000  
