 Converged energy                           -269.637820616045
 Converged energy                            -76.384430739308
 Converged energy                            -76.384926584666
 Converged energy                            -76.383259790452
 Converged energy                           -152.769035210845
 Converged energy                           -152.776349288598
 Converged energy                           -152.767700001000
 Converged energy                            -40.476700962278
 Converged energy                           -116.861231731925
 Converged energy                           -116.862081193068
 Converged energy                           -116.860198023998
 Converged energy                           -229.160389532944
 Converged energy                           -193.246345854523
 Converged energy                           -193.244736818722
 Converged energy                           -193.253611438809
 HF contribution (EtotHF)                          -2.6838775652E+002  
 Singles correction (EcSingles)                    -1.7864766621E-002  
 HF contribution (EtotHF)                          -2.6838775652E+002  
 Singles correction (EcSingles)                    -1.7864766621E-002  
 Direct RPA correlation (EcRPA)                    -1.6083457139E+000  
 HF contribution (EtotHF)                          -7.6058130967E+001  
 Singles correction (EcSingles)                    -4.2261936038E-003  
 HF contribution (EtotHF)                          -7.6058130967E+001  
 Singles correction (EcSingles)                    -4.2261936038E-003  
 Direct RPA correlation (EcRPA)                    -4.1683322975E-001  
 HF contribution (EtotHF)                          -7.6058824988E+001  
 Singles correction (EcSingles)                    -4.2183223398E-003  
 HF contribution (EtotHF)                          -7.6058824988E+001  
 Singles correction (EcSingles)                    -4.2183223398E-003  
 Direct RPA correlation (EcRPA)                    -4.1686954501E-001  
 HF contribution (EtotHF)                          -7.6056275812E+001  
 Singles correction (EcSingles)                    -4.2847931597E-003  
 HF contribution (EtotHF)                          -7.6056275812E+001  
 Singles correction (EcSingles)                    -4.2847931597E-003  
 Direct RPA correlation (EcRPA)                    -4.1805076205E-001  
 HF contribution (EtotHF)                          -1.5211658888E+002  
 Singles correction (EcSingles)                    -8.4509917095E-003  
 HF contribution (EtotHF)                          -1.5211658888E+002  
 Singles correction (EcSingles)                    -8.4509917095E-003  
 Direct RPA correlation (EcRPA)                    -8.3376579152E-001  
 HF contribution (EtotHF)                          -1.5211965517E+002  
 Singles correction (EcSingles)                    -9.1144309591E-003  
 HF contribution (EtotHF)                          -1.5211965517E+002  
 Singles correction (EcSingles)                    -9.1144309591E-003  
 Direct RPA correlation (EcRPA)                    -8.3739629917E-001  
 HF contribution (EtotHF)                          -1.5211440690E+002  
 Singles correction (EcSingles)                    -8.5128119285E-003  
 HF contribution (EtotHF)                          -1.5211440690E+002  
 Singles correction (EcSingles)                    -8.5128119285E-003  
 Direct RPA correlation (EcRPA)                    -8.3490588627E-001  
 HF contribution (EtotHF)                          -4.0211064719E+001  
 Singles correction (EcSingles)                    -4.3011247749E-003  
 HF contribution (EtotHF)                          -4.0211064719E+001  
 Singles correction (EcSingles)                    -4.3011247749E-003  
 Direct RPA correlation (EcRPA)                    -3.5211851639E-001  
 HF contribution (EtotHF)                          -1.1626896686E+002  
 Singles correction (EcSingles)                    -8.5772861912E-003  
 HF contribution (EtotHF)                          -1.1626896686E+002  
 Singles correction (EcSingles)                    -8.5772861912E-003  
 Direct RPA correlation (EcRPA)                    -7.6944045158E-001  
 HF contribution (EtotHF)                          -1.1626947933E+002  
 Singles correction (EcSingles)                    -8.6579263238E-003  
 HF contribution (EtotHF)                          -1.1626947933E+002  
 Singles correction (EcSingles)                    -8.6579263238E-003  
 Direct RPA correlation (EcRPA)                    -7.6993542369E-001  
 HF contribution (EtotHF)                          -1.1626721727E+002  
 Singles correction (EcSingles)                    -8.6344919813E-003  
 HF contribution (EtotHF)                          -1.1626721727E+002  
 Singles correction (EcSingles)                    -8.6344919813E-003  
 Direct RPA correlation (EcRPA)                    -7.7068799278E-001  
 HF contribution (EtotHF)                          -2.2817735178E+002  
 Singles correction (EcSingles)                    -1.3346420337E-002  
 HF contribution (EtotHF)                          -2.2817735178E+002  
 Singles correction (EcSingles)                    -1.3346420337E-002  
 Direct RPA correlation (EcRPA)                    -1.2543115082E+000  
 HF contribution (EtotHF)                          -1.9232708757E+002  
 Singles correction (EcSingles)                    -1.2936704727E-002  
 HF contribution (EtotHF)                          -1.9232708757E+002  
 Singles correction (EcSingles)                    -1.2936704727E-002  
 Direct RPA correlation (EcRPA)                    -1.1873054073E+000  
 HF contribution (EtotHF)                          -1.9232511234E+002  
 Singles correction (EcSingles)                    -1.2913319197E-002  
 HF contribution (EtotHF)                          -1.9232511234E+002  
 Singles correction (EcSingles)                    -1.2913319197E-002  
 Direct RPA correlation (EcRPA)                    -1.1880384034E+000  
 HF contribution (EtotHF)                          -1.9233021215E+002  
 Singles correction (EcSingles)                    -1.3585189420E-002  
 HF contribution (EtotHF)                          -1.9233021215E+002  
 Singles correction (EcSingles)                    -1.3585189420E-002  
 Direct RPA correlation (EcRPA)                    -1.1909487037E+000  
