 Converged energy                           -269.633254414321
 Converged energy                            -76.384431182264
 Converged energy                            -76.384914271216
 Converged energy                            -76.385014603936
 Converged energy                           -152.769023372026
 Converged energy                           -152.771533949605
 Converged energy                           -152.769830228591
 Converged energy                            -40.476701280628
 Converged energy                           -116.861232489926
 Converged energy                           -116.862069046588
 Converged energy                           -116.861768687405
 Converged energy                           -229.156028687358
 Converged energy                           -193.246334169285
 Converged energy                           -193.246656722495
 Converged energy                           -193.248630941556
 HF contribution (EtotHF)                          -2.6838736150E+002  
 Singles correction (EcSingles)                    -1.7274103727E-002  
 HF contribution (EtotHF)                          -2.6838736150E+002  
 Singles correction (EcSingles)                    -1.7274103727E-002  
 Direct RPA correlation (EcRPA)                    -1.6045825686E+000  
 HF contribution (EtotHF)                          -7.6058130920E+001  
 Singles correction (EcSingles)                    -4.2264665974E-003  
 HF contribution (EtotHF)                          -7.6058130920E+001  
 Singles correction (EcSingles)                    -4.2264665974E-003  
 Direct RPA correlation (EcRPA)                    -4.1683616412E-001  
 HF contribution (EtotHF)                          -7.6058818392E+001  
 Singles correction (EcSingles)                    -4.2144663034E-003  
 HF contribution (EtotHF)                          -7.6058818392E+001  
 Singles correction (EcSingles)                    -4.2144663034E-003  
 Direct RPA correlation (EcRPA)                    -4.1667015114E-001  
 HF contribution (EtotHF)                          -7.6058940479E+001  
 Singles correction (EcSingles)                    -4.2134590144E-003  
 HF contribution (EtotHF)                          -7.6058940479E+001  
 Singles correction (EcSingles)                    -4.2134590144E-003  
 Direct RPA correlation (EcRPA)                    -4.1665404160E-001  
 HF contribution (EtotHF)                          -1.5211658226E+002  
 Singles correction (EcSingles)                    -8.4474017452E-003  
 HF contribution (EtotHF)                          -1.5211658226E+002  
 Singles correction (EcSingles)                    -8.4474017452E-003  
 Direct RPA correlation (EcRPA)                    -8.3356933798E-001  
 HF contribution (EtotHF)                          -1.5211928038E+002  
 Singles correction (EcSingles)                    -8.4611396634E-003  
 HF contribution (EtotHF)                          -1.5211928038E+002  
 Singles correction (EcSingles)                    -8.4611396634E-003  
 Direct RPA correlation (EcRPA)                    -8.3339282823E-001  
 HF contribution (EtotHF)                          -1.5211751137E+002  
 Singles correction (EcSingles)                    -8.4334155284E-003  
 HF contribution (EtotHF)                          -1.5211751137E+002  
 Singles correction (EcSingles)                    -8.4334155284E-003  
 Direct RPA correlation (EcRPA)                    -8.3343523205E-001  
 HF contribution (EtotHF)                          -4.0211064581E+001  
 Singles correction (EcSingles)                    -4.3012818513E-003  
 HF contribution (EtotHF)                          -4.0211064581E+001  
 Singles correction (EcSingles)                    -4.3012818513E-003  
 Direct RPA correlation (EcRPA)                    -3.5212778721E-001  
 HF contribution (EtotHF)                          -1.1626896661E+002  
 Singles correction (EcSingles)                    -8.5777350177E-003  
 HF contribution (EtotHF)                          -1.1626896661E+002  
 Singles correction (EcSingles)                    -8.5777350177E-003  
 Direct RPA correlation (EcRPA)                    -7.6945267332E-001  
 HF contribution (EtotHF)                          -1.1626947268E+002  
 Singles correction (EcSingles)                    -8.6542087694E-003  
 HF contribution (EtotHF)                          -1.1626947268E+002  
 Singles correction (EcSingles)                    -8.6542087694E-003  
 Direct RPA correlation (EcRPA)                    -7.6974402710E-001  
 HF contribution (EtotHF)                          -1.1626942957E+002  
 Singles correction (EcSingles)                    -8.6333608089E-003  
 HF contribution (EtotHF)                          -1.1626942957E+002  
 Singles correction (EcSingles)                    -8.6333608089E-003  
 Direct RPA correlation (EcRPA)                    -7.6959501444E-001  
 HF contribution (EtotHF)                          -2.2817748701E+002  
 Singles correction (EcSingles)                    -1.2687103439E-002  
 HF contribution (EtotHF)                          -2.2817748701E+002  
 Singles correction (EcSingles)                    -1.2687103439E-002  
 Direct RPA correlation (EcRPA)                    -1.2502360433E+000  
 HF contribution (EtotHF)                          -1.9232708083E+002  
 Singles correction (EcSingles)                    -1.2933265024E-002  
 HF contribution (EtotHF)                          -1.9232708083E+002  
 Singles correction (EcSingles)                    -1.2933265024E-002  
 Direct RPA correlation (EcRPA)                    -1.1871169727E+000  
 HF contribution (EtotHF)                          -1.9232774403E+002  
 Singles correction (EcSingles)                    -1.2902575479E-002  
 HF contribution (EtotHF)                          -1.9232774403E+002  
 Singles correction (EcSingles)                    -1.2902575479E-002  
 Direct RPA correlation (EcRPA)                    -1.1868695032E+000  
 HF contribution (EtotHF)                          -1.9232933945E+002  
 Singles correction (EcSingles)                    -1.3002285278E-002  
 HF contribution (EtotHF)                          -1.9232933945E+002  
 Singles correction (EcSingles)                    -1.3002285278E-002  
 Direct RPA correlation (EcRPA)                    -1.1872604369E+000  
