 Converged energy                           -269.631864601702
 Converged energy                            -76.384430939067
 Converged energy                            -76.383227788151
 Converged energy                            -76.385238865017
 Converged energy                           -152.767668218299
 Converged energy                           -152.770209340300
 Converged energy                           -152.769792262642
 Converged energy                            -40.476701488845
 Converged energy                           -116.861232504444
 Converged energy                           -116.860166252591
 Converged energy                           -116.862095767804
 Converged energy                           -229.154777472606
 Converged energy                           -193.244705306560
 Converged energy                           -193.246722720432
 Converged energy                           -193.247225221711
 HF contribution (EtotHF)                          -2.6838535085E+002  
 Singles correction (EcSingles)                    -1.7288930853E-002  
 HF contribution (EtotHF)                          -2.6838535085E+002  
 Singles correction (EcSingles)                    -1.7288930853E-002  
 Direct RPA correlation (EcRPA)                    -1.6051253578E+000  
 HF contribution (EtotHF)                          -7.6058131218E+001  
 Singles correction (EcSingles)                    -4.2262751265E-003  
 HF contribution (EtotHF)                          -7.6058131218E+001  
 Singles correction (EcSingles)                    -4.2262751265E-003  
 Direct RPA correlation (EcRPA)                    -4.1683441703E-001  
 HF contribution (EtotHF)                          -7.6056258076E+001  
 Singles correction (EcSingles)                    -4.2737730406E-003  
 HF contribution (EtotHF)                          -7.6056258076E+001  
 Singles correction (EcSingles)                    -4.2737730406E-003  
 Direct RPA correlation (EcRPA)                    -4.1756763696E-001  
 HF contribution (EtotHF)                          -7.6059324934E+001  
 Singles correction (EcSingles)                    -4.2038601108E-003  
 HF contribution (EtotHF)                          -7.6059324934E+001  
 Singles correction (EcSingles)                    -4.2038601108E-003  
 Direct RPA correlation (EcRPA)                    -4.1653692099E-001  
 HF contribution (EtotHF)                          -1.5211438936E+002  
 Singles correction (EcSingles)                    -8.5018955396E-003  
 HF contribution (EtotHF)                          -1.5211438936E+002  
 Singles correction (EcSingles)                    -8.5018955396E-003  
 Direct RPA correlation (EcRPA)                    -8.3442419969E-001  
 HF contribution (EtotHF)                          -1.5211744641E+002  
 Singles correction (EcSingles)                    -8.4736739997E-003  
 HF contribution (EtotHF)                          -1.5211744641E+002  
 Singles correction (EcSingles)                    -8.4736739997E-003  
 Direct RPA correlation (EcRPA)                    -8.3395997778E-001  
 HF contribution (EtotHF)                          -1.5211759963E+002  
 Singles correction (EcSingles)                    -8.4274135389E-003  
 HF contribution (EtotHF)                          -1.5211759963E+002  
 Singles correction (EcSingles)                    -8.4274135389E-003  
 Direct RPA correlation (EcRPA)                    -8.3335029009E-001  
 HF contribution (EtotHF)                          -4.0211065504E+001  
 Singles correction (EcSingles)                    -4.3011688848E-003  
 HF contribution (EtotHF)                          -4.0211065504E+001  
 Singles correction (EcSingles)                    -4.3011688848E-003  
 Direct RPA correlation (EcRPA)                    -3.5212821763E-001  
 HF contribution (EtotHF)                          -1.1626896791E+002  
 Singles correction (EcSingles)                    -8.5774222215E-003  
 HF contribution (EtotHF)                          -1.1626896791E+002  
 Singles correction (EcSingles)                    -8.5774222215E-003  
 Direct RPA correlation (EcRPA)                    -7.6945163292E-001  
 HF contribution (EtotHF)                          -1.1626720043E+002  
 Singles correction (EcSingles)                    -8.6236250727E-003  
 HF contribution (EtotHF)                          -1.1626720043E+002  
 Singles correction (EcSingles)                    -8.6236250727E-003  
 Direct RPA correlation (EcRPA)                    -7.7021202047E-001  
 HF contribution (EtotHF)                          -1.1626936064E+002  
 Singles correction (EcSingles)                    -8.7044520829E-003  
 HF contribution (EtotHF)                          -1.1626936064E+002  
 Singles correction (EcSingles)                    -8.7044520829E-003  
 Direct RPA correlation (EcRPA)                    -7.6985679671E-001  
 HF contribution (EtotHF)                          -2.2817572585E+002  
 Singles correction (EcSingles)                    -1.2699175539E-002  
 HF contribution (EtotHF)                          -2.2817572585E+002  
 Singles correction (EcSingles)                    -1.2699175539E-002  
 Direct RPA correlation (EcRPA)                    -1.2507956718E+000  
 HF contribution (EtotHF)                          -1.9232509574E+002  
 Singles correction (EcSingles)                    -1.2902547668E-002  
 HF contribution (EtotHF)                          -1.9232509574E+002  
 Singles correction (EcSingles)                    -1.2902547668E-002  
 Direct RPA correlation (EcRPA)                    -1.1875641459E+000  
 HF contribution (EtotHF)                          -1.9232737697E+002  
 Singles correction (EcSingles)                    -1.2978179784E-002  
 HF contribution (EtotHF)                          -1.9232737697E+002  
 Singles correction (EcSingles)                    -1.2978179784E-002  
 Direct RPA correlation (EcRPA)                    -1.1871651280E+000  
 HF contribution (EtotHF)                          -1.9232733762E+002  
 Singles correction (EcSingles)                    -1.3012395219E-002  
 HF contribution (EtotHF)                          -1.9232733762E+002  
 Singles correction (EcSingles)                    -1.3012395219E-002  
 Direct RPA correlation (EcRPA)                    -1.1877882012E+000  
