 Converged energy                           -269.631926051806
 Converged energy                            -76.384432131961
 Converged energy                            -76.384370471065
 Converged energy                            -76.384628173013
 Converged energy                           -152.769633394994
 Converged energy                           -152.769272044092
 Converged energy                           -152.769319926880
 Converged energy                            -40.476700711927
 Converged energy                           -116.861233059388
 Converged energy                           -116.861553549459
 Converged energy                           -116.861210112909
 Converged energy                           -229.154798265344
 Converged energy                           -193.246881632285
 Converged energy                           -193.245968917527
 Converged energy                           -193.246368006890
 HF contribution (EtotHF)                          -2.6838571198E+002  
 Singles correction (EcSingles)                    -1.7243902730E-002  
 HF contribution (EtotHF)                          -2.6838571198E+002  
 Singles correction (EcSingles)                    -1.7243902730E-002  
 Direct RPA correlation (EcRPA)                    -1.6048725456E+000  
 HF contribution (EtotHF)                          -7.6058132498E+001  
 Singles correction (EcSingles)                    -4.2267648740E-003  
 HF contribution (EtotHF)                          -7.6058132498E+001  
 Singles correction (EcSingles)                    -4.2267648740E-003  
 Direct RPA correlation (EcRPA)                    -4.1684707160E-001  
 HF contribution (EtotHF)                          -7.6058046300E+001  
 Singles correction (EcSingles)                    -4.2290701171E-003  
 HF contribution (EtotHF)                          -7.6058046300E+001  
 Singles correction (EcSingles)                    -4.2290701171E-003  
 Direct RPA correlation (EcRPA)                    -4.1690062787E-001  
 HF contribution (EtotHF)                          -7.6058234135E+001  
 Singles correction (EcSingles)                    -4.2343055663E-003  
 HF contribution (EtotHF)                          -7.6058234135E+001  
 Singles correction (EcSingles)                    -4.2343055663E-003  
 Direct RPA correlation (EcRPA)                    -4.1696544455E-001  
 HF contribution (EtotHF)                          -1.5211697339E+002  
 Singles correction (EcSingles)                    -8.4709607680E-003  
 HF contribution (EtotHF)                          -1.5211697339E+002  
 Singles correction (EcSingles)                    -8.4709607680E-003  
 Direct RPA correlation (EcRPA)                    -8.3379000163E-001  
 HF contribution (EtotHF)                          -1.5211658997E+002  
 Singles correction (EcSingles)                    -8.4596638181E-003  
 HF contribution (EtotHF)                          -1.5211658997E+002  
 Singles correction (EcSingles)                    -8.4596638181E-003  
 Direct RPA correlation (EcRPA)                    -8.3383492391E-001  
 HF contribution (EtotHF)                          -1.5211666386E+002  
 Singles correction (EcSingles)                    -8.4563141656E-003  
 HF contribution (EtotHF)                          -1.5211666386E+002  
 Singles correction (EcSingles)                    -8.4563141656E-003  
 Direct RPA correlation (EcRPA)                    -8.3377372932E-001  
 HF contribution (EtotHF)                          -4.0211063766E+001  
 Singles correction (EcSingles)                    -4.3012542015E-003  
 HF contribution (EtotHF)                          -4.0211063766E+001  
 Singles correction (EcSingles)                    -4.3012542015E-003  
 Direct RPA correlation (EcRPA)                    -3.5213228277E-001  
 HF contribution (EtotHF)                          -1.1626896754E+002  
 Singles correction (EcSingles)                    -8.5779783572E-003  
 HF contribution (EtotHF)                          -1.1626896754E+002  
 Singles correction (EcSingles)                    -8.5779783572E-003  
 Direct RPA correlation (EcRPA)                    -7.6946838125E-001  
 HF contribution (EtotHF)                          -1.1626905528E+002  
 Singles correction (EcSingles)                    -8.5931431055E-003  
 HF contribution (EtotHF)                          -1.1626905528E+002  
 Singles correction (EcSingles)                    -8.5931431055E-003  
 Direct RPA correlation (EcRPA)                    -7.6967847780E-001  
 HF contribution (EtotHF)                          -1.1626839955E+002  
 Singles correction (EcSingles)                    -8.6775078425E-003  
 HF contribution (EtotHF)                          -1.1626839955E+002  
 Singles correction (EcSingles)                    -8.6775078425E-003  
 Direct RPA correlation (EcRPA)                    -7.7003426608E-001  
 HF contribution (EtotHF)                          -2.2817581828E+002  
 Singles correction (EcSingles)                    -1.2696780553E-002  
 HF contribution (EtotHF)                          -2.2817581828E+002  
 Singles correction (EcSingles)                    -1.2696780553E-002  
 Direct RPA correlation (EcRPA)                    -1.2506848841E+000  
 HF contribution (EtotHF)                          -1.9232775788E+002  
 Singles correction (EcSingles)                    -1.2877742562E-002  
 HF contribution (EtotHF)                          -1.9232775788E+002  
 Singles correction (EcSingles)                    -1.2877742562E-002  
 Direct RPA correlation (EcRPA)                    -1.1870491286E+000  
 HF contribution (EtotHF)                          -1.9232656721E+002  
 Singles correction (EcSingles)                    -1.2949399343E-002  
 HF contribution (EtotHF)                          -1.9232656721E+002  
 Singles correction (EcSingles)                    -1.2949399343E-002  
 Direct RPA correlation (EcRPA)                    -1.1873340363E+000  
 HF contribution (EtotHF)                          -1.9232674219E+002  
 Singles correction (EcSingles)                    -1.2964020881E-002  
 HF contribution (EtotHF)                          -1.9232674219E+002  
 Singles correction (EcSingles)                    -1.2964020881E-002  
 Direct RPA correlation (EcRPA)                    -1.1875387456E+000  
