 Converged energy                           -269.632983959996
 Converged energy                            -76.384433042107
 Converged energy                            -76.385010658080
 Converged energy                            -76.384951227425
 Converged energy                           -152.769828160534
 Converged energy                           -152.770337399872
 Converged energy                           -152.770198609298
 Converged energy                            -40.476700301953
 Converged energy                           -116.861233443828
 Converged energy                           -116.861763581063
 Converged energy                           -116.861942345462
 Converged energy                           -229.155963683601
 Converged energy                           -193.246653576998
 Converged energy                           -193.247256659749
 Converged energy                           -193.247317416359
 HF contribution (EtotHF)                          -2.6838781347E+002  
 Singles correction (EcSingles)                    -1.7149821261E-002  
 HF contribution (EtotHF)                          -2.6838781347E+002  
 Singles correction (EcSingles)                    -1.7149821261E-002  
 Direct RPA correlation (EcRPA)                    -1.6037945305E+000  
 HF contribution (EtotHF)                          -7.6058132721E+001  
 Singles correction (EcSingles)                    -4.2270038081E-003  
 HF contribution (EtotHF)                          -7.6058132721E+001  
 Singles correction (EcSingles)                    -4.2270038081E-003  
 Direct RPA correlation (EcRPA)                    -4.1685006523E-001  
 HF contribution (EtotHF)                          -7.6058938000E+001  
 Singles correction (EcSingles)                    -4.2123246581E-003  
 HF contribution (EtotHF)                          -7.6058938000E+001  
 Singles correction (EcSingles)                    -4.2123246581E-003  
 Direct RPA correlation (EcRPA)                    -4.1662559062E-001  
 HF contribution (EtotHF)                          -7.6059007086E+001  
 Singles correction (EcSingles)                    -4.2018905689E-003  
 HF contribution (EtotHF)                          -7.6059007086E+001  
 Singles correction (EcSingles)                    -4.2018905689E-003  
 Direct RPA correlation (EcRPA)                    -4.1646950247E-001  
 HF contribution (EtotHF)                          -1.5211751069E+002  
 Singles correction (EcSingles)                    -8.4328382221E-003  
 HF contribution (EtotHF)                          -1.5211751069E+002  
 Singles correction (EcSingles)                    -8.4328382221E-003  
 Direct RPA correlation (EcRPA)                    -8.3342067631E-001  
 HF contribution (EtotHF)                          -1.5211837361E+002  
 Singles correction (EcSingles)                    -8.4082347708E-003  
 HF contribution (EtotHF)                          -1.5211837361E+002  
 Singles correction (EcSingles)                    -8.4082347708E-003  
 Direct RPA correlation (EcRPA)                    -8.3304329628E-001  
 HF contribution (EtotHF)                          -1.5211792542E+002  
 Singles correction (EcSingles)                    -8.4420768587E-003  
 HF contribution (EtotHF)                          -1.5211792542E+002  
 Singles correction (EcSingles)                    -8.4420768587E-003  
 Direct RPA correlation (EcRPA)                    -8.3335635555E-001  
 HF contribution (EtotHF)                          -4.0211065078E+001  
 Singles correction (EcSingles)                    -4.3008888689E-003  
 HF contribution (EtotHF)                          -4.0211065078E+001  
 Singles correction (EcSingles)                    -4.3008888689E-003  
 Direct RPA correlation (EcRPA)                    -3.5210912643E-001  
 HF contribution (EtotHF)                          -1.1626896905E+002  
 Singles correction (EcSingles)                    -8.5778470032E-003  
 HF contribution (EtotHF)                          -1.1626896905E+002  
 Singles correction (EcSingles)                    -8.5778470032E-003  
 Direct RPA correlation (EcRPA)                    -7.6944804470E-001  
 HF contribution (EtotHF)                          -1.1626942765E+002  
 Singles correction (EcSingles)                    -8.6318582331E-003  
 HF contribution (EtotHF)                          -1.1626942765E+002  
 Singles correction (EcSingles)                    -8.6318582331E-003  
 Direct RPA correlation (EcRPA)                    -7.6954706908E-001  
 HF contribution (EtotHF)                          -1.1626999046E+002  
 Singles correction (EcSingles)                    -8.5487182420E-003  
 HF contribution (EtotHF)                          -1.1626999046E+002  
 Singles correction (EcSingles)                    -8.5487182420E-003  
 Direct RPA correlation (EcRPA)                    -7.6908271430E-001  
 HF contribution (EtotHF)                          -2.2817772691E+002  
 Singles correction (EcSingles)                    -1.2641737259E-002  
 HF contribution (EtotHF)                          -2.2817772691E+002  
 Singles correction (EcSingles)                    -1.2641737259E-002  
 Direct RPA correlation (EcRPA)                    -1.2498750934E+000  
 HF contribution (EtotHF)                          -1.9232774408E+002  
 Singles correction (EcSingles)                    -1.2901555300E-002  
 HF contribution (EtotHF)                          -1.9232774408E+002  
 Singles correction (EcSingles)                    -1.2901555300E-002  
 Direct RPA correlation (EcRPA)                    -1.1868356189E+000  
 HF contribution (EtotHF)                          -1.9232868381E+002  
 Singles correction (EcSingles)                    -1.2832047531E-002  
 HF contribution (EtotHF)                          -1.9232868381E+002  
 Singles correction (EcSingles)                    -1.2832047531E-002  
 Direct RPA correlation (EcRPA)                    -1.1864483245E+000  
 HF contribution (EtotHF)                          -1.9232871176E+002  
 Singles correction (EcSingles)                    -1.2873843044E-002  
 HF contribution (EtotHF)                          -1.9232871176E+002  
 Singles correction (EcSingles)                    -1.2873843044E-002  
 Direct RPA correlation (EcRPA)                    -1.1864795740E+000  
