 Converged energy                           -269.638895711255
 Converged energy                            -76.384430597056
 Converged energy                            -76.384941840605
 Converged energy                            -76.385251776985
 Converged energy                           -152.769485449631
 Converged energy                           -152.777011310573
 Converged energy                           -152.769804812441
 Converged energy                            -40.476700988975
 Converged energy                           -116.861231684615
 Converged energy                           -116.862097465691
 Converged energy                           -116.862108427477
 Converged energy                           -229.161646533965
 Converged energy                           -193.246684945881
 Converged energy                           -193.246735037318
 Converged energy                           -193.254238717641
 HF contribution (EtotHF)                          -2.6838998789E+002  
 Singles correction (EcSingles)                    -1.7805053352E-002  
 HF contribution (EtotHF)                          -2.6838998789E+002  
 Singles correction (EcSingles)                    -1.7805053352E-002  
 Direct RPA correlation (EcRPA)                    -1.6072143506E+000  
 HF contribution (EtotHF)                          -7.6058130876E+001  
 Singles correction (EcSingles)                    -4.2262596113E-003  
 HF contribution (EtotHF)                          -7.6058130876E+001  
 Singles correction (EcSingles)                    -4.2262596113E-003  
 Direct RPA correlation (EcRPA)                    -4.1683207450E-001  
 HF contribution (EtotHF)                          -7.6058966638E+001  
 Singles correction (EcSingles)                    -4.2126269325E-003  
 HF contribution (EtotHF)                          -7.6058966638E+001  
 Singles correction (EcSingles)                    -4.2126269325E-003  
 Direct RPA correlation (EcRPA)                    -4.1691726723E-001  
 HF contribution (EtotHF)                          -7.6059330412E+001  
 Singles correction (EcSingles)                    -4.2081640010E-003  
 HF contribution (EtotHF)                          -7.6059330412E+001  
 Singles correction (EcSingles)                    -4.2081640010E-003  
 Direct RPA correlation (EcRPA)                    -4.1673482125E-001  
 HF contribution (EtotHF)                          -1.5211721802E+002  
 Singles correction (EcSingles)                    -8.4380197872E-003  
 HF contribution (EtotHF)                          -1.5211721802E+002  
 Singles correction (EcSingles)                    -8.4380197872E-003  
 Direct RPA correlation (EcRPA)                    -8.3374495538E-001  
 HF contribution (EtotHF)                          -1.5212175828E+002  
 Singles correction (EcSingles)                    -9.0038695950E-003  
 HF contribution (EtotHF)                          -1.5212175828E+002  
 Singles correction (EcSingles)                    -9.0038695950E-003  
 Direct RPA correlation (EcRPA)                    -8.3607625382E-001  
 HF contribution (EtotHF)                          -1.5211760474E+002  
 Singles correction (EcSingles)                    -8.4317047861E-003  
 HF contribution (EtotHF)                          -1.5211760474E+002  
 Singles correction (EcSingles)                    -8.4317047861E-003  
 Direct RPA correlation (EcRPA)                    -8.3354584383E-001  
 HF contribution (EtotHF)                          -4.0211065017E+001  
 Singles correction (EcSingles)                    -4.3010521806E-003  
 HF contribution (EtotHF)                          -4.0211065017E+001  
 Singles correction (EcSingles)                    -4.3010521806E-003  
 Direct RPA correlation (EcRPA)                    -3.5212847170E-001  
 HF contribution (EtotHF)                          -1.1626896711E+002  
 Singles correction (EcSingles)                    -8.5773123587E-003  
 HF contribution (EtotHF)                          -1.1626896711E+002  
 Singles correction (EcSingles)                    -8.5773123587E-003  
 Direct RPA correlation (EcRPA)                    -7.6944954187E-001  
 HF contribution (EtotHF)                          -1.1627005045E+002  
 Singles correction (EcSingles)                    -8.5633162225E-003  
 HF contribution (EtotHF)                          -1.1627005045E+002  
 Singles correction (EcSingles)                    -8.5633162225E-003  
 Direct RPA correlation (EcRPA)                    -7.6959939789E-001  
 HF contribution (EtotHF)                          -1.1626936577E+002  
 Singles correction (EcSingles)                    -8.7086415415E-003  
 HF contribution (EtotHF)                          -1.1626936577E+002  
 Singles correction (EcSingles)                    -8.7086415415E-003  
 Direct RPA correlation (EcRPA)                    -7.7005629096E-001  
 HF contribution (EtotHF)                          -2.2818012446E+002  
 Singles correction (EcSingles)                    -1.3225720396E-002  
 HF contribution (EtotHF)                          -2.2818012446E+002  
 Singles correction (EcSingles)                    -1.3225720396E-002  
 Direct RPA correlation (EcRPA)                    -1.2528834187E+000  
 HF contribution (EtotHF)                          -1.9232800346E+002  
 Singles correction (EcSingles)                    -1.2840873341E-002  
 HF contribution (EtotHF)                          -1.9232800346E+002  
 Singles correction (EcSingles)                    -1.2840873341E-002  
 Direct RPA correlation (EcRPA)                    -1.1869322877E+000  
 HF contribution (EtotHF)                          -1.9232738174E+002  
 Singles correction (EcSingles)                    -1.2982396489E-002  
 HF contribution (EtotHF)                          -1.9232738174E+002  
 Singles correction (EcSingles)                    -1.2982396489E-002  
 Direct RPA correlation (EcRPA)                    -1.1873622776E+000  
 HF contribution (EtotHF)                          -1.9233194409E+002  
 Singles correction (EcSingles)                    -1.3530953776E-002  
 HF contribution (EtotHF)                          -1.9233194409E+002  
 Singles correction (EcSingles)                    -1.3530953776E-002  
 Direct RPA correlation (EcRPA)                    -1.1898967065E+000  
