 Converged energy                           -269.632257067731
 Converged energy                            -76.384613238935
 Converged energy                            -76.385229299555
 Converged energy                            -76.385128682769
 Converged energy                           -152.769428448366
 Converged energy                           -152.771868950151
 Converged energy                           -152.769088396876
 Converged energy                            -40.476701574417
 Converged energy                           -116.861262145642
 Converged energy                           -116.862364224304
 Converged energy                           -116.861783014453
 Converged energy                           -229.155405064971
 Converged energy                           -193.246515486573
 Converged energy                           -193.245597399649
 Converged energy                           -193.248860971996
 HF contribution (EtotHF)                          -2.6838556007E+002  
 Singles correction (EcSingles)                    -1.7453614819E-002  
 HF contribution (EtotHF)                          -2.6838556007E+002  
 Singles correction (EcSingles)                    -1.7453614819E-002  
 Direct RPA correlation (EcRPA)                    -1.6056187123E+000  
 HF contribution (EtotHF)                          -7.6058216751E+001  
 Singles correction (EcSingles)                    -4.2356860511E-003  
 HF contribution (EtotHF)                          -7.6058216751E+001  
 Singles correction (EcSingles)                    -4.2356860511E-003  
 Direct RPA correlation (EcRPA)                    -4.1700866228E-001  
 HF contribution (EtotHF)                          -7.6059316576E+001  
 Singles correction (EcSingles)                    -4.2036622274E-003  
 HF contribution (EtotHF)                          -7.6059316576E+001  
 Singles correction (EcSingles)                    -4.2036622274E-003  
 Direct RPA correlation (EcRPA)                    -4.1650908987E-001  
 HF contribution (EtotHF)                          -7.6059083658E+001  
 Singles correction (EcSingles)                    -4.2138476870E-003  
 HF contribution (EtotHF)                          -7.6059083658E+001  
 Singles correction (EcSingles)                    -4.2138476870E-003  
 Direct RPA correlation (EcRPA)                    -4.1670375894E-001  
 HF contribution (EtotHF)                          -1.5211704282E+002  
 Singles correction (EcSingles)                    -8.4515647128E-003  
 HF contribution (EtotHF)                          -1.5211704282E+002  
 Singles correction (EcSingles)                    -8.4515647128E-003  
 Direct RPA correlation (EcRPA)                    -8.3362005845E-001  
 HF contribution (EtotHF)                          -1.5211984850E+002  
 Singles correction (EcSingles)                    -8.4457401500E-003  
 HF contribution (EtotHF)                          -1.5211984850E+002  
 Singles correction (EcSingles)                    -8.4457401500E-003  
 Direct RPA correlation (EcRPA)                    -8.3326197648E-001  
 HF contribution (EtotHF)                          -1.5211628587E+002  
 Singles correction (EcSingles)                    -8.5247950135E-003  
 HF contribution (EtotHF)                          -1.5211628587E+002  
 Singles correction (EcSingles)                    -8.5247950135E-003  
 Direct RPA correlation (EcRPA)                    -8.3409978121E-001  
 HF contribution (EtotHF)                          -4.0211064095E+001  
 Singles correction (EcSingles)                    -4.3015057557E-003  
 HF contribution (EtotHF)                          -4.0211064095E+001  
 Singles correction (EcSingles)                    -4.3015057557E-003  
 Direct RPA correlation (EcRPA)                    -3.5214802632E-001  
 HF contribution (EtotHF)                          -1.1626850306E+002  
 Singles correction (EcSingles)                    -8.6715887724E-003  
 HF contribution (EtotHF)                          -1.1626850306E+002  
 Singles correction (EcSingles)                    -8.6715887724E-003  
 Direct RPA correlation (EcRPA)                    -7.7005792718E-001  
 HF contribution (EtotHF)                          -1.1627011937E+002  
 Singles correction (EcSingles)                    -8.6189726412E-003  
 HF contribution (EtotHF)                          -1.1627011937E+002  
 Singles correction (EcSingles)                    -8.6189726412E-003  
 Direct RPA correlation (EcRPA)                    -7.6945245664E-001  
 HF contribution (EtotHF)                          -1.1626914675E+002  
 Singles correction (EcSingles)                    -8.6827775066E-003  
 HF contribution (EtotHF)                          -1.1626914675E+002  
 Singles correction (EcSingles)                    -8.6827775066E-003  
 Direct RPA correlation (EcRPA)                    -7.6989350835E-001  
 HF contribution (EtotHF)                          -2.2817655478E+002  
 Singles correction (EcSingles)                    -1.2767507133E-002  
 HF contribution (EtotHF)                          -2.2817655478E+002  
 Singles correction (EcSingles)                    -1.2767507133E-002  
 Direct RPA correlation (EcRPA)                    -1.2507594654E+000  
 HF contribution (EtotHF)                          -1.9232707334E+002  
 Singles correction (EcSingles)                    -1.3000722427E-002  
 HF contribution (EtotHF)                          -1.9232707334E+002  
 Singles correction (EcSingles)                    -1.3000722427E-002  
 Direct RPA correlation (EcRPA)                    -1.1874661286E+000  
 HF contribution (EtotHF)                          -1.9232556752E+002  
 Singles correction (EcSingles)                    -1.3112496646E-002  
 HF contribution (EtotHF)                          -1.9232556752E+002  
 Singles correction (EcSingles)                    -1.3112496646E-002  
 Direct RPA correlation (EcRPA)                    -1.1881780615E+000  
 HF contribution (EtotHF)                          -1.9232963100E+002  
 Singles correction (EcSingles)                    -1.3012851047E-002  
 HF contribution (EtotHF)                          -1.9232963100E+002  
 Singles correction (EcSingles)                    -1.3012851047E-002  
 Direct RPA correlation (EcRPA)                    -1.1872310958E+000  
