 Converged energy                           -269.633649373892
 Converged energy                            -76.384613112146
 Converged energy                            -76.384914207498
 Converged energy                            -76.384949409583
 Converged energy                           -152.771127737875
 Converged energy                           -152.769760780108
 Converged energy                           -152.769980303529
 Converged energy                            -40.476701145039
 Converged energy                           -116.861261621654
 Converged energy                           -116.862068991528
 Converged energy                           -116.861941443608
 Converged energy                           -229.156398086892
 Converged energy                           -193.248115945593
 Converged energy                           -193.246854692914
 Converged energy                           -193.247246281532
 HF contribution (EtotHF)                          -2.6838766997E+002  
 Singles correction (EcSingles)                    -1.7280816209E-002  
 HF contribution (EtotHF)                          -2.6838766997E+002  
 Singles correction (EcSingles)                    -1.7280816209E-002  
 Direct RPA correlation (EcRPA)                    -1.6046133124E+000  
 HF contribution (EtotHF)                          -7.6058216916E+001  
 Singles correction (EcSingles)                    -4.2354575240E-003  
 HF contribution (EtotHF)                          -7.6058216916E+001  
 Singles correction (EcSingles)                    -4.2354575240E-003  
 Direct RPA correlation (EcRPA)                    -4.1699002095E-001  
 HF contribution (EtotHF)                          -7.6058818243E+001  
 Singles correction (EcSingles)                    -4.2145942666E-003  
 HF contribution (EtotHF)                          -7.6058818243E+001  
 Singles correction (EcSingles)                    -4.2145942666E-003  
 Direct RPA correlation (EcRPA)                    -4.1666962154E-001  
 HF contribution (EtotHF)                          -7.6059006307E+001  
 Singles correction (EcSingles)                    -4.2013318738E-003  
 HF contribution (EtotHF)                          -7.6059006307E+001  
 Singles correction (EcSingles)                    -4.2013318738E-003  
 Direct RPA correlation (EcRPA)                    -4.1645436728E-001  
 HF contribution (EtotHF)                          -1.5211855113E+002  
 Singles correction (EcSingles)                    -8.4829109821E-003  
 HF contribution (EtotHF)                          -1.5211855113E+002  
 Singles correction (EcSingles)                    -8.4829109821E-003  
 Direct RPA correlation (EcRPA)                    -8.3373124911E-001  
 HF contribution (EtotHF)                          -1.5211771144E+002  
 Singles correction (EcSingles)                    -8.4172706073E-003  
 HF contribution (EtotHF)                          -1.5211771144E+002  
 Singles correction (EcSingles)                    -8.4172706073E-003  
 Direct RPA correlation (EcRPA)                    -8.3314035747E-001  
 HF contribution (EtotHF)                          -1.5211770159E+002  
 Singles correction (EcSingles)                    -8.4298014555E-003  
 HF contribution (EtotHF)                          -1.5211770159E+002  
 Singles correction (EcSingles)                    -8.4298014555E-003  
 Direct RPA correlation (EcRPA)                    -8.3338391777E-001  
 HF contribution (EtotHF)                          -4.0211063931E+001  
 Singles correction (EcSingles)                    -4.3011385187E-003  
 HF contribution (EtotHF)                          -4.0211063931E+001  
 Singles correction (EcSingles)                    -4.3011385187E-003  
 Direct RPA correlation (EcRPA)                    -3.5213254930E-001  
 HF contribution (EtotHF)                          -1.1626850302E+002  
 Singles correction (EcSingles)                    -8.6709929659E-003  
 HF contribution (EtotHF)                          -1.1626850302E+002  
 Singles correction (EcSingles)                    -8.6709929659E-003  
 Direct RPA correlation (EcRPA)                    -7.7002370477E-001  
 HF contribution (EtotHF)                          -1.1626947192E+002  
 Singles correction (EcSingles)                    -8.6541866125E-003  
 HF contribution (EtotHF)                          -1.1626947192E+002  
 Singles correction (EcSingles)                    -8.6541866125E-003  
 Direct RPA correlation (EcRPA)                    -7.6974837300E-001  
 HF contribution (EtotHF)                          -1.1626998868E+002  
 Singles correction (EcSingles)                    -8.5483746011E-003  
 HF contribution (EtotHF)                          -1.1626998868E+002  
 Singles correction (EcSingles)                    -8.5483746011E-003  
 Direct RPA correlation (EcRPA)                    -7.6909093941E-001  
 HF contribution (EtotHF)                          -2.2817792818E+002  
 Singles correction (EcSingles)                    -1.2678731816E-002  
 HF contribution (EtotHF)                          -2.2817792818E+002  
 Singles correction (EcSingles)                    -1.2678731816E-002  
 Direct RPA correlation (EcRPA)                    -1.2501416521E+000  
 HF contribution (EtotHF)                          -1.9232840597E+002  
 Singles correction (EcSingles)                    -1.3039619459E-002  
 HF contribution (EtotHF)                          -1.9232840597E+002  
 Singles correction (EcSingles)                    -1.3039619459E-002  
 Direct RPA correlation (EcRPA)                    -1.1876908845E+000  
 HF contribution (EtotHF)                          -1.9232783644E+002  
 Singles correction (EcSingles)                    -1.2911193283E-002  
 HF contribution (EtotHF)                          -1.9232783644E+002  
 Singles correction (EcSingles)                    -1.2911193283E-002  
 Direct RPA correlation (EcRPA)                    -1.1869316937E+000  
 HF contribution (EtotHF)                          -1.9232832375E+002  
 Singles correction (EcSingles)                    -1.2902448731E-002  
 HF contribution (EtotHF)                          -1.9232832375E+002  
 Singles correction (EcSingles)                    -1.2902448731E-002  
 Direct RPA correlation (EcRPA)                    -1.1867212580E+000  
