 Converged energy                           -269.633338913785
 Converged energy                            -76.384616491532
 Converged energy                            -76.385129085465
 Converged energy                            -76.385066781740
 Converged energy                           -152.769092021310
 Converged energy                           -152.771309551868
 Converged energy                           -152.771272784641
 Converged energy                            -40.476703016447
 Converged energy                           -116.861267067768
 Converged energy                           -116.861785049622
 Converged energy                           -116.862026651838
 Converged energy                           -229.156786811953
 Converged energy                           -193.245602901933
 Converged energy                           -193.248027049224
 Converged energy                           -193.248137731750
 HF contribution (EtotHF)                          -2.6838654852E+002  
 Singles correction (EcSingles)                    -1.7482963090E-002  
 HF contribution (EtotHF)                          -2.6838654852E+002  
 Singles correction (EcSingles)                    -1.7482963090E-002  
 Direct RPA correlation (EcRPA)                    -1.6058647664E+000  
 HF contribution (EtotHF)                          -7.6058220070E+001  
 Singles correction (EcSingles)                    -4.2366294907E-003  
 HF contribution (EtotHF)                          -7.6058220070E+001  
 Singles correction (EcSingles)                    -4.2366294907E-003  
 Direct RPA correlation (EcRPA)                    -4.1703472342E-001  
 HF contribution (EtotHF)                          -7.6059084303E+001  
 Singles correction (EcSingles)                    -4.2138868572E-003  
 HF contribution (EtotHF)                          -7.6059084303E+001  
 Singles correction (EcSingles)                    -4.2138868572E-003  
 Direct RPA correlation (EcRPA)                    -4.1670653266E-001  
 HF contribution (EtotHF)                          -7.6059039778E+001  
 Singles correction (EcSingles)                    -4.2116069562E-003  
 HF contribution (EtotHF)                          -7.6059039778E+001  
 Singles correction (EcSingles)                    -4.2116069562E-003  
 Direct RPA correlation (EcRPA)                    -4.1664119225E-001  
 HF contribution (EtotHF)                          -1.5211628979E+002  
 Singles correction (EcSingles)                    -8.5258041956E-003  
 HF contribution (EtotHF)                          -1.5211628979E+002  
 Singles correction (EcSingles)                    -8.5258041956E-003  
 Direct RPA correlation (EcRPA)                    -8.3412866883E-001  
 HF contribution (EtotHF)                          -1.5211912041E+002  
 Singles correction (EcSingles)                    -8.4658210984E-003  
 HF contribution (EtotHF)                          -1.5211912041E+002  
 Singles correction (EcSingles)                    -8.4658210984E-003  
 Direct RPA correlation (EcRPA)                    -8.3345186975E-001  
 HF contribution (EtotHF)                          -1.5211877117E+002  
 Singles correction (EcSingles)                    -8.4803640720E-003  
 HF contribution (EtotHF)                          -1.5211877117E+002  
 Singles correction (EcSingles)                    -8.4803640720E-003  
 Direct RPA correlation (EcRPA)                    -8.3374059088E-001  
 HF contribution (EtotHF)                          -4.0211064434E+001  
 Singles correction (EcSingles)                    -4.3017751516E-003  
 HF contribution (EtotHF)                          -4.0211064434E+001  
 Singles correction (EcSingles)                    -4.3017751516E-003  
 Direct RPA correlation (EcRPA)                    -3.5215821698E-001  
 HF contribution (EtotHF)                          -1.1626850676E+002  
 Singles correction (EcSingles)                    -8.6727297094E-003  
 HF contribution (EtotHF)                          -1.1626850676E+002  
 Singles correction (EcSingles)                    -8.6727297094E-003  
 Direct RPA correlation (EcRPA)                    -7.7009468653E-001  
 HF contribution (EtotHF)                          -1.1626914773E+002  
 Singles correction (EcSingles)                    -8.6831325542E-003  
 HF contribution (EtotHF)                          -1.1626914773E+002  
 Singles correction (EcSingles)                    -8.6831325542E-003  
 Direct RPA correlation (EcRPA)                    -7.6990659010E-001  
 HF contribution (EtotHF)                          -1.1626961062E+002  
 Singles correction (EcSingles)                    -8.6383418146E-003  
 HF contribution (EtotHF)                          -1.1626961062E+002  
 Singles correction (EcSingles)                    -8.6383418146E-003  
 Direct RPA correlation (EcRPA)                    -7.6968204793E-001  
 HF contribution (EtotHF)                          -2.2817779622E+002  
 Singles correction (EcSingles)                    -1.2801657183E-002  
 HF contribution (EtotHF)                          -2.2817779622E+002  
 Singles correction (EcSingles)                    -1.2801657183E-002  
 Direct RPA correlation (EcRPA)                    -1.2509344223E+000  
 HF contribution (EtotHF)                          -1.9232557181E+002  
 Singles correction (EcSingles)                    -1.3113740693E-002  
 HF contribution (EtotHF)                          -1.9232557181E+002  
 Singles correction (EcSingles)                    -1.3113740693E-002  
 Direct RPA correlation (EcRPA)                    -1.1882177793E+000  
 HF contribution (EtotHF)                          -1.9232850973E+002  
 Singles correction (EcSingles)                    -1.3022276804E-002  
 HF contribution (EtotHF)                          -1.9232850973E+002  
 Singles correction (EcSingles)                    -1.3022276804E-002  
 Direct RPA correlation (EcRPA)                    -1.1876645446E+000  
 HF contribution (EtotHF)                          -1.9232871331E+002  
 Singles correction (EcSingles)                    -1.3040683069E-002  
 HF contribution (EtotHF)                          -1.9232871331E+002  
 Singles correction (EcSingles)                    -1.3040683069E-002  
 Direct RPA correlation (EcRPA)                    -1.1875072952E+000  
