 Converged energy                           -269.638508296621
 Converged energy                            -76.385010035959
 Converged energy                            -76.385242802830
 Converged energy                            -76.384950435256
 Converged energy                           -152.777110600107
 Converged energy                           -152.769764939165
 Converged energy                           -152.769605288086
 Converged energy                            -40.476699368040
 Converged energy                           -116.861738486756
 Converged energy                           -116.862375676893
 Converged energy                           -116.861940624101
 Converged energy                           -229.161048551392
 Converged energy                           -193.254229255344
 Converged energy                           -193.246662110656
 Converged energy                           -193.247189112021
 HF contribution (EtotHF)                          -2.6839034170E+002  
 Singles correction (EcSingles)                    -1.7710625737E-002  
 HF contribution (EtotHF)                          -2.6839034170E+002  
 Singles correction (EcSingles)                    -1.7710625737E-002  
 Direct RPA correlation (EcRPA)                    -1.6065485184E+000  
 HF contribution (EtotHF)                          -7.6059082869E+001  
 Singles correction (EcSingles)                    -4.2090381586E-003  
 HF contribution (EtotHF)                          -7.6059082869E+001  
 Singles correction (EcSingles)                    -4.2090381586E-003  
 Direct RPA correlation (EcRPA)                    -4.1685332012E-001  
 HF contribution (EtotHF)                          -7.6059323262E+001  
 Singles correction (EcSingles)                    -4.2075451010E-003  
 HF contribution (EtotHF)                          -7.6059323262E+001  
 Singles correction (EcSingles)                    -4.2075451010E-003  
 Direct RPA correlation (EcRPA)                    -4.1669855973E-001  
 HF contribution (EtotHF)                          -7.6059006492E+001  
 Singles correction (EcSingles)                    -4.2017830992E-003  
 HF contribution (EtotHF)                          -7.6059006492E+001  
 Singles correction (EcSingles)                    -4.2017830992E-003  
 Direct RPA correlation (EcRPA)                    -4.1646015240E-001  
 HF contribution (EtotHF)                          -1.5212193667E+002  
 Singles correction (EcSingles)                    -8.9960300596E-003  
 HF contribution (EtotHF)                          -1.5212193667E+002  
 Singles correction (EcSingles)                    -8.9960300596E-003  
 Direct RPA correlation (EcRPA)                    -8.3595755993E-001  
 HF contribution (EtotHF)                          -1.5211775891E+002  
 Singles correction (EcSingles)                    -8.4351908315E-003  
 HF contribution (EtotHF)                          -1.5211775891E+002  
 Singles correction (EcSingles)                    -8.4351908315E-003  
 Direct RPA correlation (EcRPA)                    -8.3333489657E-001  
 HF contribution (EtotHF)                          -1.5211767743E+002  
 Singles correction (EcSingles)                    -8.4183774379E-003  
 HF contribution (EtotHF)                          -1.5211767743E+002  
 Singles correction (EcSingles)                    -8.4183774379E-003  
 Direct RPA correlation (EcRPA)                    -8.3338794664E-001  
 HF contribution (EtotHF)                          -4.0211063391E+001  
 Singles correction (EcSingles)                    -4.3008632062E-003  
 HF contribution (EtotHF)                          -4.0211063391E+001  
 Singles correction (EcSingles)                    -4.3008632062E-003  
 Direct RPA correlation (EcRPA)                    -3.5211324115E-001  
 HF contribution (EtotHF)                          -1.1626979484E+002  
 Singles correction (EcSingles)                    -8.5645379262E-003  
 HF contribution (EtotHF)                          -1.1626979484E+002  
 Singles correction (EcSingles)                    -8.5645379262E-003  
 Direct RPA correlation (EcRPA)                    -7.6950439466E-001  
 HF contribution (EtotHF)                          -1.1627012542E+002  
 Singles correction (EcSingles)                    -8.6222132377E-003  
 HF contribution (EtotHF)                          -1.1627012542E+002  
 Singles correction (EcSingles)                    -8.6222132377E-003  
 Direct RPA correlation (EcRPA)                    -7.6960850088E-001  
 HF contribution (EtotHF)                          -1.1626998811E+002  
 Singles correction (EcSingles)                    -8.5485992541E-003  
 HF contribution (EtotHF)                          -1.1626998811E+002  
 Singles correction (EcSingles)                    -8.5485992541E-003  
 Direct RPA correlation (EcRPA)                    -7.6907719742E-001  
 HF contribution (EtotHF)                          -2.2817973362E+002  
 Singles correction (EcSingles)                    -1.3229418349E-002  
 HF contribution (EtotHF)                          -2.2817973362E+002  
 Singles correction (EcSingles)                    -1.3229418349E-002  
 Direct RPA correlation (EcRPA)                    -1.2526802686E+000  
 HF contribution (EtotHF)                          -1.9233250334E+002  
 Singles correction (EcSingles)                    -1.3446364618E-002  
 HF contribution (EtotHF)                          -1.9233250334E+002  
 Singles correction (EcSingles)                    -1.3446364618E-002  
 Direct RPA correlation (EcRPA)                    -1.1893613950E+000  
 HF contribution (EtotHF)                          -1.9232835224E+002  
 Singles correction (EcSingles)                    -1.2818382016E-002  
 HF contribution (EtotHF)                          -1.9232835224E+002  
 Singles correction (EcSingles)                    -1.2818382016E-002  
 Direct RPA correlation (EcRPA)                    -1.1865351700E+000  
 HF contribution (EtotHF)                          -1.9232854599E+002  
 Singles correction (EcSingles)                    -1.2882062593E-002  
 HF contribution (EtotHF)                          -1.9232854599E+002  
 Singles correction (EcSingles)                    -1.2882062593E-002  
 Direct RPA correlation (EcRPA)                    -1.1867186008E+000  
