 Converged energy                           -269.639071330533
 Converged energy                            -76.385010172432
 Converged energy                            -76.385242072507
 Converged energy                            -76.384628382749
 Converged energy                           -152.777109994622
 Converged energy                           -152.769907293473
 Converged energy                           -152.770018973512
 Converged energy                            -40.476700799899
 Converged energy                           -116.861740032767
 Converged energy                           -116.862376380236
 Converged energy                           -116.861210526335
 Converged energy                           -229.162084899113
 Converged energy                           -193.254230086951
 Converged energy                           -193.246604100185
 Converged energy                           -193.246920729352
 HF contribution (EtotHF)                          -2.6839022158E+002  
 Singles correction (EcSingles)                    -1.7816138033E-002  
 HF contribution (EtotHF)                          -2.6839022158E+002  
 Singles correction (EcSingles)                    -1.7816138033E-002  
 Direct RPA correlation (EcRPA)                    -1.6072549019E+000  
 HF contribution (EtotHF)                          -7.6059083219E+001  
 Singles correction (EcSingles)                    -4.2090020576E-003  
 HF contribution (EtotHF)                          -7.6059083219E+001  
 Singles correction (EcSingles)                    -4.2090020576E-003  
 Direct RPA correlation (EcRPA)                    -4.1685362680E-001  
 HF contribution (EtotHF)                          -7.6059322599E+001  
 Singles correction (EcSingles)                    -4.2074814510E-003  
 HF contribution (EtotHF)                          -7.6059322599E+001  
 Singles correction (EcSingles)                    -4.2074814510E-003  
 Direct RPA correlation (EcRPA)                    -4.1669451497E-001  
 HF contribution (EtotHF)                          -7.6058234314E+001  
 Singles correction (EcSingles)                    -4.2343757351E-003  
 HF contribution (EtotHF)                          -7.6058234314E+001  
 Singles correction (EcSingles)                    -4.2343757351E-003  
 Direct RPA correlation (EcRPA)                    -4.1696671229E-001  
 HF contribution (EtotHF)                          -1.5212193633E+002  
 Singles correction (EcSingles)                    -8.9959330462E-003  
 HF contribution (EtotHF)                          -1.5212193633E+002  
 Singles correction (EcSingles)                    -8.9959330462E-003  
 Direct RPA correlation (EcRPA)                    -8.3595371378E-001  
 HF contribution (EtotHF)                          -1.5211758250E+002  
 Singles correction (EcSingles)                    -8.4453120966E-003  
 HF contribution (EtotHF)                          -1.5211758250E+002  
 Singles correction (EcSingles)                    -8.4453120966E-003  
 Direct RPA correlation (EcRPA)                    -8.3368426855E-001  
 HF contribution (EtotHF)                          -1.5211775552E+002  
 Singles correction (EcSingles)                    -8.4365304231E-003  
 HF contribution (EtotHF)                          -1.5211775552E+002  
 Singles correction (EcSingles)                    -8.4365304231E-003  
 Direct RPA correlation (EcRPA)                    -8.3376273864E-001  
 HF contribution (EtotHF)                          -4.0211063528E+001  
 Singles correction (EcSingles)                    -4.3011998091E-003  
 HF contribution (EtotHF)                          -4.0211063528E+001  
 Singles correction (EcSingles)                    -4.3011998091E-003  
 Direct RPA correlation (EcRPA)                    -3.5213272770E-001  
 HF contribution (EtotHF)                          -1.1626979529E+002  
 Singles correction (EcSingles)                    -8.5648371735E-003  
 HF contribution (EtotHF)                          -1.1626979529E+002  
 Singles correction (EcSingles)                    -8.5648371735E-003  
 Direct RPA correlation (EcRPA)                    -7.6952424282E-001  
 HF contribution (EtotHF)                          -1.1627012494E+002  
 Singles correction (EcSingles)                    -8.6224466803E-003  
 HF contribution (EtotHF)                          -1.1627012494E+002  
 Singles correction (EcSingles)                    -8.6224466803E-003  
 Direct RPA correlation (EcRPA)                    -7.6962401006E-001  
 HF contribution (EtotHF)                          -1.1626839959E+002  
 Singles correction (EcSingles)                    -8.6775264818E-003  
 HF contribution (EtotHF)                          -1.1626839959E+002  
 Singles correction (EcSingles)                    -8.6775264818E-003  
 Direct RPA correlation (EcRPA)                    -7.7003616024E-001  
 HF contribution (EtotHF)                          -2.2818056212E+002  
 Singles correction (EcSingles)                    -1.3226429612E-002  
 HF contribution (EtotHF)                          -2.2818056212E+002  
 Singles correction (EcSingles)                    -1.3226429612E-002  
 Direct RPA correlation (EcRPA)                    -1.2528914620E+000  
 HF contribution (EtotHF)                          -1.9233250318E+002  
 Singles correction (EcSingles)                    -1.3446560685E-002  
 HF contribution (EtotHF)                          -1.9233250318E+002  
 Singles correction (EcSingles)                    -1.3446560685E-002  
 Direct RPA correlation (EcRPA)                    -1.1893771427E+000  
 HF contribution (EtotHF)                          -1.9232754190E+002  
 Singles correction (EcSingles)                    -1.2933785878E-002  
 HF contribution (EtotHF)                          -1.9232754190E+002  
 Singles correction (EcSingles)                    -1.2933785878E-002  
 Direct RPA correlation (EcRPA)                    -1.1873754896E+000  
 HF contribution (EtotHF)                          -1.9232749307E+002  
 Singles correction (EcSingles)                    -1.2999466329E-002  
 HF contribution (EtotHF)                          -1.9232749307E+002  
 Singles correction (EcSingles)                    -1.2999466329E-002  
 Direct RPA correlation (EcRPA)                    -1.1875486136E+000  
