 Converged energy                           -269.633641350371
 Converged energy                            -76.384981990253
 Converged energy                            -76.384914369558
 Converged energy                            -76.384949061035
 Converged energy                           -152.771663010986
 Converged energy                           -152.769760593324
 Converged energy                           -152.769575905547
 Converged energy                            -40.476699759109
 Converged energy                           -116.861710641665
 Converged energy                           -116.862067741453
 Converged energy                           -116.861939676498
 Converged energy                           -229.156146189183
 Converged energy                           -193.248788333795
 Converged energy                           -193.246632921139
 Converged energy                           -193.247244653861
 HF contribution (EtotHF)                          -2.6838843011E+002  
 Singles correction (EcSingles)                    -1.7170871675E-002  
 HF contribution (EtotHF)                          -2.6838843011E+002  
 Singles correction (EcSingles)                    -1.7170871675E-002  
 Direct RPA correlation (EcRPA)                    -1.6037264705E+000  
 HF contribution (EtotHF)                          -7.6059066502E+001  
 Singles correction (EcSingles)                    -4.1999753921E-003  
 HF contribution (EtotHF)                          -7.6059066502E+001  
 Singles correction (EcSingles)                    -4.1999753921E-003  
 Direct RPA correlation (EcRPA)                    -4.1643780461E-001  
 HF contribution (EtotHF)                          -7.6058819038E+001  
 Singles correction (EcSingles)                    -4.2143911883E-003  
 HF contribution (EtotHF)                          -7.6058819038E+001  
 Singles correction (EcSingles)                    -4.2143911883E-003  
 Direct RPA correlation (EcRPA)                    -4.1667051041E-001  
 HF contribution (EtotHF)                          -7.6059005859E+001  
 Singles correction (EcSingles)                    -4.2013521066E-003  
 HF contribution (EtotHF)                          -7.6059005859E+001  
 Singles correction (EcSingles)                    -4.2013521066E-003  
 Direct RPA correlation (EcRPA)                    -4.1645195423E-001  
 HF contribution (EtotHF)                          -1.5211963681E+002  
 Singles correction (EcSingles)                    -8.4352857299E-003  
 HF contribution (EtotHF)                          -1.5211963681E+002  
 Singles correction (EcSingles)                    -8.4352857299E-003  
 Direct RPA correlation (EcRPA)                    -8.3310620722E-001  
 HF contribution (EtotHF)                          -1.5211771176E+002  
 Singles correction (EcSingles)                    -8.4171085788E-003  
 HF contribution (EtotHF)                          -1.5211771176E+002  
 Singles correction (EcSingles)                    -8.4171085788E-003  
 Direct RPA correlation (EcRPA)                    -8.3313881107E-001  
 HF contribution (EtotHF)                          -1.5211766038E+002  
 Singles correction (EcSingles)                    -8.4088726030E-003  
 HF contribution (EtotHF)                          -1.5211766038E+002  
 Singles correction (EcSingles)                    -8.4088726030E-003  
 Direct RPA correlation (EcRPA)                    -8.3296471937E-001  
 HF contribution (EtotHF)                          -4.0211062736E+001  
 Singles correction (EcSingles)                    -4.3010598751E-003  
 HF contribution (EtotHF)                          -4.0211062736E+001  
 Singles correction (EcSingles)                    -4.3010598751E-003  
 Direct RPA correlation (EcRPA)                    -3.5212246034E-001  
 HF contribution (EtotHF)                          -1.1626977787E+002  
 Singles correction (EcSingles)                    -8.5556993945E-003  
 HF contribution (EtotHF)                          -1.1626977787E+002  
 Singles correction (EcSingles)                    -8.5556993945E-003  
 Direct RPA correlation (EcRPA)                    -7.6909564930E-001  
 HF contribution (EtotHF)                          -1.1626947157E+002  
 Singles correction (EcSingles)                    -8.6539069694E-003  
 HF contribution (EtotHF)                          -1.1626947157E+002  
 Singles correction (EcSingles)                    -8.6539069694E-003  
 Direct RPA correlation (EcRPA)                    -7.6973940269E-001  
 HF contribution (EtotHF)                          -1.1626998701E+002  
 Singles correction (EcSingles)                    -8.5483361429E-003  
 HF contribution (EtotHF)                          -1.1626998701E+002  
 Singles correction (EcSingles)                    -8.5483361429E-003  
 Direct RPA correlation (EcRPA)                    -7.6907831701E-001  
 HF contribution (EtotHF)                          -2.2817811065E+002  
 Singles correction (EcSingles)                    -1.2645219807E-002  
 HF contribution (EtotHF)                          -2.2817811065E+002  
 Singles correction (EcSingles)                    -1.2645219807E-002  
 Direct RPA correlation (EcRPA)                    -1.2496492477E+000  
 HF contribution (EtotHF)                          -1.9232995170E+002  
 Singles correction (EcSingles)                    -1.2916665947E-002  
 HF contribution (EtotHF)                          -1.9232995170E+002  
 Singles correction (EcSingles)                    -1.2916665947E-002  
 Direct RPA correlation (EcRPA)                    -1.1866890872E+000  
 HF contribution (EtotHF)                          -1.9232833479E+002  
 Singles correction (EcSingles)                    -1.2809065258E-002  
 HF contribution (EtotHF)                          -1.9232833479E+002  
 Singles correction (EcSingles)                    -1.2809065258E-002  
 Direct RPA correlation (EcRPA)                    -1.1861187858E+000  
 HF contribution (EtotHF)                          -1.9232832294E+002  
 Singles correction (EcSingles)                    -1.2902189260E-002  
 HF contribution (EtotHF)                          -1.9232832294E+002  
 Singles correction (EcSingles)                    -1.2902189260E-002  
 Direct RPA correlation (EcRPA)                    -1.1867097594E+000  
