 Converged energy                           -269.631701208550
 Converged energy                            -76.384979935585
 Converged energy                            -76.384368608070
 Converged energy                            -76.384628331654
 Converged energy                           -152.769341009968
 Converged energy                           -152.769270350340
 Converged energy                           -152.769988667450
 Converged energy                            -40.476699697272
 Converged energy                           -116.861708553817
 Converged energy                           -116.861550743032
 Converged energy                           -116.861209331821
 Converged energy                           -229.154628761990
 Converged energy                           -193.246527672649
 Converged energy                           -193.246572518470
 Converged energy                           -193.246365435687
 HF contribution (EtotHF)                          -2.6838582140E+002  
 Singles correction (EcSingles)                    -1.7212582101E-002  
 HF contribution (EtotHF)                          -2.6838582140E+002  
 Singles correction (EcSingles)                    -1.7212582101E-002  
 Direct RPA correlation (EcRPA)                    -1.6044488907E+000  
 HF contribution (EtotHF)                          -7.6059064246E+001  
 Singles correction (EcSingles)                    -4.1996177238E-003  
 HF contribution (EtotHF)                          -7.6059064246E+001  
 Singles correction (EcSingles)                    -4.1996177238E-003  
 Direct RPA correlation (EcRPA)                    -4.1641870309E-001  
 HF contribution (EtotHF)                          -7.6058045009E+001  
 Singles correction (EcSingles)                    -4.2285787317E-003  
 HF contribution (EtotHF)                          -7.6058045009E+001  
 Singles correction (EcSingles)                    -4.2285787317E-003  
 Direct RPA correlation (EcRPA)                    -4.1688543538E-001  
 HF contribution (EtotHF)                          -7.6058234360E+001  
 Singles correction (EcSingles)                    -4.2343810403E-003  
 HF contribution (EtotHF)                          -7.6058234360E+001  
 Singles correction (EcSingles)                    -4.2343810403E-003  
 Direct RPA correlation (EcRPA)                    -4.1696622581E-001  
 HF contribution (EtotHF)                          -1.5211709541E+002  
 Singles correction (EcSingles)                    -8.4290712327E-003  
 HF contribution (EtotHF)                          -1.5211709541E+002  
 Singles correction (EcSingles)                    -8.4290712327E-003  
 Direct RPA correlation (EcRPA)                    -8.3331555132E-001  
 HF contribution (EtotHF)                          -1.5211658889E+002  
 Singles correction (EcSingles)                    -8.4592641134E-003  
 HF contribution (EtotHF)                          -1.5211658889E+002  
 Singles correction (EcSingles)                    -8.4592641134E-003  
 Direct RPA correlation (EcRPA)                    -8.3382049427E-001  
 HF contribution (EtotHF)                          -1.5211773661E+002  
 Singles correction (EcSingles)                    -8.4271746771E-003  
 HF contribution (EtotHF)                          -1.5211773661E+002  
 Singles correction (EcSingles)                    -8.4271746771E-003  
 Direct RPA correlation (EcRPA)                    -8.3332716567E-001  
 HF contribution (EtotHF)                          -4.0211061763E+001  
 Singles correction (EcSingles)                    -4.3013360252E-003  
 HF contribution (EtotHF)                          -4.0211061763E+001  
 Singles correction (EcSingles)                    -4.3013360252E-003  
 Direct RPA correlation (EcRPA)                    -3.5213514153E-001  
 HF contribution (EtotHF)                          -1.1626977467E+002  
 Singles correction (EcSingles)                    -8.5556300572E-003  
 HF contribution (EtotHF)                          -1.1626977467E+002  
 Singles correction (EcSingles)                    -8.5556300572E-003  
 Direct RPA correlation (EcRPA)                    -7.6908897021E-001  
 HF contribution (EtotHF)                          -1.1626905205E+002  
 Singles correction (EcSingles)                    -8.5927077340E-003  
 HF contribution (EtotHF)                          -1.1626905205E+002  
 Singles correction (EcSingles)                    -8.5927077340E-003  
 Direct RPA correlation (EcRPA)                    -7.6966584404E-001  
 HF contribution (EtotHF)                          -1.1626839770E+002  
 Singles correction (EcSingles)                    -8.6776760504E-003  
 HF contribution (EtotHF)                          -1.1626839770E+002  
 Singles correction (EcSingles)                    -8.6776760504E-003  
 Direct RPA correlation (EcRPA)                    -7.7003797188E-001  
 HF contribution (EtotHF)                          -2.2817608281E+002  
 Singles correction (EcSingles)                    -1.2652953755E-002  
 HF contribution (EtotHF)                          -2.2817608281E+002  
 Singles correction (EcSingles)                    -1.2652953755E-002  
 Direct RPA correlation (EcRPA)                    -1.2501926315E+000  
 HF contribution (EtotHF)                          -1.9232771913E+002  
 Singles correction (EcSingles)                    -1.2849002716E-002  
 HF contribution (EtotHF)                          -1.9232771913E+002  
 Singles correction (EcSingles)                    -1.2849002716E-002  
 Direct RPA correlation (EcRPA)                    -1.1866404668E+000  
 HF contribution (EtotHF)                          -1.9232752116E+002  
 Singles correction (EcSingles)                    -1.2924631846E-002  
 HF contribution (EtotHF)                          -1.9232752116E+002  
 Singles correction (EcSingles)                    -1.2924631846E-002  
 Direct RPA correlation (EcRPA)                    -1.1869394070E+000  
 HF contribution (EtotHF)                          -1.9232673913E+002  
 Singles correction (EcSingles)                    -1.2963645516E-002  
 HF contribution (EtotHF)                          -1.9232673913E+002  
 Singles correction (EcSingles)                    -1.2963645516E-002  
 Direct RPA correlation (EcRPA)                    -1.1875269689E+000  
