 Converged energy                           -269.649726799428
 Converged energy                            -76.385014903615
 Converged energy                            -76.385063988161
 Converged energy                            -76.384227496614
 Converged energy                           -152.778144647685
 Converged energy                           -152.775985964220
 Converged energy                           -152.770653095765
 Converged energy                            -40.476699425741
 Converged energy                           -116.861743460131
 Converged energy                           -116.861816824004
 Converged energy                           -116.861276974909
 Converged energy                           -229.172801116691
 Converged energy                           -193.254722960675
 Converged energy                           -193.247625999520
 Converged energy                           -193.253205053159
 HF contribution (EtotHF)                          -2.6839569463E+002  
 Singles correction (EcSingles)                    -1.8529284234E-002  
 HF contribution (EtotHF)                          -2.6839569463E+002  
 Singles correction (EcSingles)                    -1.8529284234E-002  
 Direct RPA correlation (EcRPA)                    -1.6113371017E+000  
 HF contribution (EtotHF)                          -7.6059085123E+001  
 Singles correction (EcSingles)                    -4.2105425974E-003  
 HF contribution (EtotHF)                          -7.6059085123E+001  
 Singles correction (EcSingles)                    -4.2105425974E-003  
 Direct RPA correlation (EcRPA)                    -4.1691966216E-001  
 HF contribution (EtotHF)                          -7.6058970458E+001  
 Singles correction (EcSingles)                    -4.2260175568E-003  
 HF contribution (EtotHF)                          -7.6058970458E+001  
 Singles correction (EcSingles)                    -4.2260175568E-003  
 Direct RPA correlation (EcRPA)                    -4.1745813704E-001  
 HF contribution (EtotHF)                          -7.6057790826E+001  
 Singles correction (EcSingles)                    -4.2425167074E-003  
 HF contribution (EtotHF)                          -7.6057790826E+001  
 Singles correction (EcSingles)                    -4.2425167074E-003  
 Direct RPA correlation (EcRPA)                    -4.1732355796E-001  
 HF contribution (EtotHF)                          -1.5212275597E+002  
 Singles correction (EcSingles)                    -9.0102471815E-003  
 HF contribution (EtotHF)                          -1.5212275597E+002  
 Singles correction (EcSingles)                    -9.0102471815E-003  
 Direct RPA correlation (EcRPA)                    -8.3670950999E-001  
 HF contribution (EtotHF)                          -1.5211808248E+002  
 Singles correction (EcSingles)                    -9.2308559854E-003  
 HF contribution (EtotHF)                          -1.5211808248E+002  
 Singles correction (EcSingles)                    -9.2308559854E-003  
 Direct RPA correlation (EcRPA)                    -8.3813299580E-001  
 HF contribution (EtotHF)                          -1.5211823044E+002  
 Singles correction (EcSingles)                    -8.4788461593E-003  
 HF contribution (EtotHF)                          -1.5211823044E+002  
 Singles correction (EcSingles)                    -8.4788461593E-003  
 Direct RPA correlation (EcRPA)                    -8.3429008378E-001  
 HF contribution (EtotHF)                          -4.0211063213E+001  
 Singles correction (EcSingles)                    -4.3009896158E-003  
 HF contribution (EtotHF)                          -4.0211063213E+001  
 Singles correction (EcSingles)                    -4.3009896158E-003  
 Direct RPA correlation (EcRPA)                    -3.5211537682E-001  
 HF contribution (EtotHF)                          -1.1626979692E+002  
 Singles correction (EcSingles)                    -8.5661632057E-003  
 HF contribution (EtotHF)                          -1.1626979692E+002  
 Singles correction (EcSingles)                    -8.5661632057E-003  
 Direct RPA correlation (EcRPA)                    -7.6957309480E-001  
 HF contribution (EtotHF)                          -1.1626945839E+002  
 Singles correction (EcSingles)                    -8.6456185821E-003  
 HF contribution (EtotHF)                          -1.1626945839E+002  
 Singles correction (EcSingles)                    -8.6456185821E-003  
 Direct RPA correlation (EcRPA)                    -7.7039080615E-001  
 HF contribution (EtotHF)                          -1.1626881981E+002  
 Singles correction (EcSingles)                    -8.5895635845E-003  
 HF contribution (EtotHF)                          -1.1626881981E+002  
 Singles correction (EcSingles)                    -8.5895635845E-003  
 Direct RPA correlation (EcRPA)                    -7.6996064629E-001  
 HF contribution (EtotHF)                          -2.2818545859E+002  
 Singles correction (EcSingles)                    -1.4059768105E-002  
 HF contribution (EtotHF)                          -2.2818545859E+002  
 Singles correction (EcSingles)                    -1.4059768105E-002  
 Direct RPA correlation (EcRPA)                    -1.2574550779E+000  
 HF contribution (EtotHF)                          -1.9233284880E+002  
 Singles correction (EcSingles)                    -1.3465669439E-002  
 HF contribution (EtotHF)                          -1.9233284880E+002  
 Singles correction (EcSingles)                    -1.3465669439E-002  
 Direct RPA correlation (EcRPA)                    -1.1901481120E+000  
 HF contribution (EtotHF)                          -1.9232883103E+002  
 Singles correction (EcSingles)                    -1.2875311960E-002  
 HF contribution (EtotHF)                          -1.9232883103E+002  
 Singles correction (EcSingles)                    -1.2875311960E-002  
 Direct RPA correlation (EcRPA)                    -1.1874700748E+000  
 HF contribution (EtotHF)                          -1.9232882909E+002  
 Singles correction (EcSingles)                    -1.3666447425E-002  
 HF contribution (EtotHF)                          -1.9232882909E+002  
 Singles correction (EcSingles)                    -1.3666447425E-002  
 Direct RPA correlation (EcRPA)                    -1.1915028363E+000  
