 Converged energy                           -269.629998514594
 Converged energy                            -76.384981046510
 Converged energy                            -76.383928830246
 Converged energy                            -76.385239284604
 Converged energy                           -152.768523776381
 Converged energy                           -152.768670649045
 Converged energy                           -152.770140871119
 Converged energy                            -40.476699990651
 Converged energy                           -116.861709948621
 Converged energy                           -116.860573692951
 Converged energy                           -116.862094714001
 Converged energy                           -229.153174512480
 Converged energy                           -193.245164564013
 Converged energy                           -193.247063225119
 Converged energy                           -193.245461378855
 HF contribution (EtotHF)                          -2.6838365717E+002  
 Singles correction (EcSingles)                    -1.7313300689E-002  
 HF contribution (EtotHF)                          -2.6838365717E+002  
 Singles correction (EcSingles)                    -1.7313300689E-002  
 Direct RPA correlation (EcRPA)                    -1.6050414811E+000  
 HF contribution (EtotHF)                          -7.6059065172E+001  
 Singles correction (EcSingles)                    -4.1998473533E-003  
 HF contribution (EtotHF)                          -7.6059065172E+001  
 Singles correction (EcSingles)                    -4.1998473533E-003  
 Direct RPA correlation (EcRPA)                    -4.1642701974E-001  
 HF contribution (EtotHF)                          -7.6057346411E+001  
 Singles correction (EcSingles)                    -4.2467869600E-003  
 HF contribution (EtotHF)                          -7.6057346411E+001  
 Singles correction (EcSingles)                    -4.2467869600E-003  
 Direct RPA correlation (EcRPA)                    -4.1716790355E-001  
 HF contribution (EtotHF)                          -7.6059325242E+001  
 Singles correction (EcSingles)                    -4.2040266976E-003  
 HF contribution (EtotHF)                          -7.6059325242E+001  
 Singles correction (EcSingles)                    -4.2040266976E-003  
 Direct RPA correlation (EcRPA)                    -4.1653495141E-001  
 HF contribution (EtotHF)                          -1.5211589009E+002  
 Singles correction (EcSingles)                    -8.4712402224E-003  
 HF contribution (EtotHF)                          -1.5211589009E+002  
 Singles correction (EcSingles)                    -8.4712402224E-003  
 Direct RPA correlation (EcRPA)                    -8.3376208977E-001  
 HF contribution (EtotHF)                          -1.5211600143E+002  
 Singles correction (EcSingles)                    -8.4809940049E-003  
 HF contribution (EtotHF)                          -1.5211600143E+002  
 Singles correction (EcSingles)                    -8.4809940049E-003  
 Direct RPA correlation (EcRPA)                    -8.3391476720E-001  
 HF contribution (EtotHF)                          -1.5211829546E+002  
 Singles correction (EcSingles)                    -8.4067170010E-003  
 HF contribution (EtotHF)                          -1.5211829546E+002  
 Singles correction (EcSingles)                    -8.4067170010E-003  
 Direct RPA correlation (EcRPA)                    -8.3299120796E-001  
 HF contribution (EtotHF)                          -4.0211062486E+001  
 Singles correction (EcSingles)                    -4.3014324599E-003  
 HF contribution (EtotHF)                          -4.0211062486E+001  
 Singles correction (EcSingles)                    -4.3014324599E-003  
 Direct RPA correlation (EcRPA)                    -3.5214308762E-001  
 HF contribution (EtotHF)                          -1.1626977627E+002  
 Singles correction (EcSingles)                    -8.5559852211E-003  
 HF contribution (EtotHF)                          -1.1626977627E+002  
 Singles correction (EcSingles)                    -8.5559852211E-003  
 Direct RPA correlation (EcRPA)                    -7.6910546692E-001  
 HF contribution (EtotHF)                          -1.1626783242E+002  
 Singles correction (EcSingles)                    -8.6219367945E-003  
 HF contribution (EtotHF)                          -1.1626783242E+002  
 Singles correction (EcSingles)                    -8.6219367945E-003  
 Direct RPA correlation (EcRPA)                    -7.6999725108E-001  
 HF contribution (EtotHF)                          -1.1626935799E+002  
 Singles correction (EcSingles)                    -8.7048100189E-003  
 HF contribution (EtotHF)                          -1.1626935799E+002  
 Singles correction (EcSingles)                    -8.7048100189E-003  
 Direct RPA correlation (EcRPA)                    -7.6986976869E-001  
 HF contribution (EtotHF)                          -2.2817443957E+002  
 Singles correction (EcSingles)                    -1.2707944926E-002  
 HF contribution (EtotHF)                          -2.2817443957E+002  
 Singles correction (EcSingles)                    -1.2707944926E-002  
 Direct RPA correlation (EcRPA)                    -1.2505383296E+000  
 HF contribution (EtotHF)                          -1.9232603933E+002  
 Singles correction (EcSingles)                    -1.2892028258E-002  
 HF contribution (EtotHF)                          -1.9232603933E+002  
 Singles correction (EcSingles)                    -1.2892028258E-002  
 Direct RPA correlation (EcRPA)                    -1.1871050996E+000  
 HF contribution (EtotHF)                          -1.9232801906E+002  
 Singles correction (EcSingles)                    -1.2960492537E-002  
 HF contribution (EtotHF)                          -1.9232801906E+002  
 Singles correction (EcSingles)                    -1.2960492537E-002  
 Direct RPA correlation (EcRPA)                    -1.1868584827E+000  
 HF contribution (EtotHF)                          -1.9232551566E+002  
 Singles correction (EcSingles)                    -1.3041906672E-002  
 HF contribution (EtotHF)                          -1.9232551566E+002  
 Singles correction (EcSingles)                    -1.3041906672E-002  
 Direct RPA correlation (EcRPA)                    -1.1879069179E+000  
