 Converged energy                           -269.631398797707
 Converged energy                            -76.385226615323
 Converged energy                            -76.384911271023
 Converged energy                            -76.383218682870
 Converged energy                           -152.770518379921
 Converged energy                           -152.768085042040
 Converged energy                           -152.768456849301
 Converged energy                            -40.476702146650
 Converged energy                           -116.862361941470
 Converged energy                           -116.862066777479
 Converged energy                           -116.860075086367
 Converged energy                           -229.153702193696
 Converged energy                           -193.248057212692
 Converged energy                           -193.245747306011
 Converged energy                           -193.245397657895
 HF contribution (EtotHF)                          -2.6838493514E+002  
 Singles correction (EcSingles)                    -1.7285969363E-002  
 HF contribution (EtotHF)                          -2.6838493514E+002  
 Singles correction (EcSingles)                    -1.7285969363E-002  
 Direct RPA correlation (EcRPA)                    -1.6050277274E+000  
 HF contribution (EtotHF)                          -7.6059314502E+001  
 Singles correction (EcSingles)                    -4.2026704992E-003  
 HF contribution (EtotHF)                          -7.6059314502E+001  
 Singles correction (EcSingles)                    -4.2026704992E-003  
 Direct RPA correlation (EcRPA)                    -4.1648461976E-001  
 HF contribution (EtotHF)                          -7.6058816873E+001  
 Singles correction (EcSingles)                    -4.2134373107E-003  
 HF contribution (EtotHF)                          -7.6058816873E+001  
 Singles correction (EcSingles)                    -4.2134373107E-003  
 Direct RPA correlation (EcRPA)                    -4.1664722198E-001  
 HF contribution (EtotHF)                          -7.6056245008E+001  
 Singles correction (EcSingles)                    -4.2734260614E-003  
 HF contribution (EtotHF)                          -7.6056245008E+001  
 Singles correction (EcSingles)                    -4.2734260614E-003  
 Direct RPA correlation (EcRPA)                    -4.1755428028E-001  
 HF contribution (EtotHF)                          -1.5211855050E+002  
 Singles correction (EcSingles)                    -8.4130883210E-003  
 HF contribution (EtotHF)                          -1.5211855050E+002  
 Singles correction (EcSingles)                    -8.4130883210E-003  
 Direct RPA correlation (EcRPA)                    -8.3309619195E-001  
 HF contribution (EtotHF)                          -1.5211501161E+002  
 Singles correction (EcSingles)                    -8.4877619546E-003  
 HF contribution (EtotHF)                          -1.5211501161E+002  
 Singles correction (EcSingles)                    -8.4877619546E-003  
 Direct RPA correlation (EcRPA)                    -8.3421459632E-001  
 HF contribution (EtotHF)                          -1.5211557380E+002  
 Singles correction (EcSingles)                    -8.4763714809E-003  
 HF contribution (EtotHF)                          -1.5211557380E+002  
 Singles correction (EcSingles)                    -8.4763714809E-003  
 Direct RPA correlation (EcRPA)                    -8.3404487175E-001  
 HF contribution (EtotHF)                          -4.0211065527E+001  
 Singles correction (EcSingles)                    -4.3011295905E-003  
 HF contribution (EtotHF)                          -4.0211065527E+001  
 Singles correction (EcSingles)                    -4.3011295905E-003  
 Direct RPA correlation (EcRPA)                    -3.5212829100E-001  
 HF contribution (EtotHF)                          -1.1627011862E+002  
 Singles correction (EcSingles)                    -8.6176181209E-003  
 HF contribution (EtotHF)                          -1.1627011862E+002  
 Singles correction (EcSingles)                    -8.6176181209E-003  
 Direct RPA correlation (EcRPA)                    -7.6940801611E-001  
 HF contribution (EtotHF)                          -1.1626947205E+002  
 Singles correction (EcSingles)                    -8.6530678145E-003  
 HF contribution (EtotHF)                          -1.1626947205E+002  
 Singles correction (EcSingles)                    -8.6530678145E-003  
 Direct RPA correlation (EcRPA)                    -7.6972127515E-001  
 HF contribution (EtotHF)                          -1.1626713564E+002  
 Singles correction (EcSingles)                    -8.6221648295E-003  
 HF contribution (EtotHF)                          -1.1626713564E+002  
 Singles correction (EcSingles)                    -8.6221648295E-003  
 Direct RPA correlation (EcRPA)                    -7.7016693748E-001  
 HF contribution (EtotHF)                          -2.2817475795E+002  
 Singles correction (EcSingles)                    -1.2687687852E-002  
 HF contribution (EtotHF)                          -2.2817475795E+002  
 Singles correction (EcSingles)                    -1.2687687852E-002  
 Direct RPA correlation (EcRPA)                    -1.2506696760E+000  
 HF contribution (EtotHF)                          -1.9232889438E+002  
 Singles correction (EcSingles)                    -1.2965660675E-002  
 HF contribution (EtotHF)                          -1.9232889438E+002  
 Singles correction (EcSingles)                    -1.2965660675E-002  
 Direct RPA correlation (EcRPA)                    -1.1869716699E+000  
 HF contribution (EtotHF)                          -1.9232621276E+002  
 Singles correction (EcSingles)                    -1.2936579758E-002  
 HF contribution (EtotHF)                          -1.9232621276E+002  
 Singles correction (EcSingles)                    -1.2936579758E-002  
 Direct RPA correlation (EcRPA)                    -1.1874464840E+000  
 HF contribution (EtotHF)                          -1.9232549057E+002  
 Singles correction (EcSingles)                    -1.2975472816E-002  
 HF contribution (EtotHF)                          -1.9232549057E+002  
 Singles correction (EcSingles)                    -1.2975472816E-002  
 Direct RPA correlation (EcRPA)                    -1.1877773727E+000  
