 Converged energy                           -269.638088792629
 Converged energy                            -76.385231034064
 Converged energy                            -76.385054980785
 Converged energy                            -76.384225769606
 Converged energy                           -152.769702286176
 Converged energy                           -152.775975008567
 Converged energy                           -152.769483495627
 Converged energy                            -40.476700865231
 Converged energy                           -116.862365361800
 Converged energy                           -116.861808956894
 Converged energy                           -116.861276620541
 Converged energy                           -229.160589808535
 Converged energy                           -193.246773748513
 Converged energy                           -193.246942447672
 Converged energy                           -193.253195266600
 HF contribution (EtotHF)                          -2.6838688720E+002  
 Singles correction (EcSingles)                    -1.8030829394E-002  
 HF contribution (EtotHF)                          -2.6838688720E+002  
 Singles correction (EcSingles)                    -1.8030829394E-002  
 Direct RPA correlation (EcRPA)                    -1.6090092828E+000  
 HF contribution (EtotHF)                          -7.6059317323E+001  
 Singles correction (EcSingles)                    -4.2042246461E-003  
 HF contribution (EtotHF)                          -7.6059317323E+001  
 Singles correction (EcSingles)                    -4.2042246461E-003  
 Direct RPA correlation (EcRPA)                    -4.1652782805E-001  
 HF contribution (EtotHF)                          -7.6058963153E+001  
 Singles correction (EcSingles)                    -4.2244827512E-003  
 HF contribution (EtotHF)                          -7.6058963153E+001  
 Singles correction (EcSingles)                    -4.2244827512E-003  
 Direct RPA correlation (EcRPA)                    -4.1732494568E-001  
 HF contribution (EtotHF)                          -7.6057789673E+001  
 Singles correction (EcSingles)                    -4.2420918710E-003  
 HF contribution (EtotHF)                          -7.6057789673E+001  
 Singles correction (EcSingles)                    -4.2420918710E-003  
 Direct RPA correlation (EcRPA)                    -4.1730180446E-001  
 HF contribution (EtotHF)                          -1.5211737833E+002  
 Singles correction (EcSingles)                    -8.4957769005E-003  
 HF contribution (EtotHF)                          -1.5211737833E+002  
 Singles correction (EcSingles)                    -8.4957769005E-003  
 Direct RPA correlation (EcRPA)                    -8.3419779784E-001  
 HF contribution (EtotHF)                          -1.5211807369E+002  
 Singles correction (EcSingles)                    -9.2288803087E-003  
 HF contribution (EtotHF)                          -1.5211807369E+002  
 Singles correction (EcSingles)                    -9.2288803087E-003  
 Direct RPA correlation (EcRPA)                    -8.3797696689E-001  
 HF contribution (EtotHF)                          -1.5211714319E+002  
 Singles correction (EcSingles)                    -8.4459524811E-003  
 HF contribution (EtotHF)                          -1.5211714319E+002  
 Singles correction (EcSingles)                    -8.4459524811E-003  
 Direct RPA correlation (EcRPA)                    -8.3383240346E-001  
 HF contribution (EtotHF)                          -4.0211064977E+001  
 Singles correction (EcSingles)                    -4.3010611728E-003  
 HF contribution (EtotHF)                          -4.0211064977E+001  
 Singles correction (EcSingles)                    -4.3010611728E-003  
 Direct RPA correlation (EcRPA)                    -3.5212380552E-001  
 HF contribution (EtotHF)                          -1.1627012102E+002  
 Singles correction (EcSingles)                    -8.6191322879E-003  
 HF contribution (EtotHF)                          -1.1627012102E+002  
 Singles correction (EcSingles)                    -8.6191322879E-003  
 Direct RPA correlation (EcRPA)                    -7.6944727228E-001  
 HF contribution (EtotHF)                          -1.1626945286E+002  
 Singles correction (EcSingles)                    -8.6441835969E-003  
 HF contribution (EtotHF)                          -1.1626945286E+002  
 Singles correction (EcSingles)                    -8.6441835969E-003  
 Direct RPA correlation (EcRPA)                    -7.7026517975E-001  
 HF contribution (EtotHF)                          -1.1626882040E+002  
 Singles correction (EcSingles)                    -8.5892362658E-003  
 HF contribution (EtotHF)                          -1.1626882040E+002  
 Singles correction (EcSingles)                    -8.5892362658E-003  
 Direct RPA correlation (EcRPA)                    -7.6994719387E-001  
 HF contribution (EtotHF)                          -2.2817648989E+002  
 Singles correction (EcSingles)                    -1.3493469120E-002  
 HF contribution (EtotHF)                          -2.2817648989E+002  
 Singles correction (EcSingles)                    -1.3493469120E-002  
 Direct RPA correlation (EcRPA)                    -1.2548377086E+000  
 HF contribution (EtotHF)                          -1.9232757180E+002  
 Singles correction (EcSingles)                    -1.3014081721E-002  
 HF contribution (EtotHF)                          -1.9232757180E+002  
 Singles correction (EcSingles)                    -1.3014081721E-002  
 Direct RPA correlation (EcRPA)                    -1.1879228807E+000  
 HF contribution (EtotHF)                          -1.9232788175E+002  
 Singles correction (EcSingles)                    -1.2907254710E-002  
 HF contribution (EtotHF)                          -1.9232788175E+002  
 Singles correction (EcSingles)                    -1.2907254710E-002  
 Direct RPA correlation (EcRPA)                    -1.1872796268E+000  
 HF contribution (EtotHF)                          -1.9232882212E+002  
 Singles correction (EcSingles)                    -1.3664568447E-002  
 HF contribution (EtotHF)                          -1.9232882212E+002  
 Singles correction (EcSingles)                    -1.3664568447E-002  
 Direct RPA correlation (EcRPA)                    -1.1913542948E+000  
