 Converged energy                           -269.631924290902
 Converged energy                            -76.384915651734
 Converged energy                            -76.384949085222
 Converged energy                            -76.384915989966
 Converged energy                           -152.769761912980
 Converged energy                           -152.770116960116
 Converged energy                           -152.769094749151
 Converged energy                            -40.476699860380
 Converged energy                           -116.862069098949
 Converged energy                           -116.861939878049
 Converged energy                           -116.862070229653
 Converged energy                           -229.154182278584
 Converged energy                           -193.247246121487
 Converged energy                           -193.246562613478
 Converged energy                           -193.247506828634
 HF contribution (EtotHF)                          -2.6838630212E+002  
 Singles correction (EcSingles)                    -1.7219306926E-002  
 HF contribution (EtotHF)                          -2.6838630212E+002  
 Singles correction (EcSingles)                    -1.7219306926E-002  
 Direct RPA correlation (EcRPA)                    -1.6042009008E+000  
 HF contribution (EtotHF)                          -7.6058818868E+001  
 Singles correction (EcSingles)                    -4.2148627432E-003  
 HF contribution (EtotHF)                          -7.6058818868E+001  
 Singles correction (EcSingles)                    -4.2148627432E-003  
 Direct RPA correlation (EcRPA)                    -4.1669084289E-001  
 HF contribution (EtotHF)                          -7.6059006023E+001  
 Singles correction (EcSingles)                    -4.2013289580E-003  
 HF contribution (EtotHF)                          -7.6059006023E+001  
 Singles correction (EcSingles)                    -4.2013289580E-003  
 Direct RPA correlation (EcRPA)                    -4.1645166079E-001  
 HF contribution (EtotHF)                          -7.6058952221E+001  
 Singles correction (EcSingles)                    -4.2044936534E-003  
 HF contribution (EtotHF)                          -7.6058952221E+001  
 Singles correction (EcSingles)                    -4.2044936534E-003  
 Direct RPA correlation (EcRPA)                    -4.1653356073E-001  
 HF contribution (EtotHF)                          -1.5211771176E+002  
 Singles correction (EcSingles)                    -8.4175625664E-003  
 HF contribution (EtotHF)                          -1.5211771176E+002  
 Singles correction (EcSingles)                    -8.4175625664E-003  
 Direct RPA correlation (EcRPA)                    -8.3315885972E-001  
 HF contribution (EtotHF)                          -1.5211823320E+002  
 Singles correction (EcSingles)                    -8.4032611452E-003  
 HF contribution (EtotHF)                          -1.5211823320E+002  
 Singles correction (EcSingles)                    -8.4032611452E-003  
 Direct RPA correlation (EcRPA)                    -8.3296713630E-001  
 HF contribution (EtotHF)                          -1.5211667811E+002  
 Singles correction (EcSingles)                    -8.4922745940E-003  
 HF contribution (EtotHF)                          -1.5211667811E+002  
 Singles correction (EcSingles)                    -8.4922745940E-003  
 Direct RPA correlation (EcRPA)                    -8.3361004917E-001  
 HF contribution (EtotHF)                          -4.0211063216E+001  
 Singles correction (EcSingles)                    -4.3010488937E-003  
 HF contribution (EtotHF)                          -4.0211063216E+001  
 Singles correction (EcSingles)                    -4.3010488937E-003  
 Direct RPA correlation (EcRPA)                    -3.5211882239E-001  
 HF contribution (EtotHF)                          -1.1626947189E+002  
 Singles correction (EcSingles)                    -8.6543811938E-003  
 HF contribution (EtotHF)                          -1.1626947189E+002  
 Singles correction (EcSingles)                    -8.6543811938E-003  
 Direct RPA correlation (EcRPA)                    -7.6975595480E-001  
 HF contribution (EtotHF)                          -1.1626998769E+002  
 Singles correction (EcSingles)                    -8.5483116049E-003  
 HF contribution (EtotHF)                          -1.1626998769E+002  
 Singles correction (EcSingles)                    -8.5483116049E-003  
 Direct RPA correlation (EcRPA)                    -7.6907425611E-001  
 HF contribution (EtotHF)                          -1.1627003413E+002  
 Singles correction (EcSingles)                    -8.5551878970E-003  
 HF contribution (EtotHF)                          -1.1627003413E+002  
 Singles correction (EcSingles)                    -8.5551878970E-003  
 Direct RPA correlation (EcRPA)                    -7.6920274962E-001  
 HF contribution (EtotHF)                          -2.2817583535E+002  
 Singles correction (EcSingles)                    -1.2692270589E-002  
 HF contribution (EtotHF)                          -2.2817583535E+002  
 Singles correction (EcSingles)                    -1.2692270589E-002  
 Direct RPA correlation (EcRPA)                    -1.2500605674E+000  
 HF contribution (EtotHF)                          -1.9232832347E+002  
 Singles correction (EcSingles)                    -1.2902644269E-002  
 HF contribution (EtotHF)                          -1.9232832347E+002  
 Singles correction (EcSingles)                    -1.2902644269E-002  
 Direct RPA correlation (EcRPA)                    -1.1867258946E+000  
 HF contribution (EtotHF)                          -1.9232725221E+002  
 Singles correction (EcSingles)                    -1.2972527433E-002  
 HF contribution (EtotHF)                          -1.9232725221E+002  
 Singles correction (EcSingles)                    -1.2972527433E-002  
 Direct RPA correlation (EcRPA)                    -1.1872358993E+000  
 HF contribution (EtotHF)                          -1.9232916943E+002  
 Singles correction (EcSingles)                    -1.2800895904E-002  
 HF contribution (EtotHF)                          -1.9232916943E+002  
 Singles correction (EcSingles)                    -1.2800895904E-002  
 Direct RPA correlation (EcRPA)                    -1.1861522072E+000  
