 Converged energy                           -269.632695415386
 Converged energy                            -76.384910913260
 Converged energy                            -76.384951734431
 Converged energy                            -76.383928937459
 Converged energy                           -152.769759817136
 Converged energy                           -152.770238718222
 Converged energy                           -152.769232704505
 Converged energy                            -40.476700346300
 Converged energy                           -116.862064718761
 Converged energy                           -116.861943074541
 Converged energy                           -116.860574064221
 Converged energy                           -229.155442470750
 Converged energy                           -193.247244437725
 Converged energy                           -193.246286636649
 Converged energy                           -193.247043128616
 HF contribution (EtotHF)                          -2.6838670521E+002  
 Singles correction (EcSingles)                    -1.7235552207E-002  
 HF contribution (EtotHF)                          -2.6838670521E+002  
 Singles correction (EcSingles)                    -1.7235552207E-002  
 Direct RPA correlation (EcRPA)                    -1.6045718766E+000  
 HF contribution (EtotHF)                          -7.6058816713E+001  
 Singles correction (EcSingles)                    -4.2135182797E-003  
 HF contribution (EtotHF)                          -7.6058816713E+001  
 Singles correction (EcSingles)                    -4.2135182797E-003  
 Direct RPA correlation (EcRPA)                    -4.1664578956E-001  
 HF contribution (EtotHF)                          -7.6059008161E+001  
 Singles correction (EcSingles)                    -4.2019374068E-003  
 HF contribution (EtotHF)                          -7.6059008161E+001  
 Singles correction (EcSingles)                    -4.2019374068E-003  
 Direct RPA correlation (EcRPA)                    -4.1647319076E-001  
 HF contribution (EtotHF)                          -7.6057347241E+001  
 Singles correction (EcSingles)                    -4.2469561015E-003  
 HF contribution (EtotHF)                          -7.6057347241E+001  
 Singles correction (EcSingles)                    -4.2469561015E-003  
 Direct RPA correlation (EcRPA)                    -4.1716930700E-001  
 HF contribution (EtotHF)                          -1.5211771175E+002  
 Singles correction (EcSingles)                    -8.4168215009E-003  
 HF contribution (EtotHF)                          -1.5211771175E+002  
 Singles correction (EcSingles)                    -8.4168215009E-003  
 Direct RPA correlation (EcRPA)                    -8.3313533032E-001  
 HF contribution (EtotHF)                          -1.5211765022E+002  
 Singles correction (EcSingles)                    -8.4760118219E-003  
 HF contribution (EtotHF)                          -1.5211765022E+002  
 Singles correction (EcSingles)                    -8.4760118219E-003  
 Direct RPA correlation (EcRPA)                    -8.3369460983E-001  
 HF contribution (EtotHF)                          -1.5211661341E+002  
 Singles correction (EcSingles)                    -8.4538667810E-003  
 HF contribution (EtotHF)                          -1.5211661341E+002  
 Singles correction (EcSingles)                    -8.4538667810E-003  
 Direct RPA correlation (EcRPA)                    -8.3375839138E-001  
 HF contribution (EtotHF)                          -4.0211062873E+001  
 Singles correction (EcSingles)                    -4.3012777481E-003  
 HF contribution (EtotHF)                          -4.0211062873E+001  
 Singles correction (EcSingles)                    -4.3012777481E-003  
 Direct RPA correlation (EcRPA)                    -3.5212961997E-001  
 HF contribution (EtotHF)                          -1.1626946931E+002  
 Singles correction (EcSingles)                    -8.6532610237E-003  
 HF contribution (EtotHF)                          -1.1626946931E+002  
 Singles correction (EcSingles)                    -8.6532610237E-003  
 Direct RPA correlation (EcRPA)                    -7.6972124683E-001  
 HF contribution (EtotHF)                          -1.1626998960E+002  
 Singles correction (EcSingles)                    -8.5491051499E-003  
 HF contribution (EtotHF)                          -1.1626998960E+002  
 Singles correction (EcSingles)                    -8.5491051499E-003  
 Direct RPA correlation (EcRPA)                    -7.6910711487E-001  
 HF contribution (EtotHF)                          -1.1626783362E+002  
 Singles correction (EcSingles)                    -8.6218832686E-003  
 HF contribution (EtotHF)                          -1.1626783362E+002  
 Singles correction (EcSingles)                    -8.6218832686E-003  
 Direct RPA correlation (EcRPA)                    -7.6998510223E-001  
 HF contribution (EtotHF)                          -2.2817680584E+002  
 Singles correction (EcSingles)                    -1.2684308422E-002  
 HF contribution (EtotHF)                          -2.2817680584E+002  
 Singles correction (EcSingles)                    -1.2684308422E-002  
 Direct RPA correlation (EcRPA)                    -1.2503002026E+000  
 HF contribution (EtotHF)                          -1.9232832313E+002  
 Singles correction (EcSingles)                    -1.2902089469E-002  
 HF contribution (EtotHF)                          -1.9232832313E+002  
 Singles correction (EcSingles)                    -1.2902089469E-002  
 Direct RPA correlation (EcRPA)                    -1.1867132402E+000  
 HF contribution (EtotHF)                          -1.9232664624E+002  
 Singles correction (EcSingles)                    -1.2966123823E-002  
 HF contribution (EtotHF)                          -1.9232664624E+002  
 Singles correction (EcSingles)                    -1.2966123823E-002  
 Direct RPA correlation (EcRPA)                    -1.1875253072E+000  
 HF contribution (EtotHF)                          -1.9232796284E+002  
 Singles correction (EcSingles)                    -1.2890303538E-002  
 HF contribution (EtotHF)                          -1.9232796284E+002  
 Singles correction (EcSingles)                    -1.2890303538E-002  
 Direct RPA correlation (EcRPA)                    -1.1870172926E+000  
