 Converged energy                           -269.641983678001
 Converged energy                            -76.385151530531
 Converged energy                            -76.384402600500
 Converged energy                            -76.384981797988
 Converged energy                           -152.776027940616
 Converged energy                           -152.768215846094
 Converged energy                           -152.776942308479
 Converged energy                            -40.476699458880
 Converged energy                           -116.861804215037
 Converged energy                           -116.861584946733
 Converged energy                           -116.861972434396
 Converged energy                           -229.164657973777
 Converged energy                           -193.253014469754
 Converged energy                           -193.253851192293
 Converged energy                           -193.245708871813
 HF contribution (EtotHF)                          -2.6838897147E+002  
 Singles correction (EcSingles)                    -1.8449877075E-002  
 HF contribution (EtotHF)                          -2.6838897147E+002  
 Singles correction (EcSingles)                    -1.8449877075E-002  
 Direct RPA correlation (EcRPA)                    -1.6112626950E+000  
 HF contribution (EtotHF)                          -7.6059095068E+001  
 Singles correction (EcSingles)                    -4.2204660042E-003  
 HF contribution (EtotHF)                          -7.6059095068E+001  
 Singles correction (EcSingles)                    -4.2204660042E-003  
 Direct RPA correlation (EcRPA)                    -4.1705850805E-001  
 HF contribution (EtotHF)                          -7.6058066135E+001  
 Singles correction (EcSingles)                    -4.2391041045E-003  
 HF contribution (EtotHF)                          -7.6058066135E+001  
 Singles correction (EcSingles)                    -4.2391041045E-003  
 Direct RPA correlation (EcRPA)                    -4.1738712721E-001  
 HF contribution (EtotHF)                          -7.6059026742E+001  
 Singles correction (EcSingles)                    -4.2113024370E-003  
 HF contribution (EtotHF)                          -7.6059026742E+001  
 Singles correction (EcSingles)                    -4.2113024370E-003  
 Direct RPA correlation (EcRPA)                    -4.1692593625E-001  
 HF contribution (EtotHF)                          -1.5211972211E+002  
 Singles correction (EcSingles)                    -9.1138567722E-003  
 HF contribution (EtotHF)                          -1.5211972211E+002  
 Singles correction (EcSingles)                    -9.1138567722E-003  
 Direct RPA correlation (EcRPA)                    -8.3722266713E-001  
 HF contribution (EtotHF)                          -1.5211563787E+002  
 Singles correction (EcSingles)                    -8.5007519726E-003  
 HF contribution (EtotHF)                          -1.5211563787E+002  
 Singles correction (EcSingles)                    -8.5007519726E-003  
 Direct RPA correlation (EcRPA)                    -8.3464781163E-001  
 HF contribution (EtotHF)                          -1.5212143160E+002  
 Singles correction (EcSingles)                    -9.0248970005E-003  
 HF contribution (EtotHF)                          -1.5212143160E+002  
 Singles correction (EcSingles)                    -9.0248970005E-003  
 Direct RPA correlation (EcRPA)                    -8.3646448085E-001  
 HF contribution (EtotHF)                          -4.0211062598E+001  
 Singles correction (EcSingles)                    -4.3013766503E-003  
 HF contribution (EtotHF)                          -4.0211062598E+001  
 Singles correction (EcSingles)                    -4.3013766503E-003  
 Direct RPA correlation (EcRPA)                    -3.5213051796E-001  
 HF contribution (EtotHF)                          -1.1626915684E+002  
 Singles correction (EcSingles)                    -8.6892711429E-003  
 HF contribution (EtotHF)                          -1.1626915684E+002  
 Singles correction (EcSingles)                    -8.6892711429E-003  
 Direct RPA correlation (EcRPA)                    -7.7023286458E-001  
 HF contribution (EtotHF)                          -1.1626907424E+002  
 Singles correction (EcSingles)                    -8.6032786580E-003  
 HF contribution (EtotHF)                          -1.1626907424E+002  
 Singles correction (EcSingles)                    -8.6032786580E-003  
 Direct RPA correlation (EcRPA)                    -7.7016613587E-001  
 HF contribution (EtotHF)                          -1.1627000777E+002  
 Singles correction (EcSingles)                    -8.5585289910E-003  
 HF contribution (EtotHF)                          -1.1627000777E+002  
 Singles correction (EcSingles)                    -8.5585289910E-003  
 Direct RPA correlation (EcRPA)                    -7.6956319725E-001  
 HF contribution (EtotHF)                          -2.2817874340E+002  
 Singles correction (EcSingles)                    -1.3916977185E-002  
 HF contribution (EtotHF)                          -2.2817874340E+002  
 Singles correction (EcSingles)                    -1.3916977185E-002  
 Direct RPA correlation (EcRPA)                    -1.2570552400E+000  
 HF contribution (EtotHF)                          -1.9232981406E+002  
 Singles correction (EcSingles)                    -1.3620869268E-002  
 HF contribution (EtotHF)                          -1.9232981406E+002  
 Singles correction (EcSingles)                    -1.3620869268E-002  
 Direct RPA correlation (EcRPA)                    -1.1909852323E+000  
 HF contribution (EtotHF)                          -1.9233153847E+002  
 Singles correction (EcSingles)                    -1.3520322831E-002  
 HF contribution (EtotHF)                          -1.9233153847E+002  
 Singles correction (EcSingles)                    -1.3520322831E-002  
 Direct RPA correlation (EcRPA)                    -1.1901042964E+000  
 HF contribution (EtotHF)                          -1.9232663425E+002  
 Singles correction (EcSingles)                    -1.2901684139E-002  
 HF contribution (EtotHF)                          -1.9232663425E+002  
 Singles correction (EcSingles)                    -1.2901684139E-002  
 Direct RPA correlation (EcRPA)                    -1.1879134958E+000  
