 Converged energy                           -269.635221472189
 Converged energy                            -76.383225244314
 Converged energy                            -76.384795932212
 Converged energy                            -76.383948125132
 Converged energy                           -152.767891437793
 Converged energy                           -152.775272066392
 Converged energy                           -152.766866417354
 Converged energy                            -40.476701648989
 Converged energy                           -116.860163786371
 Converged energy                           -116.861848027267
 Converged energy                           -116.860594947541
 Converged energy                           -229.157961238987
 Converged energy                           -193.245224061494
 Converged energy                           -193.243810474871
 Converged energy                           -193.252163996599
 HF contribution (EtotHF)                          -2.6838230810E+002  
 Singles correction (EcSingles)                    -1.8127557768E-002  
 HF contribution (EtotHF)                          -2.6838230810E+002  
 Singles correction (EcSingles)                    -1.8127557768E-002  
 Direct RPA correlation (EcRPA)                    -1.6105549212E+000  
 HF contribution (EtotHF)                          -7.6056256751E+001  
 Singles correction (EcSingles)                    -4.2730314103E-003  
 HF contribution (EtotHF)                          -7.6056256751E+001  
 Singles correction (EcSingles)                    -4.2730314103E-003  
 Direct RPA correlation (EcRPA)                    -4.1754998082E-001  
 HF contribution (EtotHF)                          -7.6058503740E+001  
 Singles correction (EcSingles)                    -4.2386341369E-003  
 HF contribution (EtotHF)                          -7.6058503740E+001  
 Singles correction (EcSingles)                    -4.2386341369E-003  
 Direct RPA correlation (EcRPA)                    -4.1756383259E-001  
 HF contribution (EtotHF)                          -7.6057355458E+001  
 Singles correction (EcSingles)                    -4.2535465124E-003  
 HF contribution (EtotHF)                          -7.6057355458E+001  
 Singles correction (EcSingles)                    -4.2535465124E-003  
 Direct RPA correlation (EcRPA)                    -4.1748712528E-001  
 HF contribution (EtotHF)                          -1.5211461526E+002  
 Singles correction (EcSingles)                    -8.5137346576E-003  
 HF contribution (EtotHF)                          -1.5211461526E+002  
 Singles correction (EcSingles)                    -8.5137346576E-003  
 Direct RPA correlation (EcRPA)                    -8.3513643019E-001  
 HF contribution (EtotHF)                          -1.5211671200E+002  
 Singles correction (EcSingles)                    -9.2864833199E-003  
 HF contribution (EtotHF)                          -1.5211671200E+002  
 Singles correction (EcSingles)                    -9.2864833199E-003  
 Direct RPA correlation (EcRPA)                    -8.3855932808E-001  
 HF contribution (EtotHF)                          -1.5211325516E+002  
 Singles correction (EcSingles)                    -8.5331017390E-003  
 HF contribution (EtotHF)                          -1.5211325516E+002  
 Singles correction (EcSingles)                    -8.5331017390E-003  
 Direct RPA correlation (EcRPA)                    -8.3510127318E-001  
 HF contribution (EtotHF)                          -4.0211064853E+001  
 Singles correction (EcSingles)                    -4.3012197998E-003  
 HF contribution (EtotHF)                          -4.0211064853E+001  
 Singles correction (EcSingles)                    -4.3012197998E-003  
 Direct RPA correlation (EcRPA)                    -3.5214176186E-001  
 HF contribution (EtotHF)                          -1.1626719844E+002  
 Singles correction (EcSingles)                    -8.6229062828E-003  
 HF contribution (EtotHF)                          -1.1626719844E+002  
 Singles correction (EcSingles)                    -8.6229062828E-003  
 Direct RPA correlation (EcRPA)                    -7.7020792474E-001  
 HF contribution (EtotHF)                          -1.1626877173E+002  
 Singles correction (EcSingles)                    -8.7294228834E-003  
 HF contribution (EtotHF)                          -1.1626877173E+002  
 Singles correction (EcSingles)                    -8.7294228834E-003  
 Direct RPA correlation (EcRPA)                    -7.7086325033E-001  
 HF contribution (EtotHF)                          -1.1626784407E+002  
 Singles correction (EcSingles)                    -8.6283262179E-003  
 HF contribution (EtotHF)                          -1.1626784407E+002  
 Singles correction (EcSingles)                    -8.6283262179E-003  
 Direct RPA correlation (EcRPA)                    -7.7031647207E-001  
 HF contribution (EtotHF)                          -2.2817237110E+002  
 Singles correction (EcSingles)                    -1.3567267984E-002  
 HF contribution (EtotHF)                          -2.2817237110E+002  
 Singles correction (EcSingles)                    -1.3567267984E-002  
 Direct RPA correlation (EcRPA)                    -1.2561975178E+000  
 HF contribution (EtotHF)                          -1.9232480555E+002  
 Singles correction (EcSingles)                    -1.3052617533E-002  
 HF contribution (EtotHF)                          -1.9232480555E+002  
 Singles correction (EcSingles)                    -1.3052617533E-002  
 Direct RPA correlation (EcRPA)                    -1.1889494451E+000  
 HF contribution (EtotHF)                          -1.9232368620E+002  
 Singles correction (EcSingles)                    -1.2955569196E-002  
 HF contribution (EtotHF)                          -1.9232368620E+002  
 Singles correction (EcSingles)                    -1.2955569196E-002  
 Direct RPA correlation (EcRPA)                    -1.1884392593E+000  
 HF contribution (EtotHF)                          -1.9232663420E+002  
 Singles correction (EcSingles)                    -1.3799403480E-002  
 HF contribution (EtotHF)                          -1.9232663420E+002  
 Singles correction (EcSingles)                    -1.3799403480E-002  
 Direct RPA correlation (EcRPA)                    -1.1924125295E+000  
