 Converged energy                           -269.637877989705
 Converged energy                            -76.384368849088
 Converged energy                            -76.385271532259
 Converged energy                            -76.384646915379
 Converged energy                           -152.769667404283
 Converged energy                           -152.776222892275
 Converged energy                           -152.769289098072
 Converged energy                            -40.476701765144
 Converged energy                           -116.861553073141
 Converged energy                           -116.862129061165
 Converged energy                           -116.861230411846
 Converged energy                           -229.160876203650
 Converged energy                           -193.246980001205
 Converged energy                           -193.246386710435
 Converged energy                           -193.252734717892
 HF contribution (EtotHF)                          -2.6838684008E+002  
 Singles correction (EcSingles)                    -1.8054551044E-002  
 HF contribution (EtotHF)                          -2.6838684008E+002  
 Singles correction (EcSingles)                    -1.8054551044E-002  
 Direct RPA correlation (EcRPA)                    -1.6091626083E+000  
 HF contribution (EtotHF)                          -7.6058044924E+001  
 Singles correction (EcSingles)                    -4.2287805655E-003  
 HF contribution (EtotHF)                          -7.6058044924E+001  
 Singles correction (EcSingles)                    -4.2287805655E-003  
 Direct RPA correlation (EcRPA)                    -4.1688807470E-001  
 HF contribution (EtotHF)                          -7.6059341992E+001  
 Singles correction (EcSingles)                    -4.2136345371E-003  
 HF contribution (EtotHF)                          -7.6059341992E+001  
 Singles correction (EcSingles)                    -4.2136345371E-003  
 Direct RPA correlation (EcRPA)                    -4.1706021969E-001  
 HF contribution (EtotHF)                          -7.6058243215E+001  
 Singles correction (EcSingles)                    -4.2403112123E-003  
 HF contribution (EtotHF)                          -7.6058243215E+001  
 Singles correction (EcSingles)                    -4.2403112123E-003  
 Direct RPA correlation (EcRPA)                    -4.1722999637E-001  
 HF contribution (EtotHF)                          -1.5211742300E+002  
 Singles correction (EcSingles)                    -8.4421702412E-003  
 HF contribution (EtotHF)                          -1.5211742300E+002  
 Singles correction (EcSingles)                    -8.4421702412E-003  
 Direct RPA correlation (EcRPA)                    -8.3395171425E-001  
 HF contribution (EtotHF)                          -1.5211925053E+002  
 Singles correction (EcSingles)                    -9.1767374532E-003  
 HF contribution (EtotHF)                          -1.5211925053E+002  
 Singles correction (EcSingles)                    -9.1767374532E-003  
 Direct RPA correlation (EcRPA)                    -8.3747864769E-001  
 HF contribution (EtotHF)                          -1.5211659758E+002  
 Singles correction (EcSingles)                    -8.4653817905E-003  
 HF contribution (EtotHF)                          -1.5211659758E+002  
 Singles correction (EcSingles)                    -8.4653817905E-003  
 Direct RPA correlation (EcRPA)                    -8.3408696639E-001  
 HF contribution (EtotHF)                          -4.0211063650E+001  
 Singles correction (EcSingles)                    -4.3016832992E-003  
 HF contribution (EtotHF)                          -4.0211063650E+001  
 Singles correction (EcSingles)                    -4.3016832992E-003  
 Direct RPA correlation (EcRPA)                    -3.5215821743E-001  
 HF contribution (EtotHF)                          -1.1626905377E+002  
 Singles correction (EcSingles)                    -8.5933084041E-003  
 HF contribution (EtotHF)                          -1.1626905377E+002  
 Singles correction (EcSingles)                    -8.5933084041E-003  
 Direct RPA correlation (EcRPA)                    -7.6969164036E-001  
 HF contribution (EtotHF)                          -1.1626937589E+002  
 Singles correction (EcSingles)                    -8.7145951130E-003  
 HF contribution (EtotHF)                          -1.1626937589E+002  
 Singles correction (EcSingles)                    -8.7145951130E-003  
 Direct RPA correlation (EcRPA)                    -7.7041368336E-001  
 HF contribution (EtotHF)                          -1.1626840856E+002  
 Singles correction (EcSingles)                    -8.6838759556E-003  
 HF contribution (EtotHF)                          -1.1626840856E+002  
 Singles correction (EcSingles)                    -8.6838759556E-003  
 Direct RPA correlation (EcRPA)                    -7.7032730914E-001  
 HF contribution (EtotHF)                          -2.2817761799E+002  
 Singles correction (EcSingles)                    -1.3402366444E-002  
 HF contribution (EtotHF)                          -2.2817761799E+002  
 Singles correction (EcSingles)                    -1.3402366444E-002  
 Direct RPA correlation (EcRPA)                    -1.2543450691E+000  
 HF contribution (EtotHF)                          -1.9232736878E+002  
 Singles correction (EcSingles)                    -1.3005975521E-002  
 HF contribution (EtotHF)                          -1.9232736878E+002  
 Singles correction (EcSingles)                    -1.3005975521E-002  
 Direct RPA correlation (EcRPA)                    -1.1879576286E+000  
 HF contribution (EtotHF)                          -1.9232674975E+002  
 Singles correction (EcSingles)                    -1.2970094282E-002  
 HF contribution (EtotHF)                          -1.9232674975E+002  
 Singles correction (EcSingles)                    -1.2970094282E-002  
 Direct RPA correlation (EcRPA)                    -1.1878191234E+000  
 HF contribution (EtotHF)                          -1.9232851054E+002  
 Singles correction (EcSingles)                    -1.3768513111E-002  
 HF contribution (EtotHF)                          -1.9232851054E+002  
 Singles correction (EcSingles)                    -1.3768513111E-002  
 Direct RPA correlation (EcRPA)                    -1.1916571100E+000  
