 Converged energy                           -269.637667437336
 Converged energy                            -76.385055453514
 Converged energy                            -76.384228310102
 Converged energy                            -76.384634104288
 Converged energy                           -152.775977917411
 Converged energy                           -152.769623178941
 Converged energy                           -152.769092462135
 Converged energy                            -40.476700999877
 Converged energy                           -116.861809691758
 Converged energy                           -116.861279360359
 Converged energy                           -116.861216548758
 Converged energy                           -229.160736069146
 Converged energy                           -193.253198458925
 Converged energy                           -193.245623597147
 Converged energy                           -193.246472710788
 HF contribution (EtotHF)                          -2.6838576624E+002  
 Singles correction (EcSingles)                    -1.8132307107E-002  
 HF contribution (EtotHF)                          -2.6838576624E+002  
 Singles correction (EcSingles)                    -1.8132307107E-002  
 Direct RPA correlation (EcRPA)                    -1.6098613857E+000  
 HF contribution (EtotHF)                          -7.6058964409E+001  
 Singles correction (EcSingles)                    -4.2243866561E-003  
 HF contribution (EtotHF)                          -7.6058964409E+001  
 Singles correction (EcSingles)                    -4.2243866561E-003  
 Direct RPA correlation (EcRPA)                    -4.1732630811E-001  
 HF contribution (EtotHF)                          -7.6057792109E+001  
 Singles correction (EcSingles)                    -4.2425396429E-003  
 HF contribution (EtotHF)                          -7.6057792109E+001  
 Singles correction (EcSingles)                    -4.2425396429E-003  
 Direct RPA correlation (EcRPA)                    -4.1732248010E-001  
 HF contribution (EtotHF)                          -7.6058238114E+001  
 Singles correction (EcSingles)                    -4.2358689385E-003  
 HF contribution (EtotHF)                          -7.6058238114E+001  
 Singles correction (EcSingles)                    -4.2358689385E-003  
 Direct RPA correlation (EcRPA)                    -4.1702381841E-001  
 HF contribution (EtotHF)                          -1.5211807717E+002  
 Singles correction (EcSingles)                    -9.2291754939E-003  
 HF contribution (EtotHF)                          -1.5211807717E+002  
 Singles correction (EcSingles)                    -9.2291754939E-003  
 Direct RPA correlation (EcRPA)                    -8.3800004427E-001  
 HF contribution (EtotHF)                          -1.5211665235E+002  
 Singles correction (EcSingles)                    -8.5186182913E-003  
 HF contribution (EtotHF)                          -1.5211665235E+002  
 Singles correction (EcSingles)                    -8.5186182913E-003  
 Direct RPA correlation (EcRPA)                    -8.3448609234E-001  
 HF contribution (EtotHF)                          -1.5211625713E+002  
 Singles correction (EcSingles)                    -8.5331254910E-003  
 HF contribution (EtotHF)                          -1.5211625713E+002  
 Singles correction (EcSingles)                    -8.5331254910E-003  
 Direct RPA correlation (EcRPA)                    -8.3472638737E-001  
 HF contribution (EtotHF)                          -4.0211064363E+001  
 Singles correction (EcSingles)                    -4.3012120245E-003  
 HF contribution (EtotHF)                          -4.0211064363E+001  
 Singles correction (EcSingles)                    -4.3012120245E-003  
 Direct RPA correlation (EcRPA)                    -3.5213306788E-001  
 HF contribution (EtotHF)                          -1.1626945341E+002  
 Singles correction (EcSingles)                    -8.6442427126E-003  
 HF contribution (EtotHF)                          -1.1626945341E+002  
 Singles correction (EcSingles)                    -8.6442427126E-003  
 Direct RPA correlation (EcRPA)                    -7.7027583633E-001  
 HF contribution (EtotHF)                          -1.1626882219E+002  
 Singles correction (EcSingles)                    -8.5898215868E-003  
 HF contribution (EtotHF)                          -1.1626882219E+002  
 Singles correction (EcSingles)                    -8.5898215868E-003  
 Direct RPA correlation (EcRPA)                    -7.6997771344E-001  
 HF contribution (EtotHF)                          -1.1626840420E+002  
 Singles correction (EcSingles)                    -8.6790162208E-003  
 HF contribution (EtotHF)                          -1.1626840420E+002  
 Singles correction (EcSingles)                    -8.6790162208E-003  
 Direct RPA correlation (EcRPA)                    -7.7009467841E-001  
 HF contribution (EtotHF)                          -2.2817597532E+002  
 Singles correction (EcSingles)                    -1.3572580501E-002  
 HF contribution (EtotHF)                          -2.2817597532E+002  
 Singles correction (EcSingles)                    -1.3572580501E-002  
 Direct RPA correlation (EcRPA)                    -1.2555515084E+000  
 HF contribution (EtotHF)                          -1.9232882486E+002  
 Singles correction (EcSingles)                    -1.3664993121E-002  
 HF contribution (EtotHF)                          -1.9232882486E+002  
 Singles correction (EcSingles)                    -1.3664993121E-002  
 Direct RPA correlation (EcRPA)                    -1.1913871938E+000  
 HF contribution (EtotHF)                          -1.9232583041E+002  
 Singles correction (EcSingles)                    -1.3079422852E-002  
 HF contribution (EtotHF)                          -1.9232583041E+002  
 Singles correction (EcSingles)                    -1.3079422852E-002  
 Direct RPA correlation (EcRPA)                    -1.1885988265E+000  
 HF contribution (EtotHF)                          -1.9232675755E+002  
 Singles correction (EcSingles)                    -1.2997242430E-002  
 HF contribution (EtotHF)                          -1.9232675755E+002  
 Singles correction (EcSingles)                    -1.2997242430E-002  
 Direct RPA correlation (EcRPA)                    -1.1880748304E+000  
