 Converged energy                           -269.648528438486
 Converged energy                            -76.384798538565
 Converged energy                            -76.383978599619
 Converged energy                            -76.384648639703
 Converged energy                           -152.775303500895
 Converged energy                           -152.776483321067
 Converged energy                           -152.771074600408
 Converged energy                            -40.476701696104
 Converged energy                           -116.861850754412
 Converged energy                           -116.860625705105
 Converged energy                           -116.861232094517
 Converged energy                           -229.172047146484
 Converged energy                           -193.252195633406
 Converged energy                           -193.247878441374
 Converged energy                           -193.252810440133
 HF contribution (EtotHF)                          -2.6839215863E+002  
 Singles correction (EcSingles)                    -1.8838819980E-002  
 HF contribution (EtotHF)                          -2.6839215863E+002  
 Singles correction (EcSingles)                    -1.8838819980E-002  
 Direct RPA correlation (EcRPA)                    -1.6136372116E+000  
 HF contribution (EtotHF)                          -7.6058504833E+001  
 Singles correction (EcSingles)                    -4.2392716985E-003  
 HF contribution (EtotHF)                          -7.6058504833E+001  
 Singles correction (EcSingles)                    -4.2392716985E-003  
 Direct RPA correlation (EcRPA)                    -4.1760013652E-001  
 HF contribution (EtotHF)                          -7.6057374808E+001  
 Singles correction (EcSingles)                    -4.2616047497E-003  
 HF contribution (EtotHF)                          -7.6057374808E+001  
 Singles correction (EcSingles)                    -4.2616047497E-003  
 Direct RPA correlation (EcRPA)                    -4.1789399803E-001  
 HF contribution (EtotHF)                          -7.6058246412E+001  
 Singles correction (EcSingles)                    -4.2402763570E-003  
 HF contribution (EtotHF)                          -7.6058246412E+001  
 Singles correction (EcSingles)                    -4.2402763570E-003  
 Direct RPA correlation (EcRPA)                    -4.1722912385E-001  
 HF contribution (EtotHF)                          -1.5211673000E+002  
 Singles correction (EcSingles)                    -9.2951281241E-003  
 HF contribution (EtotHF)                          -1.5211673000E+002  
 Singles correction (EcSingles)                    -9.2951281241E-003  
 Direct RPA correlation (EcRPA)                    -8.3901996070E-001  
 HF contribution (EtotHF)                          -1.5211983683E+002  
 Singles correction (EcSingles)                    -9.1165603894E-003  
 HF contribution (EtotHF)                          -1.5211983683E+002  
 Singles correction (EcSingles)                    -9.1165603894E-003  
 Direct RPA correlation (EcRPA)                    -8.3761743773E-001  
 HF contribution (EtotHF)                          -1.5211828058E+002  
 Singles correction (EcSingles)                    -8.5161747631E-003  
 HF contribution (EtotHF)                          -1.5211828058E+002  
 Singles correction (EcSingles)                    -8.5161747631E-003  
 Direct RPA correlation (EcRPA)                    -8.3491452914E-001  
 HF contribution (EtotHF)                          -4.0211063865E+001  
 Singles correction (EcSingles)                    -4.3014894015E-003  
 HF contribution (EtotHF)                          -4.0211063865E+001  
 Singles correction (EcSingles)                    -4.3014894015E-003  
 Direct RPA correlation (EcRPA)                    -3.5215652129E-001  
 HF contribution (EtotHF)                          -1.1626877180E+002  
 Singles correction (EcSingles)                    -8.7303615080E-003  
 HF contribution (EtotHF)                          -1.1626877180E+002  
 Singles correction (EcSingles)                    -8.7303615080E-003  
 Direct RPA correlation (EcRPA)                    -7.7091468105E-001  
 HF contribution (EtotHF)                          -1.1626786247E+002  
 Singles correction (EcSingles)                    -8.6366489450E-003  
 HF contribution (EtotHF)                          -1.1626786247E+002  
 Singles correction (EcSingles)                    -8.6366489450E-003  
 Direct RPA correlation (EcRPA)                    -7.7074031207E-001  
 HF contribution (EtotHF)                          -1.1626841200E+002  
 Singles correction (EcSingles)                    -8.6836465559E-003  
 HF contribution (EtotHF)                          -1.1626841200E+002  
 Singles correction (EcSingles)                    -8.6836465559E-003  
 Direct RPA correlation (EcRPA)                    -7.7032441905E-001  
 HF contribution (EtotHF)                          -2.2818322825E+002  
 Singles correction (EcSingles)                    -1.4210124606E-002  
 HF contribution (EtotHF)                          -2.2818322825E+002  
 Singles correction (EcSingles)                    -1.4210124606E-002  
 Direct RPA correlation (EcRPA)                    -1.2588718904E+000  
 HF contribution (EtotHF)                          -1.9232665131E+002  
 Singles correction (EcSingles)                    -1.3808279433E-002  
 HF contribution (EtotHF)                          -1.9232665131E+002  
 Singles correction (EcSingles)                    -1.3808279433E-002  
 Direct RPA correlation (EcRPA)                    -1.1928906770E+000  
 HF contribution (EtotHF)                          -1.9232761818E+002  
 Singles correction (EcSingles)                    -1.3129850666E-002  
 HF contribution (EtotHF)                          -1.9232761818E+002  
 Singles correction (EcSingles)                    -1.3129850666E-002  
 Direct RPA correlation (EcRPA)                    -1.1891474850E+000  
 HF contribution (EtotHF)                          -1.9232940068E+002  
 Singles correction (EcSingles)                    -1.3613001435E-002  
 HF contribution (EtotHF)                          -1.9232940068E+002  
 Singles correction (EcSingles)                    -1.3613001435E-002  
 Direct RPA correlation (EcRPA)                    -1.1913656268E+000  
