 Converged energy                           -269.636655125574
 Converged energy                            -76.384203945623
 Converged energy                            -76.384966552931
 Converged energy                            -76.383256936717
 Converged energy                           -152.769273439881
 Converged energy                           -152.774832326258
 Converged energy                           -152.767453484794
 Converged energy                            -40.476699524594
 Converged energy                           -116.861253289938
 Converged energy                           -116.861956964215
 Converged energy                           -116.860110891049
 Converged energy                           -229.159231042587
 Converged energy                           -193.246552400212
 Converged energy                           -193.244643620473
 Converged energy                           -193.251997682776
 HF contribution (EtotHF)                          -2.6838611798E+002  
 Singles correction (EcSingles)                    -1.7856756308E-002  
 HF contribution (EtotHF)                          -2.6838611798E+002  
 Singles correction (EcSingles)                    -1.7856756308E-002  
 Direct RPA correlation (EcRPA)                    -1.6084874307E+000  
 HF contribution (EtotHF)                          -7.6057777908E+001  
 Singles correction (EcSingles)                    -4.2349496999E-003  
 HF contribution (EtotHF)                          -7.6057777908E+001  
 Singles correction (EcSingles)                    -4.2349496999E-003  
 Direct RPA correlation (EcRPA)                    -4.1696852684E-001  
 HF contribution (EtotHF)                          -7.6059015816E+001  
 Singles correction (EcSingles)                    -4.2067784866E-003  
 HF contribution (EtotHF)                          -7.6059015816E+001  
 Singles correction (EcSingles)                    -4.2067784866E-003  
 Direct RPA correlation (EcRPA)                    -4.1671539738E-001  
 HF contribution (EtotHF)                          -7.6056267579E+001  
 Singles correction (EcSingles)                    -4.2854263425E-003  
 HF contribution (EtotHF)                          -7.6056267579E+001  
 Singles correction (EcSingles)                    -4.2854263425E-003  
 Direct RPA correlation (EcRPA)                    -4.1813486926E-001  
 HF contribution (EtotHF)                          -1.5211690229E+002  
 Singles correction (EcSingles)                    -8.4410855112E-003  
 HF contribution (EtotHF)                          -1.5211690229E+002  
 Singles correction (EcSingles)                    -8.4410855112E-003  
 Direct RPA correlation (EcRPA)                    -8.3368185613E-001  
 HF contribution (EtotHF)                          -1.5211737418E+002  
 Singles correction (EcSingles)                    -9.1883606632E-003  
 HF contribution (EtotHF)                          -1.5211737418E+002  
 Singles correction (EcSingles)                    -9.1883606632E-003  
 Direct RPA correlation (EcRPA)                    -8.3789834873E-001  
 HF contribution (EtotHF)                          -1.5211402619E+002  
 Singles correction (EcSingles)                    -8.5225482047E-003  
 HF contribution (EtotHF)                          -1.5211402619E+002  
 Singles correction (EcSingles)                    -8.5225482047E-003  
 Direct RPA correlation (EcRPA)                    -8.3512877029E-001  
 HF contribution (EtotHF)                          -4.0211064472E+001  
 Singles correction (EcSingles)                    -4.3006681117E-003  
 HF contribution (EtotHF)                          -4.0211064472E+001  
 Singles correction (EcSingles)                    -4.3006681117E-003  
 Direct RPA correlation (EcRPA)                    -3.5209926013E-001  
 HF contribution (EtotHF)                          -1.1626880821E+002  
 Singles correction (EcSingles)                    -8.5817473741E-003  
 HF contribution (EtotHF)                          -1.1626880821E+002  
 Singles correction (EcSingles)                    -8.5817473741E-003  
 Direct RPA correlation (EcRPA)                    -7.6958806583E-001  
 HF contribution (EtotHF)                          -1.1626999858E+002  
 Singles correction (EcSingles)                    -8.5533654495E-003  
 HF contribution (EtotHF)                          -1.1626999858E+002  
 Singles correction (EcSingles)                    -8.5533654495E-003  
 Direct RPA correlation (EcRPA)                    -7.6931912027E-001  
 HF contribution (EtotHF)                          -1.1626715719E+002  
 Singles correction (EcSingles)                    -8.6335769472E-003  
 HF contribution (EtotHF)                          -1.1626715719E+002  
 Singles correction (EcSingles)                    -8.6335769472E-003  
 Direct RPA correlation (EcRPA)                    -7.7072055038E-001  
 HF contribution (EtotHF)                          -2.2817533356E+002  
 Singles correction (EcSingles)                    -1.3426719201E-002  
 HF contribution (EtotHF)                          -2.2817533356E+002  
 Singles correction (EcSingles)                    -1.3426719201E-002  
 Direct RPA correlation (EcRPA)                    -1.2548898709E+000  
 HF contribution (EtotHF)                          -1.9232777541E+002  
 Singles correction (EcSingles)                    -1.2835939433E-002  
 HF contribution (EtotHF)                          -1.9232777541E+002  
 Singles correction (EcSingles)                    -1.2835939433E-002  
 Direct RPA correlation (EcRPA)                    -1.1868230340E+000  
 HF contribution (EtotHF)                          -1.9232486000E+002  
 Singles correction (EcSingles)                    -1.2917760019E-002  
 HF contribution (EtotHF)                          -1.9232486000E+002  
 Singles correction (EcSingles)                    -1.2917760019E-002  
 Direct RPA correlation (EcRPA)                    -1.1882438113E+000  
 HF contribution (EtotHF)                          -1.9232830483E+002  
 Singles correction (EcSingles)                    -1.3569343926E-002  
 HF contribution (EtotHF)                          -1.9232830483E+002  
 Singles correction (EcSingles)                    -1.3569343926E-002  
 Direct RPA correlation (EcRPA)                    -1.1909490726E+000  
