 Converged energy                           -269.641544409882
 Converged energy                            -76.384953941006
 Converged energy                            -76.383961148124
 Converged energy                            -76.384648325965
 Converged energy                           -152.770272983534
 Converged energy                           -152.776465123376
 Converged energy                           -152.771443161790
 Converged energy                            -40.476699857982
 Converged energy                           -116.861944782903
 Converged energy                           -116.860606038289
 Converged energy                           -116.861229847277
 Converged energy                           -229.165075647723
 Converged energy                           -193.247077084403
 Converged energy                           -193.248313799537
 Converged energy                           -193.252789933781
 HF contribution (EtotHF)                          -2.6839181632E+002  
 Singles correction (EcSingles)                    -1.7897538314E-002  
 HF contribution (EtotHF)                          -2.6839181632E+002  
 Singles correction (EcSingles)                    -1.7897538314E-002  
 Direct RPA correlation (EcRPA)                    -1.6081301657E+000  
 HF contribution (EtotHF)                          -7.6059010872E+001  
 Singles correction (EcSingles)                    -4.2025185182E-003  
 HF contribution (EtotHF)                          -7.6059010872E+001  
 Singles correction (EcSingles)                    -4.2025185182E-003  
 Direct RPA correlation (EcRPA)                    -4.1649340722E-001  
 HF contribution (EtotHF)                          -7.6057365414E+001  
 Singles correction (EcSingles)                    -4.2574738779E-003  
 HF contribution (EtotHF)                          -7.6057365414E+001  
 Singles correction (EcSingles)                    -4.2574738779E-003  
 Direct RPA correlation (EcRPA)                    -4.1765227452E-001  
 HF contribution (EtotHF)                          -7.6058247424E+001  
 Singles correction (EcSingles)                    -4.2398838094E-003  
 HF contribution (EtotHF)                          -7.6058247424E+001  
 Singles correction (EcSingles)                    -4.2398838094E-003  
 Direct RPA correlation (EcRPA)                    -4.1721814365E-001  
 HF contribution (EtotHF)                          -1.5211767050E+002  
 Singles correction (EcSingles)                    -8.4869896193E-003  
 HF contribution (EtotHF)                          -1.5211767050E+002  
 Singles correction (EcSingles)                    -8.4869896193E-003  
 Direct RPA correlation (EcRPA)                    -8.3419947537E-001  
 HF contribution (EtotHF)                          -1.5211982784E+002  
 Singles correction (EcSingles)                    -9.1119798335E-003  
 HF contribution (EtotHF)                          -1.5211982784E+002  
 Singles correction (EcSingles)                    -9.1119798335E-003  
 Direct RPA correlation (EcRPA)                    -8.3736439436E-001  
 HF contribution (EtotHF)                          -1.5211906813E+002  
 Singles correction (EcSingles)                    -8.4675667910E-003  
 HF contribution (EtotHF)                          -1.5211906813E+002  
 Singles correction (EcSingles)                    -8.4675667910E-003  
 Direct RPA correlation (EcRPA)                    -8.3371988861E-001  
 HF contribution (EtotHF)                          -4.0211062864E+001  
 Singles correction (EcSingles)                    -4.3011988594E-003  
 HF contribution (EtotHF)                          -4.0211062864E+001  
 Singles correction (EcSingles)                    -4.3011988594E-003  
 Direct RPA correlation (EcRPA)                    -3.5212938864E-001  
 HF contribution (EtotHF)                          -1.1626999225E+002  
 Singles correction (EcSingles)                    -8.5496042615E-003  
 HF contribution (EtotHF)                          -1.1626999225E+002  
 Singles correction (EcSingles)                    -8.5496042615E-003  
 Direct RPA correlation (EcRPA)                    -7.6912718416E-001  
 HF contribution (EtotHF)                          -1.1626785198E+002  
 Singles correction (EcSingles)                    -8.6322936262E-003  
 HF contribution (EtotHF)                          -1.1626785198E+002  
 Singles correction (EcSingles)                    -8.6322936262E-003  
 Direct RPA correlation (EcRPA)                    -7.7047029428E-001  
 HF contribution (EtotHF)                          -1.1626841202E+002  
 Singles correction (EcSingles)                    -8.6829232214E-003  
 HF contribution (EtotHF)                          -1.1626841202E+002  
 Singles correction (EcSingles)                    -8.6829232214E-003  
 Direct RPA correlation (EcRPA)                    -7.7028634337E-001  
 HF contribution (EtotHF)                          -2.2818239588E+002  
 Singles correction (EcSingles)                    -1.3370509134E-002  
 HF contribution (EtotHF)                          -2.2818239588E+002  
 Singles correction (EcSingles)                    -1.3370509134E-002  
 Direct RPA correlation (EcRPA)                    -1.2539238032E+000  
 HF contribution (EtotHF)                          -1.9232798328E+002  
 Singles correction (EcSingles)                    -1.2901152750E-002  
 HF contribution (EtotHF)                          -1.9232798328E+002  
 Singles correction (EcSingles)                    -1.2901152750E-002  
 Direct RPA correlation (EcRPA)                    -1.1875244302E+000  
 HF contribution (EtotHF)                          -1.9232921262E+002  
 Singles correction (EcSingles)                    -1.2944531398E-002  
 HF contribution (EtotHF)                          -1.9232921262E+002  
 Singles correction (EcSingles)                    -1.2944531398E-002  
 Direct RPA correlation (EcRPA)                    -1.1872693519E+000  
 HF contribution (EtotHF)                          -1.9232939058E+002  
 Singles correction (EcSingles)                    -1.3608194523E-002  
 HF contribution (EtotHF)                          -1.9232939058E+002  
 Singles correction (EcSingles)                    -1.3608194523E-002  
 Direct RPA correlation (EcRPA)                    -1.1910843510E+000  
