 Converged energy                           -269.641088415155
 Converged energy                            -76.384945421068
 Converged energy                            -76.385076371077
 Converged energy                            -76.384634331885
 Converged energy                           -152.778095778990
 Converged energy                           -152.770774869794
 Converged energy                           -152.770215534379
 Converged energy                            -40.476701456229
 Converged energy                           -116.862101449822
 Converged energy                           -116.862034991868
 Converged energy                           -116.861217261557
 Converged energy                           -229.164033771910
 Converged energy                           -193.255294721799
 Converged energy                           -193.247203234957
 Converged energy                           -193.247594387995
 HF contribution (EtotHF)                          -2.6839183729E+002  
 Singles correction (EcSingles)                    -1.7856110942E-002  
 HF contribution (EtotHF)                          -2.6839183729E+002  
 Singles correction (EcSingles)                    -1.7856110942E-002  
 Direct RPA correlation (EcRPA)                    -1.6077780643E+000  
 HF contribution (EtotHF)                          -7.6058969509E+001  
 Singles correction (EcSingles)                    -4.2133178319E-003  
 HF contribution (EtotHF)                          -7.6058969509E+001  
 Singles correction (EcSingles)                    -4.2133178319E-003  
 Direct RPA correlation (EcRPA)                    -4.1696659402E-001  
 HF contribution (EtotHF)                          -7.6059043618E+001  
 Singles correction (EcSingles)                    -4.2149015634E-003  
 HF contribution (EtotHF)                          -7.6059043618E+001  
 Singles correction (EcSingles)                    -4.2149015634E-003  
 Direct RPA correlation (EcRPA)                    -4.1682872443E-001  
 HF contribution (EtotHF)                          -7.6058238271E+001  
 Singles correction (EcSingles)                    -4.2361379910E-003  
 HF contribution (EtotHF)                          -7.6058238271E+001  
 Singles correction (EcSingles)                    -4.2361379910E-003  
 Direct RPA correlation (EcRPA)                    -4.1701133660E-001  
 HF contribution (EtotHF)                          -1.5212266431E+002  
 Singles correction (EcSingles)                    -9.0065725553E-003  
 HF contribution (EtotHF)                          -1.5212266431E+002  
 Singles correction (EcSingles)                    -9.0065725553E-003  
 Direct RPA correlation (EcRPA)                    -8.3614218409E-001  
 HF contribution (EtotHF)                          -1.5211820781E+002  
 Singles correction (EcSingles)                    -8.4946098355E-003  
 HF contribution (EtotHF)                          -1.5211820781E+002  
 Singles correction (EcSingles)                    -8.4946098355E-003  
 Direct RPA correlation (EcRPA)                    -8.3396854577E-001  
 HF contribution (EtotHF)                          -1.5211778901E+002  
 Singles correction (EcSingles)                    -8.4655577689E-003  
 HF contribution (EtotHF)                          -1.5211778901E+002  
 Singles correction (EcSingles)                    -8.4655577689E-003  
 Direct RPA correlation (EcRPA)                    -8.3404993613E-001  
 HF contribution (EtotHF)                          -4.0211064161E+001  
 Singles correction (EcSingles)                    -4.3012908012E-003  
 HF contribution (EtotHF)                          -4.0211064161E+001  
 Singles correction (EcSingles)                    -4.3012908012E-003  
 Direct RPA correlation (EcRPA)                    -3.5213945651E-001  
 HF contribution (EtotHF)                          -1.1627005236E+002  
 Singles correction (EcSingles)                    -8.5642852135E-003  
 HF contribution (EtotHF)                          -1.1627005236E+002  
 Singles correction (EcSingles)                    -8.5642852135E-003  
 Direct RPA correlation (EcRPA)                    -7.6965939259E-001  
 HF contribution (EtotHF)                          -1.1626961423E+002  
 Singles correction (EcSingles)                    -8.6411629422E-003  
 HF contribution (EtotHF)                          -1.1626961423E+002  
 Singles correction (EcSingles)                    -8.6411629422E-003  
 Direct RPA correlation (EcRPA)                    -7.6985083151E-001  
 HF contribution (EtotHF)                          -1.1626840407E+002  
 Singles correction (EcSingles)                    -8.6793841964E-003  
 HF contribution (EtotHF)                          -1.1626840407E+002  
 Singles correction (EcSingles)                    -8.6793841964E-003  
 Direct RPA correlation (EcRPA)                    -7.7008861719E-001  
 HF contribution (EtotHF)                          -2.2818209048E+002  
 Singles correction (EcSingles)                    -1.3282176177E-002  
 HF contribution (EtotHF)                          -2.2818209048E+002  
 Singles correction (EcSingles)                    -1.3282176177E-002  
 Direct RPA correlation (EcRPA)                    -1.2533393570E+000  
 HF contribution (EtotHF)                          -1.9233321390E+002  
 Singles correction (EcSingles)                    -1.3461226861E-002  
 HF contribution (EtotHF)                          -1.9233321390E+002  
 Singles correction (EcSingles)                    -1.3461226861E-002  
 Direct RPA correlation (EcRPA)                    -1.1896812237E+000  
 HF contribution (EtotHF)                          -1.9232798872E+002  
 Singles correction (EcSingles)                    -1.2944892570E-002  
 HF contribution (EtotHF)                          -1.9232798872E+002  
 Singles correction (EcSingles)                    -1.2944892570E-002  
 Direct RPA correlation (EcRPA)                    -1.1876614066E+000  
 HF contribution (EtotHF)                          -1.9232794931E+002  
 Singles correction (EcSingles)                    -1.3046440295E-002  
 HF contribution (EtotHF)                          -1.9232794931E+002  
 Singles correction (EcSingles)                    -1.3046440295E-002  
 Direct RPA correlation (EcRPA)                    -1.1879047153E+000  
