 Converged energy                           -192.341018527288
 Converged energy                            -40.215953990127
 Converged energy                            -76.063215321473
 Converged energy                            -76.062208165290
 Converged energy                           -116.278639411046
 Converged energy                           -152.125852538078
 Converged energy                           -116.277944916158
 HF contribution (EtotHF)                          -1.9234101853E+002  
 Singles correction (EcSingles)                    -1.9042545318E-012  
 HF contribution (EtotHF)                          -1.9234101853E+002  
 Singles correction (EcSingles)                    -1.9042545318E-012  
 Direct RPA correlation (EcRPA)                    -9.7943231524E-001  
 HF contribution (EtotHF)                          -4.0215953990E+001  
 Singles correction (EcSingles)                    3.1619151741E-013   
 HF contribution (EtotHF)                          -4.0215953990E+001  
 Singles correction (EcSingles)                    3.1619151741E-013   
 Direct RPA correlation (EcRPA)                    -2.8563442140E-001  
 HF contribution (EtotHF)                          -7.6063215321E+001  
 Singles correction (EcSingles)                    -7.1054273576E-014  
 HF contribution (EtotHF)                          -7.6063215321E+001  
 Singles correction (EcSingles)                    -7.1054273576E-014  
 Direct RPA correlation (EcRPA)                    -3.4620837606E-001  
 HF contribution (EtotHF)                          -7.6062208165E+001  
 Singles correction (EcSingles)                    -2.4158453016E-013  
 HF contribution (EtotHF)                          -7.6062208165E+001  
 Singles correction (EcSingles)                    -2.4158453016E-013  
 Direct RPA correlation (EcRPA)                    -3.4632974645E-001  
 HF contribution (EtotHF)                          -1.1627863941E+002  
 Singles correction (EcSingles)                    2.7000623959E-013   
 HF contribution (EtotHF)                          -1.1627863941E+002  
 Singles correction (EcSingles)                    2.7000623959E-013   
 Direct RPA correlation (EcRPA)                    -6.3261720252E-001  
 HF contribution (EtotHF)                          -1.5212585254E+002  
 Singles correction (EcSingles)                    -2.0463630790E-012  
 HF contribution (EtotHF)                          -1.5212585254E+002  
 Singles correction (EcSingles)                    -2.0463630790E-012  
 Direct RPA correlation (EcRPA)                    -6.9251234981E-001  
 HF contribution (EtotHF)                          -1.1627794492E+002  
 Singles correction (EcSingles)                    5.1159076975E-013   
 HF contribution (EtotHF)                          -1.1627794492E+002  
 Singles correction (EcSingles)                    5.1159076975E-013   
 Direct RPA correlation (EcRPA)                    -6.3247377939E-001  
