 Converged energy                           -192.343545075922
 Converged energy                            -40.215953946052
 Converged energy                            -76.063653753789
 Converged energy                            -76.064019053806
 Converged energy                           -116.279700746626
 Converged energy                           -152.127553780013
 Converged energy                           -116.279873581576
 HF contribution (EtotHF)                          -1.9234354508E+002  
 Singles correction (EcSingles)                    -4.1069370127E-012  
 HF contribution (EtotHF)                          -1.9234354508E+002  
 Singles correction (EcSingles)                    -4.1069370127E-012  
 Direct RPA correlation (EcRPA)                    -9.7857149347E-001  
 HF contribution (EtotHF)                          -4.0215953946E+001  
 Singles correction (EcSingles)                    5.8619775700E-013   
 HF contribution (EtotHF)                          -4.0215953946E+001  
 Singles correction (EcSingles)                    5.8619775700E-013   
 Direct RPA correlation (EcRPA)                    -2.8560667030E-001  
 HF contribution (EtotHF)                          -7.6063653754E+001  
 Singles correction (EcSingles)                    -3.9079850467E-013  
 HF contribution (EtotHF)                          -7.6063653754E+001  
 Singles correction (EcSingles)                    -3.9079850467E-013  
 Direct RPA correlation (EcRPA)                    -3.4599265014E-001  
 HF contribution (EtotHF)                          -7.6064019054E+001  
 Singles correction (EcSingles)                    2.1316282073E-014   
 HF contribution (EtotHF)                          -7.6064019054E+001  
 Singles correction (EcSingles)                    2.1316282073E-014   
 Direct RPA correlation (EcRPA)                    -3.4601458750E-001  
 HF contribution (EtotHF)                          -1.1627970075E+002  
 Singles correction (EcSingles)                    7.2475359048E-013   
 HF contribution (EtotHF)                          -1.1627970075E+002  
 Singles correction (EcSingles)                    7.2475359048E-013   
 Direct RPA correlation (EcRPA)                    -6.3200800058E-001  
 HF contribution (EtotHF)                          -1.5212755378E+002  
 Singles correction (EcSingles)                    -6.6791017161E-013  
 HF contribution (EtotHF)                          -1.5212755378E+002  
 Singles correction (EcSingles)                    -6.6791017161E-013  
 Direct RPA correlation (EcRPA)                    -6.9201654686E-001  
 HF contribution (EtotHF)                          -1.1627987358E+002  
 Singles correction (EcSingles)                    8.2422957348E-013   
 HF contribution (EtotHF)                          -1.1627987358E+002  
 Singles correction (EcSingles)                    8.2422957348E-013   
 Direct RPA correlation (EcRPA)                    -6.3216228321E-001  
