 Converged energy                           -192.342335351854
 Converged energy                            -40.215954748744
 Converged energy                            -76.063744988491
 Converged energy                            -76.062520595169
 Converged energy                           -116.279382752450
 Converged energy                           -152.126705117431
 Converged energy                           -116.278510564216
 HF contribution (EtotHF)                          -1.9234233535E+002  
 Singles correction (EcSingles)                    -4.5474735089E-013  
 HF contribution (EtotHF)                          -1.9234233535E+002  
 Singles correction (EcSingles)                    -4.5474735089E-013  
 Direct RPA correlation (EcRPA)                    -9.7884939004E-001  
 HF contribution (EtotHF)                          -4.0215954749E+001  
 Singles correction (EcSingles)                    1.0658141036E-013   
 HF contribution (EtotHF)                          -4.0215954749E+001  
 Singles correction (EcSingles)                    1.0658141036E-013   
 Direct RPA correlation (EcRPA)                    -2.8561232486E-001  
 HF contribution (EtotHF)                          -7.6063744988E+001  
 Singles correction (EcSingles)                    -2.0605739337E-013  
 HF contribution (EtotHF)                          -7.6063744988E+001  
 Singles correction (EcSingles)                    -2.0605739337E-013  
 Direct RPA correlation (EcRPA)                    -3.4605472338E-001  
 HF contribution (EtotHF)                          -7.6062520595E+001  
 Singles correction (EcSingles)                    -1.2789769244E-013  
 HF contribution (EtotHF)                          -7.6062520595E+001  
 Singles correction (EcSingles)                    -1.2789769244E-013  
 Direct RPA correlation (EcRPA)                    -3.4622595096E-001  
 HF contribution (EtotHF)                          -1.1627938275E+002  
 Singles correction (EcSingles)                    -4.2632564146E-013  
 HF contribution (EtotHF)                          -1.1627938275E+002  
 Singles correction (EcSingles)                    -4.2632564146E-013  
 Direct RPA correlation (EcRPA)                    -6.3226457835E-001  
 HF contribution (EtotHF)                          -1.5212670512E+002  
 Singles correction (EcSingles)                    -2.2311041903E-012  
 HF contribution (EtotHF)                          -1.5212670512E+002  
 Singles correction (EcSingles)                    -2.2311041903E-012  
 Direct RPA correlation (EcRPA)                    -6.9225414950E-001  
 HF contribution (EtotHF)                          -1.1627851056E+002  
 Singles correction (EcSingles)                    1.2789769244E-013   
 HF contribution (EtotHF)                          -1.1627851056E+002  
 Singles correction (EcSingles)                    1.2789769244E-013   
 Direct RPA correlation (EcRPA)                    -6.3221846207E-001  
