 Converged energy                           -192.341428694195
 Converged energy                            -40.215954416558
 Converged energy                            -76.062978000739
 Converged energy                            -76.062524557277
 Converged energy                           -116.278230301248
 Converged energy                           -152.126182564647
 Converged energy                           -116.278514357622
 HF contribution (EtotHF)                          -1.9234142869E+002  
 Singles correction (EcSingles)                    -4.8459014579E-012  
 HF contribution (EtotHF)                          -1.9234142869E+002  
 Singles correction (EcSingles)                    -4.8459014579E-012  
 Direct RPA correlation (EcRPA)                    -9.7920631402E-001  
 HF contribution (EtotHF)                          -4.0215954417E+001  
 Singles correction (EcSingles)                    7.8159700934E-014   
 HF contribution (EtotHF)                          -4.0215954417E+001  
 Singles correction (EcSingles)                    7.8159700934E-014   
 Direct RPA correlation (EcRPA)                    -2.8561542164E-001  
 HF contribution (EtotHF)                          -7.6062978001E+001  
 Singles correction (EcSingles)                    2.8421709430E-014   
 HF contribution (EtotHF)                          -7.6062978001E+001  
 Singles correction (EcSingles)                    2.8421709430E-014   
 Direct RPA correlation (EcRPA)                    -3.4625752725E-001  
 HF contribution (EtotHF)                          -7.6062524557E+001  
 Singles correction (EcSingles)                    7.8159700934E-014   
 HF contribution (EtotHF)                          -7.6062524557E+001  
 Singles correction (EcSingles)                    7.8159700934E-014   
 Direct RPA correlation (EcRPA)                    -3.4624699419E-001  
 HF contribution (EtotHF)                          -1.1627823030E+002  
 Singles correction (EcSingles)                    4.2632564146E-013   
 HF contribution (EtotHF)                          -1.1627823030E+002  
 Singles correction (EcSingles)                    4.2632564146E-013   
 Direct RPA correlation (EcRPA)                    -6.3249270723E-001  
 HF contribution (EtotHF)                          -1.5212618256E+002  
 Singles correction (EcSingles)                    -2.5153212846E-012  
 HF contribution (EtotHF)                          -1.5212618256E+002  
 Singles correction (EcSingles)                    -2.5153212846E-012  
 Direct RPA correlation (EcRPA)                    -6.9258959288E-001  
 HF contribution (EtotHF)                          -1.1627851436E+002  
 Singles correction (EcSingles)                    2.9842794902E-013   
 HF contribution (EtotHF)                          -1.1627851436E+002  
 Singles correction (EcSingles)                    2.9842794902E-013   
 Direct RPA correlation (EcRPA)                    -6.3224299449E-001  
