 Converged energy                           -269.760371566371
 Converged energy                            -76.416819824496
 Converged energy                            -76.416033376688
 Converged energy                            -76.416293463041
 Converged energy                           -152.841624694641
 Converged energy                           -152.833111067315
 Converged energy                           -152.832686325378
 Converged energy                            -40.501457949752
 Converged energy                           -116.918496405880
 Converged energy                           -116.917668016281
 Converged energy                           -116.918300671439
 Converged energy                           -229.258014439324
 Converged energy                           -193.343419549351
 Converged energy                           -193.334920688321
 Converged energy                           -193.335294287863
 HF contribution (EtotHF)                          -2.6837866150E+002  
 Singles correction (EcSingles)                    -1.1508543398E-002  
 HF contribution (EtotHF)                          -2.6837866150E+002  
 Singles correction (EcSingles)                    -1.1508543398E-002  
 Direct RPA correlation (EcRPA)                    -1.4596664116E+000  
 HF contribution (EtotHF)                          -7.6055860276E+001  
 Singles correction (EcSingles)                    -2.6290307719E-003  
 HF contribution (EtotHF)                          -7.6055860276E+001  
 Singles correction (EcSingles)                    -2.6290307719E-003  
 Direct RPA correlation (EcRPA)                    -3.7638911000E-001  
 HF contribution (EtotHF)                          -7.6054771191E+001  
 Singles correction (EcSingles)                    -2.6522208286E-003  
 HF contribution (EtotHF)                          -7.6054771191E+001  
 Singles correction (EcSingles)                    -2.6522208286E-003  
 Direct RPA correlation (EcRPA)                    -3.7704059515E-001  
 HF contribution (EtotHF)                          -7.6055064330E+001  
 Singles correction (EcSingles)                    -2.6463349279E-003  
 HF contribution (EtotHF)                          -7.6055064330E+001  
 Singles correction (EcSingles)                    -2.6463349279E-003  
 Direct RPA correlation (EcRPA)                    -3.7642902291E-001  
 HF contribution (EtotHF)                          -1.5211527225E+002  
 Singles correction (EcSingles)                    -5.7595800301E-003  
 HF contribution (EtotHF)                          -1.5211527225E+002  
 Singles correction (EcSingles)                    -5.7595800301E-003  
 Direct RPA correlation (EcRPA)                    -7.5545734418E-001  
 HF contribution (EtotHF)                          -1.5211049864E+002  
 Singles correction (EcSingles)                    -5.3261290542E-003  
 HF contribution (EtotHF)                          -1.5211049864E+002  
 Singles correction (EcSingles)                    -5.3261290542E-003  
 Direct RPA correlation (EcRPA)                    -7.5358402860E-001  
 HF contribution (EtotHF)                          -1.5211043474E+002  
 Singles correction (EcSingles)                    -5.2843261299E-003  
 HF contribution (EtotHF)                          -1.5211043474E+002  
 Singles correction (EcSingles)                    -5.2843261299E-003  
 Direct RPA correlation (EcRPA)                    -7.5292480237E-001  
 HF contribution (EtotHF)                          -4.0210174002E+001  
 Singles correction (EcSingles)                    -2.7545774420E-003  
 HF contribution (EtotHF)                          -4.0210174002E+001  
 Singles correction (EcSingles)                    -2.7545774420E-003  
 Direct RPA correlation (EcRPA)                    -3.2505356259E-001  
 HF contribution (EtotHF)                          -1.1626526229E+002  
 Singles correction (EcSingles)                    -5.4986432656E-003  
 HF contribution (EtotHF)                          -1.1626526229E+002  
 Singles correction (EcSingles)                    -5.4986432656E-003  
 Direct RPA correlation (EcRPA)                    -7.0235769453E-001  
 HF contribution (EtotHF)                          -1.1626473244E+002  
 Singles correction (EcSingles)                    -5.4392861781E-003  
 HF contribution (EtotHF)                          -1.1626473244E+002  
 Singles correction (EcSingles)                    -5.4392861781E-003  
 Direct RPA correlation (EcRPA)                    -7.0258372329E-001  
 HF contribution (EtotHF)                          -1.1626447373E+002  
 Singles correction (EcSingles)                    -5.5583868202E-003  
 HF contribution (EtotHF)                          -1.1626447373E+002  
 Singles correction (EcSingles)                    -5.5583868202E-003  
 Direct RPA correlation (EcRPA)                    -7.0259662985E-001  
 HF contribution (EtotHF)                          -2.2817028743E+002  
 Singles correction (EcSingles)                    -8.4333962507E-003  
 HF contribution (EtotHF)                          -2.2817028743E+002  
 Singles correction (EcSingles)                    -8.4333962507E-003  
 Direct RPA correlation (EcRPA)                    -1.1320986266E+000  
 HF contribution (EtotHF)                          -1.9232442869E+002  
 Singles correction (EcSingles)                    -8.6701915031E-003  
 HF contribution (EtotHF)                          -1.9232442869E+002  
 Singles correction (EcSingles)                    -8.6701915031E-003  
 Direct RPA correlation (EcRPA)                    -1.0819033586E+000  
 HF contribution (EtotHF)                          -1.9231906542E+002  
 Singles correction (EcSingles)                    -8.3136072932E-003  
 HF contribution (EtotHF)                          -1.9231906542E+002  
 Singles correction (EcSingles)                    -8.3136072932E-003  
 Direct RPA correlation (EcRPA)                    -1.0800127999E+000  
 HF contribution (EtotHF)                          -1.9231967854E+002  
 Singles correction (EcSingles)                    -8.2760425097E-003  
 HF contribution (EtotHF)                          -1.9231967854E+002  
 Singles correction (EcSingles)                    -8.2760425097E-003  
 Direct RPA correlation (EcRPA)                    -1.0802449914E+000  
