 Converged energy                           -269.759759852525
 Converged energy                            -76.416858182111
 Converged energy                            -76.416155904778
 Converged energy                            -76.416538108799
 Converged energy                           -152.840164289693
 Converged energy                           -152.833122609108
 Converged energy                           -152.833768926530
 Converged energy                            -40.501452553561
 Converged energy                           -116.918530922943
 Converged energy                           -116.917808447985
 Converged energy                           -116.918355409937
 Converged energy                           -229.257587674369
 Converged energy                           -193.342079782332
 Converged energy                           -193.335773385322
 Converged energy                           -193.335078674690
 HF contribution (EtotHF)                          -2.6837760110E+002  
 Singles correction (EcSingles)                    -1.1510348695E-002  
 HF contribution (EtotHF)                          -2.6837760110E+002  
 Singles correction (EcSingles)                    -1.1510348695E-002  
 Direct RPA correlation (EcRPA)                    -1.4593994734E+000  
 HF contribution (EtotHF)                          -7.6055903970E+001  
 Singles correction (EcSingles)                    -2.6295628588E-003  
 HF contribution (EtotHF)                          -7.6055903970E+001  
 Singles correction (EcSingles)                    -2.6295628588E-003  
 Direct RPA correlation (EcRPA)                    -3.7671237105E-001  
 HF contribution (EtotHF)                          -7.6054843941E+001  
 Singles correction (EcSingles)                    -2.6547557626E-003  
 HF contribution (EtotHF)                          -7.6054843941E+001  
 Singles correction (EcSingles)                    -2.6547557626E-003  
 Direct RPA correlation (EcRPA)                    -3.7698846655E-001  
 HF contribution (EtotHF)                          -7.6055529210E+001  
 Singles correction (EcSingles)                    -2.6290691176E-003  
 HF contribution (EtotHF)                          -7.6055529210E+001  
 Singles correction (EcSingles)                    -2.6290691176E-003  
 Direct RPA correlation (EcRPA)                    -3.7585962577E-001  
 HF contribution (EtotHF)                          -1.5211253272E+002  
 Singles correction (EcSingles)                    -5.8805541004E-003  
 HF contribution (EtotHF)                          -1.5211253272E+002  
 Singles correction (EcSingles)                    -5.8805541004E-003  
 Direct RPA correlation (EcRPA)                    -7.5637117912E-001  
 HF contribution (EtotHF)                          -1.5211085217E+002  
 Singles correction (EcSingles)                    -5.2779608089E-003  
 HF contribution (EtotHF)                          -1.5211085217E+002  
 Singles correction (EcSingles)                    -5.2779608089E-003  
 Direct RPA correlation (EcRPA)                    -7.5278157307E-001  
 HF contribution (EtotHF)                          -1.5211184892E+002  
 Singles correction (EcSingles)                    -5.2534757393E-003  
 HF contribution (EtotHF)                          -1.5211184892E+002  
 Singles correction (EcSingles)                    -5.2534757393E-003  
 Direct RPA correlation (EcRPA)                    -7.5251420167E-001  
 HF contribution (EtotHF)                          -4.0210170536E+001  
 Singles correction (EcSingles)                    -2.7535677759E-003  
 HF contribution (EtotHF)                          -4.0210170536E+001  
 Singles correction (EcSingles)                    -2.7535677759E-003  
 Direct RPA correlation (EcRPA)                    -3.2502434411E-001  
 HF contribution (EtotHF)                          -1.1626530280E+002  
 Singles correction (EcSingles)                    -5.4982202417E-003  
 HF contribution (EtotHF)                          -1.1626530280E+002  
 Singles correction (EcSingles)                    -5.4982202417E-003  
 Direct RPA correlation (EcRPA)                    -7.0266006122E-001  
 HF contribution (EtotHF)                          -1.1626424776E+002  
 Singles correction (EcSingles)                    -5.5224547439E-003  
 HF contribution (EtotHF)                          -1.1626424776E+002  
 Singles correction (EcSingles)                    -5.5224547439E-003  
 Direct RPA correlation (EcRPA)                    -7.0292052610E-001  
 HF contribution (EtotHF)                          -1.1626563822E+002  
 Singles correction (EcSingles)                    -5.4098527418E-003  
 HF contribution (EtotHF)                          -1.1626563822E+002  
 Singles correction (EcSingles)                    -5.4098527418E-003  
 Direct RPA correlation (EcRPA)                    -7.0137120588E-001  
 HF contribution (EtotHF)                          -2.2816904251E+002  
 Singles correction (EcSingles)                    -8.4981061852E-003  
 HF contribution (EtotHF)                          -2.2816904251E+002  
 Singles correction (EcSingles)                    -8.4981061852E-003  
 Direct RPA correlation (EcRPA)                    -1.1321034895E+000  
 HF contribution (EtotHF)                          -1.9232126744E+002  
 Singles correction (EcSingles)                    -8.8655893525E-003  
 HF contribution (EtotHF)                          -1.9232126744E+002  
 Singles correction (EcSingles)                    -8.8655893525E-003  
 Direct RPA correlation (EcRPA)                    -1.0831663989E+000  
 HF contribution (EtotHF)                          -1.9232115482E+002  
 Singles correction (EcSingles)                    -8.1486211323E-003  
 HF contribution (EtotHF)                          -1.9232115482E+002  
 Singles correction (EcSingles)                    -8.1486211323E-003  
 Direct RPA correlation (EcRPA)                    -1.0789524096E+000  
 HF contribution (EtotHF)                          -1.9232012311E+002  
 Singles correction (EcSingles)                    -8.1738021780E-003  
 HF contribution (EtotHF)                          -1.9232012311E+002  
 Singles correction (EcSingles)                    -8.1738021780E-003  
 Direct RPA correlation (EcRPA)                    -1.0792121624E+000  
