 Converged energy                           -269.759413051785
 Converged energy                            -76.416783261161
 Converged energy                            -76.416653238936
 Converged energy                            -76.416617584845
 Converged energy                           -152.832737021164
 Converged energy                           -152.842024716492
 Converged energy                           -152.832980129858
 Converged energy                            -40.501452261247
 Converged energy                           -116.918454550594
 Converged energy                           -116.918202700379
 Converged energy                           -116.918377210169
 Converged energy                           -229.257385385193
 Converged energy                           -193.334504921312
 Converged energy                           -193.335006780824
 Converged energy                           -193.343776975728
 HF contribution (EtotHF)                          -2.6837847289E+002  
 Singles correction (EcSingles)                    -1.1437378719E-002  
 HF contribution (EtotHF)                          -2.6837847289E+002  
 Singles correction (EcSingles)                    -1.1437378719E-002  
 Direct RPA correlation (EcRPA)                    -1.4588584129E+000  
 HF contribution (EtotHF)                          -7.6055819504E+001  
 Singles correction (EcSingles)                    -2.6265710430E-003  
 HF contribution (EtotHF)                          -7.6055819504E+001  
 Singles correction (EcSingles)                    -2.6265710430E-003  
 Direct RPA correlation (EcRPA)                    -3.7596443218E-001  
 HF contribution (EtotHF)                          -7.6055678696E+001  
 Singles correction (EcSingles)                    -2.6306459408E-003  
 HF contribution (EtotHF)                          -7.6055678696E+001  
 Singles correction (EcSingles)                    -2.6306459408E-003  
 Direct RPA correlation (EcRPA)                    -3.7662886029E-001  
 HF contribution (EtotHF)                          -7.6055534622E+001  
 Singles correction (EcSingles)                    -2.6377086204E-003  
 HF contribution (EtotHF)                          -7.6055534622E+001  
 Singles correction (EcSingles)                    -2.6377086204E-003  
 Direct RPA correlation (EcRPA)                    -3.7654819156E-001  
 HF contribution (EtotHF)                          -1.5211048771E+002  
 Singles correction (EcSingles)                    -5.3144307510E-003  
 HF contribution (EtotHF)                          -1.5211048771E+002  
 Singles correction (EcSingles)                    -5.3144307510E-003  
 Direct RPA correlation (EcRPA)                    -7.5297555284E-001  
 HF contribution (EtotHF)                          -1.5211600190E+002  
 Singles correction (EcSingles)                    -5.7312662085E-003  
 HF contribution (EtotHF)                          -1.5211600190E+002  
 Singles correction (EcSingles)                    -5.7312662085E-003  
 Direct RPA correlation (EcRPA)                    -7.5513590819E-001  
 HF contribution (EtotHF)                          -1.5211087317E+002  
 Singles correction (EcSingles)                    -5.2727863763E-003  
 HF contribution (EtotHF)                          -1.5211087317E+002  
 Singles correction (EcSingles)                    -5.2727863763E-003  
 Direct RPA correlation (EcRPA)                    -7.5261525519E-001  
 HF contribution (EtotHF)                          -4.0210170376E+001  
 Singles correction (EcSingles)                    -2.7534948456E-003  
 HF contribution (EtotHF)                          -4.0210170376E+001  
 Singles correction (EcSingles)                    -2.7534948456E-003  
 Direct RPA correlation (EcRPA)                    -3.2500960386E-001  
 HF contribution (EtotHF)                          -1.1626521838E+002  
 Singles correction (EcSingles)                    -5.4949154514E-003  
 HF contribution (EtotHF)                          -1.1626521838E+002  
 Singles correction (EcSingles)                    -5.4949154514E-003  
 Direct RPA correlation (EcRPA)                    -7.0188725097E-001  
 HF contribution (EtotHF)                          -1.1626551677E+002  
 Singles correction (EcSingles)                    -5.4185204281E-003  
 HF contribution (EtotHF)                          -1.1626551677E+002  
 Singles correction (EcSingles)                    -5.4185204281E-003  
 Direct RPA correlation (EcRPA)                    -7.0217668185E-001  
 HF contribution (EtotHF)                          -1.1626513704E+002  
 Singles correction (EcSingles)                    -5.4931990181E-003  
 HF contribution (EtotHF)                          -1.1626513704E+002  
 Singles correction (EcSingles)                    -5.4931990181E-003  
 Direct RPA correlation (EcRPA)                    -7.0237849016E-001  
 HF contribution (EtotHF)                          -2.2817007236E+002  
 Singles correction (EcSingles)                    -8.4132383998E-003  
 HF contribution (EtotHF)                          -2.2817007236E+002  
 Singles correction (EcSingles)                    -8.4132383998E-003  
 Direct RPA correlation (EcRPA)                    -1.1315768219E+000  
 HF contribution (EtotHF)                          -1.9231948839E+002  
 Singles correction (EcSingles)                    -8.2279686267E-003  
 HF contribution (EtotHF)                          -1.9231948839E+002  
 Singles correction (EcSingles)                    -8.2279686267E-003  
 Direct RPA correlation (EcRPA)                    -1.0794539945E+000  
 HF contribution (EtotHF)                          -1.9231974276E+002  
 Singles correction (EcSingles)                    -8.2445156542E-003  
 HF contribution (EtotHF)                          -1.9231974276E+002  
 Singles correction (EcSingles)                    -8.2445156542E-003  
 Direct RPA correlation (EcRPA)                    -1.0793573362E+000  
 HF contribution (EtotHF)                          -1.9232519167E+002  
 Singles correction (EcSingles)                    -8.6287068099E-003  
 HF contribution (EtotHF)                          -1.9232519167E+002  
 Singles correction (EcSingles)                    -8.6287068099E-003  
 Direct RPA correlation (EcRPA)                    -1.0814880693E+000  
