 Converged energy                           -269.753387950111
 Converged energy                            -76.416779048220
 Converged energy                            -76.416714853735
 Converged energy                            -76.414616557399
 Converged energy                           -152.835058476953
 Converged energy                           -152.833057759280
 Converged energy                           -152.831361069084
 Converged energy                            -40.501458000102
 Converged energy                           -116.918455831867
 Converged energy                           -116.918328115749
 Converged energy                           -116.916310790196
 Converged energy                           -229.251395232610
 Converged energy                           -193.336833011289
 Converged energy                           -193.333301386283
 Converged energy                           -193.334863220289
 HF contribution (EtotHF)                          -2.6837580432E+002  
 Singles correction (EcSingles)                    -1.1003669888E-002  
 HF contribution (EtotHF)                          -2.6837580432E+002  
 Singles correction (EcSingles)                    -1.1003669888E-002  
 Direct RPA correlation (EcRPA)                    -1.4564354014E+000  
 HF contribution (EtotHF)                          -7.6055815025E+001  
 Singles correction (EcSingles)                    -2.6262431723E-003  
 HF contribution (EtotHF)                          -7.6055815025E+001  
 Singles correction (EcSingles)                    -2.6262431723E-003  
 Direct RPA correlation (EcRPA)                    -3.7591861071E-001  
 HF contribution (EtotHF)                          -7.6055637118E+001  
 Singles correction (EcSingles)                    -2.6353533383E-003  
 HF contribution (EtotHF)                          -7.6055637118E+001  
 Singles correction (EcSingles)                    -2.6353533383E-003  
 Direct RPA correlation (EcRPA)                    -3.7616924096E-001  
 HF contribution (EtotHF)                          -7.6052844500E+001  
 Singles correction (EcSingles)                    -2.6867860393E-003  
 HF contribution (EtotHF)                          -7.6052844500E+001  
 Singles correction (EcSingles)                    -2.6867860393E-003  
 Direct RPA correlation (EcRPA)                    -3.7702139250E-001  
 HF contribution (EtotHF)                          -1.5211294355E+002  
 Singles correction (EcSingles)                    -5.2806450892E-003  
 HF contribution (EtotHF)                          -1.5211294355E+002  
 Singles correction (EcSingles)                    -5.2806450892E-003  
 Direct RPA correlation (EcRPA)                    -7.5212466238E-001  
 HF contribution (EtotHF)                          -1.5211030850E+002  
 Singles correction (EcSingles)                    -5.3146117888E-003  
 HF contribution (EtotHF)                          -1.5211030850E+002  
 Singles correction (EcSingles)                    -5.3146117888E-003  
 Direct RPA correlation (EcRPA)                    -7.5302176203E-001  
 HF contribution (EtotHF)                          -1.5210862406E+002  
 Singles correction (EcSingles)                    -5.3132111911E-003  
 HF contribution (EtotHF)                          -1.5210862406E+002  
 Singles correction (EcSingles)                    -5.3132111911E-003  
 Direct RPA correlation (EcRPA)                    -7.5294663861E-001  
 HF contribution (EtotHF)                          -4.0210173985E+001  
 Singles correction (EcSingles)                    -2.7547010535E-003  
 HF contribution (EtotHF)                          -4.0210173985E+001  
 Singles correction (EcSingles)                    -2.7547010535E-003  
 Direct RPA correlation (EcRPA)                    -3.2504453894E-001  
 HF contribution (EtotHF)                          -1.1626521718E+002  
 Singles correction (EcSingles)                    -5.4958479617E-003  
 HF contribution (EtotHF)                          -1.1626521718E+002  
 Singles correction (EcSingles)                    -5.4958479617E-003  
 Direct RPA correlation (EcRPA)                    -7.0187519982E-001  
 HF contribution (EtotHF)                          -1.1626483463E+002  
 Singles correction (EcSingles)                    -5.5291194756E-003  
 HF contribution (EtotHF)                          -1.1626483463E+002  
 Singles correction (EcSingles)                    -5.5291194756E-003  
 Direct RPA correlation (EcRPA)                    -7.0223959453E-001  
 HF contribution (EtotHF)                          -1.1626285928E+002  
 Singles correction (EcSingles)                    -5.4721060161E-003  
 HF contribution (EtotHF)                          -1.1626285928E+002  
 Singles correction (EcSingles)                    -5.4721060161E-003  
 Direct RPA correlation (EcRPA)                    -7.0254207823E-001  
 HF contribution (EtotHF)                          -2.2816760525E+002  
 Singles correction (EcSingles)                    -7.9606373562E-003  
 HF contribution (EtotHF)                          -2.2816760525E+002  
 Singles correction (EcSingles)                    -7.9606373562E-003  
 Direct RPA correlation (EcRPA)                    -1.1289848140E+000  
 HF contribution (EtotHF)                          -1.9232131220E+002  
 Singles correction (EcSingles)                    -8.2925377523E-003  
 HF contribution (EtotHF)                          -1.9232131220E+002  
 Singles correction (EcSingles)                    -8.2925377523E-003  
 Direct RPA correlation (EcRPA)                    -1.0791024095E+000  
 HF contribution (EtotHF)                          -1.9231790003E+002  
 Singles correction (EcSingles)                    -8.2122785571E-003  
 HF contribution (EtotHF)                          -1.9231790003E+002  
 Singles correction (EcSingles)                    -8.2122785571E-003  
 Direct RPA correlation (EcRPA)                    -1.0793750368E+000  
 HF contribution (EtotHF)                          -1.9231930564E+002  
 Singles correction (EcSingles)                    -8.2404540968E-003  
 HF contribution (EtotHF)                          -1.9231930564E+002  
 Singles correction (EcSingles)                    -8.2404540968E-003  
 Direct RPA correlation (EcRPA)                    -1.0795688899E+000  
