 Converged energy                           -269.756567437993
 Converged energy                            -76.415553270529
 Converged energy                            -76.415956065350
 Converged energy                            -76.416556400743
 Converged energy                           -152.830201853630
 Converged energy                           -152.832182107279
 Converged energy                           -152.839584484424
 Converged energy                            -40.501458213681
 Converged energy                           -116.917321895774
 Converged energy                           -116.917591516127
 Converged energy                           -116.918699559573
 Converged energy                           -229.253569969699
 Converged energy                           -193.332201288657
 Converged energy                           -193.342291182467
 Converged energy                           -193.334558036977
 HF contribution (EtotHF)                          -2.6837289030E+002  
 Singles correction (EcSingles)                    -1.1570813287E-002  
 HF contribution (EtotHF)                          -2.6837289030E+002  
 Singles correction (EcSingles)                    -1.1570813287E-002  
 Direct RPA correlation (EcRPA)                    -1.4608180992E+000  
 HF contribution (EtotHF)                          -7.6054092386E+001  
 Singles correction (EcSingles)                    -2.6669305992E-003  
 HF contribution (EtotHF)                          -7.6054092386E+001  
 Singles correction (EcSingles)                    -2.6669305992E-003  
 Direct RPA correlation (EcRPA)                    -3.7729015246E-001  
 HF contribution (EtotHF)                          -7.6054682851E+001  
 Singles correction (EcSingles)                    -2.6488806665E-003  
 HF contribution (EtotHF)                          -7.6054682851E+001  
 Singles correction (EcSingles)                    -2.6488806665E-003  
 Direct RPA correlation (EcRPA)                    -3.7626254534E-001  
 HF contribution (EtotHF)                          -7.6055475383E+001  
 Singles correction (EcSingles)                    -2.6391711310E-003  
 HF contribution (EtotHF)                          -7.6055475383E+001  
 Singles correction (EcSingles)                    -2.6391711310E-003  
 Direct RPA correlation (EcRPA)                    -3.7707346623E-001  
 HF contribution (EtotHF)                          -1.5210726972E+002  
 Singles correction (EcSingles)                    -5.3410255277E-003  
 HF contribution (EtotHF)                          -1.5210726972E+002  
 Singles correction (EcSingles)                    -5.3410255277E-003  
 Direct RPA correlation (EcRPA)                    -7.5388119213E-001  
 HF contribution (EtotHF)                          -1.5210979239E+002  
 Singles correction (EcSingles)                    -5.2927534686E-003  
 HF contribution (EtotHF)                          -1.5210979239E+002  
 Singles correction (EcSingles)                    -5.2927534686E-003  
 Direct RPA correlation (EcRPA)                    -7.5340006978E-001  
 HF contribution (EtotHF)                          -1.5211069875E+002  
 Singles correction (EcSingles)                    -5.9494583241E-003  
 HF contribution (EtotHF)                          -1.5211069875E+002  
 Singles correction (EcSingles)                    -5.9494583241E-003  
 Direct RPA correlation (EcRPA)                    -7.5715817547E-001  
 HF contribution (EtotHF)                          -4.0210173003E+001  
 Singles correction (EcSingles)                    -2.7549499994E-003  
 HF contribution (EtotHF)                          -4.0210173003E+001  
 Singles correction (EcSingles)                    -2.7549499994E-003  
 Direct RPA correlation (EcRPA)                    -3.2503382029E-001  
 HF contribution (EtotHF)                          -1.1626396532E+002  
 Singles correction (EcSingles)                    -5.4738342347E-003  
 HF contribution (EtotHF)                          -1.1626396532E+002  
 Singles correction (EcSingles)                    -5.4738342347E-003  
 Direct RPA correlation (EcRPA)                    -7.0300804999E-001  
 HF contribution (EtotHF)                          -1.1626464296E+002  
 Singles correction (EcSingles)                    -5.4362305318E-003  
 HF contribution (EtotHF)                          -1.1626464296E+002  
 Singles correction (EcSingles)                    -5.4362305318E-003  
 Direct RPA correlation (EcRPA)                    -7.0178013029E-001  
 HF contribution (EtotHF)                          -1.1626525814E+002  
 Singles correction (EcSingles)                    -5.5099362169E-003  
 HF contribution (EtotHF)                          -1.1626525814E+002  
 Singles correction (EcSingles)                    -5.5099362169E-003  
 Direct RPA correlation (EcRPA)                    -7.0303850608E-001  
 HF contribution (EtotHF)                          -2.2816317531E+002  
 Singles correction (EcSingles)                    -8.6283373386E-003  
 HF contribution (EtotHF)                          -2.2816317531E+002  
 Singles correction (EcSingles)                    -8.6283373386E-003  
 Direct RPA correlation (EcRPA)                    -1.1338351169E+000  
 HF contribution (EtotHF)                          -1.9231701332E+002  
 Singles correction (EcSingles)                    -8.1770854193E-003  
 HF contribution (EtotHF)                          -1.9231701332E+002  
 Singles correction (EcSingles)                    -8.1770854193E-003  
 Direct RPA correlation (EcRPA)                    -1.0800526348E+000  
 HF contribution (EtotHF)                          -1.9232046794E+002  
 Singles correction (EcSingles)                    -8.8650362606E-003  
 HF contribution (EtotHF)                          -1.9232046794E+002  
 Singles correction (EcSingles)                    -8.8650362606E-003  
 Direct RPA correlation (EcRPA)                    -1.0837020882E+000  
 HF contribution (EtotHF)                          -1.9231943438E+002  
 Singles correction (EcSingles)                    -8.1930715870E-003  
 HF contribution (EtotHF)                          -1.9231943438E+002  
 Singles correction (EcSingles)                    -8.1930715870E-003  
 Direct RPA correlation (EcRPA)                    -1.0798342639E+000  
