 Converged energy                           -269.756473665057
 Converged energy                            -76.415577149932
 Converged energy                            -76.416625454515
 Converged energy                            -76.415397049656
 Converged energy                           -152.839570862328
 Converged energy                           -152.831615867835
 Converged energy                           -152.831082078000
 Converged energy                            -40.501455729912
 Converged energy                           -116.917344415973
 Converged energy                           -116.918179021504
 Converged energy                           -116.916873785743
 Converged energy                           -229.254655927881
 Converged energy                           -193.341433629063
 Converged energy                           -193.332818911340
 Converged energy                           -193.333179705348
 HF contribution (EtotHF)                          -2.6837449299E+002  
 Singles correction (EcSingles)                    -1.1423522298E-002  
 HF contribution (EtotHF)                          -2.6837449299E+002  
 Singles correction (EcSingles)                    -1.1423522298E-002  
 Direct RPA correlation (EcRPA)                    -1.4600264939E+000  
 HF contribution (EtotHF)                          -7.6054122715E+001  
 Singles correction (EcSingles)                    -2.6675881499E-003  
 HF contribution (EtotHF)                          -7.6054122715E+001  
 Singles correction (EcSingles)                    -2.6675881499E-003  
 Direct RPA correlation (EcRPA)                    -3.7747132028E-001  
 HF contribution (EtotHF)                          -7.6055642763E+001  
 Singles correction (EcSingles)                    -2.6305851378E-003  
 HF contribution (EtotHF)                          -7.6055642763E+001  
 Singles correction (EcSingles)                    -2.6305851378E-003  
 Direct RPA correlation (EcRPA)                    -3.7639967157E-001  
 HF contribution (EtotHF)                          -7.6053919561E+001  
 Singles correction (EcSingles)                    -2.6642351346E-003  
 HF contribution (EtotHF)                          -7.6053919561E+001  
 Singles correction (EcSingles)                    -2.6642351346E-003  
 Direct RPA correlation (EcRPA)                    -3.7660923816E-001  
 HF contribution (EtotHF)                          -1.5211202168E+002  
 Singles correction (EcSingles)                    -5.8512536288E-003  
 HF contribution (EtotHF)                          -1.5211202168E+002  
 Singles correction (EcSingles)                    -5.8512536288E-003  
 Direct RPA correlation (EcRPA)                    -7.5640097194E-001  
 HF contribution (EtotHF)                          -1.5210905271E+002  
 Singles correction (EcSingles)                    -5.3091441291E-003  
 HF contribution (EtotHF)                          -1.5210905271E+002  
 Singles correction (EcSingles)                    -5.3091441291E-003  
 Direct RPA correlation (EcRPA)                    -7.5317090773E-001  
 HF contribution (EtotHF)                          -1.5210815893E+002  
 Singles correction (EcSingles)                    -5.3306288448E-003  
 HF contribution (EtotHF)                          -1.5210815893E+002  
 Singles correction (EcSingles)                    -5.3306288448E-003  
 Direct RPA correlation (EcRPA)                    -7.5407377271E-001  
 HF contribution (EtotHF)                          -4.0210171188E+001  
 Singles correction (EcSingles)                    -2.7545632881E-003  
 HF contribution (EtotHF)                          -4.0210171188E+001  
 Singles correction (EcSingles)                    -2.7545632881E-003  
 Direct RPA correlation (EcRPA)                    -3.2501538218E-001  
 HF contribution (EtotHF)                          -1.1626399470E+002  
 Singles correction (EcSingles)                    -5.4739814733E-003  
 HF contribution (EtotHF)                          -1.1626399470E+002  
 Singles correction (EcSingles)                    -5.4739814733E-003  
 Direct RPA correlation (EcRPA)                    -7.0317335687E-001  
 HF contribution (EtotHF)                          -1.1626548211E+002  
 Singles correction (EcSingles)                    -5.4195174975E-003  
 HF contribution (EtotHF)                          -1.1626548211E+002  
 Singles correction (EcSingles)                    -5.4195174975E-003  
 Direct RPA correlation (EcRPA)                    -7.0194694900E-001  
 HF contribution (EtotHF)                          -1.1626353546E+002  
 Singles correction (EcSingles)                    -5.4698710979E-003  
 HF contribution (EtotHF)                          -1.1626353546E+002  
 Singles correction (EcSingles)                    -5.4698710979E-003  
 Direct RPA correlation (EcRPA)                    -7.0230793685E-001  
 HF contribution (EtotHF)                          -2.2816553760E+002  
 Singles correction (EcSingles)                    -8.5287247886E-003  
 HF contribution (EtotHF)                          -2.2816553760E+002  
 Singles correction (EcSingles)                    -8.5287247886E-003  
 Direct RPA correlation (EcRPA)                    -1.1331624444E+000  
 HF contribution (EtotHF)                          -1.9232158125E+002  
 Singles correction (EcSingles)                    -8.6959601175E-003  
 HF contribution (EtotHF)                          -1.9232158125E+002  
 Singles correction (EcSingles)                    -8.6959601175E-003  
 Direct RPA correlation (EcRPA)                    -1.0825966194E+000  
 HF contribution (EtotHF)                          -1.9231742415E+002  
 Singles correction (EcSingles)                    -8.1881864585E-003  
 HF contribution (EtotHF)                          -1.9231742415E+002  
 Singles correction (EcSingles)                    -8.1881864585E-003  
 Direct RPA correlation (EcRPA)                    -1.0804648149E+000  
 HF contribution (EtotHF)                          -1.9231833978E+002  
 Singles correction (EcSingles)                    -8.1484829751E-003  
 HF contribution (EtotHF)                          -1.9231833978E+002  
 Singles correction (EcSingles)                    -8.1484829751E-003  
 Direct RPA correlation (EcRPA)                    -1.0793847056E+000  
