 Converged energy                           -269.750185023951
 Converged energy                            -76.415961379778
 Converged energy                            -76.416104467819
 Converged energy                            -76.414612923081
 Converged energy                           -152.832830507544
 Converged energy                           -152.831111651281
 Converged energy                           -152.830939646028
 Converged energy                            -40.501453785813
 Converged energy                           -116.917592632476
 Converged energy                           -116.917759364477
 Converged energy                           -116.916303117937
 Converged energy                           -229.248192159919
 Converged energy                           -193.334683482290
 Converged energy                           -193.332761531797
 Converged energy                           -193.332950439467
 HF contribution (EtotHF)                          -2.6837271123E+002  
 Singles correction (EcSingles)                    -1.0943894635E-002  
 HF contribution (EtotHF)                          -2.6837271123E+002  
 Singles correction (EcSingles)                    -1.0943894635E-002  
 Direct RPA correlation (EcRPA)                    -1.4566361299E+000  
 HF contribution (EtotHF)                          -7.6054689359E+001  
 Singles correction (EcSingles)                    -2.6488785041E-003  
 HF contribution (EtotHF)                          -7.6054689359E+001  
 Singles correction (EcSingles)                    -2.6488785041E-003  
 Direct RPA correlation (EcRPA)                    -3.7629960487E-001  
 HF contribution (EtotHF)                          -7.6054786852E+001  
 Singles correction (EcSingles)                    -2.6517411774E-003  
 HF contribution (EtotHF)                          -7.6054786852E+001  
 Singles correction (EcSingles)                    -2.6517411774E-003  
 Direct RPA correlation (EcRPA)                    -3.7644137652E-001  
 HF contribution (EtotHF)                          -7.6052840258E+001  
 Singles correction (EcSingles)                    -2.6867088050E-003  
 HF contribution (EtotHF)                          -7.6052840258E+001  
 Singles correction (EcSingles)                    -2.6867088050E-003  
 Direct RPA correlation (EcRPA)                    -3.7700009239E-001  
 HF contribution (EtotHF)                          -1.5211011424E+002  
 Singles correction (EcSingles)                    -5.3292386875E-003  
 HF contribution (EtotHF)                          -1.5211011424E+002  
 Singles correction (EcSingles)                    -5.3292386875E-003  
 Direct RPA correlation (EcRPA)                    -7.5286459816E-001  
 HF contribution (EtotHF)                          -1.5210806738E+002  
 Singles correction (EcSingles)                    -5.3329759343E-003  
 HF contribution (EtotHF)                          -1.5210806738E+002  
 Singles correction (EcSingles)                    -5.3329759343E-003  
 Direct RPA correlation (EcRPA)                    -7.5337913588E-001  
 HF contribution (EtotHF)                          -1.5210792956E+002  
 Singles correction (EcSingles)                    -5.3310927130E-003  
 HF contribution (EtotHF)                          -1.5210792956E+002  
 Singles correction (EcSingles)                    -5.3310927130E-003  
 Direct RPA correlation (EcRPA)                    -7.5325263211E-001  
 HF contribution (EtotHF)                          -4.0210172331E+001  
 Singles correction (EcSingles)                    -2.7538673937E-003  
 HF contribution (EtotHF)                          -4.0210172331E+001  
 Singles correction (EcSingles)                    -2.7538673937E-003  
 Direct RPA correlation (EcRPA)                    -3.2499874564E-001  
 HF contribution (EtotHF)                          -1.1626464870E+002  
 Singles correction (EcSingles)                    -5.4351021855E-003  
 HF contribution (EtotHF)                          -1.1626464870E+002  
 Singles correction (EcSingles)                    -5.4351021855E-003  
 Direct RPA correlation (EcRPA)                    -7.0178354502E-001  
 HF contribution (EtotHF)                          -1.1626419338E+002  
 Singles correction (EcSingles)                    -5.5196691276E-003  
 HF contribution (EtotHF)                          -1.1626419338E+002  
 Singles correction (EcSingles)                    -5.5196691276E-003  
 Direct RPA correlation (EcRPA)                    -7.0234414439E-001  
 HF contribution (EtotHF)                          -1.1626285352E+002  
 Singles correction (EcSingles)                    -5.4711297158E-003  
 HF contribution (EtotHF)                          -1.1626285352E+002  
 Singles correction (EcSingles)                    -5.4711297158E-003  
 Direct RPA correlation (EcRPA)                    -7.0247412595E-001  
 HF contribution (EtotHF)                          -2.2816378403E+002  
 Singles correction (EcSingles)                    -8.0058206337E-003  
 HF contribution (EtotHF)                          -2.2816378403E+002  
 Singles correction (EcSingles)                    -8.0058206337E-003  
 Direct RPA correlation (EcRPA)                    -1.1297560665E+000  
 HF contribution (EtotHF)                          -1.9231929949E+002  
 Singles correction (EcSingles)                    -8.2369105335E-003  
 HF contribution (EtotHF)                          -1.9231929949E+002  
 Singles correction (EcSingles)                    -8.2369105335E-003  
 Direct RPA correlation (EcRPA)                    -1.0792565840E+000  
 HF contribution (EtotHF)                          -1.9231767862E+002  
 Singles correction (EcSingles)                    -8.1486288479E-003  
 HF contribution (EtotHF)                          -1.9231767862E+002  
 Singles correction (EcSingles)                    -8.1486288479E-003  
 Direct RPA correlation (EcRPA)                    -1.0792194088E+000  
 HF contribution (EtotHF)                          -1.9231726493E+002  
 Singles correction (EcSingles)                    -8.2306178836E-003  
 HF contribution (EtotHF)                          -1.9231726493E+002  
 Singles correction (EcSingles)                    -8.2306178836E-003  
 Direct RPA correlation (EcRPA)                    -1.0797624800E+000  
