 Converged energy                           -269.760413537110
 Converged energy                            -76.416022917352
 Converged energy                            -76.416877088099
 Converged energy                            -76.416120629103
 Converged energy                           -152.841600361016
 Converged energy                           -152.833033818598
 Converged energy                           -152.832409755700
 Converged energy                            -40.501453614877
 Converged energy                           -116.917653454836
 Converged energy                           -116.918960188538
 Converged energy                           -116.917684044493
 Converged energy                           -229.258131127978
 Converged energy                           -193.343819747466
 Converged energy                           -193.334117667039
 Converged energy                           -193.335226522588
 HF contribution (EtotHF)                          -2.6837924682E+002  
 Singles correction (EcSingles)                    -1.1420622899E-002  
 HF contribution (EtotHF)                          -2.6837924682E+002  
 Singles correction (EcSingles)                    -1.1420622899E-002  
 Direct RPA correlation (EcRPA)                    -1.4590401212E+000  
 HF contribution (EtotHF)                          -7.6054759334E+001  
 Singles correction (EcSingles)                    -2.6521452366E-003  
 HF contribution (EtotHF)                          -7.6054759334E+001  
 Singles correction (EcSingles)                    -2.6521452366E-003  
 Direct RPA correlation (EcRPA)                    -3.7700072532E-001  
 HF contribution (EtotHF)                          -7.6055897809E+001  
 Singles correction (EcSingles)                    -2.6308567178E-003  
 HF contribution (EtotHF)                          -7.6055897809E+001  
 Singles correction (EcSingles)                    -2.6308567178E-003  
 Direct RPA correlation (EcRPA)                    -3.7641595538E-001  
 HF contribution (EtotHF)                          -7.6054804361E+001  
 Singles correction (EcSingles)                    -2.6516515402E-003  
 HF contribution (EtotHF)                          -7.6054804361E+001  
 Singles correction (EcSingles)                    -2.6516515402E-003  
 Direct RPA correlation (EcRPA)                    -3.7641860537E-001  
 HF contribution (EtotHF)                          -1.5211524268E+002  
 Singles correction (EcSingles)                    -5.7593927874E-003  
 HF contribution (EtotHF)                          -1.5211524268E+002  
 Singles correction (EcSingles)                    -5.7593927874E-003  
 Direct RPA correlation (EcRPA)                    -7.5542596676E-001  
 HF contribution (EtotHF)                          -1.5211072991E+002  
 Singles correction (EcSingles)                    -5.2843507104E-003  
 HF contribution (EtotHF)                          -1.5211072991E+002  
 Singles correction (EcSingles)                    -5.2843507104E-003  
 Direct RPA correlation (EcRPA)                    -7.5285567079E-001  
 HF contribution (EtotHF)                          -1.5210986069E+002  
 Singles correction (EcSingles)                    -5.2999592525E-003  
 HF contribution (EtotHF)                          -1.5210986069E+002  
 Singles correction (EcSingles)                    -5.2999592525E-003  
 Direct RPA correlation (EcRPA)                    -7.5337741586E-001  
 HF contribution (EtotHF)                          -4.0210171653E+001  
 Singles correction (EcSingles)                    -2.7537025515E-003  
 HF contribution (EtotHF)                          -4.0210171653E+001  
 Singles correction (EcSingles)                    -2.7537025515E-003  
 Direct RPA correlation (EcRPA)                    -3.2501603936E-001  
 HF contribution (EtotHF)                          -1.1626471867E+002  
 Singles correction (EcSingles)                    -5.4382872023E-003  
 HF contribution (EtotHF)                          -1.1626471867E+002  
 Singles correction (EcSingles)                    -5.4382872023E-003  
 Direct RPA correlation (EcRPA)                    -7.0250542092E-001  
 HF contribution (EtotHF)                          -1.1626582216E+002  
 Singles correction (EcSingles)                    -5.4809621448E-003  
 HF contribution (EtotHF)                          -1.1626582216E+002  
 Singles correction (EcSingles)                    -5.4809621448E-003  
 Direct RPA correlation (EcRPA)                    -7.0221394709E-001  
 HF contribution (EtotHF)                          -1.1626409295E+002  
 Singles correction (EcSingles)                    -5.5247655259E-003  
 HF contribution (EtotHF)                          -1.1626409295E+002  
 Singles correction (EcSingles)                    -5.5247655259E-003  
 Direct RPA correlation (EcRPA)                    -7.0237159552E-001  
 HF contribution (EtotHF)                          -2.2817047563E+002  
 Singles correction (EcSingles)                    -8.4104416616E-003  
 HF contribution (EtotHF)                          -2.2817047563E+002  
 Singles correction (EcSingles)                    -8.4104416616E-003  
 Direct RPA correlation (EcRPA)                    -1.1318220458E+000  
 HF contribution (EtotHF)                          -1.9232493984E+002  
 Singles correction (EcSingles)                    -8.6512067534E-003  
 HF contribution (EtotHF)                          -1.9232493984E+002  
 Singles correction (EcSingles)                    -8.6512067534E-003  
 Direct RPA correlation (EcRPA)                    -1.0817046636E+000  
 HF contribution (EtotHF)                          -1.9231890332E+002  
 Singles correction (EcSingles)                    -8.2055733538E-003  
 HF contribution (EtotHF)                          -1.9231890332E+002  
 Singles correction (EcSingles)                    -8.2055733538E-003  
 Direct RPA correlation (EcRPA)                    -1.0798219364E+000  
 HF contribution (EtotHF)                          -1.9231977500E+002  
 Singles correction (EcSingles)                    -8.2530093576E-003  
 HF contribution (EtotHF)                          -1.9231977500E+002  
 Singles correction (EcSingles)                    -8.2530093576E-003  
 Direct RPA correlation (EcRPA)                    -1.0795904195E+000  
