 Converged energy                           -269.752117558368
 Converged energy                            -76.415957531546
 Converged energy                            -76.416466649197
 Converged energy                            -76.416541845488
 Converged energy                           -152.832093726827
 Converged energy                           -152.832903530836
 Converged energy                           -152.833314913302
 Converged energy                            -40.501452547284
 Converged energy                           -116.917587828693
 Converged energy                           -116.918604710823
 Converged energy                           -116.918359299661
 Converged energy                           -229.249339673051
 Converged energy                           -193.334465088368
 Converged energy                           -193.335307774808
 Converged energy                           -193.335450285469
 HF contribution (EtotHF)                          -2.6837551998E+002  
 Singles correction (EcSingles)                    -1.0851475561E-002  
 HF contribution (EtotHF)                          -2.6837551998E+002  
 Singles correction (EcSingles)                    -1.0851475561E-002  
 Direct RPA correlation (EcRPA)                    -1.4552320951E+000  
 HF contribution (EtotHF)                          -7.6054684643E+001  
 Singles correction (EcSingles)                    -2.6489430788E-003  
 HF contribution (EtotHF)                          -7.6054684643E+001  
 Singles correction (EcSingles)                    -2.6489430788E-003  
 Direct RPA correlation (EcRPA)                    -3.7629097771E-001  
 HF contribution (EtotHF)                          -7.6055376751E+001  
 Singles correction (EcSingles)                    -2.6348577059E-003  
 HF contribution (EtotHF)                          -7.6055376751E+001  
 Singles correction (EcSingles)                    -2.6348577059E-003  
 Direct RPA correlation (EcRPA)                    -3.7610112824E-001  
 HF contribution (EtotHF)                          -7.6055533784E+001  
 Singles correction (EcSingles)                    -2.6291483094E-003  
 HF contribution (EtotHF)                          -7.6055533784E+001  
 Singles correction (EcSingles)                    -2.6291483094E-003  
 Direct RPA correlation (EcRPA)                    -3.7587591226E-001  
 HF contribution (EtotHF)                          -1.5210969535E+002  
 Singles correction (EcSingles)                    -5.2884988616E-003  
 HF contribution (EtotHF)                          -1.5210969535E+002  
 Singles correction (EcSingles)                    -5.2884988616E-003  
 Direct RPA correlation (EcRPA)                    -7.5245701259E-001  
 HF contribution (EtotHF)                          -1.5211079737E+002  
 Singles correction (EcSingles)                    -5.2650811798E-003  
 HF contribution (EtotHF)                          -1.5211079737E+002  
 Singles correction (EcSingles)                    -5.2650811798E-003  
 Direct RPA correlation (EcRPA)                    -7.5199397157E-001  
 HF contribution (EtotHF)                          -1.5211101778E+002  
 Singles correction (EcSingles)                    -5.2828446382E-003  
 HF contribution (EtotHF)                          -1.5211101778E+002  
 Singles correction (EcSingles)                    -5.2828446382E-003  
 Direct RPA correlation (EcRPA)                    -7.5218930785E-001  
 HF contribution (EtotHF)                          -4.0210170790E+001  
 Singles correction (EcSingles)                    -2.7536193723E-003  
 HF contribution (EtotHF)                          -4.0210170790E+001  
 Singles correction (EcSingles)                    -2.7536193723E-003  
 Direct RPA correlation (EcRPA)                    -3.2499194017E-001  
 HF contribution (EtotHF)                          -1.1626464287E+002  
 Singles correction (EcSingles)                    -5.4349477958E-003  
 HF contribution (EtotHF)                          -1.1626464287E+002  
 Singles correction (EcSingles)                    -5.4349477958E-003  
 Direct RPA correlation (EcRPA)                    -7.0176652139E-001  
 HF contribution (EtotHF)                          -1.1626515899E+002  
 Singles correction (EcSingles)                    -5.5039034249E-003  
 HF contribution (EtotHF)                          -1.1626515899E+002  
 Singles correction (EcSingles)                    -5.5039034249E-003  
 Direct RPA correlation (EcRPA)                    -7.0201189850E-001  
 HF contribution (EtotHF)                          -1.1626564266E+002  
 Singles correction (EcSingles)                    -5.4099822351E-003  
 HF contribution (EtotHF)                          -1.1626564266E+002  
 Singles correction (EcSingles)                    -5.4099822351E-003  
 Direct RPA correlation (EcRPA)                    -7.0135532934E-001  
 HF contribution (EtotHF)                          -2.2816590818E+002  
 Singles correction (EcSingles)                    -7.9235646221E-003  
 HF contribution (EtotHF)                          -2.2816590818E+002  
 Singles correction (EcSingles)                    -7.9235646221E-003  
 Direct RPA correlation (EcRPA)                    -1.1283733129E+000  
 HF contribution (EtotHF)                          -1.9231933713E+002  
 Singles correction (EcSingles)                    -8.1871081643E-003  
 HF contribution (EtotHF)                          -1.9231933713E+002  
 Singles correction (EcSingles)                    -8.1871081643E-003  
 Direct RPA correlation (EcRPA)                    -1.0788368750E+000  
 HF contribution (EtotHF)                          -1.9232090555E+002  
 Singles correction (EcSingles)                    -8.0981348917E-003  
 HF contribution (EtotHF)                          -1.9232090555E+002  
 Singles correction (EcSingles)                    -8.0981348917E-003  
 Direct RPA correlation (EcRPA)                    -1.0781460405E+000  
 HF contribution (EtotHF)                          -1.9232055775E+002  
 Singles correction (EcSingles)                    -8.1613390864E-003  
 HF contribution (EtotHF)                          -1.9232055775E+002  
 Singles correction (EcSingles)                    -8.1613390864E-003  
 Direct RPA correlation (EcRPA)                    -1.0783902759E+000  
