 Converged energy                           -269.751537181135
 Converged energy                            -76.415954599154
 Converged energy                            -76.415699985498
 Converged energy                            -76.416629403932
 Converged energy                           -152.831690419169
 Converged energy                           -152.832730139609
 Converged energy                           -152.832883272060
 Converged energy                            -40.501452896143
 Converged energy                           -116.917585031323
 Converged energy                           -116.917590071467
 Converged energy                           -116.918585098741
 Converged energy                           -229.249025869002
 Converged energy                           -193.333739540320
 Converged energy                           -193.335014076924
 Converged energy                           -193.335086206777
 HF contribution (EtotHF)                          -2.6837480378E+002  
 Singles correction (EcSingles)                    -1.0847863240E-002  
 HF contribution (EtotHF)                          -2.6837480378E+002  
 Singles correction (EcSingles)                    -1.0847863240E-002  
 Direct RPA correlation (EcRPA)                    -1.4554189222E+000  
 HF contribution (EtotHF)                          -7.6054681274E+001  
 Singles correction (EcSingles)                    -2.6488721882E-003  
 HF contribution (EtotHF)                          -7.6054681274E+001  
 Singles correction (EcSingles)                    -2.6488721882E-003  
 Direct RPA correlation (EcRPA)                    -3.7625506415E-001  
 HF contribution (EtotHF)                          -7.6054335757E+001  
 Singles correction (EcSingles)                    -2.6554829060E-003  
 HF contribution (EtotHF)                          -7.6054335757E+001  
 Singles correction (EcSingles)                    -2.6554829060E-003  
 Direct RPA correlation (EcRPA)                    -3.7639397516E-001  
 HF contribution (EtotHF)                          -7.6055576015E+001  
 Singles correction (EcSingles)                    -2.6322492433E-003  
 HF contribution (EtotHF)                          -7.6055576015E+001  
 Singles correction (EcSingles)                    -2.6322492433E-003  
 Direct RPA correlation (EcRPA)                    -3.7601414051E-001  
 HF contribution (EtotHF)                          -1.5210905328E+002  
 Singles correction (EcSingles)                    -5.3042026849E-003  
 HF contribution (EtotHF)                          -1.5210905328E+002  
 Singles correction (EcSingles)                    -5.3042026849E-003  
 Direct RPA correlation (EcRPA)                    -7.5265166345E-001  
 HF contribution (EtotHF)                          -1.5211035833E+002  
 Singles correction (EcSingles)                    -5.2823687479E-003  
 HF contribution (EtotHF)                          -1.5211035833E+002  
 Singles correction (EcSingles)                    -5.2823687479E-003  
 Direct RPA correlation (EcRPA)                    -7.5234762816E-001  
 HF contribution (EtotHF)                          -1.5211058695E+002  
 Singles correction (EcSingles)                    -5.2776373722E-003  
 HF contribution (EtotHF)                          -1.5211058695E+002  
 Singles correction (EcSingles)                    -5.2776373722E-003  
 Direct RPA correlation (EcRPA)                    -7.5223258817E-001  
 HF contribution (EtotHF)                          -4.0210171229E+001  
 Singles correction (EcSingles)                    -2.7537741920E-003  
 HF contribution (EtotHF)                          -4.0210171229E+001  
 Singles correction (EcSingles)                    -2.7537741920E-003  
 Direct RPA correlation (EcRPA)                    -3.2498464503E-001  
 HF contribution (EtotHF)                          -1.1626463968E+002  
 Singles correction (EcSingles)                    -5.4350160022E-003  
 HF contribution (EtotHF)                          -1.1626463968E+002  
 Singles correction (EcSingles)                    -5.4350160022E-003  
 Direct RPA correlation (EcRPA)                    -7.0172297266E-001  
 HF contribution (EtotHF)                          -1.1626449090E+002  
 Singles correction (EcSingles)                    -5.4378927884E-003  
 HF contribution (EtotHF)                          -1.1626449090E+002  
 Singles correction (EcSingles)                    -5.4378927884E-003  
 Direct RPA correlation (EcRPA)                    -7.0188107003E-001  
 HF contribution (EtotHF)                          -1.1626527033E+002  
 Singles correction (EcSingles)                    -5.4906042674E-003  
 HF contribution (EtotHF)                          -1.1626527033E+002  
 Singles correction (EcSingles)                    -5.4906042674E-003  
 Direct RPA correlation (EcRPA)                    -7.0186724412E-001  
 HF contribution (EtotHF)                          -2.2816541150E+002  
 Singles correction (EcSingles)                    -7.9275886919E-003  
 HF contribution (EtotHF)                          -2.2816541150E+002  
 Singles correction (EcSingles)                    -7.9275886919E-003  
 Direct RPA correlation (EcRPA)                    -1.1285684013E+000  
 HF contribution (EtotHF)                          -1.9231897266E+002  
 Singles correction (EcSingles)                    -8.1195059829E-003  
 HF contribution (EtotHF)                          -1.9231897266E+002  
 Singles correction (EcSingles)                    -8.1195059829E-003  
 Direct RPA correlation (EcRPA)                    -1.0786278724E+000  
 HF contribution (EtotHF)                          -1.9232006250E+002  
 Singles correction (EcSingles)                    -8.1685483037E-003  
 HF contribution (EtotHF)                          -1.9232006250E+002  
 Singles correction (EcSingles)                    -8.1685483037E-003  
 Direct RPA correlation (EcRPA)                    -1.0785655103E+000  
 HF contribution (EtotHF)                          -1.9231999353E+002  
 Singles correction (EcSingles)                    -8.1695662062E-003  
 HF contribution (EtotHF)                          -1.9231999353E+002  
 Singles correction (EcSingles)                    -8.1695662062E-003  
 Direct RPA correlation (EcRPA)                    -1.0787124334E+000  
