 Converged energy                           -269.753615616633
 Converged energy                            -76.416106914028
 Converged energy                            -76.416833333782
 Converged energy                            -76.416635656766
 Converged energy                           -152.832514017416
 Converged energy                           -152.833622707720
 Converged energy                           -152.834357771030
 Converged energy                            -40.501453140661
 Converged energy                           -116.917761060910
 Converged energy                           -116.918916582934
 Converged energy                           -116.918591337331
 Converged energy                           -229.250924856730
 Converged energy                           -193.334814201604
 Converged energy                           -193.336438687408
 Converged energy                           -193.336172660469
 HF contribution (EtotHF)                          -2.6837599924E+002  
 Singles correction (EcSingles)                    -1.1015962955E-002  
 HF contribution (EtotHF)                          -2.6837599924E+002  
 Singles correction (EcSingles)                    -1.1015962955E-002  
 Direct RPA correlation (EcRPA)                    -1.4561767568E+000  
 HF contribution (EtotHF)                          -7.6054790466E+001  
 Singles correction (EcSingles)                    -2.6517684119E-003  
 HF contribution (EtotHF)                          -7.6054790466E+001  
 Singles correction (EcSingles)                    -2.6517684119E-003  
 Direct RPA correlation (EcRPA)                    -3.7644928527E-001  
 HF contribution (EtotHF)                          -7.6055848902E+001  
 Singles correction (EcSingles)                    -2.6281506277E-003  
 HF contribution (EtotHF)                          -7.6055848902E+001  
 Singles correction (EcSingles)                    -2.6281506277E-003  
 Direct RPA correlation (EcRPA)                    -3.7593077468E-001  
 HF contribution (EtotHF)                          -7.6055583367E+001  
 Singles correction (EcSingles)                    -2.6323928649E-003  
 HF contribution (EtotHF)                          -7.6055583367E+001  
 Singles correction (EcSingles)                    -2.6323928649E-003  
 Direct RPA correlation (EcRPA)                    -3.7604739328E-001  
 HF contribution (EtotHF)                          -1.5211015097E+002  
 Singles correction (EcSingles)                    -5.2887300268E-003  
 HF contribution (EtotHF)                          -1.5211015097E+002  
 Singles correction (EcSingles)                    -5.2887300268E-003  
 Direct RPA correlation (EcRPA)                    -7.5248546214E-001  
 HF contribution (EtotHF)                          -1.5211159750E+002  
 Singles correction (EcSingles)                    -5.2592678716E-003  
 HF contribution (EtotHF)                          -1.5211159750E+002  
 Singles correction (EcSingles)                    -5.2592678716E-003  
 Direct RPA correlation (EcRPA)                    -7.5196570920E-001  
 HF contribution (EtotHF)                          -1.5211190503E+002  
 Singles correction (EcSingles)                    -5.3053480328E-003  
 HF contribution (EtotHF)                          -1.5211190503E+002  
 Singles correction (EcSingles)                    -5.3053480328E-003  
 Direct RPA correlation (EcRPA)                    -7.5254197048E-001  
 HF contribution (EtotHF)                          -4.0210172206E+001  
 Singles correction (EcSingles)                    -2.7534056250E-003  
 HF contribution (EtotHF)                          -4.0210172206E+001  
 Singles correction (EcSingles)                    -2.7534056250E-003  
 Direct RPA correlation (EcRPA)                    -3.2504828642E-001  
 HF contribution (EtotHF)                          -1.1626419669E+002  
 Singles correction (EcSingles)                    -5.5192474816E-003  
 HF contribution (EtotHF)                          -1.1626419669E+002  
 Singles correction (EcSingles)                    -5.5192474816E-003  
 Direct RPA correlation (EcRPA)                    -7.0240217248E-001  
 HF contribution (EtotHF)                          -1.1626577433E+002  
 Singles correction (EcSingles)                    -5.4778755755E-003  
 HF contribution (EtotHF)                          -1.1626577433E+002  
 Singles correction (EcSingles)                    -5.4778755755E-003  
 Direct RPA correlation (EcRPA)                    -7.0175835697E-001  
 HF contribution (EtotHF)                          -1.1626527845E+002  
 Singles correction (EcSingles)                    -5.4904760227E-003  
 HF contribution (EtotHF)                          -1.1626527845E+002  
 Singles correction (EcSingles)                    -5.4904760227E-003  
 Direct RPA correlation (EcRPA)                    -7.0196654928E-001  
 HF contribution (EtotHF)                          -2.2816743671E+002  
 Singles correction (EcSingles)                    -7.9412709745E-003  
 HF contribution (EtotHF)                          -2.2816743671E+002  
 Singles correction (EcSingles)                    -7.9412709745E-003  
 Direct RPA correlation (EcRPA)                    -1.1285652977E+000  
 HF contribution (EtotHF)                          -1.9231931231E+002  
 Singles correction (EcSingles)                    -8.2547311285E-003  
 HF contribution (EtotHF)                          -1.9231931231E+002  
 Singles correction (EcSingles)                    -8.2547311285E-003  
 Direct RPA correlation (EcRPA)                    -1.0792212196E+000  
 HF contribution (EtotHF)                          -1.9232074611E+002  
 Singles correction (EcSingles)                    -8.2818976639E-003  
 HF contribution (EtotHF)                          -1.9232074611E+002  
 Singles correction (EcSingles)                    -8.2818976639E-003  
 Direct RPA correlation (EcRPA)                    -1.0793643631E+000  
 HF contribution (EtotHF)                          -1.9232101194E+002  
 Singles correction (EcSingles)                    -8.2134559385E-003  
 HF contribution (EtotHF)                          -1.9232101194E+002  
 Singles correction (EcSingles)                    -8.2134559385E-003  
 Direct RPA correlation (EcRPA)                    -1.0786707822E+000  
