 Converged energy                           -269.750142559243
 Converged energy                            -76.416101382345
 Converged energy                            -76.416586592184
 Converged energy                            -76.416128909451
 Converged energy                           -152.832415610035
 Converged energy                           -152.832108893314
 Converged energy                           -152.832387310930
 Converged energy                            -40.501453529319
 Converged energy                           -116.917755853919
 Converged energy                           -116.918347762525
 Converged energy                           -116.917692906733
 Converged energy                           -229.248099112143
 Converged energy                           -193.334421048491
 Converged energy                           -193.334097391274
 Converged energy                           -193.333961992436
 HF contribution (EtotHF)                          -2.6837193301E+002  
 Singles correction (EcSingles)                    -1.1100414479E-002  
 HF contribution (EtotHF)                          -2.6837193301E+002  
 Singles correction (EcSingles)                    -1.1100414479E-002  
 Direct RPA correlation (EcRPA)                    -1.4572032316E+000  
 HF contribution (EtotHF)                          -7.6054783463E+001  
 Singles correction (EcSingles)                    -2.6516999402E-003  
 HF contribution (EtotHF)                          -7.6054783463E+001  
 Singles correction (EcSingles)                    -2.6516999402E-003  
 Direct RPA correlation (EcRPA)                    -3.7641378948E-001  
 HF contribution (EtotHF)                          -7.6055502398E+001  
 Singles correction (EcSingles)                    -2.6351447159E-003  
 HF contribution (EtotHF)                          -7.6055502398E+001  
 Singles correction (EcSingles)                    -2.6351447159E-003  
 Direct RPA correlation (EcRPA)                    -3.7615182244E-001  
 HF contribution (EtotHF)                          -7.6054814404E+001  
 Singles correction (EcSingles)                    -2.6519663831E-003  
 HF contribution (EtotHF)                          -7.6054814404E+001  
 Singles correction (EcSingles)                    -2.6519663831E-003  
 Direct RPA correlation (EcRPA)                    -3.7648824329E-001  
 HF contribution (EtotHF)                          -1.5210998035E+002  
 Singles correction (EcSingles)                    -5.2911904171E-003  
 HF contribution (EtotHF)                          -1.5210998035E+002  
 Singles correction (EcSingles)                    -5.2911904171E-003  
 Direct RPA correlation (EcRPA)                    -7.5262264485E-001  
 HF contribution (EtotHF)                          -1.5210938085E+002  
 Singles correction (EcSingles)                    -5.3474958078E-003  
 HF contribution (EtotHF)                          -1.5210938085E+002  
 Singles correction (EcSingles)                    -5.3474958078E-003  
 Direct RPA correlation (EcRPA)                    -7.5302940573E-001  
 HF contribution (EtotHF)                          -1.5210976567E+002  
 Singles correction (EcSingles)                    -5.3024891559E-003  
 HF contribution (EtotHF)                          -1.5210976567E+002  
 Singles correction (EcSingles)                    -5.3024891559E-003  
 Direct RPA correlation (EcRPA)                    -7.5289084547E-001  
 HF contribution (EtotHF)                          -4.0210172090E+001  
 Singles correction (EcSingles)                    -2.7536711029E-003  
 HF contribution (EtotHF)                          -4.0210172090E+001  
 Singles correction (EcSingles)                    -2.7536711029E-003  
 Direct RPA correlation (EcRPA)                    -3.2505003618E-001  
 HF contribution (EtotHF)                          -1.1626418936E+002  
 Singles correction (EcSingles)                    -5.5194485545E-003  
 HF contribution (EtotHF)                          -1.1626418936E+002  
 Singles correction (EcSingles)                    -5.5194485545E-003  
 Direct RPA correlation (EcRPA)                    -7.0236668512E-001  
 HF contribution (EtotHF)                          -1.1626510651E+002  
 Singles correction (EcSingles)                    -5.4908387824E-003  
 HF contribution (EtotHF)                          -1.1626510651E+002  
 Singles correction (EcSingles)                    -5.4908387824E-003  
 Direct RPA correlation (EcRPA)                    -7.0202054467E-001  
 HF contribution (EtotHF)                          -1.1626410378E+002  
 Singles correction (EcSingles)                    -5.5251418450E-003  
 HF contribution (EtotHF)                          -1.1626410378E+002  
 Singles correction (EcSingles)                    -5.5251418450E-003  
 Direct RPA correlation (EcRPA)                    -7.0247713176E-001  
 HF contribution (EtotHF)                          -2.2816403120E+002  
 Singles correction (EcSingles)                    -8.0023397635E-003  
 HF contribution (EtotHF)                          -2.2816403120E+002  
 Singles correction (EcSingles)                    -8.0023397635E-003  
 Direct RPA correlation (EcRPA)                    -1.1294883556E+000  
 HF contribution (EtotHF)                          -1.9231886893E+002  
 Singles correction (EcSingles)                    -8.2597866812E-003  
 HF contribution (EtotHF)                          -1.9231886893E+002  
 Singles correction (EcSingles)                    -8.2597866812E-003  
 Direct RPA correlation (EcRPA)                    -1.0793906800E+000  
 HF contribution (EtotHF)                          -1.9231823748E+002  
 Singles correction (EcSingles)                    -8.2893545234E-003  
 HF contribution (EtotHF)                          -1.9231823748E+002  
 Singles correction (EcSingles)                    -8.2893545234E-003  
 Direct RPA correlation (EcRPA)                    -1.0797902554E+000  
 HF contribution (EtotHF)                          -1.9231804949E+002  
 Singles correction (EcSingles)                    -8.3329610027E-003  
 HF contribution (EtotHF)                          -1.9231804949E+002  
 Singles correction (EcSingles)                    -8.3329610027E-003  
 Direct RPA correlation (EcRPA)                    -1.0798370860E+000  
