 Converged energy                           -269.753016159673
 Converged energy                            -76.416577411233
 Converged energy                            -76.416481488732
 Converged energy                            -76.416515174112
 Converged energy                           -152.834854420687
 Converged energy                           -152.832240135649
 Converged energy                           -152.832825500978
 Converged energy                            -40.501450707340
 Converged energy                           -116.918126624578
 Converged energy                           -116.918617543442
 Converged energy                           -116.918481720899
 Converged energy                           -229.250337950359
 Converged energy                           -193.337101921370
 Converged energy                           -193.334890658436
 Converged energy                           -193.334811863121
 HF contribution (EtotHF)                          -2.6837620602E+002  
 Singles correction (EcSingles)                    -1.0914967893E-002  
 HF contribution (EtotHF)                          -2.6837620602E+002  
 Singles correction (EcSingles)                    -1.0914967893E-002  
 Direct RPA correlation (EcRPA)                    -1.4554999600E+000  
 HF contribution (EtotHF)                          -7.6055591547E+001  
 Singles correction (EcSingles)                    -2.6274091280E-003  
 HF contribution (EtotHF)                          -7.6055591547E+001  
 Singles correction (EcSingles)                    -2.6274091280E-003  
 Direct RPA correlation (EcRPA)                    -3.7585786716E-001  
 HF contribution (EtotHF)                          -7.6055393823E+001  
 Singles correction (EcSingles)                    -2.6354397091E-003  
 HF contribution (EtotHF)                          -7.6055393823E+001  
 Singles correction (EcSingles)                    -2.6354397091E-003  
 Direct RPA correlation (EcRPA)                    -3.7621149712E-001  
 HF contribution (EtotHF)                          -7.6055496796E+001  
 Singles correction (EcSingles)                    -2.6299953466E-003  
 HF contribution (EtotHF)                          -7.6055496796E+001  
 Singles correction (EcSingles)                    -2.6299953466E-003  
 Direct RPA correlation (EcRPA)                    -3.7600109579E-001  
 HF contribution (EtotHF)                          -1.5211275717E+002  
 Singles correction (EcSingles)                    -5.2737171725E-003  
 HF contribution (EtotHF)                          -1.5211275717E+002  
 Singles correction (EcSingles)                    -5.2737171725E-003  
 Direct RPA correlation (EcRPA)                    -7.5204328472E-001  
 HF contribution (EtotHF)                          -1.5210980803E+002  
 Singles correction (EcSingles)                    -5.3251884700E-003  
 HF contribution (EtotHF)                          -1.5210980803E+002  
 Singles correction (EcSingles)                    -5.3251884700E-003  
 Direct RPA correlation (EcRPA)                    -7.5261360916E-001  
 HF contribution (EtotHF)                          -1.5211079017E+002  
 Singles correction (EcSingles)                    -5.2613296702E-003  
 HF contribution (EtotHF)                          -1.5211079017E+002  
 Singles correction (EcSingles)                    -5.2613296702E-003  
 Direct RPA correlation (EcRPA)                    -7.5191279179E-001  
 HF contribution (EtotHF)                          -4.0210168542E+001  
 Singles correction (EcSingles)                    -2.7532253878E-003  
 HF contribution (EtotHF)                          -4.0210168542E+001  
 Singles correction (EcSingles)                    -2.7532253878E-003  
 Direct RPA correlation (EcRPA)                    -3.2499950843E-001  
 HF contribution (EtotHF)                          -1.1626542848E+002  
 Singles correction (EcSingles)                    -5.4148201333E-003  
 HF contribution (EtotHF)                          -1.1626542848E+002  
 Singles correction (EcSingles)                    -5.4148201333E-003  
 Direct RPA correlation (EcRPA)                    -7.0138818051E-001  
 HF contribution (EtotHF)                          -1.1626517381E+002  
 Singles correction (EcSingles)                    -5.5041412832E-003  
 HF contribution (EtotHF)                          -1.1626517381E+002  
 Singles correction (EcSingles)                    -5.5041412832E-003  
 Direct RPA correlation (EcRPA)                    -7.0213274975E-001  
 HF contribution (EtotHF)                          -1.1626570406E+002  
 Singles correction (EcSingles)                    -5.4147591263E-003  
 HF contribution (EtotHF)                          -1.1626570406E+002  
 Singles correction (EcSingles)                    -5.4147591263E-003  
 Direct RPA correlation (EcRPA)                    -7.0152947521E-001  
 HF contribution (EtotHF)                          -2.2816687201E+002  
 Singles correction (EcSingles)                    -7.9657575934E-003  
 HF contribution (EtotHF)                          -2.2816687201E+002  
 Singles correction (EcSingles)                    -7.9657575934E-003  
 Direct RPA correlation (EcRPA)                    -1.1284961171E+000  
 HF contribution (EtotHF)                          -1.9232219569E+002  
 Singles correction (EcSingles)                    -8.1805603023E-003  
 HF contribution (EtotHF)                          -1.9232219569E+002  
 Singles correction (EcSingles)                    -8.1805603023E-003  
 Direct RPA correlation (EcRPA)                    -1.0784829798E+000  
 HF contribution (EtotHF)                          -1.9232065152E+002  
 Singles correction (EcSingles)                    -8.0819803274E-003  
 HF contribution (EtotHF)                          -1.9232065152E+002  
 Singles correction (EcSingles)                    -8.0819803274E-003  
 Direct RPA correlation (EcRPA)                    -1.0779846296E+000  
 HF contribution (EtotHF)                          -1.9231950416E+002  
 Singles correction (EcSingles)                    -8.2342728398E-003  
 HF contribution (EtotHF)                          -1.9231950416E+002  
 Singles correction (EcSingles)                    -8.2342728398E-003  
 Direct RPA correlation (EcRPA)                    -1.0790853943E+000  
