 Converged energy                           -269.749685485200
 Converged energy                            -76.416573218369
 Converged energy                            -76.414619935826
 Converged energy                            -76.416537534157
 Converged energy                           -152.831154548756
 Converged energy                           -152.831297926703
 Converged energy                           -152.832744802416
 Converged energy                            -40.501451146011
 Converged energy                           -116.918122802558
 Converged energy                           -116.916403435473
 Converged energy                           -116.918353774450
 Converged energy                           -229.247465812537
 Converged energy                           -193.333028915954
 Converged energy                           -193.334697874268
 Converged energy                           -193.333387240274
 HF contribution (EtotHF)                          -2.6837326813E+002  
 Singles correction (EcSingles)                    -1.0797522706E-002  
 HF contribution (EtotHF)                          -2.6837326813E+002  
 Singles correction (EcSingles)                    -1.0797522706E-002  
 Direct RPA correlation (EcRPA)                    -1.4552673838E+000  
 HF contribution (EtotHF)                          -7.6055586159E+001  
 Singles correction (EcSingles)                    -2.6273221534E-003  
 HF contribution (EtotHF)                          -7.6055586159E+001  
 Singles correction (EcSingles)                    -2.6273221534E-003  
 Direct RPA correlation (EcRPA)                    -3.7581705805E-001  
 HF contribution (EtotHF)                          -7.6052850317E+001  
 Singles correction (EcSingles)                    -2.6862756897E-003  
 HF contribution (EtotHF)                          -7.6052850317E+001  
 Singles correction (EcSingles)                    -2.6862756897E-003  
 Direct RPA correlation (EcRPA)                    -3.7700265343E-001  
 HF contribution (EtotHF)                          -7.6055528537E+001  
 Singles correction (EcSingles)                    -2.6290680385E-003  
 HF contribution (EtotHF)                          -7.6055528537E+001  
 Singles correction (EcSingles)                    -2.6290680385E-003  
 Direct RPA correlation (EcRPA)                    -3.7585325055E-001  
 HF contribution (EtotHF)                          -1.5210837984E+002  
 Singles correction (EcSingles)                    -5.3159511046E-003  
 HF contribution (EtotHF)                          -1.5210837984E+002  
 Singles correction (EcSingles)                    -5.3159511046E-003  
 Direct RPA correlation (EcRPA)                    -7.5285712701E-001  
 HF contribution (EtotHF)                          -1.5210852907E+002  
 Singles correction (EcSingles)                    -5.3139863117E-003  
 HF contribution (EtotHF)                          -1.5210852907E+002  
 Singles correction (EcSingles)                    -5.3139863117E-003  
 Direct RPA correlation (EcRPA)                    -7.5284426989E-001  
 HF contribution (EtotHF)                          -1.5211070325E+002  
 Singles correction (EcSingles)                    -5.2620276701E-003  
 HF contribution (EtotHF)                          -1.5211070325E+002  
 Singles correction (EcSingles)                    -5.2620276701E-003  
 Direct RPA correlation (EcRPA)                    -7.5174863095E-001  
 HF contribution (EtotHF)                          -4.0210169475E+001  
 Singles correction (EcSingles)                    -2.7535415244E-003  
 HF contribution (EtotHF)                          -4.0210169475E+001  
 Singles correction (EcSingles)                    -2.7535415244E-003  
 Direct RPA correlation (EcRPA)                    -3.2495401392E-001  
 HF contribution (EtotHF)                          -1.1626542394E+002  
 Singles correction (EcSingles)                    -5.4150005293E-003  
 HF contribution (EtotHF)                          -1.1626542394E+002  
 Singles correction (EcSingles)                    -5.4150005293E-003  
 Direct RPA correlation (EcRPA)                    -7.0130077768E-001  
 HF contribution (EtotHF)                          -1.1626291348E+002  
 Singles correction (EcSingles)                    -5.4709719861E-003  
 HF contribution (EtotHF)                          -1.1626291348E+002  
 Singles correction (EcSingles)                    -5.4709719861E-003  
 Direct RPA correlation (EcRPA)                    -7.0245980710E-001  
 HF contribution (EtotHF)                          -1.1626563645E+002  
 Singles correction (EcSingles)                    -5.4097487317E-003  
 HF contribution (EtotHF)                          -1.1626563645E+002  
 Singles correction (EcSingles)                    -5.4097487317E-003  
 Direct RPA correlation (EcRPA)                    -7.0129367864E-001  
 HF contribution (EtotHF)                          -2.2816364662E+002  
 Singles correction (EcSingles)                    -7.9492789303E-003  
 HF contribution (EtotHF)                          -2.2816364662E+002  
 Singles correction (EcSingles)                    -7.9492789303E-003  
 Direct RPA correlation (EcRPA)                    -1.1287767386E+000  
 HF contribution (EtotHF)                          -1.9231809106E+002  
 Singles correction (EcSingles)                    -8.1363003871E-003  
 HF contribution (EtotHF)                          -1.9231809106E+002  
 Singles correction (EcSingles)                    -8.1363003871E-003  
 Direct RPA correlation (EcRPA)                    -1.0788524253E+000  
 HF contribution (EtotHF)                          -1.9232052391E+002  
 Singles correction (EcSingles)                    -8.0757618919E-003  
 HF contribution (EtotHF)                          -1.9232052391E+002  
 Singles correction (EcSingles)                    -8.0757618919E-003  
 Direct RPA correlation (EcRPA)                    -1.0777107065E+000  
 HF contribution (EtotHF)                          -1.9231845691E+002  
 Singles correction (EcSingles)                    -8.1276790698E-003  
 HF contribution (EtotHF)                          -1.9231845691E+002  
 Singles correction (EcSingles)                    -8.1276790698E-003  
 Direct RPA correlation (EcRPA)                    -1.0788049395E+000  
