 Converged energy                           -269.752071763066
 Converged energy                            -76.416576417441
 Converged energy                            -76.416295328840
 Converged energy                            -76.414618088217
 Converged energy                           -152.833522975809
 Converged energy                           -152.832583388657
 Converged energy                           -152.831213533895
 Converged energy                            -40.501456743653
 Converged energy                           -116.918131462453
 Converged energy                           -116.918301051942
 Converged energy                           -116.916311312562
 Converged energy                           -229.249804969551
 Converged energy                           -193.335646946285
 Converged energy                           -193.332981550667
 Converged energy                           -193.334752699786
 HF contribution (EtotHF)                          -2.6837463159E+002  
 Singles correction (EcSingles)                    -1.0953496232E-002  
 HF contribution (EtotHF)                          -2.6837463159E+002  
 Singles correction (EcSingles)                    -1.0953496232E-002  
 Direct RPA correlation (EcRPA)                    -1.4564565626E+000  
 HF contribution (EtotHF)                          -7.6055590162E+001  
 Singles correction (EcSingles)                    -2.6273534728E-003  
 HF contribution (EtotHF)                          -7.6055590162E+001  
 Singles correction (EcSingles)                    -2.6273534728E-003  
 Direct RPA correlation (EcRPA)                    -3.7583459972E-001  
 HF contribution (EtotHF)                          -7.6055066810E+001  
 Singles correction (EcSingles)                    -2.6464294107E-003  
 HF contribution (EtotHF)                          -7.6055066810E+001  
 Singles correction (EcSingles)                    -2.6464294107E-003  
 Direct RPA correlation (EcRPA)                    -3.7644276995E-001  
 HF contribution (EtotHF)                          -7.6052846524E+001  
 Singles correction (EcSingles)                    -2.6867019572E-003  
 HF contribution (EtotHF)                          -7.6052846524E+001  
 Singles correction (EcSingles)                    -2.6867019572E-003  
 Direct RPA correlation (EcRPA)                    -3.7703029171E-001  
 HF contribution (EtotHF)                          -1.5211127151E+002  
 Singles correction (EcSingles)                    -5.2813104141E-003  
 HF contribution (EtotHF)                          -1.5211127151E+002  
 Singles correction (EcSingles)                    -5.2813104141E-003  
 Direct RPA correlation (EcRPA)                    -7.5233028975E-001  
 HF contribution (EtotHF)                          -1.5210958754E+002  
 Singles correction (EcSingles)                    -5.3388751856E-003  
 HF contribution (EtotHF)                          -1.5210958754E+002  
 Singles correction (EcSingles)                    -5.3388751856E-003  
 Direct RPA correlation (EcRPA)                    -7.5342272591E-001  
 HF contribution (EtotHF)                          -1.5210845278E+002  
 Singles correction (EcSingles)                    -5.3142899388E-003  
 HF contribution (EtotHF)                          -1.5210845278E+002  
 Singles correction (EcSingles)                    -5.3142899388E-003  
 Direct RPA correlation (EcRPA)                    -7.5287248662E-001  
 HF contribution (EtotHF)                          -4.0210172434E+001  
 Singles correction (EcSingles)                    -2.7546191502E-003  
 HF contribution (EtotHF)                          -4.0210172434E+001  
 Singles correction (EcSingles)                    -2.7546191502E-003  
 Direct RPA correlation (EcRPA)                    -3.2502374382E-001  
 HF contribution (EtotHF)                          -1.1626543102E+002  
 Singles correction (EcSingles)                    -5.4161667996E-003  
 HF contribution (EtotHF)                          -1.1626543102E+002  
 Singles correction (EcSingles)                    -5.4161667996E-003  
 Direct RPA correlation (EcRPA)                    -7.0138887421E-001  
 HF contribution (EtotHF)                          -1.1626447441E+002  
 Singles correction (EcSingles)                    -5.5584880387E-003  
 HF contribution (EtotHF)                          -1.1626447441E+002  
 Singles correction (EcSingles)                    -5.5584880387E-003  
 Direct RPA correlation (EcRPA)                    -7.0258053232E-001  
 HF contribution (EtotHF)                          -1.1626285983E+002  
 Singles correction (EcSingles)                    -5.4719788987E-003  
 HF contribution (EtotHF)                          -1.1626285983E+002  
 Singles correction (EcSingles)                    -5.4719788987E-003  
 Direct RPA correlation (EcRPA)                    -7.0253030576E-001  
 HF contribution (EtotHF)                          -2.2816578257E+002  
 Singles correction (EcSingles)                    -7.9740071205E-003  
 HF contribution (EtotHF)                          -2.2816578257E+002  
 Singles correction (EcSingles)                    -7.9740071205E-003  
 Direct RPA correlation (EcRPA)                    -1.1293194589E+000  
 HF contribution (EtotHF)                          -1.9232038307E+002  
 Singles correction (EcSingles)                    -8.2259469172E-003  
 HF contribution (EtotHF)                          -1.9232038307E+002  
 Singles correction (EcSingles)                    -8.2259469172E-003  
 Direct RPA correlation (EcRPA)                    -1.0789812693E+000  
 HF contribution (EtotHF)                          -1.9231810525E+002  
 Singles correction (EcSingles)                    -8.1344509989E-003  
 HF contribution (EtotHF)                          -1.9231810525E+002  
 Singles correction (EcSingles)                    -8.1344509989E-003  
 Direct RPA correlation (EcRPA)                    -1.0789101968E+000  
 HF contribution (EtotHF)                          -1.9231875887E+002  
 Singles correction (EcSingles)                    -8.2851188123E-003  
 HF contribution (EtotHF)                          -1.9231875887E+002  
 Singles correction (EcSingles)                    -8.2851188123E-003  
 Direct RPA correlation (EcRPA)                    -1.0800397780E+000  
