 Converged energy                           -269.752246170110
 Converged energy                            -76.416579875952
 Converged energy                            -76.415704245843
 Converged energy                            -76.416537542542
 Converged energy                           -152.833707625824
 Converged energy                           -152.832346076875
 Converged energy                           -152.832751529777
 Converged energy                            -40.501450786876
 Converged energy                           -116.918128696423
 Converged energy                           -116.917592363626
 Converged energy                           -116.918353425935
 Converged energy                           -229.249988186296
 Converged energy                           -193.335621758838
 Converged energy                           -193.334703846467
 Converged energy                           -193.334539114862
 HF contribution (EtotHF)                          -2.6837617860E+002  
 Singles correction (EcSingles)                    -1.0780897311E-002  
 HF contribution (EtotHF)                          -2.6837617860E+002  
 Singles correction (EcSingles)                    -1.0780897311E-002  
 Direct RPA correlation (EcRPA)                    -1.4547398379E+000  
 HF contribution (EtotHF)                          -7.6055594211E+001  
 Singles correction (EcSingles)                    -2.6273200810E-003  
 HF contribution (EtotHF)                          -7.6055594211E+001  
 Singles correction (EcSingles)                    -2.6273200810E-003  
 Direct RPA correlation (EcRPA)                    -3.7585758507E-001  
 HF contribution (EtotHF)                          -7.6054340887E+001  
 Singles correction (EcSingles)                    -2.6555995466E-003  
 HF contribution (EtotHF)                          -7.6054340887E+001  
 Singles correction (EcSingles)                    -2.6555995466E-003  
 Direct RPA correlation (EcRPA)                    -3.7643214765E-001  
 HF contribution (EtotHF)                          -7.6055528470E+001  
 Singles correction (EcSingles)                    -2.6290842655E-003  
 HF contribution (EtotHF)                          -7.6055528470E+001  
 Singles correction (EcSingles)                    -2.6290842655E-003  
 Direct RPA correlation (EcRPA)                    -3.7585274806E-001  
 HF contribution (EtotHF)                          -1.5211131089E+002  
 Singles correction (EcSingles)                    -5.2973069891E-003  
 HF contribution (EtotHF)                          -1.5211131089E+002  
 Singles correction (EcSingles)                    -5.2973069891E-003  
 Direct RPA correlation (EcRPA)                    -7.5231210096E-001  
 HF contribution (EtotHF)                          -1.5210997802E+002  
 Singles correction (EcSingles)                    -5.2840449176E-003  
 HF contribution (EtotHF)                          -1.5210997802E+002  
 Singles correction (EcSingles)                    -5.2840449176E-003  
 Direct RPA correlation (EcRPA)                    -7.5228165221E-001  
 HF contribution (EtotHF)                          -1.5211071127E+002  
 Singles correction (EcSingles)                    -5.2620586689E-003  
 HF contribution (EtotHF)                          -1.5211071127E+002  
 Singles correction (EcSingles)                    -5.2620586689E-003  
 Direct RPA correlation (EcRPA)                    -7.5178860318E-001  
 HF contribution (EtotHF)                          -4.0210169333E+001  
 Singles correction (EcSingles)                    -2.7533999359E-003  
 HF contribution (EtotHF)                          -4.0210169333E+001  
 Singles correction (EcSingles)                    -2.7533999359E-003  
 Direct RPA correlation (EcRPA)                    -3.2495926845E-001  
 HF contribution (EtotHF)                          -1.1626543159E+002  
 Singles correction (EcSingles)                    -5.4150066874E-003  
 HF contribution (EtotHF)                          -1.1626543159E+002  
 Singles correction (EcSingles)                    -5.4150066874E-003  
 Direct RPA correlation (EcRPA)                    -7.0134761715E-001  
 HF contribution (EtotHF)                          -1.1626449419E+002  
 Singles correction (EcSingles)                    -5.4376230225E-003  
 HF contribution (EtotHF)                          -1.1626449419E+002  
 Singles correction (EcSingles)                    -5.4376230225E-003  
 Direct RPA correlation (EcRPA)                    -7.0189427784E-001  
 HF contribution (EtotHF)                          -1.1626563621E+002  
 Singles correction (EcSingles)                    -5.4096162754E-003  
 HF contribution (EtotHF)                          -1.1626563621E+002  
 Singles correction (EcSingles)                    -5.4096162754E-003  
 Direct RPA correlation (EcRPA)                    -7.0129851897E-001  
 HF contribution (EtotHF)                          -2.2816654154E+002  
 Singles correction (EcSingles)                    -7.9314371748E-003  
 HF contribution (EtotHF)                          -2.2816654154E+002  
 Singles correction (EcSingles)                    -7.9314371748E-003  
 Direct RPA correlation (EcRPA)                    -1.1282391294E+000  
 HF contribution (EtotHF)                          -1.9232104004E+002  
 Singles correction (EcSingles)                    -8.1188299396E-003  
 HF contribution (EtotHF)                          -1.9232104004E+002  
 Singles correction (EcSingles)                    -8.1188299396E-003  
 Direct RPA correlation (EcRPA)                    -1.0783165033E+000  
 HF contribution (EtotHF)                          -1.9232053147E+002  
 Singles correction (EcSingles)                    -8.0757701539E-003  
 HF contribution (EtotHF)                          -1.9232053147E+002  
 Singles correction (EcSingles)                    -8.0757701539E-003  
 Direct RPA correlation (EcRPA)                    -1.0777570675E+000  
 HF contribution (EtotHF)                          -1.9231999408E+002  
 Singles correction (EcSingles)                    -8.0951552328E-003  
 HF contribution (EtotHF)                          -1.9231999408E+002  
 Singles correction (EcSingles)                    -8.0951552328E-003  
 Direct RPA correlation (EcRPA)                    -1.0782483324E+000  
