 Converged energy                           -269.752108756899
 Converged energy                            -76.416843522857
 Converged energy                            -76.415893177356
 Converged energy                            -76.416581096652
 Converged energy                           -152.833137150680
 Converged energy                           -152.832599116230
 Converged energy                           -152.832828991929
 Converged energy                            -40.501457383161
 Converged energy                           -116.918930953611
 Converged energy                           -116.917894922474
 Converged energy                           -116.918346744056
 Converged energy                           -229.249250667595
 Converged energy                           -193.335724855372
 Converged energy                           -193.335200795681
 Converged energy                           -193.334895369404
 HF contribution (EtotHF)                          -2.6837485912E+002  
 Singles correction (EcSingles)                    -1.0966540272E-002  
 HF contribution (EtotHF)                          -2.6837485912E+002  
 Singles correction (EcSingles)                    -1.0966540272E-002  
 Direct RPA correlation (EcRPA)                    -1.4560270354E+000  
 HF contribution (EtotHF)                          -7.6055861976E+001  
 Singles correction (EcSingles)                    -2.6283562860E-003  
 HF contribution (EtotHF)                          -7.6055861976E+001  
 Singles correction (EcSingles)                    -2.6283562860E-003  
 Direct RPA correlation (EcRPA)                    -3.7600548632E-001  
 HF contribution (EtotHF)                          -7.6054608761E+001  
 Singles correction (EcSingles)                    -2.6500149262E-003  
 HF contribution (EtotHF)                          -7.6054608761E+001  
 Singles correction (EcSingles)                    -2.6500149262E-003  
 Direct RPA correlation (EcRPA)                    -3.7634271928E-001  
 HF contribution (EtotHF)                          -7.6055494140E+001  
 Singles correction (EcSingles)                    -2.6352460982E-003  
 HF contribution (EtotHF)                          -7.6055494140E+001  
 Singles correction (EcSingles)                    -2.6352460982E-003  
 Direct RPA correlation (EcRPA)                    -3.7612627388E-001  
 HF contribution (EtotHF)                          -1.5211091717E+002  
 Singles correction (EcSingles)                    -5.2728459388E-003  
 HF contribution (EtotHF)                          -1.5211091717E+002  
 Singles correction (EcSingles)                    -5.2728459388E-003  
 Direct RPA correlation (EcRPA)                    -7.5228572674E-001  
 HF contribution (EtotHF)                          -1.5211024479E+002  
 Singles correction (EcSingles)                    -5.2831615879E-003  
 HF contribution (EtotHF)                          -1.5211024479E+002  
 Singles correction (EcSingles)                    -5.2831615879E-003  
 Direct RPA correlation (EcRPA)                    -7.5244656568E-001  
 HF contribution (EtotHF)                          -1.5211046355E+002  
 Singles correction (EcSingles)                    -5.3184626129E-003  
 HF contribution (EtotHF)                          -1.5211046355E+002  
 Singles correction (EcSingles)                    -5.3184626129E-003  
 Direct RPA correlation (EcRPA)                    -7.5248970986E-001  
 HF contribution (EtotHF)                          -4.0210173781E+001  
 Singles correction (EcSingles)                    -2.7544981987E-003  
 HF contribution (EtotHF)                          -4.0210173781E+001  
 Singles correction (EcSingles)                    -2.7544981987E-003  
 Direct RPA correlation (EcRPA)                    -3.2504122018E-001  
 HF contribution (EtotHF)                          -1.1626578884E+002  
 Singles correction (EcSingles)                    -5.4792070991E-003  
 HF contribution (EtotHF)                          -1.1626578884E+002  
 Singles correction (EcSingles)                    -5.4792070991E-003  
 Direct RPA correlation (EcRPA)                    -7.0182744908E-001  
 HF contribution (EtotHF)                          -1.1626474935E+002  
 Singles correction (EcSingles)                    -5.4471415866E-003  
 HF contribution (EtotHF)                          -1.1626474935E+002  
 Singles correction (EcSingles)                    -5.4471415866E-003  
 Direct RPA correlation (EcRPA)                    -7.0200894546E-001  
 HF contribution (EtotHF)                          -1.1626510048E+002  
 Singles correction (EcSingles)                    -5.4917381675E-003  
 HF contribution (EtotHF)                          -1.1626510048E+002  
 Singles correction (EcSingles)                    -5.4917381675E-003  
 Direct RPA correlation (EcRPA)                    -7.0198637646E-001  
 HF contribution (EtotHF)                          -2.2816566459E+002  
 Singles correction (EcSingles)                    -7.9606906656E-003  
 HF contribution (EtotHF)                          -2.2816566459E+002  
 Singles correction (EcSingles)                    -7.9606906656E-003  
 Direct RPA correlation (EcRPA)                    -1.1287466397E+000  
 HF contribution (EtotHF)                          -1.9232076710E+002  
 Singles correction (EcSingles)                    -8.1658548703E-003  
 HF contribution (EtotHF)                          -1.9232076710E+002  
 Singles correction (EcSingles)                    -8.1658548703E-003  
 Direct RPA correlation (EcRPA)                    -1.0787392194E+000  
 HF contribution (EtotHF)                          -1.9231975250E+002  
 Singles correction (EcSingles)                    -8.2818040331E-003  
 HF contribution (EtotHF)                          -1.9231975250E+002  
 Singles correction (EcSingles)                    -8.2818040331E-003  
 Direct RPA correlation (EcRPA)                    -1.0791349677E+000  
 HF contribution (EtotHF)                          -1.9231980143E+002  
 Singles correction (EcSingles)                    -8.1825311916E-003  
 HF contribution (EtotHF)                          -1.9231980143E+002  
 Singles correction (EcSingles)                    -8.1825311916E-003  
 Direct RPA correlation (EcRPA)                    -1.0789347872E+000  
