 Converged energy                           -269.759194777302
 Converged energy                            -76.416844211697
 Converged energy                            -76.416670858865
 Converged energy                            -76.415760517219
 Converged energy                           -152.832920959326
 Converged energy                           -152.840028570527
 Converged energy                           -152.832632422109
 Converged energy                            -40.501455361238
 Converged energy                           -116.918929645535
 Converged energy                           -116.918436473548
 Converged energy                           -116.917652640518
 Converged energy                           -229.256242155058
 Converged energy                           -193.335292835994
 Converged energy                           -193.335135726581
 Converged energy                           -193.342409206820
 HF contribution (EtotHF)                          -2.6837589704E+002  
 Singles correction (EcSingles)                    -1.1589415899E-002  
 HF contribution (EtotHF)                          -2.6837589704E+002  
 Singles correction (EcSingles)                    -1.1589415899E-002  
 Direct RPA correlation (EcRPA)                    -1.4602935424E+000  
 HF contribution (EtotHF)                          -7.6055862702E+001  
 Singles correction (EcSingles)                    -2.6284020035E-003  
 HF contribution (EtotHF)                          -7.6055862702E+001  
 Singles correction (EcSingles)                    -2.6284020035E-003  
 Direct RPA correlation (EcRPA)                    -3.7600957179E-001  
 HF contribution (EtotHF)                          -7.6055593025E+001  
 Singles correction (EcSingles)                    -2.6393249940E-003  
 HF contribution (EtotHF)                          -7.6055593025E+001  
 Singles correction (EcSingles)                    -2.6393249940E-003  
 Direct RPA correlation (EcRPA)                    -3.7707204257E-001  
 HF contribution (EtotHF)                          -7.6054402009E+001  
 Singles correction (EcSingles)                    -2.6588147556E-003  
 HF contribution (EtotHF)                          -7.6054402009E+001  
 Singles correction (EcSingles)                    -2.6588147556E-003  
 Direct RPA correlation (EcRPA)                    -3.7706891513E-001  
 HF contribution (EtotHF)                          -1.5211056369E+002  
 Singles correction (EcSingles)                    -5.3227214619E-003  
 HF contribution (EtotHF)                          -1.5211056369E+002  
 Singles correction (EcSingles)                    -5.3227214619E-003  
 Direct RPA correlation (EcRPA)                    -7.5343921791E-001  
 HF contribution (EtotHF)                          -1.5211144858E+002  
 Singles correction (EcSingles)                    -5.9224362280E-003  
 HF contribution (EtotHF)                          -1.5211144858E+002  
 Singles correction (EcSingles)                    -5.9224362280E-003  
 Direct RPA correlation (EcRPA)                    -7.5686172574E-001  
 HF contribution (EtotHF)                          -1.5211030167E+002  
 Singles correction (EcSingles)                    -5.2865469313E-003  
 HF contribution (EtotHF)                          -1.5211030167E+002  
 Singles correction (EcSingles)                    -5.2865469313E-003  
 Direct RPA correlation (EcRPA)                    -7.5307919789E-001  
 HF contribution (EtotHF)                          -4.0210173055E+001  
 Singles correction (EcSingles)                    -2.7539001308E-003  
 HF contribution (EtotHF)                          -4.0210173055E+001  
 Singles correction (EcSingles)                    -2.7539001308E-003  
 Direct RPA correlation (EcRPA)                    -3.2502191584E-001  
 HF contribution (EtotHF)                          -1.1626578884E+002  
 Singles correction (EcSingles)                    -5.4786653279E-003  
 HF contribution (EtotHF)                          -1.1626578884E+002  
 Singles correction (EcSingles)                    -5.4786653279E-003  
 Direct RPA correlation (EcRPA)                    -7.0181223373E-001  
 HF contribution (EtotHF)                          -1.1626519843E+002  
 Singles correction (EcSingles)                    -5.4955314112E-003  
 HF contribution (EtotHF)                          -1.1626519843E+002  
 Singles correction (EcSingles)                    -5.4955314112E-003  
 Direct RPA correlation (EcRPA)                    -7.0292104022E-001  
 HF contribution (EtotHF)                          -1.1626455871E+002  
 Singles correction (EcSingles)                    -5.4415834500E-003  
 HF contribution (EtotHF)                          -1.1626455871E+002  
 Singles correction (EcSingles)                    -5.4415834500E-003  
 Direct RPA correlation (EcRPA)                    -7.0259612796E-001  
 HF contribution (EtotHF)                          -2.2816642175E+002  
 Singles correction (EcSingles)                    -8.5985771613E-003  
 HF contribution (EtotHF)                          -2.2816642175E+002  
 Singles correction (EcSingles)                    -8.5985771613E-003  
 Direct RPA correlation (EcRPA)                    -1.1332127754E+000  
 HF contribution (EtotHF)                          -1.9231985177E+002  
 Singles correction (EcSingles)                    -8.2857779850E-003  
 HF contribution (EtotHF)                          -1.9231985177E+002  
 Singles correction (EcSingles)                    -8.2857779850E-003  
 Direct RPA correlation (EcRPA)                    -1.0800733042E+000  
 HF contribution (EtotHF)                          -1.9232017888E+002  
 Singles correction (EcSingles)                    -8.1672277716E-003  
 HF contribution (EtotHF)                          -1.9232017888E+002  
 Singles correction (EcSingles)                    -8.1672277716E-003  
 Direct RPA correlation (EcRPA)                    -1.0793944752E+000  
 HF contribution (EtotHF)                          -1.9232129569E+002  
 Singles correction (EcSingles)                    -8.8038477675E-003  
 HF contribution (EtotHF)                          -1.9232129569E+002  
 Singles correction (EcSingles)                    -8.8038477675E-003  
 Direct RPA correlation (EcRPA)                    -1.0831472805E+000  
