 Converged energy                           -269.761158124606
 Converged energy                            -76.416911464417
 Converged energy                            -76.416343239613
 Converged energy                            -76.416126416666
 Converged energy                           -152.840363272275
 Converged energy                           -152.834125679720
 Converged energy                           -152.833073601176
 Converged energy                            -40.501458059971
 Converged energy                           -116.918999713722
 Converged energy                           -116.918350402741
 Converged energy                           -116.917694280215
 Converged energy                           -229.258264203043
 Converged energy                           -193.343198740118
 Converged energy                           -193.335271486770
 Converged energy                           -193.336186224661
 HF contribution (EtotHF)                          -2.6837774292E+002  
 Singles correction (EcSingles)                    -1.1691965718E-002  
 HF contribution (EtotHF)                          -2.6837774292E+002  
 Singles correction (EcSingles)                    -1.1691965718E-002  
 Direct RPA correlation (EcRPA)                    -1.4607726360E+000  
 HF contribution (EtotHF)                          -7.6055936448E+001  
 Singles correction (EcSingles)                    -2.6313990293E-003  
 HF contribution (EtotHF)                          -7.6055936448E+001  
 Singles correction (EcSingles)                    -2.6313990293E-003  
 Direct RPA correlation (EcRPA)                    -3.7673169620E-001  
 HF contribution (EtotHF)                          -7.6055118228E+001  
 Singles correction (EcSingles)                    -2.6492569410E-003  
 HF contribution (EtotHF)                          -7.6055118228E+001  
 Singles correction (EcSingles)                    -2.6492569410E-003  
 Direct RPA correlation (EcRPA)                    -3.7696691165E-001  
 HF contribution (EtotHF)                          -7.6054811670E+001  
 Singles correction (EcSingles)                    -2.6517231912E-003  
 HF contribution (EtotHF)                          -7.6054811670E+001  
 Singles correction (EcSingles)                    -2.6517231912E-003  
 Direct RPA correlation (EcRPA)                    -3.7645552913E-001  
 HF contribution (EtotHF)                          -1.5211287977E+002  
 Singles correction (EcSingles)                    -5.8703603215E-003  
 HF contribution (EtotHF)                          -1.5211287977E+002  
 Singles correction (EcSingles)                    -5.8703603215E-003  
 Direct RPA correlation (EcRPA)                    -7.5635124156E-001  
 HF contribution (EtotHF)                          -1.5211147931E+002  
 Singles correction (EcSingles)                    -5.3261824560E-003  
 HF contribution (EtotHF)                          -1.5211147931E+002  
 Singles correction (EcSingles)                    -5.3261824560E-003  
 Direct RPA correlation (EcRPA)                    -7.5348483173E-001  
 HF contribution (EtotHF)                          -1.5211077565E+002  
 Singles correction (EcSingles)                    -5.2849386672E-003  
 HF contribution (EtotHF)                          -1.5211077565E+002  
 Singles correction (EcSingles)                    -5.2849386672E-003  
 Direct RPA correlation (EcRPA)                    -7.5320868758E-001  
 HF contribution (EtotHF)                          -4.0210173401E+001  
 Singles correction (EcSingles)                    -2.7546382241E-003  
 HF contribution (EtotHF)                          -4.0210173401E+001  
 Singles correction (EcSingles)                    -2.7546382241E-003  
 Direct RPA correlation (EcRPA)                    -3.2507726701E-001  
 HF contribution (EtotHF)                          -1.1626586191E+002  
 Singles correction (EcSingles)                    -5.4826256121E-003  
 HF contribution (EtotHF)                          -1.1626586191E+002  
 Singles correction (EcSingles)                    -5.4826256121E-003  
 Direct RPA correlation (EcRPA)                    -7.0259845157E-001  
 HF contribution (EtotHF)                          -1.1626452741E+002  
 Singles correction (EcSingles)                    -5.5614024526E-003  
 HF contribution (EtotHF)                          -1.1626452741E+002  
 Singles correction (EcSingles)                    -5.5614024526E-003  
 Direct RPA correlation (EcRPA)                    -7.0316224367E-001  
 HF contribution (EtotHF)                          -1.1626410196E+002  
 Singles correction (EcSingles)                    -5.5258450402E-003  
 HF contribution (EtotHF)                          -1.1626410196E+002  
 Singles correction (EcSingles)                    -5.5258450402E-003  
 Direct RPA correlation (EcRPA)                    -7.0247122599E-001  
 HF contribution (EtotHF)                          -2.2816930988E+002  
 Singles correction (EcSingles)                    -8.5570212048E-003  
 HF contribution (EtotHF)                          -2.2816930988E+002  
 Singles correction (EcSingles)                    -8.5570212048E-003  
 Direct RPA correlation (EcRPA)                    -1.1329237122E+000  
 HF contribution (EtotHF)                          -1.9232224445E+002  
 Singles correction (EcSingles)                    -8.8833694929E-003  
 HF contribution (EtotHF)                          -1.9232224445E+002  
 Singles correction (EcSingles)                    -8.8833694929E-003  
 Direct RPA correlation (EcRPA)                    -1.0832690842E+000  
 HF contribution (EtotHF)                          -1.9231982191E+002  
 Singles correction (EcSingles)                    -8.2547329556E-003  
 HF contribution (EtotHF)                          -1.9231982191E+002  
 Singles correction (EcSingles)                    -8.2547329556E-003  
 Direct RPA correlation (EcRPA)                    -1.0800137492E+000  
 HF contribution (EtotHF)                          -1.9231994110E+002  
 Singles correction (EcSingles)                    -8.3619346564E-003  
 HF contribution (EtotHF)                          -1.9231994110E+002  
 Singles correction (EcSingles)                    -8.3619346564E-003  
 Direct RPA correlation (EcRPA)                    -1.0806140396E+000  
