 Converged energy                           -269.750683330930
 Converged energy                            -76.416466597635
 Converged energy                            -76.415401743288
 Converged energy                            -76.414617362408
 Converged energy                           -152.832272185998
 Converged energy                           -152.831570837447
 Converged energy                           -152.831037843298
 Converged energy                            -40.501455035623
 Converged energy                           -116.918606996309
 Converged energy                           -116.916877991185
 Converged energy                           -116.916309039673
 Converged energy                           -229.248395999375
 Converged energy                           -193.334386845889
 Converged energy                           -193.333421490381
 Converged energy                           -193.333213480211
 HF contribution (EtotHF)                          -2.6837300190E+002  
 Singles correction (EcSingles)                    -1.0949775439E-002  
 HF contribution (EtotHF)                          -2.6837300190E+002  
 Singles correction (EcSingles)                    -1.0949775439E-002  
 Direct RPA correlation (EcRPA)                    -1.4568459101E+000  
 HF contribution (EtotHF)                          -7.6055376962E+001  
 Singles correction (EcSingles)                    -2.6348354873E-003  
 HF contribution (EtotHF)                          -7.6055376962E+001  
 Singles correction (EcSingles)                    -2.6348354873E-003  
 Direct RPA correlation (EcRPA)                    -3.7610031059E-001  
 HF contribution (EtotHF)                          -7.6053925431E+001  
 Singles correction (EcSingles)                    -2.6641765878E-003  
 HF contribution (EtotHF)                          -7.6053925431E+001  
 Singles correction (EcSingles)                    -2.6641765878E-003  
 Direct RPA correlation (EcRPA)                    -3.7663672001E-001  
 HF contribution (EtotHF)                          -7.6052845672E+001  
 Singles correction (EcSingles)                    -2.6868154914E-003  
 HF contribution (EtotHF)                          -7.6052845672E+001  
 Singles correction (EcSingles)                    -2.6868154914E-003  
 Direct RPA correlation (EcRPA)                    -3.7703769424E-001  
 HF contribution (EtotHF)                          -1.5210975252E+002  
 Singles correction (EcSingles)                    -5.2934549742E-003  
 HF contribution (EtotHF)                          -1.5210975252E+002  
 Singles correction (EcSingles)                    -5.2934549742E-003  
 Direct RPA correlation (EcRPA)                    -7.5267450119E-001  
 HF contribution (EtotHF)                          -1.5210829286E+002  
 Singles correction (EcSingles)                    -5.3630549596E-003  
 HF contribution (EtotHF)                          -1.5210829286E+002  
 Singles correction (EcSingles)                    -5.3630549596E-003  
 Direct RPA correlation (EcRPA)                    -7.5367032413E-001  
 HF contribution (EtotHF)                          -1.5210817247E+002  
 Singles correction (EcSingles)                    -5.3223204575E-003  
 HF contribution (EtotHF)                          -1.5210817247E+002  
 Singles correction (EcSingles)                    -5.3223204575E-003  
 Direct RPA correlation (EcRPA)                    -7.5315104017E-001  
 HF contribution (EtotHF)                          -4.0210172037E+001  
 Singles correction (EcSingles)                    -2.7540584605E-003  
 HF contribution (EtotHF)                          -4.0210172037E+001  
 Singles correction (EcSingles)                    -2.7540584605E-003  
 Direct RPA correlation (EcRPA)                    -3.2502297178E-001  
 HF contribution (EtotHF)                          -1.1626516025E+002  
 Singles correction (EcSingles)                    -5.5043136547E-003  
 HF contribution (EtotHF)                          -1.1626516025E+002  
 Singles correction (EcSingles)                    -5.5043136547E-003  
 Direct RPA correlation (EcRPA)                    -7.0204207174E-001  
 HF contribution (EtotHF)                          -1.1626354222E+002  
 Singles correction (EcSingles)                    -5.4692861142E-003  
 HF contribution (EtotHF)                          -1.1626354222E+002  
 Singles correction (EcSingles)                    -5.4692861142E-003  
 Direct RPA correlation (EcRPA)                    -7.0234375512E-001  
 HF contribution (EtotHF)                          -1.1626285855E+002  
 Singles correction (EcSingles)                    -5.4715328120E-003  
 HF contribution (EtotHF)                          -1.1626285855E+002  
 Singles correction (EcSingles)                    -5.4715328120E-003  
 Direct RPA correlation (EcRPA)                    -7.0253641605E-001  
 HF contribution (EtotHF)                          -2.2816406960E+002  
 Singles correction (EcSingles)                    -7.9931848010E-003  
 HF contribution (EtotHF)                          -2.2816406960E+002  
 Singles correction (EcSingles)                    -7.9931848010E-003  
 Direct RPA correlation (EcRPA)                    -1.1297219496E+000  
 HF contribution (EtotHF)                          -1.9231893678E+002  
 Singles correction (EcSingles)                    -8.2131109440E-003  
 HF contribution (EtotHF)                          -1.9231893678E+002  
 Singles correction (EcSingles)                    -8.2131109440E-003  
 Direct RPA correlation (EcRPA)                    -1.0793065434E+000  
 HF contribution (EtotHF)                          -1.9231779502E+002  
 Singles correction (EcSingles)                    -8.2231734533E-003  
 HF contribution (EtotHF)                          -1.9231779502E+002  
 Singles correction (EcSingles)                    -8.2231734533E-003  
 Direct RPA correlation (EcRPA)                    -1.0795731958E+000  
 HF contribution (EtotHF)                          -1.9231765914E+002  
 Singles correction (EcSingles)                    -8.2044543511E-003  
 HF contribution (EtotHF)                          -1.9231765914E+002  
 Singles correction (EcSingles)                    -8.2044543511E-003  
 Direct RPA correlation (EcRPA)                    -1.0798650325E+000  
