 Converged energy                           -269.751843033126
 Converged energy                            -76.416707255591
 Converged energy                            -76.416504572869
 Converged energy                            -76.414618516701
 Converged energy                           -152.833609436831
 Converged energy                           -152.830751380414
 Converged energy                           -152.833052232423
 Converged energy                            -40.501456781055
 Converged energy                           -116.918319849328
 Converged energy                           -116.918476807050
 Converged energy                           -116.916311243951
 Converged energy                           -229.249591203156
 Converged energy                           -193.335673728976
 Converged energy                           -193.334856805153
 Converged energy                           -193.332954541290
 HF contribution (EtotHF)                          -2.6837473831E+002  
 Singles correction (EcSingles)                    -1.0910150957E-002  
 HF contribution (EtotHF)                          -2.6837473831E+002  
 Singles correction (EcSingles)                    -1.0910150957E-002  
 Direct RPA correlation (EcRPA)                    -1.4560555583E+000  
 HF contribution (EtotHF)                          -7.6055628178E+001  
 Singles correction (EcSingles)                    -2.6352517872E-003  
 HF contribution (EtotHF)                          -7.6055628178E+001  
 Singles correction (EcSingles)                    -2.6352517872E-003  
 Direct RPA correlation (EcRPA)                    -3.7613763250E-001  
 HF contribution (EtotHF)                          -7.6055482752E+001  
 Singles correction (EcSingles)                    -2.6297664420E-003  
 HF contribution (EtotHF)                          -7.6055482752E+001  
 Singles correction (EcSingles)                    -2.6297664420E-003  
 Direct RPA correlation (EcRPA)                    -3.7591755504E-001  
 HF contribution (EtotHF)                          -7.6052846705E+001  
 Singles correction (EcSingles)                    -2.6868255846E-003  
 HF contribution (EtotHF)                          -7.6052846705E+001  
 Singles correction (EcSingles)                    -2.6868255846E-003  
 Direct RPA correlation (EcRPA)                    -3.7703825418E-001  
 HF contribution (EtotHF)                          -1.5211155477E+002  
 Singles correction (EcSingles)                    -5.2597140225E-003  
 HF contribution (EtotHF)                          -1.5211155477E+002  
 Singles correction (EcSingles)                    -5.2597140225E-003  
 Direct RPA correlation (EcRPA)                    -7.5199513389E-001  
 HF contribution (EtotHF)                          -1.5210786667E+002  
 Singles correction (EcSingles)                    -5.3296413083E-003  
 HF contribution (EtotHF)                          -1.5210786667E+002  
 Singles correction (EcSingles)                    -5.3296413083E-003  
 Direct RPA correlation (EcRPA)                    -7.5310022904E-001  
 HF contribution (EtotHF)                          -1.5211030199E+002  
 Singles correction (EcSingles)                    -5.3145115273E-003  
 HF contribution (EtotHF)                          -1.5211030199E+002  
 Singles correction (EcSingles)                    -5.3145115273E-003  
 Direct RPA correlation (EcRPA)                    -7.5300721574E-001  
 HF contribution (EtotHF)                          -4.0210172162E+001  
 Singles correction (EcSingles)                    -2.7546082746E-003  
 HF contribution (EtotHF)                          -4.0210172162E+001  
 Singles correction (EcSingles)                    -2.7546082746E-003  
 Direct RPA correlation (EcRPA)                    -3.2501632472E-001  
 HF contribution (EtotHF)                          -1.1626482401E+002  
 Singles correction (EcSingles)                    -5.5288704415E-003  
 HF contribution (EtotHF)                          -1.1626482401E+002  
 Singles correction (EcSingles)                    -5.5288704415E-003  
 Direct RPA correlation (EcRPA)                    -7.0217873864E-001  
 HF contribution (EtotHF)                          -1.1626569362E+002  
 Singles correction (EcSingles)                    -5.4159323766E-003  
 HF contribution (EtotHF)                          -1.1626569362E+002  
 Singles correction (EcSingles)                    -5.4159323766E-003  
 Direct RPA correlation (EcRPA)                    -7.0146278963E-001  
 HF contribution (EtotHF)                          -1.1626285944E+002  
 Singles correction (EcSingles)                    -5.4720825839E-003  
 HF contribution (EtotHF)                          -1.1626285944E+002  
 Singles correction (EcSingles)                    -5.4720825839E-003  
 Direct RPA correlation (EcRPA)                    -7.0253131280E-001  
 HF contribution (EtotHF)                          -2.2816577450E+002  
 Singles correction (EcSingles)                    -7.9519879367E-003  
 HF contribution (EtotHF)                          -2.2816577450E+002  
 Singles correction (EcSingles)                    -7.9519879367E-003  
 Direct RPA correlation (EcRPA)                    -1.1290082093E+000  
 HF contribution (EtotHF)                          -1.9232071623E+002  
 Singles correction (EcSingles)                    -8.1857123043E-003  
 HF contribution (EtotHF)                          -1.9232071623E+002  
 Singles correction (EcSingles)                    -8.1857123043E-003  
 Direct RPA correlation (EcRPA)                    -1.0785772711E+000  
 HF contribution (EtotHF)                          -1.9231929725E+002  
 Singles correction (EcSingles)                    -8.2402454584E-003  
 HF contribution (EtotHF)                          -1.9231929725E+002  
 Singles correction (EcSingles)                    -8.2402454584E-003  
 Direct RPA correlation (EcRPA)                    -1.0795257133E+000  
 HF contribution (EtotHF)                          -1.9231792025E+002  
 Singles correction (EcSingles)                    -8.1465444937E-003  
 HF contribution (EtotHF)                          -1.9231792025E+002  
 Singles correction (EcSingles)                    -8.1465444937E-003  
 Direct RPA correlation (EcRPA)                    -1.0791099446E+000  
