 Converged energy                           -269.758988942036
 Converged energy                            -76.416664612336
 Converged energy                            -76.415760430585
 Converged energy                            -76.416505731270
 Converged energy                           -152.840021749149
 Converged energy                           -152.831801383547
 Converged energy                           -152.833145382177
 Converged energy                            -40.501455120454
 Converged energy                           -116.918429636191
 Converged energy                           -116.917651827640
 Converged energy                           -116.918476276805
 Converged energy                           -229.256009560230
 Converged energy                           -193.342401252416
 Converged energy                           -193.335460264613
 Converged energy                           -193.334246885401
 HF contribution (EtotHF)                          -2.6837629583E+002  
 Singles correction (EcSingles)                    -1.1477720640E-002  
 HF contribution (EtotHF)                          -2.6837629583E+002  
 Singles correction (EcSingles)                    -1.1477720640E-002  
 Direct RPA correlation (EcRPA)                    -1.4596497318E+000  
 HF contribution (EtotHF)                          -7.6055585662E+001  
 Singles correction (EcSingles)                    -2.6390796981E-003  
 HF contribution (EtotHF)                          -7.6055585662E+001  
 Singles correction (EcSingles)                    -2.6390796981E-003  
 Direct RPA correlation (EcRPA)                    -3.7701510370E-001  
 HF contribution (EtotHF)                          -7.6054401836E+001  
 Singles correction (EcSingles)                    -2.6588331046E-003  
 HF contribution (EtotHF)                          -7.6054401836E+001  
 Singles correction (EcSingles)                    -2.6588331046E-003  
 Direct RPA correlation (EcRPA)                    -3.7707283312E-001  
 HF contribution (EtotHF)                          -7.6055483836E+001  
 Singles correction (EcSingles)                    -2.6297976324E-003  
 HF contribution (EtotHF)                          -7.6055483836E+001  
 Singles correction (EcSingles)                    -2.6297976324E-003  
 Direct RPA correlation (EcRPA)                    -3.7591994401E-001  
 HF contribution (EtotHF)                          -1.5211144026E+002  
 Singles correction (EcSingles)                    -5.9222224109E-003  
 HF contribution (EtotHF)                          -1.5211144026E+002  
 Singles correction (EcSingles)                    -5.9222224109E-003  
 Direct RPA correlation (EcRPA)                    -7.5680927621E-001  
 HF contribution (EtotHF)                          -1.5210931328E+002  
 Singles correction (EcSingles)                    -5.3034424809E-003  
 HF contribution (EtotHF)                          -1.5210931328E+002  
 Singles correction (EcSingles)                    -5.3034424809E-003  
 Direct RPA correlation (EcRPA)                    -7.5316426861E-001  
 HF contribution (EtotHF)                          -1.5211104583E+002  
 Singles correction (EcSingles)                    -5.2689733142E-003  
 HF contribution (EtotHF)                          -1.5211104583E+002  
 Singles correction (EcSingles)                    -5.2689733142E-003  
 Direct RPA correlation (EcRPA)                    -7.5294192592E-001  
 HF contribution (EtotHF)                          -4.0210172494E+001  
 Singles correction (EcSingles)                    -2.7539294431E-003  
 HF contribution (EtotHF)                          -4.0210172494E+001  
 Singles correction (EcSingles)                    -2.7539294431E-003  
 Direct RPA correlation (EcRPA)                    -3.2499126692E-001  
 HF contribution (EtotHF)                          -1.1626519048E+002  
 Singles correction (EcSingles)                    -5.4952676127E-003  
 HF contribution (EtotHF)                          -1.1626519048E+002  
 Singles correction (EcSingles)                    -5.4952676127E-003  
 Direct RPA correlation (EcRPA)                    -7.0283206489E-001  
 HF contribution (EtotHF)                          -1.1626455760E+002  
 Singles correction (EcSingles)                    -5.4416809345E-003  
 HF contribution (EtotHF)                          -1.1626455760E+002  
 Singles correction (EcSingles)                    -5.4416809345E-003  
 Direct RPA correlation (EcRPA)                    -7.0256990403E-001  
 HF contribution (EtotHF)                          -1.1626569495E+002  
 Singles correction (EcSingles)                    -5.4152614264E-003  
 HF contribution (EtotHF)                          -1.1626569495E+002  
 Singles correction (EcSingles)                    -5.4152614264E-003  
 Direct RPA correlation (EcRPA)                    -7.0143992858E-001  
 HF contribution (EtotHF)                          -2.2816630100E+002  
 Singles correction (EcSingles)                    -8.5673503790E-003  
 HF contribution (EtotHF)                          -2.2816630100E+002  
 Singles correction (EcSingles)                    -8.5673503790E-003  
 Direct RPA correlation (EcRPA)                    -1.1329069178E+000  
 HF contribution (EtotHF)                          -1.9232128630E+002  
 Singles correction (EcSingles)                    -8.8036753471E-003  
 HF contribution (EtotHF)                          -1.9232128630E+002  
 Singles correction (EcSingles)                    -8.8036753471E-003  
 Direct RPA correlation (EcRPA)                    -1.0830633746E+000  
 HF contribution (EtotHF)                          -1.9232073494E+002  
 Singles correction (EcSingles)                    -8.1548230487E-003  
 HF contribution (EtotHF)                          -1.9232073494E+002  
 Singles correction (EcSingles)                    -8.1548230487E-003  
 Direct RPA correlation (EcRPA)                    -1.0792749714E+000  
 HF contribution (EtotHF)                          -1.9231955763E+002  
 Singles correction (EcSingles)                    -8.1171747796E-003  
 HF contribution (EtotHF)                          -1.9231955763E+002  
 Singles correction (EcSingles)                    -8.1171747796E-003  
 Direct RPA correlation (EcRPA)                    -1.0791665183E+000  
