 Converged energy                           -269.753619257470
 Converged energy                            -76.416293908751
 Converged energy                            -76.416862539072
 Converged energy                            -76.414624918208
 Converged energy                           -152.832919327496
 Converged energy                           -152.833346663886
 Converged energy                           -152.832588725684
 Converged energy                            -40.501465289079
 Converged energy                           -116.918307994691
 Converged energy                           -116.918671364964
 Converged energy                           -116.916326210648
 Converged energy                           -229.251093969781
 Converged energy                           -193.335296202051
 Converged energy                           -193.334765903909
 Converged energy                           -193.335376459848
 HF contribution (EtotHF)                          -2.6837524706E+002  
 Singles correction (EcSingles)                    -1.1099042942E-002  
 HF contribution (EtotHF)                          -2.6837524706E+002  
 Singles correction (EcSingles)                    -1.1099042942E-002  
 Direct RPA correlation (EcRPA)                    -1.4573958795E+000  
 HF contribution (EtotHF)                          -7.6055065092E+001  
 Singles correction (EcSingles)                    -2.6464071096E-003  
 HF contribution (EtotHF)                          -7.6055065092E+001  
 Singles correction (EcSingles)                    -2.6464071096E-003  
 Direct RPA correlation (EcRPA)                    -3.7642920370E-001  
 HF contribution (EtotHF)                          -7.6055879420E+001  
 Singles correction (EcSingles)                    -2.6287259896E-003  
 HF contribution (EtotHF)                          -7.6055879420E+001  
 Singles correction (EcSingles)                    -2.6287259896E-003  
 Direct RPA correlation (EcRPA)                    -3.7607893038E-001  
 HF contribution (EtotHF)                          -7.6052854502E+001  
 Singles correction (EcSingles)                    -2.6868554487E-003  
 HF contribution (EtotHF)                          -7.6052854502E+001  
 Singles correction (EcSingles)                    -2.6868554487E-003  
 Direct RPA correlation (EcRPA)                    -3.7708172555E-001  
 HF contribution (EtotHF)                          -1.5211067220E+002  
 Singles correction (EcSingles)                    -5.2802617888E-003  
 HF contribution (EtotHF)                          -1.5211067220E+002  
 Singles correction (EcSingles)                    -5.2802617888E-003  
 Direct RPA correlation (EcRPA)                    -7.5257071977E-001  
 HF contribution (EtotHF)                          -1.5211056995E+002  
 Singles correction (EcSingles)                    -5.3282210463E-003  
 HF contribution (EtotHF)                          -1.5211056995E+002  
 Singles correction (EcSingles)                    -5.3282210463E-003  
 Direct RPA correlation (EcRPA)                    -7.5312357381E-001  
 HF contribution (EtotHF)                          -1.5210959383E+002  
 Singles correction (EcSingles)                    -5.3389780503E-003  
 HF contribution (EtotHF)                          -1.5210959383E+002  
 Singles correction (EcSingles)                    -5.3389780503E-003  
 Direct RPA correlation (EcRPA)                    -7.5346067263E-001  
 HF contribution (EtotHF)                          -4.0210177655E+001  
 Singles correction (EcSingles)                    -2.7564683000E-003  
 HF contribution (EtotHF)                          -4.0210177655E+001  
 Singles correction (EcSingles)                    -2.7564683000E-003  
 Direct RPA correlation (EcRPA)                    -3.2509953130E-001  
 HF contribution (EtotHF)                          -1.1626447779E+002  
 Singles correction (EcSingles)                    -5.5603600300E-003  
 HF contribution (EtotHF)                          -1.1626447779E+002  
 Singles correction (EcSingles)                    -5.5603600300E-003  
 Direct RPA correlation (EcRPA)                    -7.0264317282E-001  
 HF contribution (EtotHF)                          -1.1626506177E+002  
 Singles correction (EcSingles)                    -5.5498518238E-003  
 HF contribution (EtotHF)                          -1.1626506177E+002  
 Singles correction (EcSingles)                    -5.5498518238E-003  
 Direct RPA correlation (EcRPA)                    -7.0233393516E-001  
 HF contribution (EtotHF)                          -1.1626287296E+002  
 Singles correction (EcSingles)                    -5.4740823979E-003  
 HF contribution (EtotHF)                          -1.1626287296E+002  
 Singles correction (EcSingles)                    -5.4740823979E-003  
 Direct RPA correlation (EcRPA)                    -7.0265836736E-001  
 HF contribution (EtotHF)                          -2.2816706058E+002  
 Singles correction (EcSingles)                    -7.9851476635E-003  
 HF contribution (EtotHF)                          -2.2816706058E+002  
 Singles correction (EcSingles)                    -7.9851476635E-003  
 Direct RPA correlation (EcRPA)                    -1.1295617865E+000  
 HF contribution (EtotHF)                          -1.9231912620E+002  
 Singles correction (EcSingles)                    -8.3568638076E-003  
 HF contribution (EtotHF)                          -1.9231912620E+002  
 Singles correction (EcSingles)                    -8.3568638076E-003  
 Direct RPA correlation (EcRPA)                    -1.0799359500E+000  
 HF contribution (EtotHF)                          -1.9231877016E+002  
 Singles correction (EcSingles)                    -8.2872258829E-003  
 HF contribution (EtotHF)                          -1.9231877016E+002  
 Singles correction (EcSingles)                    -8.2872258829E-003  
 Direct RPA correlation (EcRPA)                    -1.0801548035E+000  
 HF contribution (EtotHF)                          -1.9231956202E+002  
 Singles correction (EcSingles)                    -8.2832964562E-003  
 HF contribution (EtotHF)                          -1.9231956202E+002  
 Singles correction (EcSingles)                    -8.2832964562E-003  
 Direct RPA correlation (EcRPA)                    -1.0798438096E+000  
