
 Primary working directories    : /net/scratch/people/plgsirous
 Secondary working directories  : /net/scratch/people/plgsirous
 Wavefunction directory         : /net/people/plgsirous/wfu/
 Main file repository           : /net/scratch/people/plgsirous/

 SHA1      : 
 NAME      : 
 ARCHNAME  : linux/x86_64
 FC        : /net/software/local/intel/impi/2018.1.163/bin64/mpiifort
 BLASLIB   : -L/net/software/local/intel/compilers_and_libraries_2018.1.163/linux/mkl/lib/intel64 -lmkl_scalapack_ilp64 -lmkl_intel_ilp64 -lmkl_intel_thread -lmkl_core -lmkl_blacs_intelmpi_ilp64 -liomp5 -lpthread -lm -ldl
 id        : pl

 Nodes     nprocs
 p1540        1

 Using customized tuning parameters: mindgm=7; mindgv=20; mindgc=1; mindgr=1; noblas=0; minvec=7
 default implementation of scratch files=df  

 ***,MP4SD(T)
 memory,14000,m
 gthresh,orbital=1d-8,energy=1d-8,twoint=1.d-19
 angstrom
 geometry={
 C1        -3.2772    1.4825     1.2719
 H1        -2.4640    0.8996     1.6510
 H2        -3.1608    2.5010     1.5785
 H3        -4.2018    1.0992     1.6501
 H4        -3.2685    1.4210     0.2037
 O1        -3.7444    0.3966     -2.4998
 H5        -4.6174    0.4621     -2.0217
 H6        -3.9689    0.1261     -3.3990
 O2        -0.5346    4.1678     1.5431
 H7        -0.4337    3.5180     2.2625
 H8        -0.3413    3.6684     0.7252
   }
 
 nkerna=1
 nkernb=1
 nkernc=1
 nkernab=$nkerna+$nkernb
 nkernac=$nkerna+$nkernc
 nkernbc=$nkernb+$nkernc
 nkernabc=$nkerna+$nkernb+$nkernc
 
 proc set_monomera
 core,$nkerna
 dummy,6,7,8,9,10,11;
 endproc
 
 proc set_monomerb
 core,$nkernb
 dummy,1,2,3,4,5,9,10,11;
 endproc
 
 proc set_monomerc
 core,$nkernc
 dummy,1,2,3,4,5,6,7,8;
 endproc
 
 proc set_dimerab
 core,$nkerna+$nkernb
 dummy,9,10,11;
 endproc
 
 proc set_dimerac
 core,$nkerna+$nkernc
 dummy,6,7,8;
 endproc
 
 proc set_dimerbc
 core,$nkernb+$nkernc
 dummy,1,2,3,4,5;
 endproc
 
 proc set_trimerabc
 core,$nkerna+$nkernb+$nkernc
 endproc
 
 basis=avqz
 
 set_trimerabc
 hf
 Escf_ABC=energy
 mp4
 Emp4_ABC=energy
 Emp4_corr_ABC=(Emp4_ABC)-(Escf_ABC)
 
 set_monomera
 {hf
 start,atden}
 Escf_A=energy
 mp4
 Emp4_A=energy
 Emp4_corr_A=(Emp4_A)-(Escf_A)
 
 set_monomerb
 {hf
 start,atden}
 Escf_B=energy
 mp4
 Emp4_B=energy
 Emp4_corr_B=(Emp4_B)-(Escf_B)
 
 set_monomerc
 {hf
 start,atden}
 Escf_C=energy
 mp4
 Emp4_C=energy
 Emp4_corr_C=(Emp4_C)-(Escf_C)
 
 set_dimerab
 {hf
 start,atden}
 Escf_AB=energy
 mp4
 Emp4_AB=energy
 Emp4_corr_AB=(Emp4_AB)-(Escf_AB)
 
 set_dimerac
 {hf
 start,atden}
 Escf_AC=energy
 mp4
 Emp4_AC=energy
 Emp4_corr_AC=(Emp4_AC)-(Escf_AC)
 
 set_dimerbc
 {hf
 start,atden}
 Escf_BC=energy
 mp4
 Emp4_BC=energy
 Emp4_corr_BC=(Emp4_BC)-(Escf_BC)
 
 E_int_ABC=Emp4_ABC-(Emp4_A+Emp4_B+Emp4_C)
 E_int_AB=Emp4_AB-(Emp4_A+Emp4_B)
 E_int_AC=Emp4_AC-(Emp4_A+Emp4_C)
 E_int_BC=Emp4_BC-(Emp4_B+Emp4_C)
 E_add=E_int_AB+E_int_AC+E_int_BC
 E_nonadd_MP4=E_int_ABC-(E_int_AB+E_int_AC+E_int_BC)
                                                                                 !!!!!Correlation part of interaction energy!!!!!!
 E_int_ABC_corr=Emp4_corr_ABC-(Emp4_corr_A+Emp4_corr_B+Emp4_corr_C)
 E_int_AB_corr=Emp4_corr_AB-(Emp4_corr_A+Emp4_corr_B)
 E_int_AC_corr=Emp4_corr_AC-(Emp4_corr_A+Emp4_corr_C)
 E_int_BC_corr=Emp4_corr_BC-(Emp4_corr_B+Emp4_corr_C)
 E_int_ABC_corr_add=E_int_AB_corr+E_int_AC_corr+E_int_BC_corr
 E_int_ABC_corr_nonadd=E_int_ABC_corr-E_int_ABC_corr_add
                                                                                 !!!!HF part of interaction energy!!!!
 E_int_ABC_HF=E_int_ABC-E_int_ABC_corr
 E_int_AB_HF=E_int_AB-E_int_AB_corr
 E_int_AC_HF=E_int_AC-E_int_AC_corr
 E_int_BC_HF=E_int_BC-E_int_BC_corr
 E_int_ABC_HF_add=E_int_AB_HF+E_int_AC_HF+E_int_BC_HF
 E_int_ABC_HF_nonadd=E_int_ABC_HF-E_int_ABC_HF_add
 
 text,results in millihartree
                                                                                 !!!!Interacion Energies!!!!!!
 show,E_int_ABC,E_int_AB,E_int_AC,E_int_BC,E_add,E_nonadd_MP4
                                                                                 !!!!Correlation Part!!!!!!!!
 show,E_int_ABC_corr,E_int_AB_corr,E_int_AC_corr,E_int_BC_corr,E_int_ABC_corr_add,E_int_ABC_corr_nonadd
                                                                                 !!!!SCF Part!!!!!
 show,E_int_ABC_HF,E_int_AB_HF,E_int_AC_HF,E_int_BC_HF,E_int_ABC_HF_add,E_int_ABC_HF_nonadd

 Variables initialized (889), CPU time= 0.01 sec
 Commands  initialized (702), CPU time= 0.00 sec, 572 directives.
 Default parameters read. Elapsed time= 0.23 sec

 Checking input...
 Passed
1


                                         ***  PROGRAM SYSTEM MOLPRO  ***
                                       Copyright, TTI GmbH Stuttgart, 2015
                                    Version 2015.1 linked Jul  2 2018 15:03:07


 **********************************************************************************************************************************
 LABEL *   MP4SD(T)                                                                      
  64 bit serial version                                                                  DATE: 04-Dec-18          TIME: 09:25:46  
 **********************************************************************************************************************************

 SHA1:             
 **********************************************************************************************************************************

 THRESHOLDS:

 ZERO    =  1.00D-12  ONEINT  =  1.00D-12  TWOINT  =  1.00D-19  PREFAC  =  1.00D-14  LOCALI  =  1.00D-09  EORDER  =  1.00D-04
 ENERGY  =  1.00D-08  ETEST   =  0.00D+00  EDENS   =  0.00D+00  THRDEDEF=  1.00D-06  GRADIENT=  1.00D-02  STEP    =  1.00D-03
 ORBITAL =  1.00D-08  CIVEC   =  1.00D-05  COEFF   =  1.00D-04  PRINTCI =  5.00D-02  PUNCHCI =  9.90D+01  OPTGRAD =  3.00D-04
 OPTENERG=  1.00D-06  OPTSTEP =  3.00D-04  THRGRAD =  1.00D-10  COMPRESS=  1.00D-11  VARMIN  =  1.00D-07  VARMAX  =  1.00D-03
 THRDOUB =  0.00D+00  THRDIV  =  1.00D-05  THRRED  =  1.00D-07  THRPSP  =  1.00D+00  THRDC   =  1.00D-10  THRCS   =  1.00D-10
 THRNRM  =  1.00D-08  THREQ   =  0.00D+00  THRDE   =  1.00D+00  THRREF  =  1.00D-05  SPARFAC =  1.00D+00  THRDLP  =  1.00D-07
 THRDIA  =  1.00D-10  THRDLS  =  1.00D-07  THRGPS  =  0.00D+00  THRKEX  =  0.00D+00  THRDIS  =  2.00D-01  THRVAR  =  1.00D-10
 THRLOC  =  1.00D-06  THRGAP  =  1.00D-06  THRLOCT = -1.00D+00  THRGAPT = -1.00D+00  THRORB  =  1.00D-06  THRMLTP =  0.00D+00
 THRCPQCI=  1.00D-10  KEXTA   =  0.00D+00  THRCOARS=  0.00D+00  SYMTOL  =  1.00D-06  GRADTOL =  1.00D-06  THROVL  =  1.00D-08
 THRORTH =  1.00D-08  GRID    =  1.00D-06  GRIDMAX =  1.00D-03  DTMAX   =  0.00D+00  THROCCDE=  1.00D-01  THROCCDE=  1.00D-01


 ZUNIT=ANG
 

Geometry recognized as XYZ

 SETTING NKERNA         =         1.00000000                                  
 SETTING NKERNB         =         1.00000000                                  
 SETTING NKERNC         =         1.00000000                                  
 SETTING NKERNAB        =         2.00000000                                  
 SETTING NKERNAC        =         2.00000000                                  
 SETTING NKERNBC        =         2.00000000                                  
 SETTING NKERNABC       =         3.00000000                                  

 Variable memory set to ********** words,  buffer space   230000 words

 SETTING BASIS          =    AVQZ

 Running procedure=SET_TRIMERABC


 Recomputing integrals since basis changed


 Using spherical harmonics

 Library entry C      S aug-cc-pVQZ          selected for orbital group  1
 Library entry C      P aug-cc-pVQZ          selected for orbital group  1
 Library entry C      D aug-cc-pVQZ          selected for orbital group  1
 Library entry C      F aug-cc-pVQZ          selected for orbital group  1
 Library entry C      G aug-cc-pVQZ          selected for orbital group  1
 Library entry H      S aug-cc-pVQZ          selected for orbital group  2
 Library entry H      P aug-cc-pVQZ          selected for orbital group  2
 Library entry H      D aug-cc-pVQZ          selected for orbital group  2
 Library entry H      F aug-cc-pVQZ          selected for orbital group  2
 Library entry O      S aug-cc-pVQZ          selected for orbital group  3
 Library entry O      P aug-cc-pVQZ          selected for orbital group  3
 Library entry O      D aug-cc-pVQZ          selected for orbital group  3
 Library entry O      F aug-cc-pVQZ          selected for orbital group  3
 Library entry O      G aug-cc-pVQZ          selected for orbital group  3


 PROGRAM * SEWARD (Integral evaluation for generally contracted gaussian basis sets)     Author: Roland Lindh, 1990

 Geometry written to block  1 of record 700


 Point group  C1  



 ATOMIC COORDINATES

 NR  ATOM    CHARGE       X              Y              Z

   1  C1      6.00   -6.193010455    2.801518980    2.403542658
   2  H1      1.00   -4.656285171    1.699997622    3.119937832
   3  H2      1.00   -5.973046335    4.726205038    2.982932688
   4  H3      1.00   -7.940251230    2.077186956    3.118237078
   5  H4      1.00   -6.176569838    2.685300823    0.384937212
   6  O1      8.00   -7.075890501    0.749465381   -4.723937366
   7  H5      1.00   -8.725621408    0.873242442   -3.820459306
   8  H6      1.00   -7.500134016    0.238294464   -6.423179097
   9  O2      8.00   -1.010247586    7.876000542    2.916036383
  10  H7      1.00   -0.819574220    6.648056506    4.275505357
  11  H8      1.00   -0.644963526    6.932271315    1.370429386

 Bond lengths in Bohr (Angstrom)

 1-2  2.021904040  1-3  2.022002335  1-4  2.021953343  1-5  2.022015060  6-7  1.884994809
     ( 1.069945541)     ( 1.069997556)     ( 1.069971630)     ( 1.070004290)     ( 0.997496296)

  6- 8  1.824472726   9-10  1.841835709   9-11  1.847419359
       ( 0.965469388)       ( 0.974657483)       ( 0.977612224)

 Bond angles

  2-1-3  109.53398059   2-1-4  109.65604535   2-1-5  108.43490854   3-1-4  109.49436728

  3- 1- 5  109.86987750   4- 1- 5  109.83468330   7- 6- 8  105.14667399  10- 9-11  104.86126985

 NUCLEAR CHARGE:                   30
 NUMBER OF PRIMITIVE AOS:         810
 NUMBER OF SYMMETRY AOS:          663
 NUMBER OF CONTRACTIONS:          608   ( 608A   )
 NUMBER OF CORE ORBITALS:           3   (   3A   )
 NUMBER OF VALENCE ORBITALS:       20   (  20A   )


 NUCLEAR REPULSION ENERGY   67.04142179


 Eigenvalues of metric

         1 0.112E-04 0.156E-04 0.242E-04 0.283E-04 0.563E-04 0.606E-04 0.686E-04 0.715E-04


 Contracted 2-electron integrals neglected if value below      1.0D-19
 AO integral compression algorithm  1   Integral accuracy      1.0D-19

     93720.412 MB (compressed) written to integral file ( 63.5%)


 NUMBER OF SORTED TWO-ELECTRON INTEGRALS:17137761816.     BUFFER LENGTH:  32768
 NUMBER OF SEGMENTS: 179  SEGMENT LENGTH:   95999835      RECORD LENGTH: 524288

 Memory used in sort:      96.56 MW

 SORT1 READ 18438963162. AND WROTE 13021543340. INTEGRALS IN  37347 RECORDS. CPU TIME:   163.73 SEC, REAL TIME:   712.92 SEC
 SORT2 READ 13021543340. AND WROTE 17137761816. INTEGRALS IN 357515 RECORDS. CPU TIME:   188.14 SEC, REAL TIME:  3754.59 SEC

 FILE SIZES:   FILE 1: 93754.0 MBYTE,  FILE 4:156644.7 MBYTE,   TOTAL: 250398.7 MBYTE

 OPERATOR DM      FOR CENTER  0  COORDINATES:    0.000000    0.000000    0.000000


 **********************************************************************************************************************************
 DATASETS  * FILE   NREC   LENGTH (MB)   RECORD NAMES
              1      19    86702.52       500      610      700      900      950      970     1000      129      960     1100   
                                          VAR    BASINP    GEOM    SYMINP    ZMAT    AOBASIS   BASIS     P2S    ABASIS      S 
                                         1400     1410     1200     1210     1080     1600     1650     1300     1700   
                                           T        V       H0       H01     AOSYM     SMH    MOLCAS    ERIS     OPER   

 PROGRAMS   *        TOTAL       INT
 CPU TIMES  *       991.09    990.94
 REAL TIME  *      5715.93 SEC
 DISK USED  *       250.40 GB      
 **********************************************************************************************************************************


 PROGRAM * RHF-SCF (CLOSED SHELL)       Authors: W. Meyer, H.-J. Werner


 NUMBER OF ELECTRONS:      15+   15-    SPACE SYMMETRY=1    SPIN SYMMETRY: Singlet 
 CONVERGENCE THRESHOLDS:    1.00E-08 (Density)    1.00E-09 (Energy)
 MAX. NUMBER OF ITERATIONS:       60
 INTERPOLATION TYPE:            DIIS
 INTERPOLATION STEPS:              2 (START)      1 (STEP)
 LEVEL SHIFTS:                  0.00 (CLOSED)  0.00 (OPEN) 



 Orbital guess generated from atomic densities. Full valence occupancy:   23

 Molecular orbital dump at record        2100.2

 Initial occupancy:  15

 ITERATION    DDIFF          GRAD             ENERGY        2-EL.EN.            DIPOLE MOMENTS         DIIS   ORB.
    1      0.000D+00      0.000D+00      -192.24725126    279.106801   -0.77644   -1.30986   -0.50025    0    start
    2      0.000D+00      0.347D-02      -192.31748354    270.567001   -0.45473   -0.75582   -0.35232    1    diag
    3      0.253D-02      0.210D-02      -192.34212737    274.210831   -0.53324   -0.89081   -0.38971    2    diag
    4      0.907D-03      0.267D-03      -192.34298790    274.006990   -0.52572   -0.88062   -0.38610    3    diag
    5      0.166D-03      0.768D-04      -192.34307989    274.015011   -0.52519   -0.87873   -0.38622    4    diag
    6      0.659D-04      0.192D-04      -192.34308549    274.021510   -0.52458   -0.87796   -0.38594    5    diag
    7      0.180D-04      0.460D-05      -192.34308592    274.018930   -0.52461   -0.87784   -0.38594    6    diag
    8      0.575D-05      0.121D-05      -192.34308595    274.019164   -0.52452   -0.87780   -0.38593    7    diag
    9      0.139D-05      0.474D-06      -192.34308596    274.019199   -0.52453   -0.87777   -0.38593    8    diag
   10      0.338D-06      0.147D-06      -192.34308596    274.019167   -0.52452   -0.87776   -0.38592    9    orth
   11      0.192D-06      0.168D-07      -192.34308596    274.019168   -0.52452   -0.87776   -0.38592    9    diag
   12      0.213D-07      0.458D-08      -192.34308596    274.019170   -0.52452   -0.87776   -0.38592    9    diag
   13      0.586D-08      0.890D-09      -192.34308596    274.019169   -0.52452   -0.87776   -0.38592    0    orth

 Final occupancy:  15

 !RHF STATE 1.1 Energy               -192.343085956895
 Nuclear energy                        67.04142179
 One-electron energy                 -396.39409239
 Two-electron energy                  137.00958464
 Virial quotient                       -1.00121145
 !RHF STATE 1.1 Dipole moment          -0.52451542    -0.87776484    -0.38592318
 Dipole moment /Debye                  -1.33309790    -2.23090956    -0.98085464

 Orbital energies:

         1.1          2.1          3.1          4.1          5.1          6.1          7.1          8.1          9.1         10.1
    -20.571738   -20.562949   -11.192792    -1.343865    -1.338460    -0.948062    -0.709581    -0.703581    -0.583160    -0.576418

        11.1         12.1         13.1         14.1         15.1         16.1         17.1
     -0.549162    -0.547615    -0.544825    -0.511747    -0.503506     0.021108     0.032373

 HOMO     15.1    -0.503506 =     -13.7011eV
 LUMO     16.1     0.021108 =       0.5744eV
 LUMO-HOMO         0.524614 =      14.2755eV


 **********************************************************************************************************************************
 DATASETS  * FILE   NREC   LENGTH (MB)   RECORD NAMES
              1      19    86702.52       500      610      700      900      950      970     1000      129      960     1100   
                                          VAR    BASINP    GEOM    SYMINP    ZMAT    AOBASIS   BASIS     P2S    ABASIS      S 
                                         1400     1410     1200     1210     1080     1600     1650     1300     1700   
                                           T        V       H0       H01     AOSYM     SMH    MOLCAS    ERIS     OPER   

              2       5       12.24       200      700     1000      520     2100   
                                        OPTIONS   GEOM     BASIS   MCVARS     RHF  

 PROGRAMS   *        TOTAL        HF       INT
 CPU TIMES  *      3120.76   2129.67    990.94
 REAL TIME  *      9844.45 SEC
 DISK USED  *       250.40 GB      
 **********************************************************************************************************************************
 SETTING ESCF_ABC       =      -192.34308596  AU                              


 PROGRAM * MP4 (Closed-shell)     Authors: C. Hampel, H.-J. Werner, 1991, M. Deegan, P.J. Knowles, 1992


 Convergence thresholds:  THRVAR = 1.00D-08  THRDEN = 1.00D-08

 MP4(T)     terms to be evaluated (factor= 0.000)


 Number of core orbitals:           3 (   3 )
 Number of closed-shell orbitals:  12 (  12 )
 Number of external orbitals:     593 ( 593 )

 Molecular orbitals read from record     2100.2  Type=RHF/CANONICAL (state 1.1)

 Number of N-1 electron functions:              12
 Number of N-2 electron functions:              78
 Number of singly external CSFs:              7116
 Number of doubly external CSFs:          25322286
 Total number of CSFs:                    25329403

 Length of J-op  integral file:               0.00 MB
 Length of K-op  integral file:              25.46 MB

 Memory could be reduced to 3090.18 Mwords without degradation in triples

 Integral transformation finished. Total CPU: 887.64 sec, npass=  1  Memory used:1519.28 MW

 Reference energy:                   -192.34308596

                        CORR.ENERGY   TOTAL ENERGY   ENERGY CHANGE
 MP2:                   -0.78745763  -193.13054358    -0.78745763

 SCS-MP2 correlation energy:           -0.79454211   (PS=  1.200000  PT=  0.333333)
 SCS-MP2 total energy:               -193.13762807

 MP3(D):                -0.80378775  -193.14687370    -0.01633012
 MP4(DQ):               -0.80462323  -193.14770919    -0.00083549
 MP4(SDQ):              -0.80959096  -193.15267692    -0.00496773

 Norm of t1 vector:      0.05394857      S-energy:    -0.00496773      T1 diagnostic:  0.00778681

   CPU time for triples:   2636.46 sec for i =  1 -  6 / 12 (~  14.2 % done)
   CPU time for triples:   3270.23 sec for i =  7 -  8 / 12 (~  31.8 % done)
   CPU time for triples:   2320.86 sec for i =  9 -  9 / 12 (~  44.3 % done)
   CPU time for triples:   2848.31 sec for i = 10 - 10 / 12 (~  59.7 % done)
   CPU time for triples:   3429.09 sec for i = 11 - 11 / 12 (~  78.1 % done)
   CPU time for triples:   4062.24 sec for i = 12 - 12 / 12 (  100.0 % done)

 Total CPU time for triples:  18567.19 sec


 RESULTS
 =======

  Reference energy                   -192.343085956893
  MP4(SDQ) singlet pair energy         -0.561775694650
  MP4(SDQ) triplet pair energy         -0.242847537631
  MP4(SDQ) correlation energy          -0.809590958948

  Triples contribution                 -0.028136001435
  Total correlation energy             -0.837726960383

  MP4(SDQ) total energy              -193.152676915841
 !MP4(SDTQ) total energy             -193.180812917276

 Timing summary (sec):

 STEP                 CPU(USER)    SYS     CPU(TOT)    WALL
 Transformation        892.32    117.68   1010.00   1338.55
 CCSD iterations       772.29     78.60    850.89    922.74
 Triples             18567.19    520.16  19087.35  23204.95

 Program statistics:

 Available memory in ccsd:             13999999324
 Min. memory needed in ccsd:              64259172
 Max. memory used in ccsd:                87251646
 Max. memory used in cckext:              60647801 ( 1 integral passes)



 **********************************************************************************************************************************
 DATASETS  * FILE   NREC   LENGTH (MB)   RECORD NAMES
              1      20    97081.24       500      610      700      900      950      970     1000      129      960     1100   
                                          VAR    BASINP    GEOM    SYMINP    ZMAT    AOBASIS   BASIS     P2S    ABASIS      S 
                                         1400     1410     1200     1210     1080     1600     1650     1300     1700     1380   
                                           T        V       H0       H01     AOSYM     SMH    MOLCAS    ERIS     OPER     JKOP   

              2       5       12.24       200      700     1000      520     2100   
                                        OPTIONS   GEOM     BASIS   MCVARS     RHF  

 PROGRAMS   *        TOTAL       MP4        HF       INT
 CPU TIMES  *     23352.59  20231.83   2129.67    990.94
 REAL TIME  *     35311.51 SEC
 DISK USED  *       250.40 GB      
 **********************************************************************************************************************************
 SETTING EMP4_ABC       =      -193.18081292  AU                              
 SETTING EMP4_CORR_ABC  =        -0.83772696  AU                              

 Running procedure=SET_MONOMERA

 Dummy atoms: O1  H5  H6  O2  H7  H8


 Recomputing one-electron integrals since nuclear charges changed


 PROGRAM * SEWARD (Integral evaluation for generally contracted gaussian basis sets)     Author: Roland Lindh, 1990

 Geometry written to block  1 of record 700


 Point group  C1  



 ATOMIC COORDINATES

 NR  ATOM    CHARGE       X              Y              Z

   1  C1      6.00   -6.193010455    2.801518980    2.403542658
   2  H1      1.00   -4.656285171    1.699997622    3.119937832
   3  H2      1.00   -5.973046335    4.726205038    2.982932688
   4  H3      1.00   -7.940251230    2.077186956    3.118237078
   5  H4      1.00   -6.176569838    2.685300823    0.384937212
   6  O1      0.00   -7.075890501    0.749465381   -4.723937366
   7  H5      0.00   -8.725621408    0.873242442   -3.820459306
   8  H6      0.00   -7.500134016    0.238294464   -6.423179097
   9  O2      0.00   -1.010247586    7.876000542    2.916036383
  10  H7      0.00   -0.819574220    6.648056506    4.275505357
  11  H8      0.00   -0.644963526    6.932271315    1.370429386

 Bond lengths in Bohr (Angstrom)

 1-2  2.021904040  1-3  2.022002335  1-4  2.021953343  1-5  2.022015060  6-7  1.884994809
     ( 1.069945541)     ( 1.069997556)     ( 1.069971630)     ( 1.070004290)     ( 0.997496296)

  6- 8  1.824472726   9-10  1.841835709   9-11  1.847419359
       ( 0.965469388)       ( 0.974657483)       ( 0.977612224)

 Bond angles

  2-1-3  109.53398059   2-1-4  109.65604535   2-1-5  108.43490854   3-1-4  109.49436728

  3- 1- 5  109.86987750   4- 1- 5  109.83468330   7- 6- 8  105.14667399  10- 9-11  104.86126985

 NUCLEAR CHARGE:                   10
 NUMBER OF PRIMITIVE AOS:         810
 NUMBER OF SYMMETRY AOS:          663
 NUMBER OF CONTRACTIONS:          608   ( 608A   )
 NUMBER OF CORE ORBITALS:           1   (   1A   )
 NUMBER OF VALENCE ORBITALS:        8   (   8A   )

 MOLECULE CHANGED: INITIALIZING OCCUPATION AND DUMP RECORDS


 NUCLEAR REPULSION ENERGY   13.68681606


 Eigenvalues of metric

         1 0.112E-04 0.156E-04 0.242E-04 0.283E-04 0.563E-04 0.606E-04 0.686E-04 0.715E-04


 Contracted 2-electron integrals neglected if value below      1.0D-19

 OPERATOR DM      FOR CENTER  0  COORDINATES:    0.000000    0.000000    0.000000


 **********************************************************************************************************************************
 DATASETS  * FILE   NREC   LENGTH (MB)   RECORD NAMES
              1      19    86702.52       500      610      700      900      950      970     1000      129      960     1100   
                                          VAR    BASINP    GEOM    SYMINP    ZMAT    AOBASIS   BASIS     P2S    ABASIS      S 
                                         1400     1410     1200     1210     1080     1600     1650     1300     1700   
                                           T        V       H0       H01     AOSYM     SMH    MOLCAS    ERIS     OPER   

              2       5       12.24       200      700     1000      520     2100   
                                        OPTIONS   GEOM     BASIS   MCVARS     RHF  

 PROGRAMS   *        TOTAL       INT       MP4        HF       INT
 CPU TIMES  *     23352.98      0.39  20231.83   2129.67    990.94
 REAL TIME  *     35314.32 SEC
 DISK USED  *       250.40 GB      
 **********************************************************************************************************************************


 PROGRAM * RHF-SCF (CLOSED SHELL)       Authors: W. Meyer, H.-J. Werner


 NUMBER OF ELECTRONS:       5+    5-    SPACE SYMMETRY=1    SPIN SYMMETRY: Singlet 
 CONVERGENCE THRESHOLDS:    1.00E-08 (Density)    1.00E-09 (Energy)
 MAX. NUMBER OF ITERATIONS:       60
 INTERPOLATION TYPE:            DIIS
 INTERPOLATION STEPS:              2 (START)      1 (STEP)
 LEVEL SHIFTS:                  0.00 (CLOSED)  0.00 (OPEN) 



 Orbital guess generated from atomic densities. Full valence occupancy:    9

 Molecular orbital dump at record        2101.2

 Initial occupancy:   5

 ITERATION    DDIFF          GRAD             ENERGY        2-EL.EN.            DIPOLE MOMENTS         DIIS   ORB.
    1      0.000D+00      0.000D+00       -40.19609832     53.506319    0.00411   -0.00276   -0.00131    0    start
    2      0.000D+00      0.217D-02       -40.21335281     52.217642    0.00129   -0.00088   -0.00039    1    diag
    3      0.114D-02      0.844D-03       -40.21562881     52.672104    0.00182   -0.00124   -0.00056    2    diag
    4      0.320D-03      0.211D-03       -40.21594829     52.617292    0.00162   -0.00110   -0.00049    3    diag
    5      0.119D-03      0.273D-04       -40.21595378     52.619440    0.00159   -0.00109   -0.00048    4    diag
    6      0.308D-04      0.223D-05       -40.21595382     52.619577    0.00159   -0.00109   -0.00048    5    diag
    7      0.423D-05      0.179D-06       -40.21595382     52.619538    0.00159   -0.00108   -0.00048    6    diag
    8      0.155D-06      0.144D-07       -40.21595382     52.619539    0.00159   -0.00108   -0.00048    7    diag
    9      0.588D-07      0.183D-08       -40.21595382     52.619539    0.00159   -0.00108   -0.00048    8    diag
   10      0.587D-08      0.502D-09       -40.21595382     52.619538    0.00159   -0.00108   -0.00048    0    orth

 Final occupancy:   5

 !RHF STATE 1.1 Energy                -40.215953820103
 Nuclear energy                        13.68681606
 One-electron energy                  -80.21253912
 Two-electron energy                   26.30976925
 Virial quotient                       -0.99838111
 !RHF STATE 1.1 Dipole moment           0.00159096    -0.00108422    -0.00048267
 Dipole moment /Debye                   0.00404355    -0.00275564    -0.00122675

 Orbital energies:

         1.1          2.1          3.1          4.1          5.1          6.1          7.1
    -11.196222    -0.950660    -0.551889    -0.549954    -0.547775     0.022065     0.033027

 HOMO      5.1    -0.547775 =     -14.9057eV
 LUMO      6.1     0.022065 =       0.6004eV
 LUMO-HOMO         0.569839 =      15.5061eV


 **********************************************************************************************************************************
 DATASETS  * FILE   NREC   LENGTH (MB)   RECORD NAMES
              1      19    86702.52       500      610      700      900      950      970     1000      129      960     1100   
                                          VAR    BASINP    GEOM    SYMINP    ZMAT    AOBASIS   BASIS     P2S    ABASIS      S 
                                         1400     1410     1200     1210     1080     1600     1650     1300     1700   
                                           T        V       H0       H01     AOSYM     SMH    MOLCAS    ERIS     OPER   

              2       6       29.55       200      700     1000      520     2100     2101   
                                        OPTIONS   GEOM     BASIS   MCVARS     RHF      RHF  

 PROGRAMS   *        TOTAL        HF       INT       MP4        HF       INT
 CPU TIMES  *     25023.00   1670.02      0.39  20231.83   2129.67    990.94
 REAL TIME  *     37861.99 SEC
 DISK USED  *       250.40 GB      
 **********************************************************************************************************************************
 SETTING ESCF_A         =       -40.21595382  AU                              


 PROGRAM * MP4 (Closed-shell)     Authors: C. Hampel, H.-J. Werner, 1991, M. Deegan, P.J. Knowles, 1992


 Convergence thresholds:  THRVAR = 1.00D-08  THRDEN = 1.00D-08

 MP4(T)     terms to be evaluated (factor= 0.000)


 Number of core orbitals:           1 (   1 )
 Number of closed-shell orbitals:   4 (   4 )
 Number of external orbitals:     603 ( 603 )

 Molecular orbitals read from record     2101.2  Type=RHF/CANONICAL (state 1.1)

 Number of N-1 electron functions:               4
 Number of N-2 electron functions:              10
 Number of singly external CSFs:              2412
 Number of doubly external CSFs:           2910078
 Total number of CSFs:                     2912491

 Length of J-op  integral file:               0.00 MB
 Length of K-op  integral file:              25.46 MB

 Memory could be reduced to 1436.86 Mwords without degradation in triples

 Integral transformation finished. Total CPU: 350.47 sec, npass=  1  Memory used: 576.57 MW

 Reference energy:                    -40.21595382

                        CORR.ENERGY   TOTAL ENERGY   ENERGY CHANGE
 MP2:                   -0.21091136   -40.42686518    -0.21091136

 SCS-MP2 correlation energy:           -0.22046921   (PS=  1.200000  PT=  0.333333)
 SCS-MP2 total energy:                -40.43642303

 MP3(D):                -0.22650793   -40.44246175    -0.01559658
 MP4(DQ):               -0.22697854   -40.44293236    -0.00047061
 MP4(SDQ):              -0.22804444   -40.44399826    -0.00106590

 Norm of t1 vector:      0.02612391      S-energy:    -0.00106590      T1 diagnostic:  0.00653098


 Total CPU time for triples:    892.54 sec


 RESULTS
 =======

  Reference energy                    -40.215953820103
  MP4(SDQ) singlet pair energy         -0.171113805360
  MP4(SDQ) triplet pair energy         -0.055864737143
  MP4(SDQ) correlation energy          -0.228044442791

  Triples contribution                 -0.006465854718
  Total correlation energy             -0.234510297510

  MP4(SDQ) total energy               -40.443998262894
 !MP4(SDTQ) total energy              -40.450464117613

 Timing summary (sec):

 STEP                 CPU(USER)    SYS     CPU(TOT)    WALL
 Transformation        351.10     91.32    442.42    497.33
 CCSD iterations       210.88     70.95    281.83    310.60
 Triples               892.54     19.96    912.50    921.30

 Program statistics:

 Available memory in ccsd:             13999999836
 Min. memory needed in ccsd:              13202754
 Max. memory used in ccsd:                15360168
 Max. memory used in cckext:              10055753 ( 1 integral passes)



 **********************************************************************************************************************************
 DATASETS  * FILE   NREC   LENGTH (MB)   RECORD NAMES
              1      20    90266.80       500      610      700      900      950      970     1000      129      960     1100   
                                          VAR    BASINP    GEOM    SYMINP    ZMAT    AOBASIS   BASIS     P2S    ABASIS      S 
                                         1400     1410     1200     1210     1080     1600     1650     1300     1700     1380   
                                           T        V       H0       H01     AOSYM     SMH    MOLCAS    ERIS     OPER     JKOP   

              2       6       29.55       200      700     1000      520     2100     2101   
                                        OPTIONS   GEOM     BASIS   MCVARS     RHF      RHF  

 PROGRAMS   *        TOTAL       MP4        HF       INT       MP4        HF       INT
 CPU TIMES  *     26477.56   1454.56   1670.02      0.39  20231.83   2129.67    990.94
 REAL TIME  *     39591.52 SEC
 DISK USED  *       250.40 GB      
 **********************************************************************************************************************************
 SETTING EMP4_A         =       -40.45046412  AU                              
 SETTING EMP4_CORR_A    =        -0.23451030  AU                              

 Running procedure=SET_MONOMERB

 Dummy atoms: C1  H1  H2  H3  H4  O2  H7  H8


 Recomputing one-electron integrals since nuclear charges changed


 PROGRAM * SEWARD (Integral evaluation for generally contracted gaussian basis sets)     Author: Roland Lindh, 1990

 Geometry written to block  1 of record 700


 Point group  C1  



 ATOMIC COORDINATES

 NR  ATOM    CHARGE       X              Y              Z

   1  C1      0.00   -6.193010455    2.801518980    2.403542658
   2  H1      0.00   -4.656285171    1.699997622    3.119937832
   3  H2      0.00   -5.973046335    4.726205038    2.982932688
   4  H3      0.00   -7.940251230    2.077186956    3.118237078
   5  H4      0.00   -6.176569838    2.685300823    0.384937212
   6  O1      8.00   -7.075890501    0.749465381   -4.723937366
   7  H5      1.00   -8.725621408    0.873242442   -3.820459306
   8  H6      1.00   -7.500134016    0.238294464   -6.423179097
   9  O2      0.00   -1.010247586    7.876000542    2.916036383
  10  H7      0.00   -0.819574220    6.648056506    4.275505357
  11  H8      0.00   -0.644963526    6.932271315    1.370429386

 Bond lengths in Bohr (Angstrom)

 1-2  2.021904040  1-3  2.022002335  1-4  2.021953343  1-5  2.022015060  6-7  1.884994809
     ( 1.069945541)     ( 1.069997556)     ( 1.069971630)     ( 1.070004290)     ( 0.997496296)

  6- 8  1.824472726   9-10  1.841835709   9-11  1.847419359
       ( 0.965469388)       ( 0.974657483)       ( 0.977612224)

 Bond angles

  2-1-3  109.53398059   2-1-4  109.65604535   2-1-5  108.43490854   3-1-4  109.49436728

  3- 1- 5  109.86987750   4- 1- 5  109.83468330   7- 6- 8  105.14667399  10- 9-11  104.86126985

 NUCLEAR CHARGE:                   10
 NUMBER OF PRIMITIVE AOS:         810
 NUMBER OF SYMMETRY AOS:          663
 NUMBER OF CONTRACTIONS:          608   ( 608A   )
 NUMBER OF CORE ORBITALS:           1   (   1A   )
 NUMBER OF VALENCE ORBITALS:        6   (   6A   )

 MOLECULE CHANGED: INITIALIZING OCCUPATION AND DUMP RECORDS


 NUCLEAR REPULSION ENERGY    8.96831117


 Eigenvalues of metric

         1 0.112E-04 0.156E-04 0.242E-04 0.283E-04 0.563E-04 0.606E-04 0.686E-04 0.715E-04


 Contracted 2-electron integrals neglected if value below      1.0D-19

 OPERATOR DM      FOR CENTER  0  COORDINATES:    0.000000    0.000000    0.000000


 **********************************************************************************************************************************
 DATASETS  * FILE   NREC   LENGTH (MB)   RECORD NAMES
              1      19    86702.52       500      610      700      900      950      970     1000      129      960     1100   
                                          VAR    BASINP    GEOM    SYMINP    ZMAT    AOBASIS   BASIS     P2S    ABASIS      S 
                                         1400     1410     1200     1210     1080     1600     1650     1300     1700   
                                           T        V       H0       H01     AOSYM     SMH    MOLCAS    ERIS     OPER   

              2       6       29.55       200      700     1000      520     2100     2101   
                                        OPTIONS   GEOM     BASIS   MCVARS     RHF      RHF  

 PROGRAMS   *        TOTAL       INT       MP4        HF       INT       MP4        HF       INT
 CPU TIMES  *     26477.95      0.39   1454.56   1670.02      0.39  20231.83   2129.67    990.94
 REAL TIME  *     39594.02 SEC
 DISK USED  *       250.40 GB      
 **********************************************************************************************************************************


 PROGRAM * RHF-SCF (CLOSED SHELL)       Authors: W. Meyer, H.-J. Werner


 NUMBER OF ELECTRONS:       5+    5-    SPACE SYMMETRY=1    SPIN SYMMETRY: Singlet 
 CONVERGENCE THRESHOLDS:    1.00E-08 (Density)    1.00E-09 (Energy)
 MAX. NUMBER OF ITERATIONS:       60
 INTERPOLATION TYPE:            DIIS
 INTERPOLATION STEPS:              2 (START)      1 (STEP)
 LEVEL SHIFTS:                  0.00 (CLOSED)  0.00 (OPEN) 



 Orbital guess generated from atomic densities. Full valence occupancy:    7

 Molecular orbital dump at record        2102.2

 Initial occupancy:   5

 ITERATION    DDIFF          GRAD             ENERGY        2-EL.EN.            DIPOLE MOMENTS         DIIS   ORB.
    1      0.000D+00      0.000D+00       -76.02404357     77.368947   -1.06805   -0.19634   -0.39854    0    start
    2      0.000D+00      0.395D-02       -76.05086759     73.699499   -0.61362   -0.11573   -0.23934    1    diag
    3      0.161D-02      0.253D-02       -76.06255970     75.330444   -0.72620   -0.13631   -0.28095    2    diag
    4      0.611D-03      0.236D-03       -76.06275705     75.239011   -0.72071   -0.13587   -0.28092    3    diag
    5      0.767D-04      0.667D-04       -76.06277881     75.253489   -0.71862   -0.13573   -0.28100    4    diag
    6      0.253D-04      0.134D-04       -76.06278025     75.252420   -0.71811   -0.13571   -0.28109    5    diag
    7      0.677D-05      0.274D-05       -76.06278032     75.252567   -0.71795   -0.13570   -0.28111    6    diag
    8      0.182D-05      0.510D-06       -76.06278032     75.252551   -0.71791   -0.13570   -0.28110    7    diag
    9      0.337D-06      0.693D-07       -76.06278032     75.252542   -0.71791   -0.13570   -0.28110    8    diag
   10      0.432D-07      0.164D-07       -76.06278032     75.252545   -0.71791   -0.13570   -0.28110    9    orth
   11      0.114D-07      0.371D-08       -76.06278032     75.252545   -0.71791   -0.13570   -0.28110    9    diag
   12      0.235D-08      0.733D-09       -76.06278032     75.252544   -0.71791   -0.13570   -0.28110    0    orth

 Final occupancy:   5

 !RHF STATE 1.1 Energy                -76.062780320061
 Nuclear energy                         8.96831117
 One-electron energy                 -122.65736371
 Two-electron energy                   37.62627222
 Virial quotient                       -1.00211105
 !RHF STATE 1.1 Dipole moment          -0.71790588    -0.13569728    -0.28109900
 Dipole moment /Debye                  -1.82461523    -0.34488549    -0.71443560

 Orbital energies:

         1.1          2.1          3.1          4.1          5.1          6.1          7.1
    -20.568570    -1.340482    -0.705968    -0.579019    -0.508371     0.019209     0.031406

 HOMO      5.1    -0.508371 =     -13.8335eV
 LUMO      6.1     0.019209 =       0.5227eV
 LUMO-HOMO         0.527581 =      14.3562eV


 **********************************************************************************************************************************
 DATASETS  * FILE   NREC   LENGTH (MB)   RECORD NAMES
              1      19    86702.52       500      610      700      900      950      970     1000      129      960     1100   
                                          VAR    BASINP    GEOM    SYMINP    ZMAT    AOBASIS   BASIS     P2S    ABASIS      S 
                                         1400     1410     1200     1210     1080     1600     1650     1300     1700   
                                           T        V       H0       H01     AOSYM     SMH    MOLCAS    ERIS     OPER   

              2       7       46.85       200      700     1000      520     2100     2101     2102   
                                        OPTIONS   GEOM     BASIS   MCVARS     RHF      RHF      RHF  

 PROGRAMS   *        TOTAL        HF       INT       MP4        HF       INT       MP4        HF       INT
 CPU TIMES  *     28452.11   1974.16      0.39   1454.56   1670.02      0.39  20231.83   2129.67    990.94
 REAL TIME  *     42688.04 SEC
 DISK USED  *       250.40 GB      
 **********************************************************************************************************************************
 SETTING ESCF_B         =       -76.06278032  AU                              


 PROGRAM * MP4 (Closed-shell)     Authors: C. Hampel, H.-J. Werner, 1991, M. Deegan, P.J. Knowles, 1992


 Convergence thresholds:  THRVAR = 1.00D-08  THRDEN = 1.00D-08

 MP4(T)     terms to be evaluated (factor= 0.000)


 Number of core orbitals:           1 (   1 )
 Number of closed-shell orbitals:   4 (   4 )
 Number of external orbitals:     603 ( 603 )

 Molecular orbitals read from record     2102.2  Type=RHF/CANONICAL (state 1.1)

 Number of N-1 electron functions:               4
 Number of N-2 electron functions:              10
 Number of singly external CSFs:              2412
 Number of doubly external CSFs:           2910078
 Total number of CSFs:                     2912491

 Length of J-op  integral file:               0.00 MB
 Length of K-op  integral file:              25.46 MB

 Memory could be reduced to 1436.86 Mwords without degradation in triples

 Integral transformation finished. Total CPU: 349.76 sec, npass=  1  Memory used: 576.57 MW

 Reference energy:                    -76.06278032

                        CORR.ENERGY   TOTAL ENERGY   ENERGY CHANGE
 MP2:                   -0.28777386   -76.35055418    -0.28777386

 SCS-MP2 correlation energy:           -0.28671563   (PS=  1.200000  PT=  0.333333)
 SCS-MP2 total energy:                -76.34949595

 MP3(D):                -0.28806890   -76.35084922    -0.00029504
 MP4(DQ):               -0.28834202   -76.35112234    -0.00027312
 MP4(SDQ):              -0.29029041   -76.35307073    -0.00194839

 Norm of t1 vector:      0.03323909      S-energy:    -0.00194839      T1 diagnostic:  0.00830977

 Total CPU time for triples:    892.63 sec


 RESULTS
 =======

  Reference energy                    -76.062780320061
  MP4(SDQ) singlet pair energy         -0.195374087686
  MP4(SDQ) triplet pair energy         -0.092967928666
  MP4(SDQ) correlation energy          -0.290290406131

  Triples contribution                 -0.010756723716
  Total correlation energy             -0.301047129847

  MP4(SDQ) total energy               -76.353070726192
 !MP4(SDTQ) total energy              -76.363827449908

 Timing summary (sec):

 STEP                 CPU(USER)    SYS     CPU(TOT)    WALL
 Transformation        350.39     91.45    441.84    498.65
 CCSD iterations       210.72     70.66    281.38    305.94
 Triples               892.64     18.73    911.37    922.27

 Program statistics:

 Available memory in ccsd:             13999999836
 Min. memory needed in ccsd:              13202754
 Max. memory used in ccsd:                15360168
 Max. memory used in cckext:              10055753 ( 1 integral passes)



 **********************************************************************************************************************************
 DATASETS  * FILE   NREC   LENGTH (MB)   RECORD NAMES
              1      20    90266.80       500      610      700      900      950      970     1000      129      960     1100   
                                          VAR    BASINP    GEOM    SYMINP    ZMAT    AOBASIS   BASIS     P2S    ABASIS      S 
                                         1400     1410     1200     1210     1080     1600     1650     1300     1700     1380   
                                           T        V       H0       H01     AOSYM     SMH    MOLCAS    ERIS     OPER     JKOP   

              2       7       46.85       200      700     1000      520     2100     2101     2102   
                                        OPTIONS   GEOM     BASIS   MCVARS     RHF      RHF      RHF  

 PROGRAMS   *        TOTAL       MP4        HF       INT       MP4        HF       INT       MP4        HF       INT
 CPU TIMES  *     29905.89   1453.78   1974.16      0.39   1454.56   1670.02      0.39  20231.83   2129.67    990.94
 REAL TIME  *     44415.25 SEC
 DISK USED  *       250.40 GB      
 **********************************************************************************************************************************
 SETTING EMP4_B         =       -76.36382745  AU                              
 SETTING EMP4_CORR_B    =        -0.30104713  AU                              

 Running procedure=SET_MONOMERC

 Dummy atoms: C1  H1  H2  H3  H4  O1  H5  H6


 Recomputing one-electron integrals since nuclear charges changed


 PROGRAM * SEWARD (Integral evaluation for generally contracted gaussian basis sets)     Author: Roland Lindh, 1990

 Geometry written to block  1 of record 700


 Point group  C1  



 ATOMIC COORDINATES

 NR  ATOM    CHARGE       X              Y              Z

   1  C1      0.00   -6.193010455    2.801518980    2.403542658
   2  H1      0.00   -4.656285171    1.699997622    3.119937832
   3  H2      0.00   -5.973046335    4.726205038    2.982932688
   4  H3      0.00   -7.940251230    2.077186956    3.118237078
   5  H4      0.00   -6.176569838    2.685300823    0.384937212
   6  O1      0.00   -7.075890501    0.749465381   -4.723937366
   7  H5      0.00   -8.725621408    0.873242442   -3.820459306
   8  H6      0.00   -7.500134016    0.238294464   -6.423179097
   9  O2      8.00   -1.010247586    7.876000542    2.916036383
  10  H7      1.00   -0.819574220    6.648056506    4.275505357
  11  H8      1.00   -0.644963526    6.932271315    1.370429386

 Bond lengths in Bohr (Angstrom)

 1-2  2.021904040  1-3  2.022002335  1-4  2.021953343  1-5  2.022015060  6-7  1.884994809
     ( 1.069945541)     ( 1.069997556)     ( 1.069971630)     ( 1.070004290)     ( 0.997496296)

  6- 8  1.824472726   9-10  1.841835709   9-11  1.847419359
       ( 0.965469388)       ( 0.974657483)       ( 0.977612224)

 Bond angles

  2-1-3  109.53398059   2-1-4  109.65604535   2-1-5  108.43490854   3-1-4  109.49436728

  3- 1- 5  109.86987750   4- 1- 5  109.83468330   7- 6- 8  105.14667399  10- 9-11  104.86126985

 NUCLEAR CHARGE:                   10
 NUMBER OF PRIMITIVE AOS:         810
 NUMBER OF SYMMETRY AOS:          663
 NUMBER OF CONTRACTIONS:          608   ( 608A   )
 NUMBER OF CORE ORBITALS:           1   (   1A   )
 NUMBER OF VALENCE ORBITALS:        6   (   6A   )

 MOLECULE CHANGED: INITIALIZING OCCUPATION AND DUMP RECORDS


 NUCLEAR REPULSION ENERGY    9.01583577


 Eigenvalues of metric

         1 0.112E-04 0.156E-04 0.242E-04 0.283E-04 0.563E-04 0.606E-04 0.686E-04 0.715E-04


 Contracted 2-electron integrals neglected if value below      1.0D-19

 OPERATOR DM      FOR CENTER  0  COORDINATES:    0.000000    0.000000    0.000000


 **********************************************************************************************************************************
 DATASETS  * FILE   NREC   LENGTH (MB)   RECORD NAMES
              1      19    86702.52       500      610      700      900      950      970     1000      129      960     1100   
                                          VAR    BASINP    GEOM    SYMINP    ZMAT    AOBASIS   BASIS     P2S    ABASIS      S 
                                         1400     1410     1200     1210     1080     1600     1650     1300     1700   
                                           T        V       H0       H01     AOSYM     SMH    MOLCAS    ERIS     OPER   

              2       7       46.85       200      700     1000      520     2100     2101     2102   
                                        OPTIONS   GEOM     BASIS   MCVARS     RHF      RHF      RHF  

 PROGRAMS   *        TOTAL       INT       MP4        HF       INT       MP4        HF       INT       MP4        HF       INT
 CPU TIMES  *     29906.28      0.38   1453.78   1974.16      0.39   1454.56   1670.02      0.39  20231.83   2129.67    990.94
 REAL TIME  *     44417.21 SEC
 DISK USED  *       250.40 GB      
 **********************************************************************************************************************************


 PROGRAM * RHF-SCF (CLOSED SHELL)       Authors: W. Meyer, H.-J. Werner


 NUMBER OF ELECTRONS:       5+    5-    SPACE SYMMETRY=1    SPIN SYMMETRY: Singlet 
 CONVERGENCE THRESHOLDS:    1.00E-08 (Density)    1.00E-09 (Energy)
 MAX. NUMBER OF ITERATIONS:       60
 INTERPOLATION TYPE:            DIIS
 INTERPOLATION STEPS:              2 (START)      1 (STEP)
 LEVEL SHIFTS:                  0.00 (CLOSED)  0.00 (OPEN) 



 Orbital guess generated from atomic densities. Full valence occupancy:    7

 Molecular orbital dump at record        2103.2

 Initial occupancy:   5

 ITERATION    DDIFF          GRAD             ENERGY        2-EL.EN.            DIPOLE MOMENTS         DIIS   ORB.
    1      0.000D+00      0.000D+00       -76.02547505     77.431062    0.28479   -1.11208   -0.09631    0    start
    2      0.000D+00      0.395D-02       -76.05229553     73.785828    0.16546   -0.64639   -0.05506    1    diag
    3      0.160D-02      0.251D-02       -76.06380471     75.403067    0.19521   -0.76255   -0.06515    2    diag
    4      0.606D-03      0.235D-03       -76.06399755     75.311837    0.19403   -0.75800   -0.06458    3    diag
    5      0.762D-04      0.655D-04       -76.06401823     75.326169    0.19360   -0.75634   -0.06436    4    diag
    6      0.244D-04      0.130D-04       -76.06401956     75.325161    0.19351   -0.75598   -0.06431    5    diag
    7      0.632D-05      0.262D-05       -76.06401962     75.325306    0.19348   -0.75587   -0.06429    6    diag
    8      0.180D-05      0.493D-06       -76.06401962     75.325292    0.19347   -0.75583   -0.06429    7    diag
    9      0.329D-06      0.651D-07       -76.06401962     75.325283    0.19346   -0.75582   -0.06429    8    diag
   10      0.379D-07      0.144D-07       -76.06401962     75.325286    0.19346   -0.75582   -0.06429    9    orth
   11      0.100D-07      0.250D-08       -76.06401962     75.325286    0.19346   -0.75582   -0.06429    9    diag
   12      0.184D-08      0.404D-09       -76.06401962     75.325286    0.19346   -0.75582   -0.06429    0    orth

 Final occupancy:   5

 !RHF STATE 1.1 Energy                -76.064019622772
 Nuclear energy                         9.01583577
 One-electron energy                 -122.74249823
 Two-electron energy                   37.66264283
 Virial quotient                       -1.00188647
 !RHF STATE 1.1 Dipole moment           0.19346445    -0.75582290    -0.06428639
 Dipole moment /Debye                   0.49170538    -1.92098436    -0.16338899

 Orbital energies:

         1.1          2.1          3.1          4.1          5.1          6.1          7.1
    -20.567839    -1.343050    -0.708191    -0.580670    -0.508856     0.015514     0.030566

 HOMO      5.1    -0.508856 =     -13.8467eV
 LUMO      6.1     0.015514 =       0.4222eV
 LUMO-HOMO         0.524370 =      14.2688eV


 **********************************************************************************************************************************
 DATASETS  * FILE   NREC   LENGTH (MB)   RECORD NAMES
              1      19    86702.52       500      610      700      900      950      970     1000      129      960     1100   
                                          VAR    BASINP    GEOM    SYMINP    ZMAT    AOBASIS   BASIS     P2S    ABASIS      S 
                                         1400     1410     1200     1210     1080     1600     1650     1300     1700   
                                           T        V       H0       H01     AOSYM     SMH    MOLCAS    ERIS     OPER   

              2       8       64.16       200      700     1000      520     2100     2101     2102     2103   
                                        OPTIONS   GEOM     BASIS   MCVARS     RHF      RHF      RHF      RHF  

 PROGRAMS   *        TOTAL        HF       INT       MP4        HF       INT       MP4        HF       INT       MP4        HF
 CPU TIMES  *     31877.35   1971.07      0.38   1453.78   1974.16      0.39   1454.56   1670.02      0.39  20231.83   2129.67
 REAL TIME  *     47412.86 SEC
 DISK USED  *       250.40 GB      
 **********************************************************************************************************************************
 SETTING ESCF_C         =       -76.06401962  AU                              


 PROGRAM * MP4 (Closed-shell)     Authors: C. Hampel, H.-J. Werner, 1991, M. Deegan, P.J. Knowles, 1992


 Convergence thresholds:  THRVAR = 1.00D-08  THRDEN = 1.00D-08

 MP4(T)     terms to be evaluated (factor= 0.000)


 Number of core orbitals:           1 (   1 )
 Number of closed-shell orbitals:   4 (   4 )
 Number of external orbitals:     603 ( 603 )

 Molecular orbitals read from record     2103.2  Type=RHF/CANONICAL (state 1.1)

 Number of N-1 electron functions:               4
 Number of N-2 electron functions:              10
 Number of singly external CSFs:              2412
 Number of doubly external CSFs:           2910078
 Total number of CSFs:                     2912491

 Length of J-op  integral file:               0.00 MB
 Length of K-op  integral file:              25.46 MB

 Memory could be reduced to 1436.86 Mwords without degradation in triples

 Integral transformation finished. Total CPU: 350.03 sec, npass=  1  Memory used: 576.57 MW

 Reference energy:                    -76.06401962

                        CORR.ENERGY   TOTAL ENERGY   ENERGY CHANGE
 MP2:                   -0.28739551   -76.35141514    -0.28739551

 SCS-MP2 correlation energy:           -0.28633624   (PS=  1.200000  PT=  0.333333)
 SCS-MP2 total energy:                -76.35035587

 MP3(D):                -0.28778972   -76.35180935    -0.00039421
 MP4(DQ):               -0.28803021   -76.35204984    -0.00024049
 MP4(SDQ):              -0.28995106   -76.35397068    -0.00192084

 Norm of t1 vector:      0.03293550      S-energy:    -0.00192084      T1 diagnostic:  0.00823387

 Total CPU time for triples:    892.59 sec


 RESULTS
 =======

  Reference energy                    -76.064019622772
  MP4(SDQ) singlet pair energy         -0.195123248414
  MP4(SDQ) triplet pair energy         -0.092906965757
  MP4(SDQ) correlation energy          -0.289951056751

  Triples contribution                 -0.010686867886
  Total correlation energy             -0.300637924638

  MP4(SDQ) total energy               -76.353970679523
 !MP4(SDTQ) total energy              -76.364657547410

 Timing summary (sec):

 STEP                 CPU(USER)    SYS     CPU(TOT)    WALL
 Transformation        350.72     91.66    442.38    499.06
 CCSD iterations       210.80     69.65    280.45    307.21
 Triples               892.59     20.42    913.01    936.54

 Program statistics:

 Available memory in ccsd:             13999999836
 Min. memory needed in ccsd:              13202754
 Max. memory used in ccsd:                15360168
 Max. memory used in cckext:              10055753 ( 1 integral passes)



 **********************************************************************************************************************************
 DATASETS  * FILE   NREC   LENGTH (MB)   RECORD NAMES
              1      20    90266.80       500      610      700      900      950      970     1000      129      960     1100   
                                          VAR    BASINP    GEOM    SYMINP    ZMAT    AOBASIS   BASIS     P2S    ABASIS      S 
                                         1400     1410     1200     1210     1080     1600     1650     1300     1700     1380   
                                           T        V       H0       H01     AOSYM     SMH    MOLCAS    ERIS     OPER     JKOP   

              2       8       64.16       200      700     1000      520     2100     2101     2102     2103   
                                        OPTIONS   GEOM     BASIS   MCVARS     RHF      RHF      RHF      RHF  

 PROGRAMS   *        TOTAL       MP4        HF       INT       MP4        HF       INT       MP4        HF       INT       MP4
 CPU TIMES  *     33331.49   1454.14   1971.07      0.38   1453.78   1974.16      0.39   1454.56   1670.02      0.39  20231.83
 REAL TIME  *     49155.88 SEC
 DISK USED  *       250.40 GB      
 **********************************************************************************************************************************
 SETTING EMP4_C         =       -76.36465755  AU                              
 SETTING EMP4_CORR_C    =        -0.30063792  AU                              

 Running procedure=SET_DIMERAB

 Dummy atoms: O2  H7  H8


 Recomputing one-electron integrals since nuclear charges changed


 PROGRAM * SEWARD (Integral evaluation for generally contracted gaussian basis sets)     Author: Roland Lindh, 1990

 Geometry written to block  1 of record 700


 Point group  C1  



 ATOMIC COORDINATES

 NR  ATOM    CHARGE       X              Y              Z

   1  C1      6.00   -6.193010455    2.801518980    2.403542658
   2  H1      1.00   -4.656285171    1.699997622    3.119937832
   3  H2      1.00   -5.973046335    4.726205038    2.982932688
   4  H3      1.00   -7.940251230    2.077186956    3.118237078
   5  H4      1.00   -6.176569838    2.685300823    0.384937212
   6  O1      8.00   -7.075890501    0.749465381   -4.723937366
   7  H5      1.00   -8.725621408    0.873242442   -3.820459306
   8  H6      1.00   -7.500134016    0.238294464   -6.423179097
   9  O2      0.00   -1.010247586    7.876000542    2.916036383
  10  H7      0.00   -0.819574220    6.648056506    4.275505357
  11  H8      0.00   -0.644963526    6.932271315    1.370429386

 Bond lengths in Bohr (Angstrom)

 1-2  2.021904040  1-3  2.022002335  1-4  2.021953343  1-5  2.022015060  6-7  1.884994809
     ( 1.069945541)     ( 1.069997556)     ( 1.069971630)     ( 1.070004290)     ( 0.997496296)

  6- 8  1.824472726   9-10  1.841835709   9-11  1.847419359
       ( 0.965469388)       ( 0.974657483)       ( 0.977612224)

 Bond angles

  2-1-3  109.53398059   2-1-4  109.65604535   2-1-5  108.43490854   3-1-4  109.49436728

  3- 1- 5  109.86987750   4- 1- 5  109.83468330   7- 6- 8  105.14667399  10- 9-11  104.86126985

 NUCLEAR CHARGE:                   20
 NUMBER OF PRIMITIVE AOS:         810
 NUMBER OF SYMMETRY AOS:          663
 NUMBER OF CONTRACTIONS:          608   ( 608A   )
 NUMBER OF CORE ORBITALS:           2   (   2A   )
 NUMBER OF VALENCE ORBITALS:       14   (  14A   )

 MOLECULE CHANGED: INITIALIZING OCCUPATION AND DUMP RECORDS


 NUCLEAR REPULSION ENERGY   35.92323390


 Eigenvalues of metric

         1 0.112E-04 0.156E-04 0.242E-04 0.283E-04 0.563E-04 0.606E-04 0.686E-04 0.715E-04


 Contracted 2-electron integrals neglected if value below      1.0D-19

 OPERATOR DM      FOR CENTER  0  COORDINATES:    0.000000    0.000000    0.000000


 **********************************************************************************************************************************
 DATASETS  * FILE   NREC   LENGTH (MB)   RECORD NAMES
              1      19    86702.52       500      610      700      900      950      970     1000      129      960     1100   
                                          VAR    BASINP    GEOM    SYMINP    ZMAT    AOBASIS   BASIS     P2S    ABASIS      S 
                                         1400     1410     1200     1210     1080     1600     1650     1300     1700   
                                           T        V       H0       H01     AOSYM     SMH    MOLCAS    ERIS     OPER   

              2       8       64.16       200      700     1000      520     2100     2101     2102     2103   
                                        OPTIONS   GEOM     BASIS   MCVARS     RHF      RHF      RHF      RHF  

 PROGRAMS   *        TOTAL       INT       MP4        HF       INT       MP4        HF       INT       MP4        HF       INT
 CPU TIMES  *     33331.88      0.39   1454.14   1971.07      0.38   1453.78   1974.16      0.39   1454.56   1670.02      0.39
 REAL TIME  *     49158.20 SEC
 DISK USED  *       250.40 GB      
 **********************************************************************************************************************************


 PROGRAM * RHF-SCF (CLOSED SHELL)       Authors: W. Meyer, H.-J. Werner


 NUMBER OF ELECTRONS:      10+   10-    SPACE SYMMETRY=1    SPIN SYMMETRY: Singlet 
 CONVERGENCE THRESHOLDS:    1.00E-08 (Density)    1.00E-09 (Energy)
 MAX. NUMBER OF ITERATIONS:       60
 INTERPOLATION TYPE:            DIIS
 INTERPOLATION STEPS:              2 (START)      1 (STEP)
 LEVEL SHIFTS:                  0.00 (CLOSED)  0.00 (OPEN) 



 Orbital guess generated from atomic densities. Full valence occupancy:   16

 Molecular orbital dump at record        2104.2

 Initial occupancy:  10

 ITERATION    DDIFF          GRAD             ENERGY        2-EL.EN.            DIPOLE MOMENTS         DIIS   ORB.
    1      0.000D+00      0.000D+00      -116.22053619    157.536357   -1.06328   -0.20042   -0.40373    0    start
    2      0.000D+00      0.319D-02      -116.26444256    152.531138   -0.58110   -0.12726   -0.28449    1    diag
    3      0.197D-02      0.188D-02      -116.27803743    154.607337   -0.70361   -0.14568   -0.31715    2    diag
    4      0.683D-03      0.279D-03      -116.27869719    154.493920   -0.69276   -0.14372   -0.31450    3    diag
    5      0.147D-03      0.821D-04      -116.27876679    154.489235   -0.69192   -0.14362   -0.31511    4    diag
    6      0.599D-04      0.200D-04      -116.27877072    154.494872   -0.69101   -0.14344   -0.31499    5    diag
    7      0.164D-04      0.403D-05      -116.27877095    154.493291   -0.69098   -0.14343   -0.31502    6    diag
    8      0.491D-05      0.102D-05      -116.27877097    154.493467   -0.69090   -0.14342   -0.31502    7    diag
    9      0.108D-05      0.241D-06      -116.27877097    154.493440   -0.69088   -0.14341   -0.31501    8    diag
   10      0.314D-06      0.282D-07      -116.27877097    154.493441   -0.69087   -0.14341   -0.31501    9    orth
   11      0.359D-07      0.649D-08      -116.27877097    154.493442   -0.69087   -0.14341   -0.31501    9    diag
   12      0.717D-08      0.166D-08      -116.27877097    154.493442   -0.69087   -0.14341   -0.31501    0    orth

 Final occupancy:  10

 !RHF STATE 1.1 Energy               -116.278770974936
 Nuclear energy                        35.92323390
 One-electron energy                 -229.44872602
 Two-electron energy                   77.24672115
 Virial quotient                       -1.00079557
 !RHF STATE 1.1 Dipole moment          -0.69087325    -0.14341279    -0.31501384
 Dipole moment /Debye                  -1.75590964    -0.36449509    -0.80063287

 Orbital energies:

         1.1          2.1          3.1          4.1          5.1          6.1          7.1          8.1          9.1         10.1
    -20.569573   -11.190523    -1.341671    -0.945328    -0.707391    -0.580784    -0.546104    -0.545148    -0.541607    -0.509513

        11.1         12.1
      0.022325     0.033268

 HOMO     10.1    -0.509513 =     -13.8646eV
 LUMO     11.1     0.022325 =       0.6075eV
 LUMO-HOMO         0.531838 =      14.4721eV


 **********************************************************************************************************************************
 DATASETS  * FILE   NREC   LENGTH (MB)   RECORD NAMES
              1      19    86702.52       500      610      700      900      950      970     1000      129      960     1100   
                                          VAR    BASINP    GEOM    SYMINP    ZMAT    AOBASIS   BASIS     P2S    ABASIS      S 
                                         1400     1410     1200     1210     1080     1600     1650     1300     1700   
                                           T        V       H0       H01     AOSYM     SMH    MOLCAS    ERIS     OPER   

              2       9       81.47       200      700     1000      520     2100     2101     2102     2103     2104   
                                        OPTIONS   GEOM     BASIS   MCVARS     RHF      RHF      RHF      RHF      RHF  

 PROGRAMS   *        TOTAL        HF       INT       MP4        HF       INT       MP4        HF       INT       MP4        HF
 CPU TIMES  *     35304.66   1972.78      0.39   1454.14   1971.07      0.38   1453.78   1974.16      0.39   1454.56   1670.02
 REAL TIME  *     52240.31 SEC
 DISK USED  *       250.40 GB      
 **********************************************************************************************************************************
 SETTING ESCF_AB        =      -116.27877097  AU                              


 PROGRAM * MP4 (Closed-shell)     Authors: C. Hampel, H.-J. Werner, 1991, M. Deegan, P.J. Knowles, 1992


 Convergence thresholds:  THRVAR = 1.00D-08  THRDEN = 1.00D-08

 MP4(T)     terms to be evaluated (factor= 0.000)


 Number of core orbitals:           2 (   2 )
 Number of closed-shell orbitals:   8 (   8 )
 Number of external orbitals:     598 ( 598 )

 Molecular orbitals read from record     2104.2  Type=RHF/CANONICAL (state 1.1)

 Number of N-1 electron functions:               8
 Number of N-2 electron functions:              36
 Number of singly external CSFs:              4784
 Number of doubly external CSFs:          11445720
 Total number of CSFs:                    11450505

 Length of J-op  integral file:               0.00 MB
 Length of K-op  integral file:              25.46 MB

 Memory could be reduced to 2279.54 Mwords without degradation in triples

 Integral transformation finished. Total CPU: 625.14 sec, npass=  1  Memory used:1043.48 MW

 Reference energy:                   -116.27877097

                        CORR.ENERGY   TOTAL ENERGY   ENERGY CHANGE
 MP2:                   -0.49937179  -116.77814277    -0.49937179

 SCS-MP2 correlation energy:           -0.50770062   (PS=  1.200000  PT=  0.333333)
 SCS-MP2 total energy:               -116.78647160

 MP3(D):                -0.51526008  -116.79403106    -0.01588829
 MP4(DQ):               -0.51593874  -116.79470972    -0.00067866
 MP4(SDQ):              -0.51896528  -116.79773625    -0.00302653

 Norm of t1 vector:      0.04244691      S-energy:    -0.00302653      T1 diagnostic:  0.00750362

   CPU time for triples:   2846.00 sec for i =  1 -  6 /  8 (~  44.6 % done)
   CPU time for triples:   3530.05 sec for i =  7 -  8 /  8 (  100.0 % done)

 Total CPU time for triples:   6376.05 sec


 RESULTS
 =======

  Reference energy                   -116.278770974935
  MP4(SDQ) singlet pair energy         -0.366574424440
  MP4(SDQ) triplet pair energy         -0.149364318913
  MP4(SDQ) correlation energy          -0.518965277728

  Triples contribution                 -0.017333826748
  Total correlation energy             -0.536299104476

  MP4(SDQ) total energy              -116.797736252663
 !MP4(SDTQ) total energy             -116.815070079411

 Timing summary (sec):

 STEP                 CPU(USER)    SYS     CPU(TOT)    WALL
 Transformation        627.32    103.97    731.29    822.72
 CCSD iterations       403.17     74.23    477.40    505.05
 Triples              6376.05    177.99   6554.04   6671.84

 Program statistics:

 Available memory in ccsd:             13999999644
 Min. memory needed in ccsd:              33339481
 Max. memory used in ccsd:                43277361
 Max. memory used in cckext:              29398049 ( 1 integral passes)



 **********************************************************************************************************************************
 DATASETS  * FILE   NREC   LENGTH (MB)   RECORD NAMES
              1      20    93722.96       500      610      700      900      950      970     1000      129      960     1100   
                                          VAR    BASINP    GEOM    SYMINP    ZMAT    AOBASIS   BASIS     P2S    ABASIS      S 
                                         1400     1410     1200     1210     1080     1600     1650     1300     1700     1380   
                                           T        V       H0       H01     AOSYM     SMH    MOLCAS    ERIS     OPER     JKOP   

              2       9       81.47       200      700     1000      520     2100     2101     2102     2103     2104   
                                        OPTIONS   GEOM     BASIS   MCVARS     RHF      RHF      RHF      RHF      RHF  

 PROGRAMS   *        TOTAL       MP4        HF       INT       MP4        HF       INT       MP4        HF       INT       MP4
 CPU TIMES  *     42711.24   7406.57   1972.78      0.39   1454.14   1971.07      0.38   1453.78   1974.16      0.39   1454.56
 REAL TIME  *     60240.46 SEC
 DISK USED  *       250.40 GB      
 **********************************************************************************************************************************
 SETTING EMP4_AB        =      -116.81507008  AU                              
 SETTING EMP4_CORR_AB   =        -0.53629910  AU                              

 Running procedure=SET_DIMERAC

 Dummy atoms: O1  H5  H6


 Recomputing one-electron integrals since nuclear charges changed


 PROGRAM * SEWARD (Integral evaluation for generally contracted gaussian basis sets)     Author: Roland Lindh, 1990

 Geometry written to block  1 of record 700


 Point group  C1  



 ATOMIC COORDINATES

 NR  ATOM    CHARGE       X              Y              Z

   1  C1      6.00   -6.193010455    2.801518980    2.403542658
   2  H1      1.00   -4.656285171    1.699997622    3.119937832
   3  H2      1.00   -5.973046335    4.726205038    2.982932688
   4  H3      1.00   -7.940251230    2.077186956    3.118237078
   5  H4      1.00   -6.176569838    2.685300823    0.384937212
   6  O1      0.00   -7.075890501    0.749465381   -4.723937366
   7  H5      0.00   -8.725621408    0.873242442   -3.820459306
   8  H6      0.00   -7.500134016    0.238294464   -6.423179097
   9  O2      8.00   -1.010247586    7.876000542    2.916036383
  10  H7      1.00   -0.819574220    6.648056506    4.275505357
  11  H8      1.00   -0.644963526    6.932271315    1.370429386

 Bond lengths in Bohr (Angstrom)

 1-2  2.021904040  1-3  2.022002335  1-4  2.021953343  1-5  2.022015060  6-7  1.884994809
     ( 1.069945541)     ( 1.069997556)     ( 1.069971630)     ( 1.070004290)     ( 0.997496296)

  6- 8  1.824472726   9-10  1.841835709   9-11  1.847419359
       ( 0.965469388)       ( 0.974657483)       ( 0.977612224)

 Bond angles

  2-1-3  109.53398059   2-1-4  109.65604535   2-1-5  108.43490854   3-1-4  109.49436728

  3- 1- 5  109.86987750   4- 1- 5  109.83468330   7- 6- 8  105.14667399  10- 9-11  104.86126985

 NUCLEAR CHARGE:                   20
 NUMBER OF PRIMITIVE AOS:         810
 NUMBER OF SYMMETRY AOS:          663
 NUMBER OF CONTRACTIONS:          608   ( 608A   )
 NUMBER OF CORE ORBITALS:           2   (   2A   )
 NUMBER OF VALENCE ORBITALS:       14   (  14A   )

 MOLECULE CHANGED: INITIALIZING OCCUPATION AND DUMP RECORDS


 NUCLEAR REPULSION ENERGY   36.57703656


 Eigenvalues of metric

         1 0.112E-04 0.156E-04 0.242E-04 0.283E-04 0.563E-04 0.606E-04 0.686E-04 0.715E-04


 Contracted 2-electron integrals neglected if value below      1.0D-19

 OPERATOR DM      FOR CENTER  0  COORDINATES:    0.000000    0.000000    0.000000


 **********************************************************************************************************************************
 DATASETS  * FILE   NREC   LENGTH (MB)   RECORD NAMES
              1      19    86702.52       500      610      700      900      950      970     1000      129      960     1100   
                                          VAR    BASINP    GEOM    SYMINP    ZMAT    AOBASIS   BASIS     P2S    ABASIS      S 
                                         1400     1410     1200     1210     1080     1600     1650     1300     1700   
                                           T        V       H0       H01     AOSYM     SMH    MOLCAS    ERIS     OPER   

              2       9       81.47       200      700     1000      520     2100     2101     2102     2103     2104   
                                        OPTIONS   GEOM     BASIS   MCVARS     RHF      RHF      RHF      RHF      RHF  

 PROGRAMS   *        TOTAL       INT       MP4        HF       INT       MP4        HF       INT       MP4        HF       INT
 CPU TIMES  *     42711.63      0.38   7406.57   1972.78      0.39   1454.14   1971.07      0.38   1453.78   1974.16      0.39
 REAL TIME  *     60242.68 SEC
 DISK USED  *       250.40 GB      
 **********************************************************************************************************************************


 PROGRAM * RHF-SCF (CLOSED SHELL)       Authors: W. Meyer, H.-J. Werner


 NUMBER OF ELECTRONS:      10+   10-    SPACE SYMMETRY=1    SPIN SYMMETRY: Singlet 
 CONVERGENCE THRESHOLDS:    1.00E-08 (Density)    1.00E-09 (Energy)
 MAX. NUMBER OF ITERATIONS:       60
 INTERPOLATION TYPE:            DIIS
 INTERPOLATION STEPS:              2 (START)      1 (STEP)
 LEVEL SHIFTS:                  0.00 (CLOSED)  0.00 (OPEN) 



 Orbital guess generated from atomic densities. Full valence occupancy:   16

 Molecular orbital dump at record        2105.2

 Initial occupancy:  10

 ITERATION    DDIFF          GRAD             ENERGY        2-EL.EN.            DIPOLE MOMENTS         DIIS   ORB.
    1      0.000D+00      0.000D+00      -116.22189678    158.567718    0.29095   -1.11219   -0.09784    0    start
    2      0.000D+00      0.319D-02      -116.26577226    153.751998    0.13502   -0.62373   -0.05739    1    diag
    3      0.196D-02      0.186D-02      -116.27914742    155.762391    0.17592   -0.74514   -0.06685    2    diag
    4      0.679D-03      0.278D-03      -116.27980148    155.650288    0.17412   -0.73349   -0.06526    3    diag
    5      0.146D-03      0.813D-04      -116.27986990    155.644669    0.17344   -0.73263   -0.06497    4    diag
    6      0.597D-04      0.198D-04      -116.27987374    155.650375    0.17311   -0.73175   -0.06480    5    diag
    7      0.164D-04      0.399D-05      -116.27987397    155.648682    0.17309   -0.73174   -0.06477    6    diag
    8      0.494D-05      0.101D-05      -116.27987399    155.648853    0.17306   -0.73167   -0.06476    7    diag
    9      0.109D-05      0.233D-06      -116.27987399    155.648826    0.17305   -0.73165   -0.06476    8    diag
   10      0.304D-06      0.276D-07      -116.27987399    155.648828    0.17305   -0.73165   -0.06476    9    orth
   11      0.338D-07      0.655D-08      -116.27987399    155.648829    0.17305   -0.73165   -0.06476    9    diag
   12      0.638D-08      0.172D-08      -116.27987399    155.648829    0.17305   -0.73165   -0.06476    0    orth

 Final occupancy:  10

 !RHF STATE 1.1 Energy               -116.279873993781
 Nuclear energy                        36.57703656
 One-electron energy                 -230.68132529
 Two-electron energy                   77.82441474
 Virial quotient                       -1.00063886
 !RHF STATE 1.1 Dipole moment           0.17305236    -0.73165084    -0.06475560
 Dipole moment /Debye                   0.43982642    -1.85954915    -0.16458154

 Orbital energies:

         1.1          2.1          3.1          4.1          5.1          6.1          7.1          8.1          9.1         10.1
    -20.567225   -11.198493    -1.342707    -0.953390    -0.707829    -0.580556    -0.554622    -0.552643    -0.551064    -0.507720

        11.1         12.1
      0.019966     0.032109

 HOMO     10.1    -0.507720 =     -13.8158eV
 LUMO     11.1     0.019966 =       0.5433eV
 LUMO-HOMO         0.527686 =      14.3591eV


 **********************************************************************************************************************************
 DATASETS  * FILE   NREC   LENGTH (MB)   RECORD NAMES
              1      19    86702.52       500      610      700      900      950      970     1000      129      960     1100   
                                          VAR    BASINP    GEOM    SYMINP    ZMAT    AOBASIS   BASIS     P2S    ABASIS      S 
                                         1400     1410     1200     1210     1080     1600     1650     1300     1700   
                                           T        V       H0       H01     AOSYM     SMH    MOLCAS    ERIS     OPER   

              2      10       98.78       200      700     1000      520     2100     2101     2102     2103     2104     2105   
                                        OPTIONS   GEOM     BASIS   MCVARS     RHF      RHF      RHF      RHF      RHF      RHF  

 PROGRAMS   *        TOTAL        HF       INT       MP4        HF       INT       MP4        HF       INT       MP4        HF
 CPU TIMES  *     44682.84   1971.21      0.38   7406.57   1972.78      0.39   1454.14   1971.07      0.38   1453.78   1974.16
 REAL TIME  *     63290.44 SEC
 DISK USED  *       250.40 GB      
 **********************************************************************************************************************************
 SETTING ESCF_AC        =      -116.27987399  AU                              


 PROGRAM * MP4 (Closed-shell)     Authors: C. Hampel, H.-J. Werner, 1991, M. Deegan, P.J. Knowles, 1992


 Convergence thresholds:  THRVAR = 1.00D-08  THRDEN = 1.00D-08

 MP4(T)     terms to be evaluated (factor= 0.000)


 Number of core orbitals:           2 (   2 )
 Number of closed-shell orbitals:   8 (   8 )
 Number of external orbitals:     598 ( 598 )

 Molecular orbitals read from record     2105.2  Type=RHF/CANONICAL (state 1.1)

 Number of N-1 electron functions:               8
 Number of N-2 electron functions:              36
 Number of singly external CSFs:              4784
 Number of doubly external CSFs:          11445720
 Total number of CSFs:                    11450505

 Length of J-op  integral file:               0.00 MB
 Length of K-op  integral file:              25.46 MB

 Memory could be reduced to 2279.54 Mwords without degradation in triples

 Integral transformation finished. Total CPU: 625.37 sec, npass=  1  Memory used:1043.48 MW

 Reference energy:                   -116.27987399

                        CORR.ENERGY   TOTAL ENERGY   ENERGY CHANGE
 MP2:                   -0.49902803  -116.77890202    -0.49902803

 SCS-MP2 correlation energy:           -0.50734545   (PS=  1.200000  PT=  0.333333)
 SCS-MP2 total energy:               -116.78721945

 MP3(D):                -0.51505920  -116.79493319    -0.01603117
 MP4(DQ):               -0.51568893  -116.79556293    -0.00062973
 MP4(SDQ):              -0.51870159  -116.79857559    -0.00301266

 Norm of t1 vector:      0.04238945      S-energy:    -0.00301266      T1 diagnostic:  0.00749347

 Total CPU time for triples:   6376.72 sec


 RESULTS
 =======

  Reference energy                   -116.279873993780
  MP4(SDQ) singlet pair energy         -0.366342701162
  MP4(SDQ) triplet pair energy         -0.149346231653
  MP4(SDQ) correlation energy          -0.518701592557

  Triples contribution                 -0.017276358450
  Total correlation energy             -0.535977951007

  MP4(SDQ) total energy              -116.798575586337
 !MP4(SDTQ) total energy             -116.815851944787

 Timing summary (sec):

 STEP                 CPU(USER)    SYS     CPU(TOT)    WALL
 Transformation        627.55    102.20    729.75    812.34
 CCSD iterations       403.19     72.84    476.03    504.81
 Triples              6376.72    175.90   6552.62   6664.55

 Program statistics:

 Available memory in ccsd:             13999999644
 Min. memory needed in ccsd:              33339481
 Max. memory used in ccsd:                43277361
 Max. memory used in cckext:              29398049 ( 1 integral passes)



 **********************************************************************************************************************************
 DATASETS  * FILE   NREC   LENGTH (MB)   RECORD NAMES
              1      20    93722.96       500      610      700      900      950      970     1000      129      960     1100   
                                          VAR    BASINP    GEOM    SYMINP    ZMAT    AOBASIS   BASIS     P2S    ABASIS      S 
                                         1400     1410     1200     1210     1080     1600     1650     1300     1700     1380   
                                           T        V       H0       H01     AOSYM     SMH    MOLCAS    ERIS     OPER     JKOP   

              2      10       98.78       200      700     1000      520     2100     2101     2102     2103     2104     2105   
                                        OPTIONS   GEOM     BASIS   MCVARS     RHF      RHF      RHF      RHF      RHF      RHF  

 PROGRAMS   *        TOTAL       MP4        HF       INT       MP4        HF       INT       MP4        HF       INT       MP4
 CPU TIMES  *     52090.33   7407.49   1971.21      0.38   7406.57   1972.78      0.39   1454.14   1971.07      0.38   1453.78
 REAL TIME  *     71272.44 SEC
 DISK USED  *       250.40 GB      
 **********************************************************************************************************************************
 SETTING EMP4_AC        =      -116.81585194  AU                              
 SETTING EMP4_CORR_AC   =        -0.53597795  AU                              

 Running procedure=SET_DIMERBC

 Dummy atoms: C1  H1  H2  H3  H4


 Recomputing one-electron integrals since nuclear charges changed


 PROGRAM * SEWARD (Integral evaluation for generally contracted gaussian basis sets)     Author: Roland Lindh, 1990

 Geometry written to block  1 of record 700


 Point group  C1  



 ATOMIC COORDINATES

 NR  ATOM    CHARGE       X              Y              Z

   1  C1      0.00   -6.193010455    2.801518980    2.403542658
   2  H1      0.00   -4.656285171    1.699997622    3.119937832
   3  H2      0.00   -5.973046335    4.726205038    2.982932688
   4  H3      0.00   -7.940251230    2.077186956    3.118237078
   5  H4      0.00   -6.176569838    2.685300823    0.384937212
   6  O1      8.00   -7.075890501    0.749465381   -4.723937366
   7  H5      1.00   -8.725621408    0.873242442   -3.820459306
   8  H6      1.00   -7.500134016    0.238294464   -6.423179097
   9  O2      8.00   -1.010247586    7.876000542    2.916036383
  10  H7      1.00   -0.819574220    6.648056506    4.275505357
  11  H8      1.00   -0.644963526    6.932271315    1.370429386

 Bond lengths in Bohr (Angstrom)

 1-2  2.021904040  1-3  2.022002335  1-4  2.021953343  1-5  2.022015060  6-7  1.884994809
     ( 1.069945541)     ( 1.069997556)     ( 1.069971630)     ( 1.070004290)     ( 0.997496296)

  6- 8  1.824472726   9-10  1.841835709   9-11  1.847419359
       ( 0.965469388)       ( 0.974657483)       ( 0.977612224)

 Bond angles

  2-1-3  109.53398059   2-1-4  109.65604535   2-1-5  108.43490854   3-1-4  109.49436728

  3- 1- 5  109.86987750   4- 1- 5  109.83468330   7- 6- 8  105.14667399  10- 9-11  104.86126985

 NUCLEAR CHARGE:                   20
 NUMBER OF PRIMITIVE AOS:         810
 NUMBER OF SYMMETRY AOS:          663
 NUMBER OF CONTRACTIONS:          608   ( 608A   )
 NUMBER OF CORE ORBITALS:           2   (   2A   )
 NUMBER OF VALENCE ORBITALS:       12   (  12A   )

 MOLECULE CHANGED: INITIALIZING OCCUPATION AND DUMP RECORDS


 NUCLEAR REPULSION ENERGY   26.21211433


 Eigenvalues of metric

         1 0.112E-04 0.156E-04 0.242E-04 0.283E-04 0.563E-04 0.606E-04 0.686E-04 0.715E-04


 Contracted 2-electron integrals neglected if value below      1.0D-19

 OPERATOR DM      FOR CENTER  0  COORDINATES:    0.000000    0.000000    0.000000


 **********************************************************************************************************************************
 DATASETS  * FILE   NREC   LENGTH (MB)   RECORD NAMES
              1      19    86702.52       500      610      700      900      950      970     1000      129      960     1100   
                                          VAR    BASINP    GEOM    SYMINP    ZMAT    AOBASIS   BASIS     P2S    ABASIS      S 
                                         1400     1410     1200     1210     1080     1600     1650     1300     1700   
                                           T        V       H0       H01     AOSYM     SMH    MOLCAS    ERIS     OPER   

              2      10       98.78       200      700     1000      520     2100     2101     2102     2103     2104     2105   
                                        OPTIONS   GEOM     BASIS   MCVARS     RHF      RHF      RHF      RHF      RHF      RHF  

 PROGRAMS   *        TOTAL       INT       MP4        HF       INT       MP4        HF       INT       MP4        HF       INT
 CPU TIMES  *     52090.72      0.38   7407.49   1971.21      0.38   7406.57   1972.78      0.39   1454.14   1971.07      0.38
 REAL TIME  *     71274.78 SEC
 DISK USED  *       250.40 GB      
 **********************************************************************************************************************************


 PROGRAM * RHF-SCF (CLOSED SHELL)       Authors: W. Meyer, H.-J. Werner


 NUMBER OF ELECTRONS:      10+   10-    SPACE SYMMETRY=1    SPIN SYMMETRY: Singlet 
 CONVERGENCE THRESHOLDS:    1.00E-08 (Density)    1.00E-09 (Energy)
 MAX. NUMBER OF ITERATIONS:       60
 INTERPOLATION TYPE:            DIIS
 INTERPOLATION STEPS:              2 (START)      1 (STEP)
 LEVEL SHIFTS:                  0.00 (CLOSED)  0.00 (OPEN) 



 Orbital guess generated from atomic densities. Full valence occupancy:   14

 Molecular orbital dump at record        2106.2

 Initial occupancy:  10

 ITERATION    DDIFF          GRAD             ENERGY        2-EL.EN.            DIPOLE MOMENTS         DIIS   ORB.
    1      0.000D+00      0.000D+00      -152.05043783    171.308368   -0.78327   -1.30842   -0.49485    0    start
    2      0.000D+00      0.396D-02      -152.10380986    163.990010   -0.45560   -0.76794   -0.30514    1    diag
    3      0.226D-02      0.252D-02      -152.12680577    167.231386   -0.53647   -0.90264   -0.35361    2    diag
    4      0.858D-03      0.236D-03      -152.12719427    167.049239   -0.53193   -0.89782   -0.35287    3    diag
    5      0.108D-03      0.661D-04      -152.12723630    167.077849   -0.53051   -0.89592   -0.35283    4    diag
    6      0.350D-04      0.133D-04      -152.12723902    167.075778   -0.52995   -0.89566   -0.35284    5    diag
    7      0.920D-05      0.316D-05      -152.12723915    167.075993   -0.52998   -0.89546   -0.35287    6    diag
    8      0.237D-05      0.156D-05      -152.12723917    167.076044   -0.52987   -0.89546   -0.35285    7    diag
    9      0.839D-06      0.287D-06      -152.12723917    167.076014   -0.52986   -0.89544   -0.35285    8    diag
   10      0.244D-06      0.370D-07      -152.12723917    167.076008   -0.52986   -0.89543   -0.35285    9    orth
   11      0.331D-07      0.932D-08      -152.12723917    167.076011   -0.52986   -0.89543   -0.35285    9    diag
   12      0.883D-08      0.195D-08      -152.12723917    167.076010   -0.52986   -0.89543   -0.35285    0    orth

 Final occupancy:  10

 !RHF STATE 1.1 Energy               -152.127239173309
 Nuclear energy                        26.21211433
 One-electron energy                 -261.87735864
 Two-electron energy                   83.53800513
 Virial quotient                       -1.00200523
 !RHF STATE 1.1 Dipole moment          -0.52985727    -0.89543390    -0.35284513
 Dipole moment /Debye                  -1.34667464    -2.27581690    -0.89678413

 Orbital energies:

         1.1          2.1          3.1          4.1          5.1          6.1          7.1          8.1          9.1         10.1
    -20.570805   -20.563400    -1.342750    -1.338645    -0.708230    -0.703787    -0.581478    -0.576392    -0.510682    -0.504505

        11.1         12.1
      0.017920     0.030153

 HOMO     10.1    -0.504505 =     -13.7283eV
 LUMO     11.1     0.017920 =       0.4876eV
 LUMO-HOMO         0.522425 =      14.2159eV


 **********************************************************************************************************************************
 DATASETS  * FILE   NREC   LENGTH (MB)   RECORD NAMES
              1      19    86702.52       500      610      700      900      950      970     1000      129      960     1100   
                                          VAR    BASINP    GEOM    SYMINP    ZMAT    AOBASIS   BASIS     P2S    ABASIS      S 
                                         1400     1410     1200     1210     1080     1600     1650     1300     1700   
                                           T        V       H0       H01     AOSYM     SMH    MOLCAS    ERIS     OPER   

              2      11      116.08       200      700     1000      520     2100     2101     2102     2103     2104     2105   
                                        OPTIONS   GEOM     BASIS   MCVARS     RHF      RHF      RHF      RHF      RHF      RHF  
                                         2106   
                                          RHF  

 PROGRAMS   *        TOTAL        HF       INT       MP4        HF       INT       MP4        HF       INT       MP4        HF
 CPU TIMES  *     54060.03   1969.31      0.38   7407.49   1971.21      0.38   7406.57   1972.78      0.39   1454.14   1971.07
 REAL TIME  *     74779.32 SEC
 DISK USED  *       250.40 GB      
 **********************************************************************************************************************************
 SETTING ESCF_BC        =      -152.12723917  AU                              


 PROGRAM * MP4 (Closed-shell)     Authors: C. Hampel, H.-J. Werner, 1991, M. Deegan, P.J. Knowles, 1992


 Convergence thresholds:  THRVAR = 1.00D-08  THRDEN = 1.00D-08

 MP4(T)     terms to be evaluated (factor= 0.000)


 Number of core orbitals:           2 (   2 )
 Number of closed-shell orbitals:   8 (   8 )
 Number of external orbitals:     598 ( 598 )

 Molecular orbitals read from record     2106.2  Type=RHF/CANONICAL (state 1.1)

 Number of N-1 electron functions:               8
 Number of N-2 electron functions:              36
 Number of singly external CSFs:              4784
 Number of doubly external CSFs:          11445720
 Total number of CSFs:                    11450505

 Length of J-op  integral file:               0.00 MB
 Length of K-op  integral file:              25.46 MB

 Memory could be reduced to 2279.54 Mwords without degradation in triples

 Integral transformation finished. Total CPU: 624.93 sec, npass=  1  Memory used:1043.48 MW

 Reference energy:                   -152.12723917

                        CORR.ENERGY   TOTAL ENERGY   ENERGY CHANGE
 MP2:                   -0.57513375  -152.70237292    -0.57513375

 SCS-MP2 correlation energy:           -0.57301215   (PS=  1.200000  PT=  0.333333)
 SCS-MP2 total energy:               -152.70025133

 MP3(D):                -0.57583234  -152.70307151    -0.00069859
 MP4(DQ):               -0.57634304  -152.70358222    -0.00051071
 MP4(SDQ):              -0.58020585  -152.70744502    -0.00386281

 Norm of t1 vector:      0.04672146      S-energy:    -0.00386281      T1 diagnostic:  0.00825927

 Total CPU time for triples:   6375.93 sec


 RESULTS
 =======

  Reference energy                   -152.127239173312
  MP4(SDQ) singlet pair energy         -0.390466382540
  MP4(SDQ) triplet pair energy         -0.185876659869
  MP4(SDQ) correlation energy          -0.580205850518

  Triples contribution                 -0.021434008992
  Total correlation energy             -0.601639859510

  MP4(SDQ) total energy              -152.707445023830
 !MP4(SDTQ) total energy             -152.728879032822

 Timing summary (sec):

 STEP                 CPU(USER)    SYS     CPU(TOT)    WALL
 Transformation        627.13    102.67    729.80    876.64
 CCSD iterations       403.18     73.99    477.17    563.86
 Triples              6375.93    170.04   6545.97   6642.18

 Program statistics:

 Available memory in ccsd:             13999999644
 Min. memory needed in ccsd:              33339481
 Max. memory used in ccsd:                43277361
 Max. memory used in cckext:              29398049 ( 1 integral passes)



 **********************************************************************************************************************************
 DATASETS  * FILE   NREC   LENGTH (MB)   RECORD NAMES
              1      20    93722.96       500      610      700      900      950      970     1000      129      960     1100   
                                          VAR    BASINP    GEOM    SYMINP    ZMAT    AOBASIS   BASIS     P2S    ABASIS      S 
                                         1400     1410     1200     1210     1080     1600     1650     1300     1700     1380   
                                           T        V       H0       H01     AOSYM     SMH    MOLCAS    ERIS     OPER     JKOP   

              2      11      116.08       200      700     1000      520     2100     2101     2102     2103     2104     2105   
                                        OPTIONS   GEOM     BASIS   MCVARS     RHF      RHF      RHF      RHF      RHF      RHF  
                                         2106   
                                          RHF  

 PROGRAMS   *        TOTAL       MP4        HF       INT       MP4        HF       INT       MP4        HF       INT       MP4
 CPU TIMES  *     61466.30   7406.27   1969.31      0.38   7407.49   1971.21      0.38   7406.57   1972.78      0.39   1454.14
 REAL TIME  *     82862.27 SEC
 DISK USED  *       250.40 GB      
 **********************************************************************************************************************************
 SETTING EMP4_BC        =      -152.72887903  AU                              
 SETTING EMP4_CORR_BC   =        -0.60163986  AU                              
 SETTING E_INT_ABC      =        -0.00186380  AU                              
 SETTING E_INT_AB       =        -0.00077851  AU                              
 SETTING E_INT_AC       =        -0.00073028  AU                              
 SETTING E_INT_BC       =        -0.00039404  AU                              
 SETTING E_ADD          =        -0.00190283  AU                              
 SETTING E_NONADD_MP4   =     3.90248140D-05  AU                              
 SETTING E_INT_ABC_CORR =        -0.00153161  AU                              
 SETTING E_INT_AB_CORR  =        -0.00074168  AU                              
 SETTING E_INT_AC_CORR  =        -0.00082973  AU                              
 SETTING E_INT_BC_CORR  =     4.51949713D-05  AU                              
 SETTING E_INT_ABC_CORR_ADD              =      -0.00152621  AU                              
 SETTING E_INT_ABC_CORR_NONADD           =  -5.39738104D-06  AU                              
 SETTING E_INT_ABC_HF   =        -0.00033219  AU                              
 SETTING E_INT_AB_HF    =    -3.68347721D-05  AU                              
 SETTING E_INT_AC_HF    =     9.94490938D-05  AU                              
 SETTING E_INT_BC_HF    =        -0.00043923  AU                              
 SETTING E_INT_ABC_HF_ADD                =      -0.00037662  AU                              
 SETTING E_INT_ABC_HF_NONADD             =   4.44221951D-05  AU                              

 *** results in millihartree
 E_INT_ABC        =        -0.00186380 AU
 E_INT_AB         =        -0.00077851 AU
 E_INT_AC         =        -0.00073028 AU
 E_INT_BC         =        -0.00039404 AU
 E_ADD            =        -0.00190283 AU
 E_NONADD_MP4     =         0.00003902 AU
 E_INT_ABC_CORR   =        -0.00153161 AU
 E_INT_AB_CORR    =        -0.00074168 AU
 E_INT_AC_CORR    =        -0.00082973 AU
 E_INT_BC_CORR    =         0.00004519 AU
 E_INT_ABC_CORR_ADD       =        -0.00152621 AU
 E_INT_ABC_CORR_NONADD    =        -0.00000540 AU
 E_INT_ABC_HF     =        -0.00033219 AU
 E_INT_AB_HF      =        -0.00003683 AU
 E_INT_AC_HF      =         0.00009945 AU
 E_INT_BC_HF      =        -0.00043923 AU
 E_INT_ABC_HF_ADD =        -0.00037662 AU
 E_INT_ABC_HF_NONADD      =         0.00004442 AU

 MP4/aug-cc-pVQZ energy=   -152.728879032822

        MP4             HF-SCF          MP4             HF-SCF          MP4             HF-SCF          MP4             HF-SCF  
   -152.72887903   -152.12723917   -116.81585194   -116.27987399   -116.81507008   -116.27877097    -76.36465755    -76.06401962
 **********************************************************************************************************************************
 Molpro calculation terminated
 Variable memory released
