
 Primary working directories    : /net/scratch/people/plgsirous
 Secondary working directories  : /net/scratch/people/plgsirous
 Wavefunction directory         : /net/people/plgsirous/wfu/
 Main file repository           : /net/scratch/people/plgsirous/

 SHA1      : 
 NAME      : 
 ARCHNAME  : linux/x86_64
 FC        : /net/software/local/intel/impi/2018.1.163/bin64/mpiifort
 BLASLIB   : -L/net/software/local/intel/compilers_and_libraries_2018.1.163/linux/mkl/lib/intel64 -lmkl_scalapack_ilp64 -lmkl_intel_ilp64 -lmkl_intel_thread -lmkl_core -lmkl_blacs_intelmpi_ilp64 -liomp5 -lpthread -lm -ldl
 id        : pl

 Nodes     nprocs
 p1569        1

 Using customized tuning parameters: mindgm=7; mindgv=20; mindgc=1; mindgr=1; noblas=0; minvec=7
 default implementation of scratch files=df  

 ***,MP4SD(T)
 memory,14000,m
 gthresh,orbital=1d-8,energy=1d-8,twoint=1.d-19
 angstrom
 geometry={
 C1        -3.2772    1.4825     1.2719
 H1        -2.4640    0.8996     1.6510
 H2        -3.1608    2.5010     1.5785
 H3        -4.2018    1.0992     1.6501
 H4        -3.2685    1.4210     0.2037
 O1        -6.5618    3.0044     2.4378
 H5        -6.4278    2.0811     2.7596
 H6        -5.8760    3.5424     2.8824
 O2        -3.7444    0.3966     -2.4998
 H7        -4.6174    0.4621     -2.0217
 H8        -3.9689    0.1261     -3.3990
   }
 
 nkerna=1
 nkernb=1
 nkernc=1
 nkernab=$nkerna+$nkernb
 nkernac=$nkerna+$nkernc
 nkernbc=$nkernb+$nkernc
 nkernabc=$nkerna+$nkernb+$nkernc
 
 proc set_monomera
 core,$nkerna
 dummy,6,7,8,9,10,11;
 endproc
 
 proc set_monomerb
 core,$nkernb
 dummy,1,2,3,4,5,9,10,11;
 endproc
 
 proc set_monomerc
 core,$nkernc
 dummy,1,2,3,4,5,6,7,8;
 endproc
 
 proc set_dimerab
 core,$nkerna+$nkernb
 dummy,9,10,11;
 endproc
 
 proc set_dimerac
 core,$nkerna+$nkernc
 dummy,6,7,8;
 endproc
 
 proc set_dimerbc
 core,$nkernb+$nkernc
 dummy,1,2,3,4,5;
 endproc
 
 proc set_trimerabc
 core,$nkerna+$nkernb+$nkernc
 endproc
 
 basis=avqz
 
 set_trimerabc
 hf
 Escf_ABC=energy
 mp4
 Emp4_ABC=energy
 Emp4_corr_ABC=(Emp4_ABC)-(Escf_ABC)
 
 set_monomera
 {hf
 start,atden}
 Escf_A=energy
 mp4
 Emp4_A=energy
 Emp4_corr_A=(Emp4_A)-(Escf_A)
 
 set_monomerb
 {hf
 start,atden}
 Escf_B=energy
 mp4
 Emp4_B=energy
 Emp4_corr_B=(Emp4_B)-(Escf_B)
 
 set_monomerc
 {hf
 start,atden}
 Escf_C=energy
 mp4
 Emp4_C=energy
 Emp4_corr_C=(Emp4_C)-(Escf_C)
 
 set_dimerab
 {hf
 start,atden}
 Escf_AB=energy
 mp4
 Emp4_AB=energy
 Emp4_corr_AB=(Emp4_AB)-(Escf_AB)
 
 set_dimerac
 {hf
 start,atden}
 Escf_AC=energy
 mp4
 Emp4_AC=energy
 Emp4_corr_AC=(Emp4_AC)-(Escf_AC)
 
 set_dimerbc
 {hf
 start,atden}
 Escf_BC=energy
 mp4
 Emp4_BC=energy
 Emp4_corr_BC=(Emp4_BC)-(Escf_BC)
 
 E_int_ABC=Emp4_ABC-(Emp4_A+Emp4_B+Emp4_C)
 E_int_AB=Emp4_AB-(Emp4_A+Emp4_B)
 E_int_AC=Emp4_AC-(Emp4_A+Emp4_C)
 E_int_BC=Emp4_BC-(Emp4_B+Emp4_C)
 E_add=E_int_AB+E_int_AC+E_int_BC
 E_nonadd_MP4=E_int_ABC-(E_int_AB+E_int_AC+E_int_BC)
                                                                                 !!!!!Correlation part of interaction energy!!!!!!
 E_int_ABC_corr=Emp4_corr_ABC-(Emp4_corr_A+Emp4_corr_B+Emp4_corr_C)
 E_int_AB_corr=Emp4_corr_AB-(Emp4_corr_A+Emp4_corr_B)
 E_int_AC_corr=Emp4_corr_AC-(Emp4_corr_A+Emp4_corr_C)
 E_int_BC_corr=Emp4_corr_BC-(Emp4_corr_B+Emp4_corr_C)
 E_int_ABC_corr_add=E_int_AB_corr+E_int_AC_corr+E_int_BC_corr
 E_int_ABC_corr_nonadd=E_int_ABC_corr-E_int_ABC_corr_add
                                                                                 !!!!HF part of interaction energy!!!!
 E_int_ABC_HF=E_int_ABC-E_int_ABC_corr
 E_int_AB_HF=E_int_AB-E_int_AB_corr
 E_int_AC_HF=E_int_AC-E_int_AC_corr
 E_int_BC_HF=E_int_BC-E_int_BC_corr
 E_int_ABC_HF_add=E_int_AB_HF+E_int_AC_HF+E_int_BC_HF
 E_int_ABC_HF_nonadd=E_int_ABC_HF-E_int_ABC_HF_add
 
 text,results in millihartree
                                                                                 !!!!Interacion Energies!!!!!!
 show,E_int_ABC,E_int_AB,E_int_AC,E_int_BC,E_add,E_nonadd_MP4
                                                                                 !!!!Correlation Part!!!!!!!!
 show,E_int_ABC_corr,E_int_AB_corr,E_int_AC_corr,E_int_BC_corr,E_int_ABC_corr_add,E_int_ABC_corr_nonadd
                                                                                 !!!!SCF Part!!!!!
 show,E_int_ABC_HF,E_int_AB_HF,E_int_AC_HF,E_int_BC_HF,E_int_ABC_HF_add,E_int_ABC_HF_nonadd

 Variables initialized (889), CPU time= 0.00 sec
 Commands  initialized (702), CPU time= 0.01 sec, 572 directives.
 Default parameters read. Elapsed time= 0.11 sec

 Checking input...
 Passed
1


                                         ***  PROGRAM SYSTEM MOLPRO  ***
                                       Copyright, TTI GmbH Stuttgart, 2015
                                    Version 2015.1 linked Jul  2 2018 15:03:07


 **********************************************************************************************************************************
 LABEL *   MP4SD(T)                                                                      
  64 bit serial version                                                                  DATE: 04-Dec-18          TIME: 12:36:38  
 **********************************************************************************************************************************

 SHA1:             
 **********************************************************************************************************************************

 THRESHOLDS:

 ZERO    =  1.00D-12  ONEINT  =  1.00D-12  TWOINT  =  1.00D-19  PREFAC  =  1.00D-14  LOCALI  =  1.00D-09  EORDER  =  1.00D-04
 ENERGY  =  1.00D-08  ETEST   =  0.00D+00  EDENS   =  0.00D+00  THRDEDEF=  1.00D-06  GRADIENT=  1.00D-02  STEP    =  1.00D-03
 ORBITAL =  1.00D-08  CIVEC   =  1.00D-05  COEFF   =  1.00D-04  PRINTCI =  5.00D-02  PUNCHCI =  9.90D+01  OPTGRAD =  3.00D-04
 OPTENERG=  1.00D-06  OPTSTEP =  3.00D-04  THRGRAD =  1.00D-10  COMPRESS=  1.00D-11  VARMIN  =  1.00D-07  VARMAX  =  1.00D-03
 THRDOUB =  0.00D+00  THRDIV  =  1.00D-05  THRRED  =  1.00D-07  THRPSP  =  1.00D+00  THRDC   =  1.00D-10  THRCS   =  1.00D-10
 THRNRM  =  1.00D-08  THREQ   =  0.00D+00  THRDE   =  1.00D+00  THRREF  =  1.00D-05  SPARFAC =  1.00D+00  THRDLP  =  1.00D-07
 THRDIA  =  1.00D-10  THRDLS  =  1.00D-07  THRGPS  =  0.00D+00  THRKEX  =  0.00D+00  THRDIS  =  2.00D-01  THRVAR  =  1.00D-10
 THRLOC  =  1.00D-06  THRGAP  =  1.00D-06  THRLOCT = -1.00D+00  THRGAPT = -1.00D+00  THRORB  =  1.00D-06  THRMLTP =  0.00D+00
 THRCPQCI=  1.00D-10  KEXTA   =  0.00D+00  THRCOARS=  0.00D+00  SYMTOL  =  1.00D-06  GRADTOL =  1.00D-06  THROVL  =  1.00D-08
 THRORTH =  1.00D-08  GRID    =  1.00D-06  GRIDMAX =  1.00D-03  DTMAX   =  0.00D+00  THROCCDE=  1.00D-01  THROCCDE=  1.00D-01


 ZUNIT=ANG
 

Geometry recognized as XYZ

 SETTING NKERNA         =         1.00000000                                  
 SETTING NKERNB         =         1.00000000                                  
 SETTING NKERNC         =         1.00000000                                  
 SETTING NKERNAB        =         2.00000000                                  
 SETTING NKERNAC        =         2.00000000                                  
 SETTING NKERNBC        =         2.00000000                                  
 SETTING NKERNABC       =         3.00000000                                  

 Variable memory set to ********** words,  buffer space   230000 words

 SETTING BASIS          =    AVQZ

 Running procedure=SET_TRIMERABC


 Recomputing integrals since basis changed


 Using spherical harmonics

 Library entry C      S aug-cc-pVQZ          selected for orbital group  1
 Library entry C      P aug-cc-pVQZ          selected for orbital group  1
 Library entry C      D aug-cc-pVQZ          selected for orbital group  1
 Library entry C      F aug-cc-pVQZ          selected for orbital group  1
 Library entry C      G aug-cc-pVQZ          selected for orbital group  1
 Library entry H      S aug-cc-pVQZ          selected for orbital group  2
 Library entry H      P aug-cc-pVQZ          selected for orbital group  2
 Library entry H      D aug-cc-pVQZ          selected for orbital group  2
 Library entry H      F aug-cc-pVQZ          selected for orbital group  2
 Library entry O      S aug-cc-pVQZ          selected for orbital group  3
 Library entry O      P aug-cc-pVQZ          selected for orbital group  3
 Library entry O      D aug-cc-pVQZ          selected for orbital group  3
 Library entry O      F aug-cc-pVQZ          selected for orbital group  3
 Library entry O      G aug-cc-pVQZ          selected for orbital group  3


 PROGRAM * SEWARD (Integral evaluation for generally contracted gaussian basis sets)     Author: Roland Lindh, 1990

 Geometry written to block  1 of record 700


 Point group  C1  



 ATOMIC COORDINATES

 NR  ATOM    CHARGE       X              Y              Z

   1  C1      6.00   -6.193010455    2.801518980    2.403542658
   2  H1      1.00   -4.656285171    1.699997622    3.119937832
   3  H2      1.00   -5.973046335    4.726205038    2.982932688
   4  H3      1.00   -7.940251230    2.077186956    3.118237078
   5  H4      1.00   -6.176569838    2.685300823    0.384937212
   6  O1      8.00  -12.400004884    5.677493169    4.606774346
   7  H5      1.00  -12.146781583    3.932709038    5.214888213
   8  H6      1.00  -11.104030708    6.694165824    5.446946581
   9  O2      8.00   -7.075890501    0.749465381   -4.723937366
  10  H7      1.00   -8.725621408    0.873242442   -3.820459306
  11  H8      1.00   -7.500134016    0.238294464   -6.423179097

 Bond lengths in Bohr (Angstrom)

 1-2  2.021904040  1-3  2.022002335  1-4  2.021953343  1-5  2.022015060  6-7  1.864992273
     ( 1.069945541)     ( 1.069997556)     ( 1.069971630)     ( 1.070004290)     ( 0.986911409)

  6- 8  1.849070506   9-10  1.884994809   9-11  1.824472726
       ( 0.978485973)       ( 0.997496296)       ( 0.965469388)

 Bond angles

  2-1-3  109.53398059   2-1-4  109.65604535   2-1-5  108.43490854   3-1-4  109.49436728

  3- 1- 5  109.86987750   4- 1- 5  109.83468330   7- 6- 8  105.72790617  10- 9-11  105.14667399

 NUCLEAR CHARGE:                   30
 NUMBER OF PRIMITIVE AOS:         810
 NUMBER OF SYMMETRY AOS:          663
 NUMBER OF CONTRACTIONS:          608   ( 608A   )
 NUMBER OF CORE ORBITALS:           3   (   3A   )
 NUMBER OF VALENCE ORBITALS:       20   (  20A   )


 NUCLEAR REPULSION ENERGY   67.38674594


 Eigenvalues of metric

         1 0.125E-04 0.168E-04 0.256E-04 0.297E-04 0.599E-04 0.633E-04 0.699E-04 0.809E-04


 Contracted 2-electron integrals neglected if value below      1.0D-19
 AO integral compression algorithm  1   Integral accuracy      1.0D-19

     95399.444 MB (compressed) written to integral file ( 64.6%)


 NUMBER OF SORTED TWO-ELECTRON INTEGRALS:17137761816.     BUFFER LENGTH:  32768
 NUMBER OF SEGMENTS: 179  SEGMENT LENGTH:   95999835      RECORD LENGTH: 524288

 Memory used in sort:      96.56 MW

 SORT1 READ 18459111678. AND WROTE 13204506300. INTEGRALS IN  37862 RECORDS. CPU TIME:   163.74 SEC, REAL TIME:   590.47 SEC
 SORT2 READ 13204506300. AND WROTE 17137761816. INTEGRALS IN 363920 RECORDS. CPU TIME:   189.21 SEC, REAL TIME:  4031.20 SEC

 FILE SIZES:   FILE 1: 95433.0 MBYTE,  FILE 4:158804.8 MBYTE,   TOTAL: 254237.8 MBYTE

 OPERATOR DM      FOR CENTER  0  COORDINATES:    0.000000    0.000000    0.000000


 **********************************************************************************************************************************
 DATASETS  * FILE   NREC   LENGTH (MB)   RECORD NAMES
              1      19    88383.55       500      610      700      900      950      970     1000      129      960     1100   
                                          VAR    BASINP    GEOM    SYMINP    ZMAT    AOBASIS   BASIS     P2S    ABASIS      S 
                                         1400     1410     1200     1210     1080     1600     1650     1300     1700   
                                           T        V       H0       H01     AOSYM     SMH    MOLCAS    ERIS     OPER   

 PROGRAMS   *        TOTAL       INT
 CPU TIMES  *       998.93    998.78
 REAL TIME  *      5565.93 SEC
 DISK USED  *       254.24 GB      
 **********************************************************************************************************************************


 PROGRAM * RHF-SCF (CLOSED SHELL)       Authors: W. Meyer, H.-J. Werner


 NUMBER OF ELECTRONS:      15+   15-    SPACE SYMMETRY=1    SPIN SYMMETRY: Singlet 
 CONVERGENCE THRESHOLDS:    1.00E-08 (Density)    1.00E-09 (Energy)
 MAX. NUMBER OF ITERATIONS:       60
 INTERPOLATION TYPE:            DIIS
 INTERPOLATION STEPS:              2 (START)      1 (STEP)
 LEVEL SHIFTS:                  0.00 (CLOSED)  0.00 (OPEN) 



 Orbital guess generated from atomic densities. Full valence occupancy:   23

 Molecular orbital dump at record        2100.2

 Initial occupancy:  15

 ITERATION    DDIFF          GRAD             ENERGY        2-EL.EN.            DIPOLE MOMENTS         DIIS   ORB.
    1      0.000D+00      0.000D+00      -192.24468553    279.763925   -0.26843   -0.57536    0.33756    0    start
    2      0.000D+00      0.348D-02      -192.31535950    271.214364   -0.11109   -0.32924    0.10280    1    diag
    3      0.253D-02      0.212D-02      -192.34041431    274.878870   -0.14983   -0.39073    0.16024    2    diag
    4      0.911D-03      0.268D-03      -192.34128918    274.674909   -0.14785   -0.38653    0.15800    3    diag
    5      0.166D-03      0.775D-04      -192.34138285    274.683290   -0.14684   -0.38604    0.15645    4    diag
    6      0.655D-04      0.193D-04      -192.34138850    274.689888   -0.14651   -0.38579    0.15613    5    diag
    7      0.178D-04      0.455D-05      -192.34138892    274.687250   -0.14646   -0.38579    0.15607    6    diag
    8      0.559D-05      0.115D-05      -192.34138896    274.687567   -0.14641   -0.38577    0.15602    7    diag
    9      0.140D-05      0.256D-06      -192.34138896    274.687525   -0.14641   -0.38576    0.15601    8    diag
   10      0.375D-06      0.491D-07      -192.34138896    274.687522   -0.14640   -0.38576    0.15601    9    orth
   11      0.469D-07      0.218D-07      -192.34138896    274.687523   -0.14641   -0.38576    0.15601    9    diag
   12      0.148D-07      0.527D-08      -192.34138896    274.687525   -0.14641   -0.38576    0.15601    9    diag
   13      0.595D-08      0.118D-08      -192.34138896    274.687524   -0.14641   -0.38576    0.15600    0    orth

 Final occupancy:  15

 !RHF STATE 1.1 Energy               -192.341388960594
 Nuclear energy                        67.38674594
 One-electron energy                 -397.07189702
 Two-electron energy                  137.34376212
 Virial quotient                       -1.00133267
 !RHF STATE 1.1 Dipole moment          -0.14640566    -0.38575921     0.15600498
 Dipole moment /Debye                  -0.37210171    -0.98043790     0.39649914

 Orbital energies:

         1.1          2.1          3.1          4.1          5.1          6.1          7.1          8.1          9.1         10.1
    -20.568570   -20.568063   -11.194596    -1.340705    -1.339096    -0.949287    -0.706432    -0.706228    -0.580036    -0.578246

        11.1         12.1         13.1         14.1         15.1         16.1         17.1
     -0.550831    -0.549391    -0.545002    -0.508581    -0.507122     0.022107     0.032321

 HOMO     15.1    -0.507122 =     -13.7995eV
 LUMO     16.1     0.022107 =       0.6016eV
 LUMO-HOMO         0.529229 =      14.4011eV


 **********************************************************************************************************************************
 DATASETS  * FILE   NREC   LENGTH (MB)   RECORD NAMES
              1      19    88383.55       500      610      700      900      950      970     1000      129      960     1100   
                                          VAR    BASINP    GEOM    SYMINP    ZMAT    AOBASIS   BASIS     P2S    ABASIS      S 
                                         1400     1410     1200     1210     1080     1600     1650     1300     1700   
                                           T        V       H0       H01     AOSYM     SMH    MOLCAS    ERIS     OPER   

              2       5       12.24       200      700     1000      520     2100   
                                        OPTIONS   GEOM     BASIS   MCVARS     RHF  

 PROGRAMS   *        TOTAL        HF       INT
 CPU TIMES  *      3079.75   2080.82    998.78
 REAL TIME  *     11394.82 SEC
 DISK USED  *       254.24 GB      
 **********************************************************************************************************************************
 SETTING ESCF_ABC       =      -192.34138896  AU                              


 PROGRAM * MP4 (Closed-shell)     Authors: C. Hampel, H.-J. Werner, 1991, M. Deegan, P.J. Knowles, 1992


 Convergence thresholds:  THRVAR = 1.00D-08  THRDEN = 1.00D-08

 MP4(T)     terms to be evaluated (factor= 0.000)


 Number of core orbitals:           3 (   3 )
 Number of closed-shell orbitals:  12 (  12 )
 Number of external orbitals:     593 ( 593 )

 Molecular orbitals read from record     2100.2  Type=RHF/CANONICAL (state 1.1)

 Number of N-1 electron functions:              12
 Number of N-2 electron functions:              78
 Number of singly external CSFs:              7116
 Number of doubly external CSFs:          25322286
 Total number of CSFs:                    25329403

 Length of J-op  integral file:               0.00 MB
 Length of K-op  integral file:              25.46 MB

 Memory could be reduced to 3090.18 Mwords without degradation in triples

 Integral transformation finished. Total CPU: 882.59 sec, npass=  1  Memory used:1519.28 MW

 Reference energy:                   -192.34138896

                        CORR.ENERGY   TOTAL ENERGY   ENERGY CHANGE
 MP2:                   -0.78797861  -193.12936757    -0.78797861

 SCS-MP2 correlation energy:           -0.79507674   (PS=  1.200000  PT=  0.333333)
 SCS-MP2 total energy:               -193.13646570

 MP3(D):                -0.80420486  -193.14559382    -0.01622625
 MP4(DQ):               -0.80507696  -193.14646592    -0.00087211
 MP4(SDQ):              -0.81008172  -193.15147068    -0.00500475

 Norm of t1 vector:      0.05418302      S-energy:    -0.00500475      T1 diagnostic:  0.00782065

   CPU time for triples:   2634.68 sec for i =  1 -  6 / 12 (~  14.2 % done)
   CPU time for triples:   3267.50 sec for i =  7 -  8 / 12 (~  31.8 % done)
   CPU time for triples:   2319.56 sec for i =  9 -  9 / 12 (~  44.3 % done)
   CPU time for triples:   2846.81 sec for i = 10 - 10 / 12 (~  59.7 % done)
   CPU time for triples:   3426.59 sec for i = 11 - 11 / 12 (~  78.1 % done)
   CPU time for triples:   4059.73 sec for i = 12 - 12 / 12 (  100.0 % done)

 Total CPU time for triples:  18554.87 sec


 RESULTS
 =======

  Reference energy                   -192.341388960593
  MP4(SDQ) singlet pair energy         -0.562151072919
  MP4(SDQ) triplet pair energy         -0.242925891470
  MP4(SDQ) correlation energy          -0.810081716618

  Triples contribution                 -0.028236357407
  Total correlation energy             -0.838318074025

  MP4(SDQ) total energy              -193.151470677211
 !MP4(SDTQ) total energy             -193.179707034618

 Timing summary (sec):

 STEP                 CPU(USER)    SYS     CPU(TOT)    WALL
 Transformation        887.29    113.75   1001.04   1132.19
 CCSD iterations       768.03     79.19    847.22    946.33
 Triples             18554.87    508.09  19062.96  19665.32

 Program statistics:

 Available memory in ccsd:             13999999324
 Min. memory needed in ccsd:              64259172
 Max. memory used in ccsd:                87251646
 Max. memory used in cckext:              60647801 ( 1 integral passes)



 **********************************************************************************************************************************
 DATASETS  * FILE   NREC   LENGTH (MB)   RECORD NAMES
              1      20    98762.27       500      610      700      900      950      970     1000      129      960     1100   
                                          VAR    BASINP    GEOM    SYMINP    ZMAT    AOBASIS   BASIS     P2S    ABASIS      S 
                                         1400     1410     1200     1210     1080     1600     1650     1300     1700     1380   
                                           T        V       H0       H01     AOSYM     SMH    MOLCAS    ERIS     OPER     JKOP   

              2       5       12.24       200      700     1000      520     2100   
                                        OPTIONS   GEOM     BASIS   MCVARS     RHF  

 PROGRAMS   *        TOTAL       MP4        HF       INT
 CPU TIMES  *     23289.98  20210.23   2080.82    998.78
 REAL TIME  *     33139.38 SEC
 DISK USED  *       254.24 GB      
 **********************************************************************************************************************************
 SETTING EMP4_ABC       =      -193.17970703  AU                              
 SETTING EMP4_CORR_ABC  =        -0.83831807  AU                              

 Running procedure=SET_MONOMERA

 Dummy atoms: O1  H5  H6  O2  H7  H8


 Recomputing one-electron integrals since nuclear charges changed


 PROGRAM * SEWARD (Integral evaluation for generally contracted gaussian basis sets)     Author: Roland Lindh, 1990

 Geometry written to block  1 of record 700


 Point group  C1  



 ATOMIC COORDINATES

 NR  ATOM    CHARGE       X              Y              Z

   1  C1      6.00   -6.193010455    2.801518980    2.403542658
   2  H1      1.00   -4.656285171    1.699997622    3.119937832
   3  H2      1.00   -5.973046335    4.726205038    2.982932688
   4  H3      1.00   -7.940251230    2.077186956    3.118237078
   5  H4      1.00   -6.176569838    2.685300823    0.384937212
   6  O1      0.00  -12.400004884    5.677493169    4.606774346
   7  H5      0.00  -12.146781583    3.932709038    5.214888213
   8  H6      0.00  -11.104030708    6.694165824    5.446946581
   9  O2      0.00   -7.075890501    0.749465381   -4.723937366
  10  H7      0.00   -8.725621408    0.873242442   -3.820459306
  11  H8      0.00   -7.500134016    0.238294464   -6.423179097

 Bond lengths in Bohr (Angstrom)

 1-2  2.021904040  1-3  2.022002335  1-4  2.021953343  1-5  2.022015060  6-7  1.864992273
     ( 1.069945541)     ( 1.069997556)     ( 1.069971630)     ( 1.070004290)     ( 0.986911409)

  6- 8  1.849070506   9-10  1.884994809   9-11  1.824472726
       ( 0.978485973)       ( 0.997496296)       ( 0.965469388)

 Bond angles

  2-1-3  109.53398059   2-1-4  109.65604535   2-1-5  108.43490854   3-1-4  109.49436728

  3- 1- 5  109.86987750   4- 1- 5  109.83468330   7- 6- 8  105.72790617  10- 9-11  105.14667399

 NUCLEAR CHARGE:                   10
 NUMBER OF PRIMITIVE AOS:         810
 NUMBER OF SYMMETRY AOS:          663
 NUMBER OF CONTRACTIONS:          608   ( 608A   )
 NUMBER OF CORE ORBITALS:           1   (   1A   )
 NUMBER OF VALENCE ORBITALS:        8   (   8A   )

 MOLECULE CHANGED: INITIALIZING OCCUPATION AND DUMP RECORDS


 NUCLEAR REPULSION ENERGY   13.68681606


 Eigenvalues of metric

         1 0.125E-04 0.168E-04 0.256E-04 0.297E-04 0.599E-04 0.633E-04 0.699E-04 0.809E-04


 Contracted 2-electron integrals neglected if value below      1.0D-19

 OPERATOR DM      FOR CENTER  0  COORDINATES:    0.000000    0.000000    0.000000


 **********************************************************************************************************************************
 DATASETS  * FILE   NREC   LENGTH (MB)   RECORD NAMES
              1      19    88383.55       500      610      700      900      950      970     1000      129      960     1100   
                                          VAR    BASINP    GEOM    SYMINP    ZMAT    AOBASIS   BASIS     P2S    ABASIS      S 
                                         1400     1410     1200     1210     1080     1600     1650     1300     1700   
                                           T        V       H0       H01     AOSYM     SMH    MOLCAS    ERIS     OPER   

              2       5       12.24       200      700     1000      520     2100   
                                        OPTIONS   GEOM     BASIS   MCVARS     RHF  

 PROGRAMS   *        TOTAL       INT       MP4        HF       INT
 CPU TIMES  *     23290.36      0.38  20210.23   2080.82    998.78
 REAL TIME  *     33142.24 SEC
 DISK USED  *       254.24 GB      
 **********************************************************************************************************************************


 PROGRAM * RHF-SCF (CLOSED SHELL)       Authors: W. Meyer, H.-J. Werner


 NUMBER OF ELECTRONS:       5+    5-    SPACE SYMMETRY=1    SPIN SYMMETRY: Singlet 
 CONVERGENCE THRESHOLDS:    1.00E-08 (Density)    1.00E-09 (Energy)
 MAX. NUMBER OF ITERATIONS:       60
 INTERPOLATION TYPE:            DIIS
 INTERPOLATION STEPS:              2 (START)      1 (STEP)
 LEVEL SHIFTS:                  0.00 (CLOSED)  0.00 (OPEN) 



 Orbital guess generated from atomic densities. Full valence occupancy:    9

 Molecular orbital dump at record        2101.2

 Initial occupancy:   5

 ITERATION    DDIFF          GRAD             ENERGY        2-EL.EN.            DIPOLE MOMENTS         DIIS   ORB.
    1      0.000D+00      0.000D+00       -40.19609780     53.506316    0.00412   -0.00276   -0.00131    0    start
    2      0.000D+00      0.217D-02       -40.21335217     52.217643    0.00130   -0.00088   -0.00039    1    diag
    3      0.114D-02      0.844D-03       -40.21562814     52.672105    0.00183   -0.00124   -0.00056    2    diag
    4      0.319D-03      0.211D-03       -40.21594761     52.617293    0.00163   -0.00110   -0.00049    3    diag
    5      0.120D-03      0.273D-04       -40.21595310     52.619441    0.00160   -0.00108   -0.00048    4    diag
    6      0.306D-04      0.223D-05       -40.21595314     52.619577    0.00160   -0.00108   -0.00048    5    diag
    7      0.416D-05      0.179D-06       -40.21595314     52.619538    0.00160   -0.00108   -0.00048    6    diag
    8      0.158D-06      0.144D-07       -40.21595314     52.619539    0.00160   -0.00108   -0.00048    7    diag
    9      0.588D-07      0.184D-08       -40.21595314     52.619539    0.00160   -0.00108   -0.00048    8    diag
   10      0.572D-08      0.504D-09       -40.21595314     52.619539    0.00160   -0.00108   -0.00048    0    orth

 Final occupancy:   5

 !RHF STATE 1.1 Energy                -40.215953139148
 Nuclear energy                        13.68681606
 One-electron energy                  -80.21253885
 Two-electron energy                   26.30976965
 Virial quotient                       -0.99838098
 !RHF STATE 1.1 Dipole moment           0.00159977    -0.00108119    -0.00047995
 Dipole moment /Debye                   0.00406593    -0.00274793    -0.00121983

 Orbital energies:

         1.1          2.1          3.1          4.1          5.1          6.1          7.1
    -11.196222    -0.950660    -0.551888    -0.549954    -0.547775     0.022280     0.032779

 HOMO      5.1    -0.547775 =     -14.9057eV
 LUMO      6.1     0.022280 =       0.6063eV
 LUMO-HOMO         0.570056 =      15.5120eV


 **********************************************************************************************************************************
 DATASETS  * FILE   NREC   LENGTH (MB)   RECORD NAMES
              1      19    88383.55       500      610      700      900      950      970     1000      129      960     1100   
                                          VAR    BASINP    GEOM    SYMINP    ZMAT    AOBASIS   BASIS     P2S    ABASIS      S 
                                         1400     1410     1200     1210     1080     1600     1650     1300     1700   
                                           T        V       H0       H01     AOSYM     SMH    MOLCAS    ERIS     OPER   

              2       6       29.55       200      700     1000      520     2100     2101   
                                        OPTIONS   GEOM     BASIS   MCVARS     RHF      RHF  

 PROGRAMS   *        TOTAL        HF       INT       MP4        HF       INT
 CPU TIMES  *     24921.50   1631.14      0.38  20210.23   2080.82    998.78
 REAL TIME  *     35669.17 SEC
 DISK USED  *       254.24 GB      
 **********************************************************************************************************************************
 SETTING ESCF_A         =       -40.21595314  AU                              


 PROGRAM * MP4 (Closed-shell)     Authors: C. Hampel, H.-J. Werner, 1991, M. Deegan, P.J. Knowles, 1992


 Convergence thresholds:  THRVAR = 1.00D-08  THRDEN = 1.00D-08

 MP4(T)     terms to be evaluated (factor= 0.000)


 Number of core orbitals:           1 (   1 )
 Number of closed-shell orbitals:   4 (   4 )
 Number of external orbitals:     603 ( 603 )

 Molecular orbitals read from record     2101.2  Type=RHF/CANONICAL (state 1.1)

 Number of N-1 electron functions:               4
 Number of N-2 electron functions:              10
 Number of singly external CSFs:              2412
 Number of doubly external CSFs:           2910078
 Total number of CSFs:                     2912491

 Length of J-op  integral file:               0.00 MB
 Length of K-op  integral file:              25.46 MB

 Memory could be reduced to 1436.86 Mwords without degradation in triples

 Integral transformation finished. Total CPU: 347.36 sec, npass=  1  Memory used: 576.57 MW

 Reference energy:                    -40.21595314

                        CORR.ENERGY   TOTAL ENERGY   ENERGY CHANGE
 MP2:                   -0.21091633   -40.42686947    -0.21091633

 SCS-MP2 correlation energy:           -0.22047473   (PS=  1.200000  PT=  0.333333)
 SCS-MP2 total energy:                -40.43642787

 MP3(D):                -0.22651114   -40.44246428    -0.01559480
 MP4(DQ):               -0.22698169   -40.44293483    -0.00047055
 MP4(SDQ):              -0.22804758   -40.44400072    -0.00106589

 Norm of t1 vector:      0.02612450      S-energy:    -0.00106589      T1 diagnostic:  0.00653113


 Total CPU time for triples:    891.95 sec


 RESULTS
 =======

  Reference energy                    -40.215953139148
  MP4(SDQ) singlet pair energy         -0.171116303658
  MP4(SDQ) triplet pair energy         -0.055865387769
  MP4(SDQ) correlation energy          -0.228047584057

  Triples contribution                 -0.006466252762
  Total correlation energy             -0.234513836819

  MP4(SDQ) total energy               -40.444000723205
 !MP4(SDTQ) total energy              -40.450466975967

 Timing summary (sec):

 STEP                 CPU(USER)    SYS     CPU(TOT)    WALL
 Transformation        347.99     92.43    440.42    499.26
 CCSD iterations       208.39     72.40    280.79    309.70
 Triples               891.95     18.23    910.18    921.26

 Program statistics:

 Available memory in ccsd:             13999999836
 Min. memory needed in ccsd:              13202754
 Max. memory used in ccsd:                15360168
 Max. memory used in cckext:              10055753 ( 1 integral passes)



 **********************************************************************************************************************************
 DATASETS  * FILE   NREC   LENGTH (MB)   RECORD NAMES
              1      20    91947.82       500      610      700      900      950      970     1000      129      960     1100   
                                          VAR    BASINP    GEOM    SYMINP    ZMAT    AOBASIS   BASIS     P2S    ABASIS      S 
                                         1400     1410     1200     1210     1080     1600     1650     1300     1700     1380   
                                           T        V       H0       H01     AOSYM     SMH    MOLCAS    ERIS     OPER     JKOP   

              2       6       29.55       200      700     1000      520     2100     2101   
                                        OPTIONS   GEOM     BASIS   MCVARS     RHF      RHF  

 PROGRAMS   *        TOTAL       MP4        HF       INT       MP4        HF       INT
 CPU TIMES  *     26369.87   1448.37   1631.14      0.38  20210.23   2080.82    998.78
 REAL TIME  *     37399.74 SEC
 DISK USED  *       254.24 GB      
 **********************************************************************************************************************************
 SETTING EMP4_A         =       -40.45046698  AU                              
 SETTING EMP4_CORR_A    =        -0.23451384  AU                              

 Running procedure=SET_MONOMERB

 Dummy atoms: C1  H1  H2  H3  H4  O2  H7  H8


 Recomputing one-electron integrals since nuclear charges changed


 PROGRAM * SEWARD (Integral evaluation for generally contracted gaussian basis sets)     Author: Roland Lindh, 1990

 Geometry written to block  1 of record 700


 Point group  C1  



 ATOMIC COORDINATES

 NR  ATOM    CHARGE       X              Y              Z

   1  C1      0.00   -6.193010455    2.801518980    2.403542658
   2  H1      0.00   -4.656285171    1.699997622    3.119937832
   3  H2      0.00   -5.973046335    4.726205038    2.982932688
   4  H3      0.00   -7.940251230    2.077186956    3.118237078
   5  H4      0.00   -6.176569838    2.685300823    0.384937212
   6  O1      8.00  -12.400004884    5.677493169    4.606774346
   7  H5      1.00  -12.146781583    3.932709038    5.214888213
   8  H6      1.00  -11.104030708    6.694165824    5.446946581
   9  O2      0.00   -7.075890501    0.749465381   -4.723937366
  10  H7      0.00   -8.725621408    0.873242442   -3.820459306
  11  H8      0.00   -7.500134016    0.238294464   -6.423179097

 Bond lengths in Bohr (Angstrom)

 1-2  2.021904040  1-3  2.022002335  1-4  2.021953343  1-5  2.022015060  6-7  1.864992273
     ( 1.069945541)     ( 1.069997556)     ( 1.069971630)     ( 1.070004290)     ( 0.986911409)

  6- 8  1.849070506   9-10  1.884994809   9-11  1.824472726
       ( 0.978485973)       ( 0.997496296)       ( 0.965469388)

 Bond angles

  2-1-3  109.53398059   2-1-4  109.65604535   2-1-5  108.43490854   3-1-4  109.49436728

  3- 1- 5  109.86987750   4- 1- 5  109.83468330   7- 6- 8  105.72790617  10- 9-11  105.14667399

 NUCLEAR CHARGE:                   10
 NUMBER OF PRIMITIVE AOS:         810
 NUMBER OF SYMMETRY AOS:          663
 NUMBER OF CONTRACTIONS:          608   ( 608A   )
 NUMBER OF CORE ORBITALS:           1   (   1A   )
 NUMBER OF VALENCE ORBITALS:        6   (   6A   )

 MOLECULE CHANGED: INITIALIZING OCCUPATION AND DUMP RECORDS


 NUCLEAR REPULSION ENERGY    8.95379726


 Eigenvalues of metric

         1 0.125E-04 0.168E-04 0.256E-04 0.297E-04 0.599E-04 0.633E-04 0.699E-04 0.809E-04


 Contracted 2-electron integrals neglected if value below      1.0D-19

 OPERATOR DM      FOR CENTER  0  COORDINATES:    0.000000    0.000000    0.000000


 **********************************************************************************************************************************
 DATASETS  * FILE   NREC   LENGTH (MB)   RECORD NAMES
              1      19    88383.55       500      610      700      900      950      970     1000      129      960     1100   
                                          VAR    BASINP    GEOM    SYMINP    ZMAT    AOBASIS   BASIS     P2S    ABASIS      S 
                                         1400     1410     1200     1210     1080     1600     1650     1300     1700   
                                           T        V       H0       H01     AOSYM     SMH    MOLCAS    ERIS     OPER   

              2       6       29.55       200      700     1000      520     2100     2101   
                                        OPTIONS   GEOM     BASIS   MCVARS     RHF      RHF  

 PROGRAMS   *        TOTAL       INT       MP4        HF       INT       MP4        HF       INT
 CPU TIMES  *     26370.26      0.38   1448.37   1631.14      0.38  20210.23   2080.82    998.78
 REAL TIME  *     37403.00 SEC
 DISK USED  *       254.24 GB      
 **********************************************************************************************************************************


 PROGRAM * RHF-SCF (CLOSED SHELL)       Authors: W. Meyer, H.-J. Werner


 NUMBER OF ELECTRONS:       5+    5-    SPACE SYMMETRY=1    SPIN SYMMETRY: Singlet 
 CONVERGENCE THRESHOLDS:    1.00E-08 (Density)    1.00E-09 (Energy)
 MAX. NUMBER OF ITERATIONS:       60
 INTERPOLATION TYPE:            DIIS
 INTERPOLATION STEPS:              2 (START)      1 (STEP)
 LEVEL SHIFTS:                  0.00 (CLOSED)  0.00 (OPEN) 



 Orbital guess generated from atomic densities. Full valence occupancy:    7

 Molecular orbital dump at record        2102.2

 Initial occupancy:   5

 ITERATION    DDIFF          GRAD             ENERGY        2-EL.EN.            DIPOLE MOMENTS         DIIS   ORB.
    1      0.000D+00      0.000D+00       -76.02435741     77.350159    0.79415   -0.37640    0.74315    0    start
    2      0.000D+00      0.395D-02       -76.05108143     73.680811    0.46048   -0.21540    0.43027    1    diag
    3      0.159D-02      0.252D-02       -76.06275573     75.311950    0.54381   -0.25500    0.50827    2    diag
    4      0.607D-03      0.236D-03       -76.06295234     75.220462    0.54047   -0.25285    0.50502    3    diag
    5      0.757D-04      0.664D-04       -76.06297385     75.234862    0.53922   -0.25202    0.50380    4    diag
    6      0.240D-04      0.133D-04       -76.06297527     75.233799    0.53895   -0.25181    0.50352    5    diag
    7      0.625D-05      0.271D-05       -76.06297534     75.233949    0.53885   -0.25175    0.50343    6    diag
    8      0.181D-05      0.509D-06       -76.06297534     75.233933    0.53883   -0.25173    0.50340    7    diag
    9      0.328D-06      0.694D-07       -76.06297534     75.233925    0.53882   -0.25173    0.50340    8    diag
   10      0.366D-07      0.159D-07       -76.06297534     75.233928    0.53882   -0.25173    0.50340    9    orth
   11      0.958D-08      0.272D-08       -76.06297534     75.233927    0.53882   -0.25173    0.50340    0    orth

 Final occupancy:   5

 !RHF STATE 1.1 Energy                -76.062975342464
 Nuclear energy                         8.95379726
 One-electron energy                 -122.63373597
 Two-electron energy                   37.61696337
 Virial quotient                       -1.00220543
 !RHF STATE 1.1 Dipole moment           0.53882196    -0.25172885     0.50340138
 Dipole moment /Debye                   1.36945911    -0.63978901     1.27943487

 Orbital energies:

         1.1          2.1          3.1          4.1          5.1          6.1          7.1
    -20.568545    -1.339267    -0.706276    -0.577739    -0.508078     0.016594     0.031557

 HOMO      5.1    -0.508078 =     -13.8255eV
 LUMO      6.1     0.016594 =       0.4515eV
 LUMO-HOMO         0.524672 =      14.2771eV


 **********************************************************************************************************************************
 DATASETS  * FILE   NREC   LENGTH (MB)   RECORD NAMES
              1      19    88383.55       500      610      700      900      950      970     1000      129      960     1100   
                                          VAR    BASINP    GEOM    SYMINP    ZMAT    AOBASIS   BASIS     P2S    ABASIS      S 
                                         1400     1410     1200     1210     1080     1600     1650     1300     1700   
                                           T        V       H0       H01     AOSYM     SMH    MOLCAS    ERIS     OPER   

              2       7       46.85       200      700     1000      520     2100     2101     2102   
                                        OPTIONS   GEOM     BASIS   MCVARS     RHF      RHF      RHF  

 PROGRAMS   *        TOTAL        HF       INT       MP4        HF       INT       MP4        HF       INT
 CPU TIMES  *     28150.96   1780.70      0.38   1448.37   1631.14      0.38  20210.23   2080.82    998.78
 REAL TIME  *     40164.58 SEC
 DISK USED  *       254.24 GB      
 **********************************************************************************************************************************
 SETTING ESCF_B         =       -76.06297534  AU                              


 PROGRAM * MP4 (Closed-shell)     Authors: C. Hampel, H.-J. Werner, 1991, M. Deegan, P.J. Knowles, 1992


 Convergence thresholds:  THRVAR = 1.00D-08  THRDEN = 1.00D-08

 MP4(T)     terms to be evaluated (factor= 0.000)


 Number of core orbitals:           1 (   1 )
 Number of closed-shell orbitals:   4 (   4 )
 Number of external orbitals:     603 ( 603 )

 Molecular orbitals read from record     2102.2  Type=RHF/CANONICAL (state 1.1)

 Number of N-1 electron functions:               4
 Number of N-2 electron functions:              10
 Number of singly external CSFs:              2412
 Number of doubly external CSFs:           2910078
 Total number of CSFs:                     2912491

 Length of J-op  integral file:               0.00 MB
 Length of K-op  integral file:              25.46 MB

 Memory could be reduced to 1436.86 Mwords without degradation in triples

 Integral transformation finished. Total CPU: 346.77 sec, npass=  1  Memory used: 576.57 MW

 Reference energy:                    -76.06297534

                        CORR.ENERGY   TOTAL ENERGY   ENERGY CHANGE
 MP2:                   -0.28784264   -76.35081798    -0.28784264

 SCS-MP2 correlation energy:           -0.28678573   (PS=  1.200000  PT=  0.333333)
 SCS-MP2 total energy:                -76.34976107

 MP3(D):                -0.28811773   -76.35109308    -0.00027509
 MP4(DQ):               -0.28839817   -76.35137351    -0.00028044
 MP4(SDQ):              -0.29034886   -76.35332420    -0.00195069

 Norm of t1 vector:      0.03325555      S-energy:    -0.00195069      T1 diagnostic:  0.00831389

 Total CPU time for triples:    892.23 sec


 RESULTS
 =======

  Reference energy                    -76.062975342464
  MP4(SDQ) singlet pair energy         -0.195420163372
  MP4(SDQ) triplet pair energy         -0.092978008657
  MP4(SDQ) correlation energy          -0.290348861261

  Triples contribution                 -0.010769948977
  Total correlation energy             -0.301118810238

  MP4(SDQ) total energy               -76.353324203725
 !MP4(SDTQ) total energy              -76.364094152702

 Timing summary (sec):

 STEP                 CPU(USER)    SYS     CPU(TOT)    WALL
 Transformation        347.42     96.45    443.87    503.45
 CCSD iterations       208.42     71.92    280.34    308.44
 Triples               892.23     17.96    910.19    920.93

 Program statistics:

 Available memory in ccsd:             13999999836
 Min. memory needed in ccsd:              13202754
 Max. memory used in ccsd:                15360168
 Max. memory used in cckext:              10055753 ( 1 integral passes)



 **********************************************************************************************************************************
 DATASETS  * FILE   NREC   LENGTH (MB)   RECORD NAMES
              1      20    91947.82       500      610      700      900      950      970     1000      129      960     1100   
                                          VAR    BASINP    GEOM    SYMINP    ZMAT    AOBASIS   BASIS     P2S    ABASIS      S 
                                         1400     1410     1200     1210     1080     1600     1650     1300     1700     1380   
                                           T        V       H0       H01     AOSYM     SMH    MOLCAS    ERIS     OPER     JKOP   

              2       7       46.85       200      700     1000      520     2100     2101     2102   
                                        OPTIONS   GEOM     BASIS   MCVARS     RHF      RHF      RHF  

 PROGRAMS   *        TOTAL       MP4        HF       INT       MP4        HF       INT       MP4        HF       INT
 CPU TIMES  *     29599.07   1448.10   1780.70      0.38   1448.37   1631.14      0.38  20210.23   2080.82    998.78
 REAL TIME  *     41897.69 SEC
 DISK USED  *       254.24 GB      
 **********************************************************************************************************************************
 SETTING EMP4_B         =       -76.36409415  AU                              
 SETTING EMP4_CORR_B    =        -0.30111881  AU                              

 Running procedure=SET_MONOMERC

 Dummy atoms: C1  H1  H2  H3  H4  O1  H5  H6


 Recomputing one-electron integrals since nuclear charges changed


 PROGRAM * SEWARD (Integral evaluation for generally contracted gaussian basis sets)     Author: Roland Lindh, 1990

 Geometry written to block  1 of record 700


 Point group  C1  



 ATOMIC COORDINATES

 NR  ATOM    CHARGE       X              Y              Z

   1  C1      0.00   -6.193010455    2.801518980    2.403542658
   2  H1      0.00   -4.656285171    1.699997622    3.119937832
   3  H2      0.00   -5.973046335    4.726205038    2.982932688
   4  H3      0.00   -7.940251230    2.077186956    3.118237078
   5  H4      0.00   -6.176569838    2.685300823    0.384937212
   6  O1      0.00  -12.400004884    5.677493169    4.606774346
   7  H5      0.00  -12.146781583    3.932709038    5.214888213
   8  H6      0.00  -11.104030708    6.694165824    5.446946581
   9  O2      8.00   -7.075890501    0.749465381   -4.723937366
  10  H7      1.00   -8.725621408    0.873242442   -3.820459306
  11  H8      1.00   -7.500134016    0.238294464   -6.423179097

 Bond lengths in Bohr (Angstrom)

 1-2  2.021904040  1-3  2.022002335  1-4  2.021953343  1-5  2.022015060  6-7  1.864992273
     ( 1.069945541)     ( 1.069997556)     ( 1.069971630)     ( 1.070004290)     ( 0.986911409)

  6- 8  1.849070506   9-10  1.884994809   9-11  1.824472726
       ( 0.978485973)       ( 0.997496296)       ( 0.965469388)

 Bond angles

  2-1-3  109.53398059   2-1-4  109.65604535   2-1-5  108.43490854   3-1-4  109.49436728

  3- 1- 5  109.86987750   4- 1- 5  109.83468330   7- 6- 8  105.72790617  10- 9-11  105.14667399

 NUCLEAR CHARGE:                   10
 NUMBER OF PRIMITIVE AOS:         810
 NUMBER OF SYMMETRY AOS:          663
 NUMBER OF CONTRACTIONS:          608   ( 608A   )
 NUMBER OF CORE ORBITALS:           1   (   1A   )
 NUMBER OF VALENCE ORBITALS:        6   (   6A   )

 MOLECULE CHANGED: INITIALIZING OCCUPATION AND DUMP RECORDS


 NUCLEAR REPULSION ENERGY    8.96831117


 Eigenvalues of metric

         1 0.125E-04 0.168E-04 0.256E-04 0.297E-04 0.599E-04 0.633E-04 0.699E-04 0.809E-04


 Contracted 2-electron integrals neglected if value below      1.0D-19

 OPERATOR DM      FOR CENTER  0  COORDINATES:    0.000000    0.000000    0.000000


 **********************************************************************************************************************************
 DATASETS  * FILE   NREC   LENGTH (MB)   RECORD NAMES
              1      19    88383.55       500      610      700      900      950      970     1000      129      960     1100   
                                          VAR    BASINP    GEOM    SYMINP    ZMAT    AOBASIS   BASIS     P2S    ABASIS      S 
                                         1400     1410     1200     1210     1080     1600     1650     1300     1700   
                                           T        V       H0       H01     AOSYM     SMH    MOLCAS    ERIS     OPER   

              2       7       46.85       200      700     1000      520     2100     2101     2102   
                                        OPTIONS   GEOM     BASIS   MCVARS     RHF      RHF      RHF  

 PROGRAMS   *        TOTAL       INT       MP4        HF       INT       MP4        HF       INT       MP4        HF       INT
 CPU TIMES  *     29599.45      0.38   1448.10   1780.70      0.38   1448.37   1631.14      0.38  20210.23   2080.82    998.78
 REAL TIME  *     41899.70 SEC
 DISK USED  *       254.24 GB      
 **********************************************************************************************************************************


 PROGRAM * RHF-SCF (CLOSED SHELL)       Authors: W. Meyer, H.-J. Werner


 NUMBER OF ELECTRONS:       5+    5-    SPACE SYMMETRY=1    SPIN SYMMETRY: Singlet 
 CONVERGENCE THRESHOLDS:    1.00E-08 (Density)    1.00E-09 (Energy)
 MAX. NUMBER OF ITERATIONS:       60
 INTERPOLATION TYPE:            DIIS
 INTERPOLATION STEPS:              2 (START)      1 (STEP)
 LEVEL SHIFTS:                  0.00 (CLOSED)  0.00 (OPEN) 



 Orbital guess generated from atomic densities. Full valence occupancy:    7

 Molecular orbital dump at record        2103.2

 Initial occupancy:   5

 ITERATION    DDIFF          GRAD             ENERGY        2-EL.EN.            DIPOLE MOMENTS         DIIS   ORB.
    1      0.000D+00      0.000D+00       -76.02404320     77.368958   -1.06805   -0.19634   -0.39854    0    start
    2      0.000D+00      0.395D-02       -76.05086726     73.699496   -0.61361   -0.11572   -0.23933    1    diag
    3      0.160D-02      0.253D-02       -76.06255945     75.330447   -0.72620   -0.13630   -0.28094    2    diag
    4      0.610D-03      0.236D-03       -76.06275680     75.239013   -0.72071   -0.13586   -0.28092    3    diag
    5      0.765D-04      0.667D-04       -76.06277855     75.253491   -0.71862   -0.13572   -0.28100    4    diag
    6      0.252D-04      0.134D-04       -76.06277999     75.252422   -0.71811   -0.13570   -0.28109    5    diag
    7      0.674D-05      0.274D-05       -76.06278006     75.252569   -0.71795   -0.13570   -0.28110    6    diag
    8      0.182D-05      0.510D-06       -76.06278007     75.252553   -0.71791   -0.13569   -0.28110    7    diag
    9      0.336D-06      0.693D-07       -76.06278007     75.252544   -0.71790   -0.13569   -0.28110    8    diag
   10      0.436D-07      0.164D-07       -76.06278007     75.252547   -0.71790   -0.13569   -0.28110    9    orth
   11      0.115D-07      0.371D-08       -76.06278007     75.252547   -0.71790   -0.13569   -0.28110    9    diag
   12      0.233D-08      0.733D-09       -76.06278007     75.252547   -0.71790   -0.13569   -0.28110    0    orth

 Final occupancy:   5

 !RHF STATE 1.1 Energy                -76.062780066575
 Nuclear energy                         8.96831117
 One-electron energy                 -122.65736458
 Two-electron energy                   37.62627335
 Virial quotient                       -1.00211102
 !RHF STATE 1.1 Dipole moment          -0.71790131    -0.13569061    -0.28109601
 Dipole moment /Debye                  -1.82460361    -0.34486854    -0.71442799

 Orbital energies:

         1.1          2.1          3.1          4.1          5.1          6.1          7.1
    -20.568570    -1.340482    -0.705968    -0.579019    -0.508371     0.018487     0.031292

 HOMO      5.1    -0.508371 =     -13.8335eV
 LUMO      6.1     0.018487 =       0.5031eV
 LUMO-HOMO         0.526858 =      14.3365eV


 **********************************************************************************************************************************
 DATASETS  * FILE   NREC   LENGTH (MB)   RECORD NAMES
              1      19    88383.55       500      610      700      900      950      970     1000      129      960     1100   
                                          VAR    BASINP    GEOM    SYMINP    ZMAT    AOBASIS   BASIS     P2S    ABASIS      S 
                                         1400     1410     1200     1210     1080     1600     1650     1300     1700   
                                           T        V       H0       H01     AOSYM     SMH    MOLCAS    ERIS     OPER   

              2       8       64.16       200      700     1000      520     2100     2101     2102     2103   
                                        OPTIONS   GEOM     BASIS   MCVARS     RHF      RHF      RHF      RHF  

 PROGRAMS   *        TOTAL        HF       INT       MP4        HF       INT       MP4        HF       INT       MP4        HF
 CPU TIMES  *     31533.12   1933.67      0.38   1448.10   1780.70      0.38   1448.37   1631.14      0.38  20210.23   2080.82
 REAL TIME  *     44988.27 SEC
 DISK USED  *       254.24 GB      
 **********************************************************************************************************************************
 SETTING ESCF_C         =       -76.06278007  AU                              


 PROGRAM * MP4 (Closed-shell)     Authors: C. Hampel, H.-J. Werner, 1991, M. Deegan, P.J. Knowles, 1992


 Convergence thresholds:  THRVAR = 1.00D-08  THRDEN = 1.00D-08

 MP4(T)     terms to be evaluated (factor= 0.000)


 Number of core orbitals:           1 (   1 )
 Number of closed-shell orbitals:   4 (   4 )
 Number of external orbitals:     603 ( 603 )

 Molecular orbitals read from record     2103.2  Type=RHF/CANONICAL (state 1.1)

 Number of N-1 electron functions:               4
 Number of N-2 electron functions:              10
 Number of singly external CSFs:              2412
 Number of doubly external CSFs:           2910078
 Total number of CSFs:                     2912491

 Length of J-op  integral file:               0.00 MB
 Length of K-op  integral file:              25.46 MB

 Memory could be reduced to 1436.86 Mwords without degradation in triples

 Integral transformation finished. Total CPU: 349.04 sec, npass=  1  Memory used: 576.57 MW

 Reference energy:                    -76.06278007

                        CORR.ENERGY   TOTAL ENERGY   ENERGY CHANGE
 MP2:                   -0.28777322   -76.35055329    -0.28777322

 SCS-MP2 correlation energy:           -0.28671493   (PS=  1.200000  PT=  0.333333)
 SCS-MP2 total energy:                -76.34949500

 MP3(D):                -0.28806834   -76.35084841    -0.00029512
 MP4(DQ):               -0.28834148   -76.35112155    -0.00027314
 MP4(SDQ):              -0.29028990   -76.35306996    -0.00194842

 Norm of t1 vector:      0.03323904      S-energy:    -0.00194842      T1 diagnostic:  0.00830976

 Total CPU time for triples:    892.13 sec


 RESULTS
 =======

  Reference energy                    -76.062780066574
  MP4(SDQ) singlet pair energy         -0.195373644444
  MP4(SDQ) triplet pair energy         -0.092967835748
  MP4(SDQ) correlation energy          -0.290289898298

  Triples contribution                 -0.010756705569
  Total correlation energy             -0.301046603867

  MP4(SDQ) total energy               -76.353069964872
 !MP4(SDTQ) total energy              -76.363826670441

 Timing summary (sec):

 STEP                 CPU(USER)    SYS     CPU(TOT)    WALL
 Transformation        349.69     90.87    440.56    525.37
 CCSD iterations       208.80     70.08    278.88    317.05
 Triples               892.13     18.85    910.98    936.19

 Program statistics:

 Available memory in ccsd:             13999999836
 Min. memory needed in ccsd:              13202754
 Max. memory used in ccsd:                15360168
 Max. memory used in cckext:              10055753 ( 1 integral passes)



 **********************************************************************************************************************************
 DATASETS  * FILE   NREC   LENGTH (MB)   RECORD NAMES
              1      20    91947.82       500      610      700      900      950      970     1000      129      960     1100   
                                          VAR    BASINP    GEOM    SYMINP    ZMAT    AOBASIS   BASIS     P2S    ABASIS      S 
                                         1400     1410     1200     1210     1080     1600     1650     1300     1700     1380   
                                           T        V       H0       H01     AOSYM     SMH    MOLCAS    ERIS     OPER     JKOP   

              2       8       64.16       200      700     1000      520     2100     2101     2102     2103   
                                        OPTIONS   GEOM     BASIS   MCVARS     RHF      RHF      RHF      RHF  

 PROGRAMS   *        TOTAL       MP4        HF       INT       MP4        HF       INT       MP4        HF       INT       MP4
 CPU TIMES  *     32983.78   1450.65   1933.67      0.38   1448.10   1780.70      0.38   1448.37   1631.14      0.38  20210.23
 REAL TIME  *     46767.11 SEC
 DISK USED  *       254.24 GB      
 **********************************************************************************************************************************
 SETTING EMP4_C         =       -76.36382667  AU                              
 SETTING EMP4_CORR_C    =        -0.30104660  AU                              

 Running procedure=SET_DIMERAB

 Dummy atoms: O2  H7  H8


 Recomputing one-electron integrals since nuclear charges changed


 PROGRAM * SEWARD (Integral evaluation for generally contracted gaussian basis sets)     Author: Roland Lindh, 1990

 Geometry written to block  1 of record 700


 Point group  C1  



 ATOMIC COORDINATES

 NR  ATOM    CHARGE       X              Y              Z

   1  C1      6.00   -6.193010455    2.801518980    2.403542658
   2  H1      1.00   -4.656285171    1.699997622    3.119937832
   3  H2      1.00   -5.973046335    4.726205038    2.982932688
   4  H3      1.00   -7.940251230    2.077186956    3.118237078
   5  H4      1.00   -6.176569838    2.685300823    0.384937212
   6  O1      8.00  -12.400004884    5.677493169    4.606774346
   7  H5      1.00  -12.146781583    3.932709038    5.214888213
   8  H6      1.00  -11.104030708    6.694165824    5.446946581
   9  O2      0.00   -7.075890501    0.749465381   -4.723937366
  10  H7      0.00   -8.725621408    0.873242442   -3.820459306
  11  H8      0.00   -7.500134016    0.238294464   -6.423179097

 Bond lengths in Bohr (Angstrom)

 1-2  2.021904040  1-3  2.022002335  1-4  2.021953343  1-5  2.022015060  6-7  1.864992273
     ( 1.069945541)     ( 1.069997556)     ( 1.069971630)     ( 1.070004290)     ( 0.986911409)

  6- 8  1.849070506   9-10  1.884994809   9-11  1.824472726
       ( 0.978485973)       ( 0.997496296)       ( 0.965469388)

 Bond angles

  2-1-3  109.53398059   2-1-4  109.65604535   2-1-5  108.43490854   3-1-4  109.49436728

  3- 1- 5  109.86987750   4- 1- 5  109.83468330   7- 6- 8  105.72790617  10- 9-11  105.14667399

 NUCLEAR CHARGE:                   20
 NUMBER OF PRIMITIVE AOS:         810
 NUMBER OF SYMMETRY AOS:          663
 NUMBER OF CONTRACTIONS:          608   ( 608A   )
 NUMBER OF CORE ORBITALS:           2   (   2A   )
 NUMBER OF VALENCE ORBITALS:       14   (  14A   )

 MOLECULE CHANGED: INITIALIZING OCCUPATION AND DUMP RECORDS


 NUCLEAR REPULSION ENERGY   36.69183171


 Eigenvalues of metric

         1 0.125E-04 0.168E-04 0.256E-04 0.297E-04 0.599E-04 0.633E-04 0.699E-04 0.809E-04


 Contracted 2-electron integrals neglected if value below      1.0D-19

 OPERATOR DM      FOR CENTER  0  COORDINATES:    0.000000    0.000000    0.000000


 **********************************************************************************************************************************
 DATASETS  * FILE   NREC   LENGTH (MB)   RECORD NAMES
              1      19    88383.55       500      610      700      900      950      970     1000      129      960     1100   
                                          VAR    BASINP    GEOM    SYMINP    ZMAT    AOBASIS   BASIS     P2S    ABASIS      S 
                                         1400     1410     1200     1210     1080     1600     1650     1300     1700   
                                           T        V       H0       H01     AOSYM     SMH    MOLCAS    ERIS     OPER   

              2       8       64.16       200      700     1000      520     2100     2101     2102     2103   
                                        OPTIONS   GEOM     BASIS   MCVARS     RHF      RHF      RHF      RHF  

 PROGRAMS   *        TOTAL       INT       MP4        HF       INT       MP4        HF       INT       MP4        HF       INT
 CPU TIMES  *     32984.18      0.39   1450.65   1933.67      0.38   1448.10   1780.70      0.38   1448.37   1631.14      0.38
 REAL TIME  *     46770.02 SEC
 DISK USED  *       254.24 GB      
 **********************************************************************************************************************************


 PROGRAM * RHF-SCF (CLOSED SHELL)       Authors: W. Meyer, H.-J. Werner


 NUMBER OF ELECTRONS:      10+   10-    SPACE SYMMETRY=1    SPIN SYMMETRY: Singlet 
 CONVERGENCE THRESHOLDS:    1.00E-08 (Density)    1.00E-09 (Energy)
 MAX. NUMBER OF ITERATIONS:       60
 INTERPOLATION TYPE:            DIIS
 INTERPOLATION STEPS:              2 (START)      1 (STEP)
 LEVEL SHIFTS:                  0.00 (CLOSED)  0.00 (OPEN) 



 Orbital guess generated from atomic densities. Full valence occupancy:   16

 Molecular orbital dump at record        2104.2

 Initial occupancy:  10

 ITERATION    DDIFF          GRAD             ENERGY        2-EL.EN.            DIPOLE MOMENTS         DIIS   ORB.
    1      0.000D+00      0.000D+00      -116.21959230    158.815175    0.79896   -0.37769    0.73997    0    start
    2      0.000D+00      0.320D-02      -116.26381083    153.968744    0.47201   -0.21001    0.38281    1    diag
    3      0.196D-02      0.188D-02      -116.27748338    156.001881    0.55485   -0.25178    0.47549    2    diag
    4      0.683D-03      0.281D-03      -116.27815194    155.889631    0.54664   -0.24781    0.46946    3    diag
    5      0.147D-03      0.824D-04      -116.27822207    155.884135    0.54647   -0.24770    0.46891    4    diag
    6      0.593D-04      0.200D-04      -116.27822598    155.889871    0.54594   -0.24752    0.46835    5    diag
    7      0.162D-04      0.400D-05      -116.27822621    155.888186    0.54594   -0.24754    0.46837    6    diag
    8      0.482D-05      0.103D-05      -116.27822623    155.888364    0.54590   -0.24752    0.46832    7    diag
    9      0.106D-05      0.240D-06      -116.27822623    155.888336    0.54589   -0.24751    0.46830    8    diag
   10      0.303D-06      0.290D-07      -116.27822623    155.888337    0.54589   -0.24751    0.46830    9    orth
   11      0.332D-07      0.729D-08      -116.27822623    155.888338    0.54589   -0.24751    0.46830    9    diag
   12      0.677D-08      0.204D-08      -116.27822623    155.888338    0.54589   -0.24751    0.46830    0    orth

 Final occupancy:  10

 !RHF STATE 1.1 Energy               -116.278226228983
 Nuclear energy                        36.69183171
 One-electron energy                 -230.91422704
 Two-electron energy                   77.94416910
 Virial quotient                       -1.00083999
 !RHF STATE 1.1 Dipole moment           0.54588700    -0.24751151     0.46830101
 Dipole moment /Debye                   1.38741549    -0.62907031     1.19022448

 Orbital energies:

         1.1          2.1          3.1          4.1          5.1          6.1          7.1          8.1          9.1         10.1
    -20.567599   -11.200258    -1.338602    -0.954579    -0.705707    -0.577849    -0.556117    -0.554320    -0.551210    -0.506703

        11.1         12.1
      0.021608     0.032677

 HOMO     10.1    -0.506703 =     -13.7881eV
 LUMO     11.1     0.021608 =       0.5880eV
 LUMO-HOMO         0.528311 =      14.3761eV


 **********************************************************************************************************************************
 DATASETS  * FILE   NREC   LENGTH (MB)   RECORD NAMES
              1      19    88383.55       500      610      700      900      950      970     1000      129      960     1100   
                                          VAR    BASINP    GEOM    SYMINP    ZMAT    AOBASIS   BASIS     P2S    ABASIS      S 
                                         1400     1410     1200     1210     1080     1600     1650     1300     1700   
                                           T        V       H0       H01     AOSYM     SMH    MOLCAS    ERIS     OPER   

              2       9       81.47       200      700     1000      520     2100     2101     2102     2103     2104   
                                        OPTIONS   GEOM     BASIS   MCVARS     RHF      RHF      RHF      RHF      RHF  

 PROGRAMS   *        TOTAL        HF       INT       MP4        HF       INT       MP4        HF       INT       MP4        HF
 CPU TIMES  *     34922.46   1938.29      0.39   1450.65   1933.67      0.38   1448.10   1780.70      0.38   1448.37   1631.14
 REAL TIME  *     50140.04 SEC
 DISK USED  *       254.24 GB      
 **********************************************************************************************************************************
 SETTING ESCF_AB        =      -116.27822623  AU                              


 PROGRAM * MP4 (Closed-shell)     Authors: C. Hampel, H.-J. Werner, 1991, M. Deegan, P.J. Knowles, 1992


 Convergence thresholds:  THRVAR = 1.00D-08  THRDEN = 1.00D-08

 MP4(T)     terms to be evaluated (factor= 0.000)


 Number of core orbitals:           2 (   2 )
 Number of closed-shell orbitals:   8 (   8 )
 Number of external orbitals:     598 ( 598 )

 Molecular orbitals read from record     2104.2  Type=RHF/CANONICAL (state 1.1)

 Number of N-1 electron functions:               8
 Number of N-2 electron functions:              36
 Number of singly external CSFs:              4784
 Number of doubly external CSFs:          11445720
 Total number of CSFs:                    11450505

 Length of J-op  integral file:               0.00 MB
 Length of K-op  integral file:              25.46 MB

 Memory could be reduced to 2279.54 Mwords without degradation in triples

 Integral transformation finished. Total CPU: 622.68 sec, npass=  1  Memory used:1043.48 MW

 Reference energy:                   -116.27822623

                        CORR.ENERGY   TOTAL ENERGY   ENERGY CHANGE
 MP2:                   -0.49954445  -116.77777068    -0.49954445

 SCS-MP2 correlation energy:           -0.50787643   (PS=  1.200000  PT=  0.333333)
 SCS-MP2 total energy:               -116.78610266

 MP3(D):                -0.51547038  -116.79369661    -0.01592593
 MP4(DQ):               -0.51613803  -116.79436426    -0.00066765
 MP4(SDQ):              -0.51918709  -116.79741332    -0.00304906

 Norm of t1 vector:      0.04267963      S-energy:    -0.00304906      T1 diagnostic:  0.00754476

   CPU time for triples:   2842.99 sec for i =  1 -  6 /  8 (~  44.6 % done)
   CPU time for triples:   3526.30 sec for i =  7 -  8 /  8 (  100.0 % done)

 Total CPU time for triples:   6369.29 sec


 RESULTS
 =======

  Reference energy                   -116.278226228982
  MP4(SDQ) singlet pair energy         -0.366716723180
  MP4(SDQ) triplet pair energy         -0.149421307459
  MP4(SDQ) correlation energy          -0.519187086211

  Triples contribution                 -0.017375064002
  Total correlation energy             -0.536562150213

  MP4(SDQ) total energy              -116.797413315193
 !MP4(SDTQ) total energy             -116.814788379195

 Timing summary (sec):

 STEP                 CPU(USER)    SYS     CPU(TOT)    WALL
 Transformation        624.87    107.42    732.29    826.01
 CCSD iterations       400.71     71.40    472.11    504.38
 Triples              6369.29    163.69   6532.98   6719.38

 Program statistics:

 Available memory in ccsd:             13999999644
 Min. memory needed in ccsd:              33339481
 Max. memory used in ccsd:                43277361
 Max. memory used in cckext:              29398049 ( 1 integral passes)



 **********************************************************************************************************************************
 DATASETS  * FILE   NREC   LENGTH (MB)   RECORD NAMES
              1      20    95403.99       500      610      700      900      950      970     1000      129      960     1100   
                                          VAR    BASINP    GEOM    SYMINP    ZMAT    AOBASIS   BASIS     P2S    ABASIS      S 
                                         1400     1410     1200     1210     1080     1600     1650     1300     1700     1380   
                                           T        V       H0       H01     AOSYM     SMH    MOLCAS    ERIS     OPER     JKOP   

              2       9       81.47       200      700     1000      520     2100     2101     2102     2103     2104   
                                        OPTIONS   GEOM     BASIS   MCVARS     RHF      RHF      RHF      RHF      RHF  

 PROGRAMS   *        TOTAL       MP4        HF       INT       MP4        HF       INT       MP4        HF       INT       MP4
 CPU TIMES  *     42317.36   7394.90   1938.29      0.39   1450.65   1933.67      0.38   1448.10   1780.70      0.38   1448.37
 REAL TIME  *     58190.04 SEC
 DISK USED  *       254.24 GB      
 **********************************************************************************************************************************
 SETTING EMP4_AB        =      -116.81478838  AU                              
 SETTING EMP4_CORR_AB   =        -0.53656215  AU                              

 Running procedure=SET_DIMERAC

 Dummy atoms: O1  H5  H6


 Recomputing one-electron integrals since nuclear charges changed


 PROGRAM * SEWARD (Integral evaluation for generally contracted gaussian basis sets)     Author: Roland Lindh, 1990

 Geometry written to block  1 of record 700


 Point group  C1  



 ATOMIC COORDINATES

 NR  ATOM    CHARGE       X              Y              Z

   1  C1      6.00   -6.193010455    2.801518980    2.403542658
   2  H1      1.00   -4.656285171    1.699997622    3.119937832
   3  H2      1.00   -5.973046335    4.726205038    2.982932688
   4  H3      1.00   -7.940251230    2.077186956    3.118237078
   5  H4      1.00   -6.176569838    2.685300823    0.384937212
   6  O1      0.00  -12.400004884    5.677493169    4.606774346
   7  H5      0.00  -12.146781583    3.932709038    5.214888213
   8  H6      0.00  -11.104030708    6.694165824    5.446946581
   9  O2      8.00   -7.075890501    0.749465381   -4.723937366
  10  H7      1.00   -8.725621408    0.873242442   -3.820459306
  11  H8      1.00   -7.500134016    0.238294464   -6.423179097

 Bond lengths in Bohr (Angstrom)

 1-2  2.021904040  1-3  2.022002335  1-4  2.021953343  1-5  2.022015060  6-7  1.864992273
     ( 1.069945541)     ( 1.069997556)     ( 1.069971630)     ( 1.070004290)     ( 0.986911409)

  6- 8  1.849070506   9-10  1.884994809   9-11  1.824472726
       ( 0.978485973)       ( 0.997496296)       ( 0.965469388)

 Bond angles

  2-1-3  109.53398059   2-1-4  109.65604535   2-1-5  108.43490854   3-1-4  109.49436728

  3- 1- 5  109.86987750   4- 1- 5  109.83468330   7- 6- 8  105.72790617  10- 9-11  105.14667399

 NUCLEAR CHARGE:                   20
 NUMBER OF PRIMITIVE AOS:         810
 NUMBER OF SYMMETRY AOS:          663
 NUMBER OF CONTRACTIONS:          608   ( 608A   )
 NUMBER OF CORE ORBITALS:           2   (   2A   )
 NUMBER OF VALENCE ORBITALS:       14   (  14A   )

 MOLECULE CHANGED: INITIALIZING OCCUPATION AND DUMP RECORDS


 NUCLEAR REPULSION ENERGY   35.92323390


 Eigenvalues of metric

         1 0.125E-04 0.168E-04 0.256E-04 0.297E-04 0.599E-04 0.633E-04 0.699E-04 0.809E-04


 Contracted 2-electron integrals neglected if value below      1.0D-19

 OPERATOR DM      FOR CENTER  0  COORDINATES:    0.000000    0.000000    0.000000


 **********************************************************************************************************************************
 DATASETS  * FILE   NREC   LENGTH (MB)   RECORD NAMES
              1      19    88383.55       500      610      700      900      950      970     1000      129      960     1100   
                                          VAR    BASINP    GEOM    SYMINP    ZMAT    AOBASIS   BASIS     P2S    ABASIS      S 
                                         1400     1410     1200     1210     1080     1600     1650     1300     1700   
                                           T        V       H0       H01     AOSYM     SMH    MOLCAS    ERIS     OPER   

              2       9       81.47       200      700     1000      520     2100     2101     2102     2103     2104   
                                        OPTIONS   GEOM     BASIS   MCVARS     RHF      RHF      RHF      RHF      RHF  

 PROGRAMS   *        TOTAL       INT       MP4        HF       INT       MP4        HF       INT       MP4        HF       INT
 CPU TIMES  *     42317.74      0.38   7394.90   1938.29      0.39   1450.65   1933.67      0.38   1448.10   1780.70      0.38
 REAL TIME  *     58192.34 SEC
 DISK USED  *       254.24 GB      
 **********************************************************************************************************************************


 PROGRAM * RHF-SCF (CLOSED SHELL)       Authors: W. Meyer, H.-J. Werner


 NUMBER OF ELECTRONS:      10+   10-    SPACE SYMMETRY=1    SPIN SYMMETRY: Singlet 
 CONVERGENCE THRESHOLDS:    1.00E-08 (Density)    1.00E-09 (Energy)
 MAX. NUMBER OF ITERATIONS:       60
 INTERPOLATION TYPE:            DIIS
 INTERPOLATION STEPS:              2 (START)      1 (STEP)
 LEVEL SHIFTS:                  0.00 (CLOSED)  0.00 (OPEN) 



 Orbital guess generated from atomic densities. Full valence occupancy:   16

 Molecular orbital dump at record        2105.2

 Initial occupancy:  10

 ITERATION    DDIFF          GRAD             ENERGY        2-EL.EN.            DIPOLE MOMENTS         DIIS   ORB.
    1      0.000D+00      0.000D+00      -116.22053546    157.536361   -1.06326   -0.20043   -0.40372    0    start
    2      0.000D+00      0.319D-02      -116.26444173    152.531135   -0.58109   -0.12725   -0.28448    1    diag
    3      0.196D-02      0.188D-02      -116.27803664    154.607340   -0.70359   -0.14567   -0.31715    2    diag
    4      0.682D-03      0.279D-03      -116.27869639    154.493922   -0.69274   -0.14371   -0.31449    3    diag
    5      0.147D-03      0.821D-04      -116.27876599    154.489237   -0.69190   -0.14361   -0.31511    4    diag
    6      0.599D-04      0.200D-04      -116.27876992    154.494873   -0.69099   -0.14343   -0.31498    5    diag
    7      0.163D-04      0.403D-05      -116.27877016    154.493293   -0.69097   -0.14342   -0.31501    6    diag
    8      0.486D-05      0.102D-05      -116.27877018    154.493469   -0.69089   -0.14341   -0.31501    7    diag
    9      0.106D-05      0.241D-06      -116.27877018    154.493442   -0.69086   -0.14340   -0.31501    8    diag
   10      0.314D-06      0.282D-07      -116.27877018    154.493443   -0.69086   -0.14340   -0.31501    9    orth
   11      0.351D-07      0.649D-08      -116.27877018    154.493444   -0.69086   -0.14340   -0.31501    9    diag
   12      0.728D-08      0.166D-08      -116.27877018    154.493444   -0.69086   -0.14340   -0.31501    0    orth

 Final occupancy:  10

 !RHF STATE 1.1 Energy               -116.278770176903
 Nuclear energy                        35.92323390
 One-electron energy                 -229.44872618
 Two-electron energy                   77.24672210
 Virial quotient                       -1.00079551
 !RHF STATE 1.1 Dipole moment          -0.69085947    -0.14340401    -0.31500874
 Dipole moment /Debye                  -1.75587461    -0.36447275    -0.80061992

 Orbital energies:

         1.1          2.1          3.1          4.1          5.1          6.1          7.1          8.1          9.1         10.1
    -20.569573   -11.190523    -1.341670    -0.945328    -0.707391    -0.580784    -0.546104    -0.545148    -0.541608    -0.509513

        11.1         12.1
      0.021649     0.032283

 HOMO     10.1    -0.509513 =     -13.8646eV
 LUMO     11.1     0.021649 =       0.5891eV
 LUMO-HOMO         0.531162 =      14.4537eV


 **********************************************************************************************************************************
 DATASETS  * FILE   NREC   LENGTH (MB)   RECORD NAMES
              1      19    88383.55       500      610      700      900      950      970     1000      129      960     1100   
                                          VAR    BASINP    GEOM    SYMINP    ZMAT    AOBASIS   BASIS     P2S    ABASIS      S 
                                         1400     1410     1200     1210     1080     1600     1650     1300     1700   
                                           T        V       H0       H01     AOSYM     SMH    MOLCAS    ERIS     OPER   

              2      10       98.78       200      700     1000      520     2100     2101     2102     2103     2104     2105   
                                        OPTIONS   GEOM     BASIS   MCVARS     RHF      RHF      RHF      RHF      RHF      RHF  

 PROGRAMS   *        TOTAL        HF       INT       MP4        HF       INT       MP4        HF       INT       MP4        HF
 CPU TIMES  *     44253.42   1935.68      0.38   7394.90   1938.29      0.39   1450.65   1933.67      0.38   1448.10   1780.70
 REAL TIME  *     61620.89 SEC
 DISK USED  *       254.24 GB      
 **********************************************************************************************************************************
 SETTING ESCF_AC        =      -116.27877018  AU                              


 PROGRAM * MP4 (Closed-shell)     Authors: C. Hampel, H.-J. Werner, 1991, M. Deegan, P.J. Knowles, 1992


 Convergence thresholds:  THRVAR = 1.00D-08  THRDEN = 1.00D-08

 MP4(T)     terms to be evaluated (factor= 0.000)


 Number of core orbitals:           2 (   2 )
 Number of closed-shell orbitals:   8 (   8 )
 Number of external orbitals:     598 ( 598 )

 Molecular orbitals read from record     2105.2  Type=RHF/CANONICAL (state 1.1)

 Number of N-1 electron functions:               8
 Number of N-2 electron functions:              36
 Number of singly external CSFs:              4784
 Number of doubly external CSFs:          11445720
 Total number of CSFs:                    11450505

 Length of J-op  integral file:               0.00 MB
 Length of K-op  integral file:              25.46 MB

 Memory could be reduced to 2279.54 Mwords without degradation in triples

 Integral transformation finished. Total CPU: 622.66 sec, npass=  1  Memory used:1043.48 MW

 Reference energy:                   -116.27877018

                        CORR.ENERGY   TOTAL ENERGY   ENERGY CHANGE
 MP2:                   -0.49937615  -116.77814633    -0.49937615

 SCS-MP2 correlation energy:           -0.50770547   (PS=  1.200000  PT=  0.333333)
 SCS-MP2 total energy:               -116.78647565

 MP3(D):                -0.51526275  -116.79403293    -0.01588660
 MP4(DQ):               -0.51594137  -116.79471155    -0.00067862
 MP4(SDQ):              -0.51896793  -116.79773811    -0.00302656

 Norm of t1 vector:      0.04244728      S-energy:    -0.00302656      T1 diagnostic:  0.00750369

 Total CPU time for triples:   6369.20 sec


 RESULTS
 =======

  Reference energy                   -116.278770176903
  MP4(SDQ) singlet pair energy         -0.366576486286
  MP4(SDQ) triplet pair energy         -0.149364888563
  MP4(SDQ) correlation energy          -0.518967933674

  Triples contribution                 -0.017334215479
  Total correlation energy             -0.536302149152

  MP4(SDQ) total energy              -116.797738110577
 !MP4(SDTQ) total energy             -116.815072326055

 Timing summary (sec):

 STEP                 CPU(USER)    SYS     CPU(TOT)    WALL
 Transformation        624.84    111.86    736.70    877.82
 CCSD iterations       400.99     75.94    476.93    561.41
 Triples              6369.20    176.44   6545.64   6841.33

 Program statistics:

 Available memory in ccsd:             13999999644
 Min. memory needed in ccsd:              33339481
 Max. memory used in ccsd:                43277361
 Max. memory used in cckext:              29398049 ( 1 integral passes)



 **********************************************************************************************************************************
 DATASETS  * FILE   NREC   LENGTH (MB)   RECORD NAMES
              1      20    95403.99       500      610      700      900      950      970     1000      129      960     1100   
                                          VAR    BASINP    GEOM    SYMINP    ZMAT    AOBASIS   BASIS     P2S    ABASIS      S 
                                         1400     1410     1200     1210     1080     1600     1650     1300     1700     1380   
                                           T        V       H0       H01     AOSYM     SMH    MOLCAS    ERIS     OPER     JKOP   

              2      10       98.78       200      700     1000      520     2100     2101     2102     2103     2104     2105   
                                        OPTIONS   GEOM     BASIS   MCVARS     RHF      RHF      RHF      RHF      RHF      RHF  

 PROGRAMS   *        TOTAL       MP4        HF       INT       MP4        HF       INT       MP4        HF       INT       MP4
 CPU TIMES  *     51648.49   7395.07   1935.68      0.38   7394.90   1938.29      0.39   1450.65   1933.67      0.38   1448.10
 REAL TIME  *     69901.69 SEC
 DISK USED  *       254.24 GB      
 **********************************************************************************************************************************
 SETTING EMP4_AC        =      -116.81507233  AU                              
 SETTING EMP4_CORR_AC   =        -0.53630215  AU                              

 Running procedure=SET_DIMERBC

 Dummy atoms: C1  H1  H2  H3  H4


 Recomputing one-electron integrals since nuclear charges changed


 PROGRAM * SEWARD (Integral evaluation for generally contracted gaussian basis sets)     Author: Roland Lindh, 1990

 Geometry written to block  1 of record 700


 Point group  C1  



 ATOMIC COORDINATES

 NR  ATOM    CHARGE       X              Y              Z

   1  C1      0.00   -6.193010455    2.801518980    2.403542658
   2  H1      0.00   -4.656285171    1.699997622    3.119937832
   3  H2      0.00   -5.973046335    4.726205038    2.982932688
   4  H3      0.00   -7.940251230    2.077186956    3.118237078
   5  H4      0.00   -6.176569838    2.685300823    0.384937212
   6  O1      8.00  -12.400004884    5.677493169    4.606774346
   7  H5      1.00  -12.146781583    3.932709038    5.214888213
   8  H6      1.00  -11.104030708    6.694165824    5.446946581
   9  O2      8.00   -7.075890501    0.749465381   -4.723937366
  10  H7      1.00   -8.725621408    0.873242442   -3.820459306
  11  H8      1.00   -7.500134016    0.238294464   -6.423179097

 Bond lengths in Bohr (Angstrom)

 1-2  2.021904040  1-3  2.022002335  1-4  2.021953343  1-5  2.022015060  6-7  1.864992273
     ( 1.069945541)     ( 1.069997556)     ( 1.069971630)     ( 1.070004290)     ( 0.986911409)

  6- 8  1.849070506   9-10  1.884994809   9-11  1.824472726
       ( 0.978485973)       ( 0.997496296)       ( 0.965469388)

 Bond angles

  2-1-3  109.53398059   2-1-4  109.65604535   2-1-5  108.43490854   3-1-4  109.49436728

  3- 1- 5  109.86987750   4- 1- 5  109.83468330   7- 6- 8  105.72790617  10- 9-11  105.14667399

 NUCLEAR CHARGE:                   20
 NUMBER OF PRIMITIVE AOS:         810
 NUMBER OF SYMMETRY AOS:          663
 NUMBER OF CONTRACTIONS:          608   ( 608A   )
 NUMBER OF CORE ORBITALS:           2   (   2A   )
 NUMBER OF VALENCE ORBITALS:       12   (  12A   )

 MOLECULE CHANGED: INITIALIZING OCCUPATION AND DUMP RECORDS


 NUCLEAR REPULSION ENERGY   26.38060481


 Eigenvalues of metric

         1 0.125E-04 0.168E-04 0.256E-04 0.297E-04 0.599E-04 0.633E-04 0.699E-04 0.809E-04


 Contracted 2-electron integrals neglected if value below      1.0D-19

 OPERATOR DM      FOR CENTER  0  COORDINATES:    0.000000    0.000000    0.000000


 **********************************************************************************************************************************
 DATASETS  * FILE   NREC   LENGTH (MB)   RECORD NAMES
              1      19    88383.55       500      610      700      900      950      970     1000      129      960     1100   
                                          VAR    BASINP    GEOM    SYMINP    ZMAT    AOBASIS   BASIS     P2S    ABASIS      S 
                                         1400     1410     1200     1210     1080     1600     1650     1300     1700   
                                           T        V       H0       H01     AOSYM     SMH    MOLCAS    ERIS     OPER   

              2      10       98.78       200      700     1000      520     2100     2101     2102     2103     2104     2105   
                                        OPTIONS   GEOM     BASIS   MCVARS     RHF      RHF      RHF      RHF      RHF      RHF  

 PROGRAMS   *        TOTAL       INT       MP4        HF       INT       MP4        HF       INT       MP4        HF       INT
 CPU TIMES  *     51648.88      0.39   7395.07   1935.68      0.38   7394.90   1938.29      0.39   1450.65   1933.67      0.38
 REAL TIME  *     69904.75 SEC
 DISK USED  *       254.24 GB      
 **********************************************************************************************************************************


 PROGRAM * RHF-SCF (CLOSED SHELL)       Authors: W. Meyer, H.-J. Werner


 NUMBER OF ELECTRONS:      10+   10-    SPACE SYMMETRY=1    SPIN SYMMETRY: Singlet 
 CONVERGENCE THRESHOLDS:    1.00E-08 (Density)    1.00E-09 (Energy)
 MAX. NUMBER OF ITERATIONS:       60
 INTERPOLATION TYPE:            DIIS
 INTERPOLATION STEPS:              2 (START)      1 (STEP)
 LEVEL SHIFTS:                  0.00 (CLOSED)  0.00 (OPEN) 



 Orbital guess generated from atomic densities. Full valence occupancy:   14

 Molecular orbital dump at record        2106.2

 Initial occupancy:  10

 ITERATION    DDIFF          GRAD             ENERGY        2-EL.EN.            DIPOLE MOMENTS         DIIS   ORB.
    1      0.000D+00      0.000D+00      -152.04904906    171.637470   -0.27391   -0.57273    0.34462    0    start
    2      0.000D+00      0.396D-02      -152.10240819    164.310396   -0.15368   -0.32392    0.19523    1    diag
    3      0.226D-02      0.253D-02      -152.12562325    167.564197   -0.18299   -0.38556    0.23094    2    diag
    4      0.859D-03      0.236D-03      -152.12601579    167.382078   -0.18096   -0.38285    0.22788    3    diag
    5      0.108D-03      0.666D-04      -152.12605873    167.410967   -0.18012   -0.38182    0.22666    4    diag
    6      0.347D-04      0.133D-04      -152.12606155    167.408887   -0.17992   -0.38160    0.22627    5    diag
    7      0.915D-05      0.273D-05      -152.12606169    167.409190   -0.17983   -0.38153    0.22617    6    diag
    8      0.254D-05      0.571D-06      -152.12606170    167.409164   -0.17984   -0.38151    0.22614    7    diag
    9      0.450D-06      0.259D-06      -152.12606170    167.409149   -0.17983   -0.38151    0.22614    8    diag
   10      0.118D-06      0.409D-07      -152.12606170    167.409144   -0.17983   -0.38151    0.22614    9    orth
   11      0.327D-07      0.963D-08      -152.12606170    167.409147   -0.17983   -0.38151    0.22614    9    diag
   12      0.870D-08      0.188D-08      -152.12606170    167.409146   -0.17983   -0.38151    0.22614    0    orth

 Final occupancy:  10

 !RHF STATE 1.1 Energy               -152.126061697191
 Nuclear energy                        26.38060481
 One-electron energy                 -262.21123960
 Two-electron energy                   83.70457310
 Virial quotient                       -1.00216268
 !RHF STATE 1.1 Dipole moment          -0.17982585    -0.38150568     0.22613898
 Dipole moment /Debye                  -0.45704178    -0.96962721     0.57475031

 Orbital energies:

         1.1          2.1          3.1          4.1          5.1          6.1          7.1          8.1          9.1         10.1
    -20.569729   -20.567036    -1.340474    -1.338979    -0.707500    -0.704455    -0.579043    -0.577607    -0.509327    -0.506897

        11.1         12.1
      0.018046     0.031139

 HOMO     10.1    -0.506897 =     -13.7934eV
 LUMO     11.1     0.018046 =       0.4911eV
 LUMO-HOMO         0.524943 =      14.2844eV


 **********************************************************************************************************************************
 DATASETS  * FILE   NREC   LENGTH (MB)   RECORD NAMES
              1      19    88383.55       500      610      700      900      950      970     1000      129      960     1100   
                                          VAR    BASINP    GEOM    SYMINP    ZMAT    AOBASIS   BASIS     P2S    ABASIS      S 
                                         1400     1410     1200     1210     1080     1600     1650     1300     1700   
                                           T        V       H0       H01     AOSYM     SMH    MOLCAS    ERIS     OPER   

              2      11      116.08       200      700     1000      520     2100     2101     2102     2103     2104     2105   
                                        OPTIONS   GEOM     BASIS   MCVARS     RHF      RHF      RHF      RHF      RHF      RHF  
                                         2106   
                                          RHF  

 PROGRAMS   *        TOTAL        HF       INT       MP4        HF       INT       MP4        HF       INT       MP4        HF
 CPU TIMES  *     53577.88   1928.99      0.39   7395.07   1935.68      0.38   7394.90   1938.29      0.39   1450.65   1933.67
 REAL TIME  *     73149.22 SEC
 DISK USED  *       254.24 GB      
 **********************************************************************************************************************************
 SETTING ESCF_BC        =      -152.12606170  AU                              


 PROGRAM * MP4 (Closed-shell)     Authors: C. Hampel, H.-J. Werner, 1991, M. Deegan, P.J. Knowles, 1992


 Convergence thresholds:  THRVAR = 1.00D-08  THRDEN = 1.00D-08

 MP4(T)     terms to be evaluated (factor= 0.000)


 Number of core orbitals:           2 (   2 )
 Number of closed-shell orbitals:   8 (   8 )
 Number of external orbitals:     598 ( 598 )

 Molecular orbitals read from record     2106.2  Type=RHF/CANONICAL (state 1.1)

 Number of N-1 electron functions:               8
 Number of N-2 electron functions:              36
 Number of singly external CSFs:              4784
 Number of doubly external CSFs:          11445720
 Total number of CSFs:                    11450505

 Length of J-op  integral file:               0.00 MB
 Length of K-op  integral file:              25.46 MB

 Memory could be reduced to 2279.54 Mwords without degradation in triples

 Integral transformation finished. Total CPU: 621.31 sec, npass=  1  Memory used:1043.48 MW

 Reference energy:                   -152.12606170

                        CORR.ENERGY   TOTAL ENERGY   ENERGY CHANGE
 MP2:                   -0.57559980  -152.70166150    -0.57559980

 SCS-MP2 correlation energy:           -0.57347950   (PS=  1.200000  PT=  0.333333)
 SCS-MP2 total energy:               -152.69954120

 MP3(D):                -0.57617611  -152.70223780    -0.00057631
 MP4(DQ):               -0.57672677  -152.70278847    -0.00055066
 MP4(SDQ):              -0.58062182  -152.70668352    -0.00389506

 Norm of t1 vector:      0.04697666      S-energy:    -0.00389506      T1 diagnostic:  0.00830438

 Total CPU time for triples:   6369.07 sec


 RESULTS
 =======

  Reference energy                   -152.126061697190
  MP4(SDQ) singlet pair energy         -0.390773005616
  MP4(SDQ) triplet pair energy         -0.185953762638
  MP4(SDQ) correlation energy          -0.580621823845

  Triples contribution                 -0.021521716114
  Total correlation energy             -0.602143539959

  MP4(SDQ) total energy              -152.706683521035
 !MP4(SDTQ) total energy             -152.728205237149

 Timing summary (sec):

 STEP                 CPU(USER)    SYS     CPU(TOT)    WALL
 Transformation        623.50    106.95    730.45    860.63
 CCSD iterations       400.41     75.05    475.46    506.02
 Triples              6369.08    172.71   6541.79   6755.45

 Program statistics:

 Available memory in ccsd:             13999999644
 Min. memory needed in ccsd:              33339481
 Max. memory used in ccsd:                43277361
 Max. memory used in cckext:              29398049 ( 1 integral passes)



 **********************************************************************************************************************************
 DATASETS  * FILE   NREC   LENGTH (MB)   RECORD NAMES
              1      20    95403.99       500      610      700      900      950      970     1000      129      960     1100   
                                          VAR    BASINP    GEOM    SYMINP    ZMAT    AOBASIS   BASIS     P2S    ABASIS      S 
                                         1400     1410     1200     1210     1080     1600     1650     1300     1700     1380   
                                           T        V       H0       H01     AOSYM     SMH    MOLCAS    ERIS     OPER     JKOP   

              2      11      116.08       200      700     1000      520     2100     2101     2102     2103     2104     2105   
                                        OPTIONS   GEOM     BASIS   MCVARS     RHF      RHF      RHF      RHF      RHF      RHF  
                                         2106   
                                          RHF  

 PROGRAMS   *        TOTAL       MP4        HF       INT       MP4        HF       INT       MP4        HF       INT       MP4
 CPU TIMES  *     60970.89   7393.01   1928.99      0.39   7395.07   1935.68      0.38   7394.90   1938.29      0.39   1450.65
 REAL TIME  *     81271.59 SEC
 DISK USED  *       254.24 GB      
 **********************************************************************************************************************************
 SETTING EMP4_BC        =      -152.72820524  AU                              
 SETTING EMP4_CORR_BC   =        -0.60214354  AU                              
 SETTING E_INT_ABC      =        -0.00131924  AU                              
 SETTING E_INT_AB       =        -0.00022725  AU                              
 SETTING E_INT_AC       =        -0.00077868  AU                              
 SETTING E_INT_BC       =        -0.00028441  AU                              
 SETTING E_ADD          =        -0.00129034  AU                              
 SETTING E_NONADD_MP4   =    -2.88913288D-05  AU                              
 SETTING E_INT_ABC_CORR =        -0.00163882  AU                              
 SETTING E_INT_AB_CORR  =        -0.00092950  AU                              
 SETTING E_INT_AC_CORR  =        -0.00074171  AU                              
 SETTING E_INT_BC_CORR  =     2.18741470D-05  AU                              
 SETTING E_INT_ABC_CORR_ADD              =      -0.00164934  AU                              
 SETTING E_INT_ABC_CORR_NONADD           =   1.05143744D-05  AU                              
 SETTING E_INT_ABC_HF   =         0.00031959  AU                              
 SETTING E_INT_AB_HF    =         0.00070225  AU                              
 SETTING E_INT_AC_HF    =    -3.69711811D-05  AU                              
 SETTING E_INT_BC_HF    =        -0.00030629  AU                              
 SETTING E_INT_ABC_HF_ADD                =       0.00035899  AU                              
 SETTING E_INT_ABC_HF_NONADD             =  -3.94057032D-05  AU                              

 *** results in millihartree
 E_INT_ABC        =        -0.00131924 AU
 E_INT_AB         =        -0.00022725 AU
 E_INT_AC         =        -0.00077868 AU
 E_INT_BC         =        -0.00028441 AU
 E_ADD            =        -0.00129034 AU
 E_NONADD_MP4     =        -0.00002889 AU
 E_INT_ABC_CORR   =        -0.00163882 AU
 E_INT_AB_CORR    =        -0.00092950 AU
 E_INT_AC_CORR    =        -0.00074171 AU
 E_INT_BC_CORR    =         0.00002187 AU
 E_INT_ABC_CORR_ADD       =        -0.00164934 AU
 E_INT_ABC_CORR_NONADD    =         0.00001051 AU
 E_INT_ABC_HF     =         0.00031959 AU
 E_INT_AB_HF      =         0.00070225 AU
 E_INT_AC_HF      =        -0.00003697 AU
 E_INT_BC_HF      =        -0.00030629 AU
 E_INT_ABC_HF_ADD =         0.00035899 AU
 E_INT_ABC_HF_NONADD      =        -0.00003941 AU

 MP4/aug-cc-pVQZ energy=   -152.728205237149

        MP4             HF-SCF          MP4             HF-SCF          MP4             HF-SCF          MP4             HF-SCF  
   -152.72820524   -152.12606170   -116.81507233   -116.27877018   -116.81478838   -116.27822623    -76.36382667    -76.06278007
 **********************************************************************************************************************************
 Molpro calculation terminated
 Variable memory released
