
 Primary working directories    : /net/scratch/people/plgsirous
 Secondary working directories  : /net/scratch/people/plgsirous
 Wavefunction directory         : /net/people/plgsirous/wfu/
 Main file repository           : /net/scratch/people/plgsirous/

 SHA1      : 
 NAME      : 
 ARCHNAME  : linux/x86_64
 FC        : /net/software/local/intel/impi/2018.1.163/bin64/mpiifort
 BLASLIB   : -L/net/software/local/intel/compilers_and_libraries_2018.1.163/linux/mkl/lib/intel64 -lmkl_scalapack_ilp64 -lmkl_intel_ilp64 -lmkl_intel_thread -lmkl_core -lmkl_blacs_intelmpi_ilp64 -liomp5 -lpthread -lm -ldl
 id        : pl

 Nodes     nprocs
 p1227        1

 Using customized tuning parameters: mindgm=7; mindgv=20; mindgc=1; mindgr=1; noblas=0; minvec=7
 default implementation of scratch files=df  

 ***,MP4SD(T)
 memory,14000,m
 gthresh,orbital=1d-8,energy=1d-8,twoint=1.d-19
 angstrom
 geometry={
 C1        -3.2772    1.4825     1.2719
 H1        -2.4640    0.8996     1.6510
 H2        -3.1608    2.5010     1.5785
 H3        -4.2018    1.0992     1.6501
 H4        -3.2685    1.4210     0.2037
 O1        -2.4415    2.8743     -2.1855
 H5        -3.1212    3.4468     -1.7803
 H6        -2.8926    2.0187     -2.3352
 O2        -0.3192    2.3411     3.7644
 H7        0.4075    2.5685     4.3585
 H8        -0.1530    1.4058     3.4959
   }
 
 nkerna=1
 nkernb=1
 nkernc=1
 nkernab=$nkerna+$nkernb
 nkernac=$nkerna+$nkernc
 nkernbc=$nkernb+$nkernc
 nkernabc=$nkerna+$nkernb+$nkernc
 
 proc set_monomera
 core,$nkerna
 dummy,6,7,8,9,10,11;
 endproc
 
 proc set_monomerb
 core,$nkernb
 dummy,1,2,3,4,5,9,10,11;
 endproc
 
 proc set_monomerc
 core,$nkernc
 dummy,1,2,3,4,5,6,7,8;
 endproc
 
 proc set_dimerab
 core,$nkerna+$nkernb
 dummy,9,10,11;
 endproc
 
 proc set_dimerac
 core,$nkerna+$nkernc
 dummy,6,7,8;
 endproc
 
 proc set_dimerbc
 core,$nkernb+$nkernc
 dummy,1,2,3,4,5;
 endproc
 
 proc set_trimerabc
 core,$nkerna+$nkernb+$nkernc
 endproc
 
 basis=avtz
 
 set_trimerabc
 hf
 Escf_ABC=energy
 mp4
 Emp4_ABC=energy
 Emp4_corr_ABC=(Emp4_ABC)-(Escf_ABC)
 
 set_monomera
 {hf
 start,atden}
 Escf_A=energy
 mp4
 Emp4_A=energy
 Emp4_corr_A=(Emp4_A)-(Escf_A)
 
 set_monomerb
 {hf
 start,atden}
 Escf_B=energy
 mp4
 Emp4_B=energy
 Emp4_corr_B=(Emp4_B)-(Escf_B)
 
 set_monomerc
 {hf
 start,atden}
 Escf_C=energy
 mp4
 Emp4_C=energy
 Emp4_corr_C=(Emp4_C)-(Escf_C)
 
 set_dimerab
 {hf
 start,atden}
 Escf_AB=energy
 mp4
 Emp4_AB=energy
 Emp4_corr_AB=(Emp4_AB)-(Escf_AB)
 
 set_dimerac
 {hf
 start,atden}
 Escf_AC=energy
 mp4
 Emp4_AC=energy
 Emp4_corr_AC=(Emp4_AC)-(Escf_AC)
 
 set_dimerbc
 {hf
 start,atden}
 Escf_BC=energy
 mp4
 Emp4_BC=energy
 Emp4_corr_BC=(Emp4_BC)-(Escf_BC)
 
 E_int_ABC=Emp4_ABC-(Emp4_A+Emp4_B+Emp4_C)
 E_int_AB=Emp4_AB-(Emp4_A+Emp4_B)
 E_int_AC=Emp4_AC-(Emp4_A+Emp4_C)
 E_int_BC=Emp4_BC-(Emp4_B+Emp4_C)
 E_add=E_int_AB+E_int_AC+E_int_BC
 E_nonadd_MP4=E_int_ABC-(E_int_AB+E_int_AC+E_int_BC)
                                                                                 !!!!!Correlation part of interaction energy!!!!!!
 E_int_ABC_corr=Emp4_corr_ABC-(Emp4_corr_A+Emp4_corr_B+Emp4_corr_C)
 E_int_AB_corr=Emp4_corr_AB-(Emp4_corr_A+Emp4_corr_B)
 E_int_AC_corr=Emp4_corr_AC-(Emp4_corr_A+Emp4_corr_C)
 E_int_BC_corr=Emp4_corr_BC-(Emp4_corr_B+Emp4_corr_C)
 E_int_ABC_corr_add=E_int_AB_corr+E_int_AC_corr+E_int_BC_corr
 E_int_ABC_corr_nonadd=E_int_ABC_corr-E_int_ABC_corr_add
                                                                                 !!!!HF part of interaction energy!!!!
 E_int_ABC_HF=E_int_ABC-E_int_ABC_corr
 E_int_AB_HF=E_int_AB-E_int_AB_corr
 E_int_AC_HF=E_int_AC-E_int_AC_corr
 E_int_BC_HF=E_int_BC-E_int_BC_corr
 E_int_ABC_HF_add=E_int_AB_HF+E_int_AC_HF+E_int_BC_HF
 E_int_ABC_HF_nonadd=E_int_ABC_HF-E_int_ABC_HF_add
 
 text,results in millihartree
                                                                                 !!!!Interacion Energies!!!!!!
 show,E_int_ABC,E_int_AB,E_int_AC,E_int_BC,E_add,E_nonadd_MP4
                                                                                 !!!!Correlation Part!!!!!!!!
 show,E_int_ABC_corr,E_int_AB_corr,E_int_AC_corr,E_int_BC_corr,E_int_ABC_corr_add,E_int_ABC_corr_nonadd
                                                                                 !!!!SCF Part!!!!!
 show,E_int_ABC_HF,E_int_AB_HF,E_int_AC_HF,E_int_BC_HF,E_int_ABC_HF_add,E_int_ABC_HF_nonadd

 Variables initialized (889), CPU time= 0.01 sec
 Commands  initialized (702), CPU time= 0.00 sec, 572 directives.
 Default parameters read. Elapsed time= 0.08 sec

 Checking input...
 Passed
1


                                         ***  PROGRAM SYSTEM MOLPRO  ***
                                       Copyright, TTI GmbH Stuttgart, 2015
                                    Version 2015.1 linked Jul  2 2018 15:03:07


 **********************************************************************************************************************************
 LABEL *   MP4SD(T)                                                                      
  64 bit serial version                                                                  DATE: 28-Nov-18          TIME: 15:29:37  
 **********************************************************************************************************************************

 SHA1:             
 **********************************************************************************************************************************

 THRESHOLDS:

 ZERO    =  1.00D-12  ONEINT  =  1.00D-12  TWOINT  =  1.00D-19  PREFAC  =  1.00D-14  LOCALI  =  1.00D-09  EORDER  =  1.00D-04
 ENERGY  =  1.00D-08  ETEST   =  0.00D+00  EDENS   =  0.00D+00  THRDEDEF=  1.00D-06  GRADIENT=  1.00D-02  STEP    =  1.00D-03
 ORBITAL =  1.00D-08  CIVEC   =  1.00D-05  COEFF   =  1.00D-04  PRINTCI =  5.00D-02  PUNCHCI =  9.90D+01  OPTGRAD =  3.00D-04
 OPTENERG=  1.00D-06  OPTSTEP =  3.00D-04  THRGRAD =  1.00D-10  COMPRESS=  1.00D-11  VARMIN  =  1.00D-07  VARMAX  =  1.00D-03
 THRDOUB =  0.00D+00  THRDIV  =  1.00D-05  THRRED  =  1.00D-07  THRPSP  =  1.00D+00  THRDC   =  1.00D-10  THRCS   =  1.00D-10
 THRNRM  =  1.00D-08  THREQ   =  0.00D+00  THRDE   =  1.00D+00  THRREF  =  1.00D-05  SPARFAC =  1.00D+00  THRDLP  =  1.00D-07
 THRDIA  =  1.00D-10  THRDLS  =  1.00D-07  THRGPS  =  0.00D+00  THRKEX  =  0.00D+00  THRDIS  =  2.00D-01  THRVAR  =  1.00D-10
 THRLOC  =  1.00D-06  THRGAP  =  1.00D-06  THRLOCT = -1.00D+00  THRGAPT = -1.00D+00  THRORB  =  1.00D-06  THRMLTP =  0.00D+00
 THRCPQCI=  1.00D-10  KEXTA   =  0.00D+00  THRCOARS=  0.00D+00  SYMTOL  =  1.00D-06  GRADTOL =  1.00D-06  THROVL  =  1.00D-08
 THRORTH =  1.00D-08  GRID    =  1.00D-06  GRIDMAX =  1.00D-03  DTMAX   =  0.00D+00  THROCCDE=  1.00D-01  THROCCDE=  1.00D-01


 ZUNIT=ANG
 

Geometry recognized as XYZ

 SETTING NKERNA         =         1.00000000                                  
 SETTING NKERNB         =         1.00000000                                  
 SETTING NKERNC         =         1.00000000                                  
 SETTING NKERNAB        =         2.00000000                                  
 SETTING NKERNAC        =         2.00000000                                  
 SETTING NKERNBC        =         2.00000000                                  
 SETTING NKERNABC       =         3.00000000                                  

 Variable memory set to ********** words,  buffer space   230000 words

 SETTING BASIS          =    AVTZ

 Running procedure=SET_TRIMERABC


 Recomputing integrals since basis changed


 Using spherical harmonics

 Library entry C      S aug-cc-pVTZ          selected for orbital group  1
 Library entry C      P aug-cc-pVTZ          selected for orbital group  1
 Library entry C      D aug-cc-pVTZ          selected for orbital group  1
 Library entry C      F aug-cc-pVTZ          selected for orbital group  1
 Library entry H      S aug-cc-pVTZ          selected for orbital group  2
 Library entry H      P aug-cc-pVTZ          selected for orbital group  2
 Library entry H      D aug-cc-pVTZ          selected for orbital group  2
 Library entry O      S aug-cc-pVTZ          selected for orbital group  3
 Library entry O      P aug-cc-pVTZ          selected for orbital group  3
 Library entry O      D aug-cc-pVTZ          selected for orbital group  3
 Library entry O      F aug-cc-pVTZ          selected for orbital group  3


 PROGRAM * SEWARD (Integral evaluation for generally contracted gaussian basis sets)     Author: Roland Lindh, 1990

 Geometry written to block  1 of record 700


 Point group  C1  



 ATOMIC COORDINATES

 NR  ATOM    CHARGE       X              Y              Z

   1  C1      6.00   -6.193010455    2.801518980    2.403542658
   2  H1      1.00   -4.656285171    1.699997622    3.119937832
   3  H2      1.00   -5.973046335    4.726205038    2.982932688
   4  H3      1.00   -7.940251230    2.077186956    3.118237078
   5  H4      1.00   -6.176569838    2.685300823    0.384937212
   6  O1      8.00   -4.613766333    5.431639800   -4.129996445
   7  H5      1.00   -5.898213180    6.513508006   -3.364279420
   8  H6      1.00   -5.466221788    3.814790128   -4.412888446
   9  O2      8.00   -0.603200579    4.424037830    7.113685023
  10  H7      1.00    0.770063396    4.853761551    8.236371314
  11  H8      1.00   -0.289128097    2.656576986    6.606293559

 Bond lengths in Bohr (Angstrom)

 1-2  2.021904040  1-3  2.022002335  1-4  2.021953343  1-5  2.022015060  6-7  1.845688241
     ( 1.069945541)     ( 1.069997556)     ( 1.069971630)     ( 1.070004290)     ( 0.976696155)

  6- 8  1.849570504   9-10  1.825086553   9-11  1.865477274
       ( 0.978750561)       ( 0.965794212)       ( 0.987168061)

 Bond angles

  2-1-3  109.53398059   2-1-4  109.65604535   2-1-5  108.43490854   3-1-4  109.49436728

  3- 1- 5  109.86987750   4- 1- 5  109.83468330   7- 6- 8  104.78050181  10- 9-11  105.29057030

 NUCLEAR CHARGE:                   30
 NUMBER OF PRIMITIVE AOS:         417
 NUMBER OF SYMMETRY AOS:          374
 NUMBER OF CONTRACTIONS:          322   ( 322A   )
 NUMBER OF CORE ORBITALS:           3   (   3A   )
 NUMBER OF VALENCE ORBITALS:       20   (  20A   )


 NUCLEAR REPULSION ENERGY   67.07573051


 Eigenvalues of metric

         1 0.410E-04 0.633E-04 0.856E-04 0.961E-04 0.311E-03 0.332E-03 0.342E-03 0.373E-03


 Contracted 2-electron integrals neglected if value below      1.0D-19
 AO integral compression algorithm  1   Integral accuracy      1.0D-19

     8905.032 MB (compressed) written to integral file ( 74.7%)


 NUMBER OF SORTED TWO-ELECTRON INTEGRALS: 1352182006.     BUFFER LENGTH:  32768
 NUMBER OF SEGMENTS:  43  SEGMENT LENGTH:   31998710      RECORD LENGTH: 524288

 Memory used in sort:      32.56 MW

 SORT1 READ  1490025474. AND WROTE  1159466774. INTEGRALS IN   3337 RECORDS. CPU TIME:    14.58 SEC, REAL TIME:   101.13 SEC
 SORT2 READ  1159466774. AND WROTE  1352182006. INTEGRALS IN  33970 RECORDS. CPU TIME:    15.79 SEC, REAL TIME:    89.33 SEC

 FILE SIZES:   FILE 1:  8928.9 MBYTE,  FILE 4: 13996.4 MBYTE,   TOTAL:  22925.3 MBYTE

 OPERATOR DM      FOR CENTER  0  COORDINATES:    0.000000    0.000000    0.000000


 **********************************************************************************************************************************
 DATASETS  * FILE   NREC   LENGTH (MB)   RECORD NAMES
              1      19     8136.51       500      610      700      900      950      970     1000      129      960     1100   
                                          VAR    BASINP    GEOM    SYMINP    ZMAT    AOBASIS   BASIS     P2S    ABASIS      S 
                                         1400     1410     1200     1210     1080     1600     1650     1300     1700   
                                           T        V       H0       H01     AOSYM     SMH    MOLCAS    ERIS     OPER   

 PROGRAMS   *        TOTAL       INT
 CPU TIMES  *        68.35     68.20
 REAL TIME  *       293.86 SEC
 DISK USED  *        22.93 GB      
 **********************************************************************************************************************************


 PROGRAM * RHF-SCF (CLOSED SHELL)       Authors: W. Meyer, H.-J. Werner


 NUMBER OF ELECTRONS:      15+   15-    SPACE SYMMETRY=1    SPIN SYMMETRY: Singlet 
 CONVERGENCE THRESHOLDS:    1.00E-08 (Density)    1.00E-09 (Energy)
 MAX. NUMBER OF ITERATIONS:       60
 INTERPOLATION TYPE:            DIIS
 INTERPOLATION STEPS:              2 (START)      1 (STEP)
 LEVEL SHIFTS:                  0.00 (CLOSED)  0.00 (OPEN) 



 Orbital guess generated from atomic densities. Full valence occupancy:   23

 Molecular orbital dump at record        2100.2

 Initial occupancy:  15

 ITERATION    DDIFF          GRAD             ENERGY        2-EL.EN.            DIPOLE MOMENTS         DIIS   ORB.
    1      0.000D+00      0.000D+00      -192.23279719    279.211670   -0.22452   -0.96450    0.55442    0    start
    2      0.000D+00      0.480D-02      -192.30361413    270.629944   -0.07828   -0.50499    0.37569    1    diag
    3      0.511D-02      0.292D-02      -192.32827868    274.280178   -0.11592   -0.61861    0.41934    2    diag
    4      0.174D-02      0.366D-03      -192.32913654    274.077841   -0.11580   -0.61201    0.41411    3    diag
    5      0.326D-03      0.105D-03      -192.32922608    274.085494   -0.11540   -0.61073    0.41439    4    diag
    6      0.118D-03      0.264D-04      -192.32923146    274.092356   -0.11534   -0.61033    0.41423    5    diag
    7      0.337D-04      0.602D-05      -192.32923186    274.089850   -0.11536   -0.61034    0.41429    6    diag
    8      0.102D-04      0.150D-05      -192.32923189    274.090095   -0.11534   -0.61029    0.41430    7    diag
    9      0.231D-05      0.318D-06      -192.32923189    274.090050   -0.11533   -0.61027    0.41430    8    diag
   10      0.672D-06      0.419D-07      -192.32923189    274.090048   -0.11533   -0.61027    0.41430    9    orth
   11      0.538D-07      0.151D-07      -192.32923189    274.090049   -0.11533   -0.61027    0.41430    9    diag
   12      0.191D-07      0.697D-08      -192.32923189    274.090051   -0.11533   -0.61027    0.41430    9    diag
   13      0.913D-08      0.171D-08      -192.32923189    274.090050   -0.11533   -0.61027    0.41430    0    orth

 Final occupancy:  15

 !RHF STATE 1.1 Energy               -192.329231892553
 Nuclear energy                        67.07573051
 One-electron energy                 -396.44998730
 Two-electron energy                  137.04502490
 Virial quotient                       -1.00153013
 !RHF STATE 1.1 Dipole moment          -0.11533136    -0.61026878     0.41430332
 Dipole moment /Debye                  -0.29312387    -1.55104693     1.05298503

 Orbital energies:

         1.1          2.1          3.1          4.1          5.1          6.1          7.1          8.1          9.1         10.1
    -20.569226   -20.567163   -11.193620    -1.342549    -1.340007    -0.947126    -0.708109    -0.704133    -0.579099    -0.578071

        11.1         12.1         13.1         14.1         15.1         16.1         17.1
     -0.548803    -0.545417    -0.544952    -0.507636    -0.504057     0.026587     0.034984

 HOMO     15.1    -0.504057 =     -13.7161eV
 LUMO     16.1     0.026587 =       0.7235eV
 LUMO-HOMO         0.530644 =      14.4396eV


 **********************************************************************************************************************************
 DATASETS  * FILE   NREC   LENGTH (MB)   RECORD NAMES
              1      19     8136.51       500      610      700      900      950      970     1000      129      960     1100   
                                          VAR    BASINP    GEOM    SYMINP    ZMAT    AOBASIS   BASIS     P2S    ABASIS      S 
                                         1400     1410     1200     1210     1080     1600     1650     1300     1700   
                                           T        V       H0       H01     AOSYM     SMH    MOLCAS    ERIS     OPER   

              2       5        6.86       200      700     1000      520     2100   
                                        OPTIONS   GEOM     BASIS   MCVARS     RHF  

 PROGRAMS   *        TOTAL        HF       INT
 CPU TIMES  *       229.77    161.42     68.20
 REAL TIME  *       579.52 SEC
 DISK USED  *        22.93 GB      
 **********************************************************************************************************************************
 SETTING ESCF_ABC       =      -192.32923189  AU                              


 PROGRAM * MP4 (Closed-shell)     Authors: C. Hampel, H.-J. Werner, 1991, M. Deegan, P.J. Knowles, 1992


 Convergence thresholds:  THRVAR = 1.00D-08  THRDEN = 1.00D-08

 MP4(T)     terms to be evaluated (factor= 0.000)


 Number of core orbitals:           3 (   3 )
 Number of closed-shell orbitals:  12 (  12 )
 Number of external orbitals:     307 ( 307 )

 Molecular orbitals read from record     2100.2  Type=RHF/CANONICAL (state 1.1)

 Number of N-1 electron functions:              12
 Number of N-2 electron functions:              78
 Number of singly external CSFs:              3684
 Number of doubly external CSFs:           6787770
 Total number of CSFs:                     6791455

 Length of J-op  integral file:               0.00 MB
 Length of K-op  integral file:               7.17 MB

 Memory could be reduced to 437.50 Mwords without degradation in triples

 Integral transformation finished. Total CPU:  61.59 sec, npass=  1  Memory used: 233.41 MW

 Reference energy:                   -192.32923189

                        CORR.ENERGY   TOTAL ENERGY   ENERGY CHANGE
 MP2:                   -0.74195165  -193.07118355    -0.74195165

 SCS-MP2 correlation energy:           -0.74441575   (PS=  1.200000  PT=  0.333333)
 SCS-MP2 total energy:               -193.07364764

 MP3(D):                -0.76464265  -193.09387454    -0.02269100
 MP4(DQ):               -0.76674391  -193.09597580    -0.00210126
 MP4(SDQ):              -0.77168622  -193.10091811    -0.00494231

 Norm of t1 vector:      0.05551968      S-energy:    -0.00494231      T1 diagnostic:  0.00801358


 Total CPU time for triples:   1581.70 sec


 RESULTS
 =======

  Reference energy                   -192.329231892554
  MP4(SDQ) singlet pair energy         -0.530204452904
  MP4(SDQ) triplet pair energy         -0.236539456158
  MP4(SDQ) correlation energy          -0.771686218717

  Triples contribution                 -0.025647729454
  Total correlation energy             -0.797333948171

  MP4(SDQ) total energy              -193.100918111271
 !MP4(SDTQ) total energy             -193.126565840725

 Timing summary (sec):

 STEP                 CPU(USER)    SYS     CPU(TOT)    WALL
 Transformation         62.33     11.70     74.03     77.23
 CCSD iterations        77.06      6.25     83.31     99.03
 Triples              1581.71     29.92   1611.63   1611.86

 Program statistics:

 Available memory in ccsd:             13999999324
 Min. memory needed in ccsd:              17471288
 Max. memory used in ccsd:                23578322
 Max. memory used in cckext:              17102349 ( 1 integral passes)



 **********************************************************************************************************************************
 DATASETS  * FILE   NREC   LENGTH (MB)   RECORD NAMES
              1      20     9628.90       500      610      700      900      950      970     1000      129      960     1100   
                                          VAR    BASINP    GEOM    SYMINP    ZMAT    AOBASIS   BASIS     P2S    ABASIS      S 
                                         1400     1410     1200     1210     1080     1600     1650     1300     1700     1380   
                                           T        V       H0       H01     AOSYM     SMH    MOLCAS    ERIS     OPER     JKOP   

              2       5        6.86       200      700     1000      520     2100   
                                        OPTIONS   GEOM     BASIS   MCVARS     RHF  

 PROGRAMS   *        TOTAL       MP4        HF       INT
 CPU TIMES  *      1950.89   1721.12    161.42     68.20
 REAL TIME  *      2368.04 SEC
 DISK USED  *        22.93 GB      
 **********************************************************************************************************************************
 SETTING EMP4_ABC       =      -193.12656584  AU                              
 SETTING EMP4_CORR_ABC  =        -0.79733395  AU                              

 Running procedure=SET_MONOMERA

 Dummy atoms: O1  H5  H6  O2  H7  H8


 Recomputing one-electron integrals since nuclear charges changed


 PROGRAM * SEWARD (Integral evaluation for generally contracted gaussian basis sets)     Author: Roland Lindh, 1990

 Geometry written to block  1 of record 700


 Point group  C1  



 ATOMIC COORDINATES

 NR  ATOM    CHARGE       X              Y              Z

   1  C1      6.00   -6.193010455    2.801518980    2.403542658
   2  H1      1.00   -4.656285171    1.699997622    3.119937832
   3  H2      1.00   -5.973046335    4.726205038    2.982932688
   4  H3      1.00   -7.940251230    2.077186956    3.118237078
   5  H4      1.00   -6.176569838    2.685300823    0.384937212
   6  O1      0.00   -4.613766333    5.431639800   -4.129996445
   7  H5      0.00   -5.898213180    6.513508006   -3.364279420
   8  H6      0.00   -5.466221788    3.814790128   -4.412888446
   9  O2      0.00   -0.603200579    4.424037830    7.113685023
  10  H7      0.00    0.770063396    4.853761551    8.236371314
  11  H8      0.00   -0.289128097    2.656576986    6.606293559

 Bond lengths in Bohr (Angstrom)

 1-2  2.021904040  1-3  2.022002335  1-4  2.021953343  1-5  2.022015060  6-7  1.845688241
     ( 1.069945541)     ( 1.069997556)     ( 1.069971630)     ( 1.070004290)     ( 0.976696155)

  6- 8  1.849570504   9-10  1.825086553   9-11  1.865477274
       ( 0.978750561)       ( 0.965794212)       ( 0.987168061)

 Bond angles

  2-1-3  109.53398059   2-1-4  109.65604535   2-1-5  108.43490854   3-1-4  109.49436728

  3- 1- 5  109.86987750   4- 1- 5  109.83468330   7- 6- 8  104.78050181  10- 9-11  105.29057030

 NUCLEAR CHARGE:                   10
 NUMBER OF PRIMITIVE AOS:         417
 NUMBER OF SYMMETRY AOS:          374
 NUMBER OF CONTRACTIONS:          322   ( 322A   )
 NUMBER OF CORE ORBITALS:           1   (   1A   )
 NUMBER OF VALENCE ORBITALS:        8   (   8A   )

 MOLECULE CHANGED: INITIALIZING OCCUPATION AND DUMP RECORDS


 NUCLEAR REPULSION ENERGY   13.68681606


 Eigenvalues of metric

         1 0.410E-04 0.633E-04 0.856E-04 0.961E-04 0.311E-03 0.332E-03 0.342E-03 0.373E-03


 Contracted 2-electron integrals neglected if value below      1.0D-19

 OPERATOR DM      FOR CENTER  0  COORDINATES:    0.000000    0.000000    0.000000


 **********************************************************************************************************************************
 DATASETS  * FILE   NREC   LENGTH (MB)   RECORD NAMES
              1      19     8136.51       500      610      700      900      950      970     1000      129      960     1100   
                                          VAR    BASINP    GEOM    SYMINP    ZMAT    AOBASIS   BASIS     P2S    ABASIS      S 
                                         1400     1410     1200     1210     1080     1600     1650     1300     1700   
                                           T        V       H0       H01     AOSYM     SMH    MOLCAS    ERIS     OPER   

              2       5        6.86       200      700     1000      520     2100   
                                        OPTIONS   GEOM     BASIS   MCVARS     RHF  

 PROGRAMS   *        TOTAL       INT       MP4        HF       INT
 CPU TIMES  *      1951.01      0.12   1721.12    161.42     68.20
 REAL TIME  *      2369.23 SEC
 DISK USED  *        22.93 GB      
 **********************************************************************************************************************************


 PROGRAM * RHF-SCF (CLOSED SHELL)       Authors: W. Meyer, H.-J. Werner


 NUMBER OF ELECTRONS:       5+    5-    SPACE SYMMETRY=1    SPIN SYMMETRY: Singlet 
 CONVERGENCE THRESHOLDS:    1.00E-08 (Density)    1.00E-09 (Energy)
 MAX. NUMBER OF ITERATIONS:       60
 INTERPOLATION TYPE:            DIIS
 INTERPOLATION STEPS:              2 (START)      1 (STEP)
 LEVEL SHIFTS:                  0.00 (CLOSED)  0.00 (OPEN) 



 Orbital guess generated from atomic densities. Full valence occupancy:    9

 Molecular orbital dump at record        2101.2

 Initial occupancy:   5

 ITERATION    DDIFF          GRAD             ENERGY        2-EL.EN.            DIPOLE MOMENTS         DIIS   ORB.
    1      0.000D+00      0.000D+00       -40.19359196     53.494063    0.00411   -0.00277   -0.00132    0    start
    2      0.000D+00      0.298D-02       -40.21071033     52.213682    0.00130   -0.00090   -0.00041    1    diag
    3      0.234D-02      0.116D-02       -40.21295894     52.664869    0.00183   -0.00126   -0.00057    2    diag
    4      0.655D-03      0.288D-03       -40.21327444     52.609848    0.00162   -0.00112   -0.00050    3    diag
    5      0.218D-03      0.374D-04       -40.21327983     52.612183    0.00160   -0.00111   -0.00049    4    diag
    6      0.627D-04      0.291D-05       -40.21327987     52.612281    0.00160   -0.00110   -0.00049    5    diag
    7      0.524D-05      0.223D-06       -40.21327987     52.612247    0.00159   -0.00110   -0.00049    6    diag
    8      0.725D-06      0.187D-07       -40.21327987     52.612248    0.00159   -0.00110   -0.00049    7    diag
    9      0.132D-06      0.241D-08       -40.21327987     52.612248    0.00159   -0.00110   -0.00049    8    diag
   10      0.698D-08      0.673D-09       -40.21327987     52.612248    0.00159   -0.00110   -0.00049    0    orth

 Final occupancy:   5

 !RHF STATE 1.1 Energy                -40.213279872147
 Nuclear energy                        13.68681606
 One-electron energy                  -80.20621975
 Two-electron energy                   26.30612382
 Virial quotient                       -0.99869851
 !RHF STATE 1.1 Dipole moment           0.00159413    -0.00110361    -0.00049083
 Dipole moment /Debye                   0.00405160    -0.00280491    -0.00124749

 Orbital energies:

         1.1          2.1          3.1          4.1          5.1          6.1          7.1
    -11.197211    -0.950741    -0.551695    -0.549758    -0.547582     0.024487     0.035670

 HOMO      5.1    -0.547582 =     -14.9005eV
 LUMO      6.1     0.024487 =       0.6663eV
 LUMO-HOMO         0.572069 =      15.5668eV


 **********************************************************************************************************************************
 DATASETS  * FILE   NREC   LENGTH (MB)   RECORD NAMES
              1      19     8136.51       500      610      700      900      950      970     1000      129      960     1100   
                                          VAR    BASINP    GEOM    SYMINP    ZMAT    AOBASIS   BASIS     P2S    ABASIS      S 
                                         1400     1410     1200     1210     1080     1600     1650     1300     1700   
                                           T        V       H0       H01     AOSYM     SMH    MOLCAS    ERIS     OPER   

              2       6       13.52       200      700     1000      520     2100     2101   
                                        OPTIONS   GEOM     BASIS   MCVARS     RHF      RHF  

 PROGRAMS   *        TOTAL        HF       INT       MP4        HF       INT
 CPU TIMES  *      2077.64    126.63      0.12   1721.12    161.42     68.20
 REAL TIME  *      2588.57 SEC
 DISK USED  *        22.93 GB      
 **********************************************************************************************************************************
 SETTING ESCF_A         =       -40.21327987  AU                              


 PROGRAM * MP4 (Closed-shell)     Authors: C. Hampel, H.-J. Werner, 1991, M. Deegan, P.J. Knowles, 1992


 Convergence thresholds:  THRVAR = 1.00D-08  THRDEN = 1.00D-08

 MP4(T)     terms to be evaluated (factor= 0.000)


 Number of core orbitals:           1 (   1 )
 Number of closed-shell orbitals:   4 (   4 )
 Number of external orbitals:     317 ( 317 )

 Molecular orbitals read from record     2101.2  Type=RHF/CANONICAL (state 1.1)

 Number of N-1 electron functions:               4
 Number of N-2 electron functions:              10
 Number of singly external CSFs:              1268
 Number of doubly external CSFs:            804546
 Total number of CSFs:                      805815

 Length of J-op  integral file:               0.00 MB
 Length of K-op  integral file:               7.17 MB

 Memory could be reduced to 210.42 Mwords without degradation in triples

 Integral transformation finished. Total CPU:  26.81 sec, npass=  1  Memory used:  87.59 MW

 Reference energy:                    -40.21327987

                        CORR.ENERGY   TOTAL ENERGY   ENERGY CHANGE
 MP2:                   -0.20057494   -40.41385481    -0.20057494

 SCS-MP2 correlation energy:           -0.20887058   (PS=  1.200000  PT=  0.333333)
 SCS-MP2 total energy:                -40.42215045

 MP3(D):                -0.21860535   -40.43188522    -0.01803041
 MP4(DQ):               -0.21936028   -40.43264015    -0.00075494
 MP4(SDQ):              -0.22028655   -40.43356642    -0.00092627

 Norm of t1 vector:      0.02389601      S-energy:    -0.00092627      T1 diagnostic:  0.00597400


 Total CPU time for triples:     77.70 sec


 RESULTS
 =======

  Reference energy                    -40.213279872147
  MP4(SDQ) singlet pair energy         -0.164584119931
  MP4(SDQ) triplet pair energy         -0.054776162847
  MP4(SDQ) correlation energy          -0.220286551836

  Triples contribution                 -0.005926199150
  Total correlation energy             -0.226212750985

  MP4(SDQ) total energy               -40.433566423983
 !MP4(SDTQ) total energy              -40.439492623132

 Timing summary (sec):

 STEP                 CPU(USER)    SYS     CPU(TOT)    WALL
 Transformation         26.91      7.93     34.84     40.40
 CCSD iterations        16.73      6.46     23.19     39.40
 Triples                77.70      1.43     79.13     79.16

 Program statistics:

 Available memory in ccsd:             13999999836
 Min. memory needed in ccsd:               3677238
 Max. memory used in ccsd:                 4267372
 Max. memory used in cckext:               2832301 ( 1 integral passes)



 **********************************************************************************************************************************
 DATASETS  * FILE   NREC   LENGTH (MB)   RECORD NAMES
              1      20     8661.94       500      610      700      900      950      970     1000      129      960     1100   
                                          VAR    BASINP    GEOM    SYMINP    ZMAT    AOBASIS   BASIS     P2S    ABASIS      S 
                                         1400     1410     1200     1210     1080     1600     1650     1300     1700     1380   
                                           T        V       H0       H01     AOSYM     SMH    MOLCAS    ERIS     OPER     JKOP   

              2       6       13.52       200      700     1000      520     2100     2101   
                                        OPTIONS   GEOM     BASIS   MCVARS     RHF      RHF  

 PROGRAMS   *        TOTAL       MP4        HF       INT       MP4        HF       INT
 CPU TIMES  *      2199.01    121.37    126.63      0.12   1721.12    161.42     68.20
 REAL TIME  *      2749.26 SEC
 DISK USED  *        22.93 GB      
 **********************************************************************************************************************************
 SETTING EMP4_A         =       -40.43949262  AU                              
 SETTING EMP4_CORR_A    =        -0.22621275  AU                              

 Running procedure=SET_MONOMERB

 Dummy atoms: C1  H1  H2  H3  H4  O2  H7  H8


 Recomputing one-electron integrals since nuclear charges changed


 PROGRAM * SEWARD (Integral evaluation for generally contracted gaussian basis sets)     Author: Roland Lindh, 1990

 Geometry written to block  1 of record 700


 Point group  C1  



 ATOMIC COORDINATES

 NR  ATOM    CHARGE       X              Y              Z

   1  C1      0.00   -6.193010455    2.801518980    2.403542658
   2  H1      0.00   -4.656285171    1.699997622    3.119937832
   3  H2      0.00   -5.973046335    4.726205038    2.982932688
   4  H3      0.00   -7.940251230    2.077186956    3.118237078
   5  H4      0.00   -6.176569838    2.685300823    0.384937212
   6  O1      8.00   -4.613766333    5.431639800   -4.129996445
   7  H5      1.00   -5.898213180    6.513508006   -3.364279420
   8  H6      1.00   -5.466221788    3.814790128   -4.412888446
   9  O2      0.00   -0.603200579    4.424037830    7.113685023
  10  H7      0.00    0.770063396    4.853761551    8.236371314
  11  H8      0.00   -0.289128097    2.656576986    6.606293559

 Bond lengths in Bohr (Angstrom)

 1-2  2.021904040  1-3  2.022002335  1-4  2.021953343  1-5  2.022015060  6-7  1.845688241
     ( 1.069945541)     ( 1.069997556)     ( 1.069971630)     ( 1.070004290)     ( 0.976696155)

  6- 8  1.849570504   9-10  1.825086553   9-11  1.865477274
       ( 0.978750561)       ( 0.965794212)       ( 0.987168061)

 Bond angles

  2-1-3  109.53398059   2-1-4  109.65604535   2-1-5  108.43490854   3-1-4  109.49436728

  3- 1- 5  109.86987750   4- 1- 5  109.83468330   7- 6- 8  104.78050181  10- 9-11  105.29057030

 NUCLEAR CHARGE:                   10
 NUMBER OF PRIMITIVE AOS:         417
 NUMBER OF SYMMETRY AOS:          374
 NUMBER OF CONTRACTIONS:          322   ( 322A   )
 NUMBER OF CORE ORBITALS:           1   (   1A   )
 NUMBER OF VALENCE ORBITALS:        6   (   6A   )

 MOLECULE CHANGED: INITIALIZING OCCUPATION AND DUMP RECORDS


 NUCLEAR REPULSION ENERGY    9.00136291


 Eigenvalues of metric

         1 0.410E-04 0.633E-04 0.856E-04 0.961E-04 0.311E-03 0.332E-03 0.342E-03 0.373E-03


 Contracted 2-electron integrals neglected if value below      1.0D-19

 OPERATOR DM      FOR CENTER  0  COORDINATES:    0.000000    0.000000    0.000000


 **********************************************************************************************************************************
 DATASETS  * FILE   NREC   LENGTH (MB)   RECORD NAMES
              1      19     8136.51       500      610      700      900      950      970     1000      129      960     1100   
                                          VAR    BASINP    GEOM    SYMINP    ZMAT    AOBASIS   BASIS     P2S    ABASIS      S 
                                         1400     1410     1200     1210     1080     1600     1650     1300     1700   
                                           T        V       H0       H01     AOSYM     SMH    MOLCAS    ERIS     OPER   

              2       6       13.52       200      700     1000      520     2100     2101   
                                        OPTIONS   GEOM     BASIS   MCVARS     RHF      RHF  

 PROGRAMS   *        TOTAL       INT       MP4        HF       INT       MP4        HF       INT
 CPU TIMES  *      2199.12      0.11    121.37    126.63      0.12   1721.12    161.42     68.20
 REAL TIME  *      2750.38 SEC
 DISK USED  *        22.93 GB      
 **********************************************************************************************************************************


 PROGRAM * RHF-SCF (CLOSED SHELL)       Authors: W. Meyer, H.-J. Werner


 NUMBER OF ELECTRONS:       5+    5-    SPACE SYMMETRY=1    SPIN SYMMETRY: Singlet 
 CONVERGENCE THRESHOLDS:    1.00E-08 (Density)    1.00E-09 (Energy)
 MAX. NUMBER OF ITERATIONS:       60
 INTERPOLATION TYPE:            DIIS
 INTERPOLATION STEPS:              2 (START)      1 (STEP)
 LEVEL SHIFTS:                  0.00 (CLOSED)  0.00 (OPEN) 



 Orbital guess generated from atomic densities. Full valence occupancy:    7

 Molecular orbital dump at record        2102.2

 Initial occupancy:   5

 ITERATION    DDIFF          GRAD             ENERGY        2-EL.EN.            DIPOLE MOMENTS         DIIS   ORB.
    1      0.000D+00      0.000D+00       -76.02025974     77.378072   -1.09441   -0.27466    0.24688    0    start
    2      0.000D+00      0.539D-02       -76.04693906     73.751343   -0.63647   -0.15910    0.14360    1    diag
    3      0.320D-02      0.344D-02       -76.05831261     75.355948   -0.75011   -0.18765    0.16929    2    diag
    4      0.116D-02      0.317D-03       -76.05850336     75.266437   -0.74579   -0.18645    0.16835    3    diag
    5      0.147D-03      0.882D-04       -76.05852343     75.280669   -0.74416   -0.18599    0.16800    4    diag
    6      0.457D-04      0.172D-04       -76.05852467     75.279791   -0.74386   -0.18590    0.16794    5    diag
    7      0.119D-04      0.339D-05       -76.05852473     75.279918   -0.74374   -0.18587    0.16791    6    diag
    8      0.332D-05      0.622D-06       -76.05852473     75.279903   -0.74371   -0.18586    0.16790    7    diag
    9      0.552D-06      0.783D-07       -76.05852473     75.279894   -0.74370   -0.18586    0.16790    8    diag
   10      0.659D-07      0.191D-07       -76.05852473     75.279898   -0.74370   -0.18586    0.16790    9    orth
   11      0.169D-07      0.348D-08       -76.05852473     75.279897   -0.74370   -0.18586    0.16790    9    diag
   12      0.353D-08      0.508D-09       -76.05852473     75.279897   -0.74370   -0.18586    0.16790    0    orth

 Final occupancy:   5

 !RHF STATE 1.1 Energy                -76.058524733905
 Nuclear energy                         9.00136291
 One-electron energy                 -122.69983628
 Two-electron energy                   37.63994863
 Virial quotient                       -1.00236049
 !RHF STATE 1.1 Dipole moment          -0.74370356    -0.18585792     0.16790313
 Dipole moment /Debye                  -1.89018210    -0.47237277     0.42673925

 Orbital energies:

         1.1          2.1          3.1          4.1          5.1          6.1          7.1
    -20.570609    -1.343051    -0.707220    -0.580469    -0.508621     0.018776     0.033756

 HOMO      5.1    -0.508621 =     -13.8403eV
 LUMO      6.1     0.018776 =       0.5109eV
 LUMO-HOMO         0.527397 =      14.3512eV


 **********************************************************************************************************************************
 DATASETS  * FILE   NREC   LENGTH (MB)   RECORD NAMES
              1      19     8136.51       500      610      700      900      950      970     1000      129      960     1100   
                                          VAR    BASINP    GEOM    SYMINP    ZMAT    AOBASIS   BASIS     P2S    ABASIS      S 
                                         1400     1410     1200     1210     1080     1600     1650     1300     1700   
                                           T        V       H0       H01     AOSYM     SMH    MOLCAS    ERIS     OPER   

              2       7       20.17       200      700     1000      520     2100     2101     2102   
                                        OPTIONS   GEOM     BASIS   MCVARS     RHF      RHF      RHF  

 PROGRAMS   *        TOTAL        HF       INT       MP4        HF       INT       MP4        HF       INT
 CPU TIMES  *      2348.42    149.29      0.11    121.37    126.63      0.12   1721.12    161.42     68.20
 REAL TIME  *      2989.38 SEC
 DISK USED  *        22.93 GB      
 **********************************************************************************************************************************
 SETTING ESCF_B         =       -76.05852473  AU                              


 PROGRAM * MP4 (Closed-shell)     Authors: C. Hampel, H.-J. Werner, 1991, M. Deegan, P.J. Knowles, 1992


 Convergence thresholds:  THRVAR = 1.00D-08  THRDEN = 1.00D-08

 MP4(T)     terms to be evaluated (factor= 0.000)


 Number of core orbitals:           1 (   1 )
 Number of closed-shell orbitals:   4 (   4 )
 Number of external orbitals:     317 ( 317 )

 Molecular orbitals read from record     2102.2  Type=RHF/CANONICAL (state 1.1)

 Number of N-1 electron functions:               4
 Number of N-2 electron functions:              10
 Number of singly external CSFs:              1268
 Number of doubly external CSFs:            804546
 Total number of CSFs:                      805815

 Length of J-op  integral file:               0.00 MB
 Length of K-op  integral file:               7.17 MB

 Memory could be reduced to 210.42 Mwords without degradation in triples

 Integral transformation finished. Total CPU:  26.53 sec, npass=  1  Memory used:  87.59 MW

 Reference energy:                    -76.05852473

                        CORR.ENERGY   TOTAL ENERGY   ENERGY CHANGE
 MP2:                   -0.27011401   -76.32863874    -0.27011401

 SCS-MP2 correlation energy:           -0.26735421   (PS=  1.200000  PT=  0.333333)
 SCS-MP2 total energy:                -76.32587895

 MP3(D):                -0.27239818   -76.33092291    -0.00228417
 MP4(DQ):               -0.27314048   -76.33166521    -0.00074230
 MP4(SDQ):              -0.27512380   -76.33364853    -0.00198332

 Norm of t1 vector:      0.03500220      S-energy:    -0.00198332      T1 diagnostic:  0.00875055

 Total CPU time for triples:     77.67 sec


 RESULTS
 =======

  Reference energy                    -76.058524733905
  MP4(SDQ) singlet pair energy         -0.182744011978
  MP4(SDQ) triplet pair energy         -0.090396467367
  MP4(SDQ) correlation energy          -0.275123799971

  Triples contribution                 -0.009761262184
  Total correlation energy             -0.284885062154

  MP4(SDQ) total energy               -76.333648533876
 !MP4(SDTQ) total energy              -76.343409796060

 Timing summary (sec):

 STEP                 CPU(USER)    SYS     CPU(TOT)    WALL
 Transformation         26.63      7.81     34.44     35.04
 CCSD iterations        16.69      6.40     23.09     38.33
 Triples                77.67      1.43     79.10     79.11

 Program statistics:

 Available memory in ccsd:             13999999836
 Min. memory needed in ccsd:               3677238
 Max. memory used in ccsd:                 4267372
 Max. memory used in cckext:               2832301 ( 1 integral passes)



 **********************************************************************************************************************************
 DATASETS  * FILE   NREC   LENGTH (MB)   RECORD NAMES
              1      20     8661.94       500      610      700      900      950      970     1000      129      960     1100   
                                          VAR    BASINP    GEOM    SYMINP    ZMAT    AOBASIS   BASIS     P2S    ABASIS      S 
                                         1400     1410     1200     1210     1080     1600     1650     1300     1700     1380   
                                           T        V       H0       H01     AOSYM     SMH    MOLCAS    ERIS     OPER     JKOP   

              2       7       20.17       200      700     1000      520     2100     2101     2102   
                                        OPTIONS   GEOM     BASIS   MCVARS     RHF      RHF      RHF  

 PROGRAMS   *        TOTAL       MP4        HF       INT       MP4        HF       INT       MP4        HF       INT
 CPU TIMES  *      2469.44    121.02    149.29      0.11    121.37    126.63      0.12   1721.12    161.42     68.20
 REAL TIME  *      3142.02 SEC
 DISK USED  *        22.93 GB      
 **********************************************************************************************************************************
 SETTING EMP4_B         =       -76.34340980  AU                              
 SETTING EMP4_CORR_B    =        -0.28488506  AU                              

 Running procedure=SET_MONOMERC

 Dummy atoms: C1  H1  H2  H3  H4  O1  H5  H6


 Recomputing one-electron integrals since nuclear charges changed


 PROGRAM * SEWARD (Integral evaluation for generally contracted gaussian basis sets)     Author: Roland Lindh, 1990

 Geometry written to block  1 of record 700


 Point group  C1  



 ATOMIC COORDINATES

 NR  ATOM    CHARGE       X              Y              Z

   1  C1      0.00   -6.193010455    2.801518980    2.403542658
   2  H1      0.00   -4.656285171    1.699997622    3.119937832
   3  H2      0.00   -5.973046335    4.726205038    2.982932688
   4  H3      0.00   -7.940251230    2.077186956    3.118237078
   5  H4      0.00   -6.176569838    2.685300823    0.384937212
   6  O1      0.00   -4.613766333    5.431639800   -4.129996445
   7  H5      0.00   -5.898213180    6.513508006   -3.364279420
   8  H6      0.00   -5.466221788    3.814790128   -4.412888446
   9  O2      8.00   -0.603200579    4.424037830    7.113685023
  10  H7      1.00    0.770063396    4.853761551    8.236371314
  11  H8      1.00   -0.289128097    2.656576986    6.606293559

 Bond lengths in Bohr (Angstrom)

 1-2  2.021904040  1-3  2.022002335  1-4  2.021953343  1-5  2.022015060  6-7  1.845688241
     ( 1.069945541)     ( 1.069997556)     ( 1.069971630)     ( 1.070004290)     ( 0.976696155)

  6- 8  1.849570504   9-10  1.825086553   9-11  1.865477274
       ( 0.978750561)       ( 0.965794212)       ( 0.987168061)

 Bond angles

  2-1-3  109.53398059   2-1-4  109.65604535   2-1-5  108.43490854   3-1-4  109.49436728

  3- 1- 5  109.86987750   4- 1- 5  109.83468330   7- 6- 8  104.78050181  10- 9-11  105.29057030

 NUCLEAR CHARGE:                   10
 NUMBER OF PRIMITIVE AOS:         417
 NUMBER OF SYMMETRY AOS:          374
 NUMBER OF CONTRACTIONS:          322   ( 322A   )
 NUMBER OF CORE ORBITALS:           1   (   1A   )
 NUMBER OF VALENCE ORBITALS:        6   (   6A   )

 MOLECULE CHANGED: INITIALIZING OCCUPATION AND DUMP RECORDS


 NUCLEAR REPULSION ENERGY    9.01266574


 Eigenvalues of metric

         1 0.410E-04 0.633E-04 0.856E-04 0.961E-04 0.311E-03 0.332E-03 0.342E-03 0.373E-03


 Contracted 2-electron integrals neglected if value below      1.0D-19

 OPERATOR DM      FOR CENTER  0  COORDINATES:    0.000000    0.000000    0.000000


 **********************************************************************************************************************************
 DATASETS  * FILE   NREC   LENGTH (MB)   RECORD NAMES
              1      19     8136.51       500      610      700      900      950      970     1000      129      960     1100   
                                          VAR    BASINP    GEOM    SYMINP    ZMAT    AOBASIS   BASIS     P2S    ABASIS      S 
                                         1400     1410     1200     1210     1080     1600     1650     1300     1700   
                                           T        V       H0       H01     AOSYM     SMH    MOLCAS    ERIS     OPER   

              2       7       20.17       200      700     1000      520     2100     2101     2102   
                                        OPTIONS   GEOM     BASIS   MCVARS     RHF      RHF      RHF  

 PROGRAMS   *        TOTAL       INT       MP4        HF       INT       MP4        HF       INT       MP4        HF       INT
 CPU TIMES  *      2469.56      0.11    121.02    149.29      0.11    121.37    126.63      0.12   1721.12    161.42     68.20
 REAL TIME  *      3142.65 SEC
 DISK USED  *        22.93 GB      
 **********************************************************************************************************************************


 PROGRAM * RHF-SCF (CLOSED SHELL)       Authors: W. Meyer, H.-J. Werner


 NUMBER OF ELECTRONS:       5+    5-    SPACE SYMMETRY=1    SPIN SYMMETRY: Singlet 
 CONVERGENCE THRESHOLDS:    1.00E-08 (Density)    1.00E-09 (Energy)
 MAX. NUMBER OF ITERATIONS:       60
 INTERPOLATION TYPE:            DIIS
 INTERPOLATION STEPS:              2 (START)      1 (STEP)
 LEVEL SHIFTS:                  0.00 (CLOSED)  0.00 (OPEN) 



 Orbital guess generated from atomic densities. Full valence occupancy:    7

 Molecular orbital dump at record        2103.2

 Initial occupancy:   5

 ITERATION    DDIFF          GRAD             ENERGY        2-EL.EN.            DIPOLE MOMENTS         DIIS   ORB.
    1      0.000D+00      0.000D+00       -76.02029213     77.398452    0.86268   -0.69133    0.31158    0    start
    2      0.000D+00      0.539D-02       -76.04694143     73.773519    0.50503   -0.39789    0.18521    1    diag
    3      0.318D-02      0.343D-02       -76.05826564     75.375076    0.59419   -0.46955    0.21732    2    diag
    4      0.114D-02      0.316D-03       -76.05845621     75.285761    0.59129   -0.46589    0.21682    3    diag
    5      0.146D-03      0.879D-04       -76.05847611     75.299836    0.59022   -0.46448    0.21666    4    diag
    6      0.454D-04      0.171D-04       -76.05847735     75.298969    0.59004   -0.46416    0.21667    5    diag
    7      0.114D-04      0.338D-05       -76.05847741     75.299096    0.58996   -0.46405    0.21666    6    diag
    8      0.293D-05      0.626D-06       -76.05847741     75.299081    0.58994   -0.46402    0.21665    7    diag
    9      0.481D-06      0.799D-07       -76.05847741     75.299072    0.58993   -0.46402    0.21665    8    diag
   10      0.582D-07      0.200D-07       -76.05847741     75.299075    0.58993   -0.46402    0.21665    9    orth
   11      0.146D-07      0.414D-08       -76.05847741     75.299075    0.58993   -0.46402    0.21665    9    diag
   12      0.354D-08      0.773D-09       -76.05847741     75.299075    0.58993   -0.46402    0.21665    0    orth

 Final occupancy:   5

 !RHF STATE 1.1 Energy                -76.058477407310
 Nuclear energy                         9.01266574
 One-electron energy                 -122.72068045
 Two-electron energy                   37.64953731
 Virial quotient                       -1.00230169
 !RHF STATE 1.1 Dipole moment           0.58993390    -0.46401693     0.21665376
 Dipole moment /Debye                   1.49936420    -1.17933616     0.55064285

 Orbital energies:

         1.1          2.1          3.1          4.1          5.1          6.1          7.1
    -20.570177    -1.343443    -0.708899    -0.579709    -0.508575     0.022572     0.034008

 HOMO      5.1    -0.508575 =     -13.8390eV
 LUMO      6.1     0.022572 =       0.6142eV
 LUMO-HOMO         0.531147 =      14.4533eV


 **********************************************************************************************************************************
 DATASETS  * FILE   NREC   LENGTH (MB)   RECORD NAMES
              1      19     8136.51       500      610      700      900      950      970     1000      129      960     1100   
                                          VAR    BASINP    GEOM    SYMINP    ZMAT    AOBASIS   BASIS     P2S    ABASIS      S 
                                         1400     1410     1200     1210     1080     1600     1650     1300     1700   
                                           T        V       H0       H01     AOSYM     SMH    MOLCAS    ERIS     OPER   

              2       8       26.83       200      700     1000      520     2100     2101     2102     2103   
                                        OPTIONS   GEOM     BASIS   MCVARS     RHF      RHF      RHF      RHF  

 PROGRAMS   *        TOTAL        HF       INT       MP4        HF       INT       MP4        HF       INT       MP4        HF
 CPU TIMES  *      2618.91    149.35      0.11    121.02    149.29      0.11    121.37    126.63      0.12   1721.12    161.42
 REAL TIME  *      3384.86 SEC
 DISK USED  *        22.93 GB      
 **********************************************************************************************************************************
 SETTING ESCF_C         =       -76.05847741  AU                              


 PROGRAM * MP4 (Closed-shell)     Authors: C. Hampel, H.-J. Werner, 1991, M. Deegan, P.J. Knowles, 1992


 Convergence thresholds:  THRVAR = 1.00D-08  THRDEN = 1.00D-08

 MP4(T)     terms to be evaluated (factor= 0.000)


 Number of core orbitals:           1 (   1 )
 Number of closed-shell orbitals:   4 (   4 )
 Number of external orbitals:     317 ( 317 )

 Molecular orbitals read from record     2103.2  Type=RHF/CANONICAL (state 1.1)

 Number of N-1 electron functions:               4
 Number of N-2 electron functions:              10
 Number of singly external CSFs:              1268
 Number of doubly external CSFs:            804546
 Total number of CSFs:                      805815

 Length of J-op  integral file:               0.00 MB
 Length of K-op  integral file:               7.17 MB

 Memory could be reduced to 210.42 Mwords without degradation in triples

 Integral transformation finished. Total CPU:  26.54 sec, npass=  1  Memory used:  87.59 MW

 Reference energy:                    -76.05847741

                        CORR.ENERGY   TOTAL ENERGY   ENERGY CHANGE
 MP2:                   -0.26990283   -76.32838024    -0.26990283

 SCS-MP2 correlation energy:           -0.26713504   (PS=  1.200000  PT=  0.333333)
 SCS-MP2 total energy:                -76.32561245

 MP3(D):                -0.27222503   -76.33070244    -0.00232220
 MP4(DQ):               -0.27295959   -76.33143700    -0.00073456
 MP4(SDQ):              -0.27493428   -76.33341169    -0.00197469

 Norm of t1 vector:      0.03498824      S-energy:    -0.00197469      T1 diagnostic:  0.00874706

 Total CPU time for triples:     77.72 sec


 RESULTS
 =======

  Reference energy                    -76.058477407310
  MP4(SDQ) singlet pair energy         -0.182599078389
  MP4(SDQ) triplet pair energy         -0.090360514713
  MP4(SDQ) correlation energy          -0.274934281090

  Triples contribution                 -0.009728885560
  Total correlation energy             -0.284663166649

  MP4(SDQ) total energy               -76.333411688399
 !MP4(SDTQ) total energy              -76.343140573959

 Timing summary (sec):

 STEP                 CPU(USER)    SYS     CPU(TOT)    WALL
 Transformation         26.64      7.99     34.63     34.87
 CCSD iterations        16.64      6.56     23.20     37.12
 Triples                77.72      1.46     79.18     79.20

 Program statistics:

 Available memory in ccsd:             13999999836
 Min. memory needed in ccsd:               3677238
 Max. memory used in ccsd:                 4267372
 Max. memory used in cckext:               2832301 ( 1 integral passes)



 **********************************************************************************************************************************
 DATASETS  * FILE   NREC   LENGTH (MB)   RECORD NAMES
              1      20     8661.94       500      610      700      900      950      970     1000      129      960     1100   
                                          VAR    BASINP    GEOM    SYMINP    ZMAT    AOBASIS   BASIS     P2S    ABASIS      S 
                                         1400     1410     1200     1210     1080     1600     1650     1300     1700     1380   
                                           T        V       H0       H01     AOSYM     SMH    MOLCAS    ERIS     OPER     JKOP   

              2       8       26.83       200      700     1000      520     2100     2101     2102     2103   
                                        OPTIONS   GEOM     BASIS   MCVARS     RHF      RHF      RHF      RHF  

 PROGRAMS   *        TOTAL       MP4        HF       INT       MP4        HF       INT       MP4        HF       INT       MP4
 CPU TIMES  *      2739.94    121.03    149.35      0.11    121.02    149.29      0.11    121.37    126.63      0.12   1721.12
 REAL TIME  *      3536.20 SEC
 DISK USED  *        22.93 GB      
 **********************************************************************************************************************************
 SETTING EMP4_C         =       -76.34314057  AU                              
 SETTING EMP4_CORR_C    =        -0.28466317  AU                              

 Running procedure=SET_DIMERAB

 Dummy atoms: O2  H7  H8


 Recomputing one-electron integrals since nuclear charges changed


 PROGRAM * SEWARD (Integral evaluation for generally contracted gaussian basis sets)     Author: Roland Lindh, 1990

 Geometry written to block  1 of record 700


 Point group  C1  



 ATOMIC COORDINATES

 NR  ATOM    CHARGE       X              Y              Z

   1  C1      6.00   -6.193010455    2.801518980    2.403542658
   2  H1      1.00   -4.656285171    1.699997622    3.119937832
   3  H2      1.00   -5.973046335    4.726205038    2.982932688
   4  H3      1.00   -7.940251230    2.077186956    3.118237078
   5  H4      1.00   -6.176569838    2.685300823    0.384937212
   6  O1      8.00   -4.613766333    5.431639800   -4.129996445
   7  H5      1.00   -5.898213180    6.513508006   -3.364279420
   8  H6      1.00   -5.466221788    3.814790128   -4.412888446
   9  O2      0.00   -0.603200579    4.424037830    7.113685023
  10  H7      0.00    0.770063396    4.853761551    8.236371314
  11  H8      0.00   -0.289128097    2.656576986    6.606293559

 Bond lengths in Bohr (Angstrom)

 1-2  2.021904040  1-3  2.022002335  1-4  2.021953343  1-5  2.022015060  6-7  1.845688241
     ( 1.069945541)     ( 1.069997556)     ( 1.069971630)     ( 1.070004290)     ( 0.976696155)

  6- 8  1.849570504   9-10  1.825086553   9-11  1.865477274
       ( 0.978750561)       ( 0.965794212)       ( 0.987168061)

 Bond angles

  2-1-3  109.53398059   2-1-4  109.65604535   2-1-5  108.43490854   3-1-4  109.49436728

  3- 1- 5  109.86987750   4- 1- 5  109.83468330   7- 6- 8  104.78050181  10- 9-11  105.29057030

 NUCLEAR CHARGE:                   20
 NUMBER OF PRIMITIVE AOS:         417
 NUMBER OF SYMMETRY AOS:          374
 NUMBER OF CONTRACTIONS:          322   ( 322A   )
 NUMBER OF CORE ORBITALS:           2   (   2A   )
 NUMBER OF VALENCE ORBITALS:       14   (  14A   )

 MOLECULE CHANGED: INITIALIZING OCCUPATION AND DUMP RECORDS


 NUCLEAR REPULSION ENERGY   36.70371194


 Eigenvalues of metric

         1 0.410E-04 0.633E-04 0.856E-04 0.961E-04 0.311E-03 0.332E-03 0.342E-03 0.373E-03


 Contracted 2-electron integrals neglected if value below      1.0D-19

 OPERATOR DM      FOR CENTER  0  COORDINATES:    0.000000    0.000000    0.000000


 **********************************************************************************************************************************
 DATASETS  * FILE   NREC   LENGTH (MB)   RECORD NAMES
              1      19     8136.51       500      610      700      900      950      970     1000      129      960     1100   
                                          VAR    BASINP    GEOM    SYMINP    ZMAT    AOBASIS   BASIS     P2S    ABASIS      S 
                                         1400     1410     1200     1210     1080     1600     1650     1300     1700   
                                           T        V       H0       H01     AOSYM     SMH    MOLCAS    ERIS     OPER   

              2       8       26.83       200      700     1000      520     2100     2101     2102     2103   
                                        OPTIONS   GEOM     BASIS   MCVARS     RHF      RHF      RHF      RHF  

 PROGRAMS   *        TOTAL       INT       MP4        HF       INT       MP4        HF       INT       MP4        HF       INT
 CPU TIMES  *      2740.06      0.12    121.03    149.35      0.11    121.02    149.29      0.11    121.37    126.63      0.12
 REAL TIME  *      3537.51 SEC
 DISK USED  *        22.93 GB      
 **********************************************************************************************************************************


 PROGRAM * RHF-SCF (CLOSED SHELL)       Authors: W. Meyer, H.-J. Werner


 NUMBER OF ELECTRONS:      10+   10-    SPACE SYMMETRY=1    SPIN SYMMETRY: Singlet 
 CONVERGENCE THRESHOLDS:    1.00E-08 (Density)    1.00E-09 (Energy)
 MAX. NUMBER OF ITERATIONS:       60
 INTERPOLATION TYPE:            DIIS
 INTERPOLATION STEPS:              2 (START)      1 (STEP)
 LEVEL SHIFTS:                  0.00 (CLOSED)  0.00 (OPEN) 



 Orbital guess generated from atomic densities. Full valence occupancy:   16

 Molecular orbital dump at record        2104.2

 Initial occupancy:  10

 ITERATION    DDIFF          GRAD             ENERGY        2-EL.EN.            DIPOLE MOMENTS         DIIS   ORB.
    1      0.000D+00      0.000D+00      -116.21308167    158.757196   -1.08726   -0.27429    0.24232    0    start
    2      0.000D+00      0.439D-02      -116.25702323    153.976239   -0.59566   -0.15446    0.16336    1    diag
    3      0.397D-02      0.257D-02      -116.27030958    155.976665   -0.72196   -0.18513    0.18184    2    diag
    4      0.131D-02      0.382D-03      -116.27096314    155.864982   -0.71264   -0.18284    0.17841    3    diag
    5      0.290D-03      0.112D-03      -116.27103059    155.859791   -0.71239   -0.18303    0.17877    4    diag
    6      0.107D-03      0.274D-04      -116.27103443    155.865667   -0.71170   -0.18303    0.17874    5    diag
    7      0.309D-04      0.538D-05      -116.27103466    155.864093   -0.71176   -0.18308    0.17880    6    diag
    8      0.868D-05      0.136D-05      -116.27103467    155.864243   -0.71169   -0.18308    0.17882    7    diag
    9      0.178D-05      0.302D-06      -116.27103467    155.864215   -0.71167   -0.18308    0.17882    8    diag
   10      0.585D-06      0.366D-07      -116.27103467    155.864217   -0.71167   -0.18308    0.17882    9    orth
   11      0.471D-07      0.101D-07      -116.27103467    155.864218   -0.71167   -0.18308    0.17882    9    diag
   12      0.187D-07      0.291D-08      -116.27103467    155.864217   -0.71167   -0.18308    0.17882    9    diag
   13      0.380D-08      0.778D-09      -116.27103467    155.864218   -0.71167   -0.18308    0.17882    0    orth

 Final occupancy:  10

 !RHF STATE 1.1 Energy               -116.271034674328
 Nuclear energy                        36.70371194
 One-electron energy                 -230.90685543
 Two-electron energy                   77.93210881
 Virial quotient                       -1.00103767
 !RHF STATE 1.1 Dipole moment          -0.71167156    -0.18307703     0.17882458
 Dipole moment /Debye                  -1.80877019    -0.46530491     0.45449699

 Orbital energies:

         1.1          2.1          3.1          4.1          5.1          6.1          7.1          8.1          9.1         10.1
    -20.570376   -11.199848    -1.343219    -0.953524    -0.707329    -0.581355    -0.554850    -0.552519    -0.550923    -0.507377

        11.1         12.1
      0.024486     0.035280

 HOMO     10.1    -0.507377 =     -13.8064eV
 LUMO     11.1     0.024486 =       0.6663eV
 LUMO-HOMO         0.531863 =      14.4727eV


 **********************************************************************************************************************************
 DATASETS  * FILE   NREC   LENGTH (MB)   RECORD NAMES
              1      19     8136.51       500      610      700      900      950      970     1000      129      960     1100   
                                          VAR    BASINP    GEOM    SYMINP    ZMAT    AOBASIS   BASIS     P2S    ABASIS      S 
                                         1400     1410     1200     1210     1080     1600     1650     1300     1700   
                                           T        V       H0       H01     AOSYM     SMH    MOLCAS    ERIS     OPER   

              2       9       33.49       200      700     1000      520     2100     2101     2102     2103     2104   
                                        OPTIONS   GEOM     BASIS   MCVARS     RHF      RHF      RHF      RHF      RHF  

 PROGRAMS   *        TOTAL        HF       INT       MP4        HF       INT       MP4        HF       INT       MP4        HF
 CPU TIMES  *      2901.45    161.39      0.12    121.03    149.35      0.11    121.02    149.29      0.11    121.37    126.63
 REAL TIME  *      3861.72 SEC
 DISK USED  *        22.93 GB      
 **********************************************************************************************************************************
 SETTING ESCF_AB        =      -116.27103467  AU                              


 PROGRAM * MP4 (Closed-shell)     Authors: C. Hampel, H.-J. Werner, 1991, M. Deegan, P.J. Knowles, 1992


 Convergence thresholds:  THRVAR = 1.00D-08  THRDEN = 1.00D-08

 MP4(T)     terms to be evaluated (factor= 0.000)


 Number of core orbitals:           2 (   2 )
 Number of closed-shell orbitals:   8 (   8 )
 Number of external orbitals:     312 ( 312 )

 Molecular orbitals read from record     2104.2  Type=RHF/CANONICAL (state 1.1)

 Number of N-1 electron functions:               8
 Number of N-2 electron functions:              36
 Number of singly external CSFs:              2496
 Number of doubly external CSFs:           3116256
 Total number of CSFs:                     3118753

 Length of J-op  integral file:               0.00 MB
 Length of K-op  integral file:               7.17 MB

 Memory could be reduced to 328.30 Mwords without degradation in triples

 Integral transformation finished. Total CPU:  43.97 sec, npass=  1  Memory used: 159.25 MW

 Reference energy:                   -116.27103467

                        CORR.ENERGY   TOTAL ENERGY   ENERGY CHANGE
 MP2:                   -0.47153003  -116.74256470    -0.47153003

 SCS-MP2 correlation energy:           -0.47687128   (PS=  1.200000  PT=  0.333333)
 SCS-MP2 total energy:               -116.74790596

 MP3(D):                -0.49190399  -116.76293867    -0.02037396
 MP4(DQ):               -0.49330897  -116.76434365    -0.00140498
 MP4(SDQ):              -0.49625896  -116.76729363    -0.00294998

 Norm of t1 vector:      0.04287532      S-energy:    -0.00294998      T1 diagnostic:  0.00757936


 Total CPU time for triples:    531.66 sec


 RESULTS
 =======

  Reference energy                   -116.271034674328
  MP4(SDQ) singlet pair energy         -0.347491897314
  MP4(SDQ) triplet pair energy         -0.145817076600
  MP4(SDQ) correlation energy          -0.496258956930

  Triples contribution                 -0.015833815263
  Total correlation energy             -0.512092772193

  MP4(SDQ) total energy              -116.767293631259
 !MP4(SDTQ) total energy             -116.783127446521

 Timing summary (sec):

 STEP                 CPU(USER)    SYS     CPU(TOT)    WALL
 Transformation         44.32      9.73     54.05     55.65
 CCSD iterations        36.77      6.52     43.29     56.79
 Triples               531.66      9.76    541.42    541.50

 Program statistics:

 Available memory in ccsd:             13999999644
 Min. memory needed in ccsd:               9187353
 Max. memory used in ccsd:                11873417
 Max. memory used in cckext:               8287581 ( 1 integral passes)



 **********************************************************************************************************************************
 DATASETS  * FILE   NREC   LENGTH (MB)   RECORD NAMES
              1      20     9158.10       500      610      700      900      950      970     1000      129      960     1100   
                                          VAR    BASINP    GEOM    SYMINP    ZMAT    AOBASIS   BASIS     P2S    ABASIS      S 
                                         1400     1410     1200     1210     1080     1600     1650     1300     1700     1380   
                                           T        V       H0       H01     AOSYM     SMH    MOLCAS    ERIS     OPER     JKOP   

              2       9       33.49       200      700     1000      520     2100     2101     2102     2103     2104   
                                        OPTIONS   GEOM     BASIS   MCVARS     RHF      RHF      RHF      RHF      RHF  

 PROGRAMS   *        TOTAL       MP4        HF       INT       MP4        HF       INT       MP4        HF       INT       MP4
 CPU TIMES  *      3514.23    612.77    161.39      0.12    121.03    149.35      0.11    121.02    149.29      0.11    121.37
 REAL TIME  *      4516.50 SEC
 DISK USED  *        22.93 GB      
 **********************************************************************************************************************************
 SETTING EMP4_AB        =      -116.78312745  AU                              
 SETTING EMP4_CORR_AB   =        -0.51209277  AU                              

 Running procedure=SET_DIMERAC

 Dummy atoms: O1  H5  H6


 Recomputing one-electron integrals since nuclear charges changed


 PROGRAM * SEWARD (Integral evaluation for generally contracted gaussian basis sets)     Author: Roland Lindh, 1990

 Geometry written to block  1 of record 700


 Point group  C1  



 ATOMIC COORDINATES

 NR  ATOM    CHARGE       X              Y              Z

   1  C1      6.00   -6.193010455    2.801518980    2.403542658
   2  H1      1.00   -4.656285171    1.699997622    3.119937832
   3  H2      1.00   -5.973046335    4.726205038    2.982932688
   4  H3      1.00   -7.940251230    2.077186956    3.118237078
   5  H4      1.00   -6.176569838    2.685300823    0.384937212
   6  O1      0.00   -4.613766333    5.431639800   -4.129996445
   7  H5      0.00   -5.898213180    6.513508006   -3.364279420
   8  H6      0.00   -5.466221788    3.814790128   -4.412888446
   9  O2      8.00   -0.603200579    4.424037830    7.113685023
  10  H7      1.00    0.770063396    4.853761551    8.236371314
  11  H8      1.00   -0.289128097    2.656576986    6.606293559

 Bond lengths in Bohr (Angstrom)

 1-2  2.021904040  1-3  2.022002335  1-4  2.021953343  1-5  2.022015060  6-7  1.845688241
     ( 1.069945541)     ( 1.069997556)     ( 1.069971630)     ( 1.070004290)     ( 0.976696155)

  6- 8  1.849570504   9-10  1.825086553   9-11  1.865477274
       ( 0.978750561)       ( 0.965794212)       ( 0.987168061)

 Bond angles

  2-1-3  109.53398059   2-1-4  109.65604535   2-1-5  108.43490854   3-1-4  109.49436728

  3- 1- 5  109.86987750   4- 1- 5  109.83468330   7- 6- 8  104.78050181  10- 9-11  105.29057030

 NUCLEAR CHARGE:                   20
 NUMBER OF PRIMITIVE AOS:         417
 NUMBER OF SYMMETRY AOS:          374
 NUMBER OF CONTRACTIONS:          322   ( 322A   )
 NUMBER OF CORE ORBITALS:           2   (   2A   )
 NUMBER OF VALENCE ORBITALS:       14   (  14A   )

 MOLECULE CHANGED: INITIALIZING OCCUPATION AND DUMP RECORDS


 NUCLEAR REPULSION ENERGY   35.83278858


 Eigenvalues of metric

         1 0.410E-04 0.633E-04 0.856E-04 0.961E-04 0.311E-03 0.332E-03 0.342E-03 0.373E-03


 Contracted 2-electron integrals neglected if value below      1.0D-19

 OPERATOR DM      FOR CENTER  0  COORDINATES:    0.000000    0.000000    0.000000


 **********************************************************************************************************************************
 DATASETS  * FILE   NREC   LENGTH (MB)   RECORD NAMES
              1      19     8136.51       500      610      700      900      950      970     1000      129      960     1100   
                                          VAR    BASINP    GEOM    SYMINP    ZMAT    AOBASIS   BASIS     P2S    ABASIS      S 
                                         1400     1410     1200     1210     1080     1600     1650     1300     1700   
                                           T        V       H0       H01     AOSYM     SMH    MOLCAS    ERIS     OPER   

              2       9       33.49       200      700     1000      520     2100     2101     2102     2103     2104   
                                        OPTIONS   GEOM     BASIS   MCVARS     RHF      RHF      RHF      RHF      RHF  

 PROGRAMS   *        TOTAL       INT       MP4        HF       INT       MP4        HF       INT       MP4        HF       INT
 CPU TIMES  *      3514.35      0.11    612.77    161.39      0.12    121.03    149.35      0.11    121.02    149.29      0.11
 REAL TIME  *      4517.46 SEC
 DISK USED  *        22.93 GB      
 **********************************************************************************************************************************


 PROGRAM * RHF-SCF (CLOSED SHELL)       Authors: W. Meyer, H.-J. Werner


 NUMBER OF ELECTRONS:      10+   10-    SPACE SYMMETRY=1    SPIN SYMMETRY: Singlet 
 CONVERGENCE THRESHOLDS:    1.00E-08 (Density)    1.00E-09 (Energy)
 MAX. NUMBER OF ITERATIONS:       60
 INTERPOLATION TYPE:            DIIS
 INTERPOLATION STEPS:              2 (START)      1 (STEP)
 LEVEL SHIFTS:                  0.00 (CLOSED)  0.00 (OPEN) 



 Orbital guess generated from atomic densities. Full valence occupancy:   16

 Molecular orbital dump at record        2105.2

 Initial occupancy:  10

 ITERATION    DDIFF          GRAD             ENERGY        2-EL.EN.            DIPOLE MOMENTS         DIIS   ORB.
    1      0.000D+00      0.000D+00      -116.21330720    157.367810    0.86685   -0.69298    0.31078    0    start
    2      0.000D+00      0.440D-02      -116.25731275    152.345881    0.51573   -0.35589    0.20947    1    diag
    3      0.397D-02      0.258D-02      -116.27076248    154.414774    0.60464   -0.43925    0.23568    2    diag
    4      0.131D-02      0.380D-03      -116.27141223    154.302960    0.59641   -0.43221    0.23271    3    diag
    5      0.287D-03      0.111D-03      -116.27147842    154.297732    0.59621   -0.43134    0.23296    4    diag
    6      0.106D-03      0.270D-04      -116.27148208    154.303542    0.59567   -0.43077    0.23281    5    diag
    7      0.305D-04      0.511D-05      -116.27148228    154.302067    0.59567   -0.43076    0.23281    6    diag
    8      0.842D-05      0.127D-05      -116.27148230    154.302202    0.59563   -0.43071    0.23280    7    diag
    9      0.148D-05      0.294D-06      -116.27148230    154.302177    0.59561   -0.43069    0.23280    8    diag
   10      0.511D-06      0.336D-07      -116.27148230    154.302178    0.59561   -0.43069    0.23280    9    orth
   11      0.402D-07      0.805D-08      -116.27148230    154.302180    0.59561   -0.43069    0.23280    9    diag
   12      0.157D-07      0.209D-08      -116.27148230    154.302179    0.59561   -0.43069    0.23280    9    diag
   13      0.258D-08      0.561D-09      -116.27148230    154.302180    0.59561   -0.43069    0.23280    0    orth

 Final occupancy:  10

 !RHF STATE 1.1 Energy               -116.271482298831
 Nuclear energy                        35.83278858
 One-electron energy                 -229.25536073
 Two-electron energy                   77.15108985
 Virial quotient                       -1.00104073
 !RHF STATE 1.1 Dipole moment           0.59561240    -0.43069117     0.23279575
 Dipole moment /Debye                   1.51379657    -1.09463608     0.59166903

 Orbital energies:

         1.1          2.1          3.1          4.1          5.1          6.1          7.1          8.1          9.1         10.1
    -20.570300   -11.190909    -1.343616    -0.944271    -0.709157    -0.580064    -0.545549    -0.542414    -0.541596    -0.508714

        11.1         12.1
      0.026098     0.035704

 HOMO     10.1    -0.508714 =     -13.8428eV
 LUMO     11.1     0.026098 =       0.7102eV
 LUMO-HOMO         0.534812 =      14.5530eV


 **********************************************************************************************************************************
 DATASETS  * FILE   NREC   LENGTH (MB)   RECORD NAMES
              1      19     8136.51       500      610      700      900      950      970     1000      129      960     1100   
                                          VAR    BASINP    GEOM    SYMINP    ZMAT    AOBASIS   BASIS     P2S    ABASIS      S 
                                         1400     1410     1200     1210     1080     1600     1650     1300     1700   
                                           T        V       H0       H01     AOSYM     SMH    MOLCAS    ERIS     OPER   

              2      10       40.14       200      700     1000      520     2100     2101     2102     2103     2104     2105   
                                        OPTIONS   GEOM     BASIS   MCVARS     RHF      RHF      RHF      RHF      RHF      RHF  

 PROGRAMS   *        TOTAL        HF       INT       MP4        HF       INT       MP4        HF       INT       MP4        HF
 CPU TIMES  *      3675.53    161.17      0.11    612.77    161.39      0.12    121.03    149.35      0.11    121.02    149.29
 REAL TIME  *      4793.86 SEC
 DISK USED  *        22.93 GB      
 **********************************************************************************************************************************
 SETTING ESCF_AC        =      -116.27148230  AU                              


 PROGRAM * MP4 (Closed-shell)     Authors: C. Hampel, H.-J. Werner, 1991, M. Deegan, P.J. Knowles, 1992


 Convergence thresholds:  THRVAR = 1.00D-08  THRDEN = 1.00D-08

 MP4(T)     terms to be evaluated (factor= 0.000)


 Number of core orbitals:           2 (   2 )
 Number of closed-shell orbitals:   8 (   8 )
 Number of external orbitals:     312 ( 312 )

 Molecular orbitals read from record     2105.2  Type=RHF/CANONICAL (state 1.1)

 Number of N-1 electron functions:               8
 Number of N-2 electron functions:              36
 Number of singly external CSFs:              2496
 Number of doubly external CSFs:           3116256
 Total number of CSFs:                     3118753

 Length of J-op  integral file:               0.00 MB
 Length of K-op  integral file:               7.17 MB

 Memory could be reduced to 328.30 Mwords without degradation in triples

 Integral transformation finished. Total CPU:  43.81 sec, npass=  1  Memory used: 159.25 MW

 Reference energy:                   -116.27148230

                        CORR.ENERGY   TOTAL ENERGY   ENERGY CHANGE
 MP2:                   -0.47099547  -116.74247776    -0.47099547

 SCS-MP2 correlation energy:           -0.47641603   (PS=  1.200000  PT=  0.333333)
 SCS-MP2 total energy:               -116.74789833

 MP3(D):                -0.49133985  -116.76282215    -0.02034438
 MP4(DQ):               -0.49279226  -116.76427456    -0.00145241
 MP4(SDQ):              -0.49571101  -116.76719331    -0.00291875

 Norm of t1 vector:      0.04260837      S-energy:    -0.00291875      T1 diagnostic:  0.00753217

 Total CPU time for triples:    531.66 sec


 RESULTS
 =======

  Reference energy                   -116.271482298831
  MP4(SDQ) singlet pair energy         -0.347299041552
  MP4(SDQ) triplet pair energy         -0.145493215555
  MP4(SDQ) correlation energy          -0.495711006238

  Triples contribution                 -0.015739658298
  Total correlation energy             -0.511450664536

  MP4(SDQ) total energy              -116.767193305069
 !MP4(SDTQ) total energy             -116.782932963367

 Timing summary (sec):

 STEP                 CPU(USER)    SYS     CPU(TOT)    WALL
 Transformation         44.15      9.87     54.02     54.66
 CCSD iterations        36.64      6.42     43.06     61.32
 Triples               531.66      9.79    541.45    544.11

 Program statistics:

 Available memory in ccsd:             13999999644
 Min. memory needed in ccsd:               9187353
 Max. memory used in ccsd:                11873417
 Max. memory used in cckext:               8287581 ( 1 integral passes)



 **********************************************************************************************************************************
 DATASETS  * FILE   NREC   LENGTH (MB)   RECORD NAMES
              1      20     9158.10       500      610      700      900      950      970     1000      129      960     1100   
                                          VAR    BASINP    GEOM    SYMINP    ZMAT    AOBASIS   BASIS     P2S    ABASIS      S 
                                         1400     1410     1200     1210     1080     1600     1650     1300     1700     1380   
                                           T        V       H0       H01     AOSYM     SMH    MOLCAS    ERIS     OPER     JKOP   

              2      10       40.14       200      700     1000      520     2100     2101     2102     2103     2104     2105   
                                        OPTIONS   GEOM     BASIS   MCVARS     RHF      RHF      RHF      RHF      RHF      RHF  

 PROGRAMS   *        TOTAL       MP4        HF       INT       MP4        HF       INT       MP4        HF       INT       MP4
 CPU TIMES  *      4288.00    612.47    161.17      0.11    612.77    161.39      0.12    121.03    149.35      0.11    121.02
 REAL TIME  *      5454.13 SEC
 DISK USED  *        22.93 GB      
 **********************************************************************************************************************************
 SETTING EMP4_AC        =      -116.78293296  AU                              
 SETTING EMP4_CORR_AC   =        -0.51145066  AU                              

 Running procedure=SET_DIMERBC

 Dummy atoms: C1  H1  H2  H3  H4


 Recomputing one-electron integrals since nuclear charges changed


 PROGRAM * SEWARD (Integral evaluation for generally contracted gaussian basis sets)     Author: Roland Lindh, 1990

 Geometry written to block  1 of record 700


 Point group  C1  



 ATOMIC COORDINATES

 NR  ATOM    CHARGE       X              Y              Z

   1  C1      0.00   -6.193010455    2.801518980    2.403542658
   2  H1      0.00   -4.656285171    1.699997622    3.119937832
   3  H2      0.00   -5.973046335    4.726205038    2.982932688
   4  H3      0.00   -7.940251230    2.077186956    3.118237078
   5  H4      0.00   -6.176569838    2.685300823    0.384937212
   6  O1      8.00   -4.613766333    5.431639800   -4.129996445
   7  H5      1.00   -5.898213180    6.513508006   -3.364279420
   8  H6      1.00   -5.466221788    3.814790128   -4.412888446
   9  O2      8.00   -0.603200579    4.424037830    7.113685023
  10  H7      1.00    0.770063396    4.853761551    8.236371314
  11  H8      1.00   -0.289128097    2.656576986    6.606293559

 Bond lengths in Bohr (Angstrom)

 1-2  2.021904040  1-3  2.022002335  1-4  2.021953343  1-5  2.022015060  6-7  1.845688241
     ( 1.069945541)     ( 1.069997556)     ( 1.069971630)     ( 1.070004290)     ( 0.976696155)

  6- 8  1.849570504   9-10  1.825086553   9-11  1.865477274
       ( 0.978750561)       ( 0.965794212)       ( 0.987168061)

 Bond angles

  2-1-3  109.53398059   2-1-4  109.65604535   2-1-5  108.43490854   3-1-4  109.49436728

  3- 1- 5  109.86987750   4- 1- 5  109.83468330   7- 6- 8  104.78050181  10- 9-11  105.29057030

 NUCLEAR CHARGE:                   20
 NUMBER OF PRIMITIVE AOS:         417
 NUMBER OF SYMMETRY AOS:          374
 NUMBER OF CONTRACTIONS:          322   ( 322A   )
 NUMBER OF CORE ORBITALS:           2   (   2A   )
 NUMBER OF VALENCE ORBITALS:       12   (  12A   )

 MOLECULE CHANGED: INITIALIZING OCCUPATION AND DUMP RECORDS


 NUCLEAR REPULSION ENERGY   26.24007469


 Eigenvalues of metric

         1 0.410E-04 0.633E-04 0.856E-04 0.961E-04 0.311E-03 0.332E-03 0.342E-03 0.373E-03


 Contracted 2-electron integrals neglected if value below      1.0D-19

 OPERATOR DM      FOR CENTER  0  COORDINATES:    0.000000    0.000000    0.000000


 **********************************************************************************************************************************
 DATASETS  * FILE   NREC   LENGTH (MB)   RECORD NAMES
              1      19     8136.51       500      610      700      900      950      970     1000      129      960     1100   
                                          VAR    BASINP    GEOM    SYMINP    ZMAT    AOBASIS   BASIS     P2S    ABASIS      S 
                                         1400     1410     1200     1210     1080     1600     1650     1300     1700   
                                           T        V       H0       H01     AOSYM     SMH    MOLCAS    ERIS     OPER   

              2      10       40.14       200      700     1000      520     2100     2101     2102     2103     2104     2105   
                                        OPTIONS   GEOM     BASIS   MCVARS     RHF      RHF      RHF      RHF      RHF      RHF  

 PROGRAMS   *        TOTAL       INT       MP4        HF       INT       MP4        HF       INT       MP4        HF       INT
 CPU TIMES  *      4288.12      0.11    612.47    161.17      0.11    612.77    161.39      0.12    121.03    149.35      0.11
 REAL TIME  *      5454.88 SEC
 DISK USED  *        22.93 GB      
 **********************************************************************************************************************************


 PROGRAM * RHF-SCF (CLOSED SHELL)       Authors: W. Meyer, H.-J. Werner


 NUMBER OF ELECTRONS:      10+   10-    SPACE SYMMETRY=1    SPIN SYMMETRY: Singlet 
 CONVERGENCE THRESHOLDS:    1.00E-08 (Density)    1.00E-09 (Energy)
 MAX. NUMBER OF ITERATIONS:       60
 INTERPOLATION TYPE:            DIIS
 INTERPOLATION STEPS:              2 (START)      1 (STEP)
 LEVEL SHIFTS:                  0.00 (CLOSED)  0.00 (OPEN) 



 Orbital guess generated from atomic densities. Full valence occupancy:   14

 Molecular orbital dump at record        2106.2

 Initial occupancy:  10

 ITERATION    DDIFF          GRAD             ENERGY        2-EL.EN.            DIPOLE MOMENTS         DIIS   ORB.
    1      0.000D+00      0.000D+00      -152.04055379    171.357130   -0.23173   -0.96599    0.55846    0    start
    2      0.000D+00      0.543D-02      -152.09387352    164.058895   -0.12853   -0.55224    0.33128    1    diag
    3      0.451D-02      0.346D-02      -152.11654780    167.275725   -0.15388   -0.65375    0.38804    2    diag
    4      0.163D-02      0.319D-03      -152.11692931    167.096474   -0.15235   -0.64893    0.38649    3    diag
    5      0.207D-03      0.888D-04      -152.11696932    167.124565   -0.15184   -0.64700    0.38597    4    diag
    6      0.645D-04      0.173D-04      -152.11697180    167.122771   -0.15164   -0.64661    0.38591    5    diag
    7      0.165D-04      0.349D-05      -152.11697192    167.122991   -0.15168   -0.64645    0.38588    6    diag
    8      0.438D-05      0.106D-05      -152.11697193    167.122985   -0.15161   -0.64643    0.38587    7    diag
    9      0.767D-06      0.392D-06      -152.11697193    167.122957   -0.15163   -0.64642    0.38587    8    diag
   10      0.332D-06      0.452D-07      -152.11697193    167.122951   -0.15163   -0.64641    0.38587    9    orth
   11      0.493D-07      0.119D-07      -152.11697193    167.122954   -0.15163   -0.64641    0.38587    9    diag
   12      0.132D-07      0.247D-08      -152.11697193    167.122953   -0.15163   -0.64641    0.38587    9    diag
   13      0.307D-08      0.630D-09      -152.11697193    167.122954   -0.15163   -0.64641    0.38587    0    orth

 Final occupancy:  10

 !RHF STATE 1.1 Energy               -152.116971926614
 Nuclear energy                        26.24007469
 One-electron energy                 -261.91852348
 Two-electron energy                   83.56147687
 Virial quotient                       -1.00233062
 !RHF STATE 1.1 Dipole moment          -0.15162522    -0.64641405     0.38586707
 Dipole moment /Debye                  -0.38536762    -1.64291301     0.98071202

 Orbital energies:

         1.1          2.1          3.1          4.1          5.1          6.1          7.1          8.1          9.1         10.1
    -20.568672   -20.567502    -1.341942    -1.339945    -0.707406    -0.704125    -0.578239    -0.577390    -0.507060    -0.505504

        11.1         12.1
      0.022021     0.033258

 HOMO     10.1    -0.505504 =     -13.7555eV
 LUMO     11.1     0.022021 =       0.5992eV
 LUMO-HOMO         0.527526 =      14.3547eV


 **********************************************************************************************************************************
 DATASETS  * FILE   NREC   LENGTH (MB)   RECORD NAMES
              1      19     8136.51       500      610      700      900      950      970     1000      129      960     1100   
                                          VAR    BASINP    GEOM    SYMINP    ZMAT    AOBASIS   BASIS     P2S    ABASIS      S 
                                         1400     1410     1200     1210     1080     1600     1650     1300     1700   
                                           T        V       H0       H01     AOSYM     SMH    MOLCAS    ERIS     OPER   

              2      11       46.80       200      700     1000      520     2100     2101     2102     2103     2104     2105   
                                        OPTIONS   GEOM     BASIS   MCVARS     RHF      RHF      RHF      RHF      RHF      RHF  
                                         2106   
                                          RHF  

 PROGRAMS   *        TOTAL        HF       INT       MP4        HF       INT       MP4        HF       INT       MP4        HF
 CPU TIMES  *      4448.97    160.84      0.11    612.47    161.17      0.11    612.77    161.39      0.12    121.03    149.35
 REAL TIME  *      5709.60 SEC
 DISK USED  *        22.93 GB      
 **********************************************************************************************************************************
 SETTING ESCF_BC        =      -152.11697193  AU                              


 PROGRAM * MP4 (Closed-shell)     Authors: C. Hampel, H.-J. Werner, 1991, M. Deegan, P.J. Knowles, 1992


 Convergence thresholds:  THRVAR = 1.00D-08  THRDEN = 1.00D-08

 MP4(T)     terms to be evaluated (factor= 0.000)


 Number of core orbitals:           2 (   2 )
 Number of closed-shell orbitals:   8 (   8 )
 Number of external orbitals:     312 ( 312 )

 Molecular orbitals read from record     2106.2  Type=RHF/CANONICAL (state 1.1)

 Number of N-1 electron functions:               8
 Number of N-2 electron functions:              36
 Number of singly external CSFs:              2496
 Number of doubly external CSFs:           3116256
 Total number of CSFs:                     3118753

 Length of J-op  integral file:               0.00 MB
 Length of K-op  integral file:               7.17 MB

 Memory could be reduced to 328.30 Mwords without degradation in triples

 Integral transformation finished. Total CPU:  43.88 sec, npass=  1  Memory used: 159.25 MW

 Reference energy:                   -152.11697193

                        CORR.ENERGY   TOTAL ENERGY   ENERGY CHANGE
 MP2:                   -0.54002289  -152.65699482    -0.54002289

 SCS-MP2 correlation energy:           -0.53449307   (PS=  1.200000  PT=  0.333333)
 SCS-MP2 total energy:               -152.65146500

 MP3(D):                -0.54463215  -152.66160407    -0.00460925
 MP4(DQ):               -0.54610787  -152.66307979    -0.00147572
 MP4(SDQ):              -0.55006634  -152.66703827    -0.00395847

 Norm of t1 vector:      0.04949436      S-energy:    -0.00395847      T1 diagnostic:  0.00874945

 Total CPU time for triples:    531.71 sec


 RESULTS
 =======

  Reference energy                   -152.116971926613
  MP4(SDQ) singlet pair energy         -0.365343806607
  MP4(SDQ) triplet pair energy         -0.180764060096
  MP4(SDQ) correlation energy          -0.550066338462

  Triples contribution                 -0.019491548057
  Total correlation energy             -0.569557886519

  MP4(SDQ) total energy              -152.667038265075
 !MP4(SDTQ) total energy             -152.686529813132

 Timing summary (sec):

 STEP                 CPU(USER)    SYS     CPU(TOT)    WALL
 Transformation         44.23      9.94     54.17     55.04
 CCSD iterations        36.65      6.48     43.13     77.78
 Triples               531.71     10.00    541.71    564.99

 Program statistics:

 Available memory in ccsd:             13999999644
 Min. memory needed in ccsd:               9187353
 Max. memory used in ccsd:                11873417
 Max. memory used in cckext:               8287581 ( 1 integral passes)



 **********************************************************************************************************************************
 DATASETS  * FILE   NREC   LENGTH (MB)   RECORD NAMES
              1      20     9158.10       500      610      700      900      950      970     1000      129      960     1100   
                                          VAR    BASINP    GEOM    SYMINP    ZMAT    AOBASIS   BASIS     P2S    ABASIS      S 
                                         1400     1410     1200     1210     1080     1600     1650     1300     1700     1380   
                                           T        V       H0       H01     AOSYM     SMH    MOLCAS    ERIS     OPER     JKOP   

              2      11       46.80       200      700     1000      520     2100     2101     2102     2103     2104     2105   
                                        OPTIONS   GEOM     BASIS   MCVARS     RHF      RHF      RHF      RHF      RHF      RHF  
                                         2106   
                                          RHF  

 PROGRAMS   *        TOTAL       MP4        HF       INT       MP4        HF       INT       MP4        HF       INT       MP4
 CPU TIMES  *      5061.59    612.61    160.84      0.11    612.47    161.17      0.11    612.77    161.39      0.12    121.03
 REAL TIME  *      6407.62 SEC
 DISK USED  *        22.93 GB      
 **********************************************************************************************************************************
 SETTING EMP4_BC        =      -152.68652981  AU                              
 SETTING EMP4_CORR_BC   =        -0.56955789  AU                              
 SETTING E_INT_ABC      =        -0.00052285  AU                              
 SETTING E_INT_AB       =        -0.00022503  AU                              
 SETTING E_INT_AC       =        -0.00029977  AU                              
 SETTING E_INT_BC       =     2.05568868D-05  AU                              
 SETTING E_ADD          =        -0.00050424  AU                              
 SETTING E_NONADD_MP4   =    -1.86108549D-05  AU                              
 SETTING E_INT_ABC_CORR =        -0.00157297  AU                              
 SETTING E_INT_AB_CORR  =        -0.00099496  AU                              
 SETTING E_INT_AC_CORR  =        -0.00057475  AU                              
 SETTING E_INT_BC_CORR  =    -9.65771424D-06  AU                              
 SETTING E_INT_ABC_CORR_ADD              =      -0.00157936  AU                              
 SETTING E_INT_ABC_CORR_NONADD           =   6.39528742D-06  AU                              
 SETTING E_INT_ABC_HF   =         0.00105012  AU                              
 SETTING E_INT_AB_HF    =         0.00076993  AU                              
 SETTING E_INT_AC_HF    =         0.00027498  AU                              
 SETTING E_INT_BC_HF    =     3.02146010D-05  AU                              
 SETTING E_INT_ABC_HF_ADD                =       0.00107513  AU                              
 SETTING E_INT_ABC_HF_NONADD             =  -2.50061424D-05  AU                              

 *** results in millihartree
 E_INT_ABC        =        -0.00052285 AU
 E_INT_AB         =        -0.00022503 AU
 E_INT_AC         =        -0.00029977 AU
 E_INT_BC         =         0.00002056 AU
 E_ADD            =        -0.00050424 AU
 E_NONADD_MP4     =        -0.00001861 AU
 E_INT_ABC_CORR   =        -0.00157297 AU
 E_INT_AB_CORR    =        -0.00099496 AU
 E_INT_AC_CORR    =        -0.00057475 AU
 E_INT_BC_CORR    =        -0.00000966 AU
 E_INT_ABC_CORR_ADD       =        -0.00157936 AU
 E_INT_ABC_CORR_NONADD    =         0.00000640 AU
 E_INT_ABC_HF     =         0.00105012 AU
 E_INT_AB_HF      =         0.00076993 AU
 E_INT_AC_HF      =         0.00027498 AU
 E_INT_BC_HF      =         0.00003021 AU
 E_INT_ABC_HF_ADD =         0.00107513 AU
 E_INT_ABC_HF_NONADD      =        -0.00002501 AU

 MP4/aug-cc-pVTZ energy=   -152.686529813132

        MP4             HF-SCF          MP4             HF-SCF          MP4             HF-SCF          MP4             HF-SCF  
   -152.68652981   -152.11697193   -116.78293296   -116.27148230   -116.78312745   -116.27103467    -76.34314057    -76.05847741
 **********************************************************************************************************************************
 Molpro calculation terminated
 Variable memory released
