
 Primary working directories    : /net/scratch/people/plgsirous
 Secondary working directories  : /net/scratch/people/plgsirous
 Wavefunction directory         : /net/people/plgsirous/wfu/
 Main file repository           : /net/scratch/people/plgsirous/

 SHA1      : 
 NAME      : 
 ARCHNAME  : linux/x86_64
 FC        : /net/software/local/intel/impi/2018.1.163/bin64/mpiifort
 BLASLIB   : -L/net/software/local/intel/compilers_and_libraries_2018.1.163/linux/mkl/lib/intel64 -lmkl_scalapack_ilp64 -lmkl_intel_ilp64 -lmkl_intel_thread -lmkl_core -lmkl_blacs_intelmpi_ilp64 -liomp5 -lpthread -lm -ldl
 id        : pl

 Nodes     nprocs
 p1208        1

 Using customized tuning parameters: mindgm=7; mindgv=20; mindgc=1; mindgr=1; noblas=0; minvec=7
 default implementation of scratch files=df  

 ***,MP4SD(T)
 memory,14000,m
 gthresh,orbital=1d-8,energy=1d-8,twoint=1.d-19
 angstrom
 geometry={
 C1        -3.2772    1.4825     1.2719
 H1        -2.4640    0.8996     1.6510
 H2        -3.1608    2.5010     1.5785
 H3        -4.2018    1.0992     1.6501
 H4        -3.2685    1.4210     0.2037
 O1        -3.7444    0.3966     -2.4998
 H5        -4.6174    0.4621     -2.0217
 H6        -3.9689    0.1261     -3.3990
 O2        -0.3192    2.3411     3.7644
 H7        0.4075    2.5685     4.3585
 H8        -0.1530    1.4058     3.4959
   }
 
 nkerna=1
 nkernb=1
 nkernc=1
 nkernab=$nkerna+$nkernb
 nkernac=$nkerna+$nkernc
 nkernbc=$nkernb+$nkernc
 nkernabc=$nkerna+$nkernb+$nkernc
 
 proc set_monomera
 core,$nkerna
 dummy,6,7,8,9,10,11;
 endproc
 
 proc set_monomerb
 core,$nkernb
 dummy,1,2,3,4,5,9,10,11;
 endproc
 
 proc set_monomerc
 core,$nkernc
 dummy,1,2,3,4,5,6,7,8;
 endproc
 
 proc set_dimerab
 core,$nkerna+$nkernb
 dummy,9,10,11;
 endproc
 
 proc set_dimerac
 core,$nkerna+$nkernc
 dummy,6,7,8;
 endproc
 
 proc set_dimerbc
 core,$nkernb+$nkernc
 dummy,1,2,3,4,5;
 endproc
 
 proc set_trimerabc
 core,$nkerna+$nkernb+$nkernc
 endproc
 
 basis=avtz
 
 set_trimerabc
 hf
 Escf_ABC=energy
 mp4
 Emp4_ABC=energy
 Emp4_corr_ABC=(Emp4_ABC)-(Escf_ABC)
 
 set_monomera
 {hf
 start,atden}
 Escf_A=energy
 mp4
 Emp4_A=energy
 Emp4_corr_A=(Emp4_A)-(Escf_A)
 
 set_monomerb
 {hf
 start,atden}
 Escf_B=energy
 mp4
 Emp4_B=energy
 Emp4_corr_B=(Emp4_B)-(Escf_B)
 
 set_monomerc
 {hf
 start,atden}
 Escf_C=energy
 mp4
 Emp4_C=energy
 Emp4_corr_C=(Emp4_C)-(Escf_C)
 
 set_dimerab
 {hf
 start,atden}
 Escf_AB=energy
 mp4
 Emp4_AB=energy
 Emp4_corr_AB=(Emp4_AB)-(Escf_AB)
 
 set_dimerac
 {hf
 start,atden}
 Escf_AC=energy
 mp4
 Emp4_AC=energy
 Emp4_corr_AC=(Emp4_AC)-(Escf_AC)
 
 set_dimerbc
 {hf
 start,atden}
 Escf_BC=energy
 mp4
 Emp4_BC=energy
 Emp4_corr_BC=(Emp4_BC)-(Escf_BC)
 
 E_int_ABC=Emp4_ABC-(Emp4_A+Emp4_B+Emp4_C)
 E_int_AB=Emp4_AB-(Emp4_A+Emp4_B)
 E_int_AC=Emp4_AC-(Emp4_A+Emp4_C)
 E_int_BC=Emp4_BC-(Emp4_B+Emp4_C)
 E_add=E_int_AB+E_int_AC+E_int_BC
 E_nonadd_MP4=E_int_ABC-(E_int_AB+E_int_AC+E_int_BC)
                                                                                 !!!!!Correlation part of interaction energy!!!!!!
 E_int_ABC_corr=Emp4_corr_ABC-(Emp4_corr_A+Emp4_corr_B+Emp4_corr_C)
 E_int_AB_corr=Emp4_corr_AB-(Emp4_corr_A+Emp4_corr_B)
 E_int_AC_corr=Emp4_corr_AC-(Emp4_corr_A+Emp4_corr_C)
 E_int_BC_corr=Emp4_corr_BC-(Emp4_corr_B+Emp4_corr_C)
 E_int_ABC_corr_add=E_int_AB_corr+E_int_AC_corr+E_int_BC_corr
 E_int_ABC_corr_nonadd=E_int_ABC_corr-E_int_ABC_corr_add
                                                                                 !!!!HF part of interaction energy!!!!
 E_int_ABC_HF=E_int_ABC-E_int_ABC_corr
 E_int_AB_HF=E_int_AB-E_int_AB_corr
 E_int_AC_HF=E_int_AC-E_int_AC_corr
 E_int_BC_HF=E_int_BC-E_int_BC_corr
 E_int_ABC_HF_add=E_int_AB_HF+E_int_AC_HF+E_int_BC_HF
 E_int_ABC_HF_nonadd=E_int_ABC_HF-E_int_ABC_HF_add
 
 text,results in millihartree
                                                                                 !!!!Interacion Energies!!!!!!
 show,E_int_ABC,E_int_AB,E_int_AC,E_int_BC,E_add,E_nonadd_MP4
                                                                                 !!!!Correlation Part!!!!!!!!
 show,E_int_ABC_corr,E_int_AB_corr,E_int_AC_corr,E_int_BC_corr,E_int_ABC_corr_add,E_int_ABC_corr_nonadd
                                                                                 !!!!SCF Part!!!!!
 show,E_int_ABC_HF,E_int_AB_HF,E_int_AC_HF,E_int_BC_HF,E_int_ABC_HF_add,E_int_ABC_HF_nonadd

 Variables initialized (889), CPU time= 0.00 sec
 Commands  initialized (702), CPU time= 0.01 sec, 572 directives.
 Default parameters read. Elapsed time= 0.08 sec

 Checking input...
 Passed
1


                                         ***  PROGRAM SYSTEM MOLPRO  ***
                                       Copyright, TTI GmbH Stuttgart, 2015
                                    Version 2015.1 linked Jul  2 2018 15:03:07


 **********************************************************************************************************************************
 LABEL *   MP4SD(T)                                                                      
  64 bit serial version                                                                  DATE: 28-Nov-18          TIME: 15:29:34  
 **********************************************************************************************************************************

 SHA1:             
 **********************************************************************************************************************************

 THRESHOLDS:

 ZERO    =  1.00D-12  ONEINT  =  1.00D-12  TWOINT  =  1.00D-19  PREFAC  =  1.00D-14  LOCALI  =  1.00D-09  EORDER  =  1.00D-04
 ENERGY  =  1.00D-08  ETEST   =  0.00D+00  EDENS   =  0.00D+00  THRDEDEF=  1.00D-06  GRADIENT=  1.00D-02  STEP    =  1.00D-03
 ORBITAL =  1.00D-08  CIVEC   =  1.00D-05  COEFF   =  1.00D-04  PRINTCI =  5.00D-02  PUNCHCI =  9.90D+01  OPTGRAD =  3.00D-04
 OPTENERG=  1.00D-06  OPTSTEP =  3.00D-04  THRGRAD =  1.00D-10  COMPRESS=  1.00D-11  VARMIN  =  1.00D-07  VARMAX  =  1.00D-03
 THRDOUB =  0.00D+00  THRDIV  =  1.00D-05  THRRED  =  1.00D-07  THRPSP  =  1.00D+00  THRDC   =  1.00D-10  THRCS   =  1.00D-10
 THRNRM  =  1.00D-08  THREQ   =  0.00D+00  THRDE   =  1.00D+00  THRREF  =  1.00D-05  SPARFAC =  1.00D+00  THRDLP  =  1.00D-07
 THRDIA  =  1.00D-10  THRDLS  =  1.00D-07  THRGPS  =  0.00D+00  THRKEX  =  0.00D+00  THRDIS  =  2.00D-01  THRVAR  =  1.00D-10
 THRLOC  =  1.00D-06  THRGAP  =  1.00D-06  THRLOCT = -1.00D+00  THRGAPT = -1.00D+00  THRORB  =  1.00D-06  THRMLTP =  0.00D+00
 THRCPQCI=  1.00D-10  KEXTA   =  0.00D+00  THRCOARS=  0.00D+00  SYMTOL  =  1.00D-06  GRADTOL =  1.00D-06  THROVL  =  1.00D-08
 THRORTH =  1.00D-08  GRID    =  1.00D-06  GRIDMAX =  1.00D-03  DTMAX   =  0.00D+00  THROCCDE=  1.00D-01  THROCCDE=  1.00D-01


 ZUNIT=ANG
 

Geometry recognized as XYZ

 SETTING NKERNA         =         1.00000000                                  
 SETTING NKERNB         =         1.00000000                                  
 SETTING NKERNC         =         1.00000000                                  
 SETTING NKERNAB        =         2.00000000                                  
 SETTING NKERNAC        =         2.00000000                                  
 SETTING NKERNBC        =         2.00000000                                  
 SETTING NKERNABC       =         3.00000000                                  

 Variable memory set to ********** words,  buffer space   230000 words

 SETTING BASIS          =    AVTZ

 Running procedure=SET_TRIMERABC


 Recomputing integrals since basis changed


 Using spherical harmonics

 Library entry C      S aug-cc-pVTZ          selected for orbital group  1
 Library entry C      P aug-cc-pVTZ          selected for orbital group  1
 Library entry C      D aug-cc-pVTZ          selected for orbital group  1
 Library entry C      F aug-cc-pVTZ          selected for orbital group  1
 Library entry H      S aug-cc-pVTZ          selected for orbital group  2
 Library entry H      P aug-cc-pVTZ          selected for orbital group  2
 Library entry H      D aug-cc-pVTZ          selected for orbital group  2
 Library entry O      S aug-cc-pVTZ          selected for orbital group  3
 Library entry O      P aug-cc-pVTZ          selected for orbital group  3
 Library entry O      D aug-cc-pVTZ          selected for orbital group  3
 Library entry O      F aug-cc-pVTZ          selected for orbital group  3


 PROGRAM * SEWARD (Integral evaluation for generally contracted gaussian basis sets)     Author: Roland Lindh, 1990

 Geometry written to block  1 of record 700


 Point group  C1  



 ATOMIC COORDINATES

 NR  ATOM    CHARGE       X              Y              Z

   1  C1      6.00   -6.193010455    2.801518980    2.403542658
   2  H1      1.00   -4.656285171    1.699997622    3.119937832
   3  H2      1.00   -5.973046335    4.726205038    2.982932688
   4  H3      1.00   -7.940251230    2.077186956    3.118237078
   5  H4      1.00   -6.176569838    2.685300823    0.384937212
   6  O1      8.00   -7.075890501    0.749465381   -4.723937366
   7  H5      1.00   -8.725621408    0.873242442   -3.820459306
   8  H6      1.00   -7.500134016    0.238294464   -6.423179097
   9  O2      8.00   -0.603200579    4.424037830    7.113685023
  10  H7      1.00    0.770063396    4.853761551    8.236371314
  11  H8      1.00   -0.289128097    2.656576986    6.606293559

 Bond lengths in Bohr (Angstrom)

 1-2  2.021904040  1-3  2.022002335  1-4  2.021953343  1-5  2.022015060  6-7  1.884994809
     ( 1.069945541)     ( 1.069997556)     ( 1.069971630)     ( 1.070004290)     ( 0.997496296)

  6- 8  1.824472726   9-10  1.825086553   9-11  1.865477274
       ( 0.965469388)       ( 0.965794212)       ( 0.987168061)

 Bond angles

  2-1-3  109.53398059   2-1-4  109.65604535   2-1-5  108.43490854   3-1-4  109.49436728

  3- 1- 5  109.86987750   4- 1- 5  109.83468330   7- 6- 8  105.14667399  10- 9-11  105.29057030

 NUCLEAR CHARGE:                   30
 NUMBER OF PRIMITIVE AOS:         417
 NUMBER OF SYMMETRY AOS:          374
 NUMBER OF CONTRACTIONS:          322   ( 322A   )
 NUMBER OF CORE ORBITALS:           3   (   3A   )
 NUMBER OF VALENCE ORBITALS:       20   (  20A   )


 NUCLEAR REPULSION ENERGY   65.09189010


 Eigenvalues of metric

         1 0.469E-04 0.648E-04 0.872E-04 0.953E-04 0.326E-03 0.330E-03 0.341E-03 0.352E-03


 Contracted 2-electron integrals neglected if value below      1.0D-19
 AO integral compression algorithm  1   Integral accuracy      1.0D-19

     8258.060 MB (compressed) written to integral file ( 69.6%)


 NUMBER OF SORTED TWO-ELECTRON INTEGRALS: 1352182006.     BUFFER LENGTH:  32768
 NUMBER OF SEGMENTS:  43  SEGMENT LENGTH:   31998710      RECORD LENGTH: 524288

 Memory used in sort:      32.56 MW

 SORT1 READ  1483789910. AND WROTE  1083000461. INTEGRALS IN   3121 RECORDS. CPU TIME:    13.80 SEC, REAL TIME:   112.72 SEC
 SORT2 READ  1083000461. AND WROTE  1352182006. INTEGRALS IN  31502 RECORDS. CPU TIME:    15.53 SEC, REAL TIME:    86.41 SEC

 FILE SIZES:   FILE 1:  8281.9 MBYTE,  FILE 4: 13090.5 MBYTE,   TOTAL:  21372.4 MBYTE

 OPERATOR DM      FOR CENTER  0  COORDINATES:    0.000000    0.000000    0.000000


 **********************************************************************************************************************************
 DATASETS  * FILE   NREC   LENGTH (MB)   RECORD NAMES
              1      19     7516.02       500      610      700      900      950      970     1000      129      960     1100   
                                          VAR    BASINP    GEOM    SYMINP    ZMAT    AOBASIS   BASIS     P2S    ABASIS      S 
                                         1400     1410     1200     1210     1080     1600     1650     1300     1700   
                                           T        V       H0       H01     AOSYM     SMH    MOLCAS    ERIS     OPER   

 PROGRAMS   *        TOTAL       INT
 CPU TIMES  *        65.94     65.80
 REAL TIME  *       279.69 SEC
 DISK USED  *        21.37 GB      
 **********************************************************************************************************************************


 PROGRAM * RHF-SCF (CLOSED SHELL)       Authors: W. Meyer, H.-J. Werner


 NUMBER OF ELECTRONS:      15+   15-    SPACE SYMMETRY=1    SPIN SYMMETRY: Singlet 
 CONVERGENCE THRESHOLDS:    1.00E-08 (Density)    1.00E-09 (Energy)
 MAX. NUMBER OF ITERATIONS:       60
 INTERPOLATION TYPE:            DIIS
 INTERPOLATION STEPS:              2 (START)      1 (STEP)
 LEVEL SHIFTS:                  0.00 (CLOSED)  0.00 (OPEN) 



 Orbital guess generated from atomic densities. Full valence occupancy:   23

 Molecular orbital dump at record        2100.2

 Initial occupancy:  15

 ITERATION    DDIFF          GRAD             ENERGY        2-EL.EN.            DIPOLE MOMENTS         DIIS   ORB.
    1      0.000D+00      0.000D+00      -192.23277623    275.540370   -0.20072   -0.89072   -0.09187    0    start
    2      0.000D+00      0.480D-02      -192.30329024    266.777573   -0.06890   -0.48108   -0.07817    1    diag
    3      0.506D-02      0.293D-02      -192.32805141    270.479700   -0.10150   -0.58089   -0.08241    2    diag
    4      0.174D-02      0.365D-03      -192.32890621    270.277497   -0.09968   -0.57427   -0.08256    3    diag
    5      0.326D-03      0.105D-03      -192.32899549    270.285545   -0.09899   -0.57269   -0.08303    4    diag
    6      0.117D-03      0.263D-04      -192.32900084    270.292462   -0.09860   -0.57214   -0.08303    5    diag
    7      0.326D-04      0.602D-05      -192.32900123    270.290063   -0.09863   -0.57207   -0.08307    6    diag
    8      0.986D-05      0.154D-05      -192.32900126    270.290290   -0.09854   -0.57203   -0.08307    7    diag
    9      0.219D-05      0.543D-06      -192.32900126    270.290295   -0.09857   -0.57200   -0.08308    8    diag
   10      0.544D-06      0.192D-06      -192.32900126    270.290268   -0.09855   -0.57200   -0.08308    9    orth
   11      0.282D-06      0.211D-07      -192.32900126    270.290269   -0.09855   -0.57200   -0.08308    9    diag
   12      0.313D-07      0.610D-08      -192.32900126    270.290271   -0.09855   -0.57200   -0.08308    9    diag
   13      0.123D-07      0.117D-08      -192.32900126    270.290270   -0.09855   -0.57200   -0.08308    9    diag
   14      0.173D-08      0.369D-09      -192.32900126    270.290271   -0.09855   -0.57200   -0.08308    0    orth

 Final occupancy:  15

 !RHF STATE 1.1 Energy               -192.329001264775
 Nuclear energy                        65.09189010
 One-electron energy                 -392.56602678
 Two-electron energy                  135.14513541
 Virial quotient                       -1.00160913
 !RHF STATE 1.1 Dipole moment          -0.09855356    -0.57200069    -0.08307820
 Dipole moment /Debye                  -0.25048175    -1.45378552    -0.21114989

 Orbital energies:

         1.1          2.1          3.1          4.1          5.1          6.1          7.1          8.1          9.1         10.1
    -20.570316   -20.567407   -11.185279    -1.340719    -1.340660    -0.939012    -0.706247    -0.705649    -0.578945    -0.577131

        11.1         12.1         13.1         14.1         15.1         16.1         17.1
     -0.540064    -0.537547    -0.535474    -0.507618    -0.505809     0.027026     0.032256

 HOMO     15.1    -0.505809 =     -13.7638eV
 LUMO     16.1     0.027026 =       0.7354eV
 LUMO-HOMO         0.532835 =      14.4992eV


 **********************************************************************************************************************************
 DATASETS  * FILE   NREC   LENGTH (MB)   RECORD NAMES
              1      19     7516.02       500      610      700      900      950      970     1000      129      960     1100   
                                          VAR    BASINP    GEOM    SYMINP    ZMAT    AOBASIS   BASIS     P2S    ABASIS      S 
                                         1400     1410     1200     1210     1080     1600     1650     1300     1700   
                                           T        V       H0       H01     AOSYM     SMH    MOLCAS    ERIS     OPER   

              2       5        6.86       200      700     1000      520     2100   
                                        OPTIONS   GEOM     BASIS   MCVARS     RHF  

 PROGRAMS   *        TOTAL        HF       INT
 CPU TIMES  *       233.65    167.71     65.80
 REAL TIME  *       557.02 SEC
 DISK USED  *        21.37 GB      
 **********************************************************************************************************************************
 SETTING ESCF_ABC       =      -192.32900126  AU                              


 PROGRAM * MP4 (Closed-shell)     Authors: C. Hampel, H.-J. Werner, 1991, M. Deegan, P.J. Knowles, 1992


 Convergence thresholds:  THRVAR = 1.00D-08  THRDEN = 1.00D-08

 MP4(T)     terms to be evaluated (factor= 0.000)


 Number of core orbitals:           3 (   3 )
 Number of closed-shell orbitals:  12 (  12 )
 Number of external orbitals:     307 ( 307 )

 Molecular orbitals read from record     2100.2  Type=RHF/CANONICAL (state 1.1)

 Number of N-1 electron functions:              12
 Number of N-2 electron functions:              78
 Number of singly external CSFs:              3684
 Number of doubly external CSFs:           6787770
 Total number of CSFs:                     6791455

 Length of J-op  integral file:               0.00 MB
 Length of K-op  integral file:               7.17 MB

 Memory could be reduced to 437.50 Mwords without degradation in triples

 Integral transformation finished. Total CPU:  60.66 sec, npass=  1  Memory used: 233.41 MW

 Reference energy:                   -192.32900126

                        CORR.ENERGY   TOTAL ENERGY   ENERGY CHANGE
 MP2:                   -0.74201255  -193.07101382    -0.74201255

 SCS-MP2 correlation energy:           -0.74449885   (PS=  1.200000  PT=  0.333333)
 SCS-MP2 total energy:               -193.07350012

 MP3(D):                -0.76457266  -193.09357392    -0.02256010
 MP4(DQ):               -0.76672985  -193.09573111    -0.00215719
 MP4(SDQ):              -0.77167009  -193.10067136    -0.00494024

 Norm of t1 vector:      0.05550901      S-energy:    -0.00494024      T1 diagnostic:  0.00801203


 Total CPU time for triples:   1579.58 sec


 RESULTS
 =======

  Reference energy                   -192.329001264776
  MP4(SDQ) singlet pair energy         -0.530270962317
  MP4(SDQ) triplet pair energy         -0.236458886214
  MP4(SDQ) correlation energy          -0.771670093011

  Triples contribution                 -0.025650368695
  Total correlation energy             -0.797320461705

  MP4(SDQ) total energy              -193.100671357787
 !MP4(SDTQ) total energy             -193.126321726482

 Timing summary (sec):

 STEP                 CPU(USER)    SYS     CPU(TOT)    WALL
 Transformation         61.42     10.84     72.26    122.88
 CCSD iterations        75.19      5.71     80.90     93.07
 Triples              1579.58     29.55   1609.13   1656.63

 Program statistics:

 Available memory in ccsd:             13999999324
 Min. memory needed in ccsd:              17471288
 Max. memory used in ccsd:                23578322
 Max. memory used in cckext:              17102349 ( 1 integral passes)



 **********************************************************************************************************************************
 DATASETS  * FILE   NREC   LENGTH (MB)   RECORD NAMES
              1      20     9008.41       500      610      700      900      950      970     1000      129      960     1100   
                                          VAR    BASINP    GEOM    SYMINP    ZMAT    AOBASIS   BASIS     P2S    ABASIS      S 
                                         1400     1410     1200     1210     1080     1600     1650     1300     1700     1380   
                                           T        V       H0       H01     AOSYM     SMH    MOLCAS    ERIS     OPER     JKOP   

              2       5        6.86       200      700     1000      520     2100   
                                        OPTIONS   GEOM     BASIS   MCVARS     RHF  

 PROGRAMS   *        TOTAL       MP4        HF       INT
 CPU TIMES  *      1949.87   1716.21    167.71     65.80
 REAL TIME  *      2429.93 SEC
 DISK USED  *        21.37 GB      
 **********************************************************************************************************************************
 SETTING EMP4_ABC       =      -193.12632173  AU                              
 SETTING EMP4_CORR_ABC  =        -0.79732046  AU                              

 Running procedure=SET_MONOMERA

 Dummy atoms: O1  H5  H6  O2  H7  H8


 Recomputing one-electron integrals since nuclear charges changed


 PROGRAM * SEWARD (Integral evaluation for generally contracted gaussian basis sets)     Author: Roland Lindh, 1990

 Geometry written to block  1 of record 700


 Point group  C1  



 ATOMIC COORDINATES

 NR  ATOM    CHARGE       X              Y              Z

   1  C1      6.00   -6.193010455    2.801518980    2.403542658
   2  H1      1.00   -4.656285171    1.699997622    3.119937832
   3  H2      1.00   -5.973046335    4.726205038    2.982932688
   4  H3      1.00   -7.940251230    2.077186956    3.118237078
   5  H4      1.00   -6.176569838    2.685300823    0.384937212
   6  O1      0.00   -7.075890501    0.749465381   -4.723937366
   7  H5      0.00   -8.725621408    0.873242442   -3.820459306
   8  H6      0.00   -7.500134016    0.238294464   -6.423179097
   9  O2      0.00   -0.603200579    4.424037830    7.113685023
  10  H7      0.00    0.770063396    4.853761551    8.236371314
  11  H8      0.00   -0.289128097    2.656576986    6.606293559

 Bond lengths in Bohr (Angstrom)

 1-2  2.021904040  1-3  2.022002335  1-4  2.021953343  1-5  2.022015060  6-7  1.884994809
     ( 1.069945541)     ( 1.069997556)     ( 1.069971630)     ( 1.070004290)     ( 0.997496296)

  6- 8  1.824472726   9-10  1.825086553   9-11  1.865477274
       ( 0.965469388)       ( 0.965794212)       ( 0.987168061)

 Bond angles

  2-1-3  109.53398059   2-1-4  109.65604535   2-1-5  108.43490854   3-1-4  109.49436728

  3- 1- 5  109.86987750   4- 1- 5  109.83468330   7- 6- 8  105.14667399  10- 9-11  105.29057030

 NUCLEAR CHARGE:                   10
 NUMBER OF PRIMITIVE AOS:         417
 NUMBER OF SYMMETRY AOS:          374
 NUMBER OF CONTRACTIONS:          322   ( 322A   )
 NUMBER OF CORE ORBITALS:           1   (   1A   )
 NUMBER OF VALENCE ORBITALS:        8   (   8A   )

 MOLECULE CHANGED: INITIALIZING OCCUPATION AND DUMP RECORDS


 NUCLEAR REPULSION ENERGY   13.68681606


 Eigenvalues of metric

         1 0.469E-04 0.648E-04 0.872E-04 0.953E-04 0.326E-03 0.330E-03 0.341E-03 0.352E-03


 Contracted 2-electron integrals neglected if value below      1.0D-19

 OPERATOR DM      FOR CENTER  0  COORDINATES:    0.000000    0.000000    0.000000


 **********************************************************************************************************************************
 DATASETS  * FILE   NREC   LENGTH (MB)   RECORD NAMES
              1      19     7516.02       500      610      700      900      950      970     1000      129      960     1100   
                                          VAR    BASINP    GEOM    SYMINP    ZMAT    AOBASIS   BASIS     P2S    ABASIS      S 
                                         1400     1410     1200     1210     1080     1600     1650     1300     1700   
                                           T        V       H0       H01     AOSYM     SMH    MOLCAS    ERIS     OPER   

              2       5        6.86       200      700     1000      520     2100   
                                        OPTIONS   GEOM     BASIS   MCVARS     RHF  

 PROGRAMS   *        TOTAL       INT       MP4        HF       INT
 CPU TIMES  *      1949.99      0.11   1716.21    167.71     65.80
 REAL TIME  *      2431.27 SEC
 DISK USED  *        21.37 GB      
 **********************************************************************************************************************************


 PROGRAM * RHF-SCF (CLOSED SHELL)       Authors: W. Meyer, H.-J. Werner


 NUMBER OF ELECTRONS:       5+    5-    SPACE SYMMETRY=1    SPIN SYMMETRY: Singlet 
 CONVERGENCE THRESHOLDS:    1.00E-08 (Density)    1.00E-09 (Energy)
 MAX. NUMBER OF ITERATIONS:       60
 INTERPOLATION TYPE:            DIIS
 INTERPOLATION STEPS:              2 (START)      1 (STEP)
 LEVEL SHIFTS:                  0.00 (CLOSED)  0.00 (OPEN) 



 Orbital guess generated from atomic densities. Full valence occupancy:    9

 Molecular orbital dump at record        2101.2

 Initial occupancy:   5

 ITERATION    DDIFF          GRAD             ENERGY        2-EL.EN.            DIPOLE MOMENTS         DIIS   ORB.
    1      0.000D+00      0.000D+00       -40.19359123     53.494075    0.00410   -0.00278   -0.00134    0    start
    2      0.000D+00      0.298D-02       -40.21070937     52.213704    0.00129   -0.00092   -0.00044    1    diag
    3      0.232D-02      0.116D-02       -40.21295795     52.664885    0.00182   -0.00127   -0.00059    2    diag
    4      0.656D-03      0.288D-03       -40.21327344     52.609866    0.00162   -0.00114   -0.00053    3    diag
    5      0.217D-03      0.374D-04       -40.21327884     52.612203    0.00159   -0.00112   -0.00052    4    diag
    6      0.604D-04      0.291D-05       -40.21327888     52.612301    0.00159   -0.00112   -0.00052    5    diag
    7      0.515D-05      0.223D-06       -40.21327888     52.612266    0.00159   -0.00112   -0.00052    6    diag
    8      0.691D-06      0.186D-07       -40.21327888     52.612267    0.00159   -0.00112   -0.00052    7    diag
    9      0.130D-06      0.239D-08       -40.21327888     52.612267    0.00159   -0.00112   -0.00052    8    diag
   10      0.723D-08      0.668D-09       -40.21327888     52.612267    0.00159   -0.00112   -0.00052    0    orth

 Final occupancy:   5

 !RHF STATE 1.1 Energy                -40.213278878237
 Nuclear energy                        13.68681606
 One-electron energy                  -80.20622842
 Two-electron energy                   26.30613349
 Virial quotient                       -0.99869749
 !RHF STATE 1.1 Dipole moment           0.00158908    -0.00112203    -0.00051605
 Dipole moment /Debye                   0.00403878    -0.00285172    -0.00131158

 Orbital energies:

         1.1          2.1          3.1          4.1          5.1          6.1          7.1
    -11.197209    -0.950740    -0.551694    -0.549757    -0.547581     0.024463     0.032625

 HOMO      5.1    -0.547581 =     -14.9004eV
 LUMO      6.1     0.024463 =       0.6657eV
 LUMO-HOMO         0.572044 =      15.5661eV


 **********************************************************************************************************************************
 DATASETS  * FILE   NREC   LENGTH (MB)   RECORD NAMES
              1      19     7516.02       500      610      700      900      950      970     1000      129      960     1100   
                                          VAR    BASINP    GEOM    SYMINP    ZMAT    AOBASIS   BASIS     P2S    ABASIS      S 
                                         1400     1410     1200     1210     1080     1600     1650     1300     1700   
                                           T        V       H0       H01     AOSYM     SMH    MOLCAS    ERIS     OPER   

              2       6       13.52       200      700     1000      520     2100     2101   
                                        OPTIONS   GEOM     BASIS   MCVARS     RHF      RHF  

 PROGRAMS   *        TOTAL        HF       INT       MP4        HF       INT
 CPU TIMES  *      2073.10    123.10      0.11   1716.21    167.71     65.80
 REAL TIME  *      2622.44 SEC
 DISK USED  *        21.37 GB      
 **********************************************************************************************************************************
 SETTING ESCF_A         =       -40.21327888  AU                              


 PROGRAM * MP4 (Closed-shell)     Authors: C. Hampel, H.-J. Werner, 1991, M. Deegan, P.J. Knowles, 1992


 Convergence thresholds:  THRVAR = 1.00D-08  THRDEN = 1.00D-08

 MP4(T)     terms to be evaluated (factor= 0.000)


 Number of core orbitals:           1 (   1 )
 Number of closed-shell orbitals:   4 (   4 )
 Number of external orbitals:     317 ( 317 )

 Molecular orbitals read from record     2101.2  Type=RHF/CANONICAL (state 1.1)

 Number of N-1 electron functions:               4
 Number of N-2 electron functions:              10
 Number of singly external CSFs:              1268
 Number of doubly external CSFs:            804546
 Total number of CSFs:                      805815

 Length of J-op  integral file:               0.00 MB
 Length of K-op  integral file:               7.17 MB

 Memory could be reduced to 210.42 Mwords without degradation in triples

 Integral transformation finished. Total CPU:  26.04 sec, npass=  1  Memory used:  87.59 MW

 Reference energy:                    -40.21327888

                        CORR.ENERGY   TOTAL ENERGY   ENERGY CHANGE
 MP2:                   -0.20055705   -40.41383592    -0.20055705

 SCS-MP2 correlation energy:           -0.20885049   (PS=  1.200000  PT=  0.333333)
 SCS-MP2 total energy:                -40.42212937

 MP3(D):                -0.21858935   -40.43186823    -0.01803231
 MP4(DQ):               -0.21934457   -40.43262345    -0.00075522
 MP4(SDQ):              -0.22027087   -40.43354975    -0.00092629

 Norm of t1 vector:      0.02389358      S-energy:    -0.00092629      T1 diagnostic:  0.00597340


 Total CPU time for triples:     77.67 sec


 RESULTS
 =======

  Reference energy                    -40.213278878237
  MP4(SDQ) singlet pair energy         -0.164570368890
  MP4(SDQ) triplet pair energy         -0.054774203926
  MP4(SDQ) correlation energy          -0.220270867187

  Triples contribution                 -0.005924987226
  Total correlation energy             -0.226195854414

  MP4(SDQ) total energy               -40.433549745425
 !MP4(SDTQ) total energy              -40.439474732651

 Timing summary (sec):

 STEP                 CPU(USER)    SYS     CPU(TOT)    WALL
 Transformation         26.14      7.18     33.32     33.49
 CCSD iterations        16.24      5.60     21.84     44.94
 Triples                77.67      1.53     79.20     79.22

 Program statistics:

 Available memory in ccsd:             13999999836
 Min. memory needed in ccsd:               3677238
 Max. memory used in ccsd:                 4267372
 Max. memory used in cckext:               2832301 ( 1 integral passes)



 **********************************************************************************************************************************
 DATASETS  * FILE   NREC   LENGTH (MB)   RECORD NAMES
              1      20     8041.45       500      610      700      900      950      970     1000      129      960     1100   
                                          VAR    BASINP    GEOM    SYMINP    ZMAT    AOBASIS   BASIS     P2S    ABASIS      S 
                                         1400     1410     1200     1210     1080     1600     1650     1300     1700     1380   
                                           T        V       H0       H01     AOSYM     SMH    MOLCAS    ERIS     OPER     JKOP   

              2       6       13.52       200      700     1000      520     2100     2101   
                                        OPTIONS   GEOM     BASIS   MCVARS     RHF      RHF  

 PROGRAMS   *        TOTAL       MP4        HF       INT       MP4        HF       INT
 CPU TIMES  *      2193.17    120.06    123.10      0.11   1716.21    167.71     65.80
 REAL TIME  *      2780.65 SEC
 DISK USED  *        21.37 GB      
 **********************************************************************************************************************************
 SETTING EMP4_A         =       -40.43947473  AU                              
 SETTING EMP4_CORR_A    =        -0.22619585  AU                              

 Running procedure=SET_MONOMERB

 Dummy atoms: C1  H1  H2  H3  H4  O2  H7  H8


 Recomputing one-electron integrals since nuclear charges changed


 PROGRAM * SEWARD (Integral evaluation for generally contracted gaussian basis sets)     Author: Roland Lindh, 1990

 Geometry written to block  1 of record 700


 Point group  C1  



 ATOMIC COORDINATES

 NR  ATOM    CHARGE       X              Y              Z

   1  C1      0.00   -6.193010455    2.801518980    2.403542658
   2  H1      0.00   -4.656285171    1.699997622    3.119937832
   3  H2      0.00   -5.973046335    4.726205038    2.982932688
   4  H3      0.00   -7.940251230    2.077186956    3.118237078
   5  H4      0.00   -6.176569838    2.685300823    0.384937212
   6  O1      8.00   -7.075890501    0.749465381   -4.723937366
   7  H5      1.00   -8.725621408    0.873242442   -3.820459306
   8  H6      1.00   -7.500134016    0.238294464   -6.423179097
   9  O2      0.00   -0.603200579    4.424037830    7.113685023
  10  H7      0.00    0.770063396    4.853761551    8.236371314
  11  H8      0.00   -0.289128097    2.656576986    6.606293559

 Bond lengths in Bohr (Angstrom)

 1-2  2.021904040  1-3  2.022002335  1-4  2.021953343  1-5  2.022015060  6-7  1.884994809
     ( 1.069945541)     ( 1.069997556)     ( 1.069971630)     ( 1.070004290)     ( 0.997496296)

  6- 8  1.824472726   9-10  1.825086553   9-11  1.865477274
       ( 0.965469388)       ( 0.965794212)       ( 0.987168061)

 Bond angles

  2-1-3  109.53398059   2-1-4  109.65604535   2-1-5  108.43490854   3-1-4  109.49436728

  3- 1- 5  109.86987750   4- 1- 5  109.83468330   7- 6- 8  105.14667399  10- 9-11  105.29057030

 NUCLEAR CHARGE:                   10
 NUMBER OF PRIMITIVE AOS:         417
 NUMBER OF SYMMETRY AOS:          374
 NUMBER OF CONTRACTIONS:          322   ( 322A   )
 NUMBER OF CORE ORBITALS:           1   (   1A   )
 NUMBER OF VALENCE ORBITALS:        6   (   6A   )

 MOLECULE CHANGED: INITIALIZING OCCUPATION AND DUMP RECORDS


 NUCLEAR REPULSION ENERGY    8.96831117


 Eigenvalues of metric

         1 0.469E-04 0.648E-04 0.872E-04 0.953E-04 0.326E-03 0.330E-03 0.341E-03 0.352E-03


 Contracted 2-electron integrals neglected if value below      1.0D-19

 OPERATOR DM      FOR CENTER  0  COORDINATES:    0.000000    0.000000    0.000000


 **********************************************************************************************************************************
 DATASETS  * FILE   NREC   LENGTH (MB)   RECORD NAMES
              1      19     7516.02       500      610      700      900      950      970     1000      129      960     1100   
                                          VAR    BASINP    GEOM    SYMINP    ZMAT    AOBASIS   BASIS     P2S    ABASIS      S 
                                         1400     1410     1200     1210     1080     1600     1650     1300     1700   
                                           T        V       H0       H01     AOSYM     SMH    MOLCAS    ERIS     OPER   

              2       6       13.52       200      700     1000      520     2100     2101   
                                        OPTIONS   GEOM     BASIS   MCVARS     RHF      RHF  

 PROGRAMS   *        TOTAL       INT       MP4        HF       INT       MP4        HF       INT
 CPU TIMES  *      2193.28      0.12    120.06    123.10      0.11   1716.21    167.71     65.80
 REAL TIME  *      2781.40 SEC
 DISK USED  *        21.37 GB      
 **********************************************************************************************************************************


 PROGRAM * RHF-SCF (CLOSED SHELL)       Authors: W. Meyer, H.-J. Werner


 NUMBER OF ELECTRONS:       5+    5-    SPACE SYMMETRY=1    SPIN SYMMETRY: Singlet 
 CONVERGENCE THRESHOLDS:    1.00E-08 (Density)    1.00E-09 (Energy)
 MAX. NUMBER OF ITERATIONS:       60
 INTERPOLATION TYPE:            DIIS
 INTERPOLATION STEPS:              2 (START)      1 (STEP)
 LEVEL SHIFTS:                  0.00 (CLOSED)  0.00 (OPEN) 



 Orbital guess generated from atomic densities. Full valence occupancy:    7

 Molecular orbital dump at record        2102.2

 Initial occupancy:   5

 ITERATION    DDIFF          GRAD             ENERGY        2-EL.EN.            DIPOLE MOMENTS         DIIS   ORB.
    1      0.000D+00      0.000D+00       -76.01912564     77.337106   -1.06820   -0.19638   -0.39862    0    start
    2      0.000D+00      0.539D-02       -76.04580651     73.691533   -0.61493   -0.11592   -0.23979    1    diag
    3      0.318D-02      0.345D-02       -76.05730935     75.305945   -0.72661   -0.13637   -0.28110    2    diag
    4      0.116D-02      0.318D-03       -76.05750356     75.216427   -0.72135   -0.13597   -0.28118    3    diag
    5      0.149D-03      0.894D-04       -76.05752441     75.230729   -0.71932   -0.13583   -0.28127    4    diag
    6      0.493D-04      0.176D-04       -76.05752573     75.229808   -0.71887   -0.13583   -0.28138    5    diag
    7      0.125D-04      0.352D-05       -76.05752580     75.229936   -0.71872   -0.13582   -0.28140    6    diag
    8      0.327D-05      0.640D-06       -76.05752580     75.229920   -0.71868   -0.13582   -0.28139    7    diag
    9      0.558D-06      0.834D-07       -76.05752580     75.229910   -0.71867   -0.13582   -0.28139    8    diag
   10      0.727D-07      0.216D-07       -76.05752580     75.229913   -0.71867   -0.13582   -0.28139    9    orth
   11      0.177D-07      0.489D-08       -76.05752580     75.229913   -0.71867   -0.13582   -0.28139    9    diag
   12      0.452D-08      0.955D-09       -76.05752580     75.229913   -0.71867   -0.13582   -0.28139    0    orth

 Final occupancy:   5

 !RHF STATE 1.1 Energy                -76.057525800591
 Nuclear energy                         8.96831117
 One-electron energy                 -122.64079352
 Two-electron energy                   37.61495655
 Virial quotient                       -1.00251581
 !RHF STATE 1.1 Dipole moment          -0.71867255    -0.13581566    -0.28138852
 Dipole moment /Debye                  -1.82656379    -0.34518638    -0.71517144

 Orbital energies:

         1.1          2.1          3.1          4.1          5.1          6.1          7.1
    -20.571044    -1.341208    -0.705998    -0.578971    -0.508219     0.021377     0.031491

 HOMO      5.1    -0.508219 =     -13.8293eV
 LUMO      6.1     0.021377 =       0.5817eV
 LUMO-HOMO         0.529596 =      14.4110eV


 **********************************************************************************************************************************
 DATASETS  * FILE   NREC   LENGTH (MB)   RECORD NAMES
              1      19     7516.02       500      610      700      900      950      970     1000      129      960     1100   
                                          VAR    BASINP    GEOM    SYMINP    ZMAT    AOBASIS   BASIS     P2S    ABASIS      S 
                                         1400     1410     1200     1210     1080     1600     1650     1300     1700   
                                           T        V       H0       H01     AOSYM     SMH    MOLCAS    ERIS     OPER   

              2       7       20.17       200      700     1000      520     2100     2101     2102   
                                        OPTIONS   GEOM     BASIS   MCVARS     RHF      RHF      RHF  

 PROGRAMS   *        TOTAL        HF       INT       MP4        HF       INT       MP4        HF       INT
 CPU TIMES  *      2338.81    145.53      0.12    120.06    123.10      0.11   1716.21    167.71     65.80
 REAL TIME  *      3012.86 SEC
 DISK USED  *        21.37 GB      
 **********************************************************************************************************************************
 SETTING ESCF_B         =       -76.05752580  AU                              


 PROGRAM * MP4 (Closed-shell)     Authors: C. Hampel, H.-J. Werner, 1991, M. Deegan, P.J. Knowles, 1992


 Convergence thresholds:  THRVAR = 1.00D-08  THRDEN = 1.00D-08

 MP4(T)     terms to be evaluated (factor= 0.000)


 Number of core orbitals:           1 (   1 )
 Number of closed-shell orbitals:   4 (   4 )
 Number of external orbitals:     317 ( 317 )

 Molecular orbitals read from record     2102.2  Type=RHF/CANONICAL (state 1.1)

 Number of N-1 electron functions:               4
 Number of N-2 electron functions:              10
 Number of singly external CSFs:              1268
 Number of doubly external CSFs:            804546
 Total number of CSFs:                      805815

 Length of J-op  integral file:               0.00 MB
 Length of K-op  integral file:               7.17 MB

 Memory could be reduced to 210.42 Mwords without degradation in triples

 Integral transformation finished. Total CPU:  25.94 sec, npass=  1  Memory used:  87.59 MW

 Reference energy:                    -76.05752580

                        CORR.ENERGY   TOTAL ENERGY   ENERGY CHANGE
 MP2:                   -0.27034956   -76.32787536    -0.27034956

 SCS-MP2 correlation energy:           -0.26758941   (PS=  1.200000  PT=  0.333333)
 SCS-MP2 total energy:                -76.32511521

 MP3(D):                -0.27257117   -76.33009697    -0.00222161
 MP4(DQ):               -0.27333716   -76.33086296    -0.00076600
 MP4(SDQ):              -0.27533941   -76.33286521    -0.00200225

 Norm of t1 vector:      0.03525512      S-energy:    -0.00200225      T1 diagnostic:  0.00881378

 Total CPU time for triples:     77.64 sec


 RESULTS
 =======

  Reference energy                    -76.057525800591
  MP4(SDQ) singlet pair energy         -0.182902872675
  MP4(SDQ) triplet pair energy         -0.090434291217
  MP4(SDQ) correlation energy          -0.275339412588

  Triples contribution                 -0.009801700085
  Total correlation energy             -0.285141112673

  MP4(SDQ) total energy               -76.332865213179
 !MP4(SDTQ) total energy              -76.342666913264

 Timing summary (sec):

 STEP                 CPU(USER)    SYS     CPU(TOT)    WALL
 Transformation         26.04      7.61     33.65     34.21
 CCSD iterations        16.17      5.91     22.08     38.05
 Triples                77.64      1.54     79.18     79.19

 Program statistics:

 Available memory in ccsd:             13999999836
 Min. memory needed in ccsd:               3677238
 Max. memory used in ccsd:                 4267372
 Max. memory used in cckext:               2832301 ( 1 integral passes)



 **********************************************************************************************************************************
 DATASETS  * FILE   NREC   LENGTH (MB)   RECORD NAMES
              1      20     8041.45       500      610      700      900      950      970     1000      129      960     1100   
                                          VAR    BASINP    GEOM    SYMINP    ZMAT    AOBASIS   BASIS     P2S    ABASIS      S 
                                         1400     1410     1200     1210     1080     1600     1650     1300     1700     1380   
                                           T        V       H0       H01     AOSYM     SMH    MOLCAS    ERIS     OPER     JKOP   

              2       7       20.17       200      700     1000      520     2100     2101     2102   
                                        OPTIONS   GEOM     BASIS   MCVARS     RHF      RHF      RHF  

 PROGRAMS   *        TOTAL       MP4        HF       INT       MP4        HF       INT       MP4        HF       INT
 CPU TIMES  *      2458.69    119.87    145.53      0.12    120.06    123.10      0.11   1716.21    167.71     65.80
 REAL TIME  *      3164.55 SEC
 DISK USED  *        21.37 GB      
 **********************************************************************************************************************************
 SETTING EMP4_B         =       -76.34266691  AU                              
 SETTING EMP4_CORR_B    =        -0.28514111  AU                              

 Running procedure=SET_MONOMERC

 Dummy atoms: C1  H1  H2  H3  H4  O1  H5  H6


 Recomputing one-electron integrals since nuclear charges changed


 PROGRAM * SEWARD (Integral evaluation for generally contracted gaussian basis sets)     Author: Roland Lindh, 1990

 Geometry written to block  1 of record 700


 Point group  C1  



 ATOMIC COORDINATES

 NR  ATOM    CHARGE       X              Y              Z

   1  C1      0.00   -6.193010455    2.801518980    2.403542658
   2  H1      0.00   -4.656285171    1.699997622    3.119937832
   3  H2      0.00   -5.973046335    4.726205038    2.982932688
   4  H3      0.00   -7.940251230    2.077186956    3.118237078
   5  H4      0.00   -6.176569838    2.685300823    0.384937212
   6  O1      0.00   -7.075890501    0.749465381   -4.723937366
   7  H5      0.00   -8.725621408    0.873242442   -3.820459306
   8  H6      0.00   -7.500134016    0.238294464   -6.423179097
   9  O2      8.00   -0.603200579    4.424037830    7.113685023
  10  H7      1.00    0.770063396    4.853761551    8.236371314
  11  H8      1.00   -0.289128097    2.656576986    6.606293559

 Bond lengths in Bohr (Angstrom)

 1-2  2.021904040  1-3  2.022002335  1-4  2.021953343  1-5  2.022015060  6-7  1.884994809
     ( 1.069945541)     ( 1.069997556)     ( 1.069971630)     ( 1.070004290)     ( 0.997496296)

  6- 8  1.824472726   9-10  1.825086553   9-11  1.865477274
       ( 0.965469388)       ( 0.965794212)       ( 0.987168061)

 Bond angles

  2-1-3  109.53398059   2-1-4  109.65604535   2-1-5  108.43490854   3-1-4  109.49436728

  3- 1- 5  109.86987750   4- 1- 5  109.83468330   7- 6- 8  105.14667399  10- 9-11  105.29057030

 NUCLEAR CHARGE:                   10
 NUMBER OF PRIMITIVE AOS:         417
 NUMBER OF SYMMETRY AOS:          374
 NUMBER OF CONTRACTIONS:          322   ( 322A   )
 NUMBER OF CORE ORBITALS:           1   (   1A   )
 NUMBER OF VALENCE ORBITALS:        6   (   6A   )

 MOLECULE CHANGED: INITIALIZING OCCUPATION AND DUMP RECORDS


 NUCLEAR REPULSION ENERGY    9.01266574


 Eigenvalues of metric

         1 0.469E-04 0.648E-04 0.872E-04 0.953E-04 0.326E-03 0.330E-03 0.341E-03 0.352E-03


 Contracted 2-electron integrals neglected if value below      1.0D-19

 OPERATOR DM      FOR CENTER  0  COORDINATES:    0.000000    0.000000    0.000000


 **********************************************************************************************************************************
 DATASETS  * FILE   NREC   LENGTH (MB)   RECORD NAMES
              1      19     7516.02       500      610      700      900      950      970     1000      129      960     1100   
                                          VAR    BASINP    GEOM    SYMINP    ZMAT    AOBASIS   BASIS     P2S    ABASIS      S 
                                         1400     1410     1200     1210     1080     1600     1650     1300     1700   
                                           T        V       H0       H01     AOSYM     SMH    MOLCAS    ERIS     OPER   

              2       7       20.17       200      700     1000      520     2100     2101     2102   
                                        OPTIONS   GEOM     BASIS   MCVARS     RHF      RHF      RHF  

 PROGRAMS   *        TOTAL       INT       MP4        HF       INT       MP4        HF       INT       MP4        HF       INT
 CPU TIMES  *      2458.80      0.12    119.87    145.53      0.12    120.06    123.10      0.11   1716.21    167.71     65.80
 REAL TIME  *      3165.20 SEC
 DISK USED  *        21.37 GB      
 **********************************************************************************************************************************


 PROGRAM * RHF-SCF (CLOSED SHELL)       Authors: W. Meyer, H.-J. Werner


 NUMBER OF ELECTRONS:       5+    5-    SPACE SYMMETRY=1    SPIN SYMMETRY: Singlet 
 CONVERGENCE THRESHOLDS:    1.00E-08 (Density)    1.00E-09 (Energy)
 MAX. NUMBER OF ITERATIONS:       60
 INTERPOLATION TYPE:            DIIS
 INTERPOLATION STEPS:              2 (START)      1 (STEP)
 LEVEL SHIFTS:                  0.00 (CLOSED)  0.00 (OPEN) 



 Orbital guess generated from atomic densities. Full valence occupancy:    7

 Molecular orbital dump at record        2103.2

 Initial occupancy:   5

 ITERATION    DDIFF          GRAD             ENERGY        2-EL.EN.            DIPOLE MOMENTS         DIIS   ORB.
    1      0.000D+00      0.000D+00       -76.02029259     77.398454    0.86268   -0.69133    0.31158    0    start
    2      0.000D+00      0.539D-02       -76.04694201     73.773552    0.50503   -0.39789    0.18522    1    diag
    3      0.317D-02      0.343D-02       -76.05826599     75.375090    0.59419   -0.46955    0.21733    2    diag
    4      0.114D-02      0.316D-03       -76.05845655     75.285775    0.59129   -0.46589    0.21684    3    diag
    5      0.146D-03      0.879D-04       -76.05847646     75.299850    0.59022   -0.46448    0.21667    4    diag
    6      0.454D-04      0.171D-04       -76.05847769     75.298983    0.59004   -0.46415    0.21668    5    diag
    7      0.114D-04      0.338D-05       -76.05847775     75.299110    0.58997   -0.46405    0.21668    6    diag
    8      0.294D-05      0.626D-06       -76.05847775     75.299095    0.58994   -0.46402    0.21667    7    diag
    9      0.482D-06      0.799D-07       -76.05847775     75.299086    0.58994   -0.46402    0.21667    8    diag
   10      0.572D-07      0.200D-07       -76.05847775     75.299089    0.58994   -0.46402    0.21667    9    orth
   11      0.144D-07      0.414D-08       -76.05847775     75.299089    0.58994   -0.46402    0.21667    9    diag
   12      0.354D-08      0.774D-09       -76.05847775     75.299089    0.58994   -0.46402    0.21667    0    orth

 Final occupancy:   5

 !RHF STATE 1.1 Energy                -76.058477753835
 Nuclear energy                         9.01266574
 One-electron energy                 -122.72068788
 Two-electron energy                   37.64954439
 Virial quotient                       -1.00230153
 !RHF STATE 1.1 Dipole moment           0.58993631    -0.46401633     0.21666709
 Dipole moment /Debye                   1.49937033    -1.17933461     0.55067675

 Orbital energies:

         1.1          2.1          3.1          4.1          5.1          6.1          7.1
    -20.570175    -1.343443    -0.708898    -0.579709    -0.508575     0.022192     0.031651

 HOMO      5.1    -0.508575 =     -13.8390eV
 LUMO      6.1     0.022192 =       0.6039eV
 LUMO-HOMO         0.530767 =      14.4429eV


 **********************************************************************************************************************************
 DATASETS  * FILE   NREC   LENGTH (MB)   RECORD NAMES
              1      19     7516.02       500      610      700      900      950      970     1000      129      960     1100   
                                          VAR    BASINP    GEOM    SYMINP    ZMAT    AOBASIS   BASIS     P2S    ABASIS      S 
                                         1400     1410     1200     1210     1080     1600     1650     1300     1700   
                                           T        V       H0       H01     AOSYM     SMH    MOLCAS    ERIS     OPER   

              2       8       26.83       200      700     1000      520     2100     2101     2102     2103   
                                        OPTIONS   GEOM     BASIS   MCVARS     RHF      RHF      RHF      RHF  

 PROGRAMS   *        TOTAL        HF       INT       MP4        HF       INT       MP4        HF       INT       MP4        HF
 CPU TIMES  *      2604.28    145.48      0.12    119.87    145.53      0.12    120.06    123.10      0.11   1716.21    167.71
 REAL TIME  *      3395.95 SEC
 DISK USED  *        21.37 GB      
 **********************************************************************************************************************************
 SETTING ESCF_C         =       -76.05847775  AU                              


 PROGRAM * MP4 (Closed-shell)     Authors: C. Hampel, H.-J. Werner, 1991, M. Deegan, P.J. Knowles, 1992


 Convergence thresholds:  THRVAR = 1.00D-08  THRDEN = 1.00D-08

 MP4(T)     terms to be evaluated (factor= 0.000)


 Number of core orbitals:           1 (   1 )
 Number of closed-shell orbitals:   4 (   4 )
 Number of external orbitals:     317 ( 317 )

 Molecular orbitals read from record     2103.2  Type=RHF/CANONICAL (state 1.1)

 Number of N-1 electron functions:               4
 Number of N-2 electron functions:              10
 Number of singly external CSFs:              1268
 Number of doubly external CSFs:            804546
 Total number of CSFs:                      805815

 Length of J-op  integral file:               0.00 MB
 Length of K-op  integral file:               7.17 MB

 Memory could be reduced to 210.42 Mwords without degradation in triples

 Integral transformation finished. Total CPU:  25.97 sec, npass=  1  Memory used:  87.59 MW

 Reference energy:                    -76.05847775

                        CORR.ENERGY   TOTAL ENERGY   ENERGY CHANGE
 MP2:                   -0.26990188   -76.32837964    -0.26990188

 SCS-MP2 correlation energy:           -0.26713407   (PS=  1.200000  PT=  0.333333)
 SCS-MP2 total energy:                -76.32561182

 MP3(D):                -0.27222424   -76.33070200    -0.00232236
 MP4(DQ):               -0.27295881   -76.33143656    -0.00073457
 MP4(SDQ):              -0.27493348   -76.33341123    -0.00197467

 Norm of t1 vector:      0.03498903      S-energy:    -0.00197467      T1 diagnostic:  0.00874726

 Total CPU time for triples:     77.65 sec


 RESULTS
 =======

  Reference energy                    -76.058477753835
  MP4(SDQ) singlet pair energy         -0.182598493516
  MP4(SDQ) triplet pair energy         -0.090360314917
  MP4(SDQ) correlation energy          -0.274933480760

  Triples contribution                 -0.009728768756
  Total correlation energy             -0.284662249516

  MP4(SDQ) total energy               -76.333411234595
 !MP4(SDTQ) total energy              -76.343140003351

 Timing summary (sec):

 STEP                 CPU(USER)    SYS     CPU(TOT)    WALL
 Transformation         26.09      7.56     33.65     34.29
 CCSD iterations        16.16      6.09     22.25     38.21
 Triples                77.65      1.47     79.12     79.17

 Program statistics:

 Available memory in ccsd:             13999999836
 Min. memory needed in ccsd:               3677238
 Max. memory used in ccsd:                 4267372
 Max. memory used in cckext:               2832301 ( 1 integral passes)



 **********************************************************************************************************************************
 DATASETS  * FILE   NREC   LENGTH (MB)   RECORD NAMES
              1      20     8041.45       500      610      700      900      950      970     1000      129      960     1100   
                                          VAR    BASINP    GEOM    SYMINP    ZMAT    AOBASIS   BASIS     P2S    ABASIS      S 
                                         1400     1410     1200     1210     1080     1600     1650     1300     1700     1380   
                                           T        V       H0       H01     AOSYM     SMH    MOLCAS    ERIS     OPER     JKOP   

              2       8       26.83       200      700     1000      520     2100     2101     2102     2103   
                                        OPTIONS   GEOM     BASIS   MCVARS     RHF      RHF      RHF      RHF  

 PROGRAMS   *        TOTAL       MP4        HF       INT       MP4        HF       INT       MP4        HF       INT       MP4
 CPU TIMES  *      2724.20    119.92    145.48      0.12    119.87    145.53      0.12    120.06    123.10      0.11   1716.21
 REAL TIME  *      3547.90 SEC
 DISK USED  *        21.37 GB      
 **********************************************************************************************************************************
 SETTING EMP4_C         =       -76.34314000  AU                              
 SETTING EMP4_CORR_C    =        -0.28466225  AU                              

 Running procedure=SET_DIMERAB

 Dummy atoms: O2  H7  H8


 Recomputing one-electron integrals since nuclear charges changed


 PROGRAM * SEWARD (Integral evaluation for generally contracted gaussian basis sets)     Author: Roland Lindh, 1990

 Geometry written to block  1 of record 700


 Point group  C1  



 ATOMIC COORDINATES

 NR  ATOM    CHARGE       X              Y              Z

   1  C1      6.00   -6.193010455    2.801518980    2.403542658
   2  H1      1.00   -4.656285171    1.699997622    3.119937832
   3  H2      1.00   -5.973046335    4.726205038    2.982932688
   4  H3      1.00   -7.940251230    2.077186956    3.118237078
   5  H4      1.00   -6.176569838    2.685300823    0.384937212
   6  O1      8.00   -7.075890501    0.749465381   -4.723937366
   7  H5      1.00   -8.725621408    0.873242442   -3.820459306
   8  H6      1.00   -7.500134016    0.238294464   -6.423179097
   9  O2      0.00   -0.603200579    4.424037830    7.113685023
  10  H7      0.00    0.770063396    4.853761551    8.236371314
  11  H8      0.00   -0.289128097    2.656576986    6.606293559

 Bond lengths in Bohr (Angstrom)

 1-2  2.021904040  1-3  2.022002335  1-4  2.021953343  1-5  2.022015060  6-7  1.884994809
     ( 1.069945541)     ( 1.069997556)     ( 1.069971630)     ( 1.070004290)     ( 0.997496296)

  6- 8  1.824472726   9-10  1.825086553   9-11  1.865477274
       ( 0.965469388)       ( 0.965794212)       ( 0.987168061)

 Bond angles

  2-1-3  109.53398059   2-1-4  109.65604535   2-1-5  108.43490854   3-1-4  109.49436728

  3- 1- 5  109.86987750   4- 1- 5  109.83468330   7- 6- 8  105.14667399  10- 9-11  105.29057030

 NUCLEAR CHARGE:                   20
 NUMBER OF PRIMITIVE AOS:         417
 NUMBER OF SYMMETRY AOS:          374
 NUMBER OF CONTRACTIONS:          322   ( 322A   )
 NUMBER OF CORE ORBITALS:           2   (   2A   )
 NUMBER OF VALENCE ORBITALS:       14   (  14A   )

 MOLECULE CHANGED: INITIALIZING OCCUPATION AND DUMP RECORDS


 NUCLEAR REPULSION ENERGY   35.92323390


 Eigenvalues of metric

         1 0.469E-04 0.648E-04 0.872E-04 0.953E-04 0.326E-03 0.330E-03 0.341E-03 0.352E-03


 Contracted 2-electron integrals neglected if value below      1.0D-19

 OPERATOR DM      FOR CENTER  0  COORDINATES:    0.000000    0.000000    0.000000


 **********************************************************************************************************************************
 DATASETS  * FILE   NREC   LENGTH (MB)   RECORD NAMES
              1      19     7516.02       500      610      700      900      950      970     1000      129      960     1100   
                                          VAR    BASINP    GEOM    SYMINP    ZMAT    AOBASIS   BASIS     P2S    ABASIS      S 
                                         1400     1410     1200     1210     1080     1600     1650     1300     1700   
                                           T        V       H0       H01     AOSYM     SMH    MOLCAS    ERIS     OPER   

              2       8       26.83       200      700     1000      520     2100     2101     2102     2103   
                                        OPTIONS   GEOM     BASIS   MCVARS     RHF      RHF      RHF      RHF  

 PROGRAMS   *        TOTAL       INT       MP4        HF       INT       MP4        HF       INT       MP4        HF       INT
 CPU TIMES  *      2724.31      0.10    119.92    145.48      0.12    119.87    145.53      0.12    120.06    123.10      0.11
 REAL TIME  *      3549.09 SEC
 DISK USED  *        21.37 GB      
 **********************************************************************************************************************************


 PROGRAM * RHF-SCF (CLOSED SHELL)       Authors: W. Meyer, H.-J. Werner


 NUMBER OF ELECTRONS:      10+   10-    SPACE SYMMETRY=1    SPIN SYMMETRY: Singlet 
 CONVERGENCE THRESHOLDS:    1.00E-08 (Density)    1.00E-09 (Energy)
 MAX. NUMBER OF ITERATIONS:       60
 INTERPOLATION TYPE:            DIIS
 INTERPOLATION STEPS:              2 (START)      1 (STEP)
 LEVEL SHIFTS:                  0.00 (CLOSED)  0.00 (OPEN) 



 Orbital guess generated from atomic densities. Full valence occupancy:   16

 Molecular orbital dump at record        2104.2

 Initial occupancy:  10

 ITERATION    DDIFF          GRAD             ENERGY        2-EL.EN.            DIPOLE MOMENTS         DIIS   ORB.
    1      0.000D+00      0.000D+00      -116.21312060    157.492794   -1.06347   -0.20052   -0.40397    0    start
    2      0.000D+00      0.438D-02      -116.25673551    152.519212   -0.58241   -0.12752   -0.28507    1    diag
    3      0.393D-02      0.258D-02      -116.27011942    154.576059   -0.70401   -0.14580   -0.31747    2    diag
    4      0.131D-02      0.381D-03      -116.27077135    154.464073   -0.69335   -0.14386   -0.31485    3    diag
    5      0.290D-03      0.112D-03      -116.27083874    154.459081   -0.69258   -0.14377   -0.31548    4    diag
    6      0.106D-03      0.273D-04      -116.27084256    154.464932   -0.69171   -0.14361   -0.31536    5    diag
    7      0.299D-04      0.532D-05      -116.27084278    154.463463   -0.69169   -0.14359   -0.31539    6    diag
    8      0.839D-05      0.134D-05      -116.27084280    154.463613   -0.69161   -0.14358   -0.31539    7    diag
    9      0.169D-05      0.305D-06      -116.27084280    154.463588   -0.69158   -0.14358   -0.31538    8    diag
   10      0.552D-06      0.349D-07      -116.27084280    154.463589   -0.69158   -0.14358   -0.31538    9    orth
   11      0.463D-07      0.855D-08      -116.27084280    154.463590   -0.69158   -0.14358   -0.31538    9    diag
   12      0.162D-07      0.218D-08      -116.27084280    154.463590   -0.69158   -0.14358   -0.31538    9    diag
   13      0.281D-08      0.572D-09      -116.27084280    154.463590   -0.69158   -0.14358   -0.31538    0    orth

 Final occupancy:  10

 !RHF STATE 1.1 Energy               -116.270842802470
 Nuclear energy                        35.92323390
 One-electron energy                 -229.42587170
 Two-electron energy                   77.23179500
 Virial quotient                       -1.00116958
 !RHF STATE 1.1 Dipole moment          -0.69158304    -0.14357874    -0.31538441
 Dipole moment /Debye                  -1.75771362    -0.36491685    -0.80157470

 Orbital energies:

         1.1          2.1          3.1          4.1          5.1          6.1          7.1          8.1          9.1         10.1
    -20.572049   -11.191505    -1.342399    -0.945402    -0.707424    -0.580739    -0.545903    -0.544947    -0.541409    -0.509363

        11.1         12.1
      0.025256     0.032562

 HOMO     10.1    -0.509363 =     -13.8605eV
 LUMO     11.1     0.025256 =       0.6872eV
 LUMO-HOMO         0.534619 =      14.5477eV


 **********************************************************************************************************************************
 DATASETS  * FILE   NREC   LENGTH (MB)   RECORD NAMES
              1      19     7516.02       500      610      700      900      950      970     1000      129      960     1100   
                                          VAR    BASINP    GEOM    SYMINP    ZMAT    AOBASIS   BASIS     P2S    ABASIS      S 
                                         1400     1410     1200     1210     1080     1600     1650     1300     1700   
                                           T        V       H0       H01     AOSYM     SMH    MOLCAS    ERIS     OPER   

              2       9       33.49       200      700     1000      520     2100     2101     2102     2103     2104   
                                        OPTIONS   GEOM     BASIS   MCVARS     RHF      RHF      RHF      RHF      RHF  

 PROGRAMS   *        TOTAL        HF       INT       MP4        HF       INT       MP4        HF       INT       MP4        HF
 CPU TIMES  *      2880.92    156.61      0.10    119.92    145.48      0.12    119.87    145.53      0.12    120.06    123.10
 REAL TIME  *      3801.84 SEC
 DISK USED  *        21.37 GB      
 **********************************************************************************************************************************
 SETTING ESCF_AB        =      -116.27084280  AU                              


 PROGRAM * MP4 (Closed-shell)     Authors: C. Hampel, H.-J. Werner, 1991, M. Deegan, P.J. Knowles, 1992


 Convergence thresholds:  THRVAR = 1.00D-08  THRDEN = 1.00D-08

 MP4(T)     terms to be evaluated (factor= 0.000)


 Number of core orbitals:           2 (   2 )
 Number of closed-shell orbitals:   8 (   8 )
 Number of external orbitals:     312 ( 312 )

 Molecular orbitals read from record     2104.2  Type=RHF/CANONICAL (state 1.1)

 Number of N-1 electron functions:               8
 Number of N-2 electron functions:              36
 Number of singly external CSFs:              2496
 Number of doubly external CSFs:           3116256
 Total number of CSFs:                     3118753

 Length of J-op  integral file:               0.00 MB
 Length of K-op  integral file:               7.17 MB

 Memory could be reduced to 328.30 Mwords without degradation in triples

 Integral transformation finished. Total CPU:  42.89 sec, npass=  1  Memory used: 159.25 MW

 Reference energy:                   -116.27084280

                        CORR.ENERGY   TOTAL ENERGY   ENERGY CHANGE
 MP2:                   -0.47157189  -116.74241469    -0.47157189

 SCS-MP2 correlation energy:           -0.47693578   (PS=  1.200000  PT=  0.333333)
 SCS-MP2 total energy:               -116.74777858

 MP3(D):                -0.49182216  -116.76266496    -0.02025027
 MP4(DQ):               -0.49328151  -116.76412431    -0.00145935
 MP4(SDQ):              -0.49622719  -116.76706999    -0.00294568

 Norm of t1 vector:      0.04282524      S-energy:    -0.00294568      T1 diagnostic:  0.00757050


 Total CPU time for triples:    530.87 sec


 RESULTS
 =======

  Reference energy                   -116.270842802469
  MP4(SDQ) singlet pair energy         -0.347549118230
  MP4(SDQ) triplet pair energy         -0.145732390620
  MP4(SDQ) correlation energy          -0.496227189264

  Triples contribution                 -0.015832627220
  Total correlation energy             -0.512059816484

  MP4(SDQ) total energy              -116.767069991733
 !MP4(SDTQ) total energy             -116.782902618954

 Timing summary (sec):

 STEP                 CPU(USER)    SYS     CPU(TOT)    WALL
 Transformation         43.23      9.28     52.51     52.85
 CCSD iterations        35.74      5.94     41.68     59.44
 Triples               530.87      9.73    540.60    540.99

 Program statistics:

 Available memory in ccsd:             13999999644
 Min. memory needed in ccsd:               9187353
 Max. memory used in ccsd:                11873417
 Max. memory used in cckext:               8287581 ( 1 integral passes)



 **********************************************************************************************************************************
 DATASETS  * FILE   NREC   LENGTH (MB)   RECORD NAMES
              1      20     8537.61       500      610      700      900      950      970     1000      129      960     1100   
                                          VAR    BASINP    GEOM    SYMINP    ZMAT    AOBASIS   BASIS     P2S    ABASIS      S 
                                         1400     1410     1200     1210     1080     1600     1650     1300     1700     1380   
                                           T        V       H0       H01     AOSYM     SMH    MOLCAS    ERIS     OPER     JKOP   

              2       9       33.49       200      700     1000      520     2100     2101     2102     2103     2104   
                                        OPTIONS   GEOM     BASIS   MCVARS     RHF      RHF      RHF      RHF      RHF  

 PROGRAMS   *        TOTAL       MP4        HF       INT       MP4        HF       INT       MP4        HF       INT       MP4
 CPU TIMES  *      3490.78    609.86    156.61      0.10    119.92    145.48      0.12    119.87    145.53      0.12    120.06
 REAL TIME  *      4455.63 SEC
 DISK USED  *        21.37 GB      
 **********************************************************************************************************************************
 SETTING EMP4_AB        =      -116.78290262  AU                              
 SETTING EMP4_CORR_AB   =        -0.51205982  AU                              

 Running procedure=SET_DIMERAC

 Dummy atoms: O1  H5  H6


 Recomputing one-electron integrals since nuclear charges changed


 PROGRAM * SEWARD (Integral evaluation for generally contracted gaussian basis sets)     Author: Roland Lindh, 1990

 Geometry written to block  1 of record 700


 Point group  C1  



 ATOMIC COORDINATES

 NR  ATOM    CHARGE       X              Y              Z

   1  C1      6.00   -6.193010455    2.801518980    2.403542658
   2  H1      1.00   -4.656285171    1.699997622    3.119937832
   3  H2      1.00   -5.973046335    4.726205038    2.982932688
   4  H3      1.00   -7.940251230    2.077186956    3.118237078
   5  H4      1.00   -6.176569838    2.685300823    0.384937212
   6  O1      0.00   -7.075890501    0.749465381   -4.723937366
   7  H5      0.00   -8.725621408    0.873242442   -3.820459306
   8  H6      0.00   -7.500134016    0.238294464   -6.423179097
   9  O2      8.00   -0.603200579    4.424037830    7.113685023
  10  H7      1.00    0.770063396    4.853761551    8.236371314
  11  H8      1.00   -0.289128097    2.656576986    6.606293559

 Bond lengths in Bohr (Angstrom)

 1-2  2.021904040  1-3  2.022002335  1-4  2.021953343  1-5  2.022015060  6-7  1.884994809
     ( 1.069945541)     ( 1.069997556)     ( 1.069971630)     ( 1.070004290)     ( 0.997496296)

  6- 8  1.824472726   9-10  1.825086553   9-11  1.865477274
       ( 0.965469388)       ( 0.965794212)       ( 0.987168061)

 Bond angles

  2-1-3  109.53398059   2-1-4  109.65604535   2-1-5  108.43490854   3-1-4  109.49436728

  3- 1- 5  109.86987750   4- 1- 5  109.83468330   7- 6- 8  105.14667399  10- 9-11  105.29057030

 NUCLEAR CHARGE:                   20
 NUMBER OF PRIMITIVE AOS:         417
 NUMBER OF SYMMETRY AOS:          374
 NUMBER OF CONTRACTIONS:          322   ( 322A   )
 NUMBER OF CORE ORBITALS:           2   (   2A   )
 NUMBER OF VALENCE ORBITALS:       14   (  14A   )

 MOLECULE CHANGED: INITIALIZING OCCUPATION AND DUMP RECORDS


 NUCLEAR REPULSION ENERGY   35.83278858


 Eigenvalues of metric

         1 0.469E-04 0.648E-04 0.872E-04 0.953E-04 0.326E-03 0.330E-03 0.341E-03 0.352E-03


 Contracted 2-electron integrals neglected if value below      1.0D-19

 OPERATOR DM      FOR CENTER  0  COORDINATES:    0.000000    0.000000    0.000000


 **********************************************************************************************************************************
 DATASETS  * FILE   NREC   LENGTH (MB)   RECORD NAMES
              1      19     7516.02       500      610      700      900      950      970     1000      129      960     1100   
                                          VAR    BASINP    GEOM    SYMINP    ZMAT    AOBASIS   BASIS     P2S    ABASIS      S 
                                         1400     1410     1200     1210     1080     1600     1650     1300     1700   
                                           T        V       H0       H01     AOSYM     SMH    MOLCAS    ERIS     OPER   

              2       9       33.49       200      700     1000      520     2100     2101     2102     2103     2104   
                                        OPTIONS   GEOM     BASIS   MCVARS     RHF      RHF      RHF      RHF      RHF  

 PROGRAMS   *        TOTAL       INT       MP4        HF       INT       MP4        HF       INT       MP4        HF       INT
 CPU TIMES  *      3490.90      0.12    609.86    156.61      0.10    119.92    145.48      0.12    119.87    145.53      0.12
 REAL TIME  *      4457.10 SEC
 DISK USED  *        21.37 GB      
 **********************************************************************************************************************************


 PROGRAM * RHF-SCF (CLOSED SHELL)       Authors: W. Meyer, H.-J. Werner


 NUMBER OF ELECTRONS:      10+   10-    SPACE SYMMETRY=1    SPIN SYMMETRY: Singlet 
 CONVERGENCE THRESHOLDS:    1.00E-08 (Density)    1.00E-09 (Energy)
 MAX. NUMBER OF ITERATIONS:       60
 INTERPOLATION TYPE:            DIIS
 INTERPOLATION STEPS:              2 (START)      1 (STEP)
 LEVEL SHIFTS:                  0.00 (CLOSED)  0.00 (OPEN) 



 Orbital guess generated from atomic densities. Full valence occupancy:   16

 Molecular orbital dump at record        2105.2

 Initial occupancy:  10

 ITERATION    DDIFF          GRAD             ENERGY        2-EL.EN.            DIPOLE MOMENTS         DIIS   ORB.
    1      0.000D+00      0.000D+00      -116.21330654    157.367848    0.86685   -0.69299    0.31077    0    start
    2      0.000D+00      0.440D-02      -116.25731200    152.345964    0.51573   -0.35590    0.20946    1    diag
    3      0.395D-02      0.258D-02      -116.27076148    154.414835    0.60463   -0.43927    0.23567    2    diag
    4      0.131D-02      0.380D-03      -116.27141122    154.303023    0.59640   -0.43223    0.23269    3    diag
    5      0.288D-03      0.111D-03      -116.27147741    154.297796    0.59620   -0.43136    0.23295    4    diag
    6      0.104D-03      0.270D-04      -116.27148107    154.303607    0.59566   -0.43079    0.23279    5    diag
    7      0.296D-04      0.510D-05      -116.27148127    154.302132    0.59567   -0.43078    0.23279    6    diag
    8      0.816D-05      0.127D-05      -116.27148129    154.302267    0.59562   -0.43073    0.23279    7    diag
    9      0.149D-05      0.294D-06      -116.27148129    154.302243    0.59561   -0.43071    0.23278    8    diag
   10      0.499D-06      0.336D-07      -116.27148129    154.302244    0.59561   -0.43071    0.23278    9    orth
   11      0.394D-07      0.805D-08      -116.27148129    154.302245    0.59561   -0.43071    0.23278    9    diag
   12      0.154D-07      0.209D-08      -116.27148129    154.302245    0.59561   -0.43071    0.23278    9    diag
   13      0.259D-08      0.561D-09      -116.27148129    154.302245    0.59561   -0.43071    0.23278    0    orth

 Final occupancy:  10

 !RHF STATE 1.1 Energy               -116.271481290442
 Nuclear energy                        35.83278858
 One-electron energy                 -229.25539234
 Two-electron energy                   77.15112247
 Virial quotient                       -1.00104024
 !RHF STATE 1.1 Dipole moment           0.59560530    -0.43070985     0.23278078
 Dipole moment /Debye                   1.51377851    -1.09468355     0.59163097

 Orbital energies:

         1.1          2.1          3.1          4.1          5.1          6.1          7.1          8.1          9.1         10.1
    -20.570298   -11.190907    -1.343613    -0.944270    -0.709155    -0.580062    -0.545548    -0.542414    -0.541595    -0.508712

        11.1         12.1
      0.025852     0.032466

 HOMO     10.1    -0.508712 =     -13.8428eV
 LUMO     11.1     0.025852 =       0.7035eV
 LUMO-HOMO         0.534564 =      14.5462eV


 **********************************************************************************************************************************
 DATASETS  * FILE   NREC   LENGTH (MB)   RECORD NAMES
              1      19     7516.02       500      610      700      900      950      970     1000      129      960     1100   
                                          VAR    BASINP    GEOM    SYMINP    ZMAT    AOBASIS   BASIS     P2S    ABASIS      S 
                                         1400     1410     1200     1210     1080     1600     1650     1300     1700   
                                           T        V       H0       H01     AOSYM     SMH    MOLCAS    ERIS     OPER   

              2      10       40.14       200      700     1000      520     2100     2101     2102     2103     2104     2105   
                                        OPTIONS   GEOM     BASIS   MCVARS     RHF      RHF      RHF      RHF      RHF      RHF  

 PROGRAMS   *        TOTAL        HF       INT       MP4        HF       INT       MP4        HF       INT       MP4        HF
 CPU TIMES  *      3647.72    156.82      0.12    609.86    156.61      0.10    119.92    145.48      0.12    119.87    145.53
 REAL TIME  *      4703.43 SEC
 DISK USED  *        21.37 GB      
 **********************************************************************************************************************************
 SETTING ESCF_AC        =      -116.27148129  AU                              


 PROGRAM * MP4 (Closed-shell)     Authors: C. Hampel, H.-J. Werner, 1991, M. Deegan, P.J. Knowles, 1992


 Convergence thresholds:  THRVAR = 1.00D-08  THRDEN = 1.00D-08

 MP4(T)     terms to be evaluated (factor= 0.000)


 Number of core orbitals:           2 (   2 )
 Number of closed-shell orbitals:   8 (   8 )
 Number of external orbitals:     312 ( 312 )

 Molecular orbitals read from record     2105.2  Type=RHF/CANONICAL (state 1.1)

 Number of N-1 electron functions:               8
 Number of N-2 electron functions:              36
 Number of singly external CSFs:              2496
 Number of doubly external CSFs:           3116256
 Total number of CSFs:                     3118753

 Length of J-op  integral file:               0.00 MB
 Length of K-op  integral file:               7.17 MB

 Memory could be reduced to 328.30 Mwords without degradation in triples

 Integral transformation finished. Total CPU:  42.89 sec, npass=  1  Memory used: 159.25 MW

 Reference energy:                   -116.27148129

                        CORR.ENERGY   TOTAL ENERGY   ENERGY CHANGE
 MP2:                   -0.47097665  -116.74245794    -0.47097665

 SCS-MP2 correlation energy:           -0.47639500   (PS=  1.200000  PT=  0.333333)
 SCS-MP2 total energy:               -116.74787629

 MP3(D):                -0.49132307  -116.76280436    -0.02034643
 MP4(DQ):               -0.49277577  -116.76425706    -0.00145269
 MP4(SDQ):              -0.49569453  -116.76717582    -0.00291876

 Norm of t1 vector:      0.04260781      S-energy:    -0.00291876      T1 diagnostic:  0.00753207

 Total CPU time for triples:    530.83 sec


 RESULTS
 =======

  Reference energy                   -116.271481290441
  MP4(SDQ) singlet pair energy         -0.347284698185
  MP4(SDQ) triplet pair energy         -0.145491067279
  MP4(SDQ) correlation energy          -0.495694527565

  Triples contribution                 -0.015738336425
  Total correlation energy             -0.511432863990

  MP4(SDQ) total energy              -116.767175818006
 !MP4(SDTQ) total energy             -116.782914154431

 Timing summary (sec):

 STEP                 CPU(USER)    SYS     CPU(TOT)    WALL
 Transformation         43.23      9.20     52.43     58.19
 CCSD iterations        35.69      5.82     41.51     48.32
 Triples               530.83      9.79    540.62    540.96

 Program statistics:

 Available memory in ccsd:             13999999644
 Min. memory needed in ccsd:               9187353
 Max. memory used in ccsd:                11873417
 Max. memory used in cckext:               8287581 ( 1 integral passes)



 **********************************************************************************************************************************
 DATASETS  * FILE   NREC   LENGTH (MB)   RECORD NAMES
              1      20     8537.61       500      610      700      900      950      970     1000      129      960     1100   
                                          VAR    BASINP    GEOM    SYMINP    ZMAT    AOBASIS   BASIS     P2S    ABASIS      S 
                                         1400     1410     1200     1210     1080     1600     1650     1300     1700     1380   
                                           T        V       H0       H01     AOSYM     SMH    MOLCAS    ERIS     OPER     JKOP   

              2      10       40.14       200      700     1000      520     2100     2101     2102     2103     2104     2105   
                                        OPTIONS   GEOM     BASIS   MCVARS     RHF      RHF      RHF      RHF      RHF      RHF  

 PROGRAMS   *        TOTAL       MP4        HF       INT       MP4        HF       INT       MP4        HF       INT       MP4
 CPU TIMES  *      4257.50    609.77    156.82      0.12    609.86    156.61      0.10    119.92    145.48      0.12    119.87
 REAL TIME  *      5351.27 SEC
 DISK USED  *        21.37 GB      
 **********************************************************************************************************************************
 SETTING EMP4_AC        =      -116.78291415  AU                              
 SETTING EMP4_CORR_AC   =        -0.51143286  AU                              

 Running procedure=SET_DIMERBC

 Dummy atoms: C1  H1  H2  H3  H4


 Recomputing one-electron integrals since nuclear charges changed


 PROGRAM * SEWARD (Integral evaluation for generally contracted gaussian basis sets)     Author: Roland Lindh, 1990

 Geometry written to block  1 of record 700


 Point group  C1  



 ATOMIC COORDINATES

 NR  ATOM    CHARGE       X              Y              Z

   1  C1      0.00   -6.193010455    2.801518980    2.403542658
   2  H1      0.00   -4.656285171    1.699997622    3.119937832
   3  H2      0.00   -5.973046335    4.726205038    2.982932688
   4  H3      0.00   -7.940251230    2.077186956    3.118237078
   5  H4      0.00   -6.176569838    2.685300823    0.384937212
   6  O1      8.00   -7.075890501    0.749465381   -4.723937366
   7  H5      1.00   -8.725621408    0.873242442   -3.820459306
   8  H6      1.00   -7.500134016    0.238294464   -6.423179097
   9  O2      8.00   -0.603200579    4.424037830    7.113685023
  10  H7      1.00    0.770063396    4.853761551    8.236371314
  11  H8      1.00   -0.289128097    2.656576986    6.606293559

 Bond lengths in Bohr (Angstrom)

 1-2  2.021904040  1-3  2.022002335  1-4  2.021953343  1-5  2.022015060  6-7  1.884994809
     ( 1.069945541)     ( 1.069997556)     ( 1.069971630)     ( 1.070004290)     ( 0.997496296)

  6- 8  1.824472726   9-10  1.825086553   9-11  1.865477274
       ( 0.965469388)       ( 0.965794212)       ( 0.987168061)

 Bond angles

  2-1-3  109.53398059   2-1-4  109.65604535   2-1-5  108.43490854   3-1-4  109.49436728

  3- 1- 5  109.86987750   4- 1- 5  109.83468330   7- 6- 8  105.14667399  10- 9-11  105.29057030

 NUCLEAR CHARGE:                   20
 NUMBER OF PRIMITIVE AOS:         417
 NUMBER OF SYMMETRY AOS:          374
 NUMBER OF CONTRACTIONS:          322   ( 322A   )
 NUMBER OF CORE ORBITALS:           2   (   2A   )
 NUMBER OF VALENCE ORBITALS:       12   (  12A   )

 MOLECULE CHANGED: INITIALIZING OCCUPATION AND DUMP RECORDS


 NUCLEAR REPULSION ENERGY   25.00366059


 Eigenvalues of metric

         1 0.469E-04 0.648E-04 0.872E-04 0.953E-04 0.326E-03 0.330E-03 0.341E-03 0.352E-03


 Contracted 2-electron integrals neglected if value below      1.0D-19

 OPERATOR DM      FOR CENTER  0  COORDINATES:    0.000000    0.000000    0.000000


 **********************************************************************************************************************************
 DATASETS  * FILE   NREC   LENGTH (MB)   RECORD NAMES
              1      19     7516.02       500      610      700      900      950      970     1000      129      960     1100   
                                          VAR    BASINP    GEOM    SYMINP    ZMAT    AOBASIS   BASIS     P2S    ABASIS      S 
                                         1400     1410     1200     1210     1080     1600     1650     1300     1700   
                                           T        V       H0       H01     AOSYM     SMH    MOLCAS    ERIS     OPER   

              2      10       40.14       200      700     1000      520     2100     2101     2102     2103     2104     2105   
                                        OPTIONS   GEOM     BASIS   MCVARS     RHF      RHF      RHF      RHF      RHF      RHF  

 PROGRAMS   *        TOTAL       INT       MP4        HF       INT       MP4        HF       INT       MP4        HF       INT
 CPU TIMES  *      4257.62      0.12    609.77    156.82      0.12    609.86    156.61      0.10    119.92    145.48      0.12
 REAL TIME  *      5353.39 SEC
 DISK USED  *        21.37 GB      
 **********************************************************************************************************************************


 PROGRAM * RHF-SCF (CLOSED SHELL)       Authors: W. Meyer, H.-J. Werner


 NUMBER OF ELECTRONS:      10+   10-    SPACE SYMMETRY=1    SPIN SYMMETRY: Singlet 
 CONVERGENCE THRESHOLDS:    1.00E-08 (Density)    1.00E-09 (Energy)
 MAX. NUMBER OF ITERATIONS:       60
 INTERPOLATION TYPE:            DIIS
 INTERPOLATION STEPS:              2 (START)      1 (STEP)
 LEVEL SHIFTS:                  0.00 (CLOSED)  0.00 (OPEN) 



 Orbital guess generated from atomic densities. Full valence occupancy:   14

 Molecular orbital dump at record        2106.2

 Initial occupancy:  10

 ITERATION    DDIFF          GRAD             ENERGY        2-EL.EN.            DIPOLE MOMENTS         DIIS   ORB.
    1      0.000D+00      0.000D+00      -152.03936132    168.909028   -0.20552   -0.88771   -0.08704    0    start
    2      0.000D+00      0.544D-02      -152.09270951    161.579483   -0.11113   -0.51239   -0.05742    1    diag
    3      0.449D-02      0.347D-02      -152.11556226    164.811379   -0.13346   -0.60477   -0.06605    2    diag
    4      0.163D-02      0.320D-03      -152.11594701    164.632116   -0.13069   -0.60077   -0.06653    3    diag
    5      0.209D-03      0.894D-04      -152.11598777    164.660375   -0.12999   -0.59915   -0.06689    4    diag
    6      0.670D-04      0.177D-04      -152.11599033    164.658605   -0.12950   -0.59888   -0.06691    5    diag
    7      0.169D-04      0.420D-05      -152.11599045    164.658769   -0.12963   -0.59874   -0.06700    6    diag
    8      0.405D-05      0.209D-05      -152.11599047    164.658826   -0.12952   -0.59872   -0.06697    7    diag
    9      0.153D-05      0.363D-06      -152.11599047    164.658794   -0.12952   -0.59870   -0.06697    8    diag
   10      0.390D-06      0.460D-07      -152.11599047    164.658788   -0.12952   -0.59870   -0.06697    9    orth
   11      0.536D-07      0.120D-07      -152.11599047    164.658791   -0.12952   -0.59870   -0.06697    9    diag
   12      0.136D-07      0.230D-08      -152.11599047    164.658790   -0.12952   -0.59870   -0.06697    9    diag
   13      0.309D-08      0.643D-09      -152.11599047    164.658791   -0.12952   -0.59870   -0.06697    0    orth

 Final occupancy:  10

 !RHF STATE 1.1 Energy               -152.115990466276
 Nuclear energy                        25.00366059
 One-electron energy                 -259.44904656
 Two-electron energy                   82.32939550
 Virial quotient                       -1.00240858
 !RHF STATE 1.1 Dipole moment          -0.12951511    -0.59870117    -0.06697347
 Dipole moment /Debye                  -0.32917300    -1.52164692    -0.17021843

 Orbital energies:

         1.1          2.1          3.1          4.1          5.1          6.1          7.1          8.1          9.1         10.1
    -20.569698   -20.567314    -1.340579    -1.339860    -0.706016    -0.704635    -0.577613    -0.576840    -0.506869    -0.505705

        11.1         12.1
      0.023979     0.031731

 HOMO     10.1    -0.505705 =     -13.7609eV
 LUMO     11.1     0.023979 =       0.6525eV
 LUMO-HOMO         0.529684 =      14.4134eV


 **********************************************************************************************************************************
 DATASETS  * FILE   NREC   LENGTH (MB)   RECORD NAMES
              1      19     7516.02       500      610      700      900      950      970     1000      129      960     1100   
                                          VAR    BASINP    GEOM    SYMINP    ZMAT    AOBASIS   BASIS     P2S    ABASIS      S 
                                         1400     1410     1200     1210     1080     1600     1650     1300     1700   
                                           T        V       H0       H01     AOSYM     SMH    MOLCAS    ERIS     OPER   

              2      11       46.80       200      700     1000      520     2100     2101     2102     2103     2104     2105   
                                        OPTIONS   GEOM     BASIS   MCVARS     RHF      RHF      RHF      RHF      RHF      RHF  
                                         2106   
                                          RHF  

 PROGRAMS   *        TOTAL        HF       INT       MP4        HF       INT       MP4        HF       INT       MP4        HF
 CPU TIMES  *      4414.10    156.47      0.12    609.77    156.82      0.12    609.86    156.61      0.10    119.92    145.48
 REAL TIME  *      5593.35 SEC
 DISK USED  *        21.37 GB      
 **********************************************************************************************************************************
 SETTING ESCF_BC        =      -152.11599047  AU                              


 PROGRAM * MP4 (Closed-shell)     Authors: C. Hampel, H.-J. Werner, 1991, M. Deegan, P.J. Knowles, 1992


 Convergence thresholds:  THRVAR = 1.00D-08  THRDEN = 1.00D-08

 MP4(T)     terms to be evaluated (factor= 0.000)


 Number of core orbitals:           2 (   2 )
 Number of closed-shell orbitals:   8 (   8 )
 Number of external orbitals:     312 ( 312 )

 Molecular orbitals read from record     2106.2  Type=RHF/CANONICAL (state 1.1)

 Number of N-1 electron functions:               8
 Number of N-2 electron functions:              36
 Number of singly external CSFs:              2496
 Number of doubly external CSFs:           3116256
 Total number of CSFs:                     3118753

 Length of J-op  integral file:               0.00 MB
 Length of K-op  integral file:               7.17 MB

 Memory could be reduced to 328.30 Mwords without degradation in triples

 Integral transformation finished. Total CPU:  42.84 sec, npass=  1  Memory used: 159.25 MW

 Reference energy:                   -152.11599047

                        CORR.ENERGY   TOTAL ENERGY   ENERGY CHANGE
 MP2:                   -0.54026500  -152.65625547    -0.54026500

 SCS-MP2 correlation energy:           -0.53473501   (PS=  1.200000  PT=  0.333333)
 SCS-MP2 total energy:               -152.65072547

 MP3(D):                -0.54480523  -152.66079570    -0.00454023
 MP4(DQ):               -0.54630588  -152.66229634    -0.00150064
 MP4(SDQ):              -0.55028401  -152.66627448    -0.00397814

 Norm of t1 vector:      0.04968723      S-energy:    -0.00397814      T1 diagnostic:  0.00878354

 Total CPU time for triples:    530.82 sec


 RESULTS
 =======

  Reference energy                   -152.115990466277
  MP4(SDQ) singlet pair energy         -0.365504786045
  MP4(SDQ) triplet pair energy         -0.180801090557
  MP4(SDQ) correlation energy          -0.550284014285

  Triples contribution                 -0.019533255755
  Total correlation energy             -0.569817270041

  MP4(SDQ) total energy              -152.666274480562
 !MP4(SDTQ) total energy             -152.685807736317

 Timing summary (sec):

 STEP                 CPU(USER)    SYS     CPU(TOT)    WALL
 Transformation         43.19      9.33     52.52     55.73
 CCSD iterations        35.58      5.94     41.52     51.06
 Triples               530.82      9.82    540.64    540.67

 Program statistics:

 Available memory in ccsd:             13999999644
 Min. memory needed in ccsd:               9187353
 Max. memory used in ccsd:                11873417
 Max. memory used in cckext:               8287581 ( 1 integral passes)



 **********************************************************************************************************************************
 DATASETS  * FILE   NREC   LENGTH (MB)   RECORD NAMES
              1      20     8537.61       500      610      700      900      950      970     1000      129      960     1100   
                                          VAR    BASINP    GEOM    SYMINP    ZMAT    AOBASIS   BASIS     P2S    ABASIS      S 
                                         1400     1410     1200     1210     1080     1600     1650     1300     1700     1380   
                                           T        V       H0       H01     AOSYM     SMH    MOLCAS    ERIS     OPER     JKOP   

              2      11       46.80       200      700     1000      520     2100     2101     2102     2103     2104     2105   
                                        OPTIONS   GEOM     BASIS   MCVARS     RHF      RHF      RHF      RHF      RHF      RHF  
                                         2106   
                                          RHF  

 PROGRAMS   *        TOTAL       MP4        HF       INT       MP4        HF       INT       MP4        HF       INT       MP4
 CPU TIMES  *      5023.72    609.62    156.47      0.12    609.77    156.82      0.12    609.86    156.61      0.10    119.92
 REAL TIME  *      6252.80 SEC
 DISK USED  *        21.37 GB      
 **********************************************************************************************************************************
 SETTING EMP4_BC        =      -152.68580774  AU                              
 SETTING EMP4_CORR_BC   =        -0.56981727  AU                              
 SETTING E_INT_ABC      =        -0.00104008  AU                              
 SETTING E_INT_AB       =        -0.00076097  AU                              
 SETTING E_INT_AC       =        -0.00029942  AU                              
 SETTING E_INT_BC       =    -8.19702080D-07  AU                              
 SETTING E_ADD          =        -0.00106121  AU                              
 SETTING E_NONADD_MP4   =     2.11339545D-05  AU                              
 SETTING E_INT_ABC_CORR =        -0.00132125  AU                              
 SETTING E_INT_AB_CORR  =        -0.00072285  AU                              
 SETTING E_INT_AC_CORR  =        -0.00057476  AU                              
 SETTING E_INT_BC_CORR  =    -1.39078524D-05  AU                              
 SETTING E_INT_ABC_CORR_ADD              =      -0.00131152  AU                              
 SETTING E_INT_ABC_CORR_NONADD           =  -9.72779490D-06  AU                              
 SETTING E_INT_ABC_HF   =         0.00028117  AU                              
 SETTING E_INT_AB_HF    =    -3.81236416D-05  AU                              
 SETTING E_INT_AC_HF    =         0.00027534  AU                              
 SETTING E_INT_BC_HF    =     1.30881503D-05  AU                              
 SETTING E_INT_ABC_HF_ADD                =       0.00025031  AU                              
 SETTING E_INT_ABC_HF_NONADD             =   3.08617494D-05  AU                              

 *** results in millihartree
 E_INT_ABC        =        -0.00104008 AU
 E_INT_AB         =        -0.00076097 AU
 E_INT_AC         =        -0.00029942 AU
 E_INT_BC         =        -0.00000082 AU
 E_ADD            =        -0.00106121 AU
 E_NONADD_MP4     =         0.00002113 AU
 E_INT_ABC_CORR   =        -0.00132125 AU
 E_INT_AB_CORR    =        -0.00072285 AU
 E_INT_AC_CORR    =        -0.00057476 AU
 E_INT_BC_CORR    =        -0.00001391 AU
 E_INT_ABC_CORR_ADD       =        -0.00131152 AU
 E_INT_ABC_CORR_NONADD    =        -0.00000973 AU
 E_INT_ABC_HF     =         0.00028117 AU
 E_INT_AB_HF      =        -0.00003812 AU
 E_INT_AC_HF      =         0.00027534 AU
 E_INT_BC_HF      =         0.00001309 AU
 E_INT_ABC_HF_ADD =         0.00025031 AU
 E_INT_ABC_HF_NONADD      =         0.00003086 AU

 MP4/aug-cc-pVTZ energy=   -152.685807736317

        MP4             HF-SCF          MP4             HF-SCF          MP4             HF-SCF          MP4             HF-SCF  
   -152.68580774   -152.11599047   -116.78291415   -116.27148129   -116.78290262   -116.27084280    -76.34314000    -76.05847775
 **********************************************************************************************************************************
 Molpro calculation terminated
 Variable memory released
