
 Primary working directories    : /net/scratch/people/plgsirous
 Secondary working directories  : /net/scratch/people/plgsirous
 Wavefunction directory         : /net/people/plgsirous/wfu/
 Main file repository           : /net/scratch/people/plgsirous/

 SHA1      : 
 NAME      : 
 ARCHNAME  : linux/x86_64
 FC        : /net/software/local/intel/impi/2018.1.163/bin64/mpiifort
 BLASLIB   : -L/net/software/local/intel/compilers_and_libraries_2018.1.163/linux/mkl/lib/intel64 -lmkl_scalapack_ilp64 -lmkl_intel_ilp64 -lmkl_intel_thread -lmkl_core -lmkl_blacs_intelmpi_ilp64 -liomp5 -lpthread -lm -ldl
 id        : pl

 Nodes     nprocs
 p1450        1

 Using customized tuning parameters: mindgm=7; mindgv=20; mindgc=1; mindgr=1; noblas=0; minvec=7
 default implementation of scratch files=df  

 ***,MP4SD(T)
 memory,14000,m
 gthresh,orbital=1d-8,energy=1d-8,twoint=1.d-19
 angstrom
 geometry={
 C1        -3.2772    1.4825     1.2719
 H1        -2.4640    0.8996     1.6510
 H2        -3.1608    2.5010     1.5785
 H3        -4.2018    1.0992     1.6501
 H4        -3.2685    1.4210     0.2037
 O1        -4.3696    4.5552     -0.9378
 H5        -4.6353    5.3326     -1.4455
 H6        -5.2136    4.1026     -0.6957
 O2        -0.5346    4.1678     1.5431
 H7        -0.4337    3.5180     2.2625
 H8        -0.3413    3.6684     0.7252
   }
 
 nkerna=1
 nkernb=1
 nkernc=1
 nkernab=$nkerna+$nkernb
 nkernac=$nkerna+$nkernc
 nkernbc=$nkernb+$nkernc
 nkernabc=$nkerna+$nkernb+$nkernc
 
 proc set_monomera
 core,$nkerna
 dummy,6,7,8,9,10,11;
 endproc
 
 proc set_monomerb
 core,$nkernb
 dummy,1,2,3,4,5,9,10,11;
 endproc
 
 proc set_monomerc
 core,$nkernc
 dummy,1,2,3,4,5,6,7,8;
 endproc
 
 proc set_dimerab
 core,$nkerna+$nkernb
 dummy,9,10,11;
 endproc
 
 proc set_dimerac
 core,$nkerna+$nkernc
 dummy,6,7,8;
 endproc
 
 proc set_dimerbc
 core,$nkernb+$nkernc
 dummy,1,2,3,4,5;
 endproc
 
 proc set_trimerabc
 core,$nkerna+$nkernb+$nkernc
 endproc
 
 basis=avtz
 
 set_trimerabc
 hf
 Escf_ABC=energy
 mp4
 Emp4_ABC=energy
 Emp4_corr_ABC=(Emp4_ABC)-(Escf_ABC)
 
 set_monomera
 {hf
 start,atden}
 Escf_A=energy
 mp4
 Emp4_A=energy
 Emp4_corr_A=(Emp4_A)-(Escf_A)
 
 set_monomerb
 {hf
 start,atden}
 Escf_B=energy
 mp4
 Emp4_B=energy
 Emp4_corr_B=(Emp4_B)-(Escf_B)
 
 set_monomerc
 {hf
 start,atden}
 Escf_C=energy
 mp4
 Emp4_C=energy
 Emp4_corr_C=(Emp4_C)-(Escf_C)
 
 set_dimerab
 {hf
 start,atden}
 Escf_AB=energy
 mp4
 Emp4_AB=energy
 Emp4_corr_AB=(Emp4_AB)-(Escf_AB)
 
 set_dimerac
 {hf
 start,atden}
 Escf_AC=energy
 mp4
 Emp4_AC=energy
 Emp4_corr_AC=(Emp4_AC)-(Escf_AC)
 
 set_dimerbc
 {hf
 start,atden}
 Escf_BC=energy
 mp4
 Emp4_BC=energy
 Emp4_corr_BC=(Emp4_BC)-(Escf_BC)
 
 E_int_ABC=Emp4_ABC-(Emp4_A+Emp4_B+Emp4_C)
 E_int_AB=Emp4_AB-(Emp4_A+Emp4_B)
 E_int_AC=Emp4_AC-(Emp4_A+Emp4_C)
 E_int_BC=Emp4_BC-(Emp4_B+Emp4_C)
 E_add=E_int_AB+E_int_AC+E_int_BC
 E_nonadd_MP4=E_int_ABC-(E_int_AB+E_int_AC+E_int_BC)
                                                                                 !!!!!Correlation part of interaction energy!!!!!!
 E_int_ABC_corr=Emp4_corr_ABC-(Emp4_corr_A+Emp4_corr_B+Emp4_corr_C)
 E_int_AB_corr=Emp4_corr_AB-(Emp4_corr_A+Emp4_corr_B)
 E_int_AC_corr=Emp4_corr_AC-(Emp4_corr_A+Emp4_corr_C)
 E_int_BC_corr=Emp4_corr_BC-(Emp4_corr_B+Emp4_corr_C)
 E_int_ABC_corr_add=E_int_AB_corr+E_int_AC_corr+E_int_BC_corr
 E_int_ABC_corr_nonadd=E_int_ABC_corr-E_int_ABC_corr_add
                                                                                 !!!!HF part of interaction energy!!!!
 E_int_ABC_HF=E_int_ABC-E_int_ABC_corr
 E_int_AB_HF=E_int_AB-E_int_AB_corr
 E_int_AC_HF=E_int_AC-E_int_AC_corr
 E_int_BC_HF=E_int_BC-E_int_BC_corr
 E_int_ABC_HF_add=E_int_AB_HF+E_int_AC_HF+E_int_BC_HF
 E_int_ABC_HF_nonadd=E_int_ABC_HF-E_int_ABC_HF_add
 
 text,results in millihartree
                                                                                 !!!!Interacion Energies!!!!!!
 show,E_int_ABC,E_int_AB,E_int_AC,E_int_BC,E_add,E_nonadd_MP4
                                                                                 !!!!Correlation Part!!!!!!!!
 show,E_int_ABC_corr,E_int_AB_corr,E_int_AC_corr,E_int_BC_corr,E_int_ABC_corr_add,E_int_ABC_corr_nonadd
                                                                                 !!!!SCF Part!!!!!
 show,E_int_ABC_HF,E_int_AB_HF,E_int_AC_HF,E_int_BC_HF,E_int_ABC_HF_add,E_int_ABC_HF_nonadd

 Variables initialized (889), CPU time= 0.01 sec
 Commands  initialized (702), CPU time= 0.00 sec, 572 directives.
 Default parameters read. Elapsed time= 0.08 sec

 Checking input...
 Passed
1


                                         ***  PROGRAM SYSTEM MOLPRO  ***
                                       Copyright, TTI GmbH Stuttgart, 2015
                                    Version 2015.1 linked Jul  2 2018 15:03:07


 **********************************************************************************************************************************
 LABEL *   MP4SD(T)                                                                      
  64 bit serial version                                                                  DATE: 30-Nov-18          TIME: 02:55:14  
 **********************************************************************************************************************************

 SHA1:             
 **********************************************************************************************************************************

 THRESHOLDS:

 ZERO    =  1.00D-12  ONEINT  =  1.00D-12  TWOINT  =  1.00D-19  PREFAC  =  1.00D-14  LOCALI  =  1.00D-09  EORDER  =  1.00D-04
 ENERGY  =  1.00D-08  ETEST   =  0.00D+00  EDENS   =  0.00D+00  THRDEDEF=  1.00D-06  GRADIENT=  1.00D-02  STEP    =  1.00D-03
 ORBITAL =  1.00D-08  CIVEC   =  1.00D-05  COEFF   =  1.00D-04  PRINTCI =  5.00D-02  PUNCHCI =  9.90D+01  OPTGRAD =  3.00D-04
 OPTENERG=  1.00D-06  OPTSTEP =  3.00D-04  THRGRAD =  1.00D-10  COMPRESS=  1.00D-11  VARMIN  =  1.00D-07  VARMAX  =  1.00D-03
 THRDOUB =  0.00D+00  THRDIV  =  1.00D-05  THRRED  =  1.00D-07  THRPSP  =  1.00D+00  THRDC   =  1.00D-10  THRCS   =  1.00D-10
 THRNRM  =  1.00D-08  THREQ   =  0.00D+00  THRDE   =  1.00D+00  THRREF  =  1.00D-05  SPARFAC =  1.00D+00  THRDLP  =  1.00D-07
 THRDIA  =  1.00D-10  THRDLS  =  1.00D-07  THRGPS  =  0.00D+00  THRKEX  =  0.00D+00  THRDIS  =  2.00D-01  THRVAR  =  1.00D-10
 THRLOC  =  1.00D-06  THRGAP  =  1.00D-06  THRLOCT = -1.00D+00  THRGAPT = -1.00D+00  THRORB  =  1.00D-06  THRMLTP =  0.00D+00
 THRCPQCI=  1.00D-10  KEXTA   =  0.00D+00  THRCOARS=  0.00D+00  SYMTOL  =  1.00D-06  GRADTOL =  1.00D-06  THROVL  =  1.00D-08
 THRORTH =  1.00D-08  GRID    =  1.00D-06  GRIDMAX =  1.00D-03  DTMAX   =  0.00D+00  THROCCDE=  1.00D-01  THROCCDE=  1.00D-01


 ZUNIT=ANG
 

Geometry recognized as XYZ

 SETTING NKERNA         =         1.00000000                                  
 SETTING NKERNB         =         1.00000000                                  
 SETTING NKERNC         =         1.00000000                                  
 SETTING NKERNAB        =         2.00000000                                  
 SETTING NKERNAC        =         2.00000000                                  
 SETTING NKERNBC        =         2.00000000                                  
 SETTING NKERNABC       =         3.00000000                                  

 Variable memory set to ********** words,  buffer space   230000 words

 SETTING BASIS          =    AVTZ

 Running procedure=SET_TRIMERABC


 Recomputing integrals since basis changed


 Using spherical harmonics

 Library entry C      S aug-cc-pVTZ          selected for orbital group  1
 Library entry C      P aug-cc-pVTZ          selected for orbital group  1
 Library entry C      D aug-cc-pVTZ          selected for orbital group  1
 Library entry C      F aug-cc-pVTZ          selected for orbital group  1
 Library entry H      S aug-cc-pVTZ          selected for orbital group  2
 Library entry H      P aug-cc-pVTZ          selected for orbital group  2
 Library entry H      D aug-cc-pVTZ          selected for orbital group  2
 Library entry O      S aug-cc-pVTZ          selected for orbital group  3
 Library entry O      P aug-cc-pVTZ          selected for orbital group  3
 Library entry O      D aug-cc-pVTZ          selected for orbital group  3
 Library entry O      F aug-cc-pVTZ          selected for orbital group  3


 PROGRAM * SEWARD (Integral evaluation for generally contracted gaussian basis sets)     Author: Roland Lindh, 1990

 Geometry written to block  1 of record 700


 Point group  C1  



 ATOMIC COORDINATES

 NR  ATOM    CHARGE       X              Y              Z

   1  C1      6.00   -6.193010455    2.801518980    2.403542658
   2  H1      1.00   -4.656285171    1.699997622    3.119937832
   3  H2      1.00   -5.973046335    4.726205038    2.982932688
   4  H3      1.00   -7.940251230    2.077186956    3.118237078
   5  H4      1.00   -6.176569838    2.685300823    0.384937212
   6  O1      8.00   -8.257347274    8.608080443   -1.772185160
   7  H5      1.00   -8.759447505   10.077153532   -2.731599113
   8  H6      1.00   -9.852276123    7.752790399   -1.314682465
   9  O2      8.00   -1.010247586    7.876000542    2.916036383
  10  H7      1.00   -0.819574220    6.648056506    4.275505357
  11  H8      1.00   -0.644963526    6.932271315    1.370429386

 Bond lengths in Bohr (Angstrom)

 1-2  2.021904040  1-3  2.022002335  1-4  2.021953343  1-5  2.022015060  6-7  1.825035758
     ( 1.069945541)     ( 1.069997556)     ( 1.069971630)     ( 1.070004290)     ( 0.965767332)

  6- 8  1.866715781   9-10  1.841835709   9-11  1.847419359
       ( 0.987823451)       ( 0.974657483)       ( 0.977612224)

 Bond angles

  2-1-3  109.53398059   2-1-4  109.65604535   2-1-5  108.43490854   3-1-4  109.49436728

  3- 1- 5  109.86987750   4- 1- 5  109.83468330   7- 6- 8  105.22390814  10- 9-11  104.86126985

 NUCLEAR CHARGE:                   30
 NUMBER OF PRIMITIVE AOS:         417
 NUMBER OF SYMMETRY AOS:          374
 NUMBER OF CONTRACTIONS:          322   ( 322A   )
 NUMBER OF CORE ORBITALS:           3   (   3A   )
 NUMBER OF VALENCE ORBITALS:       20   (  20A   )


 NUCLEAR REPULSION ENERGY   69.95253017


 Eigenvalues of metric

         1 0.551E-04 0.617E-04 0.712E-04 0.901E-04 0.309E-03 0.326E-03 0.346E-03 0.388E-03


 Contracted 2-electron integrals neglected if value below      1.0D-19
 AO integral compression algorithm  1   Integral accuracy      1.0D-19

     9789.768 MB (compressed) written to integral file ( 82.1%)


 NUMBER OF SORTED TWO-ELECTRON INTEGRALS: 1352182006.     BUFFER LENGTH:  32768
 NUMBER OF SEGMENTS:  43  SEGMENT LENGTH:   31998710      RECORD LENGTH: 524288

 Memory used in sort:      32.56 MW

 SORT1 READ  1490287330. AND WROTE  1242599928. INTEGRALS IN   3573 RECORDS. CPU TIME:    15.09 SEC, REAL TIME:   155.58 SEC
 SORT2 READ  1242599928. AND WROTE  1352182006. INTEGRALS IN  37345 RECORDS. CPU TIME:    16.17 SEC, REAL TIME:   130.43 SEC

 FILE SIZES:   FILE 1:  9813.6 MBYTE,  FILE 4: 14986.3 MBYTE,   TOTAL:  24799.9 MBYTE

 OPERATOR DM      FOR CENTER  0  COORDINATES:    0.000000    0.000000    0.000000


 **********************************************************************************************************************************
 DATASETS  * FILE   NREC   LENGTH (MB)   RECORD NAMES
              1      19     8980.31       500      610      700      900      950      970     1000      129      960     1100   
                                          VAR    BASINP    GEOM    SYMINP    ZMAT    AOBASIS   BASIS     P2S    ABASIS      S 
                                         1400     1410     1200     1210     1080     1600     1650     1300     1700   
                                           T        V       H0       H01     AOSYM     SMH    MOLCAS    ERIS     OPER   

 PROGRAMS   *        TOTAL       INT
 CPU TIMES  *        70.76     70.61
 REAL TIME  *       378.53 SEC
 DISK USED  *        24.80 GB      
 **********************************************************************************************************************************


 PROGRAM * RHF-SCF (CLOSED SHELL)       Authors: W. Meyer, H.-J. Werner


 NUMBER OF ELECTRONS:      15+   15-    SPACE SYMMETRY=1    SPIN SYMMETRY: Singlet 
 CONVERGENCE THRESHOLDS:    1.00E-08 (Density)    1.00E-09 (Energy)
 MAX. NUMBER OF ITERATIONS:       60
 INTERPOLATION TYPE:            DIIS
 INTERPOLATION STEPS:              2 (START)      1 (STEP)
 LEVEL SHIFTS:                  0.00 (CLOSED)  0.00 (OPEN) 



 Orbital guess generated from atomic densities. Full valence occupancy:   23

 Molecular orbital dump at record        2100.2

 Initial occupancy:  15

 ITERATION    DDIFF          GRAD             ENERGY        2-EL.EN.            DIPOLE MOMENTS         DIIS   ORB.
    1      0.000D+00      0.000D+00      -192.23363889    285.253811   -0.78694   -0.80200   -0.35260    0    start
    2      0.000D+00      0.480D-02      -192.30419217    276.522192   -0.47949   -0.39185   -0.23907    1    diag
    3      0.507D-02      0.292D-02      -192.32890209    280.205677   -0.55436   -0.48955   -0.26623    2    diag
    4      0.174D-02      0.365D-03      -192.32974998    280.002055   -0.54732   -0.48267   -0.26309    3    diag
    5      0.329D-03      0.105D-03      -192.32983872    280.008168   -0.54707   -0.48053   -0.26305    4    diag
    6      0.111D-03      0.262D-04      -192.32984407    280.014945   -0.54664   -0.47988   -0.26287    5    diag
    7      0.307D-04      0.605D-05      -192.32984447    280.012389   -0.54665   -0.47979   -0.26287    6    diag
    8      0.908D-05      0.152D-05      -192.32984450    280.012609   -0.54660   -0.47974   -0.26286    7    diag
    9      0.228D-05      0.380D-06      -192.32984450    280.012590   -0.54660   -0.47972   -0.26286    8    diag
   10      0.539D-06      0.177D-06      -192.32984450    280.012573   -0.54659   -0.47972   -0.26285    9    orth
   11      0.174D-06      0.224D-07      -192.32984450    280.012574   -0.54659   -0.47972   -0.26285    9    diag
   12      0.298D-07      0.631D-08      -192.32984450    280.012576   -0.54659   -0.47972   -0.26285    9    diag
   13      0.123D-07      0.136D-08      -192.32984450    280.012575   -0.54659   -0.47972   -0.26285    9    diag
   14      0.181D-08      0.467D-09      -192.32984450    280.012576   -0.54659   -0.47972   -0.26285    0    orth

 Final occupancy:  15

 !RHF STATE 1.1 Energy               -192.329844504818
 Nuclear energy                        69.95253017
 One-electron energy                 -402.28866255
 Two-electron energy                  140.00628787
 Virial quotient                       -1.00151398
 !RHF STATE 1.1 Dipole moment          -0.54658721    -0.47972490    -0.26285454
 Dipole moment /Debye                  -1.38919511    -1.21925922    -0.66806583

 Orbital energies:

         1.1          2.1          3.1          4.1          5.1          6.1          7.1          8.1          9.1         10.1
    -20.567312   -20.560953   -11.192673    -1.340427    -1.334667    -0.946808    -0.705738    -0.699091    -0.577019    -0.571713

        11.1         12.1         13.1         14.1         15.1         16.1         17.1
     -0.548268    -0.545415    -0.543613    -0.505565    -0.498781     0.026585     0.035024

 HOMO     15.1    -0.498781 =     -13.5725eV
 LUMO     16.1     0.026585 =       0.7234eV
 LUMO-HOMO         0.525366 =      14.2959eV


 **********************************************************************************************************************************
 DATASETS  * FILE   NREC   LENGTH (MB)   RECORD NAMES
              1      19     8980.31       500      610      700      900      950      970     1000      129      960     1100   
                                          VAR    BASINP    GEOM    SYMINP    ZMAT    AOBASIS   BASIS     P2S    ABASIS      S 
                                         1400     1410     1200     1210     1080     1600     1650     1300     1700   
                                           T        V       H0       H01     AOSYM     SMH    MOLCAS    ERIS     OPER   

              2       5        6.86       200      700     1000      520     2100   
                                        OPTIONS   GEOM     BASIS   MCVARS     RHF  

 PROGRAMS   *        TOTAL        HF       INT
 CPU TIMES  *       246.93    176.17     70.61
 REAL TIME  *       691.18 SEC
 DISK USED  *        24.80 GB      
 **********************************************************************************************************************************
 SETTING ESCF_ABC       =      -192.32984450  AU                              


 PROGRAM * MP4 (Closed-shell)     Authors: C. Hampel, H.-J. Werner, 1991, M. Deegan, P.J. Knowles, 1992


 Convergence thresholds:  THRVAR = 1.00D-08  THRDEN = 1.00D-08

 MP4(T)     terms to be evaluated (factor= 0.000)


 Number of core orbitals:           3 (   3 )
 Number of closed-shell orbitals:  12 (  12 )
 Number of external orbitals:     307 ( 307 )

 Molecular orbitals read from record     2100.2  Type=RHF/CANONICAL (state 1.1)

 Number of N-1 electron functions:              12
 Number of N-2 electron functions:              78
 Number of singly external CSFs:              3684
 Number of doubly external CSFs:           6787770
 Total number of CSFs:                     6791455

 Length of J-op  integral file:               0.00 MB
 Length of K-op  integral file:               7.17 MB

 Memory could be reduced to 437.50 Mwords without degradation in triples

 Integral transformation finished. Total CPU:  62.51 sec, npass=  1  Memory used: 233.41 MW

 Reference energy:                   -192.32984450

                        CORR.ENERGY   TOTAL ENERGY   ENERGY CHANGE
 MP2:                   -0.74179885  -193.07164336    -0.74179885

 SCS-MP2 correlation energy:           -0.74424323   (PS=  1.200000  PT=  0.333333)
 SCS-MP2 total energy:               -193.07408773

 MP3(D):                -0.76447137  -193.09431588    -0.02267252
 MP4(DQ):               -0.76657507  -193.09641957    -0.00210370
 MP4(SDQ):              -0.77151181  -193.10135631    -0.00493674

 Norm of t1 vector:      0.05552508      S-energy:    -0.00493674      T1 diagnostic:  0.00801436


 Total CPU time for triples:   1581.12 sec


 RESULTS
 =======

  Reference energy                   -192.329844504818
  MP4(SDQ) singlet pair energy         -0.530055915758
  MP4(SDQ) triplet pair energy         -0.236519152585
  MP4(SDQ) correlation energy          -0.771511807120

  Triples contribution                 -0.025626115810
  Total correlation energy             -0.797137922930

  MP4(SDQ) total energy              -193.101356311938
 !MP4(SDTQ) total energy             -193.126982427748

 Timing summary (sec):

 STEP                 CPU(USER)    SYS     CPU(TOT)    WALL
 Transformation         63.24     10.26     73.50     82.15
 CCSD iterations        78.53      6.35     84.88     97.95
 Triples              1581.12     29.31   1610.43   1649.33

 Program statistics:

 Available memory in ccsd:             13999999324
 Min. memory needed in ccsd:              17471288
 Max. memory used in ccsd:                23578322
 Max. memory used in cckext:              17102349 ( 1 integral passes)



 **********************************************************************************************************************************
 DATASETS  * FILE   NREC   LENGTH (MB)   RECORD NAMES
              1      20    10472.70       500      610      700      900      950      970     1000      129      960     1100   
                                          VAR    BASINP    GEOM    SYMINP    ZMAT    AOBASIS   BASIS     P2S    ABASIS      S 
                                         1400     1410     1200     1210     1080     1600     1650     1300     1700     1380   
                                           T        V       H0       H01     AOSYM     SMH    MOLCAS    ERIS     OPER     JKOP   

              2       5        6.86       200      700     1000      520     2100   
                                        OPTIONS   GEOM     BASIS   MCVARS     RHF  

 PROGRAMS   *        TOTAL       MP4        HF       INT
 CPU TIMES  *      1969.85   1722.92    176.17     70.61
 REAL TIME  *      2520.88 SEC
 DISK USED  *        24.80 GB      
 **********************************************************************************************************************************
 SETTING EMP4_ABC       =      -193.12698243  AU                              
 SETTING EMP4_CORR_ABC  =        -0.79713792  AU                              

 Running procedure=SET_MONOMERA

 Dummy atoms: O1  H5  H6  O2  H7  H8


 Recomputing one-electron integrals since nuclear charges changed


 PROGRAM * SEWARD (Integral evaluation for generally contracted gaussian basis sets)     Author: Roland Lindh, 1990

 Geometry written to block  1 of record 700


 Point group  C1  



 ATOMIC COORDINATES

 NR  ATOM    CHARGE       X              Y              Z

   1  C1      6.00   -6.193010455    2.801518980    2.403542658
   2  H1      1.00   -4.656285171    1.699997622    3.119937832
   3  H2      1.00   -5.973046335    4.726205038    2.982932688
   4  H3      1.00   -7.940251230    2.077186956    3.118237078
   5  H4      1.00   -6.176569838    2.685300823    0.384937212
   6  O1      0.00   -8.257347274    8.608080443   -1.772185160
   7  H5      0.00   -8.759447505   10.077153532   -2.731599113
   8  H6      0.00   -9.852276123    7.752790399   -1.314682465
   9  O2      0.00   -1.010247586    7.876000542    2.916036383
  10  H7      0.00   -0.819574220    6.648056506    4.275505357
  11  H8      0.00   -0.644963526    6.932271315    1.370429386

 Bond lengths in Bohr (Angstrom)

 1-2  2.021904040  1-3  2.022002335  1-4  2.021953343  1-5  2.022015060  6-7  1.825035758
     ( 1.069945541)     ( 1.069997556)     ( 1.069971630)     ( 1.070004290)     ( 0.965767332)

  6- 8  1.866715781   9-10  1.841835709   9-11  1.847419359
       ( 0.987823451)       ( 0.974657483)       ( 0.977612224)

 Bond angles

  2-1-3  109.53398059   2-1-4  109.65604535   2-1-5  108.43490854   3-1-4  109.49436728

  3- 1- 5  109.86987750   4- 1- 5  109.83468330   7- 6- 8  105.22390814  10- 9-11  104.86126985

 NUCLEAR CHARGE:                   10
 NUMBER OF PRIMITIVE AOS:         417
 NUMBER OF SYMMETRY AOS:          374
 NUMBER OF CONTRACTIONS:          322   ( 322A   )
 NUMBER OF CORE ORBITALS:           1   (   1A   )
 NUMBER OF VALENCE ORBITALS:        8   (   8A   )

 MOLECULE CHANGED: INITIALIZING OCCUPATION AND DUMP RECORDS


 NUCLEAR REPULSION ENERGY   13.68681606


 Eigenvalues of metric

         1 0.551E-04 0.617E-04 0.712E-04 0.901E-04 0.309E-03 0.326E-03 0.346E-03 0.388E-03


 Contracted 2-electron integrals neglected if value below      1.0D-19

 OPERATOR DM      FOR CENTER  0  COORDINATES:    0.000000    0.000000    0.000000


 **********************************************************************************************************************************
 DATASETS  * FILE   NREC   LENGTH (MB)   RECORD NAMES
              1      19     8980.31       500      610      700      900      950      970     1000      129      960     1100   
                                          VAR    BASINP    GEOM    SYMINP    ZMAT    AOBASIS   BASIS     P2S    ABASIS      S 
                                         1400     1410     1200     1210     1080     1600     1650     1300     1700   
                                           T        V       H0       H01     AOSYM     SMH    MOLCAS    ERIS     OPER   

              2       5        6.86       200      700     1000      520     2100   
                                        OPTIONS   GEOM     BASIS   MCVARS     RHF  

 PROGRAMS   *        TOTAL       INT       MP4        HF       INT
 CPU TIMES  *      1969.96      0.11   1722.92    176.17     70.61
 REAL TIME  *      2521.88 SEC
 DISK USED  *        24.80 GB      
 **********************************************************************************************************************************


 PROGRAM * RHF-SCF (CLOSED SHELL)       Authors: W. Meyer, H.-J. Werner


 NUMBER OF ELECTRONS:       5+    5-    SPACE SYMMETRY=1    SPIN SYMMETRY: Singlet 
 CONVERGENCE THRESHOLDS:    1.00E-08 (Density)    1.00E-09 (Energy)
 MAX. NUMBER OF ITERATIONS:       60
 INTERPOLATION TYPE:            DIIS
 INTERPOLATION STEPS:              2 (START)      1 (STEP)
 LEVEL SHIFTS:                  0.00 (CLOSED)  0.00 (OPEN) 



 Orbital guess generated from atomic densities. Full valence occupancy:    9

 Molecular orbital dump at record        2101.2

 Initial occupancy:   5

 ITERATION    DDIFF          GRAD             ENERGY        2-EL.EN.            DIPOLE MOMENTS         DIIS   ORB.
    1      0.000D+00      0.000D+00       -40.19359148     53.494040    0.00410   -0.00278   -0.00130    0    start
    2      0.000D+00      0.298D-02       -40.21071005     52.213641    0.00129   -0.00091   -0.00039    1    diag
    3      0.233D-02      0.116D-02       -40.21295881     52.664829    0.00182   -0.00126   -0.00056    2    diag
    4      0.662D-03      0.288D-03       -40.21327436     52.609802    0.00162   -0.00113   -0.00049    3    diag
    5      0.218D-03      0.374D-04       -40.21327976     52.612137    0.00159   -0.00111   -0.00048    4    diag
    6      0.546D-04      0.291D-05       -40.21327980     52.612236    0.00159   -0.00111   -0.00048    5    diag
    7      0.484D-05      0.223D-06       -40.21327980     52.612201    0.00159   -0.00111   -0.00048    6    diag
    8      0.662D-06      0.187D-07       -40.21327980     52.612202    0.00159   -0.00111   -0.00048    7    diag
    9      0.135D-06      0.243D-08       -40.21327980     52.612202    0.00159   -0.00111   -0.00048    8    diag
   10      0.864D-08      0.679D-09       -40.21327980     52.612202    0.00159   -0.00111   -0.00048    0    orth

 Final occupancy:   5

 !RHF STATE 1.1 Energy                -40.213279796615
 Nuclear energy                        13.68681606
 One-electron energy                  -80.20619670
 Two-electron energy                   26.30610085
 Virial quotient                       -0.99869975
 !RHF STATE 1.1 Dipole moment           0.00159153    -0.00110640    -0.00048309
 Dipole moment /Debye                   0.00404499    -0.00281201    -0.00122782

 Orbital energies:

         1.1          2.1          3.1          4.1          5.1          6.1          7.1
    -11.197216    -0.950742    -0.551698    -0.549761    -0.547582     0.024339     0.037540

 HOMO      5.1    -0.547582 =     -14.9005eV
 LUMO      6.1     0.024339 =       0.6623eV
 LUMO-HOMO         0.571921 =      15.5628eV


 **********************************************************************************************************************************
 DATASETS  * FILE   NREC   LENGTH (MB)   RECORD NAMES
              1      19     8980.31       500      610      700      900      950      970     1000      129      960     1100   
                                          VAR    BASINP    GEOM    SYMINP    ZMAT    AOBASIS   BASIS     P2S    ABASIS      S 
                                         1400     1410     1200     1210     1080     1600     1650     1300     1700   
                                           T        V       H0       H01     AOSYM     SMH    MOLCAS    ERIS     OPER   

              2       6       13.52       200      700     1000      520     2100     2101   
                                        OPTIONS   GEOM     BASIS   MCVARS     RHF      RHF  

 PROGRAMS   *        TOTAL        HF       INT       MP4        HF       INT
 CPU TIMES  *      2099.16    129.20      0.11   1722.92    176.17     70.61
 REAL TIME  *      2724.55 SEC
 DISK USED  *        24.80 GB      
 **********************************************************************************************************************************
 SETTING ESCF_A         =       -40.21327980  AU                              


 PROGRAM * MP4 (Closed-shell)     Authors: C. Hampel, H.-J. Werner, 1991, M. Deegan, P.J. Knowles, 1992


 Convergence thresholds:  THRVAR = 1.00D-08  THRDEN = 1.00D-08

 MP4(T)     terms to be evaluated (factor= 0.000)


 Number of core orbitals:           1 (   1 )
 Number of closed-shell orbitals:   4 (   4 )
 Number of external orbitals:     317 ( 317 )

 Molecular orbitals read from record     2101.2  Type=RHF/CANONICAL (state 1.1)

 Number of N-1 electron functions:               4
 Number of N-2 electron functions:              10
 Number of singly external CSFs:              1268
 Number of doubly external CSFs:            804546
 Total number of CSFs:                      805815

 Length of J-op  integral file:               0.00 MB
 Length of K-op  integral file:               7.17 MB

 Memory could be reduced to 210.42 Mwords without degradation in triples

 Integral transformation finished. Total CPU:  26.98 sec, npass=  1  Memory used:  87.59 MW

 Reference energy:                    -40.21327980

                        CORR.ENERGY   TOTAL ENERGY   ENERGY CHANGE
 MP2:                   -0.20055501   -40.41383481    -0.20055501

 SCS-MP2 correlation energy:           -0.20884814   (PS=  1.200000  PT=  0.333333)
 SCS-MP2 total energy:                -40.42212794

 MP3(D):                -0.21858894   -40.43186874    -0.01803393
 MP4(DQ):               -0.21934457   -40.43262436    -0.00075562
 MP4(SDQ):              -0.22027094   -40.43355074    -0.00092637

 Norm of t1 vector:      0.02389375      S-energy:    -0.00092637      T1 diagnostic:  0.00597344


 Total CPU time for triples:     77.68 sec


 RESULTS
 =======

  Reference energy                    -40.213279796615
  MP4(SDQ) singlet pair energy         -0.164570533109
  MP4(SDQ) triplet pair energy         -0.054774032529
  MP4(SDQ) correlation energy          -0.220270940151

  Triples contribution                 -0.005924697912
  Total correlation energy             -0.226195638064

  MP4(SDQ) total energy               -40.433550736766
 !MP4(SDTQ) total energy              -40.439475434679

 Timing summary (sec):

 STEP                 CPU(USER)    SYS     CPU(TOT)    WALL
 Transformation         27.09      7.92     35.01     35.47
 CCSD iterations        17.02      6.39     23.41     38.47
 Triples                77.68      1.41     79.09     79.11

 Program statistics:

 Available memory in ccsd:             13999999836
 Min. memory needed in ccsd:               3677238
 Max. memory used in ccsd:                 4267372
 Max. memory used in cckext:               2832301 ( 1 integral passes)



 **********************************************************************************************************************************
 DATASETS  * FILE   NREC   LENGTH (MB)   RECORD NAMES
              1      20     9505.74       500      610      700      900      950      970     1000      129      960     1100   
                                          VAR    BASINP    GEOM    SYMINP    ZMAT    AOBASIS   BASIS     P2S    ABASIS      S 
                                         1400     1410     1200     1210     1080     1600     1650     1300     1700     1380   
                                           T        V       H0       H01     AOSYM     SMH    MOLCAS    ERIS     OPER     JKOP   

              2       6       13.52       200      700     1000      520     2100     2101   
                                        OPTIONS   GEOM     BASIS   MCVARS     RHF      RHF  

 PROGRAMS   *        TOTAL       MP4        HF       INT       MP4        HF       INT
 CPU TIMES  *      2220.97    121.81    129.20      0.11   1722.92    176.17     70.61
 REAL TIME  *      2879.40 SEC
 DISK USED  *        24.80 GB      
 **********************************************************************************************************************************
 SETTING EMP4_A         =       -40.43947543  AU                              
 SETTING EMP4_CORR_A    =        -0.22619564  AU                              

 Running procedure=SET_MONOMERB

 Dummy atoms: C1  H1  H2  H3  H4  O2  H7  H8


 Recomputing one-electron integrals since nuclear charges changed


 PROGRAM * SEWARD (Integral evaluation for generally contracted gaussian basis sets)     Author: Roland Lindh, 1990

 Geometry written to block  1 of record 700


 Point group  C1  



 ATOMIC COORDINATES

 NR  ATOM    CHARGE       X              Y              Z

   1  C1      0.00   -6.193010455    2.801518980    2.403542658
   2  H1      0.00   -4.656285171    1.699997622    3.119937832
   3  H2      0.00   -5.973046335    4.726205038    2.982932688
   4  H3      0.00   -7.940251230    2.077186956    3.118237078
   5  H4      0.00   -6.176569838    2.685300823    0.384937212
   6  O1      8.00   -8.257347274    8.608080443   -1.772185160
   7  H5      1.00   -8.759447505   10.077153532   -2.731599113
   8  H6      1.00   -9.852276123    7.752790399   -1.314682465
   9  O2      0.00   -1.010247586    7.876000542    2.916036383
  10  H7      0.00   -0.819574220    6.648056506    4.275505357
  11  H8      0.00   -0.644963526    6.932271315    1.370429386

 Bond lengths in Bohr (Angstrom)

 1-2  2.021904040  1-3  2.022002335  1-4  2.021953343  1-5  2.022015060  6-7  1.825035758
     ( 1.069945541)     ( 1.069997556)     ( 1.069971630)     ( 1.070004290)     ( 0.965767332)

  6- 8  1.866715781   9-10  1.841835709   9-11  1.847419359
       ( 0.987823451)       ( 0.974657483)       ( 0.977612224)

 Bond angles

  2-1-3  109.53398059   2-1-4  109.65604535   2-1-5  108.43490854   3-1-4  109.49436728

  3- 1- 5  109.86987750   4- 1- 5  109.83468330   7- 6- 8  105.22390814  10- 9-11  104.86126985

 NUCLEAR CHARGE:                   10
 NUMBER OF PRIMITIVE AOS:         417
 NUMBER OF SYMMETRY AOS:          374
 NUMBER OF CONTRACTIONS:          322   ( 322A   )
 NUMBER OF CORE ORBITALS:           1   (   1A   )
 NUMBER OF VALENCE ORBITALS:        6   (   6A   )

 MOLECULE CHANGED: INITIALIZING OCCUPATION AND DUMP RECORDS


 NUCLEAR REPULSION ENERGY    9.00998347


 Eigenvalues of metric

         1 0.551E-04 0.617E-04 0.712E-04 0.901E-04 0.309E-03 0.326E-03 0.346E-03 0.388E-03


 Contracted 2-electron integrals neglected if value below      1.0D-19

 OPERATOR DM      FOR CENTER  0  COORDINATES:    0.000000    0.000000    0.000000


 **********************************************************************************************************************************
 DATASETS  * FILE   NREC   LENGTH (MB)   RECORD NAMES
              1      19     8980.31       500      610      700      900      950      970     1000      129      960     1100   
                                          VAR    BASINP    GEOM    SYMINP    ZMAT    AOBASIS   BASIS     P2S    ABASIS      S 
                                         1400     1410     1200     1210     1080     1600     1650     1300     1700   
                                           T        V       H0       H01     AOSYM     SMH    MOLCAS    ERIS     OPER   

              2       6       13.52       200      700     1000      520     2100     2101   
                                        OPTIONS   GEOM     BASIS   MCVARS     RHF      RHF  

 PROGRAMS   *        TOTAL       INT       MP4        HF       INT       MP4        HF       INT
 CPU TIMES  *      2221.09      0.12    121.81    129.20      0.11   1722.92    176.17     70.61
 REAL TIME  *      2879.83 SEC
 DISK USED  *        24.80 GB      
 **********************************************************************************************************************************


 PROGRAM * RHF-SCF (CLOSED SHELL)       Authors: W. Meyer, H.-J. Werner


 NUMBER OF ELECTRONS:       5+    5-    SPACE SYMMETRY=1    SPIN SYMMETRY: Singlet 
 CONVERGENCE THRESHOLDS:    1.00E-08 (Density)    1.00E-09 (Energy)
 MAX. NUMBER OF ITERATIONS:       60
 INTERPOLATION TYPE:            DIIS
 INTERPOLATION STEPS:              2 (START)      1 (STEP)
 LEVEL SHIFTS:                  0.00 (CLOSED)  0.00 (OPEN) 



 Orbital guess generated from atomic densities. Full valence occupancy:    7

 Molecular orbital dump at record        2102.2

 Initial occupancy:   5

 ITERATION    DDIFF          GRAD             ENERGY        2-EL.EN.            DIPOLE MOMENTS         DIIS   ORB.
    1      0.000D+00      0.000D+00       -76.02021664     77.394238   -1.07801    0.30890   -0.25383    0    start
    2      0.000D+00      0.539D-02       -76.04687294     73.768106   -0.62540    0.18534   -0.15116    1    diag
    3      0.317D-02      0.343D-02       -76.05821077     75.370560   -0.73704    0.21712   -0.17732    2    diag
    4      0.114D-02      0.317D-03       -76.05840157     75.281216   -0.73232    0.21698   -0.17697    3    diag
    5      0.147D-03      0.880D-04       -76.05842155     75.295318   -0.73053    0.21695   -0.17686    4    diag
    6      0.455D-04      0.172D-04       -76.05842279     75.294446   -0.73016    0.21701   -0.17688    5    diag
    7      0.113D-04      0.339D-05       -76.05842285     75.294573   -0.73003    0.21701   -0.17687    6    diag
    8      0.294D-05      0.627D-06       -76.05842285     75.294558   -0.72999    0.21701   -0.17687    7    diag
    9      0.499D-06      0.800D-07       -76.05842285     75.294549   -0.72999    0.21701   -0.17687    8    diag
   10      0.608D-07      0.200D-07       -76.05842285     75.294552   -0.72999    0.21701   -0.17687    9    orth
   11      0.157D-07      0.417D-08       -76.05842285     75.294552   -0.72999    0.21701   -0.17687    9    diag
   12      0.380D-08      0.786D-09       -76.05842285     75.294552   -0.72999    0.21701   -0.17687    0    orth

 Final occupancy:   5

 !RHF STATE 1.1 Energy                -76.058422847682
 Nuclear energy                         9.00998347
 One-electron energy                 -122.71568227
 Two-electron energy                   37.64727596
 Virial quotient                       -1.00231374
 !RHF STATE 1.1 Dipole moment          -0.72998582     0.21700771    -0.17686678
 Dipole moment /Debye                  -1.85531735     0.55154247    -0.44952107

 Orbital energies:

         1.1          2.1          3.1          4.1          5.1          6.1          7.1
    -20.570262    -1.343343    -0.708611    -0.579777    -0.508573     0.022732     0.035337

 HOMO      5.1    -0.508573 =     -13.8390eV
 LUMO      6.1     0.022732 =       0.6186eV
 LUMO-HOMO         0.531305 =      14.4575eV


 **********************************************************************************************************************************
 DATASETS  * FILE   NREC   LENGTH (MB)   RECORD NAMES
              1      19     8980.31       500      610      700      900      950      970     1000      129      960     1100   
                                          VAR    BASINP    GEOM    SYMINP    ZMAT    AOBASIS   BASIS     P2S    ABASIS      S 
                                         1400     1410     1200     1210     1080     1600     1650     1300     1700   
                                           T        V       H0       H01     AOSYM     SMH    MOLCAS    ERIS     OPER   

              2       7       20.17       200      700     1000      520     2100     2101     2102   
                                        OPTIONS   GEOM     BASIS   MCVARS     RHF      RHF      RHF  

 PROGRAMS   *        TOTAL        HF       INT       MP4        HF       INT       MP4        HF       INT
 CPU TIMES  *      2373.98    152.88      0.12    121.81    129.20      0.11   1722.92    176.17     70.61
 REAL TIME  *      3131.92 SEC
 DISK USED  *        24.80 GB      
 **********************************************************************************************************************************
 SETTING ESCF_B         =       -76.05842285  AU                              


 PROGRAM * MP4 (Closed-shell)     Authors: C. Hampel, H.-J. Werner, 1991, M. Deegan, P.J. Knowles, 1992


 Convergence thresholds:  THRVAR = 1.00D-08  THRDEN = 1.00D-08

 MP4(T)     terms to be evaluated (factor= 0.000)


 Number of core orbitals:           1 (   1 )
 Number of closed-shell orbitals:   4 (   4 )
 Number of external orbitals:     317 ( 317 )

 Molecular orbitals read from record     2102.2  Type=RHF/CANONICAL (state 1.1)

 Number of N-1 electron functions:               4
 Number of N-2 electron functions:              10
 Number of singly external CSFs:              1268
 Number of doubly external CSFs:            804546
 Total number of CSFs:                      805815

 Length of J-op  integral file:               0.00 MB
 Length of K-op  integral file:               7.17 MB

 Memory could be reduced to 210.42 Mwords without degradation in triples

 Integral transformation finished. Total CPU:  26.99 sec, npass=  1  Memory used:  87.59 MW

 Reference energy:                    -76.05842285

                        CORR.ENERGY   TOTAL ENERGY   ENERGY CHANGE
 MP2:                   -0.26993857   -76.32836142    -0.26993857

 SCS-MP2 correlation energy:           -0.26717126   (PS=  1.200000  PT=  0.333333)
 SCS-MP2 total energy:                -76.32559410

 MP3(D):                -0.27225292   -76.33067576    -0.00231434
 MP4(DQ):               -0.27298948   -76.33141233    -0.00073657
 MP4(SDQ):              -0.27496592   -76.33338877    -0.00197644

 Norm of t1 vector:      0.03499124      S-energy:    -0.00197644      T1 diagnostic:  0.00874781

 Total CPU time for triples:     77.69 sec


 RESULTS
 =======

  Reference energy                    -76.058422847682
  MP4(SDQ) singlet pair energy         -0.182622499115
  MP4(SDQ) triplet pair energy         -0.090366981274
  MP4(SDQ) correlation energy          -0.274965917617

  Triples contribution                 -0.009734969995
  Total correlation energy             -0.284700887612

  MP4(SDQ) total energy               -76.333388765299
 !MP4(SDTQ) total energy              -76.343123735294

 Timing summary (sec):

 STEP                 CPU(USER)    SYS     CPU(TOT)    WALL
 Transformation         27.09      7.93     35.02     35.51
 CCSD iterations        17.11      6.48     23.59     55.89
 Triples                77.69      1.45     79.14     79.16

 Program statistics:

 Available memory in ccsd:             13999999836
 Min. memory needed in ccsd:               3677238
 Max. memory used in ccsd:                 4267372
 Max. memory used in cckext:               2832301 ( 1 integral passes)



 **********************************************************************************************************************************
 DATASETS  * FILE   NREC   LENGTH (MB)   RECORD NAMES
              1      20     9505.74       500      610      700      900      950      970     1000      129      960     1100   
                                          VAR    BASINP    GEOM    SYMINP    ZMAT    AOBASIS   BASIS     P2S    ABASIS      S 
                                         1400     1410     1200     1210     1080     1600     1650     1300     1700     1380   
                                           T        V       H0       H01     AOSYM     SMH    MOLCAS    ERIS     OPER     JKOP   

              2       7       20.17       200      700     1000      520     2100     2101     2102   
                                        OPTIONS   GEOM     BASIS   MCVARS     RHF      RHF      RHF  

 PROGRAMS   *        TOTAL       MP4        HF       INT       MP4        HF       INT       MP4        HF       INT
 CPU TIMES  *      2495.89    121.92    152.88      0.12    121.81    129.20      0.11   1722.92    176.17     70.61
 REAL TIME  *      3302.69 SEC
 DISK USED  *        24.80 GB      
 **********************************************************************************************************************************
 SETTING EMP4_B         =       -76.34312374  AU                              
 SETTING EMP4_CORR_B    =        -0.28470089  AU                              

 Running procedure=SET_MONOMERC

 Dummy atoms: C1  H1  H2  H3  H4  O1  H5  H6


 Recomputing one-electron integrals since nuclear charges changed


 PROGRAM * SEWARD (Integral evaluation for generally contracted gaussian basis sets)     Author: Roland Lindh, 1990

 Geometry written to block  1 of record 700


 Point group  C1  



 ATOMIC COORDINATES

 NR  ATOM    CHARGE       X              Y              Z

   1  C1      0.00   -6.193010455    2.801518980    2.403542658
   2  H1      0.00   -4.656285171    1.699997622    3.119937832
   3  H2      0.00   -5.973046335    4.726205038    2.982932688
   4  H3      0.00   -7.940251230    2.077186956    3.118237078
   5  H4      0.00   -6.176569838    2.685300823    0.384937212
   6  O1      0.00   -8.257347274    8.608080443   -1.772185160
   7  H5      0.00   -8.759447505   10.077153532   -2.731599113
   8  H6      0.00   -9.852276123    7.752790399   -1.314682465
   9  O2      8.00   -1.010247586    7.876000542    2.916036383
  10  H7      1.00   -0.819574220    6.648056506    4.275505357
  11  H8      1.00   -0.644963526    6.932271315    1.370429386

 Bond lengths in Bohr (Angstrom)

 1-2  2.021904040  1-3  2.022002335  1-4  2.021953343  1-5  2.022015060  6-7  1.825035758
     ( 1.069945541)     ( 1.069997556)     ( 1.069971630)     ( 1.070004290)     ( 0.965767332)

  6- 8  1.866715781   9-10  1.841835709   9-11  1.847419359
       ( 0.987823451)       ( 0.974657483)       ( 0.977612224)

 Bond angles

  2-1-3  109.53398059   2-1-4  109.65604535   2-1-5  108.43490854   3-1-4  109.49436728

  3- 1- 5  109.86987750   4- 1- 5  109.83468330   7- 6- 8  105.22390814  10- 9-11  104.86126985

 NUCLEAR CHARGE:                   10
 NUMBER OF PRIMITIVE AOS:         417
 NUMBER OF SYMMETRY AOS:          374
 NUMBER OF CONTRACTIONS:          322   ( 322A   )
 NUMBER OF CORE ORBITALS:           1   (   1A   )
 NUMBER OF VALENCE ORBITALS:        6   (   6A   )

 MOLECULE CHANGED: INITIALIZING OCCUPATION AND DUMP RECORDS


 NUCLEAR REPULSION ENERGY    9.01583577


 Eigenvalues of metric

         1 0.551E-04 0.617E-04 0.712E-04 0.901E-04 0.309E-03 0.326E-03 0.346E-03 0.388E-03


 Contracted 2-electron integrals neglected if value below      1.0D-19

 OPERATOR DM      FOR CENTER  0  COORDINATES:    0.000000    0.000000    0.000000


 **********************************************************************************************************************************
 DATASETS  * FILE   NREC   LENGTH (MB)   RECORD NAMES
              1      19     8980.31       500      610      700      900      950      970     1000      129      960     1100   
                                          VAR    BASINP    GEOM    SYMINP    ZMAT    AOBASIS   BASIS     P2S    ABASIS      S 
                                         1400     1410     1200     1210     1080     1600     1650     1300     1700   
                                           T        V       H0       H01     AOSYM     SMH    MOLCAS    ERIS     OPER   

              2       7       20.17       200      700     1000      520     2100     2101     2102   
                                        OPTIONS   GEOM     BASIS   MCVARS     RHF      RHF      RHF  

 PROGRAMS   *        TOTAL       INT       MP4        HF       INT       MP4        HF       INT       MP4        HF       INT
 CPU TIMES  *      2496.01      0.12    121.92    152.88      0.12    121.81    129.20      0.11   1722.92    176.17     70.61
 REAL TIME  *      3303.35 SEC
 DISK USED  *        24.80 GB      
 **********************************************************************************************************************************


 PROGRAM * RHF-SCF (CLOSED SHELL)       Authors: W. Meyer, H.-J. Werner


 NUMBER OF ELECTRONS:       5+    5-    SPACE SYMMETRY=1    SPIN SYMMETRY: Singlet 
 CONVERGENCE THRESHOLDS:    1.00E-08 (Density)    1.00E-09 (Energy)
 MAX. NUMBER OF ITERATIONS:       60
 INTERPOLATION TYPE:            DIIS
 INTERPOLATION STEPS:              2 (START)      1 (STEP)
 LEVEL SHIFTS:                  0.00 (CLOSED)  0.00 (OPEN) 



 Orbital guess generated from atomic densities. Full valence occupancy:    7

 Molecular orbital dump at record        2103.2

 Initial occupancy:   5

 ITERATION    DDIFF          GRAD             ENERGY        2-EL.EN.            DIPOLE MOMENTS         DIIS   ORB.
    1      0.000D+00      0.000D+00       -76.02053437     77.399226    0.28489   -1.11212   -0.09627    0    start
    2      0.000D+00      0.539D-02       -76.04720931     73.777742    0.16595   -0.64776   -0.05514    1    diag
    3      0.320D-02      0.343D-02       -76.05853169     75.378667    0.19542   -0.76292   -0.06514    2    diag
    4      0.115D-02      0.317D-03       -76.05872156     75.289260    0.19430   -0.75860   -0.06459    3    diag
    5      0.148D-03      0.878D-04       -76.05874138     75.303411    0.19388   -0.75698   -0.06438    4    diag
    6      0.464D-04      0.171D-04       -76.05874260     75.302547    0.19380   -0.75669   -0.06433    5    diag
    7      0.120D-04      0.336D-05       -76.05874266     75.302674    0.19377   -0.75657   -0.06431    6    diag
    8      0.324D-05      0.619D-06       -76.05874266     75.302659    0.19376   -0.75654   -0.06431    7    diag
    9      0.529D-06      0.778D-07       -76.05874266     75.302650    0.19376   -0.75653   -0.06431    8    diag
   10      0.673D-07      0.189D-07       -76.05874266     75.302654    0.19376   -0.75653   -0.06431    9    orth
   11      0.175D-07      0.346D-08       -76.05874266     75.302653    0.19376   -0.75653   -0.06431    9    diag
   12      0.357D-08      0.507D-09       -76.05874266     75.302653    0.19376   -0.75653   -0.06431    0    orth

 Final occupancy:   5

 !RHF STATE 1.1 Energy                -76.058742660428
 Nuclear energy                         9.01583577
 One-electron energy                 -122.72590503
 Two-electron energy                   37.65132660
 Virial quotient                       -1.00228616
 !RHF STATE 1.1 Dipole moment           0.19376016    -0.75653168    -0.06430571
 Dipole moment /Debye                   0.49245696    -1.92278579    -0.16343812

 Orbital energies:

         1.1          2.1          3.1          4.1          5.1          6.1          7.1
    -20.570294    -1.343775    -0.708219    -0.580617    -0.508720     0.018282     0.034212

 HOMO      5.1    -0.508720 =     -13.8430eV
 LUMO      6.1     0.018282 =       0.4975eV
 LUMO-HOMO         0.527002 =      14.3404eV


 **********************************************************************************************************************************
 DATASETS  * FILE   NREC   LENGTH (MB)   RECORD NAMES
              1      19     8980.31       500      610      700      900      950      970     1000      129      960     1100   
                                          VAR    BASINP    GEOM    SYMINP    ZMAT    AOBASIS   BASIS     P2S    ABASIS      S 
                                         1400     1410     1200     1210     1080     1600     1650     1300     1700   
                                           T        V       H0       H01     AOSYM     SMH    MOLCAS    ERIS     OPER   

              2       8       26.83       200      700     1000      520     2100     2101     2102     2103   
                                        OPTIONS   GEOM     BASIS   MCVARS     RHF      RHF      RHF      RHF  

 PROGRAMS   *        TOTAL        HF       INT       MP4        HF       INT       MP4        HF       INT       MP4        HF
 CPU TIMES  *      2649.19    153.18      0.12    121.92    152.88      0.12    121.81    129.20      0.11   1722.92    176.17
 REAL TIME  *      3550.40 SEC
 DISK USED  *        24.80 GB      
 **********************************************************************************************************************************
 SETTING ESCF_C         =       -76.05874266  AU                              


 PROGRAM * MP4 (Closed-shell)     Authors: C. Hampel, H.-J. Werner, 1991, M. Deegan, P.J. Knowles, 1992


 Convergence thresholds:  THRVAR = 1.00D-08  THRDEN = 1.00D-08

 MP4(T)     terms to be evaluated (factor= 0.000)


 Number of core orbitals:           1 (   1 )
 Number of closed-shell orbitals:   4 (   4 )
 Number of external orbitals:     317 ( 317 )

 Molecular orbitals read from record     2103.2  Type=RHF/CANONICAL (state 1.1)

 Number of N-1 electron functions:               4
 Number of N-2 electron functions:              10
 Number of singly external CSFs:              1268
 Number of doubly external CSFs:            804546
 Total number of CSFs:                      805815

 Length of J-op  integral file:               0.00 MB
 Length of K-op  integral file:               7.17 MB

 Memory could be reduced to 210.42 Mwords without degradation in triples

 Integral transformation finished. Total CPU:  27.03 sec, npass=  1  Memory used:  87.59 MW

 Reference energy:                    -76.05874266

                        CORR.ENERGY   TOTAL ENERGY   ENERGY CHANGE
 MP2:                   -0.26996483   -76.32870749    -0.26996483

 SCS-MP2 correlation energy:           -0.26720294   (PS=  1.200000  PT=  0.333333)
 SCS-MP2 total energy:                -76.32594560

 MP3(D):                -0.27228274   -76.33102540    -0.00231791
 MP4(DQ):               -0.27301455   -76.33175721    -0.00073181
 MP4(SDQ):              -0.27498929   -76.33373195    -0.00197474

 Norm of t1 vector:      0.03491000      S-energy:    -0.00197474      T1 diagnostic:  0.00872750

 Total CPU time for triples:     77.72 sec


 RESULTS
 =======

  Reference energy                    -76.058742660428
  MP4(SDQ) singlet pair energy         -0.182643838914
  MP4(SDQ) triplet pair energy         -0.090370711007
  MP4(SDQ) correlation energy          -0.274989293344

  Triples contribution                 -0.009738924635
  Total correlation energy             -0.284728217979

  MP4(SDQ) total energy               -76.333731953772
 !MP4(SDTQ) total energy              -76.343470878407

 Timing summary (sec):

 STEP                 CPU(USER)    SYS     CPU(TOT)    WALL
 Transformation         27.14      7.97     35.11     63.59
 CCSD iterations        17.16      6.54     23.70     65.96
 Triples                77.72      1.46     79.18     79.26

 Program statistics:

 Available memory in ccsd:             13999999836
 Min. memory needed in ccsd:               3677238
 Max. memory used in ccsd:                 4267372
 Max. memory used in cckext:               2832301 ( 1 integral passes)



 **********************************************************************************************************************************
 DATASETS  * FILE   NREC   LENGTH (MB)   RECORD NAMES
              1      20     9505.74       500      610      700      900      950      970     1000      129      960     1100   
                                          VAR    BASINP    GEOM    SYMINP    ZMAT    AOBASIS   BASIS     P2S    ABASIS      S 
                                         1400     1410     1200     1210     1080     1600     1650     1300     1700     1380   
                                           T        V       H0       H01     AOSYM     SMH    MOLCAS    ERIS     OPER     JKOP   

              2       8       26.83       200      700     1000      520     2100     2101     2102     2103   
                                        OPTIONS   GEOM     BASIS   MCVARS     RHF      RHF      RHF      RHF  

 PROGRAMS   *        TOTAL       MP4        HF       INT       MP4        HF       INT       MP4        HF       INT       MP4
 CPU TIMES  *      2771.24    122.04    153.18      0.12    121.92    152.88      0.12    121.81    129.20      0.11   1722.92
 REAL TIME  *      3759.47 SEC
 DISK USED  *        24.80 GB      
 **********************************************************************************************************************************
 SETTING EMP4_C         =       -76.34347088  AU                              
 SETTING EMP4_CORR_C    =        -0.28472822  AU                              

 Running procedure=SET_DIMERAB

 Dummy atoms: O2  H7  H8


 Recomputing one-electron integrals since nuclear charges changed


 PROGRAM * SEWARD (Integral evaluation for generally contracted gaussian basis sets)     Author: Roland Lindh, 1990

 Geometry written to block  1 of record 700


 Point group  C1  



 ATOMIC COORDINATES

 NR  ATOM    CHARGE       X              Y              Z

   1  C1      6.00   -6.193010455    2.801518980    2.403542658
   2  H1      1.00   -4.656285171    1.699997622    3.119937832
   3  H2      1.00   -5.973046335    4.726205038    2.982932688
   4  H3      1.00   -7.940251230    2.077186956    3.118237078
   5  H4      1.00   -6.176569838    2.685300823    0.384937212
   6  O1      8.00   -8.257347274    8.608080443   -1.772185160
   7  H5      1.00   -8.759447505   10.077153532   -2.731599113
   8  H6      1.00   -9.852276123    7.752790399   -1.314682465
   9  O2      0.00   -1.010247586    7.876000542    2.916036383
  10  H7      0.00   -0.819574220    6.648056506    4.275505357
  11  H8      0.00   -0.644963526    6.932271315    1.370429386

 Bond lengths in Bohr (Angstrom)

 1-2  2.021904040  1-3  2.022002335  1-4  2.021953343  1-5  2.022015060  6-7  1.825035758
     ( 1.069945541)     ( 1.069997556)     ( 1.069971630)     ( 1.070004290)     ( 0.965767332)

  6- 8  1.866715781   9-10  1.841835709   9-11  1.847419359
       ( 0.987823451)       ( 0.974657483)       ( 0.977612224)

 Bond angles

  2-1-3  109.53398059   2-1-4  109.65604535   2-1-5  108.43490854   3-1-4  109.49436728

  3- 1- 5  109.86987750   4- 1- 5  109.83468330   7- 6- 8  105.22390814  10- 9-11  104.86126985

 NUCLEAR CHARGE:                   20
 NUMBER OF PRIMITIVE AOS:         417
 NUMBER OF SYMMETRY AOS:          374
 NUMBER OF CONTRACTIONS:          322   ( 322A   )
 NUMBER OF CORE ORBITALS:           2   (   2A   )
 NUMBER OF VALENCE ORBITALS:       14   (  14A   )

 MOLECULE CHANGED: INITIALIZING OCCUPATION AND DUMP RECORDS


 NUCLEAR REPULSION ENERGY   35.88393783


 Eigenvalues of metric

         1 0.551E-04 0.617E-04 0.712E-04 0.901E-04 0.309E-03 0.326E-03 0.346E-03 0.388E-03


 Contracted 2-electron integrals neglected if value below      1.0D-19

 OPERATOR DM      FOR CENTER  0  COORDINATES:    0.000000    0.000000    0.000000


 **********************************************************************************************************************************
 DATASETS  * FILE   NREC   LENGTH (MB)   RECORD NAMES
              1      19     8980.31       500      610      700      900      950      970     1000      129      960     1100   
                                          VAR    BASINP    GEOM    SYMINP    ZMAT    AOBASIS   BASIS     P2S    ABASIS      S 
                                         1400     1410     1200     1210     1080     1600     1650     1300     1700   
                                           T        V       H0       H01     AOSYM     SMH    MOLCAS    ERIS     OPER   

              2       8       26.83       200      700     1000      520     2100     2101     2102     2103   
                                        OPTIONS   GEOM     BASIS   MCVARS     RHF      RHF      RHF      RHF  

 PROGRAMS   *        TOTAL       INT       MP4        HF       INT       MP4        HF       INT       MP4        HF       INT
 CPU TIMES  *      2771.35      0.11    122.04    153.18      0.12    121.92    152.88      0.12    121.81    129.20      0.11
 REAL TIME  *      3760.16 SEC
 DISK USED  *        24.80 GB      
 **********************************************************************************************************************************


 PROGRAM * RHF-SCF (CLOSED SHELL)       Authors: W. Meyer, H.-J. Werner


 NUMBER OF ELECTRONS:      10+   10-    SPACE SYMMETRY=1    SPIN SYMMETRY: Singlet 
 CONVERGENCE THRESHOLDS:    1.00E-08 (Density)    1.00E-09 (Energy)
 MAX. NUMBER OF ITERATIONS:       60
 INTERPOLATION TYPE:            DIIS
 INTERPOLATION STEPS:              2 (START)      1 (STEP)
 LEVEL SHIFTS:                  0.00 (CLOSED)  0.00 (OPEN) 



 Orbital guess generated from atomic densities. Full valence occupancy:   16

 Molecular orbital dump at record        2104.2

 Initial occupancy:  10

 ITERATION    DDIFF          GRAD             ENERGY        2-EL.EN.            DIPOLE MOMENTS         DIIS   ORB.
    1      0.000D+00      0.000D+00      -116.21379832    157.486144   -1.07387    0.30747   -0.25609    0    start
    2      0.000D+00      0.439D-02      -116.25756952    152.465860   -0.60287    0.22085   -0.17500    1    diag
    3      0.394D-02      0.258D-02      -116.27097530    154.531496   -0.72205    0.24540   -0.19660    2    diag
    4      0.131D-02      0.379D-03      -116.27161980    154.419505   -0.71169    0.24336   -0.19460    3    diag
    5      0.292D-03      0.111D-03      -116.27168571    154.413893   -0.71117    0.24409   -0.19493    4    diag
    6      0.993D-04      0.270D-04      -116.27168940    154.419683   -0.71036    0.24408   -0.19487    5    diag
    7      0.274D-04      0.521D-05      -116.27168962    154.418178   -0.71036    0.24412   -0.19489    6    diag
    8      0.735D-05      0.131D-05      -116.27168964    154.418313   -0.71028    0.24413   -0.19489    7    diag
    9      0.151D-05      0.296D-06      -116.27168964    154.418288   -0.71026    0.24412   -0.19489    8    diag
   10      0.502D-06      0.341D-07      -116.27168964    154.418289   -0.71026    0.24412   -0.19489    9    orth
   11      0.403D-07      0.833D-08      -116.27168964    154.418290   -0.71026    0.24412   -0.19489    9    diag
   12      0.158D-07      0.213D-08      -116.27168964    154.418290   -0.71026    0.24412   -0.19489    9    diag
   13      0.280D-08      0.569D-09      -116.27168964    154.418290   -0.71026    0.24412   -0.19489    0    orth

 Final occupancy:  10

 !RHF STATE 1.1 Energy               -116.271689636780
 Nuclear energy                        35.88393783
 One-electron energy                 -229.36477254
 Two-electron energy                   77.20914507
 Virial quotient                       -1.00105035
 !RHF STATE 1.1 Dipole moment          -0.71025876     0.24412076    -0.19488692
 Dipole moment /Debye                  -1.80517947     0.62045245    -0.49532069

 Orbital energies:

         1.1          2.1          3.1          4.1          5.1          6.1          7.1          8.1          9.1         10.1
    -20.570250   -11.190210    -1.343383    -0.943902    -0.708649    -0.580059    -0.545193    -0.542636    -0.540368    -0.508589

        11.1         12.1
      0.026165     0.038089

 HOMO     10.1    -0.508589 =     -13.8394eV
 LUMO     11.1     0.026165 =       0.7120eV
 LUMO-HOMO         0.534755 =      14.5514eV


 **********************************************************************************************************************************
 DATASETS  * FILE   NREC   LENGTH (MB)   RECORD NAMES
              1      19     8980.31       500      610      700      900      950      970     1000      129      960     1100   
                                          VAR    BASINP    GEOM    SYMINP    ZMAT    AOBASIS   BASIS     P2S    ABASIS      S 
                                         1400     1410     1200     1210     1080     1600     1650     1300     1700   
                                           T        V       H0       H01     AOSYM     SMH    MOLCAS    ERIS     OPER   

              2       9       33.49       200      700     1000      520     2100     2101     2102     2103     2104   
                                        OPTIONS   GEOM     BASIS   MCVARS     RHF      RHF      RHF      RHF      RHF  

 PROGRAMS   *        TOTAL        HF       INT       MP4        HF       INT       MP4        HF       INT       MP4        HF
 CPU TIMES  *      2936.22    164.87      0.11    122.04    153.18      0.12    121.92    152.88      0.12    121.81    129.20
 REAL TIME  *      4016.59 SEC
 DISK USED  *        24.80 GB      
 **********************************************************************************************************************************
 SETTING ESCF_AB        =      -116.27168964  AU                              


 PROGRAM * MP4 (Closed-shell)     Authors: C. Hampel, H.-J. Werner, 1991, M. Deegan, P.J. Knowles, 1992


 Convergence thresholds:  THRVAR = 1.00D-08  THRDEN = 1.00D-08

 MP4(T)     terms to be evaluated (factor= 0.000)


 Number of core orbitals:           2 (   2 )
 Number of closed-shell orbitals:   8 (   8 )
 Number of external orbitals:     312 ( 312 )

 Molecular orbitals read from record     2104.2  Type=RHF/CANONICAL (state 1.1)

 Number of N-1 electron functions:               8
 Number of N-2 electron functions:              36
 Number of singly external CSFs:              2496
 Number of doubly external CSFs:           3116256
 Total number of CSFs:                     3118753

 Length of J-op  integral file:               0.00 MB
 Length of K-op  integral file:               7.17 MB

 Memory could be reduced to 328.30 Mwords without degradation in triples

 Integral transformation finished. Total CPU:  44.42 sec, npass=  1  Memory used: 159.25 MW

 Reference energy:                   -116.27168964

                        CORR.ENERGY   TOTAL ENERGY   ENERGY CHANGE
 MP2:                   -0.47100931  -116.74269895    -0.47100931

 SCS-MP2 correlation energy:           -0.47641395   (PS=  1.200000  PT=  0.333333)
 SCS-MP2 total energy:               -116.74810359

 MP3(D):                -0.49134090  -116.76303054    -0.02033159
 MP4(DQ):               -0.49279356  -116.76448320    -0.00145265
 MP4(SDQ):              -0.49571259  -116.76740223    -0.00291903

 Norm of t1 vector:      0.04261428      S-energy:    -0.00291903      T1 diagnostic:  0.00753321


 Total CPU time for triples:    531.26 sec


 RESULTS
 =======

  Reference energy                   -116.271689636780
  MP4(SDQ) singlet pair energy         -0.347274484431
  MP4(SDQ) triplet pair energy         -0.145519073986
  MP4(SDQ) correlation energy          -0.495712588262

  Triples contribution                 -0.015742030616
  Total correlation energy             -0.511454618878

  MP4(SDQ) total energy              -116.767402225042
 !MP4(SDTQ) total energy             -116.783144255658

 Timing summary (sec):

 STEP                 CPU(USER)    SYS     CPU(TOT)    WALL
 Transformation         44.75      9.62     54.37     54.79
 CCSD iterations        37.41      6.57     43.98     52.73
 Triples               531.26      9.66    540.92    541.77

 Program statistics:

 Available memory in ccsd:             13999999644
 Min. memory needed in ccsd:               9187353
 Max. memory used in ccsd:                11873417
 Max. memory used in cckext:               8287581 ( 1 integral passes)



 **********************************************************************************************************************************
 DATASETS  * FILE   NREC   LENGTH (MB)   RECORD NAMES
              1      20    10001.90       500      610      700      900      950      970     1000      129      960     1100   
                                          VAR    BASINP    GEOM    SYMINP    ZMAT    AOBASIS   BASIS     P2S    ABASIS      S 
                                         1400     1410     1200     1210     1080     1600     1650     1300     1700     1380   
                                           T        V       H0       H01     AOSYM     SMH    MOLCAS    ERIS     OPER     JKOP   

              2       9       33.49       200      700     1000      520     2100     2101     2102     2103     2104   
                                        OPTIONS   GEOM     BASIS   MCVARS     RHF      RHF      RHF      RHF      RHF  

 PROGRAMS   *        TOTAL       MP4        HF       INT       MP4        HF       INT       MP4        HF       INT       MP4
 CPU TIMES  *      3549.66    613.44    164.87      0.11    122.04    153.18      0.12    121.92    152.88      0.12    121.81
 REAL TIME  *      4666.03 SEC
 DISK USED  *        24.80 GB      
 **********************************************************************************************************************************
 SETTING EMP4_AB        =      -116.78314426  AU                              
 SETTING EMP4_CORR_AB   =        -0.51145462  AU                              

 Running procedure=SET_DIMERAC

 Dummy atoms: O1  H5  H6


 Recomputing one-electron integrals since nuclear charges changed


 PROGRAM * SEWARD (Integral evaluation for generally contracted gaussian basis sets)     Author: Roland Lindh, 1990

 Geometry written to block  1 of record 700


 Point group  C1  



 ATOMIC COORDINATES

 NR  ATOM    CHARGE       X              Y              Z

   1  C1      6.00   -6.193010455    2.801518980    2.403542658
   2  H1      1.00   -4.656285171    1.699997622    3.119937832
   3  H2      1.00   -5.973046335    4.726205038    2.982932688
   4  H3      1.00   -7.940251230    2.077186956    3.118237078
   5  H4      1.00   -6.176569838    2.685300823    0.384937212
   6  O1      0.00   -8.257347274    8.608080443   -1.772185160
   7  H5      0.00   -8.759447505   10.077153532   -2.731599113
   8  H6      0.00   -9.852276123    7.752790399   -1.314682465
   9  O2      8.00   -1.010247586    7.876000542    2.916036383
  10  H7      1.00   -0.819574220    6.648056506    4.275505357
  11  H8      1.00   -0.644963526    6.932271315    1.370429386

 Bond lengths in Bohr (Angstrom)

 1-2  2.021904040  1-3  2.022002335  1-4  2.021953343  1-5  2.022015060  6-7  1.825035758
     ( 1.069945541)     ( 1.069997556)     ( 1.069971630)     ( 1.070004290)     ( 0.965767332)

  6- 8  1.866715781   9-10  1.841835709   9-11  1.847419359
       ( 0.987823451)       ( 0.974657483)       ( 0.977612224)

 Bond angles

  2-1-3  109.53398059   2-1-4  109.65604535   2-1-5  108.43490854   3-1-4  109.49436728

  3- 1- 5  109.86987750   4- 1- 5  109.83468330   7- 6- 8  105.22390814  10- 9-11  104.86126985

 NUCLEAR CHARGE:                   20
 NUMBER OF PRIMITIVE AOS:         417
 NUMBER OF SYMMETRY AOS:          374
 NUMBER OF CONTRACTIONS:          322   ( 322A   )
 NUMBER OF CORE ORBITALS:           2   (   2A   )
 NUMBER OF VALENCE ORBITALS:       14   (  14A   )

 MOLECULE CHANGED: INITIALIZING OCCUPATION AND DUMP RECORDS


 NUCLEAR REPULSION ENERGY   36.57703656


 Eigenvalues of metric

         1 0.551E-04 0.617E-04 0.712E-04 0.901E-04 0.309E-03 0.326E-03 0.346E-03 0.388E-03


 Contracted 2-electron integrals neglected if value below      1.0D-19

 OPERATOR DM      FOR CENTER  0  COORDINATES:    0.000000    0.000000    0.000000


 **********************************************************************************************************************************
 DATASETS  * FILE   NREC   LENGTH (MB)   RECORD NAMES
              1      19     8980.31       500      610      700      900      950      970     1000      129      960     1100   
                                          VAR    BASINP    GEOM    SYMINP    ZMAT    AOBASIS   BASIS     P2S    ABASIS      S 
                                         1400     1410     1200     1210     1080     1600     1650     1300     1700   
                                           T        V       H0       H01     AOSYM     SMH    MOLCAS    ERIS     OPER   

              2       9       33.49       200      700     1000      520     2100     2101     2102     2103     2104   
                                        OPTIONS   GEOM     BASIS   MCVARS     RHF      RHF      RHF      RHF      RHF  

 PROGRAMS   *        TOTAL       INT       MP4        HF       INT       MP4        HF       INT       MP4        HF       INT
 CPU TIMES  *      3549.77      0.11    613.44    164.87      0.11    122.04    153.18      0.12    121.92    152.88      0.12
 REAL TIME  *      4674.61 SEC
 DISK USED  *        24.80 GB      
 **********************************************************************************************************************************


 PROGRAM * RHF-SCF (CLOSED SHELL)       Authors: W. Meyer, H.-J. Werner


 NUMBER OF ELECTRONS:      10+   10-    SPACE SYMMETRY=1    SPIN SYMMETRY: Singlet 
 CONVERGENCE THRESHOLDS:    1.00E-08 (Density)    1.00E-09 (Energy)
 MAX. NUMBER OF ITERATIONS:       60
 INTERPOLATION TYPE:            DIIS
 INTERPOLATION STEPS:              2 (START)      1 (STEP)
 LEVEL SHIFTS:                  0.00 (CLOSED)  0.00 (OPEN) 



 Orbital guess generated from atomic densities. Full valence occupancy:   16

 Molecular orbital dump at record        2105.2

 Initial occupancy:  10

 ITERATION    DDIFF          GRAD             ENERGY        2-EL.EN.            DIPOLE MOMENTS         DIIS   ORB.
    1      0.000D+00      0.000D+00      -116.21446041    158.524185    0.29110   -1.11226   -0.09779    0    start
    2      0.000D+00      0.438D-02      -116.25803894    153.739497    0.13563   -0.62505   -0.05748    1    diag
    3      0.394D-02      0.256D-02      -116.27120784    155.731246    0.17619   -0.74547   -0.06686    2    diag
    4      0.131D-02      0.380D-03      -116.27185417    155.620421    0.17444   -0.73402   -0.06529    3    diag
    5      0.293D-03      0.111D-03      -116.27192041    155.614480    0.17375   -0.73324   -0.06500    4    diag
    6      0.100D-03      0.271D-04      -116.27192415    155.620391    0.17342   -0.73239   -0.06484    5    diag
    7      0.281D-04      0.527D-05      -116.27192437    155.618806    0.17341   -0.73238   -0.06481    6    diag
    8      0.781D-05      0.133D-05      -116.27192439    155.618951    0.17337   -0.73232   -0.06480    7    diag
    9      0.171D-05      0.295D-06      -116.27192439    155.618926    0.17337   -0.73230   -0.06479    8    diag
   10      0.526D-06      0.346D-07      -116.27192439    155.618928    0.17337   -0.73230   -0.06479    9    orth
   11      0.421D-07      0.872D-08      -116.27192439    155.618929    0.17337   -0.73230   -0.06479    9    diag
   12      0.160D-07      0.225D-08      -116.27192439    155.618929    0.17337   -0.73230   -0.06479    9    diag
   13      0.321D-08      0.580D-09      -116.27192439    155.618929    0.17337   -0.73230   -0.06479    0    orth

 Final occupancy:  10

 !RHF STATE 1.1 Energy               -116.271924388889
 Nuclear energy                        36.57703656
 One-electron energy                 -230.65842560
 Two-electron energy                   77.80946465
 Virial quotient                       -1.00101051
 !RHF STATE 1.1 Dipole moment           0.17336650    -0.73230230    -0.06479427
 Dipole moment /Debye                   0.44062483    -1.86120489    -0.16467983

 Orbital energies:

         1.1          2.1          3.1          4.1          5.1          6.1          7.1          8.1          9.1         10.1
    -20.569682   -11.199483    -1.343433    -0.953466    -0.707859    -0.580504    -0.554426    -0.552445    -0.550867    -0.507583

        11.1         12.1
      0.024019     0.035711

 HOMO     10.1    -0.507583 =     -13.8120eV
 LUMO     11.1     0.024019 =       0.6536eV
 LUMO-HOMO         0.531602 =      14.4656eV


 **********************************************************************************************************************************
 DATASETS  * FILE   NREC   LENGTH (MB)   RECORD NAMES
              1      19     8980.31       500      610      700      900      950      970     1000      129      960     1100   
                                          VAR    BASINP    GEOM    SYMINP    ZMAT    AOBASIS   BASIS     P2S    ABASIS      S 
                                         1400     1410     1200     1210     1080     1600     1650     1300     1700   
                                           T        V       H0       H01     AOSYM     SMH    MOLCAS    ERIS     OPER   

              2      10       40.14       200      700     1000      520     2100     2101     2102     2103     2104     2105   
                                        OPTIONS   GEOM     BASIS   MCVARS     RHF      RHF      RHF      RHF      RHF      RHF  

 PROGRAMS   *        TOTAL        HF       INT       MP4        HF       INT       MP4        HF       INT       MP4        HF
 CPU TIMES  *      3714.47    164.70      0.11    613.44    164.87      0.11    122.04    153.18      0.12    121.92    152.88
 REAL TIME  *      4941.57 SEC
 DISK USED  *        24.80 GB      
 **********************************************************************************************************************************
 SETTING ESCF_AC        =      -116.27192439  AU                              


 PROGRAM * MP4 (Closed-shell)     Authors: C. Hampel, H.-J. Werner, 1991, M. Deegan, P.J. Knowles, 1992


 Convergence thresholds:  THRVAR = 1.00D-08  THRDEN = 1.00D-08

 MP4(T)     terms to be evaluated (factor= 0.000)


 Number of core orbitals:           2 (   2 )
 Number of closed-shell orbitals:   8 (   8 )
 Number of external orbitals:     312 ( 312 )

 Molecular orbitals read from record     2105.2  Type=RHF/CANONICAL (state 1.1)

 Number of N-1 electron functions:               8
 Number of N-2 electron functions:              36
 Number of singly external CSFs:              2496
 Number of doubly external CSFs:           3116256
 Total number of CSFs:                     3118753

 Length of J-op  integral file:               0.00 MB
 Length of K-op  integral file:               7.17 MB

 Memory could be reduced to 328.30 Mwords without degradation in triples

 Integral transformation finished. Total CPU:  44.66 sec, npass=  1  Memory used: 159.25 MW

 Reference energy:                   -116.27192439

                        CORR.ENERGY   TOTAL ENERGY   ENERGY CHANGE
 MP2:                   -0.47121277  -116.74313716    -0.47121277

 SCS-MP2 correlation energy:           -0.47656476   (PS=  1.200000  PT=  0.333333)
 SCS-MP2 total energy:               -116.74848914

 MP3(D):                -0.49160392  -116.76352831    -0.02039115
 MP4(DQ):               -0.49301382  -116.76493821    -0.00140990
 MP4(SDQ):              -0.49594449  -116.76786888    -0.00293067

 Norm of t1 vector:      0.04268586      S-energy:    -0.00293067      T1 diagnostic:  0.00754586

 Total CPU time for triples:    531.08 sec


 RESULTS
 =======

  Reference energy                   -116.271924388890
  MP4(SDQ) singlet pair energy         -0.347305735876
  MP4(SDQ) triplet pair energy         -0.145708082051
  MP4(SDQ) correlation energy          -0.495944487806

  Triples contribution                 -0.015780373513
  Total correlation energy             -0.511724861319

  MP4(SDQ) total energy              -116.767868876696
 !MP4(SDTQ) total energy             -116.783649250209

 Timing summary (sec):

 STEP                 CPU(USER)    SYS     CPU(TOT)    WALL
 Transformation         45.01      9.58     54.59     56.46
 CCSD iterations        37.39      6.61     44.00     60.56
 Triples               531.08      9.64    540.72    542.96

 Program statistics:

 Available memory in ccsd:             13999999644
 Min. memory needed in ccsd:               9187353
 Max. memory used in ccsd:                11873417
 Max. memory used in cckext:               8287581 ( 1 integral passes)



 **********************************************************************************************************************************
 DATASETS  * FILE   NREC   LENGTH (MB)   RECORD NAMES
              1      20    10001.90       500      610      700      900      950      970     1000      129      960     1100   
                                          VAR    BASINP    GEOM    SYMINP    ZMAT    AOBASIS   BASIS     P2S    ABASIS      S 
                                         1400     1410     1200     1210     1080     1600     1650     1300     1700     1380   
                                           T        V       H0       H01     AOSYM     SMH    MOLCAS    ERIS     OPER     JKOP   

              2      10       40.14       200      700     1000      520     2100     2101     2102     2103     2104     2105   
                                        OPTIONS   GEOM     BASIS   MCVARS     RHF      RHF      RHF      RHF      RHF      RHF  

 PROGRAMS   *        TOTAL       MP4        HF       INT       MP4        HF       INT       MP4        HF       INT       MP4
 CPU TIMES  *      4327.98    613.51    164.70      0.11    613.44    164.87      0.11    122.04    153.18      0.12    121.92
 REAL TIME  *      5601.71 SEC
 DISK USED  *        24.80 GB      
 **********************************************************************************************************************************
 SETTING EMP4_AC        =      -116.78364925  AU                              
 SETTING EMP4_CORR_AC   =        -0.51172486  AU                              

 Running procedure=SET_DIMERBC

 Dummy atoms: C1  H1  H2  H3  H4


 Recomputing one-electron integrals since nuclear charges changed


 PROGRAM * SEWARD (Integral evaluation for generally contracted gaussian basis sets)     Author: Roland Lindh, 1990

 Geometry written to block  1 of record 700


 Point group  C1  



 ATOMIC COORDINATES

 NR  ATOM    CHARGE       X              Y              Z

   1  C1      0.00   -6.193010455    2.801518980    2.403542658
   2  H1      0.00   -4.656285171    1.699997622    3.119937832
   3  H2      0.00   -5.973046335    4.726205038    2.982932688
   4  H3      0.00   -7.940251230    2.077186956    3.118237078
   5  H4      0.00   -6.176569838    2.685300823    0.384937212
   6  O1      8.00   -8.257347274    8.608080443   -1.772185160
   7  H5      1.00   -8.759447505   10.077153532   -2.731599113
   8  H6      1.00   -9.852276123    7.752790399   -1.314682465
   9  O2      8.00   -1.010247586    7.876000542    2.916036383
  10  H7      1.00   -0.819574220    6.648056506    4.275505357
  11  H8      1.00   -0.644963526    6.932271315    1.370429386

 Bond lengths in Bohr (Angstrom)

 1-2  2.021904040  1-3  2.022002335  1-4  2.021953343  1-5  2.022015060  6-7  1.825035758
     ( 1.069945541)     ( 1.069997556)     ( 1.069971630)     ( 1.070004290)     ( 0.965767332)

  6- 8  1.866715781   9-10  1.841835709   9-11  1.847419359
       ( 0.987823451)       ( 0.974657483)       ( 0.977612224)

 Bond angles

  2-1-3  109.53398059   2-1-4  109.65604535   2-1-5  108.43490854   3-1-4  109.49436728

  3- 1- 5  109.86987750   4- 1- 5  109.83468330   7- 6- 8  105.22390814  10- 9-11  104.86126985

 NUCLEAR CHARGE:                   20
 NUMBER OF PRIMITIVE AOS:         417
 NUMBER OF SYMMETRY AOS:          374
 NUMBER OF CONTRACTIONS:          322   ( 322A   )
 NUMBER OF CORE ORBITALS:           2   (   2A   )
 NUMBER OF VALENCE ORBITALS:       12   (  12A   )

 MOLECULE CHANGED: INITIALIZING OCCUPATION AND DUMP RECORDS


 NUCLEAR REPULSION ENERGY   29.20419107


 Eigenvalues of metric

         1 0.551E-04 0.617E-04 0.712E-04 0.901E-04 0.309E-03 0.326E-03 0.346E-03 0.388E-03


 Contracted 2-electron integrals neglected if value below      1.0D-19

 OPERATOR DM      FOR CENTER  0  COORDINATES:    0.000000    0.000000    0.000000


 **********************************************************************************************************************************
 DATASETS  * FILE   NREC   LENGTH (MB)   RECORD NAMES
              1      19     8980.31       500      610      700      900      950      970     1000      129      960     1100   
                                          VAR    BASINP    GEOM    SYMINP    ZMAT    AOBASIS   BASIS     P2S    ABASIS      S 
                                         1400     1410     1200     1210     1080     1600     1650     1300     1700   
                                           T        V       H0       H01     AOSYM     SMH    MOLCAS    ERIS     OPER   

              2      10       40.14       200      700     1000      520     2100     2101     2102     2103     2104     2105   
                                        OPTIONS   GEOM     BASIS   MCVARS     RHF      RHF      RHF      RHF      RHF      RHF  

 PROGRAMS   *        TOTAL       INT       MP4        HF       INT       MP4        HF       INT       MP4        HF       INT
 CPU TIMES  *      4328.10      0.10    613.51    164.70      0.11    613.44    164.87      0.11    122.04    153.18      0.12
 REAL TIME  *      5603.87 SEC
 DISK USED  *        24.80 GB      
 **********************************************************************************************************************************


 PROGRAM * RHF-SCF (CLOSED SHELL)       Authors: W. Meyer, H.-J. Werner


 NUMBER OF ELECTRONS:      10+   10-    SPACE SYMMETRY=1    SPIN SYMMETRY: Singlet 
 CONVERGENCE THRESHOLDS:    1.00E-08 (Density)    1.00E-09 (Energy)
 MAX. NUMBER OF ITERATIONS:       60
 INTERPOLATION TYPE:            DIIS
 INTERPOLATION STEPS:              2 (START)      1 (STEP)
 LEVEL SHIFTS:                  0.00 (CLOSED)  0.00 (OPEN) 



 Orbital guess generated from atomic densities. Full valence occupancy:   14

 Molecular orbital dump at record        2106.2

 Initial occupancy:  10

 ITERATION    DDIFF          GRAD             ENERGY        2-EL.EN.            DIPOLE MOMENTS         DIIS   ORB.
    1      0.000D+00      0.000D+00      -152.03972393    177.530654   -0.79319   -0.80321   -0.35013    0    start
    2      0.000D+00      0.545D-02      -152.09334480    170.108965   -0.47037   -0.45038   -0.21353    1    diag
    3      0.451D-02      0.347D-02      -152.11620269    173.363191   -0.55010   -0.53757   -0.24659    2    diag
    4      0.163D-02      0.320D-03      -152.11658540    173.182287   -0.54655   -0.53355   -0.24521    3    diag
    5      0.209D-03      0.891D-04      -152.11662570    173.210051   -0.54531   -0.53185   -0.24488    4    diag
    6      0.654D-04      0.174D-04      -152.11662821    173.208186   -0.54502   -0.53151   -0.24481    5    diag
    7      0.167D-04      0.345D-05      -152.11662833    173.208390   -0.54494   -0.53137   -0.24481    6    diag
    8      0.440D-05      0.710D-06      -152.11662833    173.208357   -0.54489   -0.53136   -0.24480    7    diag
    9      0.708D-06      0.308D-06      -152.11662833    173.208340   -0.54490   -0.53135   -0.24480    8    diag
   10      0.195D-06      0.541D-07      -152.11662833    173.208334   -0.54490   -0.53135   -0.24480    9    orth
   11      0.494D-07      0.143D-07      -152.11662833    173.208336   -0.54490   -0.53135   -0.24480    9    diag
   12      0.153D-07      0.364D-08      -152.11662833    173.208336   -0.54490   -0.53135   -0.24480    9    diag
   13      0.462D-08      0.663D-09      -152.11662833    173.208336   -0.54490   -0.53135   -0.24480    0    orth

 Final occupancy:  10

 !RHF STATE 1.1 Energy               -152.116628331668
 Nuclear energy                        29.20419107
 One-electron energy                 -267.92498753
 Two-electron energy                   86.60416812
 Virial quotient                       -1.00229183
 !RHF STATE 1.1 Dipole moment          -0.54489513    -0.53134708    -0.24479835
 Dipole moment /Debye                  -1.38489457    -1.35046112    -0.62217458

 Orbital energies:

         1.1          2.1          3.1          4.1          5.1          6.1          7.1          8.1          9.1         10.1
    -20.566897   -20.560991    -1.339956    -1.334442    -0.705261    -0.698895    -0.576260    -0.571245    -0.505120    -0.499259

        11.1         12.1
      0.021763     0.033182

 HOMO     10.1    -0.499259 =     -13.5855eV
 LUMO     11.1     0.021763 =       0.5922eV
 LUMO-HOMO         0.521022 =      14.1777eV


 **********************************************************************************************************************************
 DATASETS  * FILE   NREC   LENGTH (MB)   RECORD NAMES
              1      19     8980.31       500      610      700      900      950      970     1000      129      960     1100   
                                          VAR    BASINP    GEOM    SYMINP    ZMAT    AOBASIS   BASIS     P2S    ABASIS      S 
                                         1400     1410     1200     1210     1080     1600     1650     1300     1700   
                                           T        V       H0       H01     AOSYM     SMH    MOLCAS    ERIS     OPER   

              2      11       46.80       200      700     1000      520     2100     2101     2102     2103     2104     2105   
                                        OPTIONS   GEOM     BASIS   MCVARS     RHF      RHF      RHF      RHF      RHF      RHF  
                                         2106   
                                          RHF  

 PROGRAMS   *        TOTAL        HF       INT       MP4        HF       INT       MP4        HF       INT       MP4        HF
 CPU TIMES  *      4492.29    164.18      0.10    613.51    164.70      0.11    613.44    164.87      0.11    122.04    153.18
 REAL TIME  *      5865.75 SEC
 DISK USED  *        24.80 GB      
 **********************************************************************************************************************************
 SETTING ESCF_BC        =      -152.11662833  AU                              


 PROGRAM * MP4 (Closed-shell)     Authors: C. Hampel, H.-J. Werner, 1991, M. Deegan, P.J. Knowles, 1992


 Convergence thresholds:  THRVAR = 1.00D-08  THRDEN = 1.00D-08

 MP4(T)     terms to be evaluated (factor= 0.000)


 Number of core orbitals:           2 (   2 )
 Number of closed-shell orbitals:   8 (   8 )
 Number of external orbitals:     312 ( 312 )

 Molecular orbitals read from record     2106.2  Type=RHF/CANONICAL (state 1.1)

 Number of N-1 electron functions:               8
 Number of N-2 electron functions:              36
 Number of singly external CSFs:              2496
 Number of doubly external CSFs:           3116256
 Total number of CSFs:                     3118753

 Length of J-op  integral file:               0.00 MB
 Length of K-op  integral file:               7.17 MB

 Memory could be reduced to 328.30 Mwords without degradation in triples

 Integral transformation finished. Total CPU:  44.39 sec, npass=  1  Memory used: 159.25 MW

 Reference energy:                   -152.11662833

                        CORR.ENERGY   TOTAL ENERGY   ENERGY CHANGE
 MP2:                   -0.54004594  -152.65667427    -0.54004594

 SCS-MP2 correlation energy:           -0.53449563   (PS=  1.200000  PT=  0.333333)
 SCS-MP2 total energy:               -152.65112396

 MP3(D):                -0.54466987  -152.66129820    -0.00462393
 MP4(DQ):               -0.54613379  -152.66276212    -0.00146392
 MP4(SDQ):              -0.55009921  -152.66672754    -0.00396541

 Norm of t1 vector:      0.04959814      S-energy:    -0.00396541      T1 diagnostic:  0.00876780

 Total CPU time for triples:    531.39 sec


 RESULTS
 =======

  Reference energy                   -152.116628331668
  MP4(SDQ) singlet pair energy         -0.365318011969
  MP4(SDQ) triplet pair energy         -0.180815780955
  MP4(SDQ) correlation energy          -0.550099207400

  Triples contribution                 -0.019504550891
  Total correlation energy             -0.569603758291

  MP4(SDQ) total energy              -152.666727539068
 !MP4(SDTQ) total energy             -152.686232089959

 Timing summary (sec):

 STEP                 CPU(USER)    SYS     CPU(TOT)    WALL
 Transformation         44.73      9.62     54.35     61.11
 CCSD iterations        37.34      6.67     44.01     54.38
 Triples               531.39      9.60    540.99    541.51

 Program statistics:

 Available memory in ccsd:             13999999644
 Min. memory needed in ccsd:               9187353
 Max. memory used in ccsd:                11873417
 Max. memory used in cckext:               8287581 ( 1 integral passes)



 **********************************************************************************************************************************
 DATASETS  * FILE   NREC   LENGTH (MB)   RECORD NAMES
              1      20    10001.90       500      610      700      900      950      970     1000      129      960     1100   
                                          VAR    BASINP    GEOM    SYMINP    ZMAT    AOBASIS   BASIS     P2S    ABASIS      S 
                                         1400     1410     1200     1210     1080     1600     1650     1300     1700     1380   
                                           T        V       H0       H01     AOSYM     SMH    MOLCAS    ERIS     OPER     JKOP   

              2      11       46.80       200      700     1000      520     2100     2101     2102     2103     2104     2105   
                                        OPTIONS   GEOM     BASIS   MCVARS     RHF      RHF      RHF      RHF      RHF      RHF  
                                         2106   
                                          RHF  

 PROGRAMS   *        TOTAL       MP4        HF       INT       MP4        HF       INT       MP4        HF       INT       MP4
 CPU TIMES  *      5105.79    613.48    164.18      0.10    613.51    164.70      0.11    613.44    164.87      0.11    122.04
 REAL TIME  *      6547.42 SEC
 DISK USED  *        24.80 GB      
 **********************************************************************************************************************************
 SETTING EMP4_BC        =      -152.68623209  AU                              
 SETTING EMP4_CORR_BC   =        -0.56960376  AU                              
 SETTING E_INT_ABC      =        -0.00091238  AU                              
 SETTING E_INT_AB       =        -0.00054509  AU                              
 SETTING E_INT_AC       =        -0.00070294  AU                              
 SETTING E_INT_BC       =         0.00036252  AU                              
 SETTING E_ADD          =        -0.00088550  AU                              
 SETTING E_NONADD_MP4   =    -2.68803011D-05  AU                              
 SETTING E_INT_ABC_CORR =        -0.00151318  AU                              
 SETTING E_INT_AB_CORR  =        -0.00055809  AU                              
 SETTING E_INT_AC_CORR  =        -0.00080101  AU                              
 SETTING E_INT_BC_CORR  =        -0.00017465  AU                              
 SETTING E_INT_ABC_CORR_ADD              =      -0.00153375  AU                              
 SETTING E_INT_ABC_CORR_NONADD           =   2.05719042D-05  AU                              
 SETTING E_INT_ABC_HF   =         0.00060080  AU                              
 SETTING E_INT_AB_HF    =     1.30075167D-05  AU                              
 SETTING E_INT_AC_HF    =     9.80681536D-05  AU                              
 SETTING E_INT_BC_HF    =         0.00053718  AU                              
 SETTING E_INT_ABC_HF_ADD                =       0.00064825  AU                              
 SETTING E_INT_ABC_HF_NONADD             =  -4.74522053D-05  AU                              

 *** results in millihartree
 E_INT_ABC        =        -0.00091238 AU
 E_INT_AB         =        -0.00054509 AU
 E_INT_AC         =        -0.00070294 AU
 E_INT_BC         =         0.00036252 AU
 E_ADD            =        -0.00088550 AU
 E_NONADD_MP4     =        -0.00002688 AU
 E_INT_ABC_CORR   =        -0.00151318 AU
 E_INT_AB_CORR    =        -0.00055809 AU
 E_INT_AC_CORR    =        -0.00080101 AU
 E_INT_BC_CORR    =        -0.00017465 AU
 E_INT_ABC_CORR_ADD       =        -0.00153375 AU
 E_INT_ABC_CORR_NONADD    =         0.00002057 AU
 E_INT_ABC_HF     =         0.00060080 AU
 E_INT_AB_HF      =         0.00001301 AU
 E_INT_AC_HF      =         0.00009807 AU
 E_INT_BC_HF      =         0.00053718 AU
 E_INT_ABC_HF_ADD =         0.00064825 AU
 E_INT_ABC_HF_NONADD      =        -0.00004745 AU

 MP4/aug-cc-pVTZ energy=   -152.686232089959

        MP4             HF-SCF          MP4             HF-SCF          MP4             HF-SCF          MP4             HF-SCF  
   -152.68623209   -152.11662833   -116.78364925   -116.27192439   -116.78314426   -116.27168964    -76.34347088    -76.05874266
 **********************************************************************************************************************************
 Molpro calculation terminated
 Variable memory released
