
 Primary working directories    : /net/scratch/people/plgsirous
 Secondary working directories  : /net/scratch/people/plgsirous
 Wavefunction directory         : /net/people/plgsirous/wfu/
 Main file repository           : /net/scratch/people/plgsirous/

 SHA1      : 
 NAME      : 
 ARCHNAME  : linux/x86_64
 FC        : /net/software/local/intel/impi/2018.1.163/bin64/mpiifort
 BLASLIB   : -L/net/software/local/intel/compilers_and_libraries_2018.1.163/linux/mkl/lib/intel64 -lmkl_scalapack_ilp64 -lmkl_intel_ilp64 -lmkl_intel_thread -lmkl_core -lmkl_blacs_intelmpi_ilp64 -liomp5 -lpthread -lm -ldl
 id        : pl

 Nodes     nprocs
 p1530        1

 Using customized tuning parameters: mindgm=7; mindgv=20; mindgc=1; mindgr=1; noblas=0; minvec=7
 default implementation of scratch files=df  

 ***,MP4SD(T)
 memory,14000,m
 gthresh,orbital=1d-8,energy=1d-8,twoint=1.d-19
 angstrom
 geometry={
 C1        -3.2772    1.4825     1.2719
 H1        -2.4640    0.8996     1.6510
 H2        -3.1608    2.5010     1.5785
 H3        -4.2018    1.0992     1.6501
 H4        -3.2685    1.4210     0.2037
 O1        -3.0333    5.2800     1.5066
 H5        -3.4382    5.0309     0.6555
 H6        -2.1241    4.8956     1.4894
 O2        -3.7444    0.3966     -2.4998
 H7        -4.6174    0.4621     -2.0217
 H8        -3.9689    0.1261     -3.3990
   }
 
 nkerna=1
 nkernb=1
 nkernc=1
 nkernab=$nkerna+$nkernb
 nkernac=$nkerna+$nkernc
 nkernbc=$nkernb+$nkernc
 nkernabc=$nkerna+$nkernb+$nkernc
 
 proc set_monomera
 core,$nkerna
 dummy,6,7,8,9,10,11;
 endproc
 
 proc set_monomerb
 core,$nkernb
 dummy,1,2,3,4,5,9,10,11;
 endproc
 
 proc set_monomerc
 core,$nkernc
 dummy,1,2,3,4,5,6,7,8;
 endproc
 
 proc set_dimerab
 core,$nkerna+$nkernb
 dummy,9,10,11;
 endproc
 
 proc set_dimerac
 core,$nkerna+$nkernc
 dummy,6,7,8;
 endproc
 
 proc set_dimerbc
 core,$nkernb+$nkernc
 dummy,1,2,3,4,5;
 endproc
 
 proc set_trimerabc
 core,$nkerna+$nkernb+$nkernc
 endproc
 
 basis=avtz
 
 set_trimerabc
 hf
 Escf_ABC=energy
 mp4
 Emp4_ABC=energy
 Emp4_corr_ABC=(Emp4_ABC)-(Escf_ABC)
 
 set_monomera
 {hf
 start,atden}
 Escf_A=energy
 mp4
 Emp4_A=energy
 Emp4_corr_A=(Emp4_A)-(Escf_A)
 
 set_monomerb
 {hf
 start,atden}
 Escf_B=energy
 mp4
 Emp4_B=energy
 Emp4_corr_B=(Emp4_B)-(Escf_B)
 
 set_monomerc
 {hf
 start,atden}
 Escf_C=energy
 mp4
 Emp4_C=energy
 Emp4_corr_C=(Emp4_C)-(Escf_C)
 
 set_dimerab
 {hf
 start,atden}
 Escf_AB=energy
 mp4
 Emp4_AB=energy
 Emp4_corr_AB=(Emp4_AB)-(Escf_AB)
 
 set_dimerac
 {hf
 start,atden}
 Escf_AC=energy
 mp4
 Emp4_AC=energy
 Emp4_corr_AC=(Emp4_AC)-(Escf_AC)
 
 set_dimerbc
 {hf
 start,atden}
 Escf_BC=energy
 mp4
 Emp4_BC=energy
 Emp4_corr_BC=(Emp4_BC)-(Escf_BC)
 
 E_int_ABC=Emp4_ABC-(Emp4_A+Emp4_B+Emp4_C)
 E_int_AB=Emp4_AB-(Emp4_A+Emp4_B)
 E_int_AC=Emp4_AC-(Emp4_A+Emp4_C)
 E_int_BC=Emp4_BC-(Emp4_B+Emp4_C)
 E_add=E_int_AB+E_int_AC+E_int_BC
 E_nonadd_MP4=E_int_ABC-(E_int_AB+E_int_AC+E_int_BC)
                                                                                 !!!!!Correlation part of interaction energy!!!!!!
 E_int_ABC_corr=Emp4_corr_ABC-(Emp4_corr_A+Emp4_corr_B+Emp4_corr_C)
 E_int_AB_corr=Emp4_corr_AB-(Emp4_corr_A+Emp4_corr_B)
 E_int_AC_corr=Emp4_corr_AC-(Emp4_corr_A+Emp4_corr_C)
 E_int_BC_corr=Emp4_corr_BC-(Emp4_corr_B+Emp4_corr_C)
 E_int_ABC_corr_add=E_int_AB_corr+E_int_AC_corr+E_int_BC_corr
 E_int_ABC_corr_nonadd=E_int_ABC_corr-E_int_ABC_corr_add
                                                                                 !!!!HF part of interaction energy!!!!
 E_int_ABC_HF=E_int_ABC-E_int_ABC_corr
 E_int_AB_HF=E_int_AB-E_int_AB_corr
 E_int_AC_HF=E_int_AC-E_int_AC_corr
 E_int_BC_HF=E_int_BC-E_int_BC_corr
 E_int_ABC_HF_add=E_int_AB_HF+E_int_AC_HF+E_int_BC_HF
 E_int_ABC_HF_nonadd=E_int_ABC_HF-E_int_ABC_HF_add
 
 text,results in millihartree
                                                                                 !!!!Interacion Energies!!!!!!
 show,E_int_ABC,E_int_AB,E_int_AC,E_int_BC,E_add,E_nonadd_MP4
                                                                                 !!!!Correlation Part!!!!!!!!
 show,E_int_ABC_corr,E_int_AB_corr,E_int_AC_corr,E_int_BC_corr,E_int_ABC_corr_add,E_int_ABC_corr_nonadd
                                                                                 !!!!SCF Part!!!!!
 show,E_int_ABC_HF,E_int_AB_HF,E_int_AC_HF,E_int_BC_HF,E_int_ABC_HF_add,E_int_ABC_HF_nonadd

 Variables initialized (889), CPU time= 0.01 sec
 Commands  initialized (702), CPU time= 0.01 sec, 572 directives.
 Default parameters read. Elapsed time= 0.21 sec

 Checking input...
 Passed
1


                                         ***  PROGRAM SYSTEM MOLPRO  ***
                                       Copyright, TTI GmbH Stuttgart, 2015
                                    Version 2015.1 linked Jul  2 2018 15:03:07


 **********************************************************************************************************************************
 LABEL *   MP4SD(T)                                                                      
  64 bit serial version                                                                  DATE: 30-Nov-18          TIME: 06:06:13  
 **********************************************************************************************************************************

 SHA1:             
 **********************************************************************************************************************************

 THRESHOLDS:

 ZERO    =  1.00D-12  ONEINT  =  1.00D-12  TWOINT  =  1.00D-19  PREFAC  =  1.00D-14  LOCALI  =  1.00D-09  EORDER  =  1.00D-04
 ENERGY  =  1.00D-08  ETEST   =  0.00D+00  EDENS   =  0.00D+00  THRDEDEF=  1.00D-06  GRADIENT=  1.00D-02  STEP    =  1.00D-03
 ORBITAL =  1.00D-08  CIVEC   =  1.00D-05  COEFF   =  1.00D-04  PRINTCI =  5.00D-02  PUNCHCI =  9.90D+01  OPTGRAD =  3.00D-04
 OPTENERG=  1.00D-06  OPTSTEP =  3.00D-04  THRGRAD =  1.00D-10  COMPRESS=  1.00D-11  VARMIN  =  1.00D-07  VARMAX  =  1.00D-03
 THRDOUB =  0.00D+00  THRDIV  =  1.00D-05  THRRED  =  1.00D-07  THRPSP  =  1.00D+00  THRDC   =  1.00D-10  THRCS   =  1.00D-10
 THRNRM  =  1.00D-08  THREQ   =  0.00D+00  THRDE   =  1.00D+00  THRREF  =  1.00D-05  SPARFAC =  1.00D+00  THRDLP  =  1.00D-07
 THRDIA  =  1.00D-10  THRDLS  =  1.00D-07  THRGPS  =  0.00D+00  THRKEX  =  0.00D+00  THRDIS  =  2.00D-01  THRVAR  =  1.00D-10
 THRLOC  =  1.00D-06  THRGAP  =  1.00D-06  THRLOCT = -1.00D+00  THRGAPT = -1.00D+00  THRORB  =  1.00D-06  THRMLTP =  0.00D+00
 THRCPQCI=  1.00D-10  KEXTA   =  0.00D+00  THRCOARS=  0.00D+00  SYMTOL  =  1.00D-06  GRADTOL =  1.00D-06  THROVL  =  1.00D-08
 THRORTH =  1.00D-08  GRID    =  1.00D-06  GRIDMAX =  1.00D-03  DTMAX   =  0.00D+00  THROCCDE=  1.00D-01  THROCCDE=  1.00D-01


 ZUNIT=ANG
 

Geometry recognized as XYZ

 SETTING NKERNA         =         1.00000000                                  
 SETTING NKERNB         =         1.00000000                                  
 SETTING NKERNC         =         1.00000000                                  
 SETTING NKERNAB        =         2.00000000                                  
 SETTING NKERNAC        =         2.00000000                                  
 SETTING NKERNBC        =         2.00000000                                  
 SETTING NKERNABC       =         3.00000000                                  

 Variable memory set to ********** words,  buffer space   230000 words

 SETTING BASIS          =    AVTZ

 Running procedure=SET_TRIMERABC


 Recomputing integrals since basis changed


 Using spherical harmonics

 Library entry C      S aug-cc-pVTZ          selected for orbital group  1
 Library entry C      P aug-cc-pVTZ          selected for orbital group  1
 Library entry C      D aug-cc-pVTZ          selected for orbital group  1
 Library entry C      F aug-cc-pVTZ          selected for orbital group  1
 Library entry H      S aug-cc-pVTZ          selected for orbital group  2
 Library entry H      P aug-cc-pVTZ          selected for orbital group  2
 Library entry H      D aug-cc-pVTZ          selected for orbital group  2
 Library entry O      S aug-cc-pVTZ          selected for orbital group  3
 Library entry O      P aug-cc-pVTZ          selected for orbital group  3
 Library entry O      D aug-cc-pVTZ          selected for orbital group  3
 Library entry O      F aug-cc-pVTZ          selected for orbital group  3


 PROGRAM * SEWARD (Integral evaluation for generally contracted gaussian basis sets)     Author: Roland Lindh, 1990

 Geometry written to block  1 of record 700


 Point group  C1  



 ATOMIC COORDINATES

 NR  ATOM    CHARGE       X              Y              Z

   1  C1      6.00   -6.193010455    2.801518980    2.403542658
   2  H1      1.00   -4.656285171    1.699997622    3.119937832
   3  H2      1.00   -5.973046335    4.726205038    2.982932688
   4  H3      1.00   -7.940251230    2.077186956    3.118237078
   5  H4      1.00   -6.176569838    2.685300823    0.384937212
   6  O1      8.00   -5.732106254    9.977753938    2.847061379
   7  H5      1.00   -6.497256361    9.507023160    1.238715475
   8  H6      1.00   -4.013967261    9.251343215    2.814558090
   9  O2      8.00   -7.075890501    0.749465381   -4.723937366
  10  H7      1.00   -8.725621408    0.873242442   -3.820459306
  11  H8      1.00   -7.500134016    0.238294464   -6.423179097

 Bond lengths in Bohr (Angstrom)

 1-2  2.021904040  1-3  2.022002335  1-4  2.021953343  1-5  2.022015060  6-7  1.842231989
     ( 1.069945541)     ( 1.069997556)     ( 1.069971630)     ( 1.070004290)     ( 0.974867186)

  6- 8  1.865671621   9-10  1.884994809   9-11  1.824472726
       ( 0.987270905)       ( 0.997496296)       ( 0.965469388)

 Bond angles

  2-1-3  109.53398059   2-1-4  109.65604535   2-1-5  108.43490854   3-1-4  109.49436728

  3- 1- 5  109.86987750   4- 1- 5  109.83468330   7- 6- 8  105.53314040  10- 9-11  105.14667399

 NUCLEAR CHARGE:                   30
 NUMBER OF PRIMITIVE AOS:         417
 NUMBER OF SYMMETRY AOS:          374
 NUMBER OF CONTRACTIONS:          322   ( 322A   )
 NUMBER OF CORE ORBITALS:           3   (   3A   )
 NUMBER OF VALENCE ORBITALS:       20   (  20A   )


 NUCLEAR REPULSION ENERGY   67.36803842


 Eigenvalues of metric

         1 0.381E-04 0.487E-04 0.785E-04 0.953E-04 0.315E-03 0.325E-03 0.332E-03 0.378E-03


 Contracted 2-electron integrals neglected if value below      1.0D-19
 AO integral compression algorithm  1   Integral accuracy      1.0D-19

     9019.064 MB (compressed) written to integral file ( 75.7%)


 NUMBER OF SORTED TWO-ELECTRON INTEGRALS: 1352182006.     BUFFER LENGTH:  32768
 NUMBER OF SEGMENTS:  43  SEGMENT LENGTH:   31998710      RECORD LENGTH: 524288

 Memory used in sort:      32.56 MW

 SORT1 READ  1490146994. AND WROTE  1172801856. INTEGRALS IN   3377 RECORDS. CPU TIME:    14.44 SEC, REAL TIME:   106.95 SEC
 SORT2 READ  1172801856. AND WROTE  1352182006. INTEGRALS IN  34405 RECORDS. CPU TIME:    15.96 SEC, REAL TIME:    92.87 SEC

 FILE SIZES:   FILE 1:  9042.9 MBYTE,  FILE 4: 14164.2 MBYTE,   TOTAL:  23207.1 MBYTE

 OPERATOR DM      FOR CENTER  0  COORDINATES:    0.000000    0.000000    0.000000


 **********************************************************************************************************************************
 DATASETS  * FILE   NREC   LENGTH (MB)   RECORD NAMES
              1      19     8247.82       500      610      700      900      950      970     1000      129      960     1100   
                                          VAR    BASINP    GEOM    SYMINP    ZMAT    AOBASIS   BASIS     P2S    ABASIS      S 
                                         1400     1410     1200     1210     1080     1600     1650     1300     1700   
                                           T        V       H0       H01     AOSYM     SMH    MOLCAS    ERIS     OPER   

 PROGRAMS   *        TOTAL       INT
 CPU TIMES  *        68.79     68.64
 REAL TIME  *       286.80 SEC
 DISK USED  *        23.21 GB      
 **********************************************************************************************************************************


 PROGRAM * RHF-SCF (CLOSED SHELL)       Authors: W. Meyer, H.-J. Werner


 NUMBER OF ELECTRONS:      15+   15-    SPACE SYMMETRY=1    SPIN SYMMETRY: Singlet 
 CONVERGENCE THRESHOLDS:    1.00E-08 (Density)    1.00E-09 (Energy)
 MAX. NUMBER OF ITERATIONS:       60
 INTERPOLATION TYPE:            DIIS
 INTERPOLATION STEPS:              2 (START)      1 (STEP)
 LEVEL SHIFTS:                  0.00 (CLOSED)  0.00 (OPEN) 



 Orbital guess generated from atomic densities. Full valence occupancy:   23

 Molecular orbital dump at record        2100.2

 Initial occupancy:  15

 ITERATION    DDIFF          GRAD             ENERGY        2-EL.EN.            DIPOLE MOMENTS         DIIS   ORB.
    1      0.000D+00      0.000D+00      -192.23372590    279.537837   -0.57171   -0.80453   -1.24236    0    start
    2      0.000D+00      0.477D-02      -192.30345722    271.156066   -0.32164   -0.49402   -0.75224    1    diag
    3      0.505D-02      0.290D-02      -192.32769034    274.744503   -0.38376   -0.56810   -0.87490    2    diag
    4      0.174D-02      0.366D-03      -192.32854618    274.542380   -0.37898   -0.56077   -0.86725    3    diag
    5      0.332D-03      0.105D-03      -192.32863655    274.550644   -0.37847   -0.56029   -0.86635    4    diag
    6      0.119D-03      0.267D-04      -192.32864222    274.557550   -0.37805   -0.55999   -0.86572    5    diag
    7      0.323D-04      0.625D-05      -192.32864265    274.555083   -0.37807   -0.56001   -0.86569    6    diag
    8      0.988D-05      0.158D-05      -192.32864269    274.555349   -0.37801   -0.56002   -0.86564    7    diag
    9      0.250D-05      0.404D-06      -192.32864269    274.555330   -0.37803   -0.56001   -0.86562    8    diag
   10      0.590D-06      0.190D-06      -192.32864269    274.555311   -0.37802   -0.56001   -0.86562    9    orth
   11      0.201D-06      0.241D-07      -192.32864269    274.555312   -0.37802   -0.56001   -0.86562    9    diag
   12      0.342D-07      0.731D-08      -192.32864269    274.555314   -0.37802   -0.56001   -0.86562    9    diag
   13      0.133D-07      0.147D-08      -192.32864269    274.555313   -0.37802   -0.56001   -0.86562    9    diag
   14      0.230D-08      0.467D-09      -192.32864269    274.555314   -0.37802   -0.56001   -0.86562    0    orth

 Final occupancy:  15

 !RHF STATE 1.1 Energy               -192.328642691122
 Nuclear energy                        67.36803842
 One-electron energy                 -396.97433797
 Two-electron energy                  137.27765686
 Virial quotient                       -1.00166900
 !RHF STATE 1.1 Dipole moment          -0.37801700    -0.56000950    -0.86561625
 Dipole moment /Debye                  -0.96076044    -1.42330896    -2.20003294

 Orbital energies:

         1.1          2.1          3.1          4.1          5.1          6.1          7.1          8.1          9.1         10.1
    -20.575807   -20.568257   -11.193880    -1.346174    -1.338954    -0.948517    -0.711194    -0.704727    -0.584610    -0.577258

        11.1         12.1         13.1         14.1         15.1         16.1         17.1
     -0.549443    -0.548561    -0.544880    -0.513188    -0.504064     0.022378     0.036970

 HOMO     15.1    -0.504064 =     -13.7163eV
 LUMO     16.1     0.022378 =       0.6089eV
 LUMO-HOMO         0.526441 =      14.3252eV


 **********************************************************************************************************************************
 DATASETS  * FILE   NREC   LENGTH (MB)   RECORD NAMES
              1      19     8247.82       500      610      700      900      950      970     1000      129      960     1100   
                                          VAR    BASINP    GEOM    SYMINP    ZMAT    AOBASIS   BASIS     P2S    ABASIS      S 
                                         1400     1410     1200     1210     1080     1600     1650     1300     1700   
                                           T        V       H0       H01     AOSYM     SMH    MOLCAS    ERIS     OPER   

              2       5        6.86       200      700     1000      520     2100   
                                        OPTIONS   GEOM     BASIS   MCVARS     RHF  

 PROGRAMS   *        TOTAL        HF       INT
 CPU TIMES  *       241.97    173.18     68.64
 REAL TIME  *       581.72 SEC
 DISK USED  *        23.21 GB      
 **********************************************************************************************************************************
 SETTING ESCF_ABC       =      -192.32864269  AU                              


 PROGRAM * MP4 (Closed-shell)     Authors: C. Hampel, H.-J. Werner, 1991, M. Deegan, P.J. Knowles, 1992


 Convergence thresholds:  THRVAR = 1.00D-08  THRDEN = 1.00D-08

 MP4(T)     terms to be evaluated (factor= 0.000)


 Number of core orbitals:           3 (   3 )
 Number of closed-shell orbitals:  12 (  12 )
 Number of external orbitals:     307 ( 307 )

 Molecular orbitals read from record     2100.2  Type=RHF/CANONICAL (state 1.1)

 Number of N-1 electron functions:              12
 Number of N-2 electron functions:              78
 Number of singly external CSFs:              3684
 Number of doubly external CSFs:           6787770
 Total number of CSFs:                     6791455

 Length of J-op  integral file:               0.00 MB
 Length of K-op  integral file:               7.17 MB

 Memory could be reduced to 437.50 Mwords without degradation in triples

 Integral transformation finished. Total CPU:  61.83 sec, npass=  1  Memory used: 233.41 MW

 Reference energy:                   -192.32864269

                        CORR.ENERGY   TOTAL ENERGY   ENERGY CHANGE
 MP2:                   -0.74290169  -193.07154438    -0.74290169

 SCS-MP2 correlation energy:           -0.74526580   (PS=  1.200000  PT=  0.333333)
 SCS-MP2 total energy:               -193.07390849

 MP3(D):                -0.76544647  -193.09408917    -0.02254478
 MP4(DQ):               -0.76754938  -193.09619207    -0.00210290
 MP4(SDQ):              -0.77253072  -193.10117341    -0.00498134

 Norm of t1 vector:      0.05579105      S-energy:    -0.00498134      T1 diagnostic:  0.00805274


 Total CPU time for triples:   1581.02 sec


 RESULTS
 =======

  Reference energy                   -192.328642691122
  MP4(SDQ) singlet pair energy         -0.530594564278
  MP4(SDQ) triplet pair energy         -0.236954814136
  MP4(SDQ) correlation energy          -0.772530716169

  Triples contribution                 -0.025795150101
  Total correlation energy             -0.798325866271

  MP4(SDQ) total energy              -193.101173407291
 !MP4(SDTQ) total energy             -193.126968557392

 Timing summary (sec):

 STEP                 CPU(USER)    SYS     CPU(TOT)    WALL
 Transformation         62.57     12.65     75.22    101.28
 CCSD iterations        77.07      6.44     83.51     90.43
 Triples              1581.02     30.90   1611.92   1613.17

 Program statistics:

 Available memory in ccsd:             13999999324
 Min. memory needed in ccsd:              17471288
 Max. memory used in ccsd:                23578322
 Max. memory used in cckext:              17102349 ( 1 integral passes)



 **********************************************************************************************************************************
 DATASETS  * FILE   NREC   LENGTH (MB)   RECORD NAMES
              1      20     9740.21       500      610      700      900      950      970     1000      129      960     1100   
                                          VAR    BASINP    GEOM    SYMINP    ZMAT    AOBASIS   BASIS     P2S    ABASIS      S 
                                         1400     1410     1200     1210     1080     1600     1650     1300     1700     1380   
                                           T        V       H0       H01     AOSYM     SMH    MOLCAS    ERIS     OPER     JKOP   

              2       5        6.86       200      700     1000      520     2100   
                                        OPTIONS   GEOM     BASIS   MCVARS     RHF  

 PROGRAMS   *        TOTAL       MP4        HF       INT
 CPU TIMES  *      1962.65   1720.68    173.18     68.64
 REAL TIME  *      2387.06 SEC
 DISK USED  *        23.21 GB      
 **********************************************************************************************************************************
 SETTING EMP4_ABC       =      -193.12696856  AU                              
 SETTING EMP4_CORR_ABC  =        -0.79832587  AU                              

 Running procedure=SET_MONOMERA

 Dummy atoms: O1  H5  H6  O2  H7  H8


 Recomputing one-electron integrals since nuclear charges changed


 PROGRAM * SEWARD (Integral evaluation for generally contracted gaussian basis sets)     Author: Roland Lindh, 1990

 Geometry written to block  1 of record 700


 Point group  C1  



 ATOMIC COORDINATES

 NR  ATOM    CHARGE       X              Y              Z

   1  C1      6.00   -6.193010455    2.801518980    2.403542658
   2  H1      1.00   -4.656285171    1.699997622    3.119937832
   3  H2      1.00   -5.973046335    4.726205038    2.982932688
   4  H3      1.00   -7.940251230    2.077186956    3.118237078
   5  H4      1.00   -6.176569838    2.685300823    0.384937212
   6  O1      0.00   -5.732106254    9.977753938    2.847061379
   7  H5      0.00   -6.497256361    9.507023160    1.238715475
   8  H6      0.00   -4.013967261    9.251343215    2.814558090
   9  O2      0.00   -7.075890501    0.749465381   -4.723937366
  10  H7      0.00   -8.725621408    0.873242442   -3.820459306
  11  H8      0.00   -7.500134016    0.238294464   -6.423179097

 Bond lengths in Bohr (Angstrom)

 1-2  2.021904040  1-3  2.022002335  1-4  2.021953343  1-5  2.022015060  6-7  1.842231989
     ( 1.069945541)     ( 1.069997556)     ( 1.069971630)     ( 1.070004290)     ( 0.974867186)

  6- 8  1.865671621   9-10  1.884994809   9-11  1.824472726
       ( 0.987270905)       ( 0.997496296)       ( 0.965469388)

 Bond angles

  2-1-3  109.53398059   2-1-4  109.65604535   2-1-5  108.43490854   3-1-4  109.49436728

  3- 1- 5  109.86987750   4- 1- 5  109.83468330   7- 6- 8  105.53314040  10- 9-11  105.14667399

 NUCLEAR CHARGE:                   10
 NUMBER OF PRIMITIVE AOS:         417
 NUMBER OF SYMMETRY AOS:          374
 NUMBER OF CONTRACTIONS:          322   ( 322A   )
 NUMBER OF CORE ORBITALS:           1   (   1A   )
 NUMBER OF VALENCE ORBITALS:        8   (   8A   )

 MOLECULE CHANGED: INITIALIZING OCCUPATION AND DUMP RECORDS


 NUCLEAR REPULSION ENERGY   13.68681606


 Eigenvalues of metric

         1 0.381E-04 0.487E-04 0.785E-04 0.953E-04 0.315E-03 0.325E-03 0.332E-03 0.378E-03


 Contracted 2-electron integrals neglected if value below      1.0D-19

 OPERATOR DM      FOR CENTER  0  COORDINATES:    0.000000    0.000000    0.000000


 **********************************************************************************************************************************
 DATASETS  * FILE   NREC   LENGTH (MB)   RECORD NAMES
              1      19     8247.82       500      610      700      900      950      970     1000      129      960     1100   
                                          VAR    BASINP    GEOM    SYMINP    ZMAT    AOBASIS   BASIS     P2S    ABASIS      S 
                                         1400     1410     1200     1210     1080     1600     1650     1300     1700   
                                           T        V       H0       H01     AOSYM     SMH    MOLCAS    ERIS     OPER   

              2       5        6.86       200      700     1000      520     2100   
                                        OPTIONS   GEOM     BASIS   MCVARS     RHF  

 PROGRAMS   *        TOTAL       INT       MP4        HF       INT
 CPU TIMES  *      1962.78      0.13   1720.68    173.18     68.64
 REAL TIME  *      2396.41 SEC
 DISK USED  *        23.21 GB      
 **********************************************************************************************************************************


 PROGRAM * RHF-SCF (CLOSED SHELL)       Authors: W. Meyer, H.-J. Werner


 NUMBER OF ELECTRONS:       5+    5-    SPACE SYMMETRY=1    SPIN SYMMETRY: Singlet 
 CONVERGENCE THRESHOLDS:    1.00E-08 (Density)    1.00E-09 (Energy)
 MAX. NUMBER OF ITERATIONS:       60
 INTERPOLATION TYPE:            DIIS
 INTERPOLATION STEPS:              2 (START)      1 (STEP)
 LEVEL SHIFTS:                  0.00 (CLOSED)  0.00 (OPEN) 



 Orbital guess generated from atomic densities. Full valence occupancy:    9

 Molecular orbital dump at record        2101.2

 Initial occupancy:   5

 ITERATION    DDIFF          GRAD             ENERGY        2-EL.EN.            DIPOLE MOMENTS         DIIS   ORB.
    1      0.000D+00      0.000D+00       -40.19359607     53.494088    0.00411   -0.00274   -0.00135    0    start
    2      0.000D+00      0.298D-02       -40.21071530     52.213680    0.00129   -0.00085   -0.00045    1    diag
    3      0.234D-02      0.116D-02       -40.21296411     52.664876    0.00182   -0.00121   -0.00062    2    diag
    4      0.664D-03      0.288D-03       -40.21327965     52.609861    0.00162   -0.00108   -0.00055    3    diag
    5      0.222D-03      0.374D-04       -40.21328505     52.612193    0.00159   -0.00107   -0.00054    4    diag
    6      0.603D-04      0.291D-05       -40.21328509     52.612293    0.00159   -0.00107   -0.00054    5    diag
    7      0.524D-05      0.224D-06       -40.21328509     52.612258    0.00159   -0.00107   -0.00054    6    diag
    8      0.678D-06      0.187D-07       -40.21328509     52.612259    0.00159   -0.00107   -0.00054    7    diag
    9      0.129D-06      0.241D-08       -40.21328509     52.612259    0.00159   -0.00107   -0.00054    8    diag
   10      0.729D-08      0.674D-09       -40.21328509     52.612259    0.00159   -0.00107   -0.00054    0    orth

 Final occupancy:   5

 !RHF STATE 1.1 Energy                -40.213285093301
 Nuclear energy                        13.68681606
 One-electron energy                  -80.20623067
 Two-electron energy                   26.30612952
 Virial quotient                       -0.99869379
 !RHF STATE 1.1 Dipole moment           0.00159191    -0.00106581    -0.00054157
 Dipole moment /Debye                   0.00404597    -0.00270885    -0.00137645

 Orbital energies:

         1.1          2.1          3.1          4.1          5.1          6.1          7.1
    -11.197212    -0.950740    -0.551694    -0.549758    -0.547580     0.023930     0.036767

 HOMO      5.1    -0.547580 =     -14.9004eV
 LUMO      6.1     0.023930 =       0.6512eV
 LUMO-HOMO         0.571510 =      15.5516eV


 **********************************************************************************************************************************
 DATASETS  * FILE   NREC   LENGTH (MB)   RECORD NAMES
              1      19     8247.82       500      610      700      900      950      970     1000      129      960     1100   
                                          VAR    BASINP    GEOM    SYMINP    ZMAT    AOBASIS   BASIS     P2S    ABASIS      S 
                                         1400     1410     1200     1210     1080     1600     1650     1300     1700   
                                           T        V       H0       H01     AOSYM     SMH    MOLCAS    ERIS     OPER   

              2       6       13.52       200      700     1000      520     2100     2101   
                                        OPTIONS   GEOM     BASIS   MCVARS     RHF      RHF  

 PROGRAMS   *        TOTAL        HF       INT       MP4        HF       INT
 CPU TIMES  *      2089.47    126.69      0.13   1720.68    173.18     68.64
 REAL TIME  *      2594.00 SEC
 DISK USED  *        23.21 GB      
 **********************************************************************************************************************************
 SETTING ESCF_A         =       -40.21328509  AU                              


 PROGRAM * MP4 (Closed-shell)     Authors: C. Hampel, H.-J. Werner, 1991, M. Deegan, P.J. Knowles, 1992


 Convergence thresholds:  THRVAR = 1.00D-08  THRDEN = 1.00D-08

 MP4(T)     terms to be evaluated (factor= 0.000)


 Number of core orbitals:           1 (   1 )
 Number of closed-shell orbitals:   4 (   4 )
 Number of external orbitals:     317 ( 317 )

 Molecular orbitals read from record     2101.2  Type=RHF/CANONICAL (state 1.1)

 Number of N-1 electron functions:               4
 Number of N-2 electron functions:              10
 Number of singly external CSFs:              1268
 Number of doubly external CSFs:            804546
 Total number of CSFs:                      805815

 Length of J-op  integral file:               0.00 MB
 Length of K-op  integral file:               7.17 MB

 Memory could be reduced to 210.42 Mwords without degradation in triples

 Integral transformation finished. Total CPU:  26.55 sec, npass=  1  Memory used:  87.59 MW

 Reference energy:                    -40.21328509

                        CORR.ENERGY   TOTAL ENERGY   ENERGY CHANGE
 MP2:                   -0.20059176   -40.41387685    -0.20059176

 SCS-MP2 correlation energy:           -0.20888979   (PS=  1.200000  PT=  0.333333)
 SCS-MP2 total energy:                -40.42217488

 MP3(D):                -0.21861836   -40.43190345    -0.01802660
 MP4(DQ):               -0.21937270   -40.43265779    -0.00075434
 MP4(SDQ):              -0.22029926   -40.43358435    -0.00092657

 Norm of t1 vector:      0.02389996      S-energy:    -0.00092657      T1 diagnostic:  0.00597499


 Total CPU time for triples:     77.70 sec


 RESULTS
 =======

  Reference energy                    -40.213285093301
  MP4(SDQ) singlet pair energy         -0.164595398089
  MP4(SDQ) triplet pair energy         -0.054777296924
  MP4(SDQ) correlation energy          -0.220299261160

  Triples contribution                 -0.005927157738
  Total correlation energy             -0.226226418898

  MP4(SDQ) total energy               -40.433584354461
 !MP4(SDTQ) total energy              -40.439511512199

 Timing summary (sec):

 STEP                 CPU(USER)    SYS     CPU(TOT)    WALL
 Transformation         26.65      8.42     35.07     35.13
 CCSD iterations        16.72      6.73     23.45     47.66
 Triples                77.70      1.54     79.24     79.25

 Program statistics:

 Available memory in ccsd:             13999999836
 Min. memory needed in ccsd:               3677238
 Max. memory used in ccsd:                 4267372
 Max. memory used in cckext:               2832301 ( 1 integral passes)



 **********************************************************************************************************************************
 DATASETS  * FILE   NREC   LENGTH (MB)   RECORD NAMES
              1      20     8773.25       500      610      700      900      950      970     1000      129      960     1100   
                                          VAR    BASINP    GEOM    SYMINP    ZMAT    AOBASIS   BASIS     P2S    ABASIS      S 
                                         1400     1410     1200     1210     1080     1600     1650     1300     1700     1380   
                                           T        V       H0       H01     AOSYM     SMH    MOLCAS    ERIS     OPER     JKOP   

              2       6       13.52       200      700     1000      520     2100     2101   
                                        OPTIONS   GEOM     BASIS   MCVARS     RHF      RHF  

 PROGRAMS   *        TOTAL       MP4        HF       INT       MP4        HF       INT
 CPU TIMES  *      2210.57    121.10    126.69      0.13   1720.68    173.18     68.64
 REAL TIME  *      2756.16 SEC
 DISK USED  *        23.21 GB      
 **********************************************************************************************************************************
 SETTING EMP4_A         =       -40.43951151  AU                              
 SETTING EMP4_CORR_A    =        -0.22622642  AU                              

 Running procedure=SET_MONOMERB

 Dummy atoms: C1  H1  H2  H3  H4  O2  H7  H8


 Recomputing one-electron integrals since nuclear charges changed


 PROGRAM * SEWARD (Integral evaluation for generally contracted gaussian basis sets)     Author: Roland Lindh, 1990

 Geometry written to block  1 of record 700


 Point group  C1  



 ATOMIC COORDINATES

 NR  ATOM    CHARGE       X              Y              Z

   1  C1      0.00   -6.193010455    2.801518980    2.403542658
   2  H1      0.00   -4.656285171    1.699997622    3.119937832
   3  H2      0.00   -5.973046335    4.726205038    2.982932688
   4  H3      0.00   -7.940251230    2.077186956    3.118237078
   5  H4      0.00   -6.176569838    2.685300823    0.384937212
   6  O1      8.00   -5.732106254    9.977753938    2.847061379
   7  H5      1.00   -6.497256361    9.507023160    1.238715475
   8  H6      1.00   -4.013967261    9.251343215    2.814558090
   9  O2      0.00   -7.075890501    0.749465381   -4.723937366
  10  H7      0.00   -8.725621408    0.873242442   -3.820459306
  11  H8      0.00   -7.500134016    0.238294464   -6.423179097

 Bond lengths in Bohr (Angstrom)

 1-2  2.021904040  1-3  2.022002335  1-4  2.021953343  1-5  2.022015060  6-7  1.842231989
     ( 1.069945541)     ( 1.069997556)     ( 1.069971630)     ( 1.070004290)     ( 0.974867186)

  6- 8  1.865671621   9-10  1.884994809   9-11  1.824472726
       ( 0.987270905)       ( 0.997496296)       ( 0.965469388)

 Bond angles

  2-1-3  109.53398059   2-1-4  109.65604535   2-1-5  108.43490854   3-1-4  109.49436728

  3- 1- 5  109.86987750   4- 1- 5  109.83468330   7- 6- 8  105.53314040  10- 9-11  105.14667399

 NUCLEAR CHARGE:                   10
 NUMBER OF PRIMITIVE AOS:         417
 NUMBER OF SYMMETRY AOS:          374
 NUMBER OF CONTRACTIONS:          322   ( 322A   )
 NUMBER OF CORE ORBITALS:           1   (   1A   )
 NUMBER OF VALENCE ORBITALS:        6   (   6A   )

 MOLECULE CHANGED: INITIALIZING OCCUPATION AND DUMP RECORDS


 NUCLEAR REPULSION ENERGY    8.96929098


 Eigenvalues of metric

         1 0.381E-04 0.487E-04 0.785E-04 0.953E-04 0.315E-03 0.325E-03 0.332E-03 0.378E-03


 Contracted 2-electron integrals neglected if value below      1.0D-19

 OPERATOR DM      FOR CENTER  0  COORDINATES:    0.000000    0.000000    0.000000


 **********************************************************************************************************************************
 DATASETS  * FILE   NREC   LENGTH (MB)   RECORD NAMES
              1      19     8247.82       500      610      700      900      950      970     1000      129      960     1100   
                                          VAR    BASINP    GEOM    SYMINP    ZMAT    AOBASIS   BASIS     P2S    ABASIS      S 
                                         1400     1410     1200     1210     1080     1600     1650     1300     1700   
                                           T        V       H0       H01     AOSYM     SMH    MOLCAS    ERIS     OPER   

              2       6       13.52       200      700     1000      520     2100     2101   
                                        OPTIONS   GEOM     BASIS   MCVARS     RHF      RHF  

 PROGRAMS   *        TOTAL       INT       MP4        HF       INT       MP4        HF       INT
 CPU TIMES  *      2210.69      0.10    121.10    126.69      0.13   1720.68    173.18     68.64
 REAL TIME  *      2756.69 SEC
 DISK USED  *        23.21 GB      
 **********************************************************************************************************************************


 PROGRAM * RHF-SCF (CLOSED SHELL)       Authors: W. Meyer, H.-J. Werner


 NUMBER OF ELECTRONS:       5+    5-    SPACE SYMMETRY=1    SPIN SYMMETRY: Singlet 
 CONVERGENCE THRESHOLDS:    1.00E-08 (Density)    1.00E-09 (Energy)
 MAX. NUMBER OF ITERATIONS:       60
 INTERPOLATION TYPE:            DIIS
 INTERPOLATION STEPS:              2 (START)      1 (STEP)
 LEVEL SHIFTS:                  0.00 (CLOSED)  0.00 (OPEN) 



 Orbital guess generated from atomic densities. Full valence occupancy:    7

 Molecular orbital dump at record        2102.2

 Initial occupancy:   5

 ITERATION    DDIFF          GRAD             ENERGY        2-EL.EN.            DIPOLE MOMENTS         DIIS   ORB.
    1      0.000D+00      0.000D+00       -76.01970621     77.339352    0.49240   -0.61460   -0.83951    0    start
    2      0.000D+00      0.539D-02       -76.04631307     73.699366    0.28262   -0.35648   -0.48936    1    diag
    3      0.319D-02      0.345D-02       -76.05775842     75.310591    0.33390   -0.42037   -0.57655    2    diag
    4      0.116D-02      0.317D-03       -76.05795112     75.221115    0.33123   -0.41776   -0.57348    3    diag
    5      0.147D-03      0.887D-04       -76.05797157     75.235324    0.33019   -0.41676   -0.57232    4    diag
    6      0.472D-04      0.174D-04       -76.05797286     75.234419    0.32994   -0.41656   -0.57211    5    diag
    7      0.121D-04      0.346D-05       -76.05797292     75.234549    0.32986   -0.41649   -0.57202    6    diag
    8      0.317D-05      0.636D-06       -76.05797292     75.234534    0.32984   -0.41647   -0.57199    7    diag
    9      0.551D-06      0.823D-07       -76.05797292     75.234524    0.32984   -0.41646   -0.57199    8    diag
   10      0.725D-07      0.205D-07       -76.05797292     75.234528    0.32984   -0.41646   -0.57199    9    orth
   11      0.172D-07      0.382D-08       -76.05797292     75.234527    0.32984   -0.41646   -0.57199    9    diag
   12      0.356D-08      0.642D-09       -76.05797292     75.234527    0.32984   -0.41646   -0.57199    0    orth

 Final occupancy:   5

 !RHF STATE 1.1 Energy                -76.057972922650
 Nuclear energy                         8.96929098
 One-electron energy                 -122.64452759
 Two-electron energy                   37.61726369
 Virial quotient                       -1.00252772
 !RHF STATE 1.1 Dipole moment           0.32984146    -0.41646422    -0.57199030
 Dipole moment /Debye                   0.83831845    -1.05847712    -1.45375911

 Orbital energies:

         1.1          2.1          3.1          4.1          5.1          6.1          7.1
    -20.570796    -1.340919    -0.706812    -0.578347    -0.508126     0.016532     0.034133

 HOMO      5.1    -0.508126 =     -13.8268eV
 LUMO      6.1     0.016532 =       0.4498eV
 LUMO-HOMO         0.524657 =      14.2767eV


 **********************************************************************************************************************************
 DATASETS  * FILE   NREC   LENGTH (MB)   RECORD NAMES
              1      19     8247.82       500      610      700      900      950      970     1000      129      960     1100   
                                          VAR    BASINP    GEOM    SYMINP    ZMAT    AOBASIS   BASIS     P2S    ABASIS      S 
                                         1400     1410     1200     1210     1080     1600     1650     1300     1700   
                                           T        V       H0       H01     AOSYM     SMH    MOLCAS    ERIS     OPER   

              2       7       20.17       200      700     1000      520     2100     2101     2102   
                                        OPTIONS   GEOM     BASIS   MCVARS     RHF      RHF      RHF  

 PROGRAMS   *        TOTAL        HF       INT       MP4        HF       INT       MP4        HF       INT
 CPU TIMES  *      2360.42    149.73      0.10    121.10    126.69      0.13   1720.68    173.18     68.64
 REAL TIME  *      2998.38 SEC
 DISK USED  *        23.21 GB      
 **********************************************************************************************************************************
 SETTING ESCF_B         =       -76.05797292  AU                              


 PROGRAM * MP4 (Closed-shell)     Authors: C. Hampel, H.-J. Werner, 1991, M. Deegan, P.J. Knowles, 1992


 Convergence thresholds:  THRVAR = 1.00D-08  THRDEN = 1.00D-08

 MP4(T)     terms to be evaluated (factor= 0.000)


 Number of core orbitals:           1 (   1 )
 Number of closed-shell orbitals:   4 (   4 )
 Number of external orbitals:     317 ( 317 )

 Molecular orbitals read from record     2102.2  Type=RHF/CANONICAL (state 1.1)

 Number of N-1 electron functions:               4
 Number of N-2 electron functions:              10
 Number of singly external CSFs:              1268
 Number of doubly external CSFs:            804546
 Total number of CSFs:                      805815

 Length of J-op  integral file:               0.00 MB
 Length of K-op  integral file:               7.17 MB

 Memory could be reduced to 210.42 Mwords without degradation in triples

 Integral transformation finished. Total CPU:  26.59 sec, npass=  1  Memory used:  87.59 MW

 Reference energy:                    -76.05797292

                        CORR.ENERGY   TOTAL ENERGY   ENERGY CHANGE
 MP2:                   -0.27035794   -76.32833087    -0.27035794

 SCS-MP2 correlation energy:           -0.26760557   (PS=  1.200000  PT=  0.333333)
 SCS-MP2 total energy:                -76.32557849

 MP3(D):                -0.27258851   -76.33056143    -0.00223057
 MP4(DQ):               -0.27335110   -76.33132403    -0.00076259
 MP4(SDQ):              -0.27534855   -76.33332148    -0.00199745

 Norm of t1 vector:      0.03516622      S-energy:    -0.00199745      T1 diagnostic:  0.00879156

 Total CPU time for triples:     77.70 sec


 RESULTS
 =======

  Reference energy                    -76.057972922649
  MP4(SDQ) singlet pair energy         -0.182920061908
  MP4(SDQ) triplet pair energy         -0.090431041030
  MP4(SDQ) correlation energy          -0.275348552957

  Triples contribution                 -0.009801166194
  Total correlation energy             -0.285149719151

  MP4(SDQ) total energy               -76.333321475606
 !MP4(SDTQ) total energy              -76.343122641800

 Timing summary (sec):

 STEP                 CPU(USER)    SYS     CPU(TOT)    WALL
 Transformation         26.71      8.37     35.08     48.24
 CCSD iterations        16.70      6.77     23.47     36.10
 Triples                77.70      1.51     79.21     79.22

 Program statistics:

 Available memory in ccsd:             13999999836
 Min. memory needed in ccsd:               3677238
 Max. memory used in ccsd:                 4267372
 Max. memory used in cckext:               2832301 ( 1 integral passes)



 **********************************************************************************************************************************
 DATASETS  * FILE   NREC   LENGTH (MB)   RECORD NAMES
              1      20     8773.25       500      610      700      900      950      970     1000      129      960     1100   
                                          VAR    BASINP    GEOM    SYMINP    ZMAT    AOBASIS   BASIS     P2S    ABASIS      S 
                                         1400     1410     1200     1210     1080     1600     1650     1300     1700     1380   
                                           T        V       H0       H01     AOSYM     SMH    MOLCAS    ERIS     OPER     JKOP   

              2       7       20.17       200      700     1000      520     2100     2101     2102   
                                        OPTIONS   GEOM     BASIS   MCVARS     RHF      RHF      RHF  

 PROGRAMS   *        TOTAL       MP4        HF       INT       MP4        HF       INT       MP4        HF       INT
 CPU TIMES  *      2481.55    121.14    149.73      0.10    121.10    126.69      0.13   1720.68    173.18     68.64
 REAL TIME  *      3162.01 SEC
 DISK USED  *        23.21 GB      
 **********************************************************************************************************************************
 SETTING EMP4_B         =       -76.34312264  AU                              
 SETTING EMP4_CORR_B    =        -0.28514972  AU                              

 Running procedure=SET_MONOMERC

 Dummy atoms: C1  H1  H2  H3  H4  O1  H5  H6


 Recomputing one-electron integrals since nuclear charges changed


 PROGRAM * SEWARD (Integral evaluation for generally contracted gaussian basis sets)     Author: Roland Lindh, 1990

 Geometry written to block  1 of record 700


 Point group  C1  



 ATOMIC COORDINATES

 NR  ATOM    CHARGE       X              Y              Z

   1  C1      0.00   -6.193010455    2.801518980    2.403542658
   2  H1      0.00   -4.656285171    1.699997622    3.119937832
   3  H2      0.00   -5.973046335    4.726205038    2.982932688
   4  H3      0.00   -7.940251230    2.077186956    3.118237078
   5  H4      0.00   -6.176569838    2.685300823    0.384937212
   6  O1      0.00   -5.732106254    9.977753938    2.847061379
   7  H5      0.00   -6.497256361    9.507023160    1.238715475
   8  H6      0.00   -4.013967261    9.251343215    2.814558090
   9  O2      8.00   -7.075890501    0.749465381   -4.723937366
  10  H7      1.00   -8.725621408    0.873242442   -3.820459306
  11  H8      1.00   -7.500134016    0.238294464   -6.423179097

 Bond lengths in Bohr (Angstrom)

 1-2  2.021904040  1-3  2.022002335  1-4  2.021953343  1-5  2.022015060  6-7  1.842231989
     ( 1.069945541)     ( 1.069997556)     ( 1.069971630)     ( 1.070004290)     ( 0.974867186)

  6- 8  1.865671621   9-10  1.884994809   9-11  1.824472726
       ( 0.987270905)       ( 0.997496296)       ( 0.965469388)

 Bond angles

  2-1-3  109.53398059   2-1-4  109.65604535   2-1-5  108.43490854   3-1-4  109.49436728

  3- 1- 5  109.86987750   4- 1- 5  109.83468330   7- 6- 8  105.53314040  10- 9-11  105.14667399

 NUCLEAR CHARGE:                   10
 NUMBER OF PRIMITIVE AOS:         417
 NUMBER OF SYMMETRY AOS:          374
 NUMBER OF CONTRACTIONS:          322   ( 322A   )
 NUMBER OF CORE ORBITALS:           1   (   1A   )
 NUMBER OF VALENCE ORBITALS:        6   (   6A   )

 MOLECULE CHANGED: INITIALIZING OCCUPATION AND DUMP RECORDS


 NUCLEAR REPULSION ENERGY    8.96831117


 Eigenvalues of metric

         1 0.381E-04 0.487E-04 0.785E-04 0.953E-04 0.315E-03 0.325E-03 0.332E-03 0.378E-03


 Contracted 2-electron integrals neglected if value below      1.0D-19

 OPERATOR DM      FOR CENTER  0  COORDINATES:    0.000000    0.000000    0.000000


 **********************************************************************************************************************************
 DATASETS  * FILE   NREC   LENGTH (MB)   RECORD NAMES
              1      19     8247.82       500      610      700      900      950      970     1000      129      960     1100   
                                          VAR    BASINP    GEOM    SYMINP    ZMAT    AOBASIS   BASIS     P2S    ABASIS      S 
                                         1400     1410     1200     1210     1080     1600     1650     1300     1700   
                                           T        V       H0       H01     AOSYM     SMH    MOLCAS    ERIS     OPER   

              2       7       20.17       200      700     1000      520     2100     2101     2102   
                                        OPTIONS   GEOM     BASIS   MCVARS     RHF      RHF      RHF  

 PROGRAMS   *        TOTAL       INT       MP4        HF       INT       MP4        HF       INT       MP4        HF       INT
 CPU TIMES  *      2481.67      0.10    121.14    149.73      0.10    121.10    126.69      0.13   1720.68    173.18     68.64
 REAL TIME  *      3162.44 SEC
 DISK USED  *        23.21 GB      
 **********************************************************************************************************************************


 PROGRAM * RHF-SCF (CLOSED SHELL)       Authors: W. Meyer, H.-J. Werner


 NUMBER OF ELECTRONS:       5+    5-    SPACE SYMMETRY=1    SPIN SYMMETRY: Singlet 
 CONVERGENCE THRESHOLDS:    1.00E-08 (Density)    1.00E-09 (Energy)
 MAX. NUMBER OF ITERATIONS:       60
 INTERPOLATION TYPE:            DIIS
 INTERPOLATION STEPS:              2 (START)      1 (STEP)
 LEVEL SHIFTS:                  0.00 (CLOSED)  0.00 (OPEN) 



 Orbital guess generated from atomic densities. Full valence occupancy:    7

 Molecular orbital dump at record        2103.2

 Initial occupancy:   5

 ITERATION    DDIFF          GRAD             ENERGY        2-EL.EN.            DIPOLE MOMENTS         DIIS   ORB.
    1      0.000D+00      0.000D+00       -76.01912623     77.337108   -1.06821   -0.19638   -0.39862    0    start
    2      0.000D+00      0.539D-02       -76.04580696     73.691503   -0.61496   -0.11593   -0.23979    1    diag
    3      0.320D-02      0.345D-02       -76.05730999     75.305933   -0.72663   -0.13637   -0.28111    2    diag
    4      0.117D-02      0.318D-03       -76.05750420     75.216416   -0.72137   -0.13597   -0.28119    3    diag
    5      0.151D-03      0.894D-04       -76.05752506     75.230718   -0.71934   -0.13584   -0.28127    4    diag
    6      0.500D-04      0.176D-04       -76.05752639     75.229797   -0.71889   -0.13583   -0.28138    5    diag
    7      0.126D-04      0.352D-05       -76.05752645     75.229925   -0.71874   -0.13583   -0.28140    6    diag
    8      0.331D-05      0.640D-06       -76.05752645     75.229909   -0.71870   -0.13582   -0.28139    7    diag
    9      0.568D-06      0.834D-07       -76.05752645     75.229900   -0.71870   -0.13582   -0.28139    8    diag
   10      0.721D-07      0.216D-07       -76.05752645     75.229903   -0.71870   -0.13582   -0.28139    9    orth
   11      0.177D-07      0.489D-08       -76.05752645     75.229903   -0.71870   -0.13582   -0.28139    9    diag
   12      0.467D-08      0.955D-09       -76.05752645     75.229903   -0.71870   -0.13582   -0.28139    0    orth

 Final occupancy:   5

 !RHF STATE 1.1 Energy                -76.057526451022
 Nuclear energy                         8.96831117
 One-electron energy                 -122.64078888
 Two-electron energy                   37.61495126
 Virial quotient                       -1.00251624
 !RHF STATE 1.1 Dipole moment          -0.71869525    -0.13582070    -0.28139085
 Dipole moment /Debye                  -1.82662147    -0.34519919    -0.71517735

 Orbital energies:

         1.1          2.1          3.1          4.1          5.1          6.1          7.1
    -20.571045    -1.341209    -0.705999    -0.578972    -0.508219     0.020542     0.034920

 HOMO      5.1    -0.508219 =     -13.8294eV
 LUMO      6.1     0.020542 =       0.5590eV
 LUMO-HOMO         0.528761 =      14.3883eV


 **********************************************************************************************************************************
 DATASETS  * FILE   NREC   LENGTH (MB)   RECORD NAMES
              1      19     8247.82       500      610      700      900      950      970     1000      129      960     1100   
                                          VAR    BASINP    GEOM    SYMINP    ZMAT    AOBASIS   BASIS     P2S    ABASIS      S 
                                         1400     1410     1200     1210     1080     1600     1650     1300     1700   
                                           T        V       H0       H01     AOSYM     SMH    MOLCAS    ERIS     OPER   

              2       8       26.83       200      700     1000      520     2100     2101     2102     2103   
                                        OPTIONS   GEOM     BASIS   MCVARS     RHF      RHF      RHF      RHF  

 PROGRAMS   *        TOTAL        HF       INT       MP4        HF       INT       MP4        HF       INT       MP4        HF
 CPU TIMES  *      2631.64    149.98      0.10    121.14    149.73      0.10    121.10    126.69      0.13   1720.68    173.18
 REAL TIME  *      3399.65 SEC
 DISK USED  *        23.21 GB      
 **********************************************************************************************************************************
 SETTING ESCF_C         =       -76.05752645  AU                              


 PROGRAM * MP4 (Closed-shell)     Authors: C. Hampel, H.-J. Werner, 1991, M. Deegan, P.J. Knowles, 1992


 Convergence thresholds:  THRVAR = 1.00D-08  THRDEN = 1.00D-08

 MP4(T)     terms to be evaluated (factor= 0.000)


 Number of core orbitals:           1 (   1 )
 Number of closed-shell orbitals:   4 (   4 )
 Number of external orbitals:     317 ( 317 )

 Molecular orbitals read from record     2103.2  Type=RHF/CANONICAL (state 1.1)

 Number of N-1 electron functions:               4
 Number of N-2 electron functions:              10
 Number of singly external CSFs:              1268
 Number of doubly external CSFs:            804546
 Total number of CSFs:                      805815

 Length of J-op  integral file:               0.00 MB
 Length of K-op  integral file:               7.17 MB

 Memory could be reduced to 210.42 Mwords without degradation in triples

 Integral transformation finished. Total CPU:  26.62 sec, npass=  1  Memory used:  87.59 MW

 Reference energy:                    -76.05752645

                        CORR.ENERGY   TOTAL ENERGY   ENERGY CHANGE
 MP2:                   -0.27035236   -76.32787882    -0.27035236

 SCS-MP2 correlation energy:           -0.26759247   (PS=  1.200000  PT=  0.333333)
 SCS-MP2 total energy:                -76.32511893

 MP3(D):                -0.27257372   -76.33010017    -0.00222136
 MP4(DQ):               -0.27333966   -76.33086611    -0.00076593
 MP4(SDQ):              -0.27534191   -76.33286836    -0.00200225

 Norm of t1 vector:      0.03525238      S-energy:    -0.00200225      T1 diagnostic:  0.00881310

 Total CPU time for triples:     77.70 sec


 RESULTS
 =======

  Reference energy                    -76.057526451022
  MP4(SDQ) singlet pair energy         -0.182904972444
  MP4(SDQ) triplet pair energy         -0.090434682947
  MP4(SDQ) correlation energy          -0.275341906118

  Triples contribution                 -0.009802133347
  Total correlation energy             -0.285144039465

  MP4(SDQ) total energy               -76.332868357140
 !MP4(SDTQ) total energy              -76.342670490487

 Timing summary (sec):

 STEP                 CPU(USER)    SYS     CPU(TOT)    WALL
 Transformation         26.72      8.50     35.22     35.28
 CCSD iterations        16.75      6.85     23.60     49.62
 Triples                77.70      1.54     79.24     79.26

 Program statistics:

 Available memory in ccsd:             13999999836
 Min. memory needed in ccsd:               3677238
 Max. memory used in ccsd:                 4267372
 Max. memory used in cckext:               2832301 ( 1 integral passes)



 **********************************************************************************************************************************
 DATASETS  * FILE   NREC   LENGTH (MB)   RECORD NAMES
              1      20     8773.25       500      610      700      900      950      970     1000      129      960     1100   
                                          VAR    BASINP    GEOM    SYMINP    ZMAT    AOBASIS   BASIS     P2S    ABASIS      S 
                                         1400     1410     1200     1210     1080     1600     1650     1300     1700     1380   
                                           T        V       H0       H01     AOSYM     SMH    MOLCAS    ERIS     OPER     JKOP   

              2       8       26.83       200      700     1000      520     2100     2101     2102     2103   
                                        OPTIONS   GEOM     BASIS   MCVARS     RHF      RHF      RHF      RHF  

 PROGRAMS   *        TOTAL       MP4        HF       INT       MP4        HF       INT       MP4        HF       INT       MP4
 CPU TIMES  *      2752.84    121.20    149.98      0.10    121.14    149.73      0.10    121.10    126.69      0.13   1720.68
 REAL TIME  *      3563.91 SEC
 DISK USED  *        23.21 GB      
 **********************************************************************************************************************************
 SETTING EMP4_C         =       -76.34267049  AU                              
 SETTING EMP4_CORR_C    =        -0.28514404  AU                              

 Running procedure=SET_DIMERAB

 Dummy atoms: O2  H7  H8


 Recomputing one-electron integrals since nuclear charges changed


 PROGRAM * SEWARD (Integral evaluation for generally contracted gaussian basis sets)     Author: Roland Lindh, 1990

 Geometry written to block  1 of record 700


 Point group  C1  



 ATOMIC COORDINATES

 NR  ATOM    CHARGE       X              Y              Z

   1  C1      6.00   -6.193010455    2.801518980    2.403542658
   2  H1      1.00   -4.656285171    1.699997622    3.119937832
   3  H2      1.00   -5.973046335    4.726205038    2.982932688
   4  H3      1.00   -7.940251230    2.077186956    3.118237078
   5  H4      1.00   -6.176569838    2.685300823    0.384937212
   6  O1      8.00   -5.732106254    9.977753938    2.847061379
   7  H5      1.00   -6.497256361    9.507023160    1.238715475
   8  H6      1.00   -4.013967261    9.251343215    2.814558090
   9  O2      0.00   -7.075890501    0.749465381   -4.723937366
  10  H7      0.00   -8.725621408    0.873242442   -3.820459306
  11  H8      0.00   -7.500134016    0.238294464   -6.423179097

 Bond lengths in Bohr (Angstrom)

 1-2  2.021904040  1-3  2.022002335  1-4  2.021953343  1-5  2.022015060  6-7  1.842231989
     ( 1.069945541)     ( 1.069997556)     ( 1.069971630)     ( 1.070004290)     ( 0.974867186)

  6- 8  1.865671621   9-10  1.884994809   9-11  1.824472726
       ( 0.987270905)       ( 0.997496296)       ( 0.965469388)

 Bond angles

  2-1-3  109.53398059   2-1-4  109.65604535   2-1-5  108.43490854   3-1-4  109.49436728

  3- 1- 5  109.86987750   4- 1- 5  109.83468330   7- 6- 8  105.53314040  10- 9-11  105.14667399

 NUCLEAR CHARGE:                   20
 NUMBER OF PRIMITIVE AOS:         417
 NUMBER OF SYMMETRY AOS:          374
 NUMBER OF CONTRACTIONS:          322   ( 322A   )
 NUMBER OF CORE ORBITALS:           2   (   2A   )
 NUMBER OF VALENCE ORBITALS:       14   (  14A   )

 MOLECULE CHANGED: INITIALIZING OCCUPATION AND DUMP RECORDS


 NUCLEAR REPULSION ENERGY   36.75387538


 Eigenvalues of metric

         1 0.381E-04 0.487E-04 0.785E-04 0.953E-04 0.315E-03 0.325E-03 0.332E-03 0.378E-03


 Contracted 2-electron integrals neglected if value below      1.0D-19

 OPERATOR DM      FOR CENTER  0  COORDINATES:    0.000000    0.000000    0.000000


 **********************************************************************************************************************************
 DATASETS  * FILE   NREC   LENGTH (MB)   RECORD NAMES
              1      19     8247.82       500      610      700      900      950      970     1000      129      960     1100   
                                          VAR    BASINP    GEOM    SYMINP    ZMAT    AOBASIS   BASIS     P2S    ABASIS      S 
                                         1400     1410     1200     1210     1080     1600     1650     1300     1700   
                                           T        V       H0       H01     AOSYM     SMH    MOLCAS    ERIS     OPER   

              2       8       26.83       200      700     1000      520     2100     2101     2102     2103   
                                        OPTIONS   GEOM     BASIS   MCVARS     RHF      RHF      RHF      RHF  

 PROGRAMS   *        TOTAL       INT       MP4        HF       INT       MP4        HF       INT       MP4        HF       INT
 CPU TIMES  *      2752.95      0.10    121.20    149.98      0.10    121.14    149.73      0.10    121.10    126.69      0.13
 REAL TIME  *      3564.70 SEC
 DISK USED  *        23.21 GB      
 **********************************************************************************************************************************


 PROGRAM * RHF-SCF (CLOSED SHELL)       Authors: W. Meyer, H.-J. Werner


 NUMBER OF ELECTRONS:      10+   10-    SPACE SYMMETRY=1    SPIN SYMMETRY: Singlet 
 CONVERGENCE THRESHOLDS:    1.00E-08 (Density)    1.00E-09 (Energy)
 MAX. NUMBER OF ITERATIONS:       60
 INTERPOLATION TYPE:            DIIS
 INTERPOLATION STEPS:              2 (START)      1 (STEP)
 LEVEL SHIFTS:                  0.00 (CLOSED)  0.00 (OPEN) 



 Orbital guess generated from atomic densities. Full valence occupancy:   16

 Molecular orbital dump at record        2104.2

 Initial occupancy:  10

 ITERATION    DDIFF          GRAD             ENERGY        2-EL.EN.            DIPOLE MOMENTS         DIIS   ORB.
    1      0.000D+00      0.000D+00      -116.21330736    158.834771    0.49587   -0.60679   -0.83973    0    start
    2      0.000D+00      0.437D-02      -116.25684266    154.091972    0.26098   -0.35582   -0.45985    1    diag
    3      0.393D-02      0.255D-02      -116.27000273    156.079796    0.32030   -0.41693   -0.55570    2    diag
    4      0.131D-02      0.383D-03      -116.27065569    155.967081    0.31553   -0.40955   -0.54790    3    diag
    5      0.294D-03      0.112D-03      -116.27072377    155.961819    0.31487   -0.40957   -0.54719    4    diag
    6      0.106D-03      0.277D-04      -116.27072777    155.967657    0.31444   -0.40932   -0.54649    5    diag
    7      0.293D-04      0.559D-05      -116.27072802    155.966076    0.31441   -0.40939   -0.54648    6    diag
    8      0.828D-05      0.145D-05      -116.27072804    155.966237    0.31436   -0.40940   -0.54641    7    diag
    9      0.191D-05      0.316D-06      -116.27072804    155.966208    0.31434   -0.40939   -0.54640    8    diag
   10      0.587D-06      0.395D-07      -116.27072804    155.966209    0.31434   -0.40939   -0.54640    9    orth
   11      0.471D-07      0.113D-07      -116.27072804    155.966210    0.31434   -0.40939   -0.54640    9    diag
   12      0.182D-07      0.315D-08      -116.27072804    155.966210    0.31434   -0.40939   -0.54640    9    diag
   13      0.381D-08      0.813D-09      -116.27072804    155.966211    0.31434   -0.40940   -0.54640    0    orth

 Final occupancy:  10

 !RHF STATE 1.1 Energy               -116.270728040347
 Nuclear energy                        36.75387538
 One-electron energy                 -231.00770867
 Two-electron energy                   77.98310525
 Virial quotient                       -1.00113173
 !RHF STATE 1.1 Dipole moment           0.31434178    -0.40939504    -0.54639920
 Dipole moment /Debye                   0.79892478    -1.04051023    -1.38871727

 Orbital energies:

         1.1          2.1          3.1          4.1          5.1          6.1          7.1          8.1          9.1         10.1
    -20.571178   -11.199618    -1.341842    -0.953881    -0.707574    -0.580120    -0.555150    -0.553332    -0.551023    -0.507031

        11.1         12.1
      0.021509     0.036370

 HOMO     10.1    -0.507031 =     -13.7970eV
 LUMO     11.1     0.021509 =       0.5853eV
 LUMO-HOMO         0.528540 =      14.3823eV


 **********************************************************************************************************************************
 DATASETS  * FILE   NREC   LENGTH (MB)   RECORD NAMES
              1      19     8247.82       500      610      700      900      950      970     1000      129      960     1100   
                                          VAR    BASINP    GEOM    SYMINP    ZMAT    AOBASIS   BASIS     P2S    ABASIS      S 
                                         1400     1410     1200     1210     1080     1600     1650     1300     1700   
                                           T        V       H0       H01     AOSYM     SMH    MOLCAS    ERIS     OPER   

              2       9       33.49       200      700     1000      520     2100     2101     2102     2103     2104   
                                        OPTIONS   GEOM     BASIS   MCVARS     RHF      RHF      RHF      RHF      RHF  

 PROGRAMS   *        TOTAL        HF       INT       MP4        HF       INT       MP4        HF       INT       MP4        HF
 CPU TIMES  *      2914.39    161.44      0.10    121.20    149.98      0.10    121.14    149.73      0.10    121.10    126.69
 REAL TIME  *      3820.52 SEC
 DISK USED  *        23.21 GB      
 **********************************************************************************************************************************
 SETTING ESCF_AB        =      -116.27072804  AU                              


 PROGRAM * MP4 (Closed-shell)     Authors: C. Hampel, H.-J. Werner, 1991, M. Deegan, P.J. Knowles, 1992


 Convergence thresholds:  THRVAR = 1.00D-08  THRDEN = 1.00D-08

 MP4(T)     terms to be evaluated (factor= 0.000)


 Number of core orbitals:           2 (   2 )
 Number of closed-shell orbitals:   8 (   8 )
 Number of external orbitals:     312 ( 312 )

 Molecular orbitals read from record     2104.2  Type=RHF/CANONICAL (state 1.1)

 Number of N-1 electron functions:               8
 Number of N-2 electron functions:              36
 Number of singly external CSFs:              2496
 Number of doubly external CSFs:           3116256
 Total number of CSFs:                     3118753

 Length of J-op  integral file:               0.00 MB
 Length of K-op  integral file:               7.17 MB

 Memory could be reduced to 328.30 Mwords without degradation in triples

 Integral transformation finished. Total CPU:  43.91 sec, npass=  1  Memory used: 159.25 MW

 Reference energy:                   -116.27072804

                        CORR.ENERGY   TOTAL ENERGY   ENERGY CHANGE
 MP2:                   -0.47190953  -116.74263757    -0.47190953

 SCS-MP2 correlation energy:           -0.47720760   (PS=  1.200000  PT=  0.333333)
 SCS-MP2 total energy:               -116.74793564

 MP3(D):                -0.49222919  -116.76295723    -0.02031966
 MP4(DQ):               -0.49363087  -116.76435891    -0.00140168
 MP4(SDQ):              -0.49659772  -116.76732576    -0.00296685

 Norm of t1 vector:      0.04306747      S-energy:    -0.00296685      T1 diagnostic:  0.00761332


 Total CPU time for triples:    531.97 sec


 RESULTS
 =======

  Reference energy                   -116.270728040347
  MP4(SDQ) singlet pair energy         -0.347639487237
  MP4(SDQ) triplet pair energy         -0.145991381694
  MP4(SDQ) correlation energy          -0.496597721033

  Triples contribution                 -0.015893766509
  Total correlation energy             -0.512491487542

  MP4(SDQ) total energy              -116.767325761380
 !MP4(SDTQ) total energy             -116.783219527889

 Timing summary (sec):

 STEP                 CPU(USER)    SYS     CPU(TOT)    WALL
 Transformation         44.25     10.40     54.65     54.85
 CCSD iterations        36.72      6.80     43.52     55.83
 Triples               531.97     10.75    542.72    542.73

 Program statistics:

 Available memory in ccsd:             13999999644
 Min. memory needed in ccsd:               9187353
 Max. memory used in ccsd:                11873417
 Max. memory used in cckext:               8287581 ( 1 integral passes)



 **********************************************************************************************************************************
 DATASETS  * FILE   NREC   LENGTH (MB)   RECORD NAMES
              1      20     9269.41       500      610      700      900      950      970     1000      129      960     1100   
                                          VAR    BASINP    GEOM    SYMINP    ZMAT    AOBASIS   BASIS     P2S    ABASIS      S 
                                         1400     1410     1200     1210     1080     1600     1650     1300     1700     1380   
                                           T        V       H0       H01     AOSYM     SMH    MOLCAS    ERIS     OPER     JKOP   

              2       9       33.49       200      700     1000      520     2100     2101     2102     2103     2104   
                                        OPTIONS   GEOM     BASIS   MCVARS     RHF      RHF      RHF      RHF      RHF  

 PROGRAMS   *        TOTAL       MP4        HF       INT       MP4        HF       INT       MP4        HF       INT       MP4
 CPU TIMES  *      3527.36    612.97    161.44      0.10    121.20    149.98      0.10    121.14    149.73      0.10    121.10
 REAL TIME  *      4474.04 SEC
 DISK USED  *        23.21 GB      
 **********************************************************************************************************************************
 SETTING EMP4_AB        =      -116.78321953  AU                              
 SETTING EMP4_CORR_AB   =        -0.51249149  AU                              

 Running procedure=SET_DIMERAC

 Dummy atoms: O1  H5  H6


 Recomputing one-electron integrals since nuclear charges changed


 PROGRAM * SEWARD (Integral evaluation for generally contracted gaussian basis sets)     Author: Roland Lindh, 1990

 Geometry written to block  1 of record 700


 Point group  C1  



 ATOMIC COORDINATES

 NR  ATOM    CHARGE       X              Y              Z

   1  C1      6.00   -6.193010455    2.801518980    2.403542658
   2  H1      1.00   -4.656285171    1.699997622    3.119937832
   3  H2      1.00   -5.973046335    4.726205038    2.982932688
   4  H3      1.00   -7.940251230    2.077186956    3.118237078
   5  H4      1.00   -6.176569838    2.685300823    0.384937212
   6  O1      0.00   -5.732106254    9.977753938    2.847061379
   7  H5      0.00   -6.497256361    9.507023160    1.238715475
   8  H6      0.00   -4.013967261    9.251343215    2.814558090
   9  O2      8.00   -7.075890501    0.749465381   -4.723937366
  10  H7      1.00   -8.725621408    0.873242442   -3.820459306
  11  H8      1.00   -7.500134016    0.238294464   -6.423179097

 Bond lengths in Bohr (Angstrom)

 1-2  2.021904040  1-3  2.022002335  1-4  2.021953343  1-5  2.022015060  6-7  1.842231989
     ( 1.069945541)     ( 1.069997556)     ( 1.069971630)     ( 1.070004290)     ( 0.974867186)

  6- 8  1.865671621   9-10  1.884994809   9-11  1.824472726
       ( 0.987270905)       ( 0.997496296)       ( 0.965469388)

 Bond angles

  2-1-3  109.53398059   2-1-4  109.65604535   2-1-5  108.43490854   3-1-4  109.49436728

  3- 1- 5  109.86987750   4- 1- 5  109.83468330   7- 6- 8  105.53314040  10- 9-11  105.14667399

 NUCLEAR CHARGE:                   20
 NUMBER OF PRIMITIVE AOS:         417
 NUMBER OF SYMMETRY AOS:          374
 NUMBER OF CONTRACTIONS:          322   ( 322A   )
 NUMBER OF CORE ORBITALS:           2   (   2A   )
 NUMBER OF VALENCE ORBITALS:       14   (  14A   )

 MOLECULE CHANGED: INITIALIZING OCCUPATION AND DUMP RECORDS


 NUCLEAR REPULSION ENERGY   35.92323390


 Eigenvalues of metric

         1 0.381E-04 0.487E-04 0.785E-04 0.953E-04 0.315E-03 0.325E-03 0.332E-03 0.378E-03


 Contracted 2-electron integrals neglected if value below      1.0D-19

 OPERATOR DM      FOR CENTER  0  COORDINATES:    0.000000    0.000000    0.000000


 **********************************************************************************************************************************
 DATASETS  * FILE   NREC   LENGTH (MB)   RECORD NAMES
              1      19     8247.82       500      610      700      900      950      970     1000      129      960     1100   
                                          VAR    BASINP    GEOM    SYMINP    ZMAT    AOBASIS   BASIS     P2S    ABASIS      S 
                                         1400     1410     1200     1210     1080     1600     1650     1300     1700   
                                           T        V       H0       H01     AOSYM     SMH    MOLCAS    ERIS     OPER   

              2       9       33.49       200      700     1000      520     2100     2101     2102     2103     2104   
                                        OPTIONS   GEOM     BASIS   MCVARS     RHF      RHF      RHF      RHF      RHF  

 PROGRAMS   *        TOTAL       INT       MP4        HF       INT       MP4        HF       INT       MP4        HF       INT
 CPU TIMES  *      3527.48      0.12    612.97    161.44      0.10    121.20    149.98      0.10    121.14    149.73      0.10
 REAL TIME  *      4474.64 SEC
 DISK USED  *        23.21 GB      
 **********************************************************************************************************************************


 PROGRAM * RHF-SCF (CLOSED SHELL)       Authors: W. Meyer, H.-J. Werner


 NUMBER OF ELECTRONS:      10+   10-    SPACE SYMMETRY=1    SPIN SYMMETRY: Singlet 
 CONVERGENCE THRESHOLDS:    1.00E-08 (Density)    1.00E-09 (Energy)
 MAX. NUMBER OF ITERATIONS:       60
 INTERPOLATION TYPE:            DIIS
 INTERPOLATION STEPS:              2 (START)      1 (STEP)
 LEVEL SHIFTS:                  0.00 (CLOSED)  0.00 (OPEN) 



 Orbital guess generated from atomic densities. Full valence occupancy:   16

 Molecular orbital dump at record        2105.2

 Initial occupancy:  10

 ITERATION    DDIFF          GRAD             ENERGY        2-EL.EN.            DIPOLE MOMENTS         DIIS   ORB.
    1      0.000D+00      0.000D+00      -116.21312578    157.492813   -1.06347   -0.20048   -0.40398    0    start
    2      0.000D+00      0.438D-02      -116.25674167    152.519172   -0.58245   -0.12745   -0.28509    1    diag
    3      0.395D-02      0.258D-02      -116.27012599    154.576047   -0.70403   -0.14574   -0.31750    2    diag
    4      0.132D-02      0.381D-03      -116.27077798    154.464067   -0.69337   -0.14381   -0.31488    3    diag
    5      0.295D-03      0.112D-03      -116.27084538    154.459075   -0.69261   -0.14372   -0.31551    4    diag
    6      0.107D-03      0.273D-04      -116.27084920    154.464925   -0.69173   -0.14355   -0.31539    5    diag
    7      0.297D-04      0.532D-05      -116.27084943    154.463456   -0.69171   -0.14354   -0.31542    6    diag
    8      0.834D-05      0.134D-05      -116.27084945    154.463606   -0.69163   -0.14353   -0.31542    7    diag
    9      0.170D-05      0.305D-06      -116.27084945    154.463581   -0.69161   -0.14352   -0.31542    8    diag
   10      0.556D-06      0.350D-07      -116.27084945    154.463581   -0.69161   -0.14352   -0.31542    9    orth
   11      0.461D-07      0.855D-08      -116.27084945    154.463583   -0.69161   -0.14352   -0.31542    9    diag
   12      0.160D-07      0.218D-08      -116.27084945    154.463583   -0.69161   -0.14352   -0.31542    9    diag
   13      0.290D-08      0.573D-09      -116.27084945    154.463583   -0.69161   -0.14352   -0.31542    0    orth

 Final occupancy:  10

 !RHF STATE 1.1 Energy               -116.270849447614
 Nuclear energy                        35.92323390
 One-electron energy                 -229.42587478
 Two-electron energy                   77.23179144
 Virial quotient                       -1.00116856
 !RHF STATE 1.1 Dipole moment          -0.69160611    -0.14352438    -0.31541639
 Dipole moment /Debye                  -1.75777225    -0.36477869    -0.80165599

 Orbital energies:

         1.1          2.1          3.1          4.1          5.1          6.1          7.1          8.1          9.1         10.1
    -20.572051   -11.191508    -1.342400    -0.945403    -0.707424    -0.580739    -0.545903    -0.544949    -0.541407    -0.509364

        11.1         12.1
      0.024090     0.036810

 HOMO     10.1    -0.509364 =     -13.8605eV
 LUMO     11.1     0.024090 =       0.6555eV
 LUMO-HOMO         0.533454 =      14.5160eV


 **********************************************************************************************************************************
 DATASETS  * FILE   NREC   LENGTH (MB)   RECORD NAMES
              1      19     8247.82       500      610      700      900      950      970     1000      129      960     1100   
                                          VAR    BASINP    GEOM    SYMINP    ZMAT    AOBASIS   BASIS     P2S    ABASIS      S 
                                         1400     1410     1200     1210     1080     1600     1650     1300     1700   
                                           T        V       H0       H01     AOSYM     SMH    MOLCAS    ERIS     OPER   

              2      10       40.14       200      700     1000      520     2100     2101     2102     2103     2104     2105   
                                        OPTIONS   GEOM     BASIS   MCVARS     RHF      RHF      RHF      RHF      RHF      RHF  

 PROGRAMS   *        TOTAL        HF       INT       MP4        HF       INT       MP4        HF       INT       MP4        HF
 CPU TIMES  *      3688.92    161.44      0.12    612.97    161.44      0.10    121.20    149.98      0.10    121.14    149.73
 REAL TIME  *      4749.95 SEC
 DISK USED  *        23.21 GB      
 **********************************************************************************************************************************
 SETTING ESCF_AC        =      -116.27084945  AU                              


 PROGRAM * MP4 (Closed-shell)     Authors: C. Hampel, H.-J. Werner, 1991, M. Deegan, P.J. Knowles, 1992


 Convergence thresholds:  THRVAR = 1.00D-08  THRDEN = 1.00D-08

 MP4(T)     terms to be evaluated (factor= 0.000)


 Number of core orbitals:           2 (   2 )
 Number of closed-shell orbitals:   8 (   8 )
 Number of external orbitals:     312 ( 312 )

 Molecular orbitals read from record     2105.2  Type=RHF/CANONICAL (state 1.1)

 Number of N-1 electron functions:               8
 Number of N-2 electron functions:              36
 Number of singly external CSFs:              2496
 Number of doubly external CSFs:           3116256
 Total number of CSFs:                     3118753

 Length of J-op  integral file:               0.00 MB
 Length of K-op  integral file:               7.17 MB

 Memory could be reduced to 328.30 Mwords without degradation in triples

 Integral transformation finished. Total CPU:  43.90 sec, npass=  1  Memory used: 159.25 MW

 Reference energy:                   -116.27084945

                        CORR.ENERGY   TOTAL ENERGY   ENERGY CHANGE
 MP2:                   -0.47160966  -116.74245911    -0.47160966

 SCS-MP2 correlation energy:           -0.47697835   (PS=  1.200000  PT=  0.333333)
 SCS-MP2 total energy:               -116.74782780

 MP3(D):                -0.49185397  -116.76270342    -0.02024431
 MP4(DQ):               -0.49331237  -116.76416182    -0.00145840
 MP4(SDQ):              -0.49625834  -116.76710779    -0.00294597

 Norm of t1 vector:      0.04282658      S-energy:    -0.00294597      T1 diagnostic:  0.00757074

 Total CPU time for triples:    531.89 sec


 RESULTS
 =======

  Reference energy                   -116.270849447614
  MP4(SDQ) singlet pair energy         -0.347576339845
  MP4(SDQ) triplet pair energy         -0.145736029107
  MP4(SDQ) correlation energy          -0.496258337699

  Triples contribution                 -0.015835293221
  Total correlation energy             -0.512093630919

  MP4(SDQ) total energy              -116.767107785313
 !MP4(SDTQ) total energy             -116.782943078534

 Timing summary (sec):

 STEP                 CPU(USER)    SYS     CPU(TOT)    WALL
 Transformation         44.25     10.47     54.72     88.04
 CCSD iterations        36.64      6.83     43.47     58.52
 Triples               531.89     10.77    542.66    542.66

 Program statistics:

 Available memory in ccsd:             13999999644
 Min. memory needed in ccsd:               9187353
 Max. memory used in ccsd:                11873417
 Max. memory used in cckext:               8287581 ( 1 integral passes)



 **********************************************************************************************************************************
 DATASETS  * FILE   NREC   LENGTH (MB)   RECORD NAMES
              1      20     9269.41       500      610      700      900      950      970     1000      129      960     1100   
                                          VAR    BASINP    GEOM    SYMINP    ZMAT    AOBASIS   BASIS     P2S    ABASIS      S 
                                         1400     1410     1200     1210     1080     1600     1650     1300     1700     1380   
                                           T        V       H0       H01     AOSYM     SMH    MOLCAS    ERIS     OPER     JKOP   

              2      10       40.14       200      700     1000      520     2100     2101     2102     2103     2104     2105   
                                        OPTIONS   GEOM     BASIS   MCVARS     RHF      RHF      RHF      RHF      RHF      RHF  

 PROGRAMS   *        TOTAL       MP4        HF       INT       MP4        HF       INT       MP4        HF       INT       MP4
 CPU TIMES  *      4301.73    612.81    161.44      0.12    612.97    161.44      0.10    121.20    149.98      0.10    121.14
 REAL TIME  *      5439.27 SEC
 DISK USED  *        23.21 GB      
 **********************************************************************************************************************************
 SETTING EMP4_AC        =      -116.78294308  AU                              
 SETTING EMP4_CORR_AC   =        -0.51209363  AU                              

 Running procedure=SET_DIMERBC

 Dummy atoms: C1  H1  H2  H3  H4


 Recomputing one-electron integrals since nuclear charges changed


 PROGRAM * SEWARD (Integral evaluation for generally contracted gaussian basis sets)     Author: Roland Lindh, 1990

 Geometry written to block  1 of record 700


 Point group  C1  



 ATOMIC COORDINATES

 NR  ATOM    CHARGE       X              Y              Z

   1  C1      0.00   -6.193010455    2.801518980    2.403542658
   2  H1      0.00   -4.656285171    1.699997622    3.119937832
   3  H2      0.00   -5.973046335    4.726205038    2.982932688
   4  H3      0.00   -7.940251230    2.077186956    3.118237078
   5  H4      0.00   -6.176569838    2.685300823    0.384937212
   6  O1      8.00   -5.732106254    9.977753938    2.847061379
   7  H5      1.00   -6.497256361    9.507023160    1.238715475
   8  H6      1.00   -4.013967261    9.251343215    2.814558090
   9  O2      8.00   -7.075890501    0.749465381   -4.723937366
  10  H7      1.00   -8.725621408    0.873242442   -3.820459306
  11  H8      1.00   -7.500134016    0.238294464   -6.423179097

 Bond lengths in Bohr (Angstrom)

 1-2  2.021904040  1-3  2.022002335  1-4  2.021953343  1-5  2.022015060  6-7  1.842231989
     ( 1.069945541)     ( 1.069997556)     ( 1.069971630)     ( 1.070004290)     ( 0.974867186)

  6- 8  1.865671621   9-10  1.884994809   9-11  1.824472726
       ( 0.987270905)       ( 0.997496296)       ( 0.965469388)

 Bond angles

  2-1-3  109.53398059   2-1-4  109.65604535   2-1-5  108.43490854   3-1-4  109.49436728

  3- 1- 5  109.86987750   4- 1- 5  109.83468330   7- 6- 8  105.53314040  10- 9-11  105.14667399

 NUCLEAR CHARGE:                   20
 NUMBER OF PRIMITIVE AOS:         417
 NUMBER OF SYMMETRY AOS:          374
 NUMBER OF CONTRACTIONS:          322   ( 322A   )
 NUMBER OF CORE ORBITALS:           2   (   2A   )
 NUMBER OF VALENCE ORBITALS:       12   (  12A   )

 MOLECULE CHANGED: INITIALIZING OCCUPATION AND DUMP RECORDS


 NUCLEAR REPULSION ENERGY   26.31534735


 Eigenvalues of metric

         1 0.381E-04 0.487E-04 0.785E-04 0.953E-04 0.315E-03 0.325E-03 0.332E-03 0.378E-03


 Contracted 2-electron integrals neglected if value below      1.0D-19

 OPERATOR DM      FOR CENTER  0  COORDINATES:    0.000000    0.000000    0.000000


 **********************************************************************************************************************************
 DATASETS  * FILE   NREC   LENGTH (MB)   RECORD NAMES
              1      19     8247.82       500      610      700      900      950      970     1000      129      960     1100   
                                          VAR    BASINP    GEOM    SYMINP    ZMAT    AOBASIS   BASIS     P2S    ABASIS      S 
                                         1400     1410     1200     1210     1080     1600     1650     1300     1700   
                                           T        V       H0       H01     AOSYM     SMH    MOLCAS    ERIS     OPER   

              2      10       40.14       200      700     1000      520     2100     2101     2102     2103     2104     2105   
                                        OPTIONS   GEOM     BASIS   MCVARS     RHF      RHF      RHF      RHF      RHF      RHF  

 PROGRAMS   *        TOTAL       INT       MP4        HF       INT       MP4        HF       INT       MP4        HF       INT
 CPU TIMES  *      4301.85      0.10    612.81    161.44      0.12    612.97    161.44      0.10    121.20    149.98      0.10
 REAL TIME  *      5440.09 SEC
 DISK USED  *        23.21 GB      
 **********************************************************************************************************************************


 PROGRAM * RHF-SCF (CLOSED SHELL)       Authors: W. Meyer, H.-J. Werner


 NUMBER OF ELECTRONS:      10+   10-    SPACE SYMMETRY=1    SPIN SYMMETRY: Singlet 
 CONVERGENCE THRESHOLDS:    1.00E-08 (Density)    1.00E-09 (Energy)
 MAX. NUMBER OF ITERATIONS:       60
 INTERPOLATION TYPE:            DIIS
 INTERPOLATION STEPS:              2 (START)      1 (STEP)
 LEVEL SHIFTS:                  0.00 (CLOSED)  0.00 (OPEN) 



 Orbital guess generated from atomic densities. Full valence occupancy:   14

 Molecular orbital dump at record        2106.2

 Initial occupancy:  10

 ITERATION    DDIFF          GRAD             ENERGY        2-EL.EN.            DIPOLE MOMENTS         DIIS   ORB.
    1      0.000D+00      0.000D+00      -152.03972756    171.378818   -0.57581   -0.81098   -1.23813    0    start
    2      0.000D+00      0.542D-02      -152.09274956    164.134171   -0.33115   -0.48425   -0.73698    1    diag
    3      0.451D-02      0.346D-02      -152.11549151    167.341881   -0.39173   -0.56505   -0.86297    2    diag
    4      0.164D-02      0.319D-03      -152.11587682    167.163849   -0.38908   -0.56205   -0.85997    3    diag
    5      0.210D-03      0.893D-04      -152.11591769    167.192322   -0.38812   -0.56098   -0.85892    4    diag
    6      0.684D-04      0.176D-04      -152.11592027    167.190525   -0.38789   -0.56079   -0.85883    5    diag
    7      0.173D-04      0.352D-05      -152.11592039    167.190791   -0.38786   -0.56070   -0.85875    6    diag
    8      0.450D-05      0.878D-06      -152.11592039    167.190774   -0.38780   -0.56069   -0.85874    7    diag
    9      0.755D-06      0.398D-06      -152.11592040    167.190754   -0.38781   -0.56068   -0.85872    8    diag
   10      0.304D-06      0.477D-07      -152.11592040    167.190749   -0.38781   -0.56068   -0.85872    9    orth
   11      0.580D-07      0.126D-07      -152.11592040    167.190752   -0.38781   -0.56068   -0.85872    9    diag
   12      0.146D-07      0.262D-08      -152.11592040    167.190751   -0.38781   -0.56068   -0.85872    9    diag
   13      0.340D-08      0.654D-09      -152.11592040    167.190751   -0.38781   -0.56068   -0.85872    0    orth

 Final occupancy:  10

 !RHF STATE 1.1 Energy               -152.115920395575
 Nuclear energy                        26.31534735
 One-electron energy                 -262.02664349
 Two-electron energy                   83.59537574
 Virial quotient                       -1.00252824
 !RHF STATE 1.1 Dipole moment          -0.38780948    -0.56067733    -0.85872187
 Dipole moment /Debye                  -0.98564881    -1.42500629    -2.18251032

 Orbital energies:

         1.1          2.1          3.1          4.1          5.1          6.1          7.1          8.1          9.1         10.1
    -20.575204   -20.568008    -1.345394    -1.338168    -0.710185    -0.704099    -0.583279    -0.575712    -0.512460    -0.505438

        11.1         12.1
      0.018954     0.034006

 HOMO     10.1    -0.505438 =     -13.7537eV
 LUMO     11.1     0.018954 =       0.5158eV
 LUMO-HOMO         0.524391 =      14.2694eV


 **********************************************************************************************************************************
 DATASETS  * FILE   NREC   LENGTH (MB)   RECORD NAMES
              1      19     8247.82       500      610      700      900      950      970     1000      129      960     1100   
                                          VAR    BASINP    GEOM    SYMINP    ZMAT    AOBASIS   BASIS     P2S    ABASIS      S 
                                         1400     1410     1200     1210     1080     1600     1650     1300     1700   
                                           T        V       H0       H01     AOSYM     SMH    MOLCAS    ERIS     OPER   

              2      11       46.80       200      700     1000      520     2100     2101     2102     2103     2104     2105   
                                        OPTIONS   GEOM     BASIS   MCVARS     RHF      RHF      RHF      RHF      RHF      RHF  
                                         2106   
                                          RHF  

 PROGRAMS   *        TOTAL        HF       INT       MP4        HF       INT       MP4        HF       INT       MP4        HF
 CPU TIMES  *      4463.43    161.58      0.10    612.81    161.44      0.12    612.97    161.44      0.10    121.20    149.98
 REAL TIME  *      5739.82 SEC
 DISK USED  *        23.21 GB      
 **********************************************************************************************************************************
 SETTING ESCF_BC        =      -152.11592040  AU                              


 PROGRAM * MP4 (Closed-shell)     Authors: C. Hampel, H.-J. Werner, 1991, M. Deegan, P.J. Knowles, 1992


 Convergence thresholds:  THRVAR = 1.00D-08  THRDEN = 1.00D-08

 MP4(T)     terms to be evaluated (factor= 0.000)


 Number of core orbitals:           2 (   2 )
 Number of closed-shell orbitals:   8 (   8 )
 Number of external orbitals:     312 ( 312 )

 Molecular orbitals read from record     2106.2  Type=RHF/CANONICAL (state 1.1)

 Number of N-1 electron functions:               8
 Number of N-2 electron functions:              36
 Number of singly external CSFs:              2496
 Number of doubly external CSFs:           3116256
 Total number of CSFs:                     3118753

 Length of J-op  integral file:               0.00 MB
 Length of K-op  integral file:               7.17 MB

 Memory could be reduced to 328.30 Mwords without degradation in triples

 Integral transformation finished. Total CPU:  43.95 sec, npass=  1  Memory used: 159.25 MW

 Reference energy:                   -152.11592040

                        CORR.ENERGY   TOTAL ENERGY   ENERGY CHANGE
 MP2:                   -0.54067405  -152.65659445    -0.54067405

 SCS-MP2 correlation energy:           -0.53515742   (PS=  1.200000  PT=  0.333333)
 SCS-MP2 total energy:               -152.65107781

 MP3(D):                -0.54513529  -152.66105569    -0.00446124
 MP4(DQ):               -0.54666042  -152.66258082    -0.00152513
 MP4(SDQ):              -0.55065386  -152.66657425    -0.00399343

 Norm of t1 vector:      0.04972664      S-energy:    -0.00399343      T1 diagnostic:  0.00879051

 Total CPU time for triples:    531.97 sec


 RESULTS
 =======

  Reference energy                   -152.115920395575
  MP4(SDQ) singlet pair energy         -0.365792557985
  MP4(SDQ) triplet pair energy         -0.180867864579
  MP4(SDQ) correlation energy          -0.550653856504

  Triples contribution                 -0.019594191599
  Total correlation energy             -0.570248048103

  MP4(SDQ) total energy              -152.666574252079
 !MP4(SDTQ) total energy             -152.686168443679

 Timing summary (sec):

 STEP                 CPU(USER)    SYS     CPU(TOT)    WALL
 Transformation         44.29     10.50     54.79     55.05
 CCSD iterations        36.70      6.87     43.57     55.88
 Triples               531.97     10.68    542.65    542.73

 Program statistics:

 Available memory in ccsd:             13999999644
 Min. memory needed in ccsd:               9187353
 Max. memory used in ccsd:                11873417
 Max. memory used in cckext:               8287581 ( 1 integral passes)



 **********************************************************************************************************************************
 DATASETS  * FILE   NREC   LENGTH (MB)   RECORD NAMES
              1      20     9269.41       500      610      700      900      950      970     1000      129      960     1100   
                                          VAR    BASINP    GEOM    SYMINP    ZMAT    AOBASIS   BASIS     P2S    ABASIS      S 
                                         1400     1410     1200     1210     1080     1600     1650     1300     1700     1380   
                                           T        V       H0       H01     AOSYM     SMH    MOLCAS    ERIS     OPER     JKOP   

              2      11       46.80       200      700     1000      520     2100     2101     2102     2103     2104     2105   
                                        OPTIONS   GEOM     BASIS   MCVARS     RHF      RHF      RHF      RHF      RHF      RHF  
                                         2106   
                                          RHF  

 PROGRAMS   *        TOTAL       MP4        HF       INT       MP4        HF       INT       MP4        HF       INT       MP4
 CPU TIMES  *      5076.42    612.99    161.58      0.10    612.81    161.44      0.12    612.97    161.44      0.10    121.20
 REAL TIME  *      6393.59 SEC
 DISK USED  *        23.21 GB      
 **********************************************************************************************************************************
 SETTING EMP4_BC        =      -152.68616844  AU                              
 SETTING EMP4_CORR_BC   =        -0.57024805  AU                              
 SETTING E_INT_ABC      =        -0.00166391  AU                              
 SETTING E_INT_AB       =        -0.00058537  AU                              
 SETTING E_INT_AC       =        -0.00076108  AU                              
 SETTING E_INT_BC       =        -0.00037531  AU                              
 SETTING E_ADD          =        -0.00172176  AU                              
 SETTING E_NONADD_MP4   =     5.78482229D-05  AU                              
 SETTING E_INT_ABC_CORR =        -0.00180569  AU                              
 SETTING E_INT_AB_CORR  =        -0.00111535  AU                              
 SETTING E_INT_AC_CORR  =        -0.00072317  AU                              
 SETTING E_INT_BC_CORR  =     4.57105114D-05  AU                              
 SETTING E_INT_ABC_CORR_ADD              =      -0.00179281  AU                              
 SETTING E_INT_ABC_CORR_NONADD           =  -1.28772183D-05  AU                              
 SETTING E_INT_ABC_HF   =         0.00014178  AU                              
 SETTING E_INT_AB_HF    =         0.00052998  AU                              
 SETTING E_INT_AC_HF    =    -3.79032907D-05  AU                              
 SETTING E_INT_BC_HF    =        -0.00042102  AU                              
 SETTING E_INT_ABC_HF_ADD                =   7.10504103D-05  AU                              
 SETTING E_INT_ABC_HF_NONADD             =   7.07254412D-05  AU                              

 *** results in millihartree
 E_INT_ABC        =        -0.00166391 AU
 E_INT_AB         =        -0.00058537 AU
 E_INT_AC         =        -0.00076108 AU
 E_INT_BC         =        -0.00037531 AU
 E_ADD            =        -0.00172176 AU
 E_NONADD_MP4     =         0.00005785 AU
 E_INT_ABC_CORR   =        -0.00180569 AU
 E_INT_AB_CORR    =        -0.00111535 AU
 E_INT_AC_CORR    =        -0.00072317 AU
 E_INT_BC_CORR    =         0.00004571 AU
 E_INT_ABC_CORR_ADD       =        -0.00179281 AU
 E_INT_ABC_CORR_NONADD    =        -0.00001288 AU
 E_INT_ABC_HF     =         0.00014178 AU
 E_INT_AB_HF      =         0.00052998 AU
 E_INT_AC_HF      =        -0.00003790 AU
 E_INT_BC_HF      =        -0.00042102 AU
 E_INT_ABC_HF_ADD =         0.00007105 AU
 E_INT_ABC_HF_NONADD      =         0.00007073 AU

 MP4/aug-cc-pVTZ energy=   -152.686168443679

        MP4             HF-SCF          MP4             HF-SCF          MP4             HF-SCF          MP4             HF-SCF  
   -152.68616844   -152.11592040   -116.78294308   -116.27084945   -116.78321953   -116.27072804    -76.34267049    -76.05752645
 **********************************************************************************************************************************
 Molpro calculation terminated
 Variable memory released
