 Converged energy                           -193.335616758607
 Converged energy                            -40.501446808061
 Converged energy                            -76.415703575608
 Converged energy                            -76.416579552083
 Converged energy                           -116.917587784562
 Converged energy                           -152.833706587642
 Converged energy                           -116.918124321488
 HF contribution (EtotHF)                          -1.9232103485E+002  
 Singles correction (EcSingles)                    -8.1181756662E-003  
 HF contribution (EtotHF)                          -1.9232103485E+002  
 Singles correction (EcSingles)                    -8.1181756662E-003  
 Direct RPA correlation (EcRPA)                    -1.0782449942E+000  
 HF contribution (EtotHF)                          -4.0210165402E+001  
 Singles correction (EcSingles)                    -2.7527719159E-003  
 HF contribution (EtotHF)                          -4.0210165402E+001  
 Singles correction (EcSingles)                    -2.7527719159E-003  
 Direct RPA correlation (EcRPA)                    -3.2490153649E-001  
 HF contribution (EtotHF)                          -7.6054340065E+001  
 Singles correction (EcSingles)                    -2.6555869184E-003  
 HF contribution (EtotHF)                          -7.6054340065E+001  
 Singles correction (EcSingles)                    -2.6555869184E-003  
 Direct RPA correlation (EcRPA)                    -3.7642497033E-001  
 HF contribution (EtotHF)                          -7.6055593836E+001  
 Singles correction (EcSingles)                    -2.6273238485E-003  
 HF contribution (EtotHF)                          -7.6055593836E+001  
 Singles correction (EcSingles)                    -2.6273238485E-003  
 Direct RPA correlation (EcRPA)                    -3.7585159314E-001  
 HF contribution (EtotHF)                          -1.1626448948E+002  
 Singles correction (EcSingles)                    -5.4369782385E-003  
 HF contribution (EtotHF)                          -1.1626448948E+002  
 Singles correction (EcSingles)                    -5.4369782385E-003  
 Direct RPA correlation (EcRPA)                    -7.0182914422E-001  
 HF contribution (EtotHF)                          -1.5211130971E+002  
 Singles correction (EcSingles)                    -5.2972872634E-003  
 HF contribution (EtotHF)                          -1.5211130971E+002  
 Singles correction (EcSingles)                    -5.2972872634E-003  
 Direct RPA correlation (EcRPA)                    -7.5229878101E-001  
 HF contribution (EtotHF)                          -1.1626542717E+002  
 Singles correction (EcSingles)                    -5.4143684113E-003  
 HF contribution (EtotHF)                          -1.1626542717E+002  
 Singles correction (EcSingles)                    -5.4143684113E-003  
 Direct RPA correlation (EcRPA)                    -7.0128371340E-001  
