 Converged energy                           -193.336157620210
 Converged energy                            -40.501447531820
 Converged energy                            -76.416627287260
 Converged energy                            -76.416831981202
 Converged energy                           -116.918577633902
 Converged energy                           -152.833612882535
 Converged energy                           -116.918909683195
 HF contribution (EtotHF)                          -1.9232099506E+002  
 Singles correction (EcSingles)                    -8.2124591885E-003  
 HF contribution (EtotHF)                          -1.9232099506E+002  
 Singles correction (EcSingles)                    -8.2124591885E-003  
 Direct RPA correlation (EcRPA)                    -1.0784961817E+000  
 HF contribution (EtotHF)                          -4.0210167032E+001  
 Singles correction (EcSingles)                    -2.7527044195E-003  
 HF contribution (EtotHF)                          -4.0210167032E+001  
 Singles correction (EcSingles)                    -2.7527044195E-003  
 Direct RPA correlation (EcRPA)                    -3.2494157009E-001  
 HF contribution (EtotHF)                          -7.6055573312E+001  
 Singles correction (EcSingles)                    -2.6322761743E-003  
 HF contribution (EtotHF)                          -7.6055573312E+001  
 Singles correction (EcSingles)                    -2.6322761743E-003  
 Direct RPA correlation (EcRPA)                    -3.7600140905E-001  
 HF contribution (EtotHF)                          -7.6055847075E+001  
 Singles correction (EcSingles)                    -2.6281217193E-003  
 HF contribution (EtotHF)                          -7.6055847075E+001  
 Singles correction (EcSingles)                    -2.6281217193E-003  
 Direct RPA correlation (EcRPA)                    -3.7591356383E-001  
 HF contribution (EtotHF)                          -1.1626526336E+002  
 Singles correction (EcSingles)                    -5.4895319511E-003  
 HF contribution (EtotHF)                          -1.1626526336E+002  
 Singles correction (EcSingles)                    -5.4895319511E-003  
 Direct RPA correlation (EcRPA)                    -7.0181042153E-001  
 HF contribution (EtotHF)                          -1.5211158552E+002  
 Singles correction (EcSingles)                    -5.2591260976E-003  
 HF contribution (EtotHF)                          -1.5211158552E+002  
 Singles correction (EcSingles)                    -5.2591260976E-003  
 Direct RPA correlation (EcRPA)                    -7.5190247553E-001  
 HF contribution (EtotHF)                          -1.1626576742E+002  
 Singles correction (EcSingles)                    -5.4770852500E-003  
 HF contribution (EtotHF)                          -1.1626576742E+002  
 Singles correction (EcSingles)                    -5.4770852500E-003  
 Direct RPA correlation (EcRPA)                    -7.0163322156E-001  
