 Converged energy                           -193.335177495355
 Converged energy                            -40.501448287864
 Converged energy                            -76.416120327380
 Converged energy                            -76.416833143806
 Converged energy                           -116.917678312178
 Converged energy                           -152.832989500957
 Converged energy                           -116.918911587323
 HF contribution (EtotHF)                          -1.9231972129E+002  
 Singles correction (EcSingles)                    -8.2492146325E-003  
 HF contribution (EtotHF)                          -1.9231972129E+002  
 Singles correction (EcSingles)                    -8.2492146325E-003  
 Direct RPA correlation (EcRPA)                    -1.0790223186E+000  
 HF contribution (EtotHF)                          -4.0210167128E+001  
 Singles correction (EcSingles)                    -2.7528354286E-003  
 HF contribution (EtotHF)                          -4.0210167128E+001  
 Singles correction (EcSingles)                    -2.7528354286E-003  
 Direct RPA correlation (EcRPA)                    -3.2495264076E-001  
 HF contribution (EtotHF)                          -7.6054803962E+001  
 Singles correction (EcSingles)                    -2.6516430586E-003  
 HF contribution (EtotHF)                          -7.6054803962E+001  
 Singles correction (EcSingles)                    -2.6516430586E-003  
 Direct RPA correlation (EcRPA)                    -3.7641280000E-001  
 HF contribution (EtotHF)                          -7.6055848550E+001  
 Singles correction (EcSingles)                    -2.6280920961E-003  
 HF contribution (EtotHF)                          -7.6055848550E+001  
 Singles correction (EcSingles)                    -2.6280920961E-003  
 Direct RPA correlation (EcRPA)                    -3.7592074812E-001  
 HF contribution (EtotHF)                          -1.1626408786E+002  
 Singles correction (EcSingles)                    -5.5238860234E-003  
 HF contribution (EtotHF)                          -1.1626408786E+002  
 Singles correction (EcSingles)                    -5.5238860234E-003  
 Direct RPA correlation (EcRPA)                    -7.0230193572E-001  
 HF contribution (EtotHF)                          -1.5211068014E+002  
 Singles correction (EcSingles)                    -5.2815790159E-003  
 HF contribution (EtotHF)                          -1.5211068014E+002  
 Singles correction (EcSingles)                    -5.2815790159E-003  
 Direct RPA correlation (EcRPA)                    -7.5235470933E-001  
 HF contribution (EtotHF)                          -1.1626576907E+002  
 Singles correction (EcSingles)                    -5.4771935865E-003  
 HF contribution (EtotHF)                          -1.1626576907E+002  
 Singles correction (EcSingles)                    -5.4771935865E-003  
 Direct RPA correlation (EcRPA)                    -7.0165206318E-001  
