 Converged energy                           -193.343543895942
 Converged energy                            -40.501448061165
 Converged energy                            -76.415772515016
 Converged energy                            -76.416511424197
 Converged energy                           -116.917656881265
 Converged energy                           -152.841010185923
 Converged energy                           -116.918644939979
 HF contribution (EtotHF)                          -1.9232389961E+002  
 Singles correction (EcSingles)                    -8.7034637067E-003  
 HF contribution (EtotHF)                          -1.9232389961E+002  
 Singles correction (EcSingles)                    -8.7034637067E-003  
 Direct RPA correlation (EcRPA)                    -1.0822652582E+000  
 HF contribution (EtotHF)                          -4.0210166524E+001  
 Singles correction (EcSingles)                    -2.7528370598E-003  
 HF contribution (EtotHF)                          -4.0210166524E+001  
 Singles correction (EcSingles)                    -2.7528370598E-003  
 Direct RPA correlation (EcRPA)                    -3.2492901487E-001  
 HF contribution (EtotHF)                          -7.6054417677E+001  
 Singles correction (EcSingles)                    -2.6590819940E-003  
 HF contribution (EtotHF)                          -7.6054417677E+001  
 Singles correction (EcSingles)                    -2.6590819940E-003  
 Direct RPA correlation (EcRPA)                    -3.7717068982E-001  
 HF contribution (EtotHF)                          -7.6055426287E+001  
 Singles correction (EcSingles)                    -2.6377455856E-003  
 HF contribution (EtotHF)                          -7.6055426287E+001  
 Singles correction (EcSingles)                    -2.6377455856E-003  
 Direct RPA correlation (EcRPA)                    -3.7660561131E-001  
 HF contribution (EtotHF)                          -1.1626456832E+002  
 Singles correction (EcSingles)                    -5.4406076521E-003  
 HF contribution (EtotHF)                          -1.1626456832E+002  
 Singles correction (EcSingles)                    -5.4406076521E-003  
 Direct RPA correlation (EcRPA)                    -7.0260855362E-001  
 HF contribution (EtotHF)                          -1.5211415375E+002  
 Singles correction (EcSingles)                    -5.7956442282E-003  
 HF contribution (EtotHF)                          -1.5211415375E+002  
 Singles correction (EcSingles)                    -5.7956442282E-003  
 Direct RPA correlation (EcRPA)                    -7.5592233901E-001  
 HF contribution (EtotHF)                          -1.1626520427E+002  
 Singles correction (EcSingles)                    -5.5060999097E-003  
 HF contribution (EtotHF)                          -1.1626520427E+002  
 Singles correction (EcSingles)                    -5.5060999097E-003  
 Direct RPA correlation (EcRPA)                    -7.0245647405E-001  
