 Converged energy                           -193.332941273355
 Converged energy                            -40.501448551966
 Converged energy                            -76.414613797824
 Converged energy                            -76.416503821686
 Converged energy                           -116.916298631317
 Converged energy                           -152.830745902938
 Converged energy                           -116.918467942857
 HF contribution (EtotHF)                          -1.9231790840E+002  
 Singles correction (EcSingles)                    -8.1448846032E-003  
 HF contribution (EtotHF)                          -1.9231790840E+002  
 Singles correction (EcSingles)                    -8.1448846032E-003  
 Direct RPA correlation (EcRPA)                    -1.0789455114E+000  
 HF contribution (EtotHF)                          -4.0210166918E+001  
 Singles correction (EcSingles)                    -2.7531119210E-003  
 HF contribution (EtotHF)                          -4.0210166918E+001  
 Singles correction (EcSingles)                    -2.7531119210E-003  
 Direct RPA correlation (EcRPA)                    -3.2489722570E-001  
 HF contribution (EtotHF)                          -7.6052841120E+001  
 Singles correction (EcSingles)                    -2.6867667844E-003  
 HF contribution (EtotHF)                          -7.6052841120E+001  
 Singles correction (EcSingles)                    -2.6867667844E-003  
 Direct RPA correlation (EcRPA)                    -3.7700486939E-001  
 HF contribution (EtotHF)                          -7.6055481708E+001  
 Singles correction (EcSingles)                    -2.6297827134E-003  
 HF contribution (EtotHF)                          -7.6055481708E+001  
 Singles correction (EcSingles)                    -2.6297827134E-003  
 Direct RPA correlation (EcRPA)                    -3.7590783364E-001  
 HF contribution (EtotHF)                          -1.1626284854E+002  
 Singles correction (EcSingles)                    -5.4704590796E-003  
 HF contribution (EtotHF)                          -1.1626284854E+002  
 Singles correction (EcSingles)                    -5.4704590796E-003  
 Direct RPA correlation (EcRPA)                    -7.0237742790E-001  
 HF contribution (EtotHF)                          -1.5210786001E+002  
 Singles correction (EcSingles)                    -5.3295855020E-003  
 HF contribution (EtotHF)                          -1.5210786001E+002  
 Singles correction (EcSingles)                    -5.3295855020E-003  
 Direct RPA correlation (EcRPA)                    -7.5305692261E-001  
 HF contribution (EtotHF)                          -1.1626568742E+002  
 Singles correction (EcSingles)                    -5.4144164503E-003  
 HF contribution (EtotHF)                          -1.1626568742E+002  
 Singles correction (EcSingles)                    -5.4144164503E-003  
 Direct RPA correlation (EcRPA)                    -7.0133337116E-001  
