 Converged energy                           -193.231010918340
 Converged energy                            -40.473640529857
 Converged energy                            -76.378627203658
 Converged energy                            -76.378281031073
 Converged energy                           -116.852748410421
 Converged energy                           -152.756593255395
 Converged energy                           -116.852177437565
 HF contribution (EtotHF)                          -1.9231348985E+002  
 Singles correction (EcSingles)                    -1.2155734348E-002  
 HF contribution (EtotHF)                          -1.9231348985E+002  
 Singles correction (EcSingles)                    -1.2155734348E-002  
 Direct RPA correlation (EcRPA)                    -1.1061982522E+000  
 HF contribution (EtotHF)                          -4.0208655924E+001  
 Singles correction (EcSingles)                    -4.0594910430E-003  
 HF contribution (EtotHF)                          -4.0208655924E+001  
 Singles correction (EcSingles)                    -4.0594910430E-003  
 Direct RPA correlation (EcRPA)                    -3.3258812815E-001  
 HF contribution (EtotHF)                          -7.6053055865E+001  
 Singles correction (EcSingles)                    -3.9685049198E-003  
 HF contribution (EtotHF)                          -7.6053055865E+001  
 Singles correction (EcSingles)                    -3.9685049198E-003  
 Direct RPA correlation (EcRPA)                    -3.8598430173E-001  
 HF contribution (EtotHF)                          -7.6052473146E+001  
 Singles correction (EcSingles)                    -3.9853352257E-003  
 HF contribution (EtotHF)                          -7.6052473146E+001  
 Singles correction (EcSingles)                    -3.9853352257E-003  
 Direct RPA correlation (EcRPA)                    -3.8626552083E-001  
 HF contribution (EtotHF)                          -1.1626165731E+002  
 Singles correction (EcSingles)                    -8.0912987630E-003  
 HF contribution (EtotHF)                          -1.1626165731E+002  
 Singles correction (EcSingles)                    -8.0912987630E-003  
 Direct RPA correlation (EcRPA)                    -7.1919275186E-001  
 HF contribution (EtotHF)                          -1.5210516460E+002  
 Singles correction (EcSingles)                    -7.9603784443E-003  
 HF contribution (EtotHF)                          -1.5210516460E+002  
 Singles correction (EcSingles)                    -7.9603784443E-003  
 Direct RPA correlation (EcRPA)                    -7.7232145650E-001  
 HF contribution (EtotHF)                          -1.1626080633E+002  
 Singles correction (EcSingles)                    -8.1186835206E-003  
 HF contribution (EtotHF)                          -1.1626080633E+002  
 Singles correction (EcSingles)                    -8.1186835206E-003  
 Direct RPA correlation (EcRPA)                    -7.1952822754E-001  
