 Converged energy                           -193.230540996065
 Converged energy                            -40.473635527740
 Converged energy                            -76.378190743125
 Converged energy                            -76.378681366517
 Converged energy                           -116.851769013982
 Converged energy                           -152.756867495290
 Converged energy                           -116.852417677952
 HF contribution (EtotHF)                          -1.9231330939E+002  
 Singles correction (EcSingles)                    -1.2138882042E-002  
 HF contribution (EtotHF)                          -1.9231330939E+002  
 Singles correction (EcSingles)                    -1.2138882042E-002  
 Direct RPA correlation (EcRPA)                    -1.1058976101E+000  
 HF contribution (EtotHF)                          -4.0208654726E+001  
 Singles correction (EcSingles)                    -4.0581159013E-003  
 HF contribution (EtotHF)                          -4.0208654726E+001  
 Singles correction (EcSingles)                    -4.0581159013E-003  
 Direct RPA correlation (EcRPA)                    -3.3255729785E-001  
 HF contribution (EtotHF)                          -7.6052361503E+001  
 Singles correction (EcSingles)                    -3.9864462885E-003  
 HF contribution (EtotHF)                          -7.6052361503E+001  
 Singles correction (EcSingles)                    -3.9864462885E-003  
 Direct RPA correlation (EcRPA)                    -3.8624859038E-001  
 HF contribution (EtotHF)                          -7.6053130044E+001  
 Singles correction (EcSingles)                    -3.9665527492E-003  
 HF contribution (EtotHF)                          -7.6053130044E+001  
 Singles correction (EcSingles)                    -3.9665527492E-003  
 Direct RPA correlation (EcRPA)                    -3.8590030296E-001  
 HF contribution (EtotHF)                          -1.1626043859E+002  
 Singles correction (EcSingles)                    -8.1184059146E-003  
 HF contribution (EtotHF)                          -1.1626043859E+002  
 Singles correction (EcSingles)                    -8.1184059146E-003  
 Direct RPA correlation (EcRPA)                    -7.1948109215E-001  
 HF contribution (EtotHF)                          -1.5210547402E+002  
 Singles correction (EcSingles)                    -7.9552047057E-003  
 HF contribution (EtotHF)                          -1.5210547402E+002  
 Singles correction (EcSingles)                    -7.9552047057E-003  
 Direct RPA correlation (EcRPA)                    -7.7217584357E-001  
 HF contribution (EtotHF)                          -1.1626155351E+002  
 Singles correction (EcSingles)                    -8.0756250537E-003  
 HF contribution (EtotHF)                          -1.1626155351E+002  
 Singles correction (EcSingles)                    -8.0756250537E-003  
 Direct RPA correlation (EcRPA)                    -7.1894092363E-001  
