 Converged energy                           -193.232341200530
 Converged energy                            -40.473633252315
 Converged energy                            -76.378459697087
 Converged energy                            -76.379461412051
 Converged energy                           -116.852443403109
 Converged energy                           -152.757947763594
 Converged energy                           -116.853529990881
 HF contribution (EtotHF)                          -1.9231544948E+002  
 Singles correction (EcSingles)                    -1.2135554448E-002  
 HF contribution (EtotHF)                          -1.9231544948E+002  
 Singles correction (EcSingles)                    -1.2135554448E-002  
 Direct RPA correlation (EcRPA)                    -1.1054118327E+000  
 HF contribution (EtotHF)                          -4.0208654991E+001  
 Singles correction (EcSingles)                    -4.0575904538E-003  
 HF contribution (EtotHF)                          -4.0208654991E+001  
 Singles correction (EcSingles)                    -4.0575904538E-003  
 Direct RPA correlation (EcRPA)                    -3.3255116750E-001  
 HF contribution (EtotHF)                          -7.6052782275E+001  
 Singles correction (EcSingles)                    -3.9752896131E-003  
 HF contribution (EtotHF)                          -7.6052782275E+001  
 Singles correction (EcSingles)                    -3.9752896131E-003  
 Direct RPA correlation (EcRPA)                    -3.8604123771E-001  
 HF contribution (EtotHF)                          -7.6054303790E+001  
 Singles correction (EcSingles)                    -3.9399114109E-003  
 HF contribution (EtotHF)                          -7.6054303790E+001  
 Singles correction (EcSingles)                    -3.9399114109E-003  
 Direct RPA correlation (EcRPA)                    -3.8554953844E-001  
 HF contribution (EtotHF)                          -1.1626140269E+002  
 Singles correction (EcSingles)                    -8.0801023159E-003  
 HF contribution (EtotHF)                          -1.1626140269E+002  
 Singles correction (EcSingles)                    -8.0801023159E-003  
 Direct RPA correlation (EcRPA)                    -7.1909578275E-001  
 HF contribution (EtotHF)                          -1.5210712212E+002  
 Singles correction (EcSingles)                    -7.9148037863E-003  
 HF contribution (EtotHF)                          -1.5210712212E+002  
 Singles correction (EcSingles)                    -7.9148037863E-003  
 Direct RPA correlation (EcRPA)                    -7.7159283325E-001  
 HF contribution (EtotHF)                          -1.1626269668E+002  
 Singles correction (EcSingles)                    -8.1131188508E-003  
 HF contribution (EtotHF)                          -1.1626269668E+002  
 Singles correction (EcSingles)                    -8.1131188508E-003  
 Direct RPA correlation (EcRPA)                    -7.1885941250E-001  
