 Converged energy                           -193.232726732483
 Converged energy                            -40.473632985690
 Converged energy                            -76.379181786035
 Converged energy                            -76.379254395069
 Converged energy                           -116.853105770283
 Converged energy                           -152.758812067541
 Converged energy                           -116.852941974404
 HF contribution (EtotHF)                          -1.9231627242E+002  
 Singles correction (EcSingles)                    -1.2110460955E-002  
 HF contribution (EtotHF)                          -1.9231627242E+002  
 Singles correction (EcSingles)                    -1.2110460955E-002  
 Direct RPA correlation (EcRPA)                    -1.1049510411E+000  
 HF contribution (EtotHF)                          -4.0208654726E+001  
 Singles correction (EcSingles)                    -4.0575920005E-003  
 HF contribution (EtotHF)                          -4.0208654726E+001  
 Singles correction (EcSingles)                    -4.0575920005E-003  
 Direct RPA correlation (EcRPA)                    -3.3254719477E-001  
 HF contribution (EtotHF)                          -7.6053983315E+001  
 Singles correction (EcSingles)                    -3.9414562980E-003  
 HF contribution (EtotHF)                          -7.6053983315E+001  
 Singles correction (EcSingles)                    -3.9414562980E-003  
 Direct RPA correlation (EcRPA)                    -3.8548211010E-001  
 HF contribution (EtotHF)                          -7.6053936981E+001  
 Singles correction (EcSingles)                    -3.9497049960E-003  
 HF contribution (EtotHF)                          -7.6053936981E+001  
 Singles correction (EcSingles)                    -3.9497049960E-003  
 Direct RPA correlation (EcRPA)                    -3.8569092621E-001  
 HF contribution (EtotHF)                          -1.1626255613E+002  
 Singles correction (EcSingles)                    -8.0459108661E-003  
 HF contribution (EtotHF)                          -1.1626255613E+002  
 Singles correction (EcSingles)                    -8.0459108661E-003  
 Direct RPA correlation (EcRPA)                    -7.1851785222E-001  
 HF contribution (EtotHF)                          -1.5210834939E+002  
 Singles correction (EcSingles)                    -7.8852480006E-003  
 HF contribution (EtotHF)                          -1.5210834939E+002  
 Singles correction (EcSingles)                    -7.8852480006E-003  
 Direct RPA correlation (EcRPA)                    -7.7111593214E-001  
 HF contribution (EtotHF)                          -1.1626201191E+002  
 Singles correction (EcSingles)                    -8.1278940653E-003  
 HF contribution (EtotHF)                          -1.1626201191E+002  
 Singles correction (EcSingles)                    -8.1278940653E-003  
 Direct RPA correlation (EcRPA)                    -7.1902632079E-001  
