 Converged energy                           -193.232138929187
 Converged energy                            -40.473640789331
 Converged energy                            -76.379491743208
 Converged energy                            -76.379304781352
 Converged energy                           -116.853288445846
 Converged energy                           -152.758199569146
 Converged energy                           -116.853203727819
 HF contribution (EtotHF)                          -1.9231452791E+002  
 Singles correction (EcSingles)                    -1.2331885172E-002  
 HF contribution (EtotHF)                          -1.9231452791E+002  
 Singles correction (EcSingles)                    -1.2331885172E-002  
 Direct RPA correlation (EcRPA)                    -1.1064452400E+000  
 HF contribution (EtotHF)                          -4.0208656406E+001  
 Singles correction (EcSingles)                    -4.0599965551E-003  
 HF contribution (EtotHF)                          -4.0208656406E+001  
 Singles correction (EcSingles)                    -4.0599965551E-003  
 Direct RPA correlation (EcRPA)                    -3.3263146938E-001  
 HF contribution (EtotHF)                          -7.6054337332E+001  
 Singles correction (EcSingles)                    -3.9413829855E-003  
 HF contribution (EtotHF)                          -7.6054337332E+001  
 Singles correction (EcSingles)                    -3.9413829855E-003  
 Direct RPA correlation (EcRPA)                    -3.8575276012E-001  
 HF contribution (EtotHF)                          -7.6054035506E+001  
 Singles correction (EcSingles)                    -3.9469819234E-003  
 HF contribution (EtotHF)                          -7.6054035506E+001  
 Singles correction (EcSingles)                    -3.9469819234E-003  
 Direct RPA correlation (EcRPA)                    -3.8571023183E-001  
 HF contribution (EtotHF)                          -1.1626196007E+002  
 Singles correction (EcSingles)                    -8.2028862429E-003  
 HF contribution (EtotHF)                          -1.1626196007E+002  
 Singles correction (EcSingles)                    -8.2028862429E-003  
 Direct RPA correlation (EcRPA)                    -7.1952847962E-001  
 HF contribution (EtotHF)                          -1.5210742523E+002  
 Singles correction (EcSingles)                    -7.9609337407E-003  
 HF contribution (EtotHF)                          -1.5210742523E+002  
 Singles correction (EcSingles)                    -7.9609337407E-003  
 Direct RPA correlation (EcRPA)                    -7.7184137428E-001  
 HF contribution (EtotHF)                          -1.1626219725E+002  
 Singles correction (EcSingles)                    -8.1334841116E-003  
 HF contribution (EtotHF)                          -1.1626219725E+002  
 Singles correction (EcSingles)                    -8.1334841116E-003  
 Direct RPA correlation (EcRPA)                    -7.1918524626E-001  
