 Converged energy                           -193.348696615636
 Converged energy                            -40.504184630752
 Converged energy                            -76.422193297423
 Converged energy                            -76.421925178762
 Converged energy                           -116.926715333253
 Converged energy                           -152.844036648211
 Converged energy                           -116.926206969706
 HF contribution (EtotHF)                          -1.9233305769E+002  
 Singles correction (EcSingles)                    -8.6132854311E-003  
 HF contribution (EtotHF)                          -1.9233305769E+002  
 Singles correction (EcSingles)                    -8.6132854311E-003  
 Direct RPA correlation (EcRPA)                    -1.1583823223E+000  
 HF contribution (EtotHF)                          -4.0212726917E+001  
 Singles correction (EcSingles)                    -2.8554886978E-003  
 HF contribution (EtotHF)                          -4.0212726917E+001  
 Singles correction (EcSingles)                    -2.8554886978E-003  
 Direct RPA correlation (EcRPA)                    -3.4412030507E-001  
 HF contribution (EtotHF)                          -7.6060986244E+001  
 Singles correction (EcSingles)                    -2.7788693180E-003  
 HF contribution (EtotHF)                          -7.6060986244E+001  
 Singles correction (EcSingles)                    -2.7788693180E-003  
 Direct RPA correlation (EcRPA)                    -4.0630798055E-001  
 HF contribution (EtotHF)                          -7.6060723616E+001  
 Singles correction (EcSingles)                    -2.7774151424E-003  
 HF contribution (EtotHF)                          -7.6060723616E+001  
 Singles correction (EcSingles)                    -2.7774151424E-003  
 Direct RPA correlation (EcRPA)                    -4.0620499064E-001  
 HF contribution (EtotHF)                          -1.1627271845E+002  
 Singles correction (EcSingles)                    -5.7996284570E-003  
 HF contribution (EtotHF)                          -1.1627271845E+002  
 Singles correction (EcSingles)                    -5.7996284570E-003  
 Direct RPA correlation (EcRPA)                    -7.5161994589E-001  
 HF contribution (EtotHF)                          -1.5212161614E+002  
 Singles correction (EcSingles)                    -5.5581282167E-003  
 HF contribution (EtotHF)                          -1.5212161614E+002  
 Singles correction (EcSingles)                    -5.5581282167E-003  
 Direct RPA correlation (EcRPA)                    -8.1254045230E-001  
 HF contribution (EtotHF)                          -1.1627311874E+002  
 Singles correction (EcSingles)                    -5.6680488653E-003  
 HF contribution (EtotHF)                          -1.1627311874E+002  
 Singles correction (EcSingles)                    -5.6680488653E-003  
 Direct RPA correlation (EcRPA)                    -7.5085698370E-001  
