 Converged energy                           -193.349549010544
 Converged energy                            -40.504185639038
 Converged energy                            -76.420712203736
 Converged energy                            -76.422182757335
 Converged energy                           -116.924914157678
 Converged energy                           -152.844715051255
 Converged energy                           -116.926999012303
 HF contribution (EtotHF)                          -1.9233368258E+002  
 Singles correction (EcSingles)                    -8.6153632222E-003  
 HF contribution (EtotHF)                          -1.9233368258E+002  
 Singles correction (EcSingles)                    -8.6153632222E-003  
 Direct RPA correlation (EcRPA)                    -1.1588043883E+000  
 HF contribution (EtotHF)                          -4.0212728566E+001  
 Singles correction (EcSingles)                    -2.8552259263E-003  
 HF contribution (EtotHF)                          -4.0212728566E+001  
 Singles correction (EcSingles)                    -2.8552259263E-003  
 Direct RPA correlation (EcRPA)                    -3.4411630822E-001  
 HF contribution (EtotHF)                          -7.6059017795E+001  
 Singles correction (EcSingles)                    -2.8148354134E-003  
 HF contribution (EtotHF)                          -7.6059017795E+001  
 Singles correction (EcSingles)                    -2.8148354134E-003  
 Direct RPA correlation (EcRPA)                    -4.0692974029E-001  
 HF contribution (EtotHF)                          -7.6060978454E+001  
 Singles correction (EcSingles)                    -2.7787999666E-003  
 HF contribution (EtotHF)                          -7.6060978454E+001  
 Singles correction (EcSingles)                    -2.7787999666E-003  
 Direct RPA correlation (EcRPA)                    -4.0629188056E-001  
 HF contribution (EtotHF)                          -1.1627119159E+002  
 Singles correction (EcSingles)                    -5.7216815274E-003  
 HF contribution (EtotHF)                          -1.1627119159E+002  
 Singles correction (EcSingles)                    -5.7216815274E-003  
 Direct RPA correlation (EcRPA)                    -7.5173226246E-001  
 HF contribution (EtotHF)                          -1.5212179095E+002  
 Singles correction (EcSingles)                    -5.6048704240E-003  
 HF contribution (EtotHF)                          -1.5212179095E+002  
 Singles correction (EcSingles)                    -5.6048704240E-003  
 Direct RPA correlation (EcRPA)                    -8.1320632601E-001  
 HF contribution (EtotHF)                          -1.1627345725E+002  
 Singles correction (EcSingles)                    -5.7318439933E-003  
 HF contribution (EtotHF)                          -1.1627345725E+002  
 Singles correction (EcSingles)                    -5.7318439933E-003  
 Direct RPA correlation (EcRPA)                    -7.5121469765E-001  
