 Converged energy                           -193.350483279276
 Converged energy                            -40.504185454030
 Converged energy                            -76.421914431586
 Converged energy                            -76.421797395176
 Converged energy                           -116.926416929644
 Converged energy                           -152.845348347280
 Converged energy                           -116.926664899306
 HF contribution (EtotHF)                          -1.9233434379E+002  
 Singles correction (EcSingles)                    -8.6756239751E-003  
 HF contribution (EtotHF)                          -1.9233434379E+002  
 Singles correction (EcSingles)                    -8.6756239751E-003  
 Direct RPA correlation (EcRPA)                    -1.1588402125E+000  
 HF contribution (EtotHF)                          -4.0212728300E+001  
 Singles correction (EcSingles)                    -2.8552317771E-003  
 HF contribution (EtotHF)                          -4.0212728300E+001  
 Singles correction (EcSingles)                    -2.8552317771E-003  
 Direct RPA correlation (EcRPA)                    -3.4411788606E-001  
 HF contribution (EtotHF)                          -7.6060605879E+001  
 Singles correction (EcSingles)                    -2.7860486054E-003  
 HF contribution (EtotHF)                          -7.6060605879E+001  
 Singles correction (EcSingles)                    -2.7860486054E-003  
 Direct RPA correlation (EcRPA)                    -4.0642848106E-001  
 HF contribution (EtotHF)                          -7.6060485370E+001  
 Singles correction (EcSingles)                    -2.7857860372E-003  
 HF contribution (EtotHF)                          -7.6060485370E+001  
 Singles correction (EcSingles)                    -2.7857860372E-003  
 Direct RPA correlation (EcRPA)                    -4.0644006823E-001  
 HF contribution (EtotHF)                          -1.1627276606E+002  
 Singles correction (EcSingles)                    -5.7451046241E-003  
 HF contribution (EtotHF)                          -1.1627276606E+002  
 Singles correction (EcSingles)                    -5.7451046241E-003  
 Direct RPA correlation (EcRPA)                    -7.5137844777E-001  
 HF contribution (EtotHF)                          -1.5212262709E+002  
 Singles correction (EcSingles)                    -5.5942997380E-003  
 HF contribution (EtotHF)                          -1.5212262709E+002  
 Singles correction (EcSingles)                    -5.5942997380E-003  
 Direct RPA correlation (EcRPA)                    -8.1293601915E-001  
 HF contribution (EtotHF)                          -1.1627282158E+002  
 Singles correction (EcSingles)                    -5.7580724743E-003  
 HF contribution (EtotHF)                          -1.1627282158E+002  
 Singles correction (EcSingles)                    -5.7580724743E-003  
 Direct RPA correlation (EcRPA)                    -7.5151496146E-001  
