 Converged energy                           -193.348084156910
 Converged energy                            -40.504185884649
 Converged energy                            -76.419911851649
 Converged energy                            -76.421606949424
 Converged energy                           -116.924336565327
 Converged energy                           -152.843190485251
 Converged energy                           -116.926334518729
 HF contribution (EtotHF)                          -1.9233147177E+002  
 Singles correction (EcSingles)                    -8.6891855897E-003  
 HF contribution (EtotHF)                          -1.9233147177E+002  
 Singles correction (EcSingles)                    -8.6891855897E-003  
 Direct RPA correlation (EcRPA)                    -1.1596994859E+000  
 HF contribution (EtotHF)                          -4.0212729319E+001  
 Singles correction (EcSingles)                    -2.8552386744E-003  
 HF contribution (EtotHF)                          -4.0212729319E+001  
 Singles correction (EcSingles)                    -2.8552386744E-003  
 Direct RPA correlation (EcRPA)                    -3.4411636932E-001  
 HF contribution (EtotHF)                          -7.6057921952E+001  
 Singles correction (EcSingles)                    -2.8375286415E-003  
 HF contribution (EtotHF)                          -7.6057921952E+001  
 Singles correction (EcSingles)                    -2.8375286415E-003  
 Direct RPA correlation (EcRPA)                    -4.0731661637E-001  
 HF contribution (EtotHF)                          -7.6060152886E+001  
 Singles correction (EcSingles)                    -2.7972269921E-003  
 HF contribution (EtotHF)                          -7.6060152886E+001  
 Singles correction (EcSingles)                    -2.7972269921E-003  
 Direct RPA correlation (EcRPA)                    -4.0665925222E-001  
 HF contribution (EtotHF)                          -1.1627049238E+002  
 Singles correction (EcSingles)                    -5.7239810521E-003  
 HF contribution (EtotHF)                          -1.1627049238E+002  
 Singles correction (EcSingles)                    -5.7239810521E-003  
 Direct RPA correlation (EcRPA)                    -7.5191119344E-001  
 HF contribution (EtotHF)                          -1.5211974358E+002  
 Singles correction (EcSingles)                    -5.6407866688E-003  
 HF contribution (EtotHF)                          -1.5211974358E+002  
 Singles correction (EcSingles)                    -5.6407866688E-003  
 Direct RPA correlation (EcRPA)                    -8.1394652149E-001  
 HF contribution (EtotHF)                          -1.1627211708E+002  
 Singles correction (EcSingles)                    -5.8107632451E-003  
 HF contribution (EtotHF)                          -1.1627211708E+002  
 Singles correction (EcSingles)                    -5.8107632451E-003  
 Direct RPA correlation (EcRPA)                    -7.5193087572E-001  
