 Converged energy                           -193.354176292370
 Converged energy                            -40.504184152711
 Converged energy                            -76.419947420620
 Converged energy                            -76.421906906168
 Converged energy                           -116.924369896754
 Converged energy                           -152.849324198963
 Converged energy                           -116.926453793466
 HF contribution (EtotHF)                          -1.9233349751E+002  
 Singles correction (EcSingles)                    -9.1043705978E-003  
 HF contribution (EtotHF)                          -1.9233349751E+002  
 Singles correction (EcSingles)                    -9.1043705978E-003  
 Direct RPA correlation (EcRPA)                    -1.1624295607E+000  
 HF contribution (EtotHF)                          -4.0212727700E+001  
 Singles correction (EcSingles)                    -2.8549101274E-003  
 HF contribution (EtotHF)                          -4.0212727700E+001  
 Singles correction (EcSingles)                    -2.8549101274E-003  
 Direct RPA correlation (EcRPA)                    -3.4408854567E-001  
 HF contribution (EtotHF)                          -7.6057951553E+001  
 Singles correction (EcSingles)                    -2.8418370236E-003  
 HF contribution (EtotHF)                          -7.6057951553E+001  
 Singles correction (EcSingles)                    -2.8418370236E-003  
 Direct RPA correlation (EcRPA)                    -4.0785577712E-001  
 HF contribution (EtotHF)                          -7.6060679297E+001  
 Singles correction (EcSingles)                    -2.7813998087E-003  
 HF contribution (EtotHF)                          -7.6060679297E+001  
 Singles correction (EcSingles)                    -2.7813998087E-003  
 Direct RPA correlation (EcRPA)                    -4.0649418628E-001  
 HF contribution (EtotHF)                          -1.1627052033E+002  
 Singles correction (EcSingles)                    -5.7280549332E-003  
 HF contribution (EtotHF)                          -1.1627052033E+002  
 Singles correction (EcSingles)                    -5.7280549332E-003  
 Direct RPA correlation (EcRPA)                    -7.5242451675E-001  
 HF contribution (EtotHF)                          -1.5212089350E+002  
 Singles correction (EcSingles)                    -6.1853884495E-003  
 HF contribution (EtotHF)                          -1.5212089350E+002  
 Singles correction (EcSingles)                    -6.1853884495E-003  
 Direct RPA correlation (EcRPA)                    -8.1739224314E-001  
 HF contribution (EtotHF)                          -1.1627334359E+002  
 Singles correction (EcSingles)                    -5.6645771489E-003  
 HF contribution (EtotHF)                          -1.1627334359E+002  
 Singles correction (EcSingles)                    -5.6645771489E-003  
 Direct RPA correlation (EcRPA)                    -7.5107912021E-001  
