 Converged energy                           -269.623891532529
 Converged energy                            -76.379485527359
 Converged energy                            -76.378349975568
 Converged energy                            -76.378751787514
 Converged energy                           -152.765926412951
 Converged energy                           -152.755845519914
 Converged energy                           -152.766236570603
 Converged energy                            -40.473643556902
 Converged energy                           -116.853128557706
 Converged energy                           -116.852250091568
 Converged energy                           -116.852496323765
 Converged energy                           -229.150231771109
 Converged energy                           -193.239572990761
 Converged energy                           -193.239846042603
 Converged energy                           -193.229889836438
 HF contribution (EtotHF)                          -2.6837425765E+002  
 Singles correction (EcSingles)                    -1.7342332180E-002  
 HF contribution (EtotHF)                          -2.6837425765E+002  
 Singles correction (EcSingles)                    -1.7342332180E-002  
 Direct RPA correlation (EcRPA)                    -1.4991008412E+000  
 HF contribution (EtotHF)                          -7.6054349535E+001  
 Singles correction (EcSingles)                    -3.9458644647E-003  
 HF contribution (EtotHF)                          -7.6054349535E+001  
 Singles correction (EcSingles)                    -3.9458644647E-003  
 Direct RPA correlation (EcRPA)                    -3.8648211624E-001  
 HF contribution (EtotHF)                          -7.6052547346E+001  
 Singles correction (EcSingles)                    -3.9930730744E-003  
 HF contribution (EtotHF)                          -7.6052547346E+001  
 Singles correction (EcSingles)                    -3.9930730744E-003  
 Direct RPA correlation (EcRPA)                    -3.8703929797E-001  
 HF contribution (EtotHF)                          -7.6053207205E+001  
 Singles correction (EcSingles)                    -3.9745323787E-003  
 HF contribution (EtotHF)                          -7.6053207205E+001  
 Singles correction (EcSingles)                    -3.9745323787E-003  
 Direct RPA correlation (EcRPA)                    -3.8670654317E-001  
 HF contribution (EtotHF)                          -1.5211177205E+002  
 Singles correction (EcSingles)                    -8.5049595104E-003  
 HF contribution (EtotHF)                          -1.5211177205E+002  
 Singles correction (EcSingles)                    -8.5049595104E-003  
 Direct RPA correlation (EcRPA)                    -7.7542107524E-001  
 HF contribution (EtotHF)                          -1.5210424147E+002  
 Singles correction (EcSingles)                    -8.0048572491E-003  
 HF contribution (EtotHF)                          -1.5210424147E+002  
 Singles correction (EcSingles)                    -8.0048572491E-003  
 Direct RPA correlation (EcRPA)                    -7.7408477295E-001  
 HF contribution (EtotHF)                          -1.5211204515E+002  
 Singles correction (EcSingles)                    -8.5112438767E-003  
 HF contribution (EtotHF)                          -1.5211204515E+002  
 Singles correction (EcSingles)                    -8.5112438767E-003  
 Direct RPA correlation (EcRPA)                    -7.7519766854E-001  
 HF contribution (EtotHF)                          -4.0208657862E+001  
 Singles correction (EcSingles)                    -4.0615536899E-003  
 HF contribution (EtotHF)                          -4.0208657862E+001  
 Singles correction (EcSingles)                    -4.0615536899E-003  
 Direct RPA correlation (EcRPA)                    -3.3265921168E-001  
 HF contribution (EtotHF)                          -1.1626221569E+002  
 Singles correction (EcSingles)                    -8.1456917191E-003  
 HF contribution (EtotHF)                          -1.1626221569E+002  
 Singles correction (EcSingles)                    -8.1456917191E-003  
 Direct RPA correlation (EcRPA)                    -7.2003456974E-001  
 HF contribution (EtotHF)                          -1.1626088317E+002  
 Singles correction (EcSingles)                    -8.1283967668E-003  
 HF contribution (EtotHF)                          -1.1626088317E+002  
 Singles correction (EcSingles)                    -8.1283967668E-003  
 Direct RPA correlation (EcRPA)                    -7.2037887126E-001  
 HF contribution (EtotHF)                          -1.1626163393E+002  
 Singles correction (EcSingles)                    -8.0870968042E-003  
 HF contribution (EtotHF)                          -1.1626163393E+002  
 Singles correction (EcSingles)                    -8.0870968042E-003  
 Direct RPA correlation (EcRPA)                    -7.1985487330E-001  
 HF contribution (EtotHF)                          -2.2816690357E+002  
 Singles correction (EcSingles)                    -1.3062960865E-002  
 HF contribution (EtotHF)                          -2.2816690357E+002  
 Singles correction (EcSingles)                    -1.3062960865E-002  
 Direct RPA correlation (EcRPA)                    -1.1644908193E+000  
 HF contribution (EtotHF)                          -1.9231928642E+002  
 Singles correction (EcSingles)                    -1.2753505045E-002  
 HF contribution (EtotHF)                          -1.9231928642E+002  
 Singles correction (EcSingles)                    -1.2753505045E-002  
 Direct RPA correlation (EcRPA)                    -1.1096042818E+000  
 HF contribution (EtotHF)                          -1.9231968277E+002  
 Singles correction (EcSingles)                    -1.2745068474E-002  
 HF contribution (EtotHF)                          -1.9231968277E+002  
 Singles correction (EcSingles)                    -1.2745068474E-002  
 Direct RPA correlation (EcRPA)                    -1.1092123997E+000  
 HF contribution (EtotHF)                          -1.9231243773E+002  
 Singles correction (EcSingles)                    -1.2182027328E-002  
 HF contribution (EtotHF)                          -1.9231243773E+002  
 Singles correction (EcSingles)                    -1.2182027328E-002  
 Direct RPA correlation (EcRPA)                    -1.1078791786E+000  
