 Converged energy                           -269.619851110427
 Converged energy                            -76.379451987111
 Converged energy                            -76.378347696253
 Converged energy                            -76.379373148706
 Converged energy                           -152.765891466565
 Converged energy                           -152.757391495811
 Converged energy                           -152.760374160954
 Converged energy                            -40.473644883805
 Converged energy                           -116.853096000812
 Converged energy                           -116.852249256250
 Converged energy                           -116.852970862327
 Converged energy                           -229.146313947942
 Converged energy                           -193.239539190220
 Converged energy                           -193.233851948494
 Converged energy                           -193.231300615169
 HF contribution (EtotHF)                          -2.6837330768E+002  
 Singles correction (EcSingles)                    -1.6880567666E-002  
 HF contribution (EtotHF)                          -2.6837330768E+002  
 Singles correction (EcSingles)                    -1.6880567666E-002  
 Direct RPA correlation (EcRPA)                    -1.4960290610E+000  
 HF contribution (EtotHF)                          -7.6054310947E+001  
 Singles correction (EcSingles)                    -3.9424199961E-003  
 HF contribution (EtotHF)                          -7.6054310947E+001  
 Singles correction (EcSingles)                    -3.9424199961E-003  
 Direct RPA correlation (EcRPA)                    -3.8601257102E-001  
 HF contribution (EtotHF)                          -7.6052545171E+001  
 Singles correction (EcSingles)                    -3.9926301910E-003  
 HF contribution (EtotHF)                          -7.6052545171E+001  
 Singles correction (EcSingles)                    -3.9926301910E-003  
 Direct RPA correlation (EcRPA)                    -3.8701058114E-001  
 HF contribution (EtotHF)                          -7.6054087616E+001  
 Singles correction (EcSingles)                    -3.9492073383E-003  
 HF contribution (EtotHF)                          -7.6054087616E+001  
 Singles correction (EcSingles)                    -3.9492073383E-003  
 Direct RPA correlation (EcRPA)                    -3.8579119077E-001  
 HF contribution (EtotHF)                          -1.5211173261E+002  
 Singles correction (EcSingles)                    -8.5010413313E-003  
 HF contribution (EtotHF)                          -1.5211173261E+002  
 Singles correction (EcSingles)                    -8.5010413313E-003  
 Direct RPA correlation (EcRPA)                    -7.7491712156E-001  
 HF contribution (EtotHF)                          -1.5210625674E+002  
 Singles correction (EcSingles)                    -7.9485156902E-003  
 HF contribution (EtotHF)                          -1.5210625674E+002  
 Singles correction (EcSingles)                    -7.9485156902E-003  
 Direct RPA correlation (EcRPA)                    -7.7287035707E-001  
 HF contribution (EtotHF)                          -1.5210987292E+002  
 Singles correction (EcSingles)                    -7.9228567139E-003  
 HF contribution (EtotHF)                          -1.5210987292E+002  
 Singles correction (EcSingles)                    -7.9228567139E-003  
 Direct RPA correlation (EcRPA)                    -7.7184228531E-001  
 HF contribution (EtotHF)                          -4.0208659902E+001  
 Singles correction (EcSingles)                    -4.0615554766E-003  
 HF contribution (EtotHF)                          -4.0208659902E+001  
 Singles correction (EcSingles)                    -4.0615554766E-003  
 Direct RPA correlation (EcRPA)                    -3.3270891793E-001  
 HF contribution (EtotHF)                          -1.1626217950E+002  
 Singles correction (EcSingles)                    -8.1423336866E-003  
 HF contribution (EtotHF)                          -1.1626217950E+002  
 Singles correction (EcSingles)                    -8.1423336866E-003  
 Direct RPA correlation (EcRPA)                    -7.1961270878E-001  
 HF contribution (EtotHF)                          -1.1626088319E+002  
 Singles correction (EcSingles)                    -8.1279335694E-003  
 HF contribution (EtotHF)                          -1.1626088319E+002  
 Singles correction (EcSingles)                    -8.1279335694E-003  
 Direct RPA correlation (EcRPA)                    -7.2039977616E-001  
 HF contribution (EtotHF)                          -1.1626174279E+002  
 Singles correction (EcSingles)                    -8.1797576876E-003  
 HF contribution (EtotHF)                          -1.1626174279E+002  
 Singles correction (EcSingles)                    -8.1797576876E-003  
 Direct RPA correlation (EcRPA)                    -7.1950707716E-001  
 HF contribution (EtotHF)                          -2.2816675062E+002  
 Singles correction (EcSingles)                    -1.2485118804E-002  
 HF contribution (EtotHF)                          -2.2816675062E+002  
 Singles correction (EcSingles)                    -1.2485118804E-002  
 Direct RPA correlation (EcRPA)                    -1.1608281755E+000  
 HF contribution (EtotHF)                          -1.9231924962E+002  
 Singles correction (EcSingles)                    -1.2749592123E-002  
 HF contribution (EtotHF)                          -1.9231924962E+002  
 Singles correction (EcSingles)                    -1.2749592123E-002  
 Direct RPA correlation (EcRPA)                    -1.1091479933E+000  
 HF contribution (EtotHF)                          -1.9231671134E+002  
 Singles correction (EcSingles)                    -1.2272706095E-002  
 HF contribution (EtotHF)                          -1.9231671134E+002  
 Singles correction (EcSingles)                    -1.2272706095E-002  
 Direct RPA correlation (EcRPA)                    -1.1064281929E+000  
 HF contribution (EtotHF)                          -1.9231366113E+002  
 Singles correction (EcSingles)                    -1.2249063386E-002  
 HF contribution (EtotHF)                          -1.9231366113E+002  
 Singles correction (EcSingles)                    -1.2249063386E-002  
 Direct RPA correlation (EcRPA)                    -1.1072517644E+000  
