 Converged energy                           -269.611186393720
 Converged energy                            -76.379418608610
 Converged energy                            -76.379224685126
 Converged energy                            -76.379483465371
 Converged energy                           -152.757966759560
 Converged energy                           -152.758628257545
 Converged energy                           -152.758945678208
 Converged energy                            -40.473641941905
 Converged energy                           -116.853059673749
 Converged energy                           -116.852894973555
 Converged energy                           -116.853281493980
 Converged energy                           -229.137422440819
 Converged energy                           -193.231550971158
 Converged energy                           -193.232731688850
 Converged energy                           -193.232492591932
 HF contribution (EtotHF)                          -2.6836806223E+002  
 Singles correction (EcSingles)                    -1.6340826604E-002  
 HF contribution (EtotHF)                          -2.6836806223E+002  
 Singles correction (EcSingles)                    -1.6340826604E-002  
 Direct RPA correlation (EcRPA)                    -1.4925187509E+000  
 HF contribution (EtotHF)                          -7.6054274032E+001  
 Singles correction (EcSingles)                    -3.9387556895E-003  
 HF contribution (EtotHF)                          -7.6054274032E+001  
 Singles correction (EcSingles)                    -3.9387556895E-003  
 Direct RPA correlation (EcRPA)                    -3.8559997383E-001  
 HF contribution (EtotHF)                          -7.6054057027E+001  
 Singles correction (EcSingles)                    -3.9402984152E-003  
 HF contribution (EtotHF)                          -7.6054057027E+001  
 Singles correction (EcSingles)                    -3.9402984152E-003  
 Direct RPA correlation (EcRPA)                    -3.8555202158E-001  
 HF contribution (EtotHF)                          -7.6054327155E+001  
 Singles correction (EcSingles)                    -3.9406219134E-003  
 HF contribution (EtotHF)                          -7.6054327155E+001  
 Singles correction (EcSingles)                    -3.9406219134E-003  
 Direct RPA correlation (EcRPA)                    -3.8568015555E-001  
 HF contribution (EtotHF)                          -1.5210730782E+002  
 Singles correction (EcSingles)                    -7.9496977687E-003  
 HF contribution (EtotHF)                          -1.5210730782E+002  
 Singles correction (EcSingles)                    -7.9496977687E-003  
 Direct RPA correlation (EcRPA)                    -7.7152930473E-001  
 HF contribution (EtotHF)                          -1.5210828871E+002  
 Singles correction (EcSingles)                    -7.8837414590E-003  
 HF contribution (EtotHF)                          -1.5210828871E+002  
 Singles correction (EcSingles)                    -7.8837414590E-003  
 Direct RPA correlation (EcRPA)                    -7.7126251306E-001  
 HF contribution (EtotHF)                          -1.5210864655E+002  
 Singles correction (EcSingles)                    -7.8795779443E-003  
 HF contribution (EtotHF)                          -1.5210864655E+002  
 Singles correction (EcSingles)                    -7.8795779443E-003  
 Direct RPA correlation (EcRPA)                    -7.7128431010E-001  
 HF contribution (EtotHF)                          -4.0208659688E+001  
 Singles correction (EcSingles)                    -4.0607893361E-003  
 HF contribution (EtotHF)                          -4.0208659688E+001  
 Singles correction (EcSingles)                    -4.0607893361E-003  
 Direct RPA correlation (EcRPA)                    -3.3270634629E-001  
 HF contribution (EtotHF)                          -1.1626214242E+002  
 Singles correction (EcSingles)                    -8.1381911348E-003  
 HF contribution (EtotHF)                          -1.1626214242E+002  
 Singles correction (EcSingles)                    -8.1381911348E-003  
 Direct RPA correlation (EcRPA)                    -7.1919575290E-001  
 HF contribution (EtotHF)                          -1.1626236387E+002  
 Singles correction (EcSingles)                    -8.0564190113E-003  
 HF contribution (EtotHF)                          -1.1626236387E+002  
 Singles correction (EcSingles)                    -8.0564190113E-003  
 Direct RPA correlation (EcRPA)                    -7.1878680428E-001  
 HF contribution (EtotHF)                          -1.1626195288E+002  
 Singles correction (EcSingles)                    -8.2030958201E-003  
 HF contribution (EtotHF)                          -1.1626195288E+002  
 Singles correction (EcSingles)                    -8.2030958201E-003  
 Direct RPA correlation (EcRPA)                    -7.1953060714E-001  
 HF contribution (EtotHF)                          -2.2816159436E+002  
 Singles correction (EcSingles)                    -1.1893195242E-002  
 HF contribution (EtotHF)                          -2.2816159436E+002  
 Singles correction (EcSingles)                    -1.1893195242E-002  
 Direct RPA correlation (EcRPA)                    -1.1572427527E+000  
 HF contribution (EtotHF)                          -1.9231478308E+002  
 Singles correction (EcSingles)                    -1.2196562350E-002  
 HF contribution (EtotHF)                          -1.9231478308E+002  
 Singles correction (EcSingles)                    -1.2196562350E-002  
 Direct RPA correlation (EcRPA)                    -1.1056601421E+000  
 HF contribution (EtotHF)                          -1.9231546817E+002  
 Singles correction (EcSingles)                    -1.2281491774E-002  
 HF contribution (EtotHF)                          -1.9231546817E+002  
 Singles correction (EcSingles)                    -1.2281491774E-002  
 Direct RPA correlation (EcRPA)                    -1.1060287026E+000  
 HF contribution (EtotHF)                          -1.9231560391E+002  
 Singles correction (EcSingles)                    -1.2199821866E-002  
 HF contribution (EtotHF)                          -1.9231560391E+002  
 Singles correction (EcSingles)                    -1.2199821866E-002  
 Direct RPA correlation (EcRPA)                    -1.1056379945E+000  
