 Converged energy                           -269.608836712269
 Converged energy                            -76.379419000373
 Converged energy                            -76.379469777454
 Converged energy                            -76.377498473641
 Converged energy                           -152.757176793098
 Converged energy                           -152.756979948410
 Converged energy                           -152.756883241081
 Converged energy                            -40.473638740594
 Converged energy                           -116.853056626285
 Converged energy                           -116.853543637800
 Converged energy                           -116.851292507213
 Converged energy                           -229.134643328497
 Converged energy                           -193.231183530102
 Converged energy                           -193.230704239758
 Converged energy                           -193.231210053396
 HF contribution (EtotHF)                          -2.6836498605E+002  
 Singles correction (EcSingles)                    -1.6354625426E-002  
 HF contribution (EtotHF)                          -2.6836498605E+002  
 Singles correction (EcSingles)                    -1.6354625426E-002  
 Direct RPA correlation (EcRPA)                    -1.4933428124E+000  
 HF contribution (EtotHF)                          -7.6054274265E+001  
 Singles correction (EcSingles)                    -3.9386696440E-003  
 HF contribution (EtotHF)                          -7.6054274265E+001  
 Singles correction (EcSingles)                    -3.9386696440E-003  
 Direct RPA correlation (EcRPA)                    -3.8559317095E-001  
 HF contribution (EtotHF)                          -7.6054313907E+001  
 Singles correction (EcSingles)                    -3.9403320309E-003  
 HF contribution (EtotHF)                          -7.6054313907E+001  
 Singles correction (EcSingles)                    -3.9403320309E-003  
 Direct RPA correlation (EcRPA)                    -3.8562848924E-001  
 HF contribution (EtotHF)                          -7.6051278572E+001  
 Singles correction (EcSingles)                    -4.0140238332E-003  
 HF contribution (EtotHF)                          -7.6051278572E+001  
 Singles correction (EcSingles)                    -4.0140238332E-003  
 Direct RPA correlation (EcRPA)                    -3.8667356862E-001  
 HF contribution (EtotHF)                          -1.5210625704E+002  
 Singles correction (EcSingles)                    -7.9947478189E-003  
 HF contribution (EtotHF)                          -1.5210625704E+002  
 Singles correction (EcSingles)                    -7.9947478189E-003  
 Direct RPA correlation (EcRPA)                    -7.7190817766E-001  
 HF contribution (EtotHF)                          -1.5210560689E+002  
 Singles correction (EcSingles)                    -7.9546228642E-003  
 HF contribution (EtotHF)                          -1.5210560689E+002  
 Singles correction (EcSingles)                    -7.9546228642E-003  
 Direct RPA correlation (EcRPA)                    -7.7230755930E-001  
 HF contribution (EtotHF)                          -1.5210551730E+002  
 Singles correction (EcSingles)                    -7.9529303714E-003  
 HF contribution (EtotHF)                          -1.5210551730E+002  
 Singles correction (EcSingles)                    -7.9529303714E-003  
 Direct RPA correlation (EcRPA)                    -7.7227393135E-001  
 HF contribution (EtotHF)                          -4.0208658244E+001  
 Singles correction (EcSingles)                    -4.0604549737E-003  
 HF contribution (EtotHF)                          -4.0208658244E+001  
 Singles correction (EcSingles)                    -4.0604549737E-003  
 Direct RPA correlation (EcRPA)                    -3.3264711451E-001  
 HF contribution (EtotHF)                          -1.1626214114E+002  
 Singles correction (EcSingles)                    -8.1375824801E-003  
 HF contribution (EtotHF)                          -1.1626214114E+002  
 Singles correction (EcSingles)                    -8.1375824801E-003  
 Direct RPA correlation (EcRPA)                    -7.1912888157E-001  
 HF contribution (EtotHF)                          -1.1626271010E+002  
 Singles correction (EcSingles)                    -8.1162757835E-003  
 HF contribution (EtotHF)                          -1.1626271010E+002  
 Singles correction (EcSingles)                    -8.1162757835E-003  
 Direct RPA correlation (EcRPA)                    -7.1903645950E-001  
 HF contribution (EtotHF)                          -1.1625975958E+002  
 Singles correction (EcSingles)                    -8.1231713708E-003  
 HF contribution (EtotHF)                          -1.1625975958E+002  
 Singles correction (EcSingles)                    -8.1231713708E-003  
 Direct RPA correlation (EcRPA)                    -7.1979695721E-001  
 HF contribution (EtotHF)                          -2.2815750577E+002  
 Singles correction (EcSingles)                    -1.2008946739E-002  
 HF contribution (EtotHF)                          -2.2815750577E+002  
 Singles correction (EcSingles)                    -1.2008946739E-002  
 Direct RPA correlation (EcRPA)                    -1.1585945798E+000  
 HF contribution (EtotHF)                          -1.9231387066E+002  
 Singles correction (EcSingles)                    -1.2294878877E-002  
 HF contribution (EtotHF)                          -1.9231387066E+002  
 Singles correction (EcSingles)                    -1.2294878877E-002  
 Direct RPA correlation (EcRPA)                    -1.1061904143E+000  
 HF contribution (EtotHF)                          -1.9231323991E+002  
 Singles correction (EcSingles)                    -1.2199398534E-002  
 HF contribution (EtotHF)                          -1.9231323991E+002  
 Singles correction (EcSingles)                    -1.2199398534E-002  
 Direct RPA correlation (EcRPA)                    -1.1062814417E+000  
 HF contribution (EtotHF)                          -1.9231383567E+002  
 Singles correction (EcSingles)                    -1.2176936680E-002  
 HF contribution (EtotHF)                          -1.9231383567E+002  
 Singles correction (EcSingles)                    -1.2176936680E-002  
 Direct RPA correlation (EcRPA)                    -1.1061855154E+000  
