 Converged energy                           -269.610752620783
 Converged energy                            -76.379412034339
 Converged energy                            -76.379151969727
 Converged energy                            -76.378191306766
 Converged energy                           -152.758833838833
 Converged energy                           -152.756990725572
 Converged energy                           -152.757566925634
 Converged energy                            -40.473638134132
 Converged energy                           -116.853048967855
 Converged energy                           -116.853243976124
 Converged energy                           -116.851772351265
 Converged energy                           -229.136632938126
 Converged energy                           -193.232959051166
 Converged energy                           -193.231156923061
 Converged energy                           -193.231066282749
 HF contribution (EtotHF)                          -2.6836782031E+002  
 Singles correction (EcSingles)                    -1.6192376957E-002  
 HF contribution (EtotHF)                          -2.6836782031E+002  
 Singles correction (EcSingles)                    -1.6192376957E-002  
 Direct RPA correlation (EcRPA)                    -1.4921160422E+000  
 HF contribution (EtotHF)                          -7.6054265753E+001  
 Singles correction (EcSingles)                    -3.9381312246E-003  
 HF contribution (EtotHF)                          -7.6054265753E+001  
 Singles correction (EcSingles)                    -3.9381312246E-003  
 Direct RPA correlation (EcRPA)                    -3.8552107151E-001  
 HF contribution (EtotHF)                          -7.6053935589E+001  
 Singles correction (EcSingles)                    -3.9433229729E-003  
 HF contribution (EtotHF)                          -7.6053935589E+001  
 Singles correction (EcSingles)                    -3.9433229729E-003  
 Direct RPA correlation (EcRPA)                    -3.8554409352E-001  
 HF contribution (EtotHF)                          -7.6052362112E+001  
 Singles correction (EcSingles)                    -3.9863979740E-003  
 HF contribution (EtotHF)                          -7.6052362112E+001  
 Singles correction (EcSingles)                    -3.9863979740E-003  
 Direct RPA correlation (EcRPA)                    -3.8625693198E-001  
 HF contribution (EtotHF)                          -1.5210850595E+002  
 Singles correction (EcSingles)                    -7.8779069230E-003  
 HF contribution (EtotHF)                          -1.5210850595E+002  
 Singles correction (EcSingles)                    -7.8779069230E-003  
 Direct RPA correlation (EcRPA)                    -7.7103157040E-001  
 HF contribution (EtotHF)                          -1.5210588745E+002  
 Singles correction (EcSingles)                    -7.9371819214E-003  
 HF contribution (EtotHF)                          -1.5210588745E+002  
 Singles correction (EcSingles)                    -7.9371819214E-003  
 Direct RPA correlation (EcRPA)                    -7.7188275888E-001  
 HF contribution (EtotHF)                          -1.5210658882E+002  
 Singles correction (EcSingles)                    -7.9250064355E-003  
 HF contribution (EtotHF)                          -1.5210658882E+002  
 Singles correction (EcSingles)                    -7.9250064355E-003  
 Direct RPA correlation (EcRPA)                    -7.7178842049E-001  
 HF contribution (EtotHF)                          -4.0208658024E+001  
 Singles correction (EcSingles)                    -4.0593473555E-003  
 HF contribution (EtotHF)                          -4.0208658024E+001  
 Singles correction (EcSingles)                    -4.0593473555E-003  
 Direct RPA correlation (EcRPA)                    -3.3265760818E-001  
 HF contribution (EtotHF)                          -1.1626213229E+002  
 Singles correction (EcSingles)                    -8.1360404695E-003  
 HF contribution (EtotHF)                          -1.1626213229E+002  
 Singles correction (EcSingles)                    -8.1360404695E-003  
 Direct RPA correlation (EcRPA)                    -7.1906639984E-001  
 HF contribution (EtotHF)                          -1.1626261290E+002  
 Singles correction (EcSingles)                    -8.0531844260E-003  
 HF contribution (EtotHF)                          -1.1626261290E+002  
 Singles correction (EcSingles)                    -8.0531844260E-003  
 Direct RPA correlation (EcRPA)                    -7.1873062234E-001  
 HF contribution (EtotHF)                          -1.1626044289E+002  
 Singles correction (EcSingles)                    -8.1196535400E-003  
 HF contribution (EtotHF)                          -1.1626044289E+002  
 Singles correction (EcSingles)                    -8.1196535400E-003  
 Direct RPA correlation (EcRPA)                    -7.1959045047E-001  
 HF contribution (EtotHF)                          -2.2816041556E+002  
 Singles correction (EcSingles)                    -1.1872215860E-002  
 HF contribution (EtotHF)                          -2.2816041556E+002  
 Singles correction (EcSingles)                    -1.1872215860E-002  
 Direct RPA correlation (EcRPA)                    -1.1573807966E+000  
 HF contribution (EtotHF)                          -1.9231643182E+002  
 Singles correction (EcSingles)                    -1.2125103944E-002  
 HF contribution (EtotHF)                          -1.9231643182E+002  
 Singles correction (EcSingles)                    -1.2125103944E-002  
 Direct RPA correlation (EcRPA)                    -1.1050971322E+000  
 HF contribution (EtotHF)                          -1.9231388385E+002  
 Singles correction (EcSingles)                    -1.2197466287E-002  
 HF contribution (EtotHF)                          -1.9231388385E+002  
 Singles correction (EcSingles)                    -1.2197466287E-002  
 Direct RPA correlation (EcRPA)                    -1.1060134445E+000  
 HF contribution (EtotHF)                          -1.9231403745E+002  
 Singles correction (EcSingles)                    -1.2119261101E-002  
 HF contribution (EtotHF)                          -1.9231403745E+002  
 Singles correction (EcSingles)                    -1.2119261101E-002  
 Direct RPA correlation (EcRPA)                    -1.1057350930E+000  
