 Converged energy                           -269.617568955977
 Converged energy                            -76.379411673695
 Converged energy                            -76.379553066159
 Converged energy                            -76.378934789154
 Converged energy                           -152.759008336274
 Converged energy                           -152.764735588958
 Converged energy                           -152.758226891139
 Converged energy                            -40.473643989490
 Converged energy                           -116.853054795218
 Converged energy                           -116.853352925484
 Converged energy                           -116.852460772035
 Converged energy                           -229.144119975358
 Converged energy                           -193.232796219358
 Converged energy                           -193.231770449091
 Converged energy                           -193.238189389931
 HF contribution (EtotHF)                          -2.6836958987E+002  
 Singles correction (EcSingles)                    -1.7080262480E-002  
 HF contribution (EtotHF)                          -2.6836958987E+002  
 Singles correction (EcSingles)                    -1.7080262480E-002  
 Direct RPA correlation (EcRPA)                    -1.4969812185E+000  
 HF contribution (EtotHF)                          -7.6054265534E+001  
 Singles correction (EcSingles)                    -3.9381650166E-003  
 HF contribution (EtotHF)                          -7.6054265534E+001  
 Singles correction (EcSingles)                    -3.9381650166E-003  
 Direct RPA correlation (EcRPA)                    -3.8552724927E-001  
 HF contribution (EtotHF)                          -7.6054403489E+001  
 Singles correction (EcSingles)                    -3.9473858816E-003  
 HF contribution (EtotHF)                          -7.6054403489E+001  
 Singles correction (EcSingles)                    -3.9473858816E-003  
 Direct RPA correlation (EcRPA)                    -3.8649523411E-001  
 HF contribution (EtotHF)                          -7.6053303917E+001  
 Singles correction (EcSingles)                    -3.9762374963E-003  
 HF contribution (EtotHF)                          -7.6053303917E+001  
 Singles correction (EcSingles)                    -3.9762374963E-003  
 Direct RPA correlation (EcRPA)                    -3.8664337664E-001  
 HF contribution (EtotHF)                          -1.5210871436E+002  
 Singles correction (EcSingles)                    -7.8857593534E-003  
 HF contribution (EtotHF)                          -1.5210871436E+002  
 Singles correction (EcSingles)                    -7.8857593534E-003  
 Direct RPA correlation (EcRPA)                    -7.7202677787E-001  
 HF contribution (EtotHF)                          -1.5210931883E+002  
 Singles correction (EcSingles)                    -8.6439531609E-003  
 HF contribution (EtotHF)                          -1.5210931883E+002  
 Singles correction (EcSingles)                    -8.6439531609E-003  
 Direct RPA correlation (EcRPA)                    -7.7584443575E-001  
 HF contribution (EtotHF)                          -1.5210742752E+002  
 Singles correction (EcSingles)                    -7.9175209898E-003  
 HF contribution (EtotHF)                          -1.5210742752E+002  
 Singles correction (EcSingles)                    -7.9175209898E-003  
 Direct RPA correlation (EcRPA)                    -7.7220333484E-001  
 HF contribution (EtotHF)                          -4.0208660736E+001  
 Singles correction (EcSingles)                    -4.0615220397E-003  
 HF contribution (EtotHF)                          -4.0208660736E+001  
 Singles correction (EcSingles)                    -4.0615220397E-003  
 Direct RPA correlation (EcRPA)                    -3.3273161702E-001  
 HF contribution (EtotHF)                          -1.1626213463E+002  
 Singles correction (EcSingles)                    -8.1382572598E-003  
 HF contribution (EtotHF)                          -1.1626213463E+002  
 Singles correction (EcSingles)                    -8.1382572598E-003  
 Direct RPA correlation (EcRPA)                    -7.1914689476E-001  
 HF contribution (EtotHF)                          -1.1626203036E+002  
 Singles correction (EcSingles)                    -8.2102649851E-003  
 HF contribution (EtotHF)                          -1.1626203036E+002  
 Singles correction (EcSingles)                    -8.2102649851E-003  
 Direct RPA correlation (EcRPA)                    -7.2037848572E-001  
 HF contribution (EtotHF)                          -1.1626106267E+002  
 Singles correction (EcSingles)                    -8.1809770943E-003  
 HF contribution (EtotHF)                          -1.1626106267E+002  
 Singles correction (EcSingles)                    -8.1809770943E-003  
 Direct RPA correlation (EcRPA)                    -7.2028926788E-001  
 HF contribution (EtotHF)                          -2.2816353456E+002  
 Singles correction (EcSingles)                    -1.2586246817E-002  
 HF contribution (EtotHF)                          -2.2816353456E+002  
 Singles correction (EcSingles)                    -1.2586246817E-002  
 Direct RPA correlation (EcRPA)                    -1.1614065602E+000  
 HF contribution (EtotHF)                          -1.9231553676E+002  
 Singles correction (EcSingles)                    -1.2288055361E-002  
 HF contribution (EtotHF)                          -1.9231553676E+002  
 Singles correction (EcSingles)                    -1.2288055361E-002  
 Direct RPA correlation (EcRPA)                    -1.1068025482E+000  
 HF contribution (EtotHF)                          -1.9231441518E+002  
 Singles correction (EcSingles)                    -1.2260828638E-002  
 HF contribution (EtotHF)                          -1.9231441518E+002  
 Singles correction (EcSingles)                    -1.2260828638E-002  
 Direct RPA correlation (EcRPA)                    -1.1067372907E+000  
 HF contribution (EtotHF)                          -1.9231616946E+002  
 Singles correction (EcSingles)                    -1.2998634321E-002  
 HF contribution (EtotHF)                          -1.9231616946E+002  
 Singles correction (EcSingles)                    -1.2998634321E-002  
 Direct RPA correlation (EcRPA)                    -1.1105268539E+000  
