 Converged energy                           -269.607933839580
 Converged energy                            -76.378282914917
 Converged energy                            -76.378683785082
 Converged energy                            -76.378191709359
 Converged energy                           -152.755706324540
 Converged energy                           -152.756870861943
 Converged energy                           -152.756580367871
 Converged energy                            -40.473643951620
 Converged energy                           -116.852182783047
 Converged energy                           -116.852428566403
 Converged energy                           -116.851778449640
 Converged energy                           -229.134002118813
 Converged energy                           -193.229750536392
 Converged energy                           -193.230372280977
 Converged energy                           -193.230552912385
 HF contribution (EtotHF)                          -2.6836411412E+002  
 Singles correction (EcSingles)                    -1.6227922951E-002  
 HF contribution (EtotHF)                          -2.6836411412E+002  
 Singles correction (EcSingles)                    -1.6227922951E-002  
 Direct RPA correlation (EcRPA)                    -1.4932881868E+000  
 HF contribution (EtotHF)                          -7.6052475050E+001  
 Singles correction (EcSingles)                    -3.9853117046E-003  
 HF contribution (EtotHF)                          -7.6052475050E+001  
 Singles correction (EcSingles)                    -3.9853117046E-003  
 Direct RPA correlation (EcRPA)                    -3.8628124074E-001  
 HF contribution (EtotHF)                          -7.6053132914E+001  
 Singles correction (EcSingles)                    -3.9665509256E-003  
 HF contribution (EtotHF)                          -7.6053132914E+001  
 Singles correction (EcSingles)                    -3.9665509256E-003  
 Direct RPA correlation (EcRPA)                    -3.8592020145E-001  
 HF contribution (EtotHF)                          -7.6052362425E+001  
 Singles correction (EcSingles)                    -3.9863813596E-003  
 HF contribution (EtotHF)                          -7.6052362425E+001  
 Singles correction (EcSingles)                    -3.9863813596E-003  
 Direct RPA correlation (EcRPA)                    -3.8625632307E-001  
 HF contribution (EtotHF)                          -1.5210409095E+002  
 Singles correction (EcSingles)                    -7.9887134747E-003  
 HF contribution (EtotHF)                          -1.5210409095E+002  
 Singles correction (EcSingles)                    -7.9887134747E-003  
 Direct RPA correlation (EcRPA)                    -7.7254017367E-001  
 HF contribution (EtotHF)                          -1.5210547777E+002  
 Singles correction (EcSingles)                    -7.9551446206E-003  
 HF contribution (EtotHF)                          -1.5210547777E+002  
 Singles correction (EcSingles)                    -7.9551446206E-003  
 Direct RPA correlation (EcRPA)                    -7.7220354286E-001  
 HF contribution (EtotHF)                          -1.5210495395E+002  
 Singles correction (EcSingles)                    -7.9706760644E-003  
 HF contribution (EtotHF)                          -1.5210495395E+002  
 Singles correction (EcSingles)                    -7.9706760644E-003  
 Direct RPA correlation (EcRPA)                    -7.7253128738E-001  
 HF contribution (EtotHF)                          -4.0208658836E+001  
 Singles correction (EcSingles)                    -4.0615545931E-003  
 HF contribution (EtotHF)                          -4.0208658836E+001  
 Singles correction (EcSingles)                    -4.0615545931E-003  
 Direct RPA correlation (EcRPA)                    -3.3265875024E-001  
 HF contribution (EtotHF)                          -1.1626081130E+002  
 Singles correction (EcSingles)                    -8.1207084778E-003  
 HF contribution (EtotHF)                          -1.1626081130E+002  
 Singles correction (EcSingles)                    -8.1207084778E-003  
 Direct RPA correlation (EcRPA)                    -7.1961501836E-001  
 HF contribution (EtotHF)                          -1.1626156050E+002  
 Singles correction (EcSingles)                    -8.0790987271E-003  
 HF contribution (EtotHF)                          -1.1626156050E+002  
 Singles correction (EcSingles)                    -8.0790987271E-003  
 Direct RPA correlation (EcRPA)                    -7.1906343278E-001  
 HF contribution (EtotHF)                          -1.1626044375E+002  
 Singles correction (EcSingles)                    -8.1217978275E-003  
 HF contribution (EtotHF)                          -1.1626044375E+002  
 Singles correction (EcSingles)                    -8.1217978275E-003  
 Direct RPA correlation (EcRPA)                    -7.1959084225E-001  
 HF contribution (EtotHF)                          -2.2815655557E+002  
 Singles correction (EcSingles)                    -1.1976211941E-002  
 HF contribution (EtotHF)                          -2.2815655557E+002  
 Singles correction (EcSingles)                    -1.1976211941E-002  
 Direct RPA correlation (EcRPA)                    -1.1588167551E+000  
 HF contribution (EtotHF)                          -1.9231228775E+002  
 Singles correction (EcSingles)                    -1.2165873786E-002  
 HF contribution (EtotHF)                          -1.9231228775E+002  
 Singles correction (EcSingles)                    -1.2165873786E-002  
 Direct RPA correlation (EcRPA)                    -1.1063246808E+000  
 HF contribution (EtotHF)                          -1.9231266122E+002  
 Singles correction (EcSingles)                    -1.2179891030E-002  
 HF contribution (EtotHF)                          -1.9231266122E+002  
 Singles correction (EcSingles)                    -1.2179891030E-002  
 Direct RPA correlation (EcRPA)                    -1.1065463568E+000  
 HF contribution (EtotHF)                          -1.9231331744E+002  
 Singles correction (EcSingles)                    -1.2142292041E-002  
 HF contribution (EtotHF)                          -1.9231331744E+002  
 Singles correction (EcSingles)                    -1.2142292041E-002  
 Direct RPA correlation (EcRPA)                    -1.1060284785E+000  
