 Converged energy                           -269.613883677801
 Converged energy                            -76.378290121101
 Converged energy                            -76.379474978532
 Converged energy                            -76.379267589528
 Converged energy                           -152.759476412359
 Converged energy                           -152.758163172100
 Converged energy                           -152.759220078087
 Converged energy                            -40.473645039317
 Converged energy                           -116.852191051625
 Converged energy                           -116.853555428683
 Converged energy                           -116.852967623302
 Converged energy                           -229.139786458349
 Converged energy                           -193.233743566734
 Converged energy                           -193.233060816141
 Converged energy                           -193.232180332880
 HF contribution (EtotHF)                          -2.6837070359E+002  
 Singles correction (EcSingles)                    -1.6290518669E-002  
 HF contribution (EtotHF)                          -2.6837070359E+002  
 Singles correction (EcSingles)                    -1.6290518669E-002  
 Direct RPA correlation (EcRPA)                    -1.4928545058E+000  
 HF contribution (EtotHF)                          -7.6052483349E+001  
 Singles correction (EcSingles)                    -3.9854414660E-003  
 HF contribution (EtotHF)                          -7.6052483349E+001  
 Singles correction (EcSingles)                    -3.9854414660E-003  
 Direct RPA correlation (EcRPA)                    -3.8633344957E-001  
 HF contribution (EtotHF)                          -7.6054320435E+001  
 Singles correction (EcSingles)                    -3.9407122860E-003  
 HF contribution (EtotHF)                          -7.6054320435E+001  
 Singles correction (EcSingles)                    -3.9407122860E-003  
 Direct RPA correlation (EcRPA)                    -3.8566943902E-001  
 HF contribution (EtotHF)                          -7.6053952837E+001  
 Singles correction (EcSingles)                    -3.9507755471E-003  
 HF contribution (EtotHF)                          -7.6053952837E+001  
 Singles correction (EcSingles)                    -3.9507755471E-003  
 Direct RPA correlation (EcRPA)                    -3.8581262871E-001  
 HF contribution (EtotHF)                          -1.5210863549E+002  
 Singles correction (EcSingles)                    -7.9221519154E-003  
 HF contribution (EtotHF)                          -1.5210863549E+002  
 Singles correction (EcSingles)                    -7.9221519154E-003  
 Direct RPA correlation (EcRPA)                    -7.7183411793E-001  
 HF contribution (EtotHF)                          -1.5210736798E+002  
 Singles correction (EcSingles)                    -7.9592043411E-003  
 HF contribution (EtotHF)                          -1.5210736798E+002  
 Singles correction (EcSingles)                    -7.9592043411E-003  
 Direct RPA correlation (EcRPA)                    -7.7183508743E-001  
 HF contribution (EtotHF)                          -1.5210810922E+002  
 Singles correction (EcSingles)                    -7.9515920608E-003  
 HF contribution (EtotHF)                          -1.5210810922E+002  
 Singles correction (EcSingles)                    -7.9515920608E-003  
 Direct RPA correlation (EcRPA)                    -7.7210094297E-001  
 HF contribution (EtotHF)                          -4.0208658229E+001  
 Singles correction (EcSingles)                    -4.0625939870E-003  
 HF contribution (EtotHF)                          -4.0208658229E+001  
 Singles correction (EcSingles)                    -4.0625939870E-003  
 Direct RPA correlation (EcRPA)                    -3.3269265553E-001  
 HF contribution (EtotHF)                          -1.1626081895E+002  
 Singles correction (EcSingles)                    -8.1218870686E-003  
 HF contribution (EtotHF)                          -1.1626081895E+002  
 Singles correction (EcSingles)                    -8.1218870686E-003  
 Direct RPA correlation (EcRPA)                    -7.1970216440E-001  
 HF contribution (EtotHF)                          -1.1626271671E+002  
 Singles correction (EcSingles)                    -8.1188695822E-003  
 HF contribution (EtotHF)                          -1.1626271671E+002  
 Singles correction (EcSingles)                    -8.1188695822E-003  
 Direct RPA correlation (EcRPA)                    -7.1912384790E-001  
 HF contribution (EtotHF)                          -1.1626203157E+002  
 Singles correction (EcSingles)                    -8.1339711723E-003  
 HF contribution (EtotHF)                          -1.1626203157E+002  
 Singles correction (EcSingles)                    -8.1339711723E-003  
 Direct RPA correlation (EcRPA)                    -7.1929715422E-001  
 HF contribution (EtotHF)                          -2.2816333594E+002  
 Singles correction (EcSingles)                    -1.1950456658E-002  
 HF contribution (EtotHF)                          -2.2816333594E+002  
 Singles correction (EcSingles)                    -1.1950456658E-002  
 Direct RPA correlation (EcRPA)                    -1.1579508678E+000  
 HF contribution (EtotHF)                          -1.9231667601E+002  
 Singles correction (EcSingles)                    -1.2165958702E-002  
 HF contribution (EtotHF)                          -1.9231667601E+002  
 Singles correction (EcSingles)                    -1.2165958702E-002  
 Direct RPA correlation (EcRPA)                    -1.1059673178E+000  
 HF contribution (EtotHF)                          -1.9231580856E+002  
 Singles correction (EcSingles)                    -1.2197409486E-002  
 HF contribution (EtotHF)                          -1.9231580856E+002  
 Singles correction (EcSingles)                    -1.2197409486E-002  
 Direct RPA correlation (EcRPA)                    -1.1062522064E+000  
 HF contribution (EtotHF)                          -1.9231515103E+002  
 Singles correction (EcSingles)                    -1.2241671439E-002  
 HF contribution (EtotHF)                          -1.9231515103E+002  
 Singles correction (EcSingles)                    -1.2241671439E-002  
 Direct RPA correlation (EcRPA)                    -1.1060675860E+000  
