 Converged energy                           -269.612224483814
 Converged energy                            -76.378287225432
 Converged energy                            -76.377518146222
 Converged energy                            -76.379302332313
 Converged energy                           -152.757221705381
 Converged energy                           -152.758469886513
 Converged energy                           -152.757448777432
 Converged energy                            -40.473644260206
 Converged energy                           -116.852187594905
 Converged energy                           -116.851400639451
 Converged energy                           -116.853204705438
 Converged energy                           -229.138025908800
 Converged energy                           -193.231241375597
 Converged energy                           -193.231652919291
 Converged energy                           -193.232485730995
 HF contribution (EtotHF)                          -2.6836826981E+002  
 Singles correction (EcSingles)                    -1.6289562425E-002  
 HF contribution (EtotHF)                          -2.6836826981E+002  
 Singles correction (EcSingles)                    -1.6289562425E-002  
 Direct RPA correlation (EcRPA)                    -1.4934553334E+000  
 HF contribution (EtotHF)                          -7.6052479968E+001  
 Singles correction (EcSingles)                    -3.9855238940E-003  
 HF contribution (EtotHF)                          -7.6052479968E+001  
 Singles correction (EcSingles)                    -3.9855238940E-003  
 Direct RPA correlation (EcRPA)                    -3.8631971526E-001  
 HF contribution (EtotHF)                          -7.6051303806E+001  
 Singles correction (EcSingles)                    -4.0138563725E-003  
 HF contribution (EtotHF)                          -7.6051303806E+001  
 Singles correction (EcSingles)                    -4.0138563725E-003  
 Direct RPA correlation (EcRPA)                    -3.8674533591E-001  
 HF contribution (EtotHF)                          -7.6054032350E+001  
 Singles correction (EcSingles)                    -3.9468145857E-003  
 HF contribution (EtotHF)                          -7.6054032350E+001  
 Singles correction (EcSingles)                    -3.9468145857E-003  
 Direct RPA correlation (EcRPA)                    -3.8568202921E-001  
 HF contribution (EtotHF)                          -1.5210511046E+002  
 Singles correction (EcSingles)                    -8.0343312411E-003  
 HF contribution (EtotHF)                          -1.5210511046E+002  
 Singles correction (EcSingles)                    -8.0343312411E-003  
 Direct RPA correlation (EcRPA)                    -7.7311406504E-001  
 HF contribution (EtotHF)                          -1.5210699966E+002  
 Singles correction (EcSingles)                    -7.9757889331E-003  
 HF contribution (EtotHF)                          -1.5210699966E+002  
 Singles correction (EcSingles)                    -7.9757889331E-003  
 Direct RPA correlation (EcRPA)                    -7.7237670048E-001  
 HF contribution (EtotHF)                          -1.5210635822E+002  
 Singles correction (EcSingles)                    -7.9341458673E-003  
 HF contribution (EtotHF)                          -1.5210635822E+002  
 Singles correction (EcSingles)                    -7.9341458673E-003  
 Direct RPA correlation (EcRPA)                    -7.7202535744E-001  
 HF contribution (EtotHF)                          -4.0208657843E+001  
 Singles correction (EcSingles)                    -4.0620897139E-003  
 HF contribution (EtotHF)                          -4.0208657843E+001  
 Singles correction (EcSingles)                    -4.0620897139E-003  
 Direct RPA correlation (EcRPA)                    -3.3267428416E-001  
 HF contribution (EtotHF)                          -1.1626081549E+002  
 Singles correction (EcSingles)                    -8.1214402005E-003  
 HF contribution (EtotHF)                          -1.1626081549E+002  
 Singles correction (EcSingles)                    -8.1214402005E-003  
 Direct RPA correlation (EcRPA)                    -7.1966936911E-001  
 HF contribution (EtotHF)                          -1.1625983731E+002  
 Singles correction (EcSingles)                    -8.1255953133E-003  
 HF contribution (EtotHF)                          -1.1625983731E+002  
 Singles correction (EcSingles)                    -8.1255953133E-003  
 Direct RPA correlation (EcRPA)                    -7.1992632236E-001  
 HF contribution (EtotHF)                          -1.1626219549E+002  
 Singles correction (EcSingles)                    -8.1354057489E-003  
 HF contribution (EtotHF)                          -1.1626219549E+002  
 Singles correction (EcSingles)                    -8.1354057489E-003  
 Direct RPA correlation (EcRPA)                    -7.1919974272E-001  
 HF contribution (EtotHF)                          -2.2816065050E+002  
 Singles correction (EcSingles)                    -1.1996594577E-002  
 HF contribution (EtotHF)                          -2.2816065050E+002  
 Singles correction (EcSingles)                    -1.1996594577E-002  
 Direct RPA correlation (EcRPA)                    -1.1587666798E+000  
 HF contribution (EtotHF)                          -1.9231325180E+002  
 Singles correction (EcSingles)                    -1.2211393991E-002  
 HF contribution (EtotHF)                          -1.9231325180E+002  
 Singles correction (EcSingles)                    -1.2211393991E-002  
 Direct RPA correlation (EcRPA)                    -1.1069689223E+000  
 HF contribution (EtotHF)                          -1.9231424822E+002  
 Singles correction (EcSingles)                    -1.2195850532E-002  
 HF contribution (EtotHF)                          -1.9231424822E+002  
 Singles correction (EcSingles)                    -1.2195850532E-002  
 Direct RPA correlation (EcRPA)                    -1.1062126939E+000  
 HF contribution (EtotHF)                          -1.9231496307E+002  
 Singles correction (EcSingles)                    -1.2203910714E-002  
 HF contribution (EtotHF)                          -1.9231496307E+002  
 Singles correction (EcSingles)                    -1.2203910714E-002  
 Direct RPA correlation (EcRPA)                    -1.1063969500E+000  
