 Converged energy                           -269.616716731665
 Converged energy                            -76.378282211313
 Converged energy                            -76.379105873449
 Converged energy                            -76.378249677888
 Converged energy                           -152.757770109868
 Converged energy                           -152.763830164583
 Converged energy                           -152.756637751662
 Converged energy                            -40.473646177977
 Converged energy                           -116.852184512361
 Converged energy                           -116.853102191316
 Converged energy                           -116.851838922348
 Converged energy                           -229.142742365034
 Converged energy                           -193.231979974349
 Converged energy                           -193.230432372999
 Converged energy                           -193.237664202116
 HF contribution (EtotHF)                          -2.6836708225E+002  
 Singles correction (EcSingles)                    -1.7083664262E-002  
 HF contribution (EtotHF)                          -2.6836708225E+002  
 Singles correction (EcSingles)                    -1.7083664262E-002  
 Direct RPA correlation (EcRPA)                    -1.4981124589E+000  
 HF contribution (EtotHF)                          -7.6052474401E+001  
 Singles correction (EcSingles)                    -3.9852666243E-003  
 HF contribution (EtotHF)                          -7.6052474401E+001  
 Singles correction (EcSingles)                    -3.9852666243E-003  
 Direct RPA correlation (EcRPA)                    -3.8627647462E-001  
 HF contribution (EtotHF)                          -7.6053599544E+001  
 Singles correction (EcSingles)                    -3.9731134918E-003  
 HF contribution (EtotHF)                          -7.6053599544E+001  
 Singles correction (EcSingles)                    -3.9731134918E-003  
 Direct RPA correlation (EcRPA)                    -3.8706936846E-001  
 HF contribution (EtotHF)                          -7.6052423993E+001  
 Singles correction (EcSingles)                    -3.9915945284E-003  
 HF contribution (EtotHF)                          -7.6052423993E+001  
 Singles correction (EcSingles)                    -3.9915945284E-003  
 Direct RPA correlation (EcRPA)                    -3.8695568091E-001  
 HF contribution (EtotHF)                          -1.5210650998E+002  
 Singles correction (EcSingles)                    -7.9520357818E-003  
 HF contribution (EtotHF)                          -1.5210650998E+002  
 Singles correction (EcSingles)                    -7.9520357818E-003  
 Direct RPA correlation (EcRPA)                    -7.7328672259E-001  
 HF contribution (EtotHF)                          -1.5210682971E+002  
 Singles correction (EcSingles)                    -8.7572381529E-003  
 HF contribution (EtotHF)                          -1.5210682971E+002  
 Singles correction (EcSingles)                    -8.7572381529E-003  
 Direct RPA correlation (EcRPA)                    -7.7685925868E-001  
 HF contribution (EtotHF)                          -1.5210501505E+002  
 Singles correction (EcSingles)                    -7.9758649425E-003  
 HF contribution (EtotHF)                          -1.5210501505E+002  
 Singles correction (EcSingles)                    -7.9758649425E-003  
 Direct RPA correlation (EcRPA)                    -7.7322578313E-001  
 HF contribution (EtotHF)                          -4.0208660542E+001  
 Singles correction (EcSingles)                    -4.0619437366E-003  
 HF contribution (EtotHF)                          -4.0208660542E+001  
 Singles correction (EcSingles)                    -4.0619437366E-003  
 Direct RPA correlation (EcRPA)                    -3.3271388343E-001  
 HF contribution (EtotHF)                          -1.1626081259E+002  
 Singles correction (EcSingles)                    -8.1210528325E-003  
 HF contribution (EtotHF)                          -1.1626081259E+002  
 Singles correction (EcSingles)                    -8.1210528325E-003  
 Direct RPA correlation (EcRPA)                    -7.1966517984E-001  
 HF contribution (EtotHF)                          -1.1626145943E+002  
 Singles correction (EcSingles)                    -8.2267620391E-003  
 HF contribution (EtotHF)                          -1.1626145943E+002  
 Singles correction (EcSingles)                    -8.2267620391E-003  
 Direct RPA correlation (EcRPA)                    -7.2089439034E-001  
 HF contribution (EtotHF)                          -1.1626050723E+002  
 Singles correction (EcSingles)                    -8.1273465903E-003  
 HF contribution (EtotHF)                          -1.1626050723E+002  
 Singles correction (EcSingles)                    -8.1273465903E-003  
 Direct RPA correlation (EcRPA)                    -7.2034897321E-001  
 HF contribution (EtotHF)                          -2.2816000229E+002  
 Singles correction (EcSingles)                    -1.2735143326E-002  
 HF contribution (EtotHF)                          -2.2816000229E+002  
 Singles correction (EcSingles)                    -1.2735143326E-002  
 Direct RPA correlation (EcRPA)                    -1.1630602064E+000  
 HF contribution (EtotHF)                          -1.9231400832E+002  
 Singles correction (EcSingles)                    -1.2278266247E-002  
 HF contribution (EtotHF)                          -1.9231400832E+002  
 Singles correction (EcSingles)                    -1.2278266247E-002  
 Direct RPA correlation (EcRPA)                    -1.1077909481E+000  
 HF contribution (EtotHF)                          -1.9231272447E+002  
 Singles correction (EcSingles)                    -1.2185397727E-002  
 HF contribution (EtotHF)                          -1.9231272447E+002  
 Singles correction (EcSingles)                    -1.2185397727E-002  
 Direct RPA correlation (EcRPA)                    -1.1072994067E+000  
 HF contribution (EtotHF)                          -1.9231434335E+002  
 Singles correction (EcSingles)                    -1.3033342628E-002  
 HF contribution (EtotHF)                          -1.9231434335E+002  
 Singles correction (EcSingles)                    -1.3033342628E-002  
 Direct RPA correlation (EcRPA)                    -1.1112281129E+000  
