 Converged energy                           -269.611149224054
 Converged energy                            -76.378685456809
 Converged energy                            -76.379214098930
 Converged energy                            -76.379185274596
 Converged energy                           -152.757417445004
 Converged energy                           -152.758043546702
 Converged energy                           -152.758688776590
 Converged energy                            -40.473635631528
 Converged energy                           -116.852421899846
 Converged energy                           -116.852877901984
 Converged energy                           -116.853111689159
 Converged energy                           -229.137091169290
 Converged energy                           -193.231183737597
 Converged energy                           -193.232683004648
 Converged energy                           -193.232035702716
 HF contribution (EtotHF)                          -2.6836901435E+002  
 Singles correction (EcSingles)                    -1.6090333385E-002  
 HF contribution (EtotHF)                          -2.6836901435E+002  
 Singles correction (EcSingles)                    -1.6090333385E-002  
 Direct RPA correlation (EcRPA)                    -1.4912722397E+000  
 HF contribution (EtotHF)                          -7.6053134289E+001  
 Singles correction (EcSingles)                    -3.9668358169E-003  
 HF contribution (EtotHF)                          -7.6053134289E+001  
 Singles correction (EcSingles)                    -3.9668358169E-003  
 Direct RPA correlation (EcRPA)                    -3.8594788758E-001  
 HF contribution (EtotHF)                          -7.6054043389E+001  
 Singles correction (EcSingles)                    -3.9397071956E-003  
 HF contribution (EtotHF)                          -7.6054043389E+001  
 Singles correction (EcSingles)                    -3.9397071956E-003  
 Direct RPA correlation (EcRPA)                    -3.8546550321E-001  
 HF contribution (EtotHF)                          -7.6053987630E+001  
 Singles correction (EcSingles)                    -3.9416505087E-003  
 HF contribution (EtotHF)                          -7.6053987630E+001  
 Singles correction (EcSingles)                    -3.9416505087E-003  
 Direct RPA correlation (EcRPA)                    -3.8550621140E-001  
 HF contribution (EtotHF)                          -1.5210654955E+002  
 Singles correction (EcSingles)                    -7.9320239504E-003  
 HF contribution (EtotHF)                          -1.5210654955E+002  
 Singles correction (EcSingles)                    -7.9320239504E-003  
 Direct RPA correlation (EcRPA)                    -7.7159775242E-001  
 HF contribution (EtotHF)                          -1.5210761820E+002  
 Singles correction (EcSingles)                    -7.8887234984E-003  
 HF contribution (EtotHF)                          -1.5210761820E+002  
 Singles correction (EcSingles)                    -7.8887234984E-003  
 Direct RPA correlation (EcRPA)                    -7.7105209707E-001  
 HF contribution (EtotHF)                          -1.5210790880E+002  
 Singles correction (EcSingles)                    -7.9224837498E-003  
 HF contribution (EtotHF)                          -1.5210790880E+002  
 Singles correction (EcSingles)                    -7.9224837498E-003  
 Direct RPA correlation (EcRPA)                    -7.7148036117E-001  
 HF contribution (EtotHF)                          -4.0208655585E+001  
 Singles correction (EcSingles)                    -4.0587913519E-003  
 HF contribution (EtotHF)                          -4.0208655585E+001  
 Singles correction (EcSingles)                    -4.0587913519E-003  
 Direct RPA correlation (EcRPA)                    -3.3260369481E-001  
 HF contribution (EtotHF)                          -1.1626155876E+002  
 Singles correction (EcSingles)                    -8.0765470374E-003  
 HF contribution (EtotHF)                          -1.1626155876E+002  
 Singles correction (EcSingles)                    -8.0765470374E-003  
 Direct RPA correlation (EcRPA)                    -7.1903556935E-001  
 HF contribution (EtotHF)                          -1.1626234605E+002  
 Singles correction (EcSingles)                    -8.0538496917E-003  
 HF contribution (EtotHF)                          -1.1626234605E+002  
 Singles correction (EcSingles)                    -8.0538496917E-003  
 Direct RPA correlation (EcRPA)                    -7.1859656689E-001  
 HF contribution (EtotHF)                          -1.1626256086E+002  
 Singles correction (EcSingles)                    -8.0472640695E-003  
 HF contribution (EtotHF)                          -1.1626256086E+002  
 Singles correction (EcSingles)                    -8.0472640695E-003  
 Direct RPA correlation (EcRPA)                    -7.1859980727E-001  
 HF contribution (EtotHF)                          -2.2816093950E+002  
 Singles correction (EcSingles)                    -1.1894563584E-002  
 HF contribution (EtotHF)                          -2.2816093950E+002  
 Singles correction (EcSingles)                    -1.1894563584E-002  
 Direct RPA correlation (EcRPA)                    -1.1572077309E+000  
 HF contribution (EtotHF)                          -1.9231466275E+002  
 Singles correction (EcSingles)                    -1.2089014749E-002  
 HF contribution (EtotHF)                          -1.9231466275E+002  
 Singles correction (EcSingles)                    -1.2089014749E-002  
 Direct RPA correlation (EcRPA)                    -1.1051909432E+000  
 HF contribution (EtotHF)                          -1.9231625510E+002  
 Singles correction (EcSingles)                    -1.2071997333E-002  
 HF contribution (EtotHF)                          -1.9231625510E+002  
 Singles correction (EcSingles)                    -1.2071997333E-002  
 Direct RPA correlation (EcRPA)                    -1.1050468776E+000  
 HF contribution (EtotHF)                          -1.9231588323E+002  
 Singles correction (EcSingles)                    -1.2048251823E-002  
 HF contribution (EtotHF)                          -1.9231588323E+002  
 Singles correction (EcSingles)                    -1.2048251823E-002  
 Direct RPA correlation (EcRPA)                    -1.1046649889E+000  
