 Converged energy                           -269.612956470214
 Converged energy                            -76.378682225346
 Converged energy                            -76.379169104132
 Converged energy                            -76.379263286276
 Converged energy                           -152.757528737857
 Converged energy                           -152.760045111021
 Converged energy                           -152.758330400463
 Converged energy                            -40.473638661302
 Converged energy                           -116.852421618792
 Converged energy                           -116.853262458574
 Converged energy                           -116.852957103868
 Converged energy                           -229.138790828768
 Converged energy                           -193.231778926186
 Converged energy                           -193.232097147808
 Converged energy                           -193.234081353226
 HF contribution (EtotHF)                          -2.6836997227E+002  
 Singles correction (EcSingles)                    -1.6252261493E-002  
 HF contribution (EtotHF)                          -2.6836997227E+002  
 Singles correction (EcSingles)                    -1.6252261493E-002  
 Direct RPA correlation (EcRPA)                    -1.4923063641E+000  
 HF contribution (EtotHF)                          -7.6053130935E+001  
 Singles correction (EcSingles)                    -3.9665576010E-003  
 HF contribution (EtotHF)                          -7.6053130935E+001  
 Singles correction (EcSingles)                    -3.9665576010E-003  
 Direct RPA correlation (EcRPA)                    -3.8590713979E-001  
 HF contribution (EtotHF)                          -7.6053832870E+001  
 Singles correction (EcSingles)                    -3.9513200581E-003  
 HF contribution (EtotHF)                          -7.6053832870E+001  
 Singles correction (EcSingles)                    -3.9513200581E-003  
 Direct RPA correlation (EcRPA)                    -3.8578606583E-001  
 HF contribution (EtotHF)                          -7.6053947167E+001  
 Singles correction (EcSingles)                    -3.9501329121E-003  
 HF contribution (EtotHF)                          -7.6053947167E+001  
 Singles correction (EcSingles)                    -3.9501329121E-003  
 Direct RPA correlation (EcRPA)                    -3.8574646033E-001  
 HF contribution (EtotHF)                          -1.5210659613E+002  
 Singles correction (EcSingles)                    -7.9242236323E-003  
 HF contribution (EtotHF)                          -1.5210659613E+002  
 Singles correction (EcSingles)                    -7.9242236323E-003  
 Direct RPA correlation (EcRPA)                    -7.7176043156E-001  
 HF contribution (EtotHF)                          -1.5210930355E+002  
 Singles correction (EcSingles)                    -7.9360500416E-003  
 HF contribution (EtotHF)                          -1.5210930355E+002  
 Singles correction (EcSingles)                    -7.9360500416E-003  
 Direct RPA correlation (EcRPA)                    -7.7158306477E-001  
 HF contribution (EtotHF)                          -1.5210751868E+002  
 Singles correction (EcSingles)                    -7.9102661606E-003  
 HF contribution (EtotHF)                          -1.5210751868E+002  
 Singles correction (EcSingles)                    -7.9102661606E-003  
 Direct RPA correlation (EcRPA)                    -7.7159304717E-001  
 HF contribution (EtotHF)                          -4.0208658075E+001  
 Singles correction (EcSingles)                    -4.0606069308E-003  
 HF contribution (EtotHF)                          -4.0208658075E+001  
 Singles correction (EcSingles)                    -4.0606069308E-003  
 Direct RPA correlation (EcRPA)                    -3.3266545843E-001  
 HF contribution (EtotHF)                          -1.1626155784E+002  
 Singles correction (EcSingles)                    -8.0781368701E-003  
 HF contribution (EtotHF)                          -1.1626155784E+002  
 Singles correction (EcSingles)                    -8.0781368701E-003  
 Direct RPA correlation (EcRPA)                    -7.1905598346E-001  
 HF contribution (EtotHF)                          -1.1626207968E+002  
 Singles correction (EcSingles)                    -8.1522766298E-003  
 HF contribution (EtotHF)                          -1.1626207968E+002  
 Singles correction (EcSingles)                    -8.1522766298E-003  
 Direct RPA correlation (EcRPA)                    -7.1935155667E-001  
 HF contribution (EtotHF)                          -1.1626202584E+002  
 Singles correction (EcSingles)                    -8.1313121476E-003  
 HF contribution (EtotHF)                          -1.1626202584E+002  
 Singles correction (EcSingles)                    -8.1313121476E-003  
 Direct RPA correlation (EcRPA)                    -7.1920362620E-001  
 HF contribution (EtotHF)                          -2.2816251018E+002  
 Singles correction (EcSingles)                    -1.1902091895E-002  
 HF contribution (EtotHF)                          -2.2816251018E+002  
 Singles correction (EcSingles)                    -1.1902091895E-002  
 Direct RPA correlation (EcRPA)                    -1.1574958606E+000  
 HF contribution (EtotHF)                          -1.9231468516E+002  
 Singles correction (EcSingles)                    -1.2172294946E-002  
 HF contribution (EtotHF)                          -1.9231468516E+002  
 Singles correction (EcSingles)                    -1.2172294946E-002  
 Direct RPA correlation (EcRPA)                    -1.1057940338E+000  
 HF contribution (EtotHF)                          -1.9231533841E+002  
 Singles correction (EcSingles)                    -1.2141700197E-002  
 HF contribution (EtotHF)                          -1.9231533841E+002  
 Singles correction (EcSingles)                    -1.2141700197E-002  
 Direct RPA correlation (EcRPA)                    -1.1055386848E+000  
 HF contribution (EtotHF)                          -1.9231695251E+002  
 Singles correction (EcSingles)                    -1.2239357394E-002  
 HF contribution (EtotHF)                          -1.9231695251E+002  
 Singles correction (EcSingles)                    -1.2239357394E-002  
 Direct RPA correlation (EcRPA)                    -1.1059197608E+000  
