 Converged energy                           -269.611594385637
 Converged energy                            -76.378682695199
 Converged energy                            -76.377508048272
 Converged energy                            -76.379485663020
 Converged energy                           -152.756200199700
 Converged energy                           -152.758741722200
 Converged energy                           -152.758291019074
 Converged energy                            -40.473645543155
 Converged energy                           -116.852429013087
 Converged energy                           -116.851391854299
 Converged energy                           -116.853287403077
 Converged energy                           -229.137561754513
 Converged energy                           -193.230182995326
 Converged energy                           -193.232166924710
 Converged energy                           -193.232702823421
 HF contribution (EtotHF)                          -2.6836797973E+002  
 Singles correction (EcSingles)                    -1.6273124678E-002  
 HF contribution (EtotHF)                          -2.6836797973E+002  
 Singles correction (EcSingles)                    -1.6273124678E-002  
 Direct RPA correlation (EcRPA)                    -1.4929434896E+000  
 HF contribution (EtotHF)                          -7.6053131407E+001  
 Singles correction (EcSingles)                    -3.9666072685E-003  
 HF contribution (EtotHF)                          -7.6053131407E+001  
 Singles correction (EcSingles)                    -3.9666072685E-003  
 Direct RPA correlation (EcRPA)                    -3.8590432492E-001  
 HF contribution (EtotHF)                          -7.6051293355E+001  
 Singles correction (EcSingles)                    -4.0138436719E-003  
 HF contribution (EtotHF)                          -7.6051293355E+001  
 Singles correction (EcSingles)                    -4.0138436719E-003  
 Direct RPA correlation (EcRPA)                    -3.8669916914E-001  
 HF contribution (EtotHF)                          -7.6054329371E+001  
 Singles correction (EcSingles)                    -3.9407137453E-003  
 HF contribution (EtotHF)                          -7.6054329371E+001  
 Singles correction (EcSingles)                    -3.9407137453E-003  
 Direct RPA correlation (EcRPA)                    -3.8570266447E-001  
 HF contribution (EtotHF)                          -1.5210442468E+002  
 Singles correction (EcSingles)                    -7.9822693297E-003  
 HF contribution (EtotHF)                          -1.5210442468E+002  
 Singles correction (EcSingles)                    -7.9822693297E-003  
 Direct RPA correlation (EcRPA)                    -7.7262606661E-001  
 HF contribution (EtotHF)                          -1.5210748928E+002  
 Singles correction (EcSingles)                    -7.9515302316E-003  
 HF contribution (EtotHF)                          -1.5210748928E+002  
 Singles correction (EcSingles)                    -7.9515302316E-003  
 Direct RPA correlation (EcRPA)                    -7.7223167728E-001  
 HF contribution (EtotHF)                          -1.5210760451E+002  
 Singles correction (EcSingles)                    -7.9046213674E-003  
 HF contribution (EtotHF)                          -1.5210760451E+002  
 Singles correction (EcSingles)                    -7.9046213674E-003  
 Direct RPA correlation (EcRPA)                    -7.7158408624E-001  
 HF contribution (EtotHF)                          -4.0208659265E+001  
 Singles correction (EcSingles)                    -4.0629606311E-003  
 HF contribution (EtotHF)                          -4.0208659265E+001  
 Singles correction (EcSingles)                    -4.0629606311E-003  
 Direct RPA correlation (EcRPA)                    -3.3266954020E-001  
 HF contribution (EtotHF)                          -1.1626155948E+002  
 Singles correction (EcSingles)                    -8.0806168155E-003  
 HF contribution (EtotHF)                          -1.1626155948E+002  
 Singles correction (EcSingles)                    -8.0806168155E-003  
 Direct RPA correlation (EcRPA)                    -7.1905733661E-001  
 HF contribution (EtotHF)                          -1.1625982791E+002  
 Singles correction (EcSingles)                    -8.1267071073E-003  
 HF contribution (EtotHF)                          -1.1625982791E+002  
 Singles correction (EcSingles)                    -8.1267071073E-003  
 Direct RPA correlation (EcRPA)                    -7.1987389321E-001  
 HF contribution (EtotHF)                          -1.1626195507E+002  
 Singles correction (EcSingles)                    -8.2053413257E-003  
 HF contribution (EtotHF)                          -1.1626195507E+002  
 Singles correction (EcSingles)                    -8.2053413257E-003  
 Direct RPA correlation (EcRPA)                    -7.1951653141E-001  
 HF contribution (EtotHF)                          -2.2816076897E+002  
 Singles correction (EcSingles)                    -1.1917376205E-002  
 HF contribution (EtotHF)                          -2.2816076897E+002  
 Singles correction (EcSingles)                    -1.1917376205E-002  
 Direct RPA correlation (EcRPA)                    -1.1581357939E+000  
 HF contribution (EtotHF)                          -1.9231272065E+002  
 Singles correction (EcSingles)                    -1.2146983421E-002  
 HF contribution (EtotHF)                          -1.9231272065E+002  
 Singles correction (EcSingles)                    -1.2146983421E-002  
 Direct RPA correlation (EcRPA)                    -1.1062908136E+000  
 HF contribution (EtotHF)                          -1.9231496938E+002  
 Singles correction (EcSingles)                    -1.2220522169E-002  
 HF contribution (EtotHF)                          -1.9231496938E+002  
 Singles correction (EcSingles)                    -1.2220522169E-002  
 Direct RPA correlation (EcRPA)                    -1.1058873440E+000  
 HF contribution (EtotHF)                          -1.9231496888E+002  
 Singles correction (EcSingles)                    -1.2255224222E-002  
 HF contribution (EtotHF)                          -1.9231496888E+002  
 Singles correction (EcSingles)                    -1.2255224222E-002  
 Direct RPA correlation (EcRPA)                    -1.1065434343E+000  
