 Converged energy                           -269.612467544368
 Converged energy                            -76.378689619035
 Converged energy                            -76.379024333966
 Converged energy                            -76.379299103062
 Converged energy                           -152.758494282181
 Converged energy                           -152.758462284845
 Converged energy                           -152.758281446858
 Converged energy                            -40.473641062488
 Converged energy                           -116.852431519735
 Converged energy                           -116.853016100213
 Converged energy                           -116.853198283693
 Converged energy                           -229.138241474844
 Converged energy                           -193.232539488007
 Converged energy                           -193.232272598969
 Converged energy                           -193.232645241675
 HF contribution (EtotHF)                          -2.6836889133E+002  
 Singles correction (EcSingles)                    -1.6331673907E-002  
 HF contribution (EtotHF)                          -2.6836889133E+002  
 Singles correction (EcSingles)                    -1.6331673907E-002  
 Direct RPA correlation (EcRPA)                    -1.4928820776E+000  
 HF contribution (EtotHF)                          -7.6053139047E+001  
 Singles correction (EcSingles)                    -3.9666307607E-003  
 HF contribution (EtotHF)                          -7.6053139047E+001  
 Singles correction (EcSingles)                    -3.9666307607E-003  
 Direct RPA correlation (EcRPA)                    -3.8594752998E-001  
 HF contribution (EtotHF)                          -7.6053512696E+001  
 Singles correction (EcSingles)                    -3.9645035161E-003  
 HF contribution (EtotHF)                          -7.6053512696E+001  
 Singles correction (EcSingles)                    -3.9645035161E-003  
 Direct RPA correlation (EcRPA)                    -3.8608482254E-001  
 HF contribution (EtotHF)                          -7.6054028631E+001  
 Singles correction (EcSingles)                    -3.9464957200E-003  
 HF contribution (EtotHF)                          -7.6054028631E+001  
 Singles correction (EcSingles)                    -3.9464957200E-003  
 Direct RPA correlation (EcRPA)                    -3.8565691393E-001  
 HF contribution (EtotHF)                          -1.5210730333E+002  
 Singles correction (EcSingles)                    -7.9700175266E-003  
 HF contribution (EtotHF)                          -1.5210730333E+002  
 Singles correction (EcSingles)                    -7.9700175266E-003  
 Direct RPA correlation (EcRPA)                    -7.7214631494E-001  
 HF contribution (EtotHF)                          -1.5210769281E+002  
 Singles correction (EcSingles)                    -7.9114189425E-003  
 HF contribution (EtotHF)                          -1.5210769281E+002  
 Singles correction (EcSingles)                    -7.9114189425E-003  
 Direct RPA correlation (EcRPA)                    -7.7173723245E-001  
 HF contribution (EtotHF)                          -1.5210749688E+002  
 Singles correction (EcSingles)                    -7.9094442538E-003  
 HF contribution (EtotHF)                          -1.5210749688E+002  
 Singles correction (EcSingles)                    -7.9094442538E-003  
 Direct RPA correlation (EcRPA)                    -7.7156860405E-001  
 HF contribution (EtotHF)                          -4.0208658315E+001  
 Singles correction (EcSingles)                    -4.0606969717E-003  
 HF contribution (EtotHF)                          -4.0208658315E+001  
 Singles correction (EcSingles)                    -4.0606969717E-003  
 Direct RPA correlation (EcRPA)                    -3.3269105672E-001  
 HF contribution (EtotHF)                          -1.1626156633E+002  
 Singles correction (EcSingles)                    -8.0782623802E-003  
 HF contribution (EtotHF)                          -1.1626156633E+002  
 Singles correction (EcSingles)                    -8.0782623802E-003  
 Direct RPA correlation (EcRPA)                    -7.1912313674E-001  
 HF contribution (EtotHF)                          -1.1626137096E+002  
 Singles correction (EcSingles)                    -8.2171428705E-003  
 HF contribution (EtotHF)                          -1.1626137096E+002  
 Singles correction (EcSingles)                    -8.2171428705E-003  
 Direct RPA correlation (EcRPA)                    -7.1987861160E-001  
 HF contribution (EtotHF)                          -1.1626219231E+002  
 Singles correction (EcSingles)                    -8.1337526642E-003  
 HF contribution (EtotHF)                          -1.1626219231E+002  
 Singles correction (EcSingles)                    -8.1337526642E-003  
 Direct RPA correlation (EcRPA)                    -7.1919125882E-001  
 HF contribution (EtotHF)                          -2.2816182785E+002  
 Singles correction (EcSingles)                    -1.1913640897E-002  
 HF contribution (EtotHF)                          -2.2816182785E+002  
 Singles correction (EcSingles)                    -1.1913640897E-002  
 Direct RPA correlation (EcRPA)                    -1.1577631500E+000  
 HF contribution (EtotHF)                          -1.9231493567E+002  
 Singles correction (EcSingles)                    -1.2263237367E-002  
 HF contribution (EtotHF)                          -1.9231493567E+002  
 Singles correction (EcSingles)                    -1.2263237367E-002  
 Direct RPA correlation (EcRPA)                    -1.1064179839E+000  
 HF contribution (EtotHF)                          -1.9231542559E+002  
 Singles correction (EcSingles)                    -1.2146245034E-002  
 HF contribution (EtotHF)                          -1.9231542559E+002  
 Singles correction (EcSingles)                    -1.2146245034E-002  
 Direct RPA correlation (EcRPA)                    -1.1055828421E+000  
 HF contribution (EtotHF)                          -1.9231498781E+002  
 Singles correction (EcSingles)                    -1.2290202206E-002  
 HF contribution (EtotHF)                          -1.9231498781E+002  
 Singles correction (EcSingles)                    -1.2290202206E-002  
 Direct RPA correlation (EcRPA)                    -1.1063830116E+000  
