 Converged energy                           -269.619279075310
 Converged energy                            -76.378909464015
 Converged energy                            -76.379462139546
 Converged energy                            -76.378695155094
 Converged energy                           -152.757957259704
 Converged energy                           -152.758547210126
 Converged energy                           -152.765569538744
 Converged energy                            -40.473639145136
 Converged energy                           -116.852496212398
 Converged energy                           -116.853536543199
 Converged energy                           -116.852815737575
 Converged energy                           -229.145097893134
 Converged energy                           -193.231983805476
 Converged energy                           -193.239368850475
 Converged energy                           -193.233060559106
 HF contribution (EtotHF)                          -2.6837270331E+002  
 Singles correction (EcSingles)                    -1.6834287606E-002  
 HF contribution (EtotHF)                          -2.6837270331E+002  
 Singles correction (EcSingles)                    -1.6834287606E-002  
 Direct RPA correlation (EcRPA)                    -1.4958263140E+000  
 HF contribution (EtotHF)                          -7.6053278430E+001  
 Singles correction (EcSingles)                    -3.9761281477E-003  
 HF contribution (EtotHF)                          -7.6053278430E+001  
 Singles correction (EcSingles)                    -3.9761281477E-003  
 Direct RPA correlation (EcRPA)                    -3.8657518330E-001  
 HF contribution (EtotHF)                          -7.6054304926E+001  
 Singles correction (EcSingles)                    -3.9399624519E-003  
 HF contribution (EtotHF)                          -7.6054304926E+001  
 Singles correction (EcSingles)                    -3.9399624519E-003  
 Direct RPA correlation (EcRPA)                    -3.8556716210E-001  
 HF contribution (EtotHF)                          -7.6053130829E+001  
 Singles correction (EcSingles)                    -3.9757534895E-003  
 HF contribution (EtotHF)                          -7.6053130829E+001  
 Singles correction (EcSingles)                    -3.9757534895E-003  
 Direct RPA correlation (EcRPA)                    -3.8675157734E-001  
 HF contribution (EtotHF)                          -1.5210709203E+002  
 Singles correction (EcSingles)                    -7.9282774003E-003  
 HF contribution (EtotHF)                          -1.5210709203E+002  
 Singles correction (EcSingles)                    -7.9282774003E-003  
 Direct RPA correlation (EcRPA)                    -7.7225113792E-001  
 HF contribution (EtotHF)                          -1.5210788228E+002  
 Singles correction (EcSingles)                    -7.9090272288E-003  
 HF contribution (EtotHF)                          -1.5210788228E+002  
 Singles correction (EcSingles)                    -7.9090272288E-003  
 Direct RPA correlation (EcRPA)                    -7.7225673743E-001  
 HF contribution (EtotHF)                          -1.5211091079E+002  
 Singles correction (EcSingles)                    -8.5375479986E-003  
 HF contribution (EtotHF)                          -1.5211091079E+002  
 Singles correction (EcSingles)                    -8.5375479986E-003  
 Direct RPA correlation (EcRPA)                    -7.7531425515E-001  
 HF contribution (EtotHF)                          -4.0208657230E+001  
 Singles correction (EcSingles)                    -4.0601609117E-003  
 HF contribution (EtotHF)                          -4.0208657230E+001  
 Singles correction (EcSingles)                    -4.0601609117E-003  
 Direct RPA correlation (EcRPA)                    -3.3267499279E-001  
 HF contribution (EtotHF)                          -1.1626115352E+002  
 Singles correction (EcSingles)                    -8.1721043370E-003  
 HF contribution (EtotHF)                          -1.1626115352E+002  
 Singles correction (EcSingles)                    -8.1721043370E-003  
 Direct RPA correlation (EcRPA)                    -7.2012741671E-001  
 HF contribution (EtotHF)                          -1.1626270008E+002  
 Singles correction (EcSingles)                    -8.1156752896E-003  
 HF contribution (EtotHF)                          -1.1626270008E+002  
 Singles correction (EcSingles)                    -8.1156752896E-003  
 Direct RPA correlation (EcRPA)                    -7.1900209719E-001  
 HF contribution (EtotHF)                          -1.1626173421E+002  
 Singles correction (EcSingles)                    -8.0992193236E-003  
 HF contribution (EtotHF)                          -1.1626173421E+002  
 Singles correction (EcSingles)                    -8.0992193236E-003  
 Direct RPA correlation (EcRPA)                    -7.2005264536E-001  
 HF contribution (EtotHF)                          -2.2816525356E+002  
 Singles correction (EcSingles)                    -1.2485481168E-002  
 HF contribution (EtotHF)                          -2.2816525356E+002  
 Singles correction (EcSingles)                    -1.2485481168E-002  
 Direct RPA correlation (EcRPA)                    -1.1609282206E+000  
 HF contribution (EtotHF)                          -1.9231471053E+002  
 Singles correction (EcSingles)                    -1.2239209267E-002  
 HF contribution (EtotHF)                          -1.9231471053E+002  
 Singles correction (EcSingles)                    -1.2239209267E-002  
 Direct RPA correlation (EcRPA)                    -1.1065636862E+000  
 HF contribution (EtotHF)                          -1.9231867203E+002  
 Singles correction (EcSingles)                    -1.2772920861E-002  
 HF contribution (EtotHF)                          -1.9231867203E+002  
 Singles correction (EcSingles)                    -1.2772920861E-002  
 Direct RPA correlation (EcRPA)                    -1.1094476837E+000  
 HF contribution (EtotHF)                          -1.9231618026E+002  
 Singles correction (EcSingles)                    -1.2147271544E-002  
 HF contribution (EtotHF)                          -1.9231618026E+002  
 Singles correction (EcSingles)                    -1.2147271544E-002  
 Direct RPA correlation (EcRPA)                    -1.1063239515E+000  
