 Converged energy                           -269.610344412764
 Converged energy                            -76.378866409581
 Converged energy                            -76.379472901184
 Converged energy                            -76.379261839194
 Converged energy                           -152.757924874079
 Converged energy                           -152.758155351741
 Converged energy                           -152.757862783786
 Converged energy                            -40.473637416852
 Converged energy                           -116.852451199669
 Converged energy                           -116.853545635368
 Converged energy                           -116.852954039057
 Converged energy                           -229.136337400859
 Converged energy                           -193.231949475796
 Converged energy                           -193.231547528973
 Converged energy                           -193.232164596257
 HF contribution (EtotHF)                          -2.6836684443E+002  
 Singles correction (EcSingles)                    -1.6362148476E-002  
 HF contribution (EtotHF)                          -2.6836684443E+002  
 Singles correction (EcSingles)                    -1.6362148476E-002  
 Direct RPA correlation (EcRPA)                    -1.4931127072E+000  
 HF contribution (EtotHF)                          -7.6053230169E+001  
 Singles correction (EcSingles)                    -3.9713781410E-003  
 HF contribution (EtotHF)                          -7.6053230169E+001  
 Singles correction (EcSingles)                    -3.9713781410E-003  
 Direct RPA correlation (EcRPA)                    -3.8606998237E-001  
 HF contribution (EtotHF)                          -7.6054318066E+001  
 Singles correction (EcSingles)                    -3.9406395637E-003  
 HF contribution (EtotHF)                          -7.6054318066E+001  
 Singles correction (EcSingles)                    -3.9406395637E-003  
 Direct RPA correlation (EcRPA)                    -3.8564935009E-001  
 HF contribution (EtotHF)                          -7.6053946275E+001  
 Singles correction (EcSingles)                    -3.9503613288E-003  
 HF contribution (EtotHF)                          -7.6053946275E+001  
 Singles correction (EcSingles)                    -3.9503613288E-003  
 Direct RPA correlation (EcRPA)                    -3.8577244461E-001  
 HF contribution (EtotHF)                          -1.5210705679E+002  
 Singles correction (EcSingles)                    -7.9241822960E-003  
 HF contribution (EtotHF)                          -1.5210705679E+002  
 Singles correction (EcSingles)                    -7.9241822960E-003  
 Direct RPA correlation (EcRPA)                    -7.7182820386E-001  
 HF contribution (EtotHF)                          -1.5210735894E+002  
 Singles correction (EcSingles)                    -7.9587542330E-003  
 HF contribution (EtotHF)                          -1.5210735894E+002  
 Singles correction (EcSingles)                    -7.9587542330E-003  
 Direct RPA correlation (EcRPA)                    -7.7177482769E-001  
 HF contribution (EtotHF)                          -1.5210686974E+002  
 Singles correction (EcSingles)                    -7.9275429572E-003  
 HF contribution (EtotHF)                          -1.5210686974E+002  
 Singles correction (EcSingles)                    -7.9275429572E-003  
 Direct RPA correlation (EcRPA)                    -7.7190126903E-001  
 HF contribution (EtotHF)                          -4.0208658700E+001  
 Singles correction (EcSingles)                    -4.0600022233E-003  
 HF contribution (EtotHF)                          -4.0208658700E+001  
 Singles correction (EcSingles)                    -4.0600022233E-003  
 Direct RPA correlation (EcRPA)                    -3.3269084447E-001  
 HF contribution (EtotHF)                          -1.1626110666E+002  
 Singles correction (EcSingles)                    -8.1673216190E-003  
 HF contribution (EtotHF)                          -1.1626110666E+002  
 Singles correction (EcSingles)                    -8.1673216190E-003  
 Direct RPA correlation (EcRPA)                    -7.1963473833E-001  
 HF contribution (EtotHF)                          -1.1626271484E+002  
 Singles correction (EcSingles)                    -8.1161767407E-003  
 HF contribution (EtotHF)                          -1.1626271484E+002  
 Singles correction (EcSingles)                    -8.1161767407E-003  
 Direct RPA correlation (EcRPA)                    -7.1910171408E-001  
 HF contribution (EtotHF)                          -1.1626202550E+002  
 Singles correction (EcSingles)                    -8.1310092527E-003  
 HF contribution (EtotHF)                          -1.1626202550E+002  
 Singles correction (EcSingles)                    -8.1310092527E-003  
 Direct RPA correlation (EcRPA)                    -7.1925428177E-001  
 HF contribution (EtotHF)                          -2.2815978621E+002  
 Singles correction (EcSingles)                    -1.1948080155E-002  
 HF contribution (EtotHF)                          -2.2815978621E+002  
 Singles correction (EcSingles)                    -1.1948080155E-002  
 Direct RPA correlation (EcRPA)                    -1.1580131765E+000  
 HF contribution (EtotHF)                          -1.9231467683E+002  
 Singles correction (EcSingles)                    -1.2235083726E-002  
 HF contribution (EtotHF)                          -1.9231467683E+002  
 Singles correction (EcSingles)                    -1.2235083726E-002  
 Direct RPA correlation (EcRPA)                    -1.1061548035E+000  
 HF contribution (EtotHF)                          -1.9231421778E+002  
 Singles correction (EcSingles)                    -1.2242886339E-002  
 HF contribution (EtotHF)                          -1.9231421778E+002  
 Singles correction (EcSingles)                    -1.2242886339E-002  
 Direct RPA correlation (EcRPA)                    -1.1062527528E+000  
 HF contribution (EtotHF)                          -1.9231514256E+002  
 Singles correction (EcSingles)                    -1.2238623271E-002  
 HF contribution (EtotHF)                          -1.9231514256E+002  
 Singles correction (EcSingles)                    -1.2238623271E-002  
 Direct RPA correlation (EcRPA)                    -1.1060043471E+000  
