 Converged energy                           -269.614682979461
 Converged energy                            -76.378970596315
 Converged energy                            -76.379377310848
 Converged energy                            -76.377567885392
 Converged energy                           -152.757699593093
 Converged energy                           -152.756944070701
 Converged energy                           -152.762310910917
 Converged energy                            -40.473641492566
 Converged energy                           -116.852560023319
 Converged energy                           -116.852971727351
 Converged energy                           -116.851448015469
 Converged energy                           -229.140938440903
 Converged energy                           -193.231146336421
 Converged energy                           -193.236220234863
 Converged energy                           -193.230762056417
 HF contribution (EtotHF)                          -2.6836434984E+002  
 Singles correction (EcSingles)                    -1.7215601970E-002  
 HF contribution (EtotHF)                          -2.6836434984E+002  
 Singles correction (EcSingles)                    -1.7215601970E-002  
 Direct RPA correlation (EcRPA)                    -1.4988001761E+000  
 HF contribution (EtotHF)                          -7.6053342438E+001  
 Singles correction (EcSingles)                    -3.9816609330E-003  
 HF contribution (EtotHF)                          -7.6053342438E+001  
 Singles correction (EcSingles)                    -3.9816609330E-003  
 Direct RPA correlation (EcRPA)                    -3.8723785074E-001  
 HF contribution (EtotHF)                          -7.6054093248E+001  
 Singles correction (EcSingles)                    -3.9496861392E-003  
 HF contribution (EtotHF)                          -7.6054093248E+001  
 Singles correction (EcSingles)                    -3.9496861392E-003  
 Direct RPA correlation (EcRPA)                    -3.8584958458E-001  
 HF contribution (EtotHF)                          -7.6051356711E+001  
 Singles correction (EcSingles)                    -4.0193004194E-003  
 HF contribution (EtotHF)                          -7.6051356711E+001  
 Singles correction (EcSingles)                    -4.0193004194E-003  
 Direct RPA correlation (EcRPA)                    -3.8741993859E-001  
 HF contribution (EtotHF)                          -1.5210641883E+002  
 Singles correction (EcSingles)                    -8.0072205175E-003  
 HF contribution (EtotHF)                          -1.5210641883E+002  
 Singles correction (EcSingles)                    -8.0072205175E-003  
 Direct RPA correlation (EcRPA)                    -7.7348343042E-001  
 HF contribution (EtotHF)                          -1.5210545488E+002  
 Singles correction (EcSingles)                    -7.9691952711E-003  
 HF contribution (EtotHF)                          -1.5210545488E+002  
 Singles correction (EcSingles)                    -7.9691952711E-003  
 Direct RPA correlation (EcRPA)                    -7.7327703911E-001  
 HF contribution (EtotHF)                          -1.5210435562E+002  
 Singles correction (EcSingles)                    -8.8277267463E-003  
 HF contribution (EtotHF)                          -1.5210435562E+002  
 Singles correction (EcSingles)                    -8.8277267463E-003  
 Direct RPA correlation (EcRPA)                    -7.7758663330E-001  
 HF contribution (EtotHF)                          -4.0208658173E+001  
 Singles correction (EcSingles)                    -4.0605341482E-003  
 HF contribution (EtotHF)                          -4.0208658173E+001  
 Singles correction (EcSingles)                    -4.0605341482E-003  
 Direct RPA correlation (EcRPA)                    -3.3267708250E-001  
 HF contribution (EtotHF)                          -1.1626121918E+002  
 Singles correction (EcSingles)                    -8.1779547639E-003  
 HF contribution (EtotHF)                          -1.1626121918E+002  
 Singles correction (EcSingles)                    -8.1779547639E-003  
 Direct RPA correlation (EcRPA)                    -7.2079904081E-001  
 HF contribution (EtotHF)                          -1.1626174669E+002  
 Singles correction (EcSingles)                    -8.1792566202E-003  
 HF contribution (EtotHF)                          -1.1626174669E+002  
 Singles correction (EcSingles)                    -8.1792566202E-003  
 Direct RPA correlation (EcRPA)                    -7.1953470069E-001  
 HF contribution (EtotHF)                          -1.1625989021E+002  
 Singles correction (EcSingles)                    -8.1294926814E-003  
 HF contribution (EtotHF)                          -1.1625989021E+002  
 Singles correction (EcSingles)                    -8.1294926814E-003  
 Direct RPA correlation (EcRPA)                    -7.2060449171E-001  
 HF contribution (EtotHF)                          -2.2815736233E+002  
 Singles correction (EcSingles)                    -1.2846877876E-002  
 HF contribution (EtotHF)                          -2.2815736233E+002  
 Singles correction (EcSingles)                    -1.2846877876E-002  
 Direct RPA correlation (EcRPA)                    -1.1638260272E+000  
 HF contribution (EtotHF)                          -1.9231328847E+002  
 Singles correction (EcSingles)                    -1.2355805399E-002  
 HF contribution (EtotHF)                          -1.9231328847E+002  
 Singles correction (EcSingles)                    -1.2355805399E-002  
 Direct RPA correlation (EcRPA)                    -1.1080359680E+000  
 HF contribution (EtotHF)                          -1.9231239202E+002  
 Singles correction (EcSingles)                    -1.3040192375E-002  
 HF contribution (EtotHF)                          -1.9231239202E+002  
 Singles correction (EcSingles)                    -1.3040192375E-002  
 Direct RPA correlation (EcRPA)                    -1.1115606295E+000  
 HF contribution (EtotHF)                          -1.9231296365E+002  
 Singles correction (EcSingles)                    -1.2248680634E-002  
 HF contribution (EtotHF)                          -1.9231296365E+002  
 Singles correction (EcSingles)                    -1.2248680634E-002  
 Direct RPA correlation (EcRPA)                    -1.1074744603E+000  
