 Converged energy                           -269.616821633558
 Converged energy                            -76.378865858942
 Converged energy                            -76.379341957034
 Converged energy                            -76.378518191948
 Converged energy                           -152.757942432917
 Converged energy                           -152.764497938175
 Converged energy                           -152.757043453545
 Converged energy                            -40.473637607976
 Converged energy                           -116.852450595467
 Converged energy                           -116.853034740594
 Converged energy                           -116.852506498547
 Converged energy                           -229.142601498787
 Converged energy                           -193.231627508065
 Converged energy                           -193.231037305979
 Converged energy                           -193.238656792192
 HF contribution (EtotHF)                          -2.6836821646E+002  
 Singles correction (EcSingles)                    -1.7010305206E-002  
 HF contribution (EtotHF)                          -2.6836821646E+002  
 Singles correction (EcSingles)                    -1.7010305206E-002  
 Direct RPA correlation (EcRPA)                    -1.4970589164E+000  
 HF contribution (EtotHF)                          -7.6053229463E+001  
 Singles correction (EcSingles)                    -3.9713807070E-003  
 HF contribution (EtotHF)                          -7.6053229463E+001  
 Singles correction (EcSingles)                    -3.9713807070E-003  
 Direct RPA correlation (EcRPA)                    -3.8606566230E-001  
 HF contribution (EtotHF)                          -7.6054032446E+001  
 Singles correction (EcSingles)                    -3.9583720701E-003  
 HF contribution (EtotHF)                          -7.6054032446E+001  
 Singles correction (EcSingles)                    -3.9583720701E-003  
 Direct RPA correlation (EcRPA)                    -3.8669524980E-001  
 HF contribution (EtotHF)                          -7.6052845589E+001  
 Singles correction (EcSingles)                    -3.9806259952E-003  
 HF contribution (EtotHF)                          -7.6052845589E+001  
 Singles correction (EcSingles)                    -3.9806259952E-003  
 Direct RPA correlation (EcRPA)                    -3.8673582877E-001  
 HF contribution (EtotHF)                          -1.5210695535E+002  
 Singles correction (EcSingles)                    -7.9355834694E-003  
 HF contribution (EtotHF)                          -1.5210695535E+002  
 Singles correction (EcSingles)                    -7.9355834694E-003  
 Direct RPA correlation (EcRPA)                    -7.7281924475E-001  
 HF contribution (EtotHF)                          -1.5210814840E+002  
 Singles correction (EcSingles)                    -8.6993589163E-003  
 HF contribution (EtotHF)                          -1.5210814840E+002  
 Singles correction (EcSingles)                    -8.6993589163E-003  
 Direct RPA correlation (EcRPA)                    -7.7613389726E-001  
 HF contribution (EtotHF)                          -1.5210568572E+002  
 Singles correction (EcSingles)                    -7.9588768117E-003  
 HF contribution (EtotHF)                          -1.5210568572E+002  
 Singles correction (EcSingles)                    -7.9588768117E-003  
 Direct RPA correlation (EcRPA)                    -7.7287368653E-001  
 HF contribution (EtotHF)                          -4.0208657890E+001  
 Singles correction (EcSingles)                    -4.0597603864E-003  
 HF contribution (EtotHF)                          -4.0208657890E+001  
 Singles correction (EcSingles)                    -4.0597603864E-003  
 Direct RPA correlation (EcRPA)                    -3.3265061615E-001  
 HF contribution (EtotHF)                          -1.1626110506E+002  
 Singles correction (EcSingles)                    -8.1670877912E-003  
 HF contribution (EtotHF)                          -1.1626110506E+002  
 Singles correction (EcSingles)                    -8.1670877912E-003  
 Direct RPA correlation (EcRPA)                    -7.1958992121E-001  
 HF contribution (EtotHF)                          -1.1626211145E+002  
 Singles correction (EcSingles)                    -8.1385150107E-003  
 HF contribution (EtotHF)                          -1.1626211145E+002  
 Singles correction (EcSingles)                    -8.1385150107E-003  
 Direct RPA correlation (EcRPA)                    -7.2014261934E-001  
 HF contribution (EtotHF)                          -1.1626146877E+002  
 Singles correction (EcSingles)                    -8.0872452777E-003  
 HF contribution (EtotHF)                          -1.1626146877E+002  
 Singles correction (EcSingles)                    -8.0872452777E-003  
 Direct RPA correlation (EcRPA)                    -7.1989320051E-001  
 HF contribution (EtotHF)                          -2.2816052640E+002  
 Singles correction (EcSingles)                    -1.2682750830E-002  
 HF contribution (EtotHF)                          -2.2816052640E+002  
 Singles correction (EcSingles)                    -1.2682750830E-002  
 Direct RPA correlation (EcRPA)                    -1.1623369490E+000  
 HF contribution (EtotHF)                          -1.9231430305E+002  
 Singles correction (EcSingles)                    -1.2250406879E-002  
 HF contribution (EtotHF)                          -1.9231430305E+002  
 Singles correction (EcSingles)                    -1.2250406879E-002  
 Direct RPA correlation (EcRPA)                    -1.1071360573E+000  
 HF contribution (EtotHF)                          -1.9231360145E+002  
 Singles correction (EcSingles)                    -1.2197661540E-002  
 HF contribution (EtotHF)                          -1.9231360145E+002  
 Singles correction (EcSingles)                    -1.2197661540E-002  
 Direct RPA correlation (EcRPA)                    -1.1068888299E+000  
 HF contribution (EtotHF)                          -1.9231648678E+002  
 Singles correction (EcSingles)                    -1.2895670781E-002  
 HF contribution (EtotHF)                          -1.9231648678E+002  
 Singles correction (EcSingles)                    -1.2895670781E-002  
 Direct RPA correlation (EcRPA)                    -1.1100017706E+000  
