 Converged energy                           -269.617320751119
 Converged energy                            -76.379273812681
 Converged energy                            -76.379497236404
 Converged energy                            -76.377504406084
 Converged energy                           -152.765566072607
 Converged energy                           -152.756941119679
 Converged energy                           -152.756743442795
 Converged energy                            -40.473636997178
 Converged energy                           -116.852939365495
 Converged energy                           -116.853570076998
 Converged energy                           -116.851379410232
 Converged energy                           -229.143048842265
 Converged energy                           -193.239622936924
 Converged energy                           -193.230634683752
 Converged energy                           -193.231255978702
 HF contribution (EtotHF)                          -2.6837115214E+002  
 Singles correction (EcSingles)                    -1.6750232995E-002  
 HF contribution (EtotHF)                          -2.6837115214E+002  
 Singles correction (EcSingles)                    -1.6750232995E-002  
 Direct RPA correlation (EcRPA)                    -1.4953845496E+000  
 HF contribution (EtotHF)                          -7.6054109369E+001  
 Singles correction (EcSingles)                    -3.9464120564E-003  
 HF contribution (EtotHF)                          -7.6054109369E+001  
 Singles correction (EcSingles)                    -3.9464120564E-003  
 Direct RPA correlation (EcRPA)                    -3.8617467995E-001  
 HF contribution (EtotHF)                          -7.6054343904E+001  
 Singles correction (EcSingles)                    -3.9443633113E-003  
 HF contribution (EtotHF)                          -7.6054343904E+001  
 Singles correction (EcSingles)                    -3.9443633113E-003  
 Direct RPA correlation (EcRPA)                    -3.8602460684E-001  
 HF contribution (EtotHF)                          -7.6051288979E+001  
 Singles correction (EcSingles)                    -4.0135449385E-003  
 HF contribution (EtotHF)                          -7.6051288979E+001  
 Singles correction (EcSingles)                    -4.0135449385E-003  
 Direct RPA correlation (EcRPA)                    -3.8667544096E-001  
 HF contribution (EtotHF)                          -1.5211192158E+002  
 Singles correction (EcSingles)                    -8.4686137250E-003  
 HF contribution (EtotHF)                          -1.5211192158E+002  
 Singles correction (EcSingles)                    -8.4686137250E-003  
 Direct RPA correlation (EcRPA)                    -7.7426972995E-001  
 HF contribution (EtotHF)                          -1.5210556414E+002  
 Singles correction (EcSingles)                    -7.9591605307E-003  
 HF contribution (EtotHF)                          -1.5210556414E+002  
 Singles correction (EcSingles)                    -7.9591605307E-003  
 Direct RPA correlation (EcRPA)                    -7.7271739076E-001  
 HF contribution (EtotHF)                          -1.5210534079E+002  
 Singles correction (EcSingles)                    -7.9635299066E-003  
 HF contribution (EtotHF)                          -1.5210534079E+002  
 Singles correction (EcSingles)                    -7.9635299066E-003  
 Direct RPA correlation (EcRPA)                    -7.7288938900E-001  
 HF contribution (EtotHF)                          -4.0208656917E+001  
 Singles correction (EcSingles)                    -4.0593203690E-003  
 HF contribution (EtotHF)                          -4.0208656917E+001  
 Singles correction (EcSingles)                    -4.0593203690E-003  
 Direct RPA correlation (EcRPA)                    -3.3261421599E-001  
 HF contribution (EtotHF)                          -1.1626241306E+002  
 Singles correction (EcSingles)                    -8.0609860370E-003  
 HF contribution (EtotHF)                          -1.1626241306E+002  
 Singles correction (EcSingles)                    -8.0609860370E-003  
 Direct RPA correlation (EcRPA)                    -7.1932277408E-001  
 HF contribution (EtotHF)                          -1.1626273886E+002  
 Singles correction (EcSingles)                    -8.1190912948E-003  
 HF contribution (EtotHF)                          -1.1626273886E+002  
 Singles correction (EcSingles)                    -8.1190912948E-003  
 Direct RPA correlation (EcRPA)                    -7.1940152866E-001  
 HF contribution (EtotHF)                          -1.1625982103E+002  
 Singles correction (EcSingles)                    -8.1227317389E-003  
 HF contribution (EtotHF)                          -1.1625982103E+002  
 Singles correction (EcSingles)                    -8.1227317389E-003  
 Direct RPA correlation (EcRPA)                    -7.1979398279E-001  
 HF contribution (EtotHF)                          -2.2816315024E+002  
 Singles correction (EcSingles)                    -1.2489030547E-002  
 HF contribution (EtotHF)                          -2.2816315024E+002  
 Singles correction (EcSingles)                    -1.2489030547E-002  
 Direct RPA correlation (EcRPA)                    -1.1610029567E+000  
 HF contribution (EtotHF)                          -1.9232008061E+002  
 Singles correction (EcSingles)                    -1.2678804119E-002  
 HF contribution (EtotHF)                          -1.9232008061E+002  
 Singles correction (EcSingles)                    -1.2678804119E-002  
 Direct RPA correlation (EcRPA)                    -1.1081354087E+000  
 HF contribution (EtotHF)                          -1.9231350009E+002  
 Singles correction (EcSingles)                    -1.2128966896E-002  
 HF contribution (EtotHF)                          -1.9231350009E+002  
 Singles correction (EcSingles)                    -1.2128966896E-002  
 Direct RPA correlation (EcRPA)                    -1.1065498516E+000  
 HF contribution (EtotHF)                          -1.9231383405E+002  
 Singles correction (EcSingles)                    -1.2184251782E-002  
 HF contribution (EtotHF)                          -1.9231383405E+002  
 Singles correction (EcSingles)                    -1.2184251782E-002  
 Direct RPA correlation (EcRPA)                    -1.1066023801E+000  
