 Converged energy                           -269.611465652768
 Converged energy                            -76.379212340494
 Converged energy                            -76.379367016869
 Converged energy                            -76.377502418126
 Converged energy                           -152.758548122737
 Converged energy                           -152.758567720934
 Converged energy                           -152.756734326526
 Converged energy                            -40.473640075950
 Converged energy                           -116.852880649238
 Converged energy                           -116.852959976515
 Converged energy                           -116.851297875909
 Converged energy                           -229.137770965923
 Converged energy                           -193.232187590018
 Converged energy                           -193.230533770683
 Converged energy                           -193.232241298811
 HF contribution (EtotHF)                          -2.6836830756E+002  
 Singles correction (EcSingles)                    -1.6221525419E-002  
 HF contribution (EtotHF)                          -2.6836830756E+002  
 Singles correction (EcSingles)                    -1.6221525419E-002  
 Direct RPA correlation (EcRPA)                    -1.4924241021E+000  
 HF contribution (EtotHF)                          -7.6054041546E+001  
 Singles correction (EcSingles)                    -3.9396908718E-003  
 HF contribution (EtotHF)                          -7.6054041546E+001  
 Singles correction (EcSingles)                    -3.9396908718E-003  
 Direct RPA correlation (EcRPA)                    -3.8545046792E-001  
 HF contribution (EtotHF)                          -7.6054080860E+001  
 Singles correction (EcSingles)                    -3.9489707576E-003  
 HF contribution (EtotHF)                          -7.6054080860E+001  
 Singles correction (EcSingles)                    -3.9489707576E-003  
 Direct RPA correlation (EcRPA)                    -3.8577511230E-001  
 HF contribution (EtotHF)                          -7.6051283151E+001  
 Singles correction (EcSingles)                    -4.0141432619E-003  
 HF contribution (EtotHF)                          -7.6051283151E+001  
 Singles correction (EcSingles)                    -4.0141432619E-003  
 Direct RPA correlation (EcRPA)                    -3.8669646848E-001  
 HF contribution (EtotHF)                          -1.5210809080E+002  
 Singles correction (EcSingles)                    -7.8893921629E-003  
 HF contribution (EtotHF)                          -1.5210809080E+002  
 Singles correction (EcSingles)                    -7.8893921629E-003  
 Direct RPA correlation (EcRPA)                    -7.7123469949E-001  
 HF contribution (EtotHF)                          -1.5210718250E+002  
 Singles correction (EcSingles)                    -7.9594941313E-003  
 HF contribution (EtotHF)                          -1.5210718250E+002  
 Singles correction (EcSingles)                    -7.9594941313E-003  
 Direct RPA correlation (EcRPA)                    -7.7230168289E-001  
 HF contribution (EtotHF)                          -1.5210534078E+002  
 Singles correction (EcSingles)                    -7.9543000197E-003  
 HF contribution (EtotHF)                          -1.5210534078E+002  
 Singles correction (EcSingles)                    -7.9543000197E-003  
 Direct RPA correlation (EcRPA)                    -7.7215494370E-001  
 HF contribution (EtotHF)                          -4.0208657633E+001  
 Singles correction (EcSingles)                    -4.0600773398E-003  
 HF contribution (EtotHF)                          -4.0208657633E+001  
 Singles correction (EcSingles)                    -4.0600773398E-003  
 Direct RPA correlation (EcRPA)                    -3.3265229689E-001  
 HF contribution (EtotHF)                          -1.1626234622E+002  
 Singles correction (EcSingles)                    -8.0551547227E-003  
 HF contribution (EtotHF)                          -1.1626234622E+002  
 Singles correction (EcSingles)                    -8.0551547227E-003  
 Direct RPA correlation (EcRPA)                    -7.1862968280E-001  
 HF contribution (EtotHF)                          -1.1626173363E+002  
 Singles correction (EcSingles)                    -8.1781275492E-003  
 HF contribution (EtotHF)                          -1.1626173363E+002  
 Singles correction (EcSingles)                    -8.1781275492E-003  
 Direct RPA correlation (EcRPA)                    -7.1943357614E-001  
 HF contribution (EtotHF)                          -1.1625976357E+002  
 Singles correction (EcSingles)                    -8.1228586369E-003  
 HF contribution (EtotHF)                          -1.1625976357E+002  
 Singles correction (EcSingles)                    -8.1228586369E-003  
 Direct RPA correlation (EcRPA)                    -7.1982640377E-001  
 HF contribution (EtotHF)                          -2.2816121185E+002  
 Singles correction (EcSingles)                    -1.1900251200E-002  
 HF contribution (EtotHF)                          -2.2816121185E+002  
 Singles correction (EcSingles)                    -1.1900251200E-002  
 Direct RPA correlation (EcRPA)                    -1.1577685191E+000  
 HF contribution (EtotHF)                          -1.9231541936E+002  
 Singles correction (EcSingles)                    -1.2171161483E-002  
 HF contribution (EtotHF)                          -1.9231541936E+002  
 Singles correction (EcSingles)                    -1.2171161483E-002  
 Direct RPA correlation (EcRPA)                    -1.1054114274E+000  
 HF contribution (EtotHF)                          -1.9231343870E+002  
 Singles correction (EcSingles)                    -1.2119245275E-002  
 HF contribution (EtotHF)                          -1.9231343870E+002  
 Singles correction (EcSingles)                    -1.2119245275E-002  
 Direct RPA correlation (EcRPA)                    -1.1058188811E+000  
 HF contribution (EtotHF)                          -1.9231463301E+002  
 Singles correction (EcSingles)                    -1.2227330331E-002  
 HF contribution (EtotHF)                          -1.9231463301E+002  
 Singles correction (EcSingles)                    -1.2227330331E-002  
 Direct RPA correlation (EcRPA)                    -1.1064319389E+000  
