 Converged energy                           -269.617216922429
 Converged energy                            -76.379216333481
 Converged energy                            -76.379108276019
 Converged energy                            -76.378252095579
 Converged energy                           -152.758980319568
 Converged energy                           -152.763835699595
 Converged energy                           -152.757084715144
 Converged energy                            -40.473642010064
 Converged energy                           -116.852886638788
 Converged energy                           -116.853100445446
 Converged energy                           -116.851837130912
 Converged energy                           -229.143412709070
 Converged energy                           -193.232983725623
 Converged energy                           -193.230665103025
 Converged energy                           -193.237665458327
 HF contribution (EtotHF)                          -2.6836829185E+002  
 Singles correction (EcSingles)                    -1.7043562439E-002  
 HF contribution (EtotHF)                          -2.6836829185E+002  
 Singles correction (EcSingles)                    -1.7043562439E-002  
 Direct RPA correlation (EcRPA)                    -1.4974155440E+000  
 HF contribution (EtotHF)                          -7.6054046478E+001  
 Singles correction (EcSingles)                    -3.9398237989E-003  
 HF contribution (EtotHF)                          -7.6054046478E+001  
 Singles correction (EcSingles)                    -3.9398237989E-003  
 Direct RPA correlation (EcRPA)                    -3.8548643596E-001  
 HF contribution (EtotHF)                          -7.6053601973E+001  
 Singles correction (EcSingles)                    -3.9732256071E-003  
 HF contribution (EtotHF)                          -7.6053601973E+001  
 Singles correction (EcSingles)                    -3.9732256071E-003  
 Direct RPA correlation (EcRPA)                    -3.8708703187E-001  
 HF contribution (EtotHF)                          -7.6052426123E+001  
 Singles correction (EcSingles)                    -3.9918421754E-003  
 HF contribution (EtotHF)                          -7.6052426123E+001  
 Singles correction (EcSingles)                    -3.9918421754E-003  
 Direct RPA correlation (EcRPA)                    -3.8697399542E-001  
 HF contribution (EtotHF)                          -1.5210825009E+002  
 Singles correction (EcSingles)                    -7.9301225450E-003  
 HF contribution (EtotHF)                          -1.5210825009E+002  
 Singles correction (EcSingles)                    -7.9301225450E-003  
 Direct RPA correlation (EcRPA)                    -7.7263198704E-001  
 HF contribution (EtotHF)                          -1.5210683483E+002  
 Singles correction (EcSingles)                    -8.7575849986E-003  
 HF contribution (EtotHF)                          -1.5210683483E+002  
 Singles correction (EcSingles)                    -8.7575849986E-003  
 Direct RPA correlation (EcRPA)                    -7.7689604537E-001  
 HF contribution (EtotHF)                          -1.5210595179E+002  
 Singles correction (EcSingles)                    -7.9566081234E-003  
 HF contribution (EtotHF)                          -1.5210595179E+002  
 Singles correction (EcSingles)                    -7.9566081234E-003  
 Direct RPA correlation (EcRPA)                    -7.7263201364E-001  
 HF contribution (EtotHF)                          -4.0208657817E+001  
 Singles correction (EcSingles)                    -4.0601908240E-003  
 HF contribution (EtotHF)                          -4.0208657817E+001  
 Singles correction (EcSingles)                    -4.0601908240E-003  
 Direct RPA correlation (EcRPA)                    -3.3268443677E-001  
 HF contribution (EtotHF)                          -1.1626235121E+002  
 Singles correction (EcSingles)                    -8.0552735939E-003  
 HF contribution (EtotHF)                          -1.1626235121E+002  
 Singles correction (EcSingles)                    -8.0552735939E-003  
 Direct RPA correlation (EcRPA)                    -7.1869958830E-001  
 HF contribution (EtotHF)                          -1.1626145910E+002  
 Singles correction (EcSingles)                    -8.2251066548E-003  
 HF contribution (EtotHF)                          -1.1626145910E+002  
 Singles correction (EcSingles)                    -8.2251066548E-003  
 Direct RPA correlation (EcRPA)                    -7.2088274106E-001  
 HF contribution (EtotHF)                          -1.1626050656E+002  
 Singles correction (EcSingles)                    -8.1258437135E-003  
 HF contribution (EtotHF)                          -1.1626050656E+002  
 Singles correction (EcSingles)                    -8.1258437135E-003  
 Direct RPA correlation (EcRPA)                    -7.2033818287E-001  
 HF contribution (EtotHF)                          -2.2816109790E+002  
 Singles correction (EcSingles)                    -1.2731556431E-002  
 HF contribution (EtotHF)                          -2.2816109790E+002  
 Singles correction (EcSingles)                    -1.2731556431E-002  
 Direct RPA correlation (EcRPA)                    -1.1625854766E+000  
 HF contribution (EtotHF)                          -1.9231580673E+002  
 Singles correction (EcSingles)                    -1.2223470276E-002  
 HF contribution (EtotHF)                          -1.9231580673E+002  
 Singles correction (EcSingles)                    -1.2223470276E-002  
 Direct RPA correlation (EcRPA)                    -1.1069322667E+000  
 HF contribution (EtotHF)                          -1.9231369406E+002  
 Singles correction (EcSingles)                    -1.2136662062E-002  
 HF contribution (EtotHF)                          -1.9231369406E+002  
 Singles correction (EcSingles)                    -1.2136662062E-002  
 Direct RPA correlation (EcRPA)                    -1.1065025395E+000  
 HF contribution (EtotHF)                          -1.9231434558E+002  
 Singles correction (EcSingles)                    -1.3031944023E-002  
 HF contribution (EtotHF)                          -1.9231434558E+002  
 Singles correction (EcSingles)                    -1.3031944023E-002  
 Direct RPA correlation (EcRPA)                    -1.1112359415E+000  
