 Converged energy                           -269.619814376387
 Converged energy                            -76.379541079436
 Converged energy                            -76.379382282042
 Converged energy                            -76.379072019743
 Converged energy                           -152.760440762695
 Converged energy                           -152.757845633064
 Converged energy                           -152.764882026606
 Converged energy                            -40.473645998491
 Converged energy                           -116.853622387347
 Converged energy                           -116.852981253561
 Converged energy                           -116.853069577340
 Converged energy                           -229.145644518274
 Converged energy                           -193.234378902220
 Converged energy                           -193.239304299479
 Converged energy                           -193.231682733832
 HF contribution (EtotHF)                          -2.6837148494E+002  
 Singles correction (EcSingles)                    -1.7161412844E-002  
 HF contribution (EtotHF)                          -2.6837148494E+002  
 Singles correction (EcSingles)                    -1.7161412844E-002  
 Direct RPA correlation (EcRPA)                    -1.4974780193E+000  
 HF contribution (EtotHF)                          -7.6054391635E+001  
 Singles correction (EcSingles)                    -3.9469710701E-003  
 HF contribution (EtotHF)                          -7.6054391635E+001  
 Singles correction (EcSingles)                    -3.9469710701E-003  
 Direct RPA correlation (EcRPA)                    -3.8642194825E-001  
 HF contribution (EtotHF)                          -7.6054099016E+001  
 Singles correction (EcSingles)                    -3.9498788423E-003  
 HF contribution (EtotHF)                          -7.6054099016E+001  
 Singles correction (EcSingles)                    -3.9498788423E-003  
 Direct RPA correlation (EcRPA)                    -3.8586757643E-001  
 HF contribution (EtotHF)                          -7.6053565736E+001  
 Singles correction (EcSingles)                    -3.9695622869E-003  
 HF contribution (EtotHF)                          -7.6053565736E+001  
 Singles correction (EcSingles)                    -3.9695622869E-003  
 Direct RPA correlation (EcRPA)                    -3.8666766327E-001  
 HF contribution (EtotHF)                          -1.5210994053E+002  
 Singles correction (EcSingles)                    -7.9262287890E-003  
 HF contribution (EtotHF)                          -1.5210994053E+002  
 Singles correction (EcSingles)                    -7.9262287890E-003  
 Direct RPA correlation (EcRPA)                    -7.7232414542E-001  
 HF contribution (EtotHF)                          -1.5210671547E+002  
 Singles correction (EcSingles)                    -7.9898450117E-003  
 HF contribution (EtotHF)                          -1.5210671547E+002  
 Singles correction (EcSingles)                    -7.9898450117E-003  
 Direct RPA correlation (EcRPA)                    -7.7290354608E-001  
 HF contribution (EtotHF)                          -1.5210961471E+002  
 Singles correction (EcSingles)                    -8.6344474131E-003  
 HF contribution (EtotHF)                          -1.5210961471E+002  
 Singles correction (EcSingles)                    -8.6344474131E-003  
 Direct RPA correlation (EcRPA)                    -7.7571868181E-001  
 HF contribution (EtotHF)                          -4.0208658927E+001  
 Singles correction (EcSingles)                    -4.0625216575E-003  
 HF contribution (EtotHF)                          -4.0208658927E+001  
 Singles correction (EcSingles)                    -4.0625216575E-003  
 Direct RPA correlation (EcRPA)                    -3.3272756870E-001  
 HF contribution (EtotHF)                          -1.1626278802E+002  
 Singles correction (EcSingles)                    -8.1248436125E-003  
 HF contribution (EtotHF)                          -1.1626278802E+002  
 Singles correction (EcSingles)                    -8.1248436125E-003  
 Direct RPA correlation (EcRPA)                    -7.1991867143E-001  
 HF contribution (EtotHF)                          -1.1626175327E+002  
 Singles correction (EcSingles)                    -8.1813794031E-003  
 HF contribution (EtotHF)                          -1.1626175327E+002  
 Singles correction (EcSingles)                    -8.1813794031E-003  
 Direct RPA correlation (EcRPA)                    -7.1960298112E-001  
 HF contribution (EtotHF)                          -1.1626142565E+002  
 Singles correction (EcSingles)                    -8.2237575255E-003  
 HF contribution (EtotHF)                          -1.1626142565E+002  
 Singles correction (EcSingles)                    -8.2237575255E-003  
 Direct RPA correlation (EcRPA)                    -7.2050161354E-001  
 HF contribution (EtotHF)                          -2.2816471938E+002  
 Singles correction (EcSingles)                    -1.2679035717E-002  
 HF contribution (EtotHF)                          -2.2816471938E+002  
 Singles correction (EcSingles)                    -1.2679035717E-002  
 Direct RPA correlation (EcRPA)                    -1.1619755480E+000  
 HF contribution (EtotHF)                          -1.9231731393E+002  
 Singles correction (EcSingles)                    -1.2256795677E-002  
 HF contribution (EtotHF)                          -1.9231731393E+002  
 Singles correction (EcSingles)                    -1.2256795677E-002  
 Direct RPA correlation (EcRPA)                    -1.1068114536E+000  
 HF contribution (EtotHF)                          -1.9231746500E+002  
 Singles correction (EcSingles)                    -1.2971888443E-002  
 HF contribution (EtotHF)                          -1.9231746500E+002  
 Singles correction (EcSingles)                    -1.2971888443E-002  
 Direct RPA correlation (EcRPA)                    -1.1102393757E+000  
 HF contribution (EtotHF)                          -1.9231354281E+002  
 Singles correction (EcSingles)                    -1.2396409218E-002  
 HF contribution (EtotHF)                          -1.9231354281E+002  
 Singles correction (EcSingles)                    -1.2396409218E-002  
 Direct RPA correlation (EcRPA)                    -1.1077288626E+000  
