 Converged energy                           -269.613862236165
 Converged energy                            -76.379461429481
 Converged energy                            -76.378633751245
 Converged energy                            -76.379158813936
 Converged energy                           -152.758485399617
 Converged energy                           -152.759227145606
 Converged energy                           -152.758510710974
 Converged energy                            -40.473639803791
 Converged energy                           -116.853536509649
 Converged energy                           -116.852754117668
 Converged energy                           -116.853252341456
 Converged energy                           -229.138972454049
 Converged energy                           -193.232998526286
 Converged energy                           -193.233082136293
 Converged energy                           -193.233681601120
 HF contribution (EtotHF)                          -2.6837128080E+002  
 Singles correction (EcSingles)                    -1.6157786775E-002  
 HF contribution (EtotHF)                          -2.6837128080E+002  
 Singles correction (EcSingles)                    -1.6157786775E-002  
 Direct RPA correlation (EcRPA)                    -1.4917188163E+000  
 HF contribution (EtotHF)                          -7.6054304068E+001  
 Singles correction (EcSingles)                    -3.9399377024E-003  
 HF contribution (EtotHF)                          -7.6054304068E+001  
 Singles correction (EcSingles)                    -3.9399377024E-003  
 Direct RPA correlation (EcRPA)                    -3.8555820969E-001  
 HF contribution (EtotHF)                          -7.6053062710E+001  
 Singles correction (EcSingles)                    -3.9688711535E-003  
 HF contribution (EtotHF)                          -7.6053062710E+001  
 Singles correction (EcSingles)                    -3.9688711535E-003  
 Direct RPA correlation (EcRPA)                    -3.8603912060E-001  
 HF contribution (EtotHF)                          -7.6053943235E+001  
 Singles correction (EcSingles)                    -3.9431991136E-003  
 HF contribution (EtotHF)                          -7.6053943235E+001  
 Singles correction (EcSingles)                    -3.9431991136E-003  
 Direct RPA correlation (EcRPA)                    -3.8557533792E-001  
 HF contribution (EtotHF)                          -1.5210781351E+002  
 Singles correction (EcSingles)                    -7.9021975354E-003  
 HF contribution (EtotHF)                          -1.5210781351E+002  
 Singles correction (EcSingles)                    -7.9021975354E-003  
 Direct RPA correlation (EcRPA)                    -7.7153472909E-001  
 HF contribution (EtotHF)                          -1.5210837639E+002  
 Singles correction (EcSingles)                    -7.9405696936E-003  
 HF contribution (EtotHF)                          -1.5210837639E+002  
 Singles correction (EcSingles)                    -7.9405696936E-003  
 Direct RPA correlation (EcRPA)                    -7.7164390610E-001  
 HF contribution (EtotHF)                          -1.5210812624E+002  
 Singles correction (EcSingles)                    -7.8846233161E-003  
 HF contribution (EtotHF)                          -1.5210812624E+002  
 Singles correction (EcSingles)                    -7.8846233161E-003  
 Direct RPA correlation (EcRPA)                    -7.7115249344E-001  
 HF contribution (EtotHF)                          -4.0208657079E+001  
 Singles correction (EcSingles)                    -4.0601373700E-003  
 HF contribution (EtotHF)                          -4.0208657079E+001  
 Singles correction (EcSingles)                    -4.0601373700E-003  
 Direct RPA correlation (EcRPA)                    -3.3264205232E-001  
 HF contribution (EtotHF)                          -1.1626269906E+002  
 Singles correction (EcSingles)                    -8.1156905536E-003  
 HF contribution (EtotHF)                          -1.1626269906E+002  
 Singles correction (EcSingles)                    -8.1156905536E-003  
 Direct RPA correlation (EcRPA)                    -7.1895974418E-001  
 HF contribution (EtotHF)                          -1.1626166545E+002  
 Singles correction (EcSingles)                    -8.0923219807E-003  
 HF contribution (EtotHF)                          -1.1626166545E+002  
 Singles correction (EcSingles)                    -8.0923219807E-003  
 Direct RPA correlation (EcRPA)                    -7.1930213550E-001  
 HF contribution (EtotHF)                          -1.1626261954E+002  
 Singles correction (EcSingles)                    -8.0538696791E-003  
 HF contribution (EtotHF)                          -1.1626261954E+002  
 Singles correction (EcSingles)                    -8.0538696791E-003  
 Direct RPA correlation (EcRPA)                    -7.1874652122E-001  
 HF contribution (EtotHF)                          -2.2816300904E+002  
 Singles correction (EcSingles)                    -1.1875440220E-002  
 HF contribution (EtotHF)                          -2.2816300904E+002  
 Singles correction (EcSingles)                    -1.1875440220E-002  
 Direct RPA correlation (EcRPA)                    -1.1571585440E+000  
 HF contribution (EtotHF)                          -1.9231611082E+002  
 Singles correction (EcSingles)                    -1.2140485071E-002  
 HF contribution (EtotHF)                          -1.9231611082E+002  
 Singles correction (EcSingles)                    -1.2140485071E-002  
 Direct RPA correlation (EcRPA)                    -1.1055634442E+000  
 HF contribution (EtotHF)                          -1.9231658444E+002  
 Singles correction (EcSingles)                    -1.2110477790E-002  
 HF contribution (EtotHF)                          -1.9231658444E+002  
 Singles correction (EcSingles)                    -1.2110477790E-002  
 Direct RPA correlation (EcRPA)                    -1.1050793935E+000  
 HF contribution (EtotHF)                          -1.9231690947E+002  
 Singles correction (EcSingles)                    -1.2108534081E-002  
 HF contribution (EtotHF)                          -1.9231690947E+002  
 Singles correction (EcSingles)                    -1.2108534081E-002  
 Direct RPA correlation (EcRPA)                    -1.1054424616E+000  
