 Converged energy                           -269.611869809087
 Converged energy                            -76.379472313514
 Converged energy                            -76.379262000481
 Converged energy                            -76.379298307683
 Converged energy                           -152.758154920587
 Converged energy                           -152.758618618152
 Converged energy                           -152.758921647515
 Converged energy                            -40.473637356784
 Converged energy                           -116.853544965761
 Converged energy                           -116.852954168097
 Converged energy                           -116.853193823894
 Converged energy                           -229.137662993159
 Converged energy                           -193.232164113799
 Converged energy                           -193.233219393385
 Converged energy                           -193.232541234628
 HF contribution (EtotHF)                          -2.6836883933E+002  
 Singles correction (EcSingles)                    -1.6310669875E-002  
 HF contribution (EtotHF)                          -2.6836883933E+002  
 Singles correction (EcSingles)                    -1.6310669875E-002  
 Direct RPA correlation (EcRPA)                    -1.4924834594E+000  
 HF contribution (EtotHF)                          -7.6054317327E+001  
 Singles correction (EcSingles)                    -3.9406163882E-003  
 HF contribution (EtotHF)                          -7.6054317327E+001  
 Singles correction (EcSingles)                    -3.9406163882E-003  
 Direct RPA correlation (EcRPA)                    -3.8564360925E-001  
 HF contribution (EtotHF)                          -7.6053946443E+001  
 Singles correction (EcSingles)                    -3.9504071895E-003  
 HF contribution (EtotHF)                          -7.6053946443E+001  
 Singles correction (EcSingles)                    -3.9504071895E-003  
 Direct RPA correlation (EcRPA)                    -3.8577278394E-001  
 HF contribution (EtotHF)                          -7.6054027845E+001  
 Singles correction (EcSingles)                    -3.9464545931E-003  
 HF contribution (EtotHF)                          -7.6054027845E+001  
 Singles correction (EcSingles)                    -3.9464545931E-003  
 Direct RPA correlation (EcRPA)                    -3.8565313900E-001  
 HF contribution (EtotHF)                          -1.5210735835E+002  
 Singles correction (EcSingles)                    -7.9587723184E-003  
 HF contribution (EtotHF)                          -1.5210735835E+002  
 Singles correction (EcSingles)                    -7.9587723184E-003  
 Direct RPA correlation (EcRPA)                    -7.7176957243E-001  
 HF contribution (EtotHF)                          -1.5210803655E+002  
 Singles correction (EcSingles)                    -7.8968412048E-003  
 HF contribution (EtotHF)                          -1.5210803655E+002  
 Singles correction (EcSingles)                    -7.8968412048E-003  
 Direct RPA correlation (EcRPA)                    -7.7142759949E-001  
 HF contribution (EtotHF)                          -1.5210851014E+002  
 Singles correction (EcSingles)                    -7.8857526061E-003  
 HF contribution (EtotHF)                          -1.5210851014E+002  
 Singles correction (EcSingles)                    -7.8857526061E-003  
 Direct RPA correlation (EcRPA)                    -7.7128471630E-001  
 HF contribution (EtotHF)                          -4.0208658797E+001  
 Singles correction (EcSingles)                    -4.0597905206E-003  
 HF contribution (EtotHF)                          -4.0208658797E+001  
 Singles correction (EcSingles)                    -4.0597905206E-003  
 Direct RPA correlation (EcRPA)                    -3.3267840357E-001  
 HF contribution (EtotHF)                          -1.1626271394E+002  
 Singles correction (EcSingles)                    -8.1160058955E-003  
 HF contribution (EtotHF)                          -1.1626271394E+002  
 Singles correction (EcSingles)                    -8.1160058955E-003  
 Direct RPA correlation (EcRPA)                    -7.1908333642E-001  
 HF contribution (EtotHF)                          -1.1626202582E+002  
 Singles correction (EcSingles)                    -8.1308681969E-003  
 HF contribution (EtotHF)                          -1.1626202582E+002  
 Singles correction (EcSingles)                    -8.1308681969E-003  
 Direct RPA correlation (EcRPA)                    -7.1924215581E-001  
 HF contribution (EtotHF)                          -1.1626219158E+002  
 Singles correction (EcSingles)                    -8.1329119947E-003  
 HF contribution (EtotHF)                          -1.1626219158E+002  
 Singles correction (EcSingles)                    -8.1329119947E-003  
 Direct RPA correlation (EcRPA)                    -7.1917462633E-001  
 HF contribution (EtotHF)                          -2.2816161409E+002  
 Singles correction (EcSingles)                    -1.1903840234E-002  
 HF contribution (EtotHF)                          -2.2816161409E+002  
 Singles correction (EcSingles)                    -1.1903840234E-002  
 Direct RPA correlation (EcRPA)                    -1.1574118726E+000  
 HF contribution (EtotHF)                          -1.9231514186E+002  
 Singles correction (EcSingles)                    -1.2238511714E-002  
 HF contribution (EtotHF)                          -1.9231514186E+002  
 Singles correction (EcSingles)                    -1.2238511714E-002  
 Direct RPA correlation (EcRPA)                    -1.1059864590E+000  
 HF contribution (EtotHF)                          -1.9231637790E+002  
 Singles correction (EcSingles)                    -1.2187812224E-002  
 HF contribution (EtotHF)                          -1.9231637790E+002  
 Singles correction (EcSingles)                    -1.2187812224E-002  
 Direct RPA correlation (EcRPA)                    -1.1055735843E+000  
 HF contribution (EtotHF)                          -1.9231559124E+002  
 Singles correction (EcSingles)                    -1.2204398443E-002  
 HF contribution (EtotHF)                          -1.9231559124E+002  
 Singles correction (EcSingles)                    -1.2204398443E-002  
 Direct RPA correlation (EcRPA)                    -1.1057456977E+000  
