 Converged energy                           -269.612005903149
 Converged energy                            -76.379164303088
 Converged energy                            -76.379021469081
 Converged energy                            -76.379299573387
 Converged energy                           -152.758331719518
 Converged energy                           -152.758459984139
 Converged energy                           -152.758053889336
 Converged energy                            -40.473639721460
 Converged energy                           -116.853259015008
 Converged energy                           -116.853011915020
 Converged energy                           -116.853197404543
 Converged energy                           -229.137358551814
 Converged energy                           -193.232747605098
 Converged energy                           -193.232446777438
 Converged energy                           -193.232641622421
 HF contribution (EtotHF)                          -2.6836809001E+002  
 Singles correction (EcSingles)                    -1.6390539447E-002  
 HF contribution (EtotHF)                          -2.6836809001E+002  
 Singles correction (EcSingles)                    -1.6390539447E-002  
 Direct RPA correlation (EcRPA)                    -1.4931478730E+000  
 HF contribution (EtotHF)                          -7.6053827379E+001  
 Singles correction (EcSingles)                    -3.9511037584E-003  
 HF contribution (EtotHF)                          -7.6053827379E+001  
 Singles correction (EcSingles)                    -3.9511037584E-003  
 Direct RPA correlation (EcRPA)                    -3.8575408989E-001  
 HF contribution (EtotHF)                          -7.6053509437E+001  
 Singles correction (EcSingles)                    -3.9645417915E-003  
 HF contribution (EtotHF)                          -7.6053509437E+001  
 Singles correction (EcSingles)                    -3.9645417915E-003  
 Direct RPA correlation (EcRPA)                    -3.8606245801E-001  
 HF contribution (EtotHF)                          -7.6054029378E+001  
 Singles correction (EcSingles)                    -3.9466072276E-003  
 HF contribution (EtotHF)                          -7.6054029378E+001  
 Singles correction (EcSingles)                    -3.9466072276E-003  
 Direct RPA correlation (EcRPA)                    -3.8565878165E-001  
 HF contribution (EtotHF)                          -1.5210749502E+002  
 Singles correction (EcSingles)                    -7.9145565752E-003  
 HF contribution (EtotHF)                          -1.5210749502E+002  
 Singles correction (EcSingles)                    -7.9145565752E-003  
 Direct RPA correlation (EcRPA)                    -7.7180684218E-001  
 HF contribution (EtotHF)                          -1.5210769037E+002  
 Singles correction (EcSingles)                    -7.9115538656E-003  
 HF contribution (EtotHF)                          -1.5210769037E+002  
 Singles correction (EcSingles)                    -7.9115538656E-003  
 Direct RPA correlation (EcRPA)                    -7.7171677942E-001  
 HF contribution (EtotHF)                          -1.5210737100E+002  
 Singles correction (EcSingles)                    -7.9097338658E-003  
 HF contribution (EtotHF)                          -1.5210737100E+002  
 Singles correction (EcSingles)                    -7.9097338658E-003  
 Direct RPA correlation (EcRPA)                    -7.7151999284E-001  
 HF contribution (EtotHF)                          -4.0208659439E+001  
 Singles correction (EcSingles)                    -4.0594661463E-003  
 HF contribution (EtotHF)                          -4.0208659439E+001  
 Singles correction (EcSingles)                    -4.0594661463E-003  
 Direct RPA correlation (EcRPA)                    -3.3272488525E-001  
 HF contribution (EtotHF)                          -1.1626207584E+002  
 Singles correction (EcSingles)                    -8.1510686101E-003  
 HF contribution (EtotHF)                          -1.1626207584E+002  
 Singles correction (EcSingles)                    -8.1510686101E-003  
 Direct RPA correlation (EcRPA)                    -7.1937872627E-001  
 HF contribution (EtotHF)                          -1.1626136881E+002  
 Singles correction (EcSingles)                    -8.2159884685E-003  
 HF contribution (EtotHF)                          -1.1626136881E+002  
 Singles correction (EcSingles)                    -8.2159884685E-003  
 Direct RPA correlation (EcRPA)                    -7.1989035254E-001  
 HF contribution (EtotHF)                          -1.1626219410E+002  
 Singles correction (EcSingles)                    -8.1326473065E-003  
 HF contribution (EtotHF)                          -1.1626219410E+002  
 Singles correction (EcSingles)                    -8.1326473065E-003  
 Direct RPA correlation (EcRPA)                    -7.1922717466E-001  
 HF contribution (EtotHF)                          -2.2816118867E+002  
 Singles correction (EcSingles)                    -1.1873545561E-002  
 HF contribution (EtotHF)                          -2.2816118867E+002  
 Singles correction (EcSingles)                    -1.1873545561E-002  
 Direct RPA correlation (EcRPA)                    -1.1575681605E+000  
 HF contribution (EtotHF)                          -1.9231491269E+002  
 Singles correction (EcSingles)                    -1.2306974391E-002  
 HF contribution (EtotHF)                          -1.9231491269E+002  
 Singles correction (EcSingles)                    -1.2306974391E-002  
 Direct RPA correlation (EcRPA)                    -1.1065408186E+000  
 HF contribution (EtotHF)                          -1.9231517178E+002  
 Singles correction (EcSingles)                    -1.2234654073E-002  
 HF contribution (EtotHF)                          -1.9231517178E+002  
 Singles correction (EcSingles)                    -1.2234654073E-002  
 Direct RPA correlation (EcRPA)                    -1.1059815739E+000  
 HF contribution (EtotHF)                          -1.9231498642E+002  
 Singles correction (EcSingles)                    -1.2289150195E-002  
 HF contribution (EtotHF)                          -1.9231498642E+002  
 Singles correction (EcSingles)                    -1.2289150195E-002  
 Direct RPA correlation (EcRPA)                    -1.1063968891E+000  
