 Converged energy                           -269.609894499325
 Converged energy                            -76.377509609482
 Converged energy                            -76.378634476094
 Converged energy                            -76.378190886052
 Converged energy                           -152.757691242675
 Converged energy                           -152.756956663134
 Converged energy                           -152.755393040626
 Converged energy                            -40.473642237855
 Converged energy                           -116.851390063328
 Converged energy                           -116.852757134477
 Converged energy                           -116.851775900975
 Converged energy                           -229.135701458244
 Converged energy                           -193.231938351680
 Converged energy                           -193.229276680269
 Converged energy                           -193.230963584092
 HF contribution (EtotHF)                          -2.6836581795E+002  
 Singles correction (EcSingles)                    -1.6242719219E-002  
 HF contribution (EtotHF)                          -2.6836581795E+002  
 Singles correction (EcSingles)                    -1.6242719219E-002  
 Direct RPA correlation (EcRPA)                    -1.4935185968E+000  
 HF contribution (EtotHF)                          -7.6051294608E+001  
 Singles correction (EcSingles)                    -4.0139819495E-003  
 HF contribution (EtotHF)                          -7.6051294608E+001  
 Singles correction (EcSingles)                    -4.0139819495E-003  
 Direct RPA correlation (EcRPA)                    -3.8671342603E-001  
 HF contribution (EtotHF)                          -7.6053063684E+001  
 Singles correction (EcSingles)                    -3.9684506761E-003  
 HF contribution (EtotHF)                          -7.6053063684E+001  
 Singles correction (EcSingles)                    -3.9684506761E-003  
 Direct RPA correlation (EcRPA)                    -3.8603054749E-001  
 HF contribution (EtotHF)                          -7.6052361646E+001  
 Singles correction (EcSingles)                    -3.9864342703E-003  
 HF contribution (EtotHF)                          -7.6052361646E+001  
 Singles correction (EcSingles)                    -3.9864342703E-003  
 Direct RPA correlation (EcRPA)                    -3.8625451188E-001  
 HF contribution (EtotHF)                          -1.5210586819E+002  
 Singles correction (EcSingles)                    -8.0072216534E-003  
 HF contribution (EtotHF)                          -1.5210586819E+002  
 Singles correction (EcSingles)                    -8.0072216534E-003  
 Direct RPA correlation (EcRPA)                    -7.7273997863E-001  
 HF contribution (EtotHF)                          -1.5210556790E+002  
 Singles correction (EcSingles)                    -7.9535354892E-003  
 HF contribution (EtotHF)                          -1.5210556790E+002  
 Singles correction (EcSingles)                    -7.9535354892E-003  
 Direct RPA correlation (EcRPA)                    -7.7227494249E-001  
 HF contribution (EtotHF)                          -1.5210329856E+002  
 Singles correction (EcSingles)                    -8.0067908443E-003  
 HF contribution (EtotHF)                          -1.5210329856E+002  
 Singles correction (EcSingles)                    -8.0067908443E-003  
 Direct RPA correlation (EcRPA)                    -7.7303708171E-001  
 HF contribution (EtotHF)                          -4.0208658278E+001  
 Singles correction (EcSingles)                    -4.0609501595E-003  
 HF contribution (EtotHF)                          -4.0208658278E+001  
 Singles correction (EcSingles)                    -4.0609501595E-003  
 Direct RPA correlation (EcRPA)                    -3.3264428731E-001  
 HF contribution (EtotHF)                          -1.1625982854E+002  
 Singles correction (EcSingles)                    -8.1247457123E-003  
 HF contribution (EtotHF)                          -1.1625982854E+002  
 Singles correction (EcSingles)                    -8.1247457123E-003  
 Direct RPA correlation (EcRPA)                    -7.1986201672E-001  
 HF contribution (EtotHF)                          -1.1626166718E+002  
 Singles correction (EcSingles)                    -8.0926706194E-003  
 HF contribution (EtotHF)                          -1.1626166718E+002  
 Singles correction (EcSingles)                    -8.0926706194E-003  
 Direct RPA correlation (EcRPA)                    -7.1929621456E-001  
 HF contribution (EtotHF)                          -1.1626044237E+002  
 Singles correction (EcSingles)                    -8.1212575059E-003  
 HF contribution (EtotHF)                          -1.1626044237E+002  
 Singles correction (EcSingles)                    -8.1212575059E-003  
 Direct RPA correlation (EcRPA)                    -7.1957422698E-001  
 HF contribution (EtotHF)                          -2.2815801126E+002  
 Singles correction (EcSingles)                    -1.1998406155E-002  
 HF contribution (EtotHF)                          -2.2815801126E+002  
 Singles correction (EcSingles)                    -1.1998406155E-002  
 Direct RPA correlation (EcRPA)                    -1.1590529559E+000  
 HF contribution (EtotHF)                          -1.9231425901E+002  
 Singles correction (EcSingles)                    -1.2176126995E-002  
 HF contribution (EtotHF)                          -1.9231425901E+002  
 Singles correction (EcSingles)                    -1.2176126995E-002  
 Direct RPA correlation (EcRPA)                    -1.1065197721E+000  
 HF contribution (EtotHF)                          -1.9231132071E+002  
 Singles correction (EcSingles)                    -1.2190444837E-002  
 HF contribution (EtotHF)                          -1.9231132071E+002  
 Singles correction (EcSingles)                    -1.2190444837E-002  
 Direct RPA correlation (EcRPA)                    -1.1068528614E+000  
 HF contribution (EtotHF)                          -1.9231352049E+002  
 Singles correction (EcSingles)                    -1.2154052415E-002  
 HF contribution (EtotHF)                          -1.9231352049E+002  
 Singles correction (EcSingles)                    -1.2154052415E-002  
 Direct RPA correlation (EcRPA)                    -1.1062346981E+000  
