 Converged energy                           -269.611527305988
 Converged energy                            -76.378628428263
 Converged energy                            -76.379021565156
 Converged energy                            -76.378460185019
 Converged energy                           -152.758022893022
 Converged energy                           -152.757760654154
 Converged energy                           -152.757117972915
 Converged energy                            -40.473643596954
 Converged energy                           -116.852752596037
 Converged energy                           -116.853015702983
 Converged energy                           -116.852454366219
 Converged energy                           -229.136793020447
 Converged energy                           -193.232434786194
 Converged energy                           -193.231566288577
 Converged energy                           -193.232103806698
 HF contribution (EtotHF)                          -2.6836778868E+002  
 Singles correction (EcSingles)                    -1.6262627885E-002  
 HF contribution (EtotHF)                          -2.6836778868E+002  
 Singles correction (EcSingles)                    -1.6262627885E-002  
 Direct RPA correlation (EcRPA)                    -1.4929368382E+000  
 HF contribution (EtotHF)                          -7.6053056980E+001  
 Singles correction (EcSingles)                    -3.9685292375E-003  
 HF contribution (EtotHF)                          -7.6053056980E+001  
 Singles correction (EcSingles)                    -3.9685292375E-003  
 Direct RPA correlation (EcRPA)                    -3.8599284855E-001  
 HF contribution (EtotHF)                          -7.6053509641E+001  
 Singles correction (EcSingles)                    -3.9643355742E-003  
 HF contribution (EtotHF)                          -7.6053509641E+001  
 Singles correction (EcSingles)                    -3.9643355742E-003  
 Direct RPA correlation (EcRPA)                    -3.8605485561E-001  
 HF contribution (EtotHF)                          -7.6052783056E+001  
 Singles correction (EcSingles)                    -3.9753359390E-003  
 HF contribution (EtotHF)                          -7.6052783056E+001  
 Singles correction (EcSingles)                    -3.9753359390E-003  
 Direct RPA correlation (EcRPA)                    -3.8604825100E-001  
 HF contribution (EtotHF)                          -1.5210699336E+002  
 Singles correction (EcSingles)                    -7.9268494774E-003  
 HF contribution (EtotHF)                          -1.5210699336E+002  
 Singles correction (EcSingles)                    -7.9268494774E-003  
 Direct RPA correlation (EcRPA)                    -7.7199029184E-001  
 HF contribution (EtotHF)                          -1.5210660653E+002  
 Singles correction (EcSingles)                    -7.9362338794E-003  
 HF contribution (EtotHF)                          -1.5210660653E+002  
 Singles correction (EcSingles)                    -7.9362338794E-003  
 Direct RPA correlation (EcRPA)                    -7.7206949704E-001  
 HF contribution (EtotHF)                          -1.5210586893E+002  
 Singles correction (EcSingles)                    -7.9439717551E-003  
 HF contribution (EtotHF)                          -1.5210586893E+002  
 Singles correction (EcSingles)                    -7.9439717551E-003  
 Direct RPA correlation (EcRPA)                    -7.7204554841E-001  
 HF contribution (EtotHF)                          -4.0208659617E+001  
 Singles correction (EcSingles)                    -4.0615875509E-003  
 HF contribution (EtotHF)                          -4.0208659617E+001  
 Singles correction (EcSingles)                    -4.0615875509E-003  
 Direct RPA correlation (EcRPA)                    -3.3268096935E-001  
 HF contribution (EtotHF)                          -1.1626166201E+002  
 Singles correction (EcSingles)                    -8.0934173898E-003  
 HF contribution (EtotHF)                          -1.1626166201E+002  
 Singles correction (EcSingles)                    -8.0934173898E-003  
 Direct RPA correlation (EcRPA)                    -7.1929462409E-001  
 HF contribution (EtotHF)                          -1.1626136889E+002  
 Singles correction (EcSingles)                    -8.2179036148E-003  
 HF contribution (EtotHF)                          -1.1626136889E+002  
 Singles correction (EcSingles)                    -8.2179036148E-003  
 Direct RPA correlation (EcRPA)                    -7.1983879181E-001  
 HF contribution (EtotHF)                          -1.1626140826E+002  
 Singles correction (EcSingles)                    -8.0841754241E-003  
 HF contribution (EtotHF)                          -1.1626140826E+002  
 Singles correction (EcSingles)                    -8.0841754241E-003  
 Direct RPA correlation (EcRPA)                    -7.1923324581E-001  
 HF contribution (EtotHF)                          -2.2816012069E+002  
 Singles correction (EcSingles)                    -1.1898881037E-002  
 HF contribution (EtotHF)                          -2.2816012069E+002  
 Singles correction (EcSingles)                    -1.1898881037E-002  
 Direct RPA correlation (EcRPA)                    -1.1580093478E+000  
 HF contribution (EtotHF)                          -1.9231472726E+002  
 Singles correction (EcSingles)                    -1.2243966412E-002  
 HF contribution (EtotHF)                          -1.9231472726E+002  
 Singles correction (EcSingles)                    -1.2243966412E-002  
 Direct RPA correlation (EcRPA)                    -1.1064090566E+000  
 HF contribution (EtotHF)                          -1.9231440617E+002  
 Singles correction (EcSingles)                    -1.2117013223E-002  
 HF contribution (EtotHF)                          -1.9231440617E+002  
 Singles correction (EcSingles)                    -1.2117013223E-002  
 Direct RPA correlation (EcRPA)                    -1.1058604911E+000  
 HF contribution (EtotHF)                          -1.9231443349E+002  
 Singles correction (EcSingles)                    -1.2235508482E-002  
 HF contribution (EtotHF)                          -1.9231443349E+002  
 Singles correction (EcSingles)                    -1.2235508482E-002  
 Direct RPA correlation (EcRPA)                    -1.1063529590E+000  
