 Converged energy                           -269.613004973262
 Converged energy                            -76.379263056769
 Converged energy                            -76.379305667324
 Converged energy                            -76.379496178510
 Converged energy                           -152.758627222683
 Converged energy                           -152.758204993450
 Converged energy                           -152.760328174536
 Converged energy                            -40.473645917138
 Converged energy                           -116.852964072354
 Converged energy                           -116.853209865175
 Converged energy                           -116.853297801950
 Converged energy                           -229.139127403155
 Converged energy                           -193.232558822301
 Converged energy                           -193.234087749868
 Converged energy                           -193.232149388541
 HF contribution (EtotHF)                          -2.6836946011E+002  
 Singles correction (EcSingles)                    -1.6420551810E-002  
 HF contribution (EtotHF)                          -2.6836946011E+002  
 Singles correction (EcSingles)                    -1.6420551810E-002  
 Direct RPA correlation (EcRPA)                    -1.4931421753E+000  
 HF contribution (EtotHF)                          -7.6053946929E+001  
 Singles correction (EcSingles)                    -3.9500963725E-003  
 HF contribution (EtotHF)                          -7.6053946929E+001  
 Singles correction (EcSingles)                    -3.9500963725E-003  
 Direct RPA correlation (EcRPA)                    -3.8574162195E-001  
 HF contribution (EtotHF)                          -7.6054036705E+001  
 Singles correction (EcSingles)                    -3.9470308462E-003  
 HF contribution (EtotHF)                          -7.6054036705E+001  
 Singles correction (EcSingles)                    -3.9470308462E-003  
 Direct RPA correlation (EcRPA)                    -3.8571892314E-001  
 HF contribution (EtotHF)                          -7.6054342468E+001  
 Singles correction (EcSingles)                    -3.9416066672E-003  
 HF contribution (EtotHF)                          -7.6054342468E+001  
 Singles correction (EcSingles)                    -3.9416066672E-003  
 Direct RPA correlation (EcRPA)                    -3.8579245293E-001  
 HF contribution (EtotHF)                          -1.5210804608E+002  
 Singles correction (EcSingles)                    -7.8971061105E-003  
 HF contribution (EtotHF)                          -1.5210804608E+002  
 Singles correction (EcSingles)                    -7.8971061105E-003  
 Direct RPA correlation (EcRPA)                    -7.7146225613E-001  
 HF contribution (EtotHF)                          -1.5210743165E+002  
 Singles correction (EcSingles)                    -7.9612109880E-003  
 HF contribution (EtotHF)                          -1.5210743165E+002  
 Singles correction (EcSingles)                    -7.9612109880E-003  
 Direct RPA correlation (EcRPA)                    -7.7188980384E-001  
 HF contribution (EtotHF)                          -1.5210978102E+002  
 Singles correction (EcSingles)                    -7.9235321514E-003  
 HF contribution (EtotHF)                          -1.5210978102E+002  
 Singles correction (EcSingles)                    -7.9235321514E-003  
 Direct RPA correlation (EcRPA)                    -7.7157337296E-001  
 HF contribution (EtotHF)                          -4.0208659661E+001  
 Singles correction (EcSingles)                    -4.0628712835E-003  
 HF contribution (EtotHF)                          -4.0208659661E+001  
 Singles correction (EcSingles)                    -4.0628712835E-003  
 Direct RPA correlation (EcRPA)                    -3.3272280979E-001  
 HF contribution (EtotHF)                          -1.1626202701E+002  
 Singles correction (EcSingles)                    -8.1335515248E-003  
 HF contribution (EtotHF)                          -1.1626202701E+002  
 Singles correction (EcSingles)                    -8.1335515248E-003  
 Direct RPA correlation (EcRPA)                    -7.1925557469E-001  
 HF contribution (EtotHF)                          -1.1626220159E+002  
 Singles correction (EcSingles)                    -8.1364031569E-003  
 HF contribution (EtotHF)                          -1.1626220159E+002  
 Singles correction (EcSingles)                    -8.1364031569E-003  
 Direct RPA correlation (EcRPA)                    -7.1928608512E-001  
 HF contribution (EtotHF)                          -1.1626196824E+002  
 Singles correction (EcSingles)                    -8.2059832041E-003  
 HF contribution (EtotHF)                          -1.1626196824E+002  
 Singles correction (EcSingles)                    -8.2059832041E-003  
 Direct RPA correlation (EcRPA)                    -7.1966055114E-001  
 HF contribution (EtotHF)                          -2.2816296514E+002  
 Singles correction (EcSingles)                    -1.1943408850E-002  
 HF contribution (EtotHF)                          -2.2816296514E+002  
 Singles correction (EcSingles)                    -1.1943408850E-002  
 Direct RPA correlation (EcRPA)                    -1.1576700439E+000  
 HF contribution (EtotHF)                          -1.9231560180E+002  
 Singles correction (EcSingles)                    -1.2207507754E-002  
 HF contribution (EtotHF)                          -1.9231560180E+002  
 Singles correction (EcSingles)                    -1.2207507754E-002  
 Direct RPA correlation (EcRPA)                    -1.1058261697E+000  
 HF contribution (EtotHF)                          -1.9231682228E+002  
 Singles correction (EcSingles)                    -1.2290802441E-002  
 HF contribution (EtotHF)                          -1.9231682228E+002  
 Singles correction (EcSingles)                    -1.2290802441E-002  
 Direct RPA correlation (EcRPA)                    -1.1062115716E+000  
 HF contribution (EtotHF)                          -1.9231453724E+002  
 Singles correction (EcSingles)                    -1.2335043965E-002  
 HF contribution (EtotHF)                          -1.9231453724E+002  
 Singles correction (EcSingles)                    -1.2335043965E-002  
 Direct RPA correlation (EcRPA)                    -1.1065868686E+000  
