 Converged energy                           -269.618565584826
 Converged energy                            -76.379308834854
 Converged energy                            -76.378263951263
 Converged energy                            -76.379489168085
 Converged energy                           -152.764062695703
 Converged energy                           -152.757257395535
 Converged energy                           -152.760367550085
 Converged energy                            -40.473647780587
 Converged energy                           -116.853011992060
 Converged energy                           -116.851855014434
 Converged energy                           -116.853292495492
 Converged energy                           -229.144977360299
 Converged energy                           -193.237604893025
 Converged energy                           -193.234128979726
 Converged energy                           -193.230994200871
 HF contribution (EtotHF)                          -2.6837093369E+002  
 Singles correction (EcSingles)                    -1.7033259822E-002  
 HF contribution (EtotHF)                          -2.6837093369E+002  
 Singles correction (EcSingles)                    -1.7033259822E-002  
 Direct RPA correlation (EcRPA)                    -1.4970552016E+000  
 HF contribution (EtotHF)                          -7.6053997817E+001  
 Singles correction (EcSingles)                    -3.9552062485E-003  
 HF contribution (EtotHF)                          -7.6053997817E+001  
 Singles correction (EcSingles)                    -3.9552062485E-003  
 Direct RPA correlation (EcRPA)                    -3.8627341359E-001  
 HF contribution (EtotHF)                          -7.6052441926E+001  
 Singles correction (EcSingles)                    -3.9945421766E-003  
 HF contribution (EtotHF)                          -7.6052441926E+001  
 Singles correction (EcSingles)                    -3.9945421766E-003  
 Direct RPA correlation (EcRPA)                    -3.8709187125E-001  
 HF contribution (EtotHF)                          -7.6054333446E+001  
 Singles correction (EcSingles)                    -3.9412201934E-003  
 HF contribution (EtotHF)                          -7.6054333446E+001  
 Singles correction (EcSingles)                    -3.9412201934E-003  
 Direct RPA correlation (EcRPA)                    -3.8573288147E-001  
 HF contribution (EtotHF)                          -1.5210882487E+002  
 Singles correction (EcSingles)                    -8.6207775353E-003  
 HF contribution (EtotHF)                          -1.5210882487E+002  
 Singles correction (EcSingles)                    -8.6207775353E-003  
 Direct RPA correlation (EcRPA)                    -7.7583906433E-001  
 HF contribution (EtotHF)                          -1.5210610375E+002  
 Singles correction (EcSingles)                    -7.9664496605E-003  
 HF contribution (EtotHF)                          -1.5210610375E+002  
 Singles correction (EcSingles)                    -7.9664496605E-003  
 Direct RPA correlation (EcRPA)                    -7.7304536853E-001  
 HF contribution (EtotHF)                          -1.5210982345E+002  
 Singles correction (EcSingles)                    -7.9281893705E-003  
 HF contribution (EtotHF)                          -1.5210982345E+002  
 Singles correction (EcSingles)                    -7.9281893705E-003  
 Direct RPA correlation (EcRPA)                    -7.7204627775E-001  
 HF contribution (EtotHF)                          -4.0208660095E+001  
 Singles correction (EcSingles)                    -4.0636745379E-003  
 HF contribution (EtotHF)                          -4.0208660095E+001  
 Singles correction (EcSingles)                    -4.0636745379E-003  
 Direct RPA correlation (EcRPA)                    -3.3271416173E-001  
 HF contribution (EtotHF)                          -1.1626207834E+002  
 Singles correction (EcSingles)                    -8.1392170296E-003  
 HF contribution (EtotHF)                          -1.1626207834E+002  
 Singles correction (EcSingles)                    -8.1392170296E-003  
 Direct RPA correlation (EcRPA)                    -7.1978187709E-001  
 HF contribution (EtotHF)                          -1.1626052478E+002  
 Singles correction (EcSingles)                    -8.1319674795E-003  
 HF contribution (EtotHF)                          -1.1626052478E+002  
 Singles correction (EcSingles)                    -8.1319674795E-003  
 Direct RPA correlation (EcRPA)                    -7.2048850474E-001  
 HF contribution (EtotHF)                          -1.1626195946E+002  
 Singles correction (EcSingles)                    -8.2064969236E-003  
 HF contribution (EtotHF)                          -1.1626195946E+002  
 Singles correction (EcSingles)                    -8.2064969236E-003  
 Direct RPA correlation (EcRPA)                    -7.1959161755E-001  
 HF contribution (EtotHF)                          -2.2816434885E+002  
 Singles correction (EcSingles)                    -1.2621715670E-002  
 HF contribution (EtotHF)                          -2.2816434885E+002  
 Singles correction (EcSingles)                    -1.2621715670E-002  
 Direct RPA correlation (EcRPA)                    -1.1618177405E+000  
 HF contribution (EtotHF)                          -1.9231642089E+002  
 Singles correction (EcSingles)                    -1.2855923725E-002  
 HF contribution (EtotHF)                          -1.9231642089E+002  
 Singles correction (EcSingles)                    -1.2855923725E-002  
 Direct RPA correlation (EcRPA)                    -1.1099748665E+000  
 HF contribution (EtotHF)                          -1.9231686485E+002  
 Singles correction (EcSingles)                    -1.2296117298E-002  
 HF contribution (EtotHF)                          -1.9231686485E+002  
 Singles correction (EcSingles)                    -1.2296117298E-002  
 Direct RPA correlation (EcRPA)                    -1.1066782068E+000  
 HF contribution (EtotHF)                          -1.9231321092E+002  
 Singles correction (EcSingles)                    -1.2291645874E-002  
 HF contribution (EtotHF)                          -1.9231321092E+002  
 Singles correction (EcSingles)                    -1.2291645874E-002  
 Direct RPA correlation (EcRPA)                    -1.1075577004E+000  
