 Converged energy                           -269.611472149131
 Converged energy                            -76.379024419371
 Converged energy                            -76.379152254867
 Converged energy                            -76.377506931279
 Converged energy                           -152.758166577588
 Converged energy                           -152.756307126906
 Converged energy                           -152.758178858615
 Converged energy                            -40.473641927679
 Converged energy                           -116.853016788476
 Converged energy                           -116.853247993807
 Converged energy                           -116.851304165214
 Converged energy                           -229.136978668942
 Converged energy                           -193.232640462040
 Converged energy                           -193.232218483004
 Converged energy                           -193.230530230048
 HF contribution (EtotHF)                          -2.6836760919E+002  
 Singles correction (EcSingles)                    -1.6293786009E-002  
 HF contribution (EtotHF)                          -2.6836760919E+002  
 Singles correction (EcSingles)                    -1.6293786009E-002  
 Direct RPA correlation (EcRPA)                    -1.4932094477E+000  
 HF contribution (EtotHF)                          -7.6053512670E+001  
 Singles correction (EcSingles)                    -3.9646653257E-003  
 HF contribution (EtotHF)                          -7.6053512670E+001  
 Singles correction (EcSingles)                    -3.9646653257E-003  
 Direct RPA correlation (EcRPA)                    -3.8608251616E-001  
 HF contribution (EtotHF)                          -7.6053936081E+001  
 Singles correction (EcSingles)                    -3.9433904237E-003  
 HF contribution (EtotHF)                          -7.6053936081E+001  
 Singles correction (EcSingles)                    -3.9433904237E-003  
 Direct RPA correlation (EcRPA)                    -3.8555156445E-001  
 HF contribution (EtotHF)                          -7.6051287359E+001  
 Singles correction (EcSingles)                    -4.0141126342E-003  
 HF contribution (EtotHF)                          -7.6051287359E+001  
 Singles correction (EcSingles)                    -4.0141126342E-003  
 Direct RPA correlation (EcRPA)                    -3.8672263105E-001  
 HF contribution (EtotHF)                          -1.5210744102E+002  
 Singles correction (EcSingles)                    -7.9078477146E-003  
 HF contribution (EtotHF)                          -1.5210744102E+002  
 Singles correction (EcSingles)                    -7.9078477146E-003  
 Direct RPA correlation (EcRPA)                    -7.7163662021E-001  
 HF contribution (EtotHF)                          -1.5210474787E+002  
 Singles correction (EcSingles)                    -7.9806877430E-003  
 HF contribution (EtotHF)                          -1.5210474787E+002  
 Singles correction (EcSingles)                    -7.9806877430E-003  
 Direct RPA correlation (EcRPA)                    -7.7242693182E-001  
 HF contribution (EtotHF)                          -1.5210645881E+002  
 Singles correction (EcSingles)                    -7.9944512990E-003  
 HF contribution (EtotHF)                          -1.5210645881E+002  
 Singles correction (EcSingles)                    -7.9944512990E-003  
 Direct RPA correlation (EcRPA)                    -7.7275794414E-001  
 HF contribution (EtotHF)                          -4.0208658747E+001  
 Singles correction (EcSingles)                    -4.0615000209E-003  
 HF contribution (EtotHF)                          -4.0208658747E+001  
 Singles correction (EcSingles)                    -4.0615000209E-003  
 Direct RPA correlation (EcRPA)                    -3.3266221760E-001  
 HF contribution (EtotHF)                          -1.1626137128E+002  
 Singles correction (EcSingles)                    -8.2180419599E-003  
 HF contribution (EtotHF)                          -1.1626137128E+002  
 Singles correction (EcSingles)                    -8.2180419599E-003  
 Direct RPA correlation (EcRPA)                    -7.1984714451E-001  
 HF contribution (EtotHF)                          -1.1626261404E+002  
 Singles correction (EcSingles)                    -8.0554392372E-003  
 HF contribution (EtotHF)                          -1.1626261404E+002  
 Singles correction (EcSingles)                    -8.0554392372E-003  
 Direct RPA correlation (EcRPA)                    -7.1874309403E-001  
 HF contribution (EtotHF)                          -1.1625976913E+002  
 Singles correction (EcSingles)                    -8.1241843949E-003  
 HF contribution (EtotHF)                          -1.1625976913E+002  
 Singles correction (EcSingles)                    -8.1241843949E-003  
 Direct RPA correlation (EcRPA)                    -7.1986258297E-001  
 HF contribution (EtotHF)                          -2.2815991994E+002  
 Singles correction (EcSingles)                    -1.1961176257E-002  
 HF contribution (EtotHF)                          -2.2815991994E+002  
 Singles correction (EcSingles)                    -1.1961176257E-002  
 Direct RPA correlation (EcRPA)                    -1.1584654134E+000  
 HF contribution (EtotHF)                          -1.9231535123E+002  
 Singles correction (EcSingles)                    -1.2210417951E-002  
 HF contribution (EtotHF)                          -1.9231535123E+002  
 Singles correction (EcSingles)                    -1.2210417951E-002  
 Direct RPA correlation (EcRPA)                    -1.1059266021E+000  
 HF contribution (EtotHF)                          -1.9231408227E+002  
 Singles correction (EcSingles)                    -1.2286501879E-002  
 HF contribution (EtotHF)                          -1.9231408227E+002  
 Singles correction (EcSingles)                    -1.2286501879E-002  
 Direct RPA correlation (EcRPA)                    -1.1069944444E+000  
 HF contribution (EtotHF)                          -1.9231326382E+002  
 Singles correction (EcSingles)                    -1.2132376911E-002  
 HF contribution (EtotHF)                          -1.9231326382E+002  
 Singles correction (EcSingles)                    -1.2132376911E-002  
 Direct RPA correlation (EcRPA)                    -1.1060779474E+000  
