 Converged energy                           -269.619642274766
 Converged energy                            -76.378460442791
 Converged energy                            -76.379221386566
 Converged energy                            -76.379340428794
 Converged energy                           -152.757243464800
 Converged energy                           -152.766572968724
 Converged energy                           -152.758191779375
 Converged energy                            -40.473636955921
 Converged energy                           -116.852447511651
 Converged energy                           -116.853312609754
 Converged energy                           -116.853236147523
 Converged energy                           -229.145194430516
 Converged energy                           -193.231693129783
 Converged energy                           -193.232399188347
 Converged energy                           -193.240707484882
 HF contribution (EtotHF)                          -2.6837363511E+002  
 Singles correction (EcSingles)                    -1.6728417777E-002  
 HF contribution (EtotHF)                          -2.6837363511E+002  
 Singles correction (EcSingles)                    -1.6728417777E-002  
 Direct RPA correlation (EcRPA)                    -1.4950665723E+000  
 HF contribution (EtotHF)                          -7.6052783506E+001  
 Singles correction (EcSingles)                    -3.9753627250E-003  
 HF contribution (EtotHF)                          -7.6052783506E+001  
 Singles correction (EcSingles)                    -3.9753627250E-003  
 Direct RPA correlation (EcRPA)                    -3.8605843652E-001  
 HF contribution (EtotHF)                          -7.6054011966E+001  
 Singles correction (EcSingles)                    -3.9505408435E-003  
 HF contribution (EtotHF)                          -7.6054011966E+001  
 Singles correction (EcSingles)                    -3.9505408435E-003  
 Direct RPA correlation (EcRPA)                    -3.8631737886E-001  
 HF contribution (EtotHF)                          -7.6054075284E+001  
 Singles correction (EcSingles)                    -3.9511352921E-003  
 HF contribution (EtotHF)                          -7.6054075284E+001  
 Singles correction (EcSingles)                    -3.9511352921E-003  
 Direct RPA correlation (EcRPA)                    -3.8615725082E-001  
 HF contribution (EtotHF)                          -1.5210621276E+002  
 Singles correction (EcSingles)                    -7.9515337724E-003  
 HF contribution (EtotHF)                          -1.5210621276E+002  
 Singles correction (EcSingles)                    -7.9515337724E-003  
 Direct RPA correlation (EcRPA)                    -7.7255730188E-001  
 HF contribution (EtotHF)                          -1.5211267902E+002  
 Singles correction (EcSingles)                    -8.4777142591E-003  
 HF contribution (EtotHF)                          -1.5211267902E+002  
 Singles correction (EcSingles)                    -8.4777142591E-003  
 Direct RPA correlation (EcRPA)                    -7.7442852173E-001  
 HF contribution (EtotHF)                          -1.5210730564E+002  
 Singles correction (EcSingles)                    -7.9201026548E-003  
 HF contribution (EtotHF)                          -1.5210730564E+002  
 Singles correction (EcSingles)                    -7.9201026548E-003  
 Direct RPA correlation (EcRPA)                    -7.7215521609E-001  
 HF contribution (EtotHF)                          -4.0208656654E+001  
 Singles correction (EcSingles)                    -4.0591450664E-003  
 HF contribution (EtotHF)                          -4.0208656654E+001  
 Singles correction (EcSingles)                    -4.0591450664E-003  
 Direct RPA correlation (EcRPA)                    -3.3262911043E-001  
 HF contribution (EtotHF)                          -1.1626140510E+002  
 Singles correction (EcSingles)                    -8.0816881927E-003  
 HF contribution (EtotHF)                          -1.1626140510E+002  
 Singles correction (EcSingles)                    -8.0816881927E-003  
 Direct RPA correlation (EcRPA)                    -7.1919196388E-001  
 HF contribution (EtotHF)                          -1.1626268824E+002  
 Singles correction (EcSingles)                    -8.0601778987E-003  
 HF contribution (EtotHF)                          -1.1626268824E+002  
 Singles correction (EcSingles)                    -8.0601778987E-003  
 Direct RPA correlation (EcRPA)                    -7.1948184300E-001  
 HF contribution (EtotHF)                          -1.1626223725E+002  
 Singles correction (EcSingles)                    -8.1367040828E-003  
 HF contribution (EtotHF)                          -1.1626223725E+002  
 Singles correction (EcSingles)                    -8.1367040828E-003  
 Direct RPA correlation (EcRPA)                    -7.1963249092E-001  
 HF contribution (EtotHF)                          -2.2816552129E+002  
 Singles correction (EcSingles)                    -1.2475569446E-002  
 HF contribution (EtotHF)                          -2.2816552129E+002  
 Singles correction (EcSingles)                    -1.2475569446E-002  
 Direct RPA correlation (EcRPA)                    -1.1606055586E+000  
 HF contribution (EtotHF)                          -1.9231491703E+002  
 Singles correction (EcSingles)                    -1.2098389104E-002  
 HF contribution (EtotHF)                          -1.9231491703E+002  
 Singles correction (EcSingles)                    -1.2098389104E-002  
 Direct RPA correlation (EcRPA)                    -1.1061966031E+000  
 HF contribution (EtotHF)                          -1.9231539034E+002  
 Singles correction (EcSingles)                    -1.2152495494E-002  
 HF contribution (EtotHF)                          -1.9231539034E+002  
 Singles correction (EcSingles)                    -1.2152495494E-002  
 Direct RPA correlation (EcRPA)                    -1.1061437514E+000  
 HF contribution (EtotHF)                          -1.9232082220E+002  
 Singles correction (EcSingles)                    -1.2691799980E-002  
 HF contribution (EtotHF)                          -1.9232082220E+002  
 Singles correction (EcSingles)                    -1.2691799980E-002  
 Direct RPA correlation (EcRPA)                    -1.1084015462E+000  
