 Converged energy                           -269.625230010900
 Converged energy                            -76.379277458703
 Converged energy                            -76.379349982373
 Converged energy                            -76.379528625133
 Converged energy                           -152.766645380397
 Converged energy                           -152.758281454522
 Converged energy                           -152.765569930707
 Converged energy                            -40.473645307179
 Converged energy                           -116.853377011170
 Converged energy                           -116.853254335307
 Converged energy                           -116.853330725965
 Converged energy                           -229.151067211843
 Converged energy                           -193.240788435498
 Converged energy                           -193.239741452224
 Converged energy                           -193.232226824183
 HF contribution (EtotHF)                          -2.6837598585E+002  
 Singles correction (EcSingles)                    -1.7374674161E-002  
 HF contribution (EtotHF)                          -2.6837598585E+002  
 Singles correction (EcSingles)                    -1.7374674161E-002  
 Direct RPA correlation (EcRPA)                    -1.4987188039E+000  
 HF contribution (EtotHF)                          -7.6054063338E+001  
 Singles correction (EcSingles)                    -3.9567267734E-003  
 HF contribution (EtotHF)                          -7.6054063338E+001  
 Singles correction (EcSingles)                    -3.9567267734E-003  
 Direct RPA correlation (EcRPA)                    -3.8688896713E-001  
 HF contribution (EtotHF)                          -7.6054085713E+001  
 Singles correction (EcSingles)                    -3.9520578987E-003  
 HF contribution (EtotHF)                          -7.6054085713E+001  
 Singles correction (EcSingles)                    -3.9520578987E-003  
 Direct RPA correlation (EcRPA)                    -3.8622874948E-001  
 HF contribution (EtotHF)                          -7.6054377505E+001  
 Singles correction (EcSingles)                    -3.9461086319E-003  
 HF contribution (EtotHF)                          -7.6054377505E+001  
 Singles correction (EcSingles)                    -3.9461086319E-003  
 Direct RPA correlation (EcRPA)                    -3.8621768313E-001  
 HF contribution (EtotHF)                          -1.5211274815E+002  
 Singles correction (EcSingles)                    -8.4845946152E-003  
 HF contribution (EtotHF)                          -1.5211274815E+002  
 Singles correction (EcSingles)                    -8.4845946152E-003  
 Direct RPA correlation (EcRPA)                    -7.7507598144E-001  
 HF contribution (EtotHF)                          -1.5210751555E+002  
 Singles correction (EcSingles)                    -7.9704889532E-003  
 HF contribution (EtotHF)                          -1.5210751555E+002  
 Singles correction (EcSingles)                    -7.9704889532E-003  
 Direct RPA correlation (EcRPA)                    -7.7282666435E-001  
 HF contribution (EtotHF)                          -1.5211184830E+002  
 Singles correction (EcSingles)                    -8.4841629334E-003  
 HF contribution (EtotHF)                          -1.5211184830E+002  
 Singles correction (EcSingles)                    -8.4841629334E-003  
 Direct RPA correlation (EcRPA)                    -7.7519918943E-001  
 HF contribution (EtotHF)                          -4.0208657886E+001  
 Singles correction (EcSingles)                    -4.0623212854E-003  
 HF contribution (EtotHF)                          -4.0208657886E+001  
 Singles correction (EcSingles)                    -4.0623212854E-003  
 Direct RPA correlation (EcRPA)                    -3.3269789197E-001  
 HF contribution (EtotHF)                          -1.1626274075E+002  
 Singles correction (EcSingles)                    -8.0693540409E-003  
 HF contribution (EtotHF)                          -1.1626274075E+002  
 Singles correction (EcSingles)                    -8.0693540409E-003  
 Direct RPA correlation (EcRPA)                    -7.2012709686E-001  
 HF contribution (EtotHF)                          -1.1626224893E+002  
 Singles correction (EcSingles)                    -8.1407161508E-003  
 HF contribution (EtotHF)                          -1.1626224893E+002  
 Singles correction (EcSingles)                    -8.1407161508E-003  
 Direct RPA correlation (EcRPA)                    -7.1977392792E-001  
 HF contribution (EtotHF)                          -1.1626200255E+002  
 Singles correction (EcSingles)                    -8.2098773313E-003  
 HF contribution (EtotHF)                          -1.1626200255E+002  
 Singles correction (EcSingles)                    -8.2098773313E-003  
 Direct RPA correlation (EcRPA)                    -7.2006323742E-001  
 HF contribution (EtotHF)                          -2.2816877674E+002  
 Singles correction (EcSingles)                    -1.2984353772E-002  
 HF contribution (EtotHF)                          -2.2816877674E+002  
 Singles correction (EcSingles)                    -1.2984353772E-002  
 Direct RPA correlation (EcRPA)                    -1.1635881817E+000  
 HF contribution (EtotHF)                          -1.9232089222E+002  
 Singles correction (EcSingles)                    -1.2701675669E-002  
 HF contribution (EtotHF)                          -1.9232089222E+002  
 Singles correction (EcSingles)                    -1.2701675669E-002  
 Direct RPA correlation (EcRPA)                    -1.1091237212E+000  
 HF contribution (EtotHF)                          -1.9231962544E+002  
 Singles correction (EcSingles)                    -1.2774953006E-002  
 HF contribution (EtotHF)                          -1.9231962544E+002  
 Singles correction (EcSingles)                    -1.2774953006E-002  
 Direct RPA correlation (EcRPA)                    -1.1095286988E+000  
 HF contribution (EtotHF)                          -1.9231462046E+002  
 Singles correction (EcSingles)                    -1.2343533706E-002  
 HF contribution (EtotHF)                          -1.9231462046E+002  
 Singles correction (EcSingles)                    -1.2343533706E-002  
 Direct RPA correlation (EcRPA)                    -1.1075042340E+000  
