 Converged energy                           -269.625641387194
 Converged energy                            -76.379344928197
 Converged energy                            -76.377622472448
 Converged energy                            -76.378989513891
 Converged energy                           -152.763547579745
 Converged energy                           -152.762425083712
 Converged energy                           -152.759403325212
 Converged energy                            -40.473637719884
 Converged energy                           -116.853241383654
 Converged energy                           -116.851416041570
 Converged energy                           -116.852509226536
 Converged energy                           -229.151599915773
 Converged energy                           -193.237576530446
 Converged energy                           -193.233159673002
 Converged energy                           -193.236150269897
 HF contribution (EtotHF)                          -2.6837166746E+002  
 Singles correction (EcSingles)                    -1.7847110412E-002  
 HF contribution (EtotHF)                          -2.6837166746E+002  
 Singles correction (EcSingles)                    -1.7847110412E-002  
 Direct RPA correlation (EcRPA)                    -1.5019787522E+000  
 HF contribution (EtotHF)                          -7.6054079352E+001  
 Singles correction (EcSingles)                    -3.9515052341E-003  
 HF contribution (EtotHF)                          -7.6054079352E+001  
 Singles correction (EcSingles)                    -3.9515052341E-003  
 Direct RPA correlation (EcRPA)                    -3.8620034936E-001  
 HF contribution (EtotHF)                          -7.6051411631E+001  
 Singles correction (EcSingles)                    -4.0261087567E-003  
 HF contribution (EtotHF)                          -7.6051411631E+001  
 Singles correction (EcSingles)                    -4.0261087567E-003  
 Direct RPA correlation (EcRPA)                    -3.8812394376E-001  
 HF contribution (EtotHF)                          -7.6053361311E+001  
 Singles correction (EcSingles)                    -3.9816113624E-003  
 HF contribution (EtotHF)                          -7.6053361311E+001  
 Singles correction (EcSingles)                    -3.9816113624E-003  
 Direct RPA correlation (EcRPA)                    -3.8723834187E-001  
 HF contribution (EtotHF)                          -1.5210809073E+002  
 Singles correction (EcSingles)                    -8.6444232121E-003  
 HF contribution (EtotHF)                          -1.5210809073E+002  
 Singles correction (EcSingles)                    -8.6444232121E-003  
 Direct RPA correlation (EcRPA)                    -7.7678643264E-001  
 HF contribution (EtotHF)                          -1.5210446636E+002  
 Singles correction (EcSingles)                    -8.8348817535E-003  
 HF contribution (EtotHF)                          -1.5210446636E+002  
 Singles correction (EcSingles)                    -8.8348817535E-003  
 Direct RPA correlation (EcRPA)                    -7.7832694886E-001  
 HF contribution (EtotHF)                          -1.5210836567E+002  
 Singles correction (EcSingles)                    -7.9773388059E-003  
 HF contribution (EtotHF)                          -1.5210836567E+002  
 Singles correction (EcSingles)                    -7.9773388059E-003  
 Direct RPA correlation (EcRPA)                    -7.7356268347E-001  
 HF contribution (EtotHF)                          -4.0208657188E+001  
 Singles correction (EcSingles)                    -4.0592785225E-003  
 HF contribution (EtotHF)                          -4.0208657188E+001  
 Singles correction (EcSingles)                    -4.0592785225E-003  
 Direct RPA correlation (EcRPA)                    -3.3266489728E-001  
 HF contribution (EtotHF)                          -1.1626224166E+002  
 Singles correction (EcSingles)                    -8.1372563146E-003  
 HF contribution (EtotHF)                          -1.1626224166E+002  
 Singles correction (EcSingles)                    -8.1372563146E-003  
 Direct RPA correlation (EcRPA)                    -7.1971273780E-001  
 HF contribution (EtotHF)                          -1.1625989212E+002  
 Singles correction (EcSingles)                    -8.1338460428E-003  
 HF contribution (EtotHF)                          -1.1625989212E+002  
 Singles correction (EcSingles)                    -8.1338460428E-003  
 Direct RPA correlation (EcRPA)                    -7.2127453983E-001  
 HF contribution (EtotHF)                          -1.1626111722E+002  
 Singles correction (EcSingles)                    -8.1839105844E-003  
 HF contribution (EtotHF)                          -1.1626111722E+002  
 Singles correction (EcSingles)                    -8.1839105844E-003  
 Direct RPA correlation (EcRPA)                    -7.2082278503E-001  
 HF contribution (EtotHF)                          -2.2816408866E+002  
 Singles correction (EcSingles)                    -1.3526610568E-002  
 HF contribution (EtotHF)                          -2.2816408866E+002  
 Singles correction (EcSingles)                    -1.3526610568E-002  
 Direct RPA correlation (EcRPA)                    -1.1672149656E+000  
 HF contribution (EtotHF)                          -1.9231621343E+002  
 Singles correction (EcSingles)                    -1.2858118834E-002  
 HF contribution (EtotHF)                          -1.9231621343E+002  
 Singles correction (EcSingles)                    -1.2858118834E-002  
 Direct RPA correlation (EcRPA)                    -1.1107361178E+000  
 HF contribution (EtotHF)                          -1.9231569705E+002  
 Singles correction (EcSingles)                    -1.2289008468E-002  
 HF contribution (EtotHF)                          -1.9231569705E+002  
 Singles correction (EcSingles)                    -1.2289008468E-002  
 Direct RPA correlation (EcRPA)                    -1.1079679044E+000  
 HF contribution (EtotHF)                          -1.9231230746E+002  
 Singles correction (EcSingles)                    -1.3051531617E-002  
 HF contribution (EtotHF)                          -1.9231230746E+002  
 Singles correction (EcSingles)                    -1.3051531617E-002  
 Direct RPA correlation (EcRPA)                    -1.1123017710E+000  
