
 Primary working directories    : /net/scratch/people/plgsirous
 Secondary working directories  : /net/scratch/people/plgsirous
 Wavefunction directory         : /net/people/plgsirous/wfu/
 Main file repository           : /net/scratch/people/plgsirous/

 SHA1      : 
 NAME      : 
 ARCHNAME  : linux/x86_64
 FC        : /net/software/local/intel/impi/2018.1.163/bin64/mpiifort
 BLASLIB   : -L/net/software/local/intel/compilers_and_libraries_2018.1.163/linux/mkl/lib/intel64 -lmkl_scalapack_ilp64 -lmkl_intel_ilp64 -lmkl_intel_thread -lmkl_core -lmkl_blacs_intelmpi_ilp64 -liomp5 -lpthread -lm -ldl
 id        : pl

 Nodes     nprocs
 p1897        1

 Using customized tuning parameters: mindgm=7; mindgv=20; mindgc=1; mindgr=1; noblas=0; minvec=7
 default implementation of scratch files=df  

 ***,MP3SD(T)
 memory,14000,m
 gthresh,orbital=1d-8,energy=1d-8,twoint=1.d-19
 angstrom
 geometry={
 C1        -3.2772    1.4825     1.2719
 H1        -2.4640    0.8996     1.6510
 H2        -3.1608    2.5010     1.5785
 H3        -4.2018    1.0992     1.6501
 H4        -3.2685    1.4210     0.2037
 O1        -0.1517    2.6972     -0.8448
 H5        0.5334    2.9981     -1.4549
 H6        -1.0032    2.7706     -1.3576
 O2        -0.0699    -0.2262     2.8727
 H7        0.6354    -0.8159     3.1689
 H8        -0.9185    -0.7213     3.0725
   }
 
 nkerna=1
 nkernb=1
 nkernc=1
 nkernab=$nkerna+$nkernb
 nkernac=$nkerna+$nkernc
 nkernbc=$nkernb+$nkernc
 nkernabc=$nkerna+$nkernb+$nkernc
 
 proc set_monomera
 core,$nkerna
 dummy,6,7,8,9,10,11;
 endproc
 
 proc set_monomerb
 core,$nkernb
 dummy,1,2,3,4,5,9,10,11;
 endproc
 
 proc set_monomerc
 core,$nkernc
 dummy,1,2,3,4,5,6,7,8;
 endproc
 
 proc set_dimerab
 core,$nkerna+$nkernb
 dummy,9,10,11;
 endproc
 
 proc set_dimerac
 core,$nkerna+$nkernc
 dummy,6,7,8;
 endproc
 
 proc set_dimerbc
 core,$nkernb+$nkernc
 dummy,1,2,3,4,5;
 endproc
 
 proc set_trimerabc
 core,$nkerna+$nkernb+$nkernc
 endproc
 
 basis=avtz
 
 set_trimerabc
 hf
 Escf_ABC=energy
 mp3
 Emp3_ABC=energy
 Emp3_corr_ABC=(Emp3_ABC)-(Escf_ABC)
 
 set_monomera
 {hf
 start,atden}
 Escf_A=energy
 mp3
 Emp3_A=energy
 Emp3_corr_A=(Emp3_A)-(Escf_A)
 
 set_monomerb
 {hf
 start,atden}
 Escf_B=energy
 mp3
 Emp3_B=energy
 Emp3_corr_B=(Emp3_B)-(Escf_B)
 
 set_monomerc
 {hf
 start,atden}
 Escf_C=energy
 mp3
 Emp3_C=energy
 Emp3_corr_C=(Emp3_C)-(Escf_C)
 
 set_dimerab
 {hf
 start,atden}
 Escf_AB=energy
 mp3
 Emp3_AB=energy
 Emp3_corr_AB=(Emp3_AB)-(Escf_AB)
 
 set_dimerac
 {hf
 start,atden}
 Escf_AC=energy
 mp3
 Emp3_AC=energy
 Emp3_corr_AC=(Emp3_AC)-(Escf_AC)
 
 set_dimerbc
 {hf
 start,atden}
 Escf_BC=energy
 mp3
 Emp3_BC=energy
 Emp3_corr_BC=(Emp3_BC)-(Escf_BC)
 
 E_int_ABC=Emp3_ABC-(Emp3_A+Emp3_B+Emp3_C)
 E_int_AB=Emp3_AB-(Emp3_A+Emp3_B)
 E_int_AC=Emp3_AC-(Emp3_A+Emp3_C)
 E_int_BC=Emp3_BC-(Emp3_B+Emp3_C)
 E_add=E_int_AB+E_int_AC+E_int_BC
 E_nonadd_MP3=E_int_ABC-(E_int_AB+E_int_AC+E_int_BC)
                                                                                 !!!!!Correlation part of interaction energy!!!!!!
 E_int_ABC_corr=Emp3_corr_ABC-(Emp3_corr_A+Emp3_corr_B+Emp3_corr_C)
 E_int_AB_corr=Emp3_corr_AB-(Emp3_corr_A+Emp3_corr_B)
 E_int_AC_corr=Emp3_corr_AC-(Emp3_corr_A+Emp3_corr_C)
 E_int_BC_corr=Emp3_corr_BC-(Emp3_corr_B+Emp3_corr_C)
 E_int_ABC_corr_add=E_int_AB_corr+E_int_AC_corr+E_int_BC_corr
 E_int_ABC_corr_nonadd=E_int_ABC_corr-E_int_ABC_corr_add
                                                                                 !!!!HF part of interaction energy!!!!
 E_int_ABC_HF=E_int_ABC-E_int_ABC_corr
 E_int_AB_HF=E_int_AB-E_int_AB_corr
 E_int_AC_HF=E_int_AC-E_int_AC_corr
 E_int_BC_HF=E_int_BC-E_int_BC_corr
 E_int_ABC_HF_add=E_int_AB_HF+E_int_AC_HF+E_int_BC_HF
 E_int_ABC_HF_nonadd=E_int_ABC_HF-E_int_ABC_HF_add
 
 text,results in millihartree
                                                                                 !!!!Interacion Energies!!!!!!
 show,E_int_ABC,E_int_AB,E_int_AC,E_int_BC,E_add,E_nonadd_MP3
                                                                                 !!!!Correlation Part!!!!!!!!
 show,E_int_ABC_corr,E_int_AB_corr,E_int_AC_corr,E_int_BC_corr,E_int_ABC_corr_add,E_int_ABC_corr_nonadd
                                                                                 !!!!SCF Part!!!!!
 show,E_int_ABC_HF,E_int_AB_HF,E_int_AC_HF,E_int_BC_HF,E_int_ABC_HF_add,E_int_ABC_HF_nonadd

 Variables initialized (889), CPU time= 0.00 sec
 Commands  initialized (702), CPU time= 0.01 sec, 572 directives.
 Default parameters read. Elapsed time= 0.07 sec

 Checking input...
 Passed
1


                                         ***  PROGRAM SYSTEM MOLPRO  ***
                                       Copyright, TTI GmbH Stuttgart, 2015
                                    Version 2015.1 linked Jul  2 2018 15:03:07


 **********************************************************************************************************************************
 LABEL *   MP3SD(T)                                                                      
  64 bit serial version                                                                  DATE: 28-Nov-18          TIME: 14:10:36  
 **********************************************************************************************************************************

 SHA1:             
 **********************************************************************************************************************************

 THRESHOLDS:

 ZERO    =  1.00D-12  ONEINT  =  1.00D-12  TWOINT  =  1.00D-19  PREFAC  =  1.00D-14  LOCALI  =  1.00D-09  EORDER  =  1.00D-04
 ENERGY  =  1.00D-08  ETEST   =  0.00D+00  EDENS   =  0.00D+00  THRDEDEF=  1.00D-06  GRADIENT=  1.00D-02  STEP    =  1.00D-03
 ORBITAL =  1.00D-08  CIVEC   =  1.00D-05  COEFF   =  1.00D-04  PRINTCI =  5.00D-02  PUNCHCI =  9.90D+01  OPTGRAD =  3.00D-04
 OPTENERG=  1.00D-06  OPTSTEP =  3.00D-04  THRGRAD =  1.00D-10  COMPRESS=  1.00D-11  VARMIN  =  1.00D-07  VARMAX  =  1.00D-03
 THRDOUB =  0.00D+00  THRDIV  =  1.00D-05  THRRED  =  1.00D-07  THRPSP  =  1.00D+00  THRDC   =  1.00D-10  THRCS   =  1.00D-10
 THRNRM  =  1.00D-08  THREQ   =  0.00D+00  THRDE   =  1.00D+00  THRREF  =  1.00D-05  SPARFAC =  1.00D+00  THRDLP  =  1.00D-07
 THRDIA  =  1.00D-10  THRDLS  =  1.00D-07  THRGPS  =  0.00D+00  THRKEX  =  0.00D+00  THRDIS  =  2.00D-01  THRVAR  =  1.00D-10
 THRLOC  =  1.00D-06  THRGAP  =  1.00D-06  THRLOCT = -1.00D+00  THRGAPT = -1.00D+00  THRORB  =  1.00D-06  THRMLTP =  0.00D+00
 THRCPQCI=  1.00D-10  KEXTA   =  0.00D+00  THRCOARS=  0.00D+00  SYMTOL  =  1.00D-06  GRADTOL =  1.00D-06  THROVL  =  1.00D-08
 THRORTH =  1.00D-08  GRID    =  1.00D-06  GRIDMAX =  1.00D-03  DTMAX   =  0.00D+00  THROCCDE=  1.00D-01  THROCCDE=  1.00D-01


 ZUNIT=ANG
 

Geometry recognized as XYZ

 SETTING NKERNA         =         1.00000000                                  
 SETTING NKERNB         =         1.00000000                                  
 SETTING NKERNC         =         1.00000000                                  
 SETTING NKERNAB        =         2.00000000                                  
 SETTING NKERNAC        =         2.00000000                                  
 SETTING NKERNBC        =         2.00000000                                  
 SETTING NKERNABC       =         3.00000000                                  

 Variable memory set to ********** words,  buffer space   230000 words

 SETTING BASIS          =    AVTZ

 Running procedure=SET_TRIMERABC


 Recomputing integrals since basis changed


 Using spherical harmonics

 Library entry C      S aug-cc-pVTZ          selected for orbital group  1
 Library entry C      P aug-cc-pVTZ          selected for orbital group  1
 Library entry C      D aug-cc-pVTZ          selected for orbital group  1
 Library entry C      F aug-cc-pVTZ          selected for orbital group  1
 Library entry H      S aug-cc-pVTZ          selected for orbital group  2
 Library entry H      P aug-cc-pVTZ          selected for orbital group  2
 Library entry H      D aug-cc-pVTZ          selected for orbital group  2
 Library entry O      S aug-cc-pVTZ          selected for orbital group  3
 Library entry O      P aug-cc-pVTZ          selected for orbital group  3
 Library entry O      D aug-cc-pVTZ          selected for orbital group  3
 Library entry O      F aug-cc-pVTZ          selected for orbital group  3


 PROGRAM * SEWARD (Integral evaluation for generally contracted gaussian basis sets)     Author: Roland Lindh, 1990

 Geometry written to block  1 of record 700


 Point group  C1  



 ATOMIC COORDINATES

 NR  ATOM    CHARGE       X              Y              Z

   1  C1      6.00   -6.193010455    2.801518980    2.403542658
   2  H1      1.00   -4.656285171    1.699997622    3.119937832
   3  H2      1.00   -5.973046335    4.726205038    2.982932688
   4  H3      1.00   -7.940251230    2.077186956    3.118237078
   5  H4      1.00   -6.176569838    2.685300823    0.384937212
   6  O1      8.00   -0.286671453    5.096969303   -1.596440630
   7  H5      1.00    1.007979915    5.665587894   -2.749362539
   8  H6      1.00   -1.895773248    5.235675201   -2.565492187
   9  O2      8.00   -0.132091856   -0.427456049    5.428616238
  10  H7      1.00    1.200731980   -1.541827545    5.988353116
  11  H8      1.00   -1.735713445   -1.363059454    5.806183518

 Bond lengths in Bohr (Angstrom)

 1-2  2.021904040  1-3  2.022002335  1-4  2.021953343  1-5  2.022015060  6-7  1.824466550
     ( 1.069945541)     ( 1.069997556)     ( 1.069971630)     ( 1.070004290)     ( 0.965466121)

  6- 8  1.883483165   9-10  1.825253018   9-11  1.894601009
       ( 0.996696368)       ( 0.965882301)       ( 1.002579678)

 Bond angles

  2-1-3  109.53398059   2-1-4  109.65604535   2-1-5  108.43490854   3-1-4  109.49436728

  3- 1- 5  109.86987750   4- 1- 5  109.83468330   7- 6- 8  104.96066383  10- 9-11  104.80057086

 NUCLEAR CHARGE:                   30
 NUMBER OF PRIMITIVE AOS:         417
 NUMBER OF SYMMETRY AOS:          374
 NUMBER OF CONTRACTIONS:          322   ( 322A   )
 NUMBER OF CORE ORBITALS:           3   (   3A   )
 NUMBER OF VALENCE ORBITALS:       20   (  20A   )


 NUCLEAR REPULSION ENERGY   68.66900632


 Eigenvalues of metric

         1 0.319E-04 0.532E-04 0.707E-04 0.101E-03 0.316E-03 0.325E-03 0.331E-03 0.354E-03


 Contracted 2-electron integrals neglected if value below      1.0D-19
 AO integral compression algorithm  1   Integral accuracy      1.0D-19

     9437.970 MB (compressed) written to integral file ( 79.2%)


 NUMBER OF SORTED TWO-ELECTRON INTEGRALS: 1352182006.     BUFFER LENGTH:  32768
 NUMBER OF SEGMENTS:  43  SEGMENT LENGTH:   31998710      RECORD LENGTH: 524288

 Memory used in sort:      32.56 MW

 SORT1 READ  1490287330. AND WROTE  1216128506. INTEGRALS IN   3498 RECORDS. CPU TIME:    14.79 SEC, REAL TIME:    59.43 SEC
 SORT2 READ  1216128506. AND WROTE  1352182006. INTEGRALS IN  36003 RECORDS. CPU TIME:    16.17 SEC, REAL TIME:    54.21 SEC

 FILE SIZES:   FILE 1:  9461.8 MBYTE,  FILE 4: 14671.7 MBYTE,   TOTAL:  24133.6 MBYTE

 OPERATOR DM      FOR CENTER  0  COORDINATES:    0.000000    0.000000    0.000000


 **********************************************************************************************************************************
 DATASETS  * FILE   NREC   LENGTH (MB)   RECORD NAMES
              1      19     8641.32       500      610      700      900      950      970     1000      129      960     1100   
                                          VAR    BASINP    GEOM    SYMINP    ZMAT    AOBASIS   BASIS     P2S    ABASIS      S 
                                         1400     1410     1200     1210     1080     1600     1650     1300     1700   
                                           T        V       H0       H01     AOSYM     SMH    MOLCAS    ERIS     OPER   

 PROGRAMS   *        TOTAL       INT
 CPU TIMES  *        70.20     70.05
 REAL TIME  *       203.84 SEC
 DISK USED  *        24.14 GB      
 **********************************************************************************************************************************


 PROGRAM * RHF-SCF (CLOSED SHELL)       Authors: W. Meyer, H.-J. Werner


 NUMBER OF ELECTRONS:      15+   15-    SPACE SYMMETRY=1    SPIN SYMMETRY: Singlet 
 CONVERGENCE THRESHOLDS:    1.00E-08 (Density)    1.00E-09 (Energy)
 MAX. NUMBER OF ITERATIONS:       60
 INTERPOLATION TYPE:            DIIS
 INTERPOLATION STEPS:              2 (START)      1 (STEP)
 LEVEL SHIFTS:                  0.00 (CLOSED)  0.00 (OPEN) 



 Orbital guess generated from atomic densities. Full valence occupancy:   23

 Molecular orbital dump at record        2100.2

 Initial occupancy:  15

 ITERATION    DDIFF          GRAD             ENERGY        2-EL.EN.            DIPOLE MOMENTS         DIIS   ORB.
    1      0.000D+00      0.000D+00      -192.22748886    283.040383   -0.31477   -0.69236   -0.60692    0    start
    2      0.000D+00      0.484D-02      -192.29920423    273.998680   -0.06888   -0.37791   -0.32394    1    diag
    3      0.513D-02      0.298D-02      -192.32510855    277.819305   -0.12812   -0.45873   -0.39590    2    diag
    4      0.178D-02      0.369D-03      -192.32597869    277.613528   -0.12395   -0.45426   -0.39222    3    diag
    5      0.339D-03      0.107D-03      -192.32607177    277.621515   -0.12183   -0.45340   -0.39160    4    diag
    6      0.119D-03      0.266D-04      -192.32607736    277.628380   -0.12130   -0.45292   -0.39146    5    diag
    7      0.325D-04      0.625D-05      -192.32607778    277.625873   -0.12119   -0.45291   -0.39145    6    diag
    8      0.990D-05      0.160D-05      -192.32607782    277.626121   -0.12111   -0.45283   -0.39146    7    diag
    9      0.250D-05      0.433D-06      -192.32607782    277.626100   -0.12110   -0.45284   -0.39143    8    diag
   10      0.575D-06      0.197D-06      -192.32607782    277.626080   -0.12109   -0.45283   -0.39143    9    orth
   11      0.216D-06      0.231D-07      -192.32607782    277.626080   -0.12109   -0.45283   -0.39143    9    diag
   12      0.334D-07      0.676D-08      -192.32607782    277.626083   -0.12109   -0.45283   -0.39143    9    diag
   13      0.136D-07      0.147D-08      -192.32607782    277.626082   -0.12109   -0.45283   -0.39143    9    diag
   14      0.199D-08      0.518D-09      -192.32607782    277.626082   -0.12109   -0.45283   -0.39143    0    orth

 Final occupancy:  15

 !RHF STATE 1.1 Energy               -192.326077822432
 Nuclear energy                        68.66900632
 One-electron energy                 -399.80812528
 Two-electron energy                  138.81304114
 Virial quotient                       -1.00171445
 !RHF STATE 1.1 Dipole moment          -0.12108903    -0.45282973    -0.39143253
 Dipole moment /Debye                  -0.30775747    -1.15090299    -0.99485708

 Orbital energies:

         1.1          2.1          3.1          4.1          5.1          6.1          7.1          8.1          9.1         10.1
    -20.565312   -20.563552   -11.188254    -1.333950    -1.333928    -0.941786    -0.698367    -0.698100    -0.572758    -0.571078

        11.1         12.1         13.1         14.1         15.1         16.1         17.1
     -0.542995    -0.540873    -0.537909    -0.501621    -0.500538     0.026989     0.035961

 HOMO     15.1    -0.500538 =     -13.6203eV
 LUMO     16.1     0.026989 =       0.7344eV
 LUMO-HOMO         0.527527 =      14.3547eV


 **********************************************************************************************************************************
 DATASETS  * FILE   NREC   LENGTH (MB)   RECORD NAMES
              1      19     8641.32       500      610      700      900      950      970     1000      129      960     1100   
                                          VAR    BASINP    GEOM    SYMINP    ZMAT    AOBASIS   BASIS     P2S    ABASIS      S 
                                         1400     1410     1200     1210     1080     1600     1650     1300     1700   
                                           T        V       H0       H01     AOSYM     SMH    MOLCAS    ERIS     OPER   

              2       5        6.86       200      700     1000      520     2100   
                                        OPTIONS   GEOM     BASIS   MCVARS     RHF  

 PROGRAMS   *        TOTAL        HF       INT
 CPU TIMES  *       245.85    175.65     70.05
 REAL TIME  *       500.13 SEC
 DISK USED  *        24.14 GB      
 **********************************************************************************************************************************
 SETTING ESCF_ABC       =      -192.32607782  AU                              


 PROGRAM * MP3 (Closed-shell)     Authors: C. Hampel, H.-J. Werner, 1991, M. Deegan, P.J. Knowles, 1992


 Convergence thresholds:  THRVAR = 1.00D-08  THRDEN = 1.00D-08

 Number of core orbitals:           3 (   3 )
 Number of closed-shell orbitals:  12 (  12 )
 Number of external orbitals:     307 ( 307 )

 Molecular orbitals read from record     2100.2  Type=RHF/CANONICAL (state 1.1)

 Number of N-1 electron functions:              12
 Number of N-2 electron functions:              78
 Number of singly external CSFs:              3684
 Number of doubly external CSFs:           6787770
 Total number of CSFs:                     6791455

 Length of J-op  integral file:               0.00 MB
 Length of K-op  integral file:               7.17 MB

 Integral transformation finished. Total CPU:  22.60 sec, npass=  1  Memory used:  15.72 MW

 Reference energy:                   -192.32607782

                        CORR.ENERGY   TOTAL ENERGY   ENERGY CHANGE
 MP2:                   -0.74289310  -193.06897093    -0.74289310

 SCS-MP2 correlation energy:           -0.74538352   (PS=  1.200000  PT=  0.333333)
 SCS-MP2 total energy:               -193.07146135

 MP3(D):                -0.76526017  -193.09133799    -0.02236706



 RESULTS
 =======

  Reference energy                   -192.326077822432
  MP3 singlet pair energy              -0.530221412847
  MP3 triplet pair energy              -0.235038754157
  MP3 correlation energy               -0.765260167004

 !MP3 total energy                   -193.091337989437

 Timing summary (sec):

 STEP                 CPU(USER)    SYS     CPU(TOT)    WALL
 Transformation         23.32      6.87     30.19     30.39
 CCSD iterations        63.32      6.62     69.94     79.39

 Program statistics:

 Available memory in ccsd:             13999999324
 Min. memory needed in ccsd:              17471288
 Max. memory used in ccsd:                23578322
 Max. memory used in cckext:              17102349 ( 1 integral passes)



 **********************************************************************************************************************************
 DATASETS  * FILE   NREC   LENGTH (MB)   RECORD NAMES
              1      20     8740.33       500      610      700      900      950      970     1000      129      960     1100   
                                          VAR    BASINP    GEOM    SYMINP    ZMAT    AOBASIS   BASIS     P2S    ABASIS      S 
                                         1400     1410     1200     1210     1080     1600     1650     1300     1700     1380   
                                           T        V       H0       H01     AOSYM     SMH    MOLCAS    ERIS     OPER     JKOP   

              2       5        6.86       200      700     1000      520     2100   
                                        OPTIONS   GEOM     BASIS   MCVARS     RHF  

 PROGRAMS   *        TOTAL       MP3        HF       INT
 CPU TIMES  *       332.51     86.66    175.65     70.05
 REAL TIME  *       610.25 SEC
 DISK USED  *        24.14 GB      
 **********************************************************************************************************************************
 SETTING EMP3_ABC       =      -193.09133799  AU                              
 SETTING EMP3_CORR_ABC  =        -0.76526017  AU                              

 Running procedure=SET_MONOMERA

 Dummy atoms: O1  H5  H6  O2  H7  H8


 Recomputing one-electron integrals since nuclear charges changed


 PROGRAM * SEWARD (Integral evaluation for generally contracted gaussian basis sets)     Author: Roland Lindh, 1990

 Geometry written to block  1 of record 700


 Point group  C1  



 ATOMIC COORDINATES

 NR  ATOM    CHARGE       X              Y              Z

   1  C1      6.00   -6.193010455    2.801518980    2.403542658
   2  H1      1.00   -4.656285171    1.699997622    3.119937832
   3  H2      1.00   -5.973046335    4.726205038    2.982932688
   4  H3      1.00   -7.940251230    2.077186956    3.118237078
   5  H4      1.00   -6.176569838    2.685300823    0.384937212
   6  O1      0.00   -0.286671453    5.096969303   -1.596440630
   7  H5      0.00    1.007979915    5.665587894   -2.749362539
   8  H6      0.00   -1.895773248    5.235675201   -2.565492187
   9  O2      0.00   -0.132091856   -0.427456049    5.428616238
  10  H7      0.00    1.200731980   -1.541827545    5.988353116
  11  H8      0.00   -1.735713445   -1.363059454    5.806183518

 Bond lengths in Bohr (Angstrom)

 1-2  2.021904040  1-3  2.022002335  1-4  2.021953343  1-5  2.022015060  6-7  1.824466550
     ( 1.069945541)     ( 1.069997556)     ( 1.069971630)     ( 1.070004290)     ( 0.965466121)

  6- 8  1.883483165   9-10  1.825253018   9-11  1.894601009
       ( 0.996696368)       ( 0.965882301)       ( 1.002579678)

 Bond angles

  2-1-3  109.53398059   2-1-4  109.65604535   2-1-5  108.43490854   3-1-4  109.49436728

  3- 1- 5  109.86987750   4- 1- 5  109.83468330   7- 6- 8  104.96066383  10- 9-11  104.80057086

 NUCLEAR CHARGE:                   10
 NUMBER OF PRIMITIVE AOS:         417
 NUMBER OF SYMMETRY AOS:          374
 NUMBER OF CONTRACTIONS:          322   ( 322A   )
 NUMBER OF CORE ORBITALS:           1   (   1A   )
 NUMBER OF VALENCE ORBITALS:        8   (   8A   )

 MOLECULE CHANGED: INITIALIZING OCCUPATION AND DUMP RECORDS


 NUCLEAR REPULSION ENERGY   13.68681606


 Eigenvalues of metric

         1 0.319E-04 0.532E-04 0.707E-04 0.101E-03 0.316E-03 0.325E-03 0.331E-03 0.354E-03


 Contracted 2-electron integrals neglected if value below      1.0D-19

 OPERATOR DM      FOR CENTER  0  COORDINATES:    0.000000    0.000000    0.000000


 **********************************************************************************************************************************
 DATASETS  * FILE   NREC   LENGTH (MB)   RECORD NAMES
              1      19     8641.32       500      610      700      900      950      970     1000      129      960     1100   
                                          VAR    BASINP    GEOM    SYMINP    ZMAT    AOBASIS   BASIS     P2S    ABASIS      S 
                                         1400     1410     1200     1210     1080     1600     1650     1300     1700   
                                           T        V       H0       H01     AOSYM     SMH    MOLCAS    ERIS     OPER   

              2       5        6.86       200      700     1000      520     2100   
                                        OPTIONS   GEOM     BASIS   MCVARS     RHF  

 PROGRAMS   *        TOTAL       INT       MP3        HF       INT
 CPU TIMES  *       332.62      0.11     86.66    175.65     70.05
 REAL TIME  *       610.62 SEC
 DISK USED  *        24.14 GB      
 **********************************************************************************************************************************


 PROGRAM * RHF-SCF (CLOSED SHELL)       Authors: W. Meyer, H.-J. Werner


 NUMBER OF ELECTRONS:       5+    5-    SPACE SYMMETRY=1    SPIN SYMMETRY: Singlet 
 CONVERGENCE THRESHOLDS:    1.00E-08 (Density)    1.00E-09 (Energy)
 MAX. NUMBER OF ITERATIONS:       60
 INTERPOLATION TYPE:            DIIS
 INTERPOLATION STEPS:              2 (START)      1 (STEP)
 LEVEL SHIFTS:                  0.00 (CLOSED)  0.00 (OPEN) 



 Orbital guess generated from atomic densities. Full valence occupancy:    9

 Molecular orbital dump at record        2101.2

 Initial occupancy:   5

 ITERATION    DDIFF          GRAD             ENERGY        2-EL.EN.            DIPOLE MOMENTS         DIIS   ORB.
    1      0.000D+00      0.000D+00       -40.19359550     53.494073    0.00412   -0.00278   -0.00128    0    start
    2      0.000D+00      0.298D-02       -40.21071472     52.213670    0.00130   -0.00091   -0.00036    1    diag
    3      0.236D-02      0.116D-02       -40.21296353     52.664865    0.00183   -0.00126   -0.00053    2    diag
    4      0.675D-03      0.288D-03       -40.21327907     52.609847    0.00163   -0.00113   -0.00046    3    diag
    5      0.225D-03      0.374D-04       -40.21328447     52.612180    0.00160   -0.00111   -0.00045    4    diag
    6      0.564D-04      0.291D-05       -40.21328451     52.612279    0.00160   -0.00111   -0.00045    5    diag
    7      0.511D-05      0.223D-06       -40.21328451     52.612245    0.00160   -0.00111   -0.00045    6    diag
    8      0.675D-06      0.187D-07       -40.21328451     52.612245    0.00160   -0.00111   -0.00045    7    diag
    9      0.134D-06      0.239D-08       -40.21328451     52.612245    0.00160   -0.00111   -0.00045    8    diag
   10      0.797D-08      0.667D-09       -40.21328451     52.612245    0.00160   -0.00111   -0.00045    0    orth

 Final occupancy:   5

 !RHF STATE 1.1 Energy                -40.213284512560
 Nuclear energy                        13.68681606
 One-electron energy                  -80.20622325
 Two-electron energy                   26.30612268
 Virial quotient                       -0.99869258
 !RHF STATE 1.1 Dipole moment           0.00159910    -0.00110637    -0.00044865
 Dipole moment /Debye                   0.00406425    -0.00281193    -0.00114028

 Orbital energies:

         1.1          2.1          3.1          4.1          5.1          6.1          7.1
    -11.197213    -0.950741    -0.551694    -0.549759    -0.547582     0.023159     0.036471

 HOMO      5.1    -0.547582 =     -14.9005eV
 LUMO      6.1     0.023159 =       0.6302eV
 LUMO-HOMO         0.570742 =      15.5307eV


 **********************************************************************************************************************************
 DATASETS  * FILE   NREC   LENGTH (MB)   RECORD NAMES
              1      19     8641.32       500      610      700      900      950      970     1000      129      960     1100   
                                          VAR    BASINP    GEOM    SYMINP    ZMAT    AOBASIS   BASIS     P2S    ABASIS      S 
                                         1400     1410     1200     1210     1080     1600     1650     1300     1700   
                                           T        V       H0       H01     AOSYM     SMH    MOLCAS    ERIS     OPER   

              2       6       13.52       200      700     1000      520     2100     2101   
                                        OPTIONS   GEOM     BASIS   MCVARS     RHF      RHF  

 PROGRAMS   *        TOTAL        HF       INT       MP3        HF       INT
 CPU TIMES  *       461.68    129.05      0.11     86.66    175.65     70.05
 REAL TIME  *       810.77 SEC
 DISK USED  *        24.14 GB      
 **********************************************************************************************************************************
 SETTING ESCF_A         =       -40.21328451  AU                              


 PROGRAM * MP3 (Closed-shell)     Authors: C. Hampel, H.-J. Werner, 1991, M. Deegan, P.J. Knowles, 1992


 Convergence thresholds:  THRVAR = 1.00D-08  THRDEN = 1.00D-08

 Number of core orbitals:           1 (   1 )
 Number of closed-shell orbitals:   4 (   4 )
 Number of external orbitals:     317 ( 317 )

 Molecular orbitals read from record     2101.2  Type=RHF/CANONICAL (state 1.1)

 Number of N-1 electron functions:               4
 Number of N-2 electron functions:              10
 Number of singly external CSFs:              1268
 Number of doubly external CSFs:            804546
 Total number of CSFs:                      805815

 Length of J-op  integral file:               0.00 MB
 Length of K-op  integral file:               7.17 MB

 Integral transformation finished. Total CPU:  13.24 sec, npass=  1  Memory used:   3.87 MW

 Reference energy:                    -40.21328451

                        CORR.ENERGY   TOTAL ENERGY   ENERGY CHANGE
 MP2:                   -0.20056826   -40.41385277    -0.20056826

 SCS-MP2 correlation energy:           -0.20886328   (PS=  1.200000  PT=  0.333333)
 SCS-MP2 total energy:                -40.42214779

 MP3(D):                -0.21860004   -40.43188455    -0.01803178



 RESULTS
 =======

  Reference energy                    -40.213284512560
  MP3 singlet pair energy              -0.163225873486
  MP3 triplet pair energy              -0.055374168105
  MP3 correlation energy               -0.218600041591

 !MP3 total energy                    -40.431884554151

 Timing summary (sec):

 STEP                 CPU(USER)    SYS     CPU(TOT)    WALL
 Transformation         13.34      6.61     19.95     20.02
 CCSD iterations        16.28      6.57     22.85     22.89

 Program statistics:

 Available memory in ccsd:             13999999836
 Min. memory needed in ccsd:               3677238
 Max. memory used in ccsd:                 4267372
 Max. memory used in cckext:               2832301 ( 1 integral passes)



 **********************************************************************************************************************************
 DATASETS  * FILE   NREC   LENGTH (MB)   RECORD NAMES
              1      20     8655.46       500      610      700      900      950      970     1000      129      960     1100   
                                          VAR    BASINP    GEOM    SYMINP    ZMAT    AOBASIS   BASIS     P2S    ABASIS      S 
                                         1400     1410     1200     1210     1080     1600     1650     1300     1700     1380   
                                           T        V       H0       H01     AOSYM     SMH    MOLCAS    ERIS     OPER     JKOP   

              2       6       13.52       200      700     1000      520     2100     2101   
                                        OPTIONS   GEOM     BASIS   MCVARS     RHF      RHF  

 PROGRAMS   *        TOTAL       MP3        HF       INT       MP3        HF       INT
 CPU TIMES  *       491.32     29.64    129.05      0.11     86.66    175.65     70.05
 REAL TIME  *       853.88 SEC
 DISK USED  *        24.14 GB      
 **********************************************************************************************************************************
 SETTING EMP3_A         =       -40.43188455  AU                              
 SETTING EMP3_CORR_A    =        -0.21860004  AU                              

 Running procedure=SET_MONOMERB

 Dummy atoms: C1  H1  H2  H3  H4  O2  H7  H8


 Recomputing one-electron integrals since nuclear charges changed


 PROGRAM * SEWARD (Integral evaluation for generally contracted gaussian basis sets)     Author: Roland Lindh, 1990

 Geometry written to block  1 of record 700


 Point group  C1  



 ATOMIC COORDINATES

 NR  ATOM    CHARGE       X              Y              Z

   1  C1      0.00   -6.193010455    2.801518980    2.403542658
   2  H1      0.00   -4.656285171    1.699997622    3.119937832
   3  H2      0.00   -5.973046335    4.726205038    2.982932688
   4  H3      0.00   -7.940251230    2.077186956    3.118237078
   5  H4      0.00   -6.176569838    2.685300823    0.384937212
   6  O1      8.00   -0.286671453    5.096969303   -1.596440630
   7  H5      1.00    1.007979915    5.665587894   -2.749362539
   8  H6      1.00   -1.895773248    5.235675201   -2.565492187
   9  O2      0.00   -0.132091856   -0.427456049    5.428616238
  10  H7      0.00    1.200731980   -1.541827545    5.988353116
  11  H8      0.00   -1.735713445   -1.363059454    5.806183518

 Bond lengths in Bohr (Angstrom)

 1-2  2.021904040  1-3  2.022002335  1-4  2.021953343  1-5  2.022015060  6-7  1.824466550
     ( 1.069945541)     ( 1.069997556)     ( 1.069971630)     ( 1.070004290)     ( 0.965466121)

  6- 8  1.883483165   9-10  1.825253018   9-11  1.894601009
       ( 0.996696368)       ( 0.965882301)       ( 1.002579678)

 Bond angles

  2-1-3  109.53398059   2-1-4  109.65604535   2-1-5  108.43490854   3-1-4  109.49436728

  3- 1- 5  109.86987750   4- 1- 5  109.83468330   7- 6- 8  104.96066383  10- 9-11  104.80057086

 NUCLEAR CHARGE:                   10
 NUMBER OF PRIMITIVE AOS:         417
 NUMBER OF SYMMETRY AOS:          374
 NUMBER OF CONTRACTIONS:          322   ( 322A   )
 NUMBER OF CORE ORBITALS:           1   (   1A   )
 NUMBER OF VALENCE ORBITALS:        6   (   6A   )

 MOLECULE CHANGED: INITIALIZING OCCUPATION AND DUMP RECORDS


 NUCLEAR REPULSION ENERGY    8.97229507


 Eigenvalues of metric

         1 0.319E-04 0.532E-04 0.707E-04 0.101E-03 0.316E-03 0.325E-03 0.331E-03 0.354E-03


 Contracted 2-electron integrals neglected if value below      1.0D-19

 OPERATOR DM      FOR CENTER  0  COORDINATES:    0.000000    0.000000    0.000000


 **********************************************************************************************************************************
 DATASETS  * FILE   NREC   LENGTH (MB)   RECORD NAMES
              1      19     8641.32       500      610      700      900      950      970     1000      129      960     1100   
                                          VAR    BASINP    GEOM    SYMINP    ZMAT    AOBASIS   BASIS     P2S    ABASIS      S 
                                         1400     1410     1200     1210     1080     1600     1650     1300     1700   
                                           T        V       H0       H01     AOSYM     SMH    MOLCAS    ERIS     OPER   

              2       6       13.52       200      700     1000      520     2100     2101   
                                        OPTIONS   GEOM     BASIS   MCVARS     RHF      RHF  

 PROGRAMS   *        TOTAL       INT       MP3        HF       INT       MP3        HF       INT
 CPU TIMES  *       491.44      0.11     29.64    129.05      0.11     86.66    175.65     70.05
 REAL TIME  *       854.24 SEC
 DISK USED  *        24.14 GB      
 **********************************************************************************************************************************


 PROGRAM * RHF-SCF (CLOSED SHELL)       Authors: W. Meyer, H.-J. Werner


 NUMBER OF ELECTRONS:       5+    5-    SPACE SYMMETRY=1    SPIN SYMMETRY: Singlet 
 CONVERGENCE THRESHOLDS:    1.00E-08 (Density)    1.00E-09 (Energy)
 MAX. NUMBER OF ITERATIONS:       60
 INTERPOLATION TYPE:            DIIS
 INTERPOLATION STEPS:              2 (START)      1 (STEP)
 LEVEL SHIFTS:                  0.00 (CLOSED)  0.00 (OPEN) 



 Orbital guess generated from atomic densities. Full valence occupancy:    7

 Molecular orbital dump at record        2102.2

 Initial occupancy:   5

 ITERATION    DDIFF          GRAD             ENERGY        2-EL.EN.            DIPOLE MOMENTS         DIIS   ORB.
    1      0.000D+00      0.000D+00       -76.01919037     77.340725   -0.17153    0.36119   -1.08739    0    start
    2      0.000D+00      0.539D-02       -76.04588614     73.697270   -0.08987    0.21074   -0.63074    1    diag
    3      0.320D-02      0.345D-02       -76.05738302     75.310893   -0.10812    0.24843   -0.74435    2    diag
    4      0.116D-02      0.318D-03       -76.05757696     75.221341   -0.10552    0.24722   -0.73997    3    diag
    5      0.150D-03      0.893D-04       -76.05759777     75.235664   -0.10447    0.24677   -0.73832    4    diag
    6      0.505D-04      0.176D-04       -76.05759909     75.234746   -0.10416    0.24670   -0.73800    5    diag
    7      0.129D-04      0.351D-05       -76.05759916     75.234875   -0.10407    0.24667   -0.73788    6    diag
    8      0.336D-05      0.638D-06       -76.05759916     75.234859   -0.10406    0.24665   -0.73785    7    diag
    9      0.553D-06      0.826D-07       -76.05759916     75.234849   -0.10406    0.24665   -0.73784    8    diag
   10      0.651D-07      0.213D-07       -76.05759916     75.234852   -0.10406    0.24665   -0.73784    9    orth
   11      0.178D-07      0.482D-08       -76.05759916     75.234852   -0.10406    0.24665   -0.73784    9    diag
   12      0.465D-08      0.941D-09       -76.05759916     75.234852   -0.10406    0.24665   -0.73784    0    orth

 Final occupancy:   5

 !RHF STATE 1.1 Energy                -76.057599157220
 Nuclear energy                         8.97229507
 One-electron energy                 -122.64732026
 Two-electron energy                   37.61742604
 Virial quotient                       -1.00249507
 !RHF STATE 1.1 Dipole moment          -0.10405723     0.24665290    -0.73784376
 Dipole moment /Debye                  -0.26446977     0.62688807    -1.87528893

 Orbital energies:

         1.1          2.1          3.1          4.1          5.1          6.1          7.1
    -20.571084    -1.341533    -0.705877    -0.579415    -0.508324     0.021653     0.034150

 HOMO      5.1    -0.508324 =     -13.8322eV
 LUMO      6.1     0.021653 =       0.5892eV
 LUMO-HOMO         0.529977 =      14.4214eV


 **********************************************************************************************************************************
 DATASETS  * FILE   NREC   LENGTH (MB)   RECORD NAMES
              1      19     8641.32       500      610      700      900      950      970     1000      129      960     1100   
                                          VAR    BASINP    GEOM    SYMINP    ZMAT    AOBASIS   BASIS     P2S    ABASIS      S 
                                         1400     1410     1200     1210     1080     1600     1650     1300     1700   
                                           T        V       H0       H01     AOSYM     SMH    MOLCAS    ERIS     OPER   

              2       7       20.17       200      700     1000      520     2100     2101     2102   
                                        OPTIONS   GEOM     BASIS   MCVARS     RHF      RHF      RHF  

 PROGRAMS   *        TOTAL        HF       INT       MP3        HF       INT       MP3        HF       INT
 CPU TIMES  *       643.79    152.34      0.11     29.64    129.05      0.11     86.66    175.65     70.05
 REAL TIME  *      1100.63 SEC
 DISK USED  *        24.14 GB      
 **********************************************************************************************************************************
 SETTING ESCF_B         =       -76.05759916  AU                              


 PROGRAM * MP3 (Closed-shell)     Authors: C. Hampel, H.-J. Werner, 1991, M. Deegan, P.J. Knowles, 1992


 Convergence thresholds:  THRVAR = 1.00D-08  THRDEN = 1.00D-08

 Number of core orbitals:           1 (   1 )
 Number of closed-shell orbitals:   4 (   4 )
 Number of external orbitals:     317 ( 317 )

 Molecular orbitals read from record     2102.2  Type=RHF/CANONICAL (state 1.1)

 Number of N-1 electron functions:               4
 Number of N-2 electron functions:              10
 Number of singly external CSFs:              1268
 Number of doubly external CSFs:            804546
 Total number of CSFs:                      805815

 Length of J-op  integral file:               0.00 MB
 Length of K-op  integral file:               7.17 MB

 Integral transformation finished. Total CPU:  13.31 sec, npass=  1  Memory used:   3.87 MW

 Reference energy:                    -76.05759916

                        CORR.ENERGY   TOTAL ENERGY   ENERGY CHANGE
 MP2:                   -0.27030376   -76.32790291    -0.27030376

 SCS-MP2 correlation energy:           -0.26753879   (PS=  1.200000  PT=  0.333333)
 SCS-MP2 total energy:                -76.32513795

 MP3(D):                -0.27253323   -76.33013239    -0.00222947



 RESULTS
 =======

  Reference energy                    -76.057599157220
  MP3 singlet pair energy              -0.183200613431
  MP3 triplet pair energy              -0.089332616439
  MP3 correlation energy               -0.272533229869

 !MP3 total energy                    -76.330132387089

 Timing summary (sec):

 STEP                 CPU(USER)    SYS     CPU(TOT)    WALL
 Transformation         13.43      6.31     19.74     19.79
 CCSD iterations        16.39      6.67     23.06     23.24

 Program statistics:

 Available memory in ccsd:             13999999836
 Min. memory needed in ccsd:               3677238
 Max. memory used in ccsd:                 4267372
 Max. memory used in cckext:               2832301 ( 1 integral passes)



 **********************************************************************************************************************************
 DATASETS  * FILE   NREC   LENGTH (MB)   RECORD NAMES
              1      20     8655.46       500      610      700      900      950      970     1000      129      960     1100   
                                          VAR    BASINP    GEOM    SYMINP    ZMAT    AOBASIS   BASIS     P2S    ABASIS      S 
                                         1400     1410     1200     1210     1080     1600     1650     1300     1700     1380   
                                           T        V       H0       H01     AOSYM     SMH    MOLCAS    ERIS     OPER     JKOP   

              2       7       20.17       200      700     1000      520     2100     2101     2102   
                                        OPTIONS   GEOM     BASIS   MCVARS     RHF      RHF      RHF  

 PROGRAMS   *        TOTAL       MP3        HF       INT       MP3        HF       INT       MP3        HF       INT
 CPU TIMES  *       673.64     29.86    152.34      0.11     29.64    129.05      0.11     86.66    175.65     70.05
 REAL TIME  *      1143.92 SEC
 DISK USED  *        24.14 GB      
 **********************************************************************************************************************************
 SETTING EMP3_B         =       -76.33013239  AU                              
 SETTING EMP3_CORR_B    =        -0.27253323  AU                              

 Running procedure=SET_MONOMERC

 Dummy atoms: C1  H1  H2  H3  H4  O1  H5  H6


 Recomputing one-electron integrals since nuclear charges changed


 PROGRAM * SEWARD (Integral evaluation for generally contracted gaussian basis sets)     Author: Roland Lindh, 1990

 Geometry written to block  1 of record 700


 Point group  C1  



 ATOMIC COORDINATES

 NR  ATOM    CHARGE       X              Y              Z

   1  C1      0.00   -6.193010455    2.801518980    2.403542658
   2  H1      0.00   -4.656285171    1.699997622    3.119937832
   3  H2      0.00   -5.973046335    4.726205038    2.982932688
   4  H3      0.00   -7.940251230    2.077186956    3.118237078
   5  H4      0.00   -6.176569838    2.685300823    0.384937212
   6  O1      0.00   -0.286671453    5.096969303   -1.596440630
   7  H5      0.00    1.007979915    5.665587894   -2.749362539
   8  H6      0.00   -1.895773248    5.235675201   -2.565492187
   9  O2      8.00   -0.132091856   -0.427456049    5.428616238
  10  H7      1.00    1.200731980   -1.541827545    5.988353116
  11  H8      1.00   -1.735713445   -1.363059454    5.806183518

 Bond lengths in Bohr (Angstrom)

 1-2  2.021904040  1-3  2.022002335  1-4  2.021953343  1-5  2.022015060  6-7  1.824466550
     ( 1.069945541)     ( 1.069997556)     ( 1.069971630)     ( 1.070004290)     ( 0.965466121)

  6- 8  1.883483165   9-10  1.825253018   9-11  1.894601009
       ( 0.996696368)       ( 0.965882301)       ( 1.002579678)

 Bond angles

  2-1-3  109.53398059   2-1-4  109.65604535   2-1-5  108.43490854   3-1-4  109.49436728

  3- 1- 5  109.86987750   4- 1- 5  109.83468330   7- 6- 8  104.96066383  10- 9-11  104.80057086

 NUCLEAR CHARGE:                   10
 NUMBER OF PRIMITIVE AOS:         417
 NUMBER OF SYMMETRY AOS:          374
 NUMBER OF CONTRACTIONS:          322   ( 322A   )
 NUMBER OF CORE ORBITALS:           1   (   1A   )
 NUMBER OF VALENCE ORBITALS:        6   (   6A   )

 MOLECULE CHANGED: INITIALIZING OCCUPATION AND DUMP RECORDS


 NUCLEAR REPULSION ENERGY    8.94474756


 Eigenvalues of metric

         1 0.319E-04 0.532E-04 0.707E-04 0.101E-03 0.316E-03 0.325E-03 0.331E-03 0.354E-03


 Contracted 2-electron integrals neglected if value below      1.0D-19

 OPERATOR DM      FOR CENTER  0  COORDINATES:    0.000000    0.000000    0.000000


 **********************************************************************************************************************************
 DATASETS  * FILE   NREC   LENGTH (MB)   RECORD NAMES
              1      19     8641.32       500      610      700      900      950      970     1000      129      960     1100   
                                          VAR    BASINP    GEOM    SYMINP    ZMAT    AOBASIS   BASIS     P2S    ABASIS      S 
                                         1400     1410     1200     1210     1080     1600     1650     1300     1700   
                                           T        V       H0       H01     AOSYM     SMH    MOLCAS    ERIS     OPER   

              2       7       20.17       200      700     1000      520     2100     2101     2102   
                                        OPTIONS   GEOM     BASIS   MCVARS     RHF      RHF      RHF  

 PROGRAMS   *        TOTAL       INT       MP3        HF       INT       MP3        HF       INT       MP3        HF       INT
 CPU TIMES  *       673.75      0.11     29.86    152.34      0.11     29.64    129.05      0.11     86.66    175.65     70.05
 REAL TIME  *      1144.18 SEC
 DISK USED  *        24.14 GB      
 **********************************************************************************************************************************


 PROGRAM * RHF-SCF (CLOSED SHELL)       Authors: W. Meyer, H.-J. Werner


 NUMBER OF ELECTRONS:       5+    5-    SPACE SYMMETRY=1    SPIN SYMMETRY: Singlet 
 CONVERGENCE THRESHOLDS:    1.00E-08 (Density)    1.00E-09 (Energy)
 MAX. NUMBER OF ITERATIONS:       60
 INTERPOLATION TYPE:            DIIS
 INTERPOLATION STEPS:              2 (START)      1 (STEP)
 LEVEL SHIFTS:                  0.00 (CLOSED)  0.00 (OPEN) 



 Orbital guess generated from atomic densities. Full valence occupancy:    7

 Molecular orbital dump at record        2103.2

 Initial occupancy:   5

 ITERATION    DDIFF          GRAD             ENERGY        2-EL.EN.            DIPOLE MOMENTS         DIIS   ORB.
    1      0.000D+00      0.000D+00       -76.01840468     77.302291   -0.15112   -1.05035    0.47991    0    start
    2      0.000D+00      0.540D-02       -76.04512829     73.645462   -0.07593   -0.60718    0.27781    1    diag
    3      0.319D-02      0.347D-02       -76.05674461     75.267486   -0.09222   -0.71762    0.32826    2    diag
    4      0.117D-02      0.319D-03       -76.05694094     75.177804   -0.08931   -0.71324    0.32634    3    diag
    5      0.151D-03      0.903D-04       -76.05696239     75.192287   -0.08812   -0.71158    0.32561    4    diag
    6      0.511D-04      0.180D-04       -76.05696378     75.191333   -0.08776   -0.71125    0.32547    5    diag
    7      0.131D-04      0.360D-05       -76.05696384     75.191462   -0.08766   -0.71113    0.32542    6    diag
    8      0.339D-05      0.646D-06       -76.05696385     75.191445   -0.08765   -0.71109    0.32540    7    diag
    9      0.551D-06      0.846D-07       -76.05696385     75.191436   -0.08765   -0.71109    0.32540    8    diag
   10      0.754D-07      0.222D-07       -76.05696385     75.191439   -0.08765   -0.71109    0.32540    9    orth
   11      0.186D-07      0.523D-08       -76.05696385     75.191438   -0.08765   -0.71109    0.32540    9    diag
   12      0.485D-08      0.102D-08       -76.05696385     75.191438   -0.08765   -0.71109    0.32540    0    orth

 Final occupancy:   5

 !RHF STATE 1.1 Energy                -76.056963846442
 Nuclear energy                         8.94474756
 One-electron energy                 -122.59743054
 Two-electron energy                   37.59571914
 Virial quotient                       -1.00262633
 !RHF STATE 1.1 Dipole moment          -0.08764614    -0.71108889     0.32540068
 Dipole moment /Debye                  -0.22275967    -1.80728930     0.82703187

 Orbital energies:

         1.1          2.1          3.1          4.1          5.1          6.1          7.1
    -20.571662    -1.340187    -0.703940    -0.579079    -0.508127     0.021159     0.036171

 HOMO      5.1    -0.508127 =     -13.8269eV
 LUMO      6.1     0.021159 =       0.5758eV
 LUMO-HOMO         0.529286 =      14.4026eV


 **********************************************************************************************************************************
 DATASETS  * FILE   NREC   LENGTH (MB)   RECORD NAMES
              1      19     8641.32       500      610      700      900      950      970     1000      129      960     1100   
                                          VAR    BASINP    GEOM    SYMINP    ZMAT    AOBASIS   BASIS     P2S    ABASIS      S 
                                         1400     1410     1200     1210     1080     1600     1650     1300     1700   
                                           T        V       H0       H01     AOSYM     SMH    MOLCAS    ERIS     OPER   

              2       8       26.83       200      700     1000      520     2100     2101     2102     2103   
                                        OPTIONS   GEOM     BASIS   MCVARS     RHF      RHF      RHF      RHF  

 PROGRAMS   *        TOTAL        HF       INT       MP3        HF       INT       MP3        HF       INT       MP3        HF
 CPU TIMES  *       825.54    151.79      0.11     29.86    152.34      0.11     29.64    129.05      0.11     86.66    175.65
 REAL TIME  *      1387.54 SEC
 DISK USED  *        24.14 GB      
 **********************************************************************************************************************************
 SETTING ESCF_C         =       -76.05696385  AU                              


 PROGRAM * MP3 (Closed-shell)     Authors: C. Hampel, H.-J. Werner, 1991, M. Deegan, P.J. Knowles, 1992


 Convergence thresholds:  THRVAR = 1.00D-08  THRDEN = 1.00D-08

 Number of core orbitals:           1 (   1 )
 Number of closed-shell orbitals:   4 (   4 )
 Number of external orbitals:     317 ( 317 )

 Molecular orbitals read from record     2103.2  Type=RHF/CANONICAL (state 1.1)

 Number of N-1 electron functions:               4
 Number of N-2 electron functions:              10
 Number of singly external CSFs:              1268
 Number of doubly external CSFs:            804546
 Total number of CSFs:                      805815

 Length of J-op  integral file:               0.00 MB
 Length of K-op  integral file:               7.17 MB

 Integral transformation finished. Total CPU:  13.34 sec, npass=  1  Memory used:   3.87 MW

 Reference energy:                    -76.05696385

                        CORR.ENERGY   TOTAL ENERGY   ENERGY CHANGE
 MP2:                   -0.27060389   -76.32756773    -0.27060389

 SCS-MP2 correlation energy:           -0.26784518   (PS=  1.200000  PT=  0.333333)
 SCS-MP2 total energy:                -76.32480902

 MP3(D):                -0.27276593   -76.32972977    -0.00216204



 RESULTS
 =======

  Reference energy                    -76.056963846442
  MP3 singlet pair energy              -0.183403913502
  MP3 triplet pair energy              -0.089362014239
  MP3 correlation energy               -0.272765927741

 !MP3 total energy                    -76.329729774183

 Timing summary (sec):

 STEP                 CPU(USER)    SYS     CPU(TOT)    WALL
 Transformation         13.44      6.33     19.77     19.85
 CCSD iterations        16.43      6.61     23.04     23.18

 Program statistics:

 Available memory in ccsd:             13999999836
 Min. memory needed in ccsd:               3677238
 Max. memory used in ccsd:                 4267372
 Max. memory used in cckext:               2832301 ( 1 integral passes)



 **********************************************************************************************************************************
 DATASETS  * FILE   NREC   LENGTH (MB)   RECORD NAMES
              1      20     8655.46       500      610      700      900      950      970     1000      129      960     1100   
                                          VAR    BASINP    GEOM    SYMINP    ZMAT    AOBASIS   BASIS     P2S    ABASIS      S 
                                         1400     1410     1200     1210     1080     1600     1650     1300     1700     1380   
                                           T        V       H0       H01     AOSYM     SMH    MOLCAS    ERIS     OPER     JKOP   

              2       8       26.83       200      700     1000      520     2100     2101     2102     2103   
                                        OPTIONS   GEOM     BASIS   MCVARS     RHF      RHF      RHF      RHF  

 PROGRAMS   *        TOTAL       MP3        HF       INT       MP3        HF       INT       MP3        HF       INT       MP3
 CPU TIMES  *       855.43     29.89    151.79      0.11     29.86    152.34      0.11     29.64    129.05      0.11     86.66
 REAL TIME  *      1430.81 SEC
 DISK USED  *        24.14 GB      
 **********************************************************************************************************************************
 SETTING EMP3_C         =       -76.32972977  AU                              
 SETTING EMP3_CORR_C    =        -0.27276593  AU                              

 Running procedure=SET_DIMERAB

 Dummy atoms: O2  H7  H8


 Recomputing one-electron integrals since nuclear charges changed


 PROGRAM * SEWARD (Integral evaluation for generally contracted gaussian basis sets)     Author: Roland Lindh, 1990

 Geometry written to block  1 of record 700


 Point group  C1  



 ATOMIC COORDINATES

 NR  ATOM    CHARGE       X              Y              Z

   1  C1      6.00   -6.193010455    2.801518980    2.403542658
   2  H1      1.00   -4.656285171    1.699997622    3.119937832
   3  H2      1.00   -5.973046335    4.726205038    2.982932688
   4  H3      1.00   -7.940251230    2.077186956    3.118237078
   5  H4      1.00   -6.176569838    2.685300823    0.384937212
   6  O1      8.00   -0.286671453    5.096969303   -1.596440630
   7  H5      1.00    1.007979915    5.665587894   -2.749362539
   8  H6      1.00   -1.895773248    5.235675201   -2.565492187
   9  O2      0.00   -0.132091856   -0.427456049    5.428616238
  10  H7      0.00    1.200731980   -1.541827545    5.988353116
  11  H8      0.00   -1.735713445   -1.363059454    5.806183518

 Bond lengths in Bohr (Angstrom)

 1-2  2.021904040  1-3  2.022002335  1-4  2.021953343  1-5  2.022015060  6-7  1.824466550
     ( 1.069945541)     ( 1.069997556)     ( 1.069971630)     ( 1.070004290)     ( 0.965466121)

  6- 8  1.883483165   9-10  1.825253018   9-11  1.894601009
       ( 0.996696368)       ( 0.965882301)       ( 1.002579678)

 Bond angles

  2-1-3  109.53398059   2-1-4  109.65604535   2-1-5  108.43490854   3-1-4  109.49436728

  3- 1- 5  109.86987750   4- 1- 5  109.83468330   7- 6- 8  104.96066383  10- 9-11  104.80057086

 NUCLEAR CHARGE:                   20
 NUMBER OF PRIMITIVE AOS:         417
 NUMBER OF SYMMETRY AOS:          374
 NUMBER OF CONTRACTIONS:          322   ( 322A   )
 NUMBER OF CORE ORBITALS:           2   (   2A   )
 NUMBER OF VALENCE ORBITALS:       14   (  14A   )

 MOLECULE CHANGED: INITIALIZING OCCUPATION AND DUMP RECORDS


 NUCLEAR REPULSION ENERGY   35.80046073


 Eigenvalues of metric

         1 0.319E-04 0.532E-04 0.707E-04 0.101E-03 0.316E-03 0.325E-03 0.331E-03 0.354E-03


 Contracted 2-electron integrals neglected if value below      1.0D-19

 OPERATOR DM      FOR CENTER  0  COORDINATES:    0.000000    0.000000    0.000000


 **********************************************************************************************************************************
 DATASETS  * FILE   NREC   LENGTH (MB)   RECORD NAMES
              1      19     8641.32       500      610      700      900      950      970     1000      129      960     1100   
                                          VAR    BASINP    GEOM    SYMINP    ZMAT    AOBASIS   BASIS     P2S    ABASIS      S 
                                         1400     1410     1200     1210     1080     1600     1650     1300     1700   
                                           T        V       H0       H01     AOSYM     SMH    MOLCAS    ERIS     OPER   

              2       8       26.83       200      700     1000      520     2100     2101     2102     2103   
                                        OPTIONS   GEOM     BASIS   MCVARS     RHF      RHF      RHF      RHF  

 PROGRAMS   *        TOTAL       INT       MP3        HF       INT       MP3        HF       INT       MP3        HF       INT
 CPU TIMES  *       855.54      0.11     29.89    151.79      0.11     29.86    152.34      0.11     29.64    129.05      0.11
 REAL TIME  *      1431.15 SEC
 DISK USED  *        24.14 GB      
 **********************************************************************************************************************************


 PROGRAM * RHF-SCF (CLOSED SHELL)       Authors: W. Meyer, H.-J. Werner


 NUMBER OF ELECTRONS:      10+   10-    SPACE SYMMETRY=1    SPIN SYMMETRY: Singlet 
 CONVERGENCE THRESHOLDS:    1.00E-08 (Density)    1.00E-09 (Energy)
 MAX. NUMBER OF ITERATIONS:       60
 INTERPOLATION TYPE:            DIIS
 INTERPOLATION STEPS:              2 (START)      1 (STEP)
 LEVEL SHIFTS:                  0.00 (CLOSED)  0.00 (OPEN) 



 Orbital guess generated from atomic densities. Full valence occupancy:   16

 Molecular orbital dump at record        2104.2

 Initial occupancy:  10

 ITERATION    DDIFF          GRAD             ENERGY        2-EL.EN.            DIPOLE MOMENTS         DIIS   ORB.
    1      0.000D+00      0.000D+00      -116.21229234    157.284089   -0.16739    0.35805   -1.08751    0    start
    2      0.000D+00      0.440D-02      -116.25635137    152.256346   -0.04941    0.20870   -0.60865    1    diag
    3      0.401D-02      0.260D-02      -116.27000063    154.335299   -0.07824    0.24698   -0.72984    2    diag
    4      0.133D-02      0.381D-03      -116.27065439    154.223568   -0.07554    0.24374   -0.71955    3    diag
    5      0.302D-03      0.112D-03      -116.27072168    154.218127   -0.07474    0.24382   -0.71916    4    diag
    6      0.105D-03      0.273D-04      -116.27072543    154.223981   -0.07437    0.24361   -0.71848    5    diag
    7      0.289D-04      0.527D-05      -116.27072565    154.222462   -0.07433    0.24363   -0.71851    6    diag
    8      0.820D-05      0.134D-05      -116.27072567    154.222607   -0.07429    0.24362   -0.71845    7    diag
    9      0.176D-05      0.302D-06      -116.27072567    154.222582   -0.07428    0.24361   -0.71844    8    diag
   10      0.542D-06      0.339D-07      -116.27072567    154.222583   -0.07428    0.24361   -0.71844    9    orth
   11      0.416D-07      0.830D-08      -116.27072567    154.222585   -0.07428    0.24361   -0.71844    9    diag
   12      0.163D-07      0.215D-08      -116.27072567    154.222584   -0.07428    0.24361   -0.71844    9    diag
   13      0.288D-08      0.577D-09      -116.27072567    154.222585   -0.07428    0.24361   -0.71844    0    orth

 Final occupancy:  10

 !RHF STATE 1.1 Energy               -116.270725672519
 Nuclear energy                        35.80046073
 One-electron energy                 -229.18247879
 Two-electron energy                   77.11129239
 Virial quotient                       -1.00117070
 !RHF STATE 1.1 Dipole moment          -0.07427624     0.24360872    -0.71843523
 Dipole moment /Debye                  -0.18877899     0.61915105    -1.82596061

 Orbital energies:

         1.1          2.1          3.1          4.1          5.1          6.1          7.1          8.1          9.1         10.1
    -20.570817   -11.192916    -1.341289    -0.946265    -0.705674    -0.579230    -0.547454    -0.545170    -0.543074    -0.508057

        11.1         12.1
      0.025292     0.036403

 HOMO     10.1    -0.508057 =     -13.8249eV
 LUMO     11.1     0.025292 =       0.6882eV
 LUMO-HOMO         0.533349 =      14.5132eV


 **********************************************************************************************************************************
 DATASETS  * FILE   NREC   LENGTH (MB)   RECORD NAMES
              1      19     8641.32       500      610      700      900      950      970     1000      129      960     1100   
                                          VAR    BASINP    GEOM    SYMINP    ZMAT    AOBASIS   BASIS     P2S    ABASIS      S 
                                         1400     1410     1200     1210     1080     1600     1650     1300     1700   
                                           T        V       H0       H01     AOSYM     SMH    MOLCAS    ERIS     OPER   

              2       9       33.49       200      700     1000      520     2100     2101     2102     2103     2104   
                                        OPTIONS   GEOM     BASIS   MCVARS     RHF      RHF      RHF      RHF      RHF  

 PROGRAMS   *        TOTAL        HF       INT       MP3        HF       INT       MP3        HF       INT       MP3        HF
 CPU TIMES  *      1019.36    163.82      0.11     29.89    151.79      0.11     29.86    152.34      0.11     29.64    129.05
 REAL TIME  *      1699.47 SEC
 DISK USED  *        24.14 GB      
 **********************************************************************************************************************************
 SETTING ESCF_AB        =      -116.27072567  AU                              


 PROGRAM * MP3 (Closed-shell)     Authors: C. Hampel, H.-J. Werner, 1991, M. Deegan, P.J. Knowles, 1992


 Convergence thresholds:  THRVAR = 1.00D-08  THRDEN = 1.00D-08

 Number of core orbitals:           2 (   2 )
 Number of closed-shell orbitals:   8 (   8 )
 Number of external orbitals:     312 ( 312 )

 Molecular orbitals read from record     2104.2  Type=RHF/CANONICAL (state 1.1)

 Number of N-1 electron functions:               8
 Number of N-2 electron functions:              36
 Number of singly external CSFs:              2496
 Number of doubly external CSFs:           3116256
 Total number of CSFs:                     3118753

 Length of J-op  integral file:               0.00 MB
 Length of K-op  integral file:               7.17 MB

 Integral transformation finished. Total CPU:  17.71 sec, npass=  1  Memory used:   8.54 MW

 Reference energy:                   -116.27072567

                        CORR.ENERGY   TOTAL ENERGY   ENERGY CHANGE
 MP2:                   -0.47135517  -116.74208084    -0.47135517

 SCS-MP2 correlation energy:           -0.47678374   (PS=  1.200000  PT=  0.333333)
 SCS-MP2 total energy:               -116.74750941

 MP3(D):                -0.49159948  -116.76232515    -0.02024431



 RESULTS
 =======

  Reference energy                   -116.270725672520
  MP3 singlet pair energy              -0.346548884805
  MP3 triplet pair energy              -0.145050595452
  MP3 correlation energy               -0.491599480257

 !MP3 total energy                   -116.762325152777

 Timing summary (sec):

 STEP                 CPU(USER)    SYS     CPU(TOT)    WALL
 Transformation         18.05      6.86     24.91     25.02
 CCSD iterations        32.99      6.84     39.83     39.99

 Program statistics:

 Available memory in ccsd:             13999999644
 Min. memory needed in ccsd:               9187353
 Max. memory used in ccsd:                11873417
 Max. memory used in cckext:               8287581 ( 1 integral passes)



 **********************************************************************************************************************************
 DATASETS  * FILE   NREC   LENGTH (MB)   RECORD NAMES
              1      20     8687.91       500      610      700      900      950      970     1000      129      960     1100   
                                          VAR    BASINP    GEOM    SYMINP    ZMAT    AOBASIS   BASIS     P2S    ABASIS      S 
                                         1400     1410     1200     1210     1080     1600     1650     1300     1700     1380   
                                           T        V       H0       H01     AOSYM     SMH    MOLCAS    ERIS     OPER     JKOP   

              2       9       33.49       200      700     1000      520     2100     2101     2102     2103     2104   
                                        OPTIONS   GEOM     BASIS   MCVARS     RHF      RHF      RHF      RHF      RHF  

 PROGRAMS   *        TOTAL       MP3        HF       INT       MP3        HF       INT       MP3        HF       INT       MP3
 CPU TIMES  *      1070.43     51.07    163.82      0.11     29.89    151.79      0.11     29.86    152.34      0.11     29.64
 REAL TIME  *      1764.69 SEC
 DISK USED  *        24.14 GB      
 **********************************************************************************************************************************
 SETTING EMP3_AB        =      -116.76232515  AU                              
 SETTING EMP3_CORR_AB   =        -0.49159948  AU                              

 Running procedure=SET_DIMERAC

 Dummy atoms: O1  H5  H6


 Recomputing one-electron integrals since nuclear charges changed


 PROGRAM * SEWARD (Integral evaluation for generally contracted gaussian basis sets)     Author: Roland Lindh, 1990

 Geometry written to block  1 of record 700


 Point group  C1  



 ATOMIC COORDINATES

 NR  ATOM    CHARGE       X              Y              Z

   1  C1      6.00   -6.193010455    2.801518980    2.403542658
   2  H1      1.00   -4.656285171    1.699997622    3.119937832
   3  H2      1.00   -5.973046335    4.726205038    2.982932688
   4  H3      1.00   -7.940251230    2.077186956    3.118237078
   5  H4      1.00   -6.176569838    2.685300823    0.384937212
   6  O1      0.00   -0.286671453    5.096969303   -1.596440630
   7  H5      0.00    1.007979915    5.665587894   -2.749362539
   8  H6      0.00   -1.895773248    5.235675201   -2.565492187
   9  O2      8.00   -0.132091856   -0.427456049    5.428616238
  10  H7      1.00    1.200731980   -1.541827545    5.988353116
  11  H8      1.00   -1.735713445   -1.363059454    5.806183518

 Bond lengths in Bohr (Angstrom)

 1-2  2.021904040  1-3  2.022002335  1-4  2.021953343  1-5  2.022015060  6-7  1.824466550
     ( 1.069945541)     ( 1.069997556)     ( 1.069971630)     ( 1.070004290)     ( 0.965466121)

  6- 8  1.883483165   9-10  1.825253018   9-11  1.894601009
       ( 0.996696368)       ( 0.965882301)       ( 1.002579678)

 Bond angles

  2-1-3  109.53398059   2-1-4  109.65604535   2-1-5  108.43490854   3-1-4  109.49436728

  3- 1- 5  109.86987750   4- 1- 5  109.83468330   7- 6- 8  104.96066383  10- 9-11  104.80057086

 NUCLEAR CHARGE:                   20
 NUMBER OF PRIMITIVE AOS:         417
 NUMBER OF SYMMETRY AOS:          374
 NUMBER OF CONTRACTIONS:          322   ( 322A   )
 NUMBER OF CORE ORBITALS:           2   (   2A   )
 NUMBER OF VALENCE ORBITALS:       14   (  14A   )

 MOLECULE CHANGED: INITIALIZING OCCUPATION AND DUMP RECORDS


 NUCLEAR REPULSION ENERGY   35.86337232


 Eigenvalues of metric

         1 0.319E-04 0.532E-04 0.707E-04 0.101E-03 0.316E-03 0.325E-03 0.331E-03 0.354E-03


 Contracted 2-electron integrals neglected if value below      1.0D-19

 OPERATOR DM      FOR CENTER  0  COORDINATES:    0.000000    0.000000    0.000000


 **********************************************************************************************************************************
 DATASETS  * FILE   NREC   LENGTH (MB)   RECORD NAMES
              1      19     8641.32       500      610      700      900      950      970     1000      129      960     1100   
                                          VAR    BASINP    GEOM    SYMINP    ZMAT    AOBASIS   BASIS     P2S    ABASIS      S 
                                         1400     1410     1200     1210     1080     1600     1650     1300     1700   
                                           T        V       H0       H01     AOSYM     SMH    MOLCAS    ERIS     OPER   

              2       9       33.49       200      700     1000      520     2100     2101     2102     2103     2104   
                                        OPTIONS   GEOM     BASIS   MCVARS     RHF      RHF      RHF      RHF      RHF  

 PROGRAMS   *        TOTAL       INT       MP3        HF       INT       MP3        HF       INT       MP3        HF       INT
 CPU TIMES  *      1070.55      0.11     51.07    163.82      0.11     29.89    151.79      0.11     29.86    152.34      0.11
 REAL TIME  *      1765.17 SEC
 DISK USED  *        24.14 GB      
 **********************************************************************************************************************************


 PROGRAM * RHF-SCF (CLOSED SHELL)       Authors: W. Meyer, H.-J. Werner


 NUMBER OF ELECTRONS:      10+   10-    SPACE SYMMETRY=1    SPIN SYMMETRY: Singlet 
 CONVERGENCE THRESHOLDS:    1.00E-08 (Density)    1.00E-09 (Energy)
 MAX. NUMBER OF ITERATIONS:       60
 INTERPOLATION TYPE:            DIIS
 INTERPOLATION STEPS:              2 (START)      1 (STEP)
 LEVEL SHIFTS:                  0.00 (CLOSED)  0.00 (OPEN) 



 Orbital guess generated from atomic densities. Full valence occupancy:   16

 Molecular orbital dump at record        2105.2

 Initial occupancy:  10

 ITERATION    DDIFF          GRAD             ENERGY        2-EL.EN.            DIPOLE MOMENTS         DIIS   ORB.
    1      0.000D+00      0.000D+00      -116.21195909    157.362074   -0.14326   -1.05319    0.47931    0    start
    2      0.000D+00      0.438D-02      -116.25577133    152.384418   -0.02227   -0.59493    0.27915    1    diag
    3      0.395D-02      0.259D-02      -116.26930113    154.450007   -0.05167   -0.71235    0.32956    2    diag
    4      0.133D-02      0.383D-03      -116.26995877    154.337962   -0.04908   -0.70260    0.32472    3    diag
    5      0.301D-03      0.113D-03      -116.27002722    154.333341   -0.04827   -0.70215    0.32452    4    diag
    6      0.104D-03      0.275D-04      -116.27003111    154.339231   -0.04801   -0.70142    0.32414    5    diag
    7      0.289D-04      0.541D-05      -116.27003134    154.337755   -0.04799   -0.70142    0.32413    6    diag
    8      0.815D-05      0.138D-05      -116.27003136    154.337911   -0.04795   -0.70135    0.32410    7    diag
    9      0.175D-05      0.311D-06      -116.27003136    154.337885   -0.04794   -0.70133    0.32409    8    diag
   10      0.546D-06      0.351D-07      -116.27003136    154.337886   -0.04793   -0.70133    0.32409    9    orth
   11      0.482D-07      0.867D-08      -116.27003136    154.337887   -0.04793   -0.70133    0.32409    9    diag
   12      0.167D-07      0.225D-08      -116.27003136    154.337887   -0.04793   -0.70133    0.32409    9    diag
   13      0.292D-08      0.588D-09      -116.27003136    154.337887   -0.04793   -0.70133    0.32409    0    orth

 Final occupancy:  10

 !RHF STATE 1.1 Energy               -116.270031360964
 Nuclear energy                        35.86337232
 One-electron energy                 -229.30234720
 Two-electron energy                   77.16894351
 Virial quotient                       -1.00123583
 !RHF STATE 1.1 Dipole moment          -0.04793387    -0.70133197     0.32408997
 Dipole moment /Debye                  -0.12182777    -1.78249132     0.82370058

 Orbital energies:

         1.1          2.1          3.1          4.1          5.1          6.1          7.1          8.1          9.1         10.1
    -20.572737   -11.192261    -1.341455    -0.945984    -0.705557    -0.580651    -0.546829    -0.545191    -0.542300    -0.509265

        11.1         12.1
      0.024834     0.037137

 HOMO     10.1    -0.509265 =     -13.8578eV
 LUMO     11.1     0.024834 =       0.6758eV
 LUMO-HOMO         0.534099 =      14.5336eV


 **********************************************************************************************************************************
 DATASETS  * FILE   NREC   LENGTH (MB)   RECORD NAMES
              1      19     8641.32       500      610      700      900      950      970     1000      129      960     1100   
                                          VAR    BASINP    GEOM    SYMINP    ZMAT    AOBASIS   BASIS     P2S    ABASIS      S 
                                         1400     1410     1200     1210     1080     1600     1650     1300     1700   
                                           T        V       H0       H01     AOSYM     SMH    MOLCAS    ERIS     OPER   

              2      10       40.14       200      700     1000      520     2100     2101     2102     2103     2104     2105   
                                        OPTIONS   GEOM     BASIS   MCVARS     RHF      RHF      RHF      RHF      RHF      RHF  

 PROGRAMS   *        TOTAL        HF       INT       MP3        HF       INT       MP3        HF       INT       MP3        HF
 CPU TIMES  *      1234.33    163.77      0.11     51.07    163.82      0.11     29.89    151.79      0.11     29.86    152.34
 REAL TIME  *      2025.78 SEC
 DISK USED  *        24.14 GB      
 **********************************************************************************************************************************
 SETTING ESCF_AC        =      -116.27003136  AU                              


 PROGRAM * MP3 (Closed-shell)     Authors: C. Hampel, H.-J. Werner, 1991, M. Deegan, P.J. Knowles, 1992


 Convergence thresholds:  THRVAR = 1.00D-08  THRDEN = 1.00D-08

 Number of core orbitals:           2 (   2 )
 Number of closed-shell orbitals:   8 (   8 )
 Number of external orbitals:     312 ( 312 )

 Molecular orbitals read from record     2105.2  Type=RHF/CANONICAL (state 1.1)

 Number of N-1 electron functions:               8
 Number of N-2 electron functions:              36
 Number of singly external CSFs:              2496
 Number of doubly external CSFs:           3116256
 Total number of CSFs:                     3118753

 Length of J-op  integral file:               0.00 MB
 Length of K-op  integral file:               7.17 MB

 Integral transformation finished. Total CPU:  17.73 sec, npass=  1  Memory used:   8.54 MW

 Reference energy:                   -116.27003136

                        CORR.ENERGY   TOTAL ENERGY   ENERGY CHANGE
 MP2:                   -0.47186046  -116.74189183    -0.47186046

 SCS-MP2 correlation energy:           -0.47723260   (PS=  1.200000  PT=  0.333333)
 SCS-MP2 total energy:               -116.74726396

 MP3(D):                -0.49205653  -116.76208789    -0.02019606



 RESULTS
 =======

  Reference energy                   -116.270031360965
  MP3 singlet pair energy              -0.346770500252
  MP3 triplet pair energy              -0.145286025815
  MP3 correlation energy               -0.492056526067

 !MP3 total energy                   -116.762087887032

 Timing summary (sec):

 STEP                 CPU(USER)    SYS     CPU(TOT)    WALL
 Transformation         18.09      6.74     24.83     32.77
 CCSD iterations        33.08      6.69     39.77     48.30

 Program statistics:

 Available memory in ccsd:             13999999644
 Min. memory needed in ccsd:               9187353
 Max. memory used in ccsd:                11873417
 Max. memory used in cckext:               8287581 ( 1 integral passes)



 **********************************************************************************************************************************
 DATASETS  * FILE   NREC   LENGTH (MB)   RECORD NAMES
              1      20     8687.91       500      610      700      900      950      970     1000      129      960     1100   
                                          VAR    BASINP    GEOM    SYMINP    ZMAT    AOBASIS   BASIS     P2S    ABASIS      S 
                                         1400     1410     1200     1210     1080     1600     1650     1300     1700     1380   
                                           T        V       H0       H01     AOSYM     SMH    MOLCAS    ERIS     OPER     JKOP   

              2      10       40.14       200      700     1000      520     2100     2101     2102     2103     2104     2105   
                                        OPTIONS   GEOM     BASIS   MCVARS     RHF      RHF      RHF      RHF      RHF      RHF  

 PROGRAMS   *        TOTAL       MP3        HF       INT       MP3        HF       INT       MP3        HF       INT       MP3
 CPU TIMES  *      1285.53     51.21    163.77      0.11     51.07    163.82      0.11     29.89    151.79      0.11     29.86
 REAL TIME  *      2107.00 SEC
 DISK USED  *        24.14 GB      
 **********************************************************************************************************************************
 SETTING EMP3_AC        =      -116.76208789  AU                              
 SETTING EMP3_CORR_AC   =        -0.49205653  AU                              

 Running procedure=SET_DIMERBC

 Dummy atoms: C1  H1  H2  H3  H4


 Recomputing one-electron integrals since nuclear charges changed


 PROGRAM * SEWARD (Integral evaluation for generally contracted gaussian basis sets)     Author: Roland Lindh, 1990

 Geometry written to block  1 of record 700


 Point group  C1  



 ATOMIC COORDINATES

 NR  ATOM    CHARGE       X              Y              Z

   1  C1      0.00   -6.193010455    2.801518980    2.403542658
   2  H1      0.00   -4.656285171    1.699997622    3.119937832
   3  H2      0.00   -5.973046335    4.726205038    2.982932688
   4  H3      0.00   -7.940251230    2.077186956    3.118237078
   5  H4      0.00   -6.176569838    2.685300823    0.384937212
   6  O1      8.00   -0.286671453    5.096969303   -1.596440630
   7  H5      1.00    1.007979915    5.665587894   -2.749362539
   8  H6      1.00   -1.895773248    5.235675201   -2.565492187
   9  O2      8.00   -0.132091856   -0.427456049    5.428616238
  10  H7      1.00    1.200731980   -1.541827545    5.988353116
  11  H8      1.00   -1.735713445   -1.363059454    5.806183518

 Bond lengths in Bohr (Angstrom)

 1-2  2.021904040  1-3  2.022002335  1-4  2.021953343  1-5  2.022015060  6-7  1.824466550
     ( 1.069945541)     ( 1.069997556)     ( 1.069971630)     ( 1.070004290)     ( 0.965466121)

  6- 8  1.883483165   9-10  1.825253018   9-11  1.894601009
       ( 0.996696368)       ( 0.965882301)       ( 1.002579678)

 Bond angles

  2-1-3  109.53398059   2-1-4  109.65604535   2-1-5  108.43490854   3-1-4  109.49436728

  3- 1- 5  109.86987750   4- 1- 5  109.83468330   7- 6- 8  104.96066383  10- 9-11  104.80057086

 NUCLEAR CHARGE:                   20
 NUMBER OF PRIMITIVE AOS:         417
 NUMBER OF SYMMETRY AOS:          374
 NUMBER OF CONTRACTIONS:          322   ( 322A   )
 NUMBER OF CORE ORBITALS:           2   (   2A   )
 NUMBER OF VALENCE ORBITALS:       12   (  12A   )

 MOLECULE CHANGED: INITIALIZING OCCUPATION AND DUMP RECORDS


 NUCLEAR REPULSION ENERGY   28.60903195


 Eigenvalues of metric

         1 0.319E-04 0.532E-04 0.707E-04 0.101E-03 0.316E-03 0.325E-03 0.331E-03 0.354E-03


 Contracted 2-electron integrals neglected if value below      1.0D-19

 OPERATOR DM      FOR CENTER  0  COORDINATES:    0.000000    0.000000    0.000000


 **********************************************************************************************************************************
 DATASETS  * FILE   NREC   LENGTH (MB)   RECORD NAMES
              1      19     8641.32       500      610      700      900      950      970     1000      129      960     1100   
                                          VAR    BASINP    GEOM    SYMINP    ZMAT    AOBASIS   BASIS     P2S    ABASIS      S 
                                         1400     1410     1200     1210     1080     1600     1650     1300     1700   
                                           T        V       H0       H01     AOSYM     SMH    MOLCAS    ERIS     OPER   

              2      10       40.14       200      700     1000      520     2100     2101     2102     2103     2104     2105   
                                        OPTIONS   GEOM     BASIS   MCVARS     RHF      RHF      RHF      RHF      RHF      RHF  

 PROGRAMS   *        TOTAL       INT       MP3        HF       INT       MP3        HF       INT       MP3        HF       INT
 CPU TIMES  *      1285.64      0.11     51.21    163.77      0.11     51.07    163.82      0.11     29.89    151.79      0.11
 REAL TIME  *      2107.33 SEC
 DISK USED  *        24.14 GB      
 **********************************************************************************************************************************


 PROGRAM * RHF-SCF (CLOSED SHELL)       Authors: W. Meyer, H.-J. Werner


 NUMBER OF ELECTRONS:      10+   10-    SPACE SYMMETRY=1    SPIN SYMMETRY: Singlet 
 CONVERGENCE THRESHOLDS:    1.00E-08 (Density)    1.00E-09 (Energy)
 MAX. NUMBER OF ITERATIONS:       60
 INTERPOLATION TYPE:            DIIS
 INTERPOLATION STEPS:              2 (START)      1 (STEP)
 LEVEL SHIFTS:                  0.00 (CLOSED)  0.00 (OPEN) 



 Orbital guess generated from atomic densities. Full valence occupancy:   14

 Molecular orbital dump at record        2106.2

 Initial occupancy:  10

 ITERATION    DDIFF          GRAD             ENERGY        2-EL.EN.            DIPOLE MOMENTS         DIIS   ORB.
    1      0.000D+00      0.000D+00      -152.03443127    176.531297   -0.32265   -0.68916   -0.60749    0    start
    2      0.000D+00      0.549D-02      -152.08879515    168.952475   -0.16088   -0.38896   -0.34778    1    diag
    3      0.453D-02      0.354D-02      -152.11264711    172.286222   -0.19694   -0.46489   -0.41301    2    diag
    4      0.166D-02      0.324D-03      -152.11304261    172.102209   -0.19138   -0.46171   -0.41085    3    diag
    5      0.213D-03      0.921D-04      -152.11308624    172.130772   -0.18909   -0.46062   -0.40982    4    diag
    6      0.732D-04      0.183D-04      -152.11308907    172.128752   -0.18840   -0.46025   -0.40976    5    diag
    7      0.188D-04      0.396D-05      -152.11308920    172.128920   -0.18823   -0.46028   -0.40958    6    diag
    8      0.464D-05      0.176D-05      -152.11308922    172.128934   -0.18820   -0.46019   -0.40963    7    diag
    9      0.121D-05      0.388D-06      -152.11308922    172.128896   -0.18818   -0.46018   -0.40961    8    diag
   10      0.405D-06      0.492D-07      -152.11308922    172.128889   -0.18818   -0.46018   -0.40961    9    orth
   11      0.602D-07      0.131D-07      -152.11308922    172.128893   -0.18818   -0.46018   -0.40961    9    diag
   12      0.159D-07      0.253D-08      -152.11308922    172.128892   -0.18818   -0.46018   -0.40961    9    diag
   13      0.338D-08      0.703D-09      -152.11308922    172.128892   -0.18818   -0.46018   -0.40961    0    orth

 Final occupancy:  10

 !RHF STATE 1.1 Energy               -152.113089216507
 Nuclear energy                        28.60903195
 One-electron energy                 -266.78656733
 Two-electron energy                   86.06444616
 Virial quotient                       -1.00253915
 !RHF STATE 1.1 Dipole moment          -0.18818267    -0.46018296    -0.40960582
 Dipole moment /Debye                  -0.47828131    -1.16959180    -1.04104597

 Orbital energies:

         1.1          2.1          3.1          4.1          5.1          6.1          7.1          8.1          9.1         10.1
    -20.563710   -20.563409    -1.333762    -1.332139    -0.698145    -0.695935    -0.571241    -0.570183    -0.500451    -0.499862

        11.1         12.1
      0.023261     0.035031

 HOMO     10.1    -0.499862 =     -13.6019eV
 LUMO     11.1     0.023261 =       0.6330eV
 LUMO-HOMO         0.523123 =      14.2349eV


 **********************************************************************************************************************************
 DATASETS  * FILE   NREC   LENGTH (MB)   RECORD NAMES
              1      19     8641.32       500      610      700      900      950      970     1000      129      960     1100   
                                          VAR    BASINP    GEOM    SYMINP    ZMAT    AOBASIS   BASIS     P2S    ABASIS      S 
                                         1400     1410     1200     1210     1080     1600     1650     1300     1700   
                                           T        V       H0       H01     AOSYM     SMH    MOLCAS    ERIS     OPER   

              2      11       46.80       200      700     1000      520     2100     2101     2102     2103     2104     2105   
                                        OPTIONS   GEOM     BASIS   MCVARS     RHF      RHF      RHF      RHF      RHF      RHF  
                                         2106   
                                          RHF  

 PROGRAMS   *        TOTAL        HF       INT       MP3        HF       INT       MP3        HF       INT       MP3        HF
 CPU TIMES  *      1449.69    164.05      0.11     51.21    163.77      0.11     51.07    163.82      0.11     29.89    151.79
 REAL TIME  *      2373.07 SEC
 DISK USED  *        24.14 GB      
 **********************************************************************************************************************************
 SETTING ESCF_BC        =      -152.11308922  AU                              


 PROGRAM * MP3 (Closed-shell)     Authors: C. Hampel, H.-J. Werner, 1991, M. Deegan, P.J. Knowles, 1992


 Convergence thresholds:  THRVAR = 1.00D-08  THRDEN = 1.00D-08

 Number of core orbitals:           2 (   2 )
 Number of closed-shell orbitals:   8 (   8 )
 Number of external orbitals:     312 ( 312 )

 Molecular orbitals read from record     2106.2  Type=RHF/CANONICAL (state 1.1)

 Number of N-1 electron functions:               8
 Number of N-2 electron functions:              36
 Number of singly external CSFs:              2496
 Number of doubly external CSFs:           3116256
 Total number of CSFs:                     3118753

 Length of J-op  integral file:               0.00 MB
 Length of K-op  integral file:               7.17 MB

 Integral transformation finished. Total CPU:  17.78 sec, npass=  1  Memory used:   8.54 MW

 Reference energy:                   -152.11308922

                        CORR.ENERGY   TOTAL ENERGY   ENERGY CHANGE
 MP2:                   -0.54117354  -152.65426276    -0.54117354

 SCS-MP2 correlation energy:           -0.53563310   (PS=  1.200000  PT=  0.333333)
 SCS-MP2 total energy:               -152.64872232

 MP3(D):                -0.54552545  -152.65861467    -0.00435191



 RESULTS
 =======

  Reference energy                   -152.113089216507
  MP3 singlet pair energy              -0.366743981757
  MP3 triplet pair energy              -0.178781469444
  MP3 correlation energy               -0.545525451201

 !MP3 total energy                   -152.658614667708

 Timing summary (sec):

 STEP                 CPU(USER)    SYS     CPU(TOT)    WALL
 Transformation         18.14      6.79     24.93     25.08
 CCSD iterations        33.02      6.82     39.84     40.07

 Program statistics:

 Available memory in ccsd:             13999999644
 Min. memory needed in ccsd:               9187353
 Max. memory used in ccsd:                11873417
 Max. memory used in cckext:               8287581 ( 1 integral passes)



 **********************************************************************************************************************************
 DATASETS  * FILE   NREC   LENGTH (MB)   RECORD NAMES
              1      20     8687.91       500      610      700      900      950      970     1000      129      960     1100   
                                          VAR    BASINP    GEOM    SYMINP    ZMAT    AOBASIS   BASIS     P2S    ABASIS      S 
                                         1400     1410     1200     1210     1080     1600     1650     1300     1700     1380   
                                           T        V       H0       H01     AOSYM     SMH    MOLCAS    ERIS     OPER     JKOP   

              2      11       46.80       200      700     1000      520     2100     2101     2102     2103     2104     2105   
                                        OPTIONS   GEOM     BASIS   MCVARS     RHF      RHF      RHF      RHF      RHF      RHF  
                                         2106   
                                          RHF  

 PROGRAMS   *        TOTAL       MP3        HF       INT       MP3        HF       INT       MP3        HF       INT       MP3
 CPU TIMES  *      1500.88     51.19    164.05      0.11     51.21    163.77      0.11     51.07    163.82      0.11     29.89
 REAL TIME  *      2438.37 SEC
 DISK USED  *        24.14 GB      
 **********************************************************************************************************************************
 SETTING EMP3_BC        =      -152.65861467  AU                              
 SETTING EMP3_CORR_BC   =        -0.54552545  AU                              
 SETTING E_INT_ABC      =         0.00040873  AU                              
 SETTING E_INT_AB       =        -0.00030821  AU                              
 SETTING E_INT_AC       =        -0.00047356  AU                              
 SETTING E_INT_BC       =         0.00124749  AU                              
 SETTING E_ADD          =         0.00046572  AU                              
 SETTING E_NONADD_MP3   =    -5.69973433D-05  AU                              
 SETTING E_INT_ABC_CORR =        -0.00136097  AU                              
 SETTING E_INT_AB_CORR  =        -0.00046621  AU                              
 SETTING E_INT_AC_CORR  =        -0.00069056  AU                              
 SETTING E_INT_BC_CORR  =        -0.00022629  AU                              
 SETTING E_INT_ABC_CORR_ADD              =      -0.00138306  AU                              
 SETTING E_INT_ABC_CORR_NONADD           =   2.20913204D-05  AU                              
 SETTING E_INT_ABC_HF   =         0.00176969  AU                              
 SETTING E_INT_AB_HF    =         0.00015800  AU                              
 SETTING E_INT_AC_HF    =         0.00021700  AU                              
 SETTING E_INT_BC_HF    =         0.00147379  AU                              
 SETTING E_INT_ABC_HF_ADD                =       0.00184878  AU                              
 SETTING E_INT_ABC_HF_NONADD             =  -7.90886637D-05  AU                              

 *** results in millihartree
 E_INT_ABC        =         0.00040873 AU
 E_INT_AB         =        -0.00030821 AU
 E_INT_AC         =        -0.00047356 AU
 E_INT_BC         =         0.00124749 AU
 E_ADD            =         0.00046572 AU
 E_NONADD_MP3     =        -0.00005700 AU
 E_INT_ABC_CORR   =        -0.00136097 AU
 E_INT_AB_CORR    =        -0.00046621 AU
 E_INT_AC_CORR    =        -0.00069056 AU
 E_INT_BC_CORR    =        -0.00022629 AU
 E_INT_ABC_CORR_ADD       =        -0.00138306 AU
 E_INT_ABC_CORR_NONADD    =         0.00002209 AU
 E_INT_ABC_HF     =         0.00176969 AU
 E_INT_AB_HF      =         0.00015800 AU
 E_INT_AC_HF      =         0.00021700 AU
 E_INT_BC_HF      =         0.00147379 AU
 E_INT_ABC_HF_ADD =         0.00184878 AU
 E_INT_ABC_HF_NONADD      =        -0.00007909 AU

 MP3/aug-cc-pVTZ energy=   -152.658614667708

        MP3             HF-SCF          MP3             HF-SCF          MP3             HF-SCF          MP3             HF-SCF  
   -152.65861467   -152.11308922   -116.76208789   -116.27003136   -116.76232515   -116.27072567    -76.32972977    -76.05696385
 **********************************************************************************************************************************
 Molpro calculation terminated
 Variable memory released
