
 Primary working directories    : /net/scratch/people/plgsirous
 Secondary working directories  : /net/scratch/people/plgsirous
 Wavefunction directory         : /net/people/plgsirous/wfu/
 Main file repository           : /net/scratch/people/plgsirous/

 SHA1      : 
 NAME      : 
 ARCHNAME  : linux/x86_64
 FC        : /net/software/local/intel/impi/2018.1.163/bin64/mpiifort
 BLASLIB   : -L/net/software/local/intel/compilers_and_libraries_2018.1.163/linux/mkl/lib/intel64 -lmkl_scalapack_ilp64 -lmkl_intel_ilp64 -lmkl_intel_thread -lmkl_core -lmkl_blacs_intelmpi_ilp64 -liomp5 -lpthread -lm -ldl
 id        : pl

 Nodes     nprocs
 p0919        1

 Using customized tuning parameters: mindgm=7; mindgv=20; mindgc=1; mindgr=1; noblas=0; minvec=7
 default implementation of scratch files=df  

 ***,MP3SD(T)
 memory,14000,m
 gthresh,orbital=1d-8,energy=1d-8,twoint=1.d-19
 angstrom
 geometry={
 C1        -3.2772    1.4825     1.2719
 H1        -2.4640    0.8996     1.6510
 H2        -3.1608    2.5010     1.5785
 H3        -4.2018    1.0992     1.6501
 H4        -3.2685    1.4210     0.2037
 O1        -2.3087    -1.5137     3.3850
 H5        -2.7801    -1.8104     2.5808
 H6        -2.9573    -0.9957     3.9063
 O2        -0.1517    2.6972     -0.8448
 H7        0.5334    2.9981     -1.4549
 H8        -1.0032    2.7706     -1.3576
   }
 
 nkerna=1
 nkernb=1
 nkernc=1
 nkernab=$nkerna+$nkernb
 nkernac=$nkerna+$nkernc
 nkernbc=$nkernb+$nkernc
 nkernabc=$nkerna+$nkernb+$nkernc
 
 proc set_monomera
 core,$nkerna
 dummy,6,7,8,9,10,11;
 endproc
 
 proc set_monomerb
 core,$nkernb
 dummy,1,2,3,4,5,9,10,11;
 endproc
 
 proc set_monomerc
 core,$nkernc
 dummy,1,2,3,4,5,6,7,8;
 endproc
 
 proc set_dimerab
 core,$nkerna+$nkernb
 dummy,9,10,11;
 endproc
 
 proc set_dimerac
 core,$nkerna+$nkernc
 dummy,6,7,8;
 endproc
 
 proc set_dimerbc
 core,$nkernb+$nkernc
 dummy,1,2,3,4,5;
 endproc
 
 proc set_trimerabc
 core,$nkerna+$nkernb+$nkernc
 endproc
 
 basis=avtz
 
 set_trimerabc
 hf
 Escf_ABC=energy
 mp3
 Emp3_ABC=energy
 Emp3_corr_ABC=(Emp3_ABC)-(Escf_ABC)
 
 set_monomera
 {hf
 start,atden}
 Escf_A=energy
 mp3
 Emp3_A=energy
 Emp3_corr_A=(Emp3_A)-(Escf_A)
 
 set_monomerb
 {hf
 start,atden}
 Escf_B=energy
 mp3
 Emp3_B=energy
 Emp3_corr_B=(Emp3_B)-(Escf_B)
 
 set_monomerc
 {hf
 start,atden}
 Escf_C=energy
 mp3
 Emp3_C=energy
 Emp3_corr_C=(Emp3_C)-(Escf_C)
 
 set_dimerab
 {hf
 start,atden}
 Escf_AB=energy
 mp3
 Emp3_AB=energy
 Emp3_corr_AB=(Emp3_AB)-(Escf_AB)
 
 set_dimerac
 {hf
 start,atden}
 Escf_AC=energy
 mp3
 Emp3_AC=energy
 Emp3_corr_AC=(Emp3_AC)-(Escf_AC)
 
 set_dimerbc
 {hf
 start,atden}
 Escf_BC=energy
 mp3
 Emp3_BC=energy
 Emp3_corr_BC=(Emp3_BC)-(Escf_BC)
 
 E_int_ABC=Emp3_ABC-(Emp3_A+Emp3_B+Emp3_C)
 E_int_AB=Emp3_AB-(Emp3_A+Emp3_B)
 E_int_AC=Emp3_AC-(Emp3_A+Emp3_C)
 E_int_BC=Emp3_BC-(Emp3_B+Emp3_C)
 E_add=E_int_AB+E_int_AC+E_int_BC
 E_nonadd_MP3=E_int_ABC-(E_int_AB+E_int_AC+E_int_BC)
                                                                                 !!!!!Correlation part of interaction energy!!!!!!
 E_int_ABC_corr=Emp3_corr_ABC-(Emp3_corr_A+Emp3_corr_B+Emp3_corr_C)
 E_int_AB_corr=Emp3_corr_AB-(Emp3_corr_A+Emp3_corr_B)
 E_int_AC_corr=Emp3_corr_AC-(Emp3_corr_A+Emp3_corr_C)
 E_int_BC_corr=Emp3_corr_BC-(Emp3_corr_B+Emp3_corr_C)
 E_int_ABC_corr_add=E_int_AB_corr+E_int_AC_corr+E_int_BC_corr
 E_int_ABC_corr_nonadd=E_int_ABC_corr-E_int_ABC_corr_add
                                                                                 !!!!HF part of interaction energy!!!!
 E_int_ABC_HF=E_int_ABC-E_int_ABC_corr
 E_int_AB_HF=E_int_AB-E_int_AB_corr
 E_int_AC_HF=E_int_AC-E_int_AC_corr
 E_int_BC_HF=E_int_BC-E_int_BC_corr
 E_int_ABC_HF_add=E_int_AB_HF+E_int_AC_HF+E_int_BC_HF
 E_int_ABC_HF_nonadd=E_int_ABC_HF-E_int_ABC_HF_add
 
 text,results in millihartree
                                                                                 !!!!Interacion Energies!!!!!!
 show,E_int_ABC,E_int_AB,E_int_AC,E_int_BC,E_add,E_nonadd_MP3
                                                                                 !!!!Correlation Part!!!!!!!!
 show,E_int_ABC_corr,E_int_AB_corr,E_int_AC_corr,E_int_BC_corr,E_int_ABC_corr_add,E_int_ABC_corr_nonadd
                                                                                 !!!!SCF Part!!!!!
 show,E_int_ABC_HF,E_int_AB_HF,E_int_AC_HF,E_int_BC_HF,E_int_ABC_HF_add,E_int_ABC_HF_nonadd

 Variables initialized (889), CPU time= 0.01 sec
 Commands  initialized (702), CPU time= 0.00 sec, 572 directives.
 Default parameters read. Elapsed time= 0.08 sec

 Checking input...
 Passed
1


                                         ***  PROGRAM SYSTEM MOLPRO  ***
                                       Copyright, TTI GmbH Stuttgart, 2015
                                    Version 2015.1 linked Jul  2 2018 15:03:07


 **********************************************************************************************************************************
 LABEL *   MP3SD(T)                                                                      
  64 bit serial version                                                                  DATE: 28-Nov-18          TIME: 14:40:36  
 **********************************************************************************************************************************

 SHA1:             
 **********************************************************************************************************************************

 THRESHOLDS:

 ZERO    =  1.00D-12  ONEINT  =  1.00D-12  TWOINT  =  1.00D-19  PREFAC  =  1.00D-14  LOCALI  =  1.00D-09  EORDER  =  1.00D-04
 ENERGY  =  1.00D-08  ETEST   =  0.00D+00  EDENS   =  0.00D+00  THRDEDEF=  1.00D-06  GRADIENT=  1.00D-02  STEP    =  1.00D-03
 ORBITAL =  1.00D-08  CIVEC   =  1.00D-05  COEFF   =  1.00D-04  PRINTCI =  5.00D-02  PUNCHCI =  9.90D+01  OPTGRAD =  3.00D-04
 OPTENERG=  1.00D-06  OPTSTEP =  3.00D-04  THRGRAD =  1.00D-10  COMPRESS=  1.00D-11  VARMIN  =  1.00D-07  VARMAX  =  1.00D-03
 THRDOUB =  0.00D+00  THRDIV  =  1.00D-05  THRRED  =  1.00D-07  THRPSP  =  1.00D+00  THRDC   =  1.00D-10  THRCS   =  1.00D-10
 THRNRM  =  1.00D-08  THREQ   =  0.00D+00  THRDE   =  1.00D+00  THRREF  =  1.00D-05  SPARFAC =  1.00D+00  THRDLP  =  1.00D-07
 THRDIA  =  1.00D-10  THRDLS  =  1.00D-07  THRGPS  =  0.00D+00  THRKEX  =  0.00D+00  THRDIS  =  2.00D-01  THRVAR  =  1.00D-10
 THRLOC  =  1.00D-06  THRGAP  =  1.00D-06  THRLOCT = -1.00D+00  THRGAPT = -1.00D+00  THRORB  =  1.00D-06  THRMLTP =  0.00D+00
 THRCPQCI=  1.00D-10  KEXTA   =  0.00D+00  THRCOARS=  0.00D+00  SYMTOL  =  1.00D-06  GRADTOL =  1.00D-06  THROVL  =  1.00D-08
 THRORTH =  1.00D-08  GRID    =  1.00D-06  GRIDMAX =  1.00D-03  DTMAX   =  0.00D+00  THROCCDE=  1.00D-01  THROCCDE=  1.00D-01


 ZUNIT=ANG
 

Geometry recognized as XYZ

 SETTING NKERNA         =         1.00000000                                  
 SETTING NKERNB         =         1.00000000                                  
 SETTING NKERNC         =         1.00000000                                  
 SETTING NKERNAB        =         2.00000000                                  
 SETTING NKERNAC        =         2.00000000                                  
 SETTING NKERNBC        =         2.00000000                                  
 SETTING NKERNABC       =         3.00000000                                  

 Variable memory set to ********** words,  buffer space   230000 words

 SETTING BASIS          =    AVTZ

 Running procedure=SET_TRIMERABC


 Recomputing integrals since basis changed


 Using spherical harmonics

 Library entry C      S aug-cc-pVTZ          selected for orbital group  1
 Library entry C      P aug-cc-pVTZ          selected for orbital group  1
 Library entry C      D aug-cc-pVTZ          selected for orbital group  1
 Library entry C      F aug-cc-pVTZ          selected for orbital group  1
 Library entry H      S aug-cc-pVTZ          selected for orbital group  2
 Library entry H      P aug-cc-pVTZ          selected for orbital group  2
 Library entry H      D aug-cc-pVTZ          selected for orbital group  2
 Library entry O      S aug-cc-pVTZ          selected for orbital group  3
 Library entry O      P aug-cc-pVTZ          selected for orbital group  3
 Library entry O      D aug-cc-pVTZ          selected for orbital group  3
 Library entry O      F aug-cc-pVTZ          selected for orbital group  3


 PROGRAM * SEWARD (Integral evaluation for generally contracted gaussian basis sets)     Author: Roland Lindh, 1990

 Geometry written to block  1 of record 700


 Point group  C1  



 ATOMIC COORDINATES

 NR  ATOM    CHARGE       X              Y              Z

   1  C1      6.00   -6.193010455    2.801518980    2.403542658
   2  H1      1.00   -4.656285171    1.699997622    3.119937832
   3  H2      1.00   -5.973046335    4.726205038    2.982932688
   4  H3      1.00   -7.940251230    2.077186956    3.118237078
   5  H4      1.00   -6.176569838    2.685300823    0.384937212
   6  O1      8.00   -4.362810704   -2.860478435    6.396722932
   7  H5      1.00   -5.253627599   -3.421160176    4.877005182
   8  H6      1.00   -5.588487068   -1.881600302    7.381837160
   9  O2      8.00   -0.286671453    5.096969303   -1.596440630
  10  H7      1.00    1.007979915    5.665587894   -2.749362539
  11  H8      1.00   -1.895773248    5.235675201   -2.565492187

 Bond lengths in Bohr (Angstrom)

 1-2  2.021904040  1-3  2.022002335  1-4  2.021953343  1-5  2.022015060  6-7  1.848637551
     ( 1.069945541)     ( 1.069997556)     ( 1.069971630)     ( 1.070004290)     ( 0.978256863)

  6- 8  1.852278325   9-10  1.824466550   9-11  1.883483165
       ( 0.980183478)       ( 0.965466121)       ( 0.996696368)

 Bond angles

  2-1-3  109.53398059   2-1-4  109.65604535   2-1-5  108.43490854   3-1-4  109.49436728

  3- 1- 5  109.86987750   4- 1- 5  109.83468330   7- 6- 8  106.17843926  10- 9-11  104.96066383

 NUCLEAR CHARGE:                   30
 NUMBER OF PRIMITIVE AOS:         417
 NUMBER OF SYMMETRY AOS:          374
 NUMBER OF CONTRACTIONS:          322   ( 322A   )
 NUMBER OF CORE ORBITALS:           3   (   3A   )
 NUMBER OF VALENCE ORBITALS:       20   (  20A   )


 NUCLEAR REPULSION ENERGY   67.09078574


 Eigenvalues of metric

         1 0.515E-04 0.612E-04 0.779E-04 0.924E-04 0.323E-03 0.334E-03 0.351E-03 0.394E-03


 Contracted 2-electron integrals neglected if value below      1.0D-19
 AO integral compression algorithm  1   Integral accuracy      1.0D-19

     9058.648 MB (compressed) written to integral file ( 76.0%)


 NUMBER OF SORTED TWO-ELECTRON INTEGRALS: 1352182006.     BUFFER LENGTH:  32768
 NUMBER OF SEGMENTS:  43  SEGMENT LENGTH:   31998710      RECORD LENGTH: 524288

 Memory used in sort:      32.56 MW

 SORT1 READ  1490005874. AND WROTE  1168020948. INTEGRALS IN   3362 RECORDS. CPU TIME:    14.23 SEC, REAL TIME:    67.71 SEC
 SORT2 READ  1168020948. AND WROTE  1352182006. INTEGRALS IN  34556 RECORDS. CPU TIME:    15.46 SEC, REAL TIME:    64.02 SEC

 FILE SIZES:   FILE 1:  9082.5 MBYTE,  FILE 4: 14101.3 MBYTE,   TOTAL:  23183.8 MBYTE

 OPERATOR DM      FOR CENTER  0  COORDINATES:    0.000000    0.000000    0.000000


 **********************************************************************************************************************************
 DATASETS  * FILE   NREC   LENGTH (MB)   RECORD NAMES
              1      19     8281.71       500      610      700      900      950      970     1000      129      960     1100   
                                          VAR    BASINP    GEOM    SYMINP    ZMAT    AOBASIS   BASIS     P2S    ABASIS      S 
                                         1400     1410     1200     1210     1080     1600     1650     1300     1700   
                                           T        V       H0       H01     AOSYM     SMH    MOLCAS    ERIS     OPER   

 PROGRAMS   *        TOTAL       INT
 CPU TIMES  *        67.29     67.15
 REAL TIME  *       209.49 SEC
 DISK USED  *        23.19 GB      
 **********************************************************************************************************************************


 PROGRAM * RHF-SCF (CLOSED SHELL)       Authors: W. Meyer, H.-J. Werner


 NUMBER OF ELECTRONS:      15+   15-    SPACE SYMMETRY=1    SPIN SYMMETRY: Singlet 
 CONVERGENCE THRESHOLDS:    1.00E-08 (Density)    1.00E-09 (Energy)
 MAX. NUMBER OF ITERATIONS:       60
 INTERPOLATION TYPE:            DIIS
 INTERPOLATION STEPS:              2 (START)      1 (STEP)
 LEVEL SHIFTS:                  0.00 (CLOSED)  0.00 (OPEN) 



 Orbital guess generated from atomic densities. Full valence occupancy:   23

 Molecular orbital dump at record        2100.2

 Initial occupancy:  15

 ITERATION    DDIFF          GRAD             ENERGY        2-EL.EN.            DIPOLE MOMENTS         DIIS   ORB.
    1      0.000D+00      0.000D+00      -192.23209605    279.270126   -1.25276    0.56935   -1.35839    0    start
    2      0.000D+00      0.480D-02      -192.30266714    270.660005   -0.63557    0.35175   -0.77137    1    diag
    3      0.508D-02      0.293D-02      -192.32753870    274.322700   -0.78630    0.40388   -0.91652    2    diag
    4      0.175D-02      0.366D-03      -192.32839638    274.120312   -0.77660    0.39847   -0.90620    3    diag
    5      0.331D-03      0.105D-03      -192.32848653    274.127050   -0.77371    0.39840   -0.90509    4    diag
    6      0.114D-03      0.265D-04      -192.32849202    274.133917   -0.77272    0.39818   -0.90444    5    diag
    7      0.310D-04      0.617D-05      -192.32849244    274.131384   -0.77257    0.39821   -0.90448    6    diag
    8      0.935D-05      0.161D-05      -192.32849247    274.131598   -0.77247    0.39820   -0.90441    7    diag
    9      0.234D-05      0.581D-06      -192.32849248    274.131615   -0.77243    0.39820   -0.90441    8    diag
   10      0.574D-06      0.194D-06      -192.32849248    274.131587   -0.77243    0.39819   -0.90440    9    orth
   11      0.282D-06      0.226D-07      -192.32849248    274.131588   -0.77243    0.39819   -0.90440    9    diag
   12      0.327D-07      0.666D-08      -192.32849248    274.131590   -0.77243    0.39819   -0.90440    9    diag
   13      0.134D-07      0.139D-08      -192.32849248    274.131589   -0.77243    0.39819   -0.90440    9    diag
   14      0.200D-08      0.484D-09      -192.32849248    274.131590   -0.77243    0.39819   -0.90440    0    orth

 Final occupancy:  15

 !RHF STATE 1.1 Energy               -192.328492476257
 Nuclear energy                        67.09078574
 One-electron energy                 -396.48507325
 Two-electron energy                  137.06579503
 Virial quotient                       -1.00165081
 !RHF STATE 1.1 Dipole moment          -0.77242744     0.39819315    -0.90439740
 Dipole moment /Debye                  -1.96318612     1.01203975    -2.29859835

 Orbital energies:

         1.1          2.1          3.1          4.1          5.1          6.1          7.1          8.1          9.1         10.1
    -20.570266   -20.565919   -11.195186    -1.340718    -1.337429    -0.949167    -0.705127    -0.705005    -0.578550    -0.573913

        11.1         12.1         13.1         14.1         15.1         16.1         17.1
     -0.550578    -0.548543    -0.546102    -0.507459    -0.502780     0.024628     0.033149

 HOMO     15.1    -0.502780 =     -13.6813eV
 LUMO     16.1     0.024628 =       0.6701eV
 LUMO-HOMO         0.527408 =      14.3515eV


 **********************************************************************************************************************************
 DATASETS  * FILE   NREC   LENGTH (MB)   RECORD NAMES
              1      19     8281.71       500      610      700      900      950      970     1000      129      960     1100   
                                          VAR    BASINP    GEOM    SYMINP    ZMAT    AOBASIS   BASIS     P2S    ABASIS      S 
                                         1400     1410     1200     1210     1080     1600     1650     1300     1700   
                                           T        V       H0       H01     AOSYM     SMH    MOLCAS    ERIS     OPER   

              2       5        6.86       200      700     1000      520     2100   
                                        OPTIONS   GEOM     BASIS   MCVARS     RHF  

 PROGRAMS   *        TOTAL        HF       INT
 CPU TIMES  *       237.03    169.74     67.15
 REAL TIME  *       493.50 SEC
 DISK USED  *        23.19 GB      
 **********************************************************************************************************************************
 SETTING ESCF_ABC       =      -192.32849248  AU                              


 PROGRAM * MP3 (Closed-shell)     Authors: C. Hampel, H.-J. Werner, 1991, M. Deegan, P.J. Knowles, 1992


 Convergence thresholds:  THRVAR = 1.00D-08  THRDEN = 1.00D-08

 Number of core orbitals:           3 (   3 )
 Number of closed-shell orbitals:  12 (  12 )
 Number of external orbitals:     307 ( 307 )

 Molecular orbitals read from record     2100.2  Type=RHF/CANONICAL (state 1.1)

 Number of N-1 electron functions:              12
 Number of N-2 electron functions:              78
 Number of singly external CSFs:              3684
 Number of doubly external CSFs:           6787770
 Total number of CSFs:                     6791455

 Length of J-op  integral file:               0.00 MB
 Length of K-op  integral file:               7.17 MB

 Integral transformation finished. Total CPU:  22.02 sec, npass=  1  Memory used:  15.72 MW

 Reference energy:                   -192.32849248

                        CORR.ENERGY   TOTAL ENERGY   ENERGY CHANGE
 MP2:                   -0.74231786  -193.07081033    -0.74231786

 SCS-MP2 correlation energy:           -0.74477353   (PS=  1.200000  PT=  0.333333)
 SCS-MP2 total energy:               -193.07326601

 MP3(D):                -0.76488862  -193.09338109    -0.02257076



 RESULTS
 =======

  Reference energy                   -192.328492476257
  MP3 singlet pair energy              -0.529804655680
  MP3 triplet pair energy              -0.235083962202
  MP3 correlation energy               -0.764888617882

 !MP3 total energy                   -193.093381094139

 Timing summary (sec):

 STEP                 CPU(USER)    SYS     CPU(TOT)    WALL
 Transformation         22.78      6.61     29.39     55.57
 CCSD iterations        62.03      6.70     68.73    111.17

 Program statistics:

 Available memory in ccsd:             13999999324
 Min. memory needed in ccsd:              17471288
 Max. memory used in ccsd:                23578322
 Max. memory used in cckext:              17102349 ( 1 integral passes)



 **********************************************************************************************************************************
 DATASETS  * FILE   NREC   LENGTH (MB)   RECORD NAMES
              1      20     8380.72       500      610      700      900      950      970     1000      129      960     1100   
                                          VAR    BASINP    GEOM    SYMINP    ZMAT    AOBASIS   BASIS     P2S    ABASIS      S 
                                         1400     1410     1200     1210     1080     1600     1650     1300     1700     1380   
                                           T        V       H0       H01     AOSYM     SMH    MOLCAS    ERIS     OPER     JKOP   

              2       5        6.86       200      700     1000      520     2100   
                                        OPTIONS   GEOM     BASIS   MCVARS     RHF  

 PROGRAMS   *        TOTAL       MP3        HF       INT
 CPU TIMES  *       321.87     84.84    169.74     67.15
 REAL TIME  *       660.72 SEC
 DISK USED  *        23.19 GB      
 **********************************************************************************************************************************
 SETTING EMP3_ABC       =      -193.09338109  AU                              
 SETTING EMP3_CORR_ABC  =        -0.76488862  AU                              

 Running procedure=SET_MONOMERA

 Dummy atoms: O1  H5  H6  O2  H7  H8


 Recomputing one-electron integrals since nuclear charges changed


 PROGRAM * SEWARD (Integral evaluation for generally contracted gaussian basis sets)     Author: Roland Lindh, 1990

 Geometry written to block  1 of record 700


 Point group  C1  



 ATOMIC COORDINATES

 NR  ATOM    CHARGE       X              Y              Z

   1  C1      6.00   -6.193010455    2.801518980    2.403542658
   2  H1      1.00   -4.656285171    1.699997622    3.119937832
   3  H2      1.00   -5.973046335    4.726205038    2.982932688
   4  H3      1.00   -7.940251230    2.077186956    3.118237078
   5  H4      1.00   -6.176569838    2.685300823    0.384937212
   6  O1      0.00   -4.362810704   -2.860478435    6.396722932
   7  H5      0.00   -5.253627599   -3.421160176    4.877005182
   8  H6      0.00   -5.588487068   -1.881600302    7.381837160
   9  O2      0.00   -0.286671453    5.096969303   -1.596440630
  10  H7      0.00    1.007979915    5.665587894   -2.749362539
  11  H8      0.00   -1.895773248    5.235675201   -2.565492187

 Bond lengths in Bohr (Angstrom)

 1-2  2.021904040  1-3  2.022002335  1-4  2.021953343  1-5  2.022015060  6-7  1.848637551
     ( 1.069945541)     ( 1.069997556)     ( 1.069971630)     ( 1.070004290)     ( 0.978256863)

  6- 8  1.852278325   9-10  1.824466550   9-11  1.883483165
       ( 0.980183478)       ( 0.965466121)       ( 0.996696368)

 Bond angles

  2-1-3  109.53398059   2-1-4  109.65604535   2-1-5  108.43490854   3-1-4  109.49436728

  3- 1- 5  109.86987750   4- 1- 5  109.83468330   7- 6- 8  106.17843926  10- 9-11  104.96066383

 NUCLEAR CHARGE:                   10
 NUMBER OF PRIMITIVE AOS:         417
 NUMBER OF SYMMETRY AOS:          374
 NUMBER OF CONTRACTIONS:          322   ( 322A   )
 NUMBER OF CORE ORBITALS:           1   (   1A   )
 NUMBER OF VALENCE ORBITALS:        8   (   8A   )

 MOLECULE CHANGED: INITIALIZING OCCUPATION AND DUMP RECORDS


 NUCLEAR REPULSION ENERGY   13.68681606


 Eigenvalues of metric

         1 0.515E-04 0.612E-04 0.779E-04 0.924E-04 0.323E-03 0.334E-03 0.351E-03 0.394E-03


 Contracted 2-electron integrals neglected if value below      1.0D-19

 OPERATOR DM      FOR CENTER  0  COORDINATES:    0.000000    0.000000    0.000000


 **********************************************************************************************************************************
 DATASETS  * FILE   NREC   LENGTH (MB)   RECORD NAMES
              1      19     8281.71       500      610      700      900      950      970     1000      129      960     1100   
                                          VAR    BASINP    GEOM    SYMINP    ZMAT    AOBASIS   BASIS     P2S    ABASIS      S 
                                         1400     1410     1200     1210     1080     1600     1650     1300     1700   
                                           T        V       H0       H01     AOSYM     SMH    MOLCAS    ERIS     OPER   

              2       5        6.86       200      700     1000      520     2100   
                                        OPTIONS   GEOM     BASIS   MCVARS     RHF  

 PROGRAMS   *        TOTAL       INT       MP3        HF       INT
 CPU TIMES  *       321.98      0.11     84.84    169.74     67.15
 REAL TIME  *       661.66 SEC
 DISK USED  *        23.19 GB      
 **********************************************************************************************************************************


 PROGRAM * RHF-SCF (CLOSED SHELL)       Authors: W. Meyer, H.-J. Werner


 NUMBER OF ELECTRONS:       5+    5-    SPACE SYMMETRY=1    SPIN SYMMETRY: Singlet 
 CONVERGENCE THRESHOLDS:    1.00E-08 (Density)    1.00E-09 (Energy)
 MAX. NUMBER OF ITERATIONS:       60
 INTERPOLATION TYPE:            DIIS
 INTERPOLATION STEPS:              2 (START)      1 (STEP)
 LEVEL SHIFTS:                  0.00 (CLOSED)  0.00 (OPEN) 



 Orbital guess generated from atomic densities. Full valence occupancy:    9

 Molecular orbital dump at record        2101.2

 Initial occupancy:   5

 ITERATION    DDIFF          GRAD             ENERGY        2-EL.EN.            DIPOLE MOMENTS         DIIS   ORB.
    1      0.000D+00      0.000D+00       -40.19359206     53.494053    0.00409   -0.00275   -0.00131    0    start
    2      0.000D+00      0.298D-02       -40.21071097     52.213656    0.00126   -0.00088   -0.00038    1    diag
    3      0.234D-02      0.116D-02       -40.21295977     52.664842    0.00179   -0.00124   -0.00055    2    diag
    4      0.666D-03      0.288D-03       -40.21327535     52.609816    0.00159   -0.00111   -0.00048    3    diag
    5      0.218D-03      0.374D-04       -40.21328074     52.612153    0.00156   -0.00109   -0.00047    4    diag
    6      0.555D-04      0.291D-05       -40.21328078     52.612251    0.00156   -0.00109   -0.00047    5    diag
    7      0.489D-05      0.223D-06       -40.21328078     52.612216    0.00156   -0.00109   -0.00047    6    diag
    8      0.668D-06      0.186D-07       -40.21328078     52.612217    0.00156   -0.00109   -0.00047    7    diag
    9      0.133D-06      0.239D-08       -40.21328078     52.612217    0.00156   -0.00109   -0.00047    8    diag
   10      0.814D-08      0.669D-09       -40.21328078     52.612217    0.00156   -0.00109   -0.00047    0    orth

 Final occupancy:   5

 !RHF STATE 1.1 Energy                -40.213280783648
 Nuclear energy                        13.68681606
 One-electron energy                  -80.20620535
 Two-electron energy                   26.30610851
 Virial quotient                       -0.99870030
 !RHF STATE 1.1 Dipole moment           0.00155839    -0.00108616    -0.00046695
 Dipole moment /Debye                   0.00396078    -0.00276055    -0.00118679

 Orbital energies:

         1.1          2.1          3.1          4.1          5.1          6.1          7.1
    -11.197217    -0.950740    -0.551695    -0.549761    -0.547581     0.024734     0.034754

 HOMO      5.1    -0.547581 =     -14.9004eV
 LUMO      6.1     0.024734 =       0.6730eV
 LUMO-HOMO         0.572315 =      15.5735eV


 **********************************************************************************************************************************
 DATASETS  * FILE   NREC   LENGTH (MB)   RECORD NAMES
              1      19     8281.71       500      610      700      900      950      970     1000      129      960     1100   
                                          VAR    BASINP    GEOM    SYMINP    ZMAT    AOBASIS   BASIS     P2S    ABASIS      S 
                                         1400     1410     1200     1210     1080     1600     1650     1300     1700   
                                           T        V       H0       H01     AOSYM     SMH    MOLCAS    ERIS     OPER   

              2       6       13.52       200      700     1000      520     2100     2101   
                                        OPTIONS   GEOM     BASIS   MCVARS     RHF      RHF  

 PROGRAMS   *        TOTAL        HF       INT       MP3        HF       INT
 CPU TIMES  *       446.83    124.84      0.11     84.84    169.74     67.15
 REAL TIME  *       933.69 SEC
 DISK USED  *        23.19 GB      
 **********************************************************************************************************************************
 SETTING ESCF_A         =       -40.21328078  AU                              


 PROGRAM * MP3 (Closed-shell)     Authors: C. Hampel, H.-J. Werner, 1991, M. Deegan, P.J. Knowles, 1992


 Convergence thresholds:  THRVAR = 1.00D-08  THRDEN = 1.00D-08

 Number of core orbitals:           1 (   1 )
 Number of closed-shell orbitals:   4 (   4 )
 Number of external orbitals:     317 ( 317 )

 Molecular orbitals read from record     2101.2  Type=RHF/CANONICAL (state 1.1)

 Number of N-1 electron functions:               4
 Number of N-2 electron functions:              10
 Number of singly external CSFs:              1268
 Number of doubly external CSFs:            804546
 Total number of CSFs:                      805815

 Length of J-op  integral file:               0.00 MB
 Length of K-op  integral file:               7.17 MB

 Integral transformation finished. Total CPU:  12.82 sec, npass=  1  Memory used:   3.87 MW

 Reference energy:                    -40.21328078

                        CORR.ENERGY   TOTAL ENERGY   ENERGY CHANGE
 MP2:                   -0.20056476   -40.41384554    -0.20056476

 SCS-MP2 correlation energy:           -0.20885914   (PS=  1.200000  PT=  0.333333)
 SCS-MP2 total energy:                -40.42213992

 MP3(D):                -0.21859722   -40.43187801    -0.01803246



 RESULTS
 =======

  Reference energy                    -40.213280783648
  MP3 singlet pair energy              -0.163222910254
  MP3 triplet pair energy              -0.055374312364
  MP3 correlation energy               -0.218597222618

 !MP3 total energy                    -40.431878006266

 Timing summary (sec):

 STEP                 CPU(USER)    SYS     CPU(TOT)    WALL
 Transformation         12.92      6.49     19.41     19.46
 CCSD iterations        15.80      6.38     22.18     22.43

 Program statistics:

 Available memory in ccsd:             13999999836
 Min. memory needed in ccsd:               3677238
 Max. memory used in ccsd:                 4267372
 Max. memory used in cckext:               2832301 ( 1 integral passes)



 **********************************************************************************************************************************
 DATASETS  * FILE   NREC   LENGTH (MB)   RECORD NAMES
              1      20     8295.85       500      610      700      900      950      970     1000      129      960     1100   
                                          VAR    BASINP    GEOM    SYMINP    ZMAT    AOBASIS   BASIS     P2S    ABASIS      S 
                                         1400     1410     1200     1210     1080     1600     1650     1300     1700     1380   
                                           T        V       H0       H01     AOSYM     SMH    MOLCAS    ERIS     OPER     JKOP   

              2       6       13.52       200      700     1000      520     2100     2101   
                                        OPTIONS   GEOM     BASIS   MCVARS     RHF      RHF  

 PROGRAMS   *        TOTAL       MP3        HF       INT       MP3        HF       INT
 CPU TIMES  *       475.57     28.74    124.84      0.11     84.84    169.74     67.15
 REAL TIME  *       976.87 SEC
 DISK USED  *        23.19 GB      
 **********************************************************************************************************************************
 SETTING EMP3_A         =       -40.43187801  AU                              
 SETTING EMP3_CORR_A    =        -0.21859722  AU                              

 Running procedure=SET_MONOMERB

 Dummy atoms: C1  H1  H2  H3  H4  O2  H7  H8


 Recomputing one-electron integrals since nuclear charges changed


 PROGRAM * SEWARD (Integral evaluation for generally contracted gaussian basis sets)     Author: Roland Lindh, 1990

 Geometry written to block  1 of record 700


 Point group  C1  



 ATOMIC COORDINATES

 NR  ATOM    CHARGE       X              Y              Z

   1  C1      0.00   -6.193010455    2.801518980    2.403542658
   2  H1      0.00   -4.656285171    1.699997622    3.119937832
   3  H2      0.00   -5.973046335    4.726205038    2.982932688
   4  H3      0.00   -7.940251230    2.077186956    3.118237078
   5  H4      0.00   -6.176569838    2.685300823    0.384937212
   6  O1      8.00   -4.362810704   -2.860478435    6.396722932
   7  H5      1.00   -5.253627599   -3.421160176    4.877005182
   8  H6      1.00   -5.588487068   -1.881600302    7.381837160
   9  O2      0.00   -0.286671453    5.096969303   -1.596440630
  10  H7      0.00    1.007979915    5.665587894   -2.749362539
  11  H8      0.00   -1.895773248    5.235675201   -2.565492187

 Bond lengths in Bohr (Angstrom)

 1-2  2.021904040  1-3  2.022002335  1-4  2.021953343  1-5  2.022015060  6-7  1.848637551
     ( 1.069945541)     ( 1.069997556)     ( 1.069971630)     ( 1.070004290)     ( 0.978256863)

  6- 8  1.852278325   9-10  1.824466550   9-11  1.883483165
       ( 0.980183478)       ( 0.965466121)       ( 0.996696368)

 Bond angles

  2-1-3  109.53398059   2-1-4  109.65604535   2-1-5  108.43490854   3-1-4  109.49436728

  3- 1- 5  109.86987750   4- 1- 5  109.83468330   7- 6- 8  106.17843926  10- 9-11  104.96066383

 NUCLEAR CHARGE:                   10
 NUMBER OF PRIMITIVE AOS:         417
 NUMBER OF SYMMETRY AOS:          374
 NUMBER OF CONTRACTIONS:          322   ( 322A   )
 NUMBER OF CORE ORBITALS:           1   (   1A   )
 NUMBER OF VALENCE ORBITALS:        6   (   6A   )

 MOLECULE CHANGED: INITIALIZING OCCUPATION AND DUMP RECORDS


 NUCLEAR REPULSION ENERGY    8.98445179


 Eigenvalues of metric

         1 0.515E-04 0.612E-04 0.779E-04 0.924E-04 0.323E-03 0.334E-03 0.351E-03 0.394E-03


 Contracted 2-electron integrals neglected if value below      1.0D-19

 OPERATOR DM      FOR CENTER  0  COORDINATES:    0.000000    0.000000    0.000000


 **********************************************************************************************************************************
 DATASETS  * FILE   NREC   LENGTH (MB)   RECORD NAMES
              1      19     8281.71       500      610      700      900      950      970     1000      129      960     1100   
                                          VAR    BASINP    GEOM    SYMINP    ZMAT    AOBASIS   BASIS     P2S    ABASIS      S 
                                         1400     1410     1200     1210     1080     1600     1650     1300     1700   
                                           T        V       H0       H01     AOSYM     SMH    MOLCAS    ERIS     OPER   

              2       6       13.52       200      700     1000      520     2100     2101   
                                        OPTIONS   GEOM     BASIS   MCVARS     RHF      RHF  

 PROGRAMS   *        TOTAL       INT       MP3        HF       INT       MP3        HF       INT
 CPU TIMES  *       475.68      0.11     28.74    124.84      0.11     84.84    169.74     67.15
 REAL TIME  *       977.22 SEC
 DISK USED  *        23.19 GB      
 **********************************************************************************************************************************


 PROGRAM * RHF-SCF (CLOSED SHELL)       Authors: W. Meyer, H.-J. Werner


 NUMBER OF ELECTRONS:       5+    5-    SPACE SYMMETRY=1    SPIN SYMMETRY: Singlet 
 CONVERGENCE THRESHOLDS:    1.00E-08 (Density)    1.00E-09 (Energy)
 MAX. NUMBER OF ITERATIONS:       60
 INTERPOLATION TYPE:            DIIS
 INTERPOLATION STEPS:              2 (START)      1 (STEP)
 LEVEL SHIFTS:                  0.00 (CLOSED)  0.00 (OPEN) 



 Orbital guess generated from atomic densities. Full valence occupancy:    7

 Molecular orbital dump at record        2102.2

 Initial occupancy:   5

 ITERATION    DDIFF          GRAD             ENERGY        2-EL.EN.            DIPOLE MOMENTS         DIIS   ORB.
    1      0.000D+00      0.000D+00       -76.02016685     77.364913   -1.08705    0.21510   -0.27403    0    start
    2      0.000D+00      0.538D-02       -76.04670676     73.731353   -0.63321    0.12499   -0.16016    1    diag
    3      0.318D-02      0.343D-02       -76.05806248     75.337074   -0.74531    0.14720   -0.18840    2    diag
    4      0.115D-02      0.316D-03       -76.05825379     75.247822   -0.74091    0.14627   -0.18739    3    diag
    5      0.145D-03      0.880D-04       -76.05827378     75.261825   -0.73921    0.14591   -0.18700    4    diag
    6      0.442D-04      0.172D-04       -76.05827502     75.260943   -0.73887    0.14583   -0.18693    5    diag
    7      0.114D-04      0.340D-05       -76.05827508     75.261073   -0.73874    0.14580   -0.18690    6    diag
    8      0.304D-05      0.636D-06       -76.05827509     75.261058   -0.73870    0.14580   -0.18689    7    diag
    9      0.508D-06      0.826D-07       -76.05827509     75.261049   -0.73870    0.14580   -0.18689    8    diag
   10      0.680D-07      0.205D-07       -76.05827509     75.261053   -0.73870    0.14580   -0.18689    9    orth
   11      0.186D-07      0.356D-08       -76.05827509     75.261052   -0.73870    0.14580   -0.18689    9    diag
   12      0.357D-08      0.517D-09       -76.05827509     75.261052   -0.73870    0.14580   -0.18689    0    orth

 Final occupancy:   5

 !RHF STATE 1.1 Energy                -76.058275085850
 Nuclear energy                         8.98445179
 One-electron energy                 -122.67325300
 Two-electron energy                   37.63052613
 Virial quotient                       -1.00246101
 !RHF STATE 1.1 Dipole moment          -0.73869947     0.14579628    -0.18689253
 Dipole moment /Debye                  -1.87746379     0.37055290    -0.47500231

 Orbital energies:

         1.1          2.1          3.1          4.1          5.1          6.1          7.1
    -20.570211    -1.341358    -0.708978    -0.577483    -0.508071     0.018020     0.031723

 HOMO      5.1    -0.508071 =     -13.8253eV
 LUMO      6.1     0.018020 =       0.4903eV
 LUMO-HOMO         0.526090 =      14.3156eV


 **********************************************************************************************************************************
 DATASETS  * FILE   NREC   LENGTH (MB)   RECORD NAMES
              1      19     8281.71       500      610      700      900      950      970     1000      129      960     1100   
                                          VAR    BASINP    GEOM    SYMINP    ZMAT    AOBASIS   BASIS     P2S    ABASIS      S 
                                         1400     1410     1200     1210     1080     1600     1650     1300     1700   
                                           T        V       H0       H01     AOSYM     SMH    MOLCAS    ERIS     OPER   

              2       7       20.17       200      700     1000      520     2100     2101     2102   
                                        OPTIONS   GEOM     BASIS   MCVARS     RHF      RHF      RHF  

 PROGRAMS   *        TOTAL        HF       INT       MP3        HF       INT       MP3        HF       INT
 CPU TIMES  *       623.13    147.45      0.11     28.74    124.84      0.11     84.84    169.74     67.15
 REAL TIME  *      1224.27 SEC
 DISK USED  *        23.19 GB      
 **********************************************************************************************************************************
 SETTING ESCF_B         =       -76.05827509  AU                              


 PROGRAM * MP3 (Closed-shell)     Authors: C. Hampel, H.-J. Werner, 1991, M. Deegan, P.J. Knowles, 1992


 Convergence thresholds:  THRVAR = 1.00D-08  THRDEN = 1.00D-08

 Number of core orbitals:           1 (   1 )
 Number of closed-shell orbitals:   4 (   4 )
 Number of external orbitals:     317 ( 317 )

 Molecular orbitals read from record     2102.2  Type=RHF/CANONICAL (state 1.1)

 Number of N-1 electron functions:               4
 Number of N-2 electron functions:              10
 Number of singly external CSFs:              1268
 Number of doubly external CSFs:            804546
 Total number of CSFs:                      805815

 Length of J-op  integral file:               0.00 MB
 Length of K-op  integral file:               7.17 MB

 Integral transformation finished. Total CPU:  12.81 sec, npass=  1  Memory used:   3.87 MW

 Reference energy:                    -76.05827509

                        CORR.ENERGY   TOTAL ENERGY   ENERGY CHANGE
 MP2:                   -0.27012176   -76.32839684    -0.27012176

 SCS-MP2 correlation energy:           -0.26736355   (PS=  1.200000  PT=  0.333333)
 SCS-MP2 total energy:                -76.32563863

 MP3(D):                -0.27239772   -76.33067281    -0.00227597



 RESULTS
 =======

  Reference energy                    -76.058275085850
  MP3 singlet pair energy              -0.183088631319
  MP3 triplet pair energy              -0.089309092780
  MP3 correlation energy               -0.272397724099

 !MP3 total energy                    -76.330672809949

 Timing summary (sec):

 STEP                 CPU(USER)    SYS     CPU(TOT)    WALL
 Transformation         12.91      6.52     19.43     19.48
 CCSD iterations        15.85      6.30     22.15     22.24

 Program statistics:

 Available memory in ccsd:             13999999836
 Min. memory needed in ccsd:               3677238
 Max. memory used in ccsd:                 4267372
 Max. memory used in cckext:               2832301 ( 1 integral passes)



 **********************************************************************************************************************************
 DATASETS  * FILE   NREC   LENGTH (MB)   RECORD NAMES
              1      20     8295.85       500      610      700      900      950      970     1000      129      960     1100   
                                          VAR    BASINP    GEOM    SYMINP    ZMAT    AOBASIS   BASIS     P2S    ABASIS      S 
                                         1400     1410     1200     1210     1080     1600     1650     1300     1700     1380   
                                           T        V       H0       H01     AOSYM     SMH    MOLCAS    ERIS     OPER     JKOP   

              2       7       20.17       200      700     1000      520     2100     2101     2102   
                                        OPTIONS   GEOM     BASIS   MCVARS     RHF      RHF      RHF  

 PROGRAMS   *        TOTAL       MP3        HF       INT       MP3        HF       INT       MP3        HF       INT
 CPU TIMES  *       651.92     28.78    147.45      0.11     28.74    124.84      0.11     84.84    169.74     67.15
 REAL TIME  *      1266.29 SEC
 DISK USED  *        23.19 GB      
 **********************************************************************************************************************************
 SETTING EMP3_B         =       -76.33067281  AU                              
 SETTING EMP3_CORR_B    =        -0.27239772  AU                              

 Running procedure=SET_MONOMERC

 Dummy atoms: C1  H1  H2  H3  H4  O1  H5  H6


 Recomputing one-electron integrals since nuclear charges changed


 PROGRAM * SEWARD (Integral evaluation for generally contracted gaussian basis sets)     Author: Roland Lindh, 1990

 Geometry written to block  1 of record 700


 Point group  C1  



 ATOMIC COORDINATES

 NR  ATOM    CHARGE       X              Y              Z

   1  C1      0.00   -6.193010455    2.801518980    2.403542658
   2  H1      0.00   -4.656285171    1.699997622    3.119937832
   3  H2      0.00   -5.973046335    4.726205038    2.982932688
   4  H3      0.00   -7.940251230    2.077186956    3.118237078
   5  H4      0.00   -6.176569838    2.685300823    0.384937212
   6  O1      0.00   -4.362810704   -2.860478435    6.396722932
   7  H5      0.00   -5.253627599   -3.421160176    4.877005182
   8  H6      0.00   -5.588487068   -1.881600302    7.381837160
   9  O2      8.00   -0.286671453    5.096969303   -1.596440630
  10  H7      1.00    1.007979915    5.665587894   -2.749362539
  11  H8      1.00   -1.895773248    5.235675201   -2.565492187

 Bond lengths in Bohr (Angstrom)

 1-2  2.021904040  1-3  2.022002335  1-4  2.021953343  1-5  2.022015060  6-7  1.848637551
     ( 1.069945541)     ( 1.069997556)     ( 1.069971630)     ( 1.070004290)     ( 0.978256863)

  6- 8  1.852278325   9-10  1.824466550   9-11  1.883483165
       ( 0.980183478)       ( 0.965466121)       ( 0.996696368)

 Bond angles

  2-1-3  109.53398059   2-1-4  109.65604535   2-1-5  108.43490854   3-1-4  109.49436728

  3- 1- 5  109.86987750   4- 1- 5  109.83468330   7- 6- 8  106.17843926  10- 9-11  104.96066383

 NUCLEAR CHARGE:                   10
 NUMBER OF PRIMITIVE AOS:         417
 NUMBER OF SYMMETRY AOS:          374
 NUMBER OF CONTRACTIONS:          322   ( 322A   )
 NUMBER OF CORE ORBITALS:           1   (   1A   )
 NUMBER OF VALENCE ORBITALS:        6   (   6A   )

 MOLECULE CHANGED: INITIALIZING OCCUPATION AND DUMP RECORDS


 NUCLEAR REPULSION ENERGY    8.97229507


 Eigenvalues of metric

         1 0.515E-04 0.612E-04 0.779E-04 0.924E-04 0.323E-03 0.334E-03 0.351E-03 0.394E-03


 Contracted 2-electron integrals neglected if value below      1.0D-19

 OPERATOR DM      FOR CENTER  0  COORDINATES:    0.000000    0.000000    0.000000


 **********************************************************************************************************************************
 DATASETS  * FILE   NREC   LENGTH (MB)   RECORD NAMES
              1      19     8281.71       500      610      700      900      950      970     1000      129      960     1100   
                                          VAR    BASINP    GEOM    SYMINP    ZMAT    AOBASIS   BASIS     P2S    ABASIS      S 
                                         1400     1410     1200     1210     1080     1600     1650     1300     1700   
                                           T        V       H0       H01     AOSYM     SMH    MOLCAS    ERIS     OPER   

              2       7       20.17       200      700     1000      520     2100     2101     2102   
                                        OPTIONS   GEOM     BASIS   MCVARS     RHF      RHF      RHF  

 PROGRAMS   *        TOTAL       INT       MP3        HF       INT       MP3        HF       INT       MP3        HF       INT
 CPU TIMES  *       652.03      0.12     28.78    147.45      0.11     28.74    124.84      0.11     84.84    169.74     67.15
 REAL TIME  *      1266.66 SEC
 DISK USED  *        23.19 GB      
 **********************************************************************************************************************************


 PROGRAM * RHF-SCF (CLOSED SHELL)       Authors: W. Meyer, H.-J. Werner


 NUMBER OF ELECTRONS:       5+    5-    SPACE SYMMETRY=1    SPIN SYMMETRY: Singlet 
 CONVERGENCE THRESHOLDS:    1.00E-08 (Density)    1.00E-09 (Energy)
 MAX. NUMBER OF ITERATIONS:       60
 INTERPOLATION TYPE:            DIIS
 INTERPOLATION STEPS:              2 (START)      1 (STEP)
 LEVEL SHIFTS:                  0.00 (CLOSED)  0.00 (OPEN) 



 Orbital guess generated from atomic densities. Full valence occupancy:    7

 Molecular orbital dump at record        2103.2

 Initial occupancy:   5

 ITERATION    DDIFF          GRAD             ENERGY        2-EL.EN.            DIPOLE MOMENTS         DIIS   ORB.
    1      0.000D+00      0.000D+00       -76.01918901     77.340710   -0.17153    0.36119   -1.08738    0    start
    2      0.000D+00      0.539D-02       -76.04588474     73.697260   -0.08987    0.21073   -0.63071    1    diag
    3      0.318D-02      0.345D-02       -76.05738159     75.310878   -0.10811    0.24842   -0.74433    2    diag
    4      0.116D-02      0.318D-03       -76.05757552     75.221327   -0.10552    0.24721   -0.73995    3    diag
    5      0.150D-03      0.893D-04       -76.05759634     75.235650   -0.10447    0.24676   -0.73830    4    diag
    6      0.500D-04      0.176D-04       -76.05759766     75.234732   -0.10415    0.24669   -0.73798    5    diag
    7      0.128D-04      0.351D-05       -76.05759772     75.234861   -0.10407    0.24665   -0.73786    6    diag
    8      0.335D-05      0.638D-06       -76.05759772     75.234845   -0.10406    0.24664   -0.73783    7    diag
    9      0.549D-06      0.826D-07       -76.05759772     75.234835   -0.10405    0.24664   -0.73782    8    diag
   10      0.642D-07      0.213D-07       -76.05759772     75.234838   -0.10405    0.24664   -0.73782    9    orth
   11      0.173D-07      0.482D-08       -76.05759772     75.234838   -0.10405    0.24664   -0.73782    9    diag
   12      0.456D-08      0.941D-09       -76.05759772     75.234838   -0.10405    0.24664   -0.73782    0    orth

 Final occupancy:   5

 !RHF STATE 1.1 Energy                -76.057597724723
 Nuclear energy                         8.97229507
 One-electron energy                 -122.64731184
 Two-electron energy                   37.61741905
 Virial quotient                       -1.00249476
 !RHF STATE 1.1 Dipole moment          -0.10405370     0.24664128    -0.73782341
 Dipole moment /Debye                  -0.26446080     0.62685854    -1.87523723

 Orbital energies:

         1.1          2.1          3.1          4.1          5.1          6.1          7.1
    -20.571085    -1.341534    -0.705877    -0.579416    -0.508325     0.022075     0.033376

 HOMO      5.1    -0.508325 =     -13.8322eV
 LUMO      6.1     0.022075 =       0.6007eV
 LUMO-HOMO         0.530400 =      14.4329eV


 **********************************************************************************************************************************
 DATASETS  * FILE   NREC   LENGTH (MB)   RECORD NAMES
              1      19     8281.71       500      610      700      900      950      970     1000      129      960     1100   
                                          VAR    BASINP    GEOM    SYMINP    ZMAT    AOBASIS   BASIS     P2S    ABASIS      S 
                                         1400     1410     1200     1210     1080     1600     1650     1300     1700   
                                           T        V       H0       H01     AOSYM     SMH    MOLCAS    ERIS     OPER   

              2       8       26.83       200      700     1000      520     2100     2101     2102     2103   
                                        OPTIONS   GEOM     BASIS   MCVARS     RHF      RHF      RHF      RHF  

 PROGRAMS   *        TOTAL        HF       INT       MP3        HF       INT       MP3        HF       INT       MP3        HF
 CPU TIMES  *       799.05    147.02      0.12     28.78    147.45      0.11     28.74    124.84      0.11     84.84    169.74
 REAL TIME  *      1500.70 SEC
 DISK USED  *        23.19 GB      
 **********************************************************************************************************************************
 SETTING ESCF_C         =       -76.05759772  AU                              


 PROGRAM * MP3 (Closed-shell)     Authors: C. Hampel, H.-J. Werner, 1991, M. Deegan, P.J. Knowles, 1992


 Convergence thresholds:  THRVAR = 1.00D-08  THRDEN = 1.00D-08

 Number of core orbitals:           1 (   1 )
 Number of closed-shell orbitals:   4 (   4 )
 Number of external orbitals:     317 ( 317 )

 Molecular orbitals read from record     2103.2  Type=RHF/CANONICAL (state 1.1)

 Number of N-1 electron functions:               4
 Number of N-2 electron functions:              10
 Number of singly external CSFs:              1268
 Number of doubly external CSFs:            804546
 Total number of CSFs:                      805815

 Length of J-op  integral file:               0.00 MB
 Length of K-op  integral file:               7.17 MB

 Integral transformation finished. Total CPU:  12.81 sec, npass=  1  Memory used:   3.87 MW

 Reference energy:                    -76.05759772

                        CORR.ENERGY   TOTAL ENERGY   ENERGY CHANGE
 MP2:                   -0.27029939   -76.32789711    -0.27029939

 SCS-MP2 correlation energy:           -0.26753393   (PS=  1.200000  PT=  0.333333)
 SCS-MP2 total energy:                -76.32513166

 MP3(D):                -0.27252927   -76.33012700    -0.00222989



 RESULTS
 =======

  Reference energy                    -76.057597724723
  MP3 singlet pair energy              -0.183197252691
  MP3 triplet pair energy              -0.089332019330
  MP3 correlation energy               -0.272529272021

 !MP3 total energy                    -76.330126996744

 Timing summary (sec):

 STEP                 CPU(USER)    SYS     CPU(TOT)    WALL
 Transformation         12.91      6.47     19.38     19.97
 CCSD iterations        15.77      6.62     22.39     22.97

 Program statistics:

 Available memory in ccsd:             13999999836
 Min. memory needed in ccsd:               3677238
 Max. memory used in ccsd:                 4267372
 Max. memory used in cckext:               2832301 ( 1 integral passes)



 **********************************************************************************************************************************
 DATASETS  * FILE   NREC   LENGTH (MB)   RECORD NAMES
              1      20     8295.85       500      610      700      900      950      970     1000      129      960     1100   
                                          VAR    BASINP    GEOM    SYMINP    ZMAT    AOBASIS   BASIS     P2S    ABASIS      S 
                                         1400     1410     1200     1210     1080     1600     1650     1300     1700     1380   
                                           T        V       H0       H01     AOSYM     SMH    MOLCAS    ERIS     OPER     JKOP   

              2       8       26.83       200      700     1000      520     2100     2101     2102     2103   
                                        OPTIONS   GEOM     BASIS   MCVARS     RHF      RHF      RHF      RHF  

 PROGRAMS   *        TOTAL       MP3        HF       INT       MP3        HF       INT       MP3        HF       INT       MP3
 CPU TIMES  *       827.76     28.71    147.02      0.12     28.78    147.45      0.11     28.74    124.84      0.11     84.84
 REAL TIME  *      1543.91 SEC
 DISK USED  *        23.19 GB      
 **********************************************************************************************************************************
 SETTING EMP3_C         =       -76.33012700  AU                              
 SETTING EMP3_CORR_C    =        -0.27252927  AU                              

 Running procedure=SET_DIMERAB

 Dummy atoms: O2  H7  H8


 Recomputing one-electron integrals since nuclear charges changed


 PROGRAM * SEWARD (Integral evaluation for generally contracted gaussian basis sets)     Author: Roland Lindh, 1990

 Geometry written to block  1 of record 700


 Point group  C1  



 ATOMIC COORDINATES

 NR  ATOM    CHARGE       X              Y              Z

   1  C1      6.00   -6.193010455    2.801518980    2.403542658
   2  H1      1.00   -4.656285171    1.699997622    3.119937832
   3  H2      1.00   -5.973046335    4.726205038    2.982932688
   4  H3      1.00   -7.940251230    2.077186956    3.118237078
   5  H4      1.00   -6.176569838    2.685300823    0.384937212
   6  O1      8.00   -4.362810704   -2.860478435    6.396722932
   7  H5      1.00   -5.253627599   -3.421160176    4.877005182
   8  H6      1.00   -5.588487068   -1.881600302    7.381837160
   9  O2      0.00   -0.286671453    5.096969303   -1.596440630
  10  H7      0.00    1.007979915    5.665587894   -2.749362539
  11  H8      0.00   -1.895773248    5.235675201   -2.565492187

 Bond lengths in Bohr (Angstrom)

 1-2  2.021904040  1-3  2.022002335  1-4  2.021953343  1-5  2.022015060  6-7  1.848637551
     ( 1.069945541)     ( 1.069997556)     ( 1.069971630)     ( 1.070004290)     ( 0.978256863)

  6- 8  1.852278325   9-10  1.824466550   9-11  1.883483165
       ( 0.980183478)       ( 0.965466121)       ( 0.996696368)

 Bond angles

  2-1-3  109.53398059   2-1-4  109.65604535   2-1-5  108.43490854   3-1-4  109.49436728

  3- 1- 5  109.86987750   4- 1- 5  109.83468330   7- 6- 8  106.17843926  10- 9-11  104.96066383

 NUCLEAR CHARGE:                   20
 NUMBER OF PRIMITIVE AOS:         417
 NUMBER OF SYMMETRY AOS:          374
 NUMBER OF CONTRACTIONS:          322   ( 322A   )
 NUMBER OF CORE ORBITALS:           2   (   2A   )
 NUMBER OF VALENCE ORBITALS:       14   (  14A   )

 MOLECULE CHANGED: INITIALIZING OCCUPATION AND DUMP RECORDS


 NUCLEAR REPULSION ENERGY   36.78088270


 Eigenvalues of metric

         1 0.515E-04 0.612E-04 0.779E-04 0.924E-04 0.323E-03 0.334E-03 0.351E-03 0.394E-03


 Contracted 2-electron integrals neglected if value below      1.0D-19

 OPERATOR DM      FOR CENTER  0  COORDINATES:    0.000000    0.000000    0.000000


 **********************************************************************************************************************************
 DATASETS  * FILE   NREC   LENGTH (MB)   RECORD NAMES
              1      19     8281.71       500      610      700      900      950      970     1000      129      960     1100   
                                          VAR    BASINP    GEOM    SYMINP    ZMAT    AOBASIS   BASIS     P2S    ABASIS      S 
                                         1400     1410     1200     1210     1080     1600     1650     1300     1700   
                                           T        V       H0       H01     AOSYM     SMH    MOLCAS    ERIS     OPER   

              2       8       26.83       200      700     1000      520     2100     2101     2102     2103   
                                        OPTIONS   GEOM     BASIS   MCVARS     RHF      RHF      RHF      RHF  

 PROGRAMS   *        TOTAL       INT       MP3        HF       INT       MP3        HF       INT       MP3        HF       INT
 CPU TIMES  *       827.88      0.11     28.71    147.02      0.12     28.78    147.45      0.11     28.74    124.84      0.11
 REAL TIME  *      1544.29 SEC
 DISK USED  *        23.19 GB      
 **********************************************************************************************************************************


 PROGRAM * RHF-SCF (CLOSED SHELL)       Authors: W. Meyer, H.-J. Werner


 NUMBER OF ELECTRONS:      10+   10-    SPACE SYMMETRY=1    SPIN SYMMETRY: Singlet 
 CONVERGENCE THRESHOLDS:    1.00E-08 (Density)    1.00E-09 (Energy)
 MAX. NUMBER OF ITERATIONS:       60
 INTERPOLATION TYPE:            DIIS
 INTERPOLATION STEPS:              2 (START)      1 (STEP)
 LEVEL SHIFTS:                  0.00 (CLOSED)  0.00 (OPEN) 



 Orbital guess generated from atomic densities. Full valence occupancy:   16

 Molecular orbital dump at record        2104.2

 Initial occupancy:  10

 ITERATION    DDIFF          GRAD             ENERGY        2-EL.EN.            DIPOLE MOMENTS         DIIS   ORB.
    1      0.000D+00      0.000D+00      -116.21410021    158.939422   -1.08126    0.20853   -0.27218    0    start
    2      0.000D+00      0.437D-02      -116.25748931    154.166654   -0.59460    0.13874   -0.16392    1    diag
    3      0.392D-02      0.255D-02      -116.27062492    156.156171   -0.71557    0.15428   -0.18969    2    diag
    4      0.130D-02      0.380D-03      -116.27127360    156.044964   -0.70464    0.15099   -0.18647    3    diag
    5      0.293D-03      0.111D-03      -116.27134032    156.038982   -0.70371    0.15124   -0.18651    4    diag
    6      0.996D-04      0.273D-04      -116.27134417    156.044851   -0.70276    0.15118   -0.18639    5    diag
    7      0.273D-04      0.537D-05      -116.27134440    156.043281   -0.70275    0.15120   -0.18641    6    diag
    8      0.754D-05      0.138D-05      -116.27134442    156.043433   -0.70267    0.15121   -0.18640    7    diag
    9      0.167D-05      0.305D-06      -116.27134442    156.043407   -0.70265    0.15120   -0.18640    8    diag
   10      0.521D-06      0.368D-07      -116.27134442    156.043409   -0.70265    0.15121   -0.18640    9    orth
   11      0.451D-07      0.969D-08      -116.27134442    156.043410   -0.70265    0.15121   -0.18640    9    diag
   12      0.176D-07      0.250D-08      -116.27134442    156.043410   -0.70265    0.15121   -0.18640    9    diag
   13      0.353D-08      0.635D-09      -116.27134442    156.043410   -0.70265    0.15121   -0.18640    0    orth

 Final occupancy:  10

 !RHF STATE 1.1 Energy               -116.271344420277
 Nuclear energy                        36.78088270
 One-electron energy                 -231.07393209
 Two-electron energy                   78.02170497
 Virial quotient                       -1.00111038
 !RHF STATE 1.1 Dipole moment          -0.70265019     0.15120555    -0.18640013
 Dipole moment /Debye                  -1.78584168     0.38430100    -0.47375085

 Orbital energies:

         1.1          2.1          3.1          4.1          5.1          6.1          7.1          8.1          9.1         10.1
    -20.569657   -11.199406    -1.341188    -0.953571    -0.708750    -0.577729    -0.554706    -0.553066    -0.550582    -0.506606

        11.1         12.1
      0.023790     0.033108

 HOMO     10.1    -0.506606 =     -13.7854eV
 LUMO     11.1     0.023790 =       0.6474eV
 LUMO-HOMO         0.530396 =      14.4328eV


 **********************************************************************************************************************************
 DATASETS  * FILE   NREC   LENGTH (MB)   RECORD NAMES
              1      19     8281.71       500      610      700      900      950      970     1000      129      960     1100   
                                          VAR    BASINP    GEOM    SYMINP    ZMAT    AOBASIS   BASIS     P2S    ABASIS      S 
                                         1400     1410     1200     1210     1080     1600     1650     1300     1700   
                                           T        V       H0       H01     AOSYM     SMH    MOLCAS    ERIS     OPER   

              2       9       33.49       200      700     1000      520     2100     2101     2102     2103     2104   
                                        OPTIONS   GEOM     BASIS   MCVARS     RHF      RHF      RHF      RHF      RHF  

 PROGRAMS   *        TOTAL        HF       INT       MP3        HF       INT       MP3        HF       INT       MP3        HF
 CPU TIMES  *       986.37    158.49      0.11     28.71    147.02      0.12     28.78    147.45      0.11     28.74    124.84
 REAL TIME  *      1808.46 SEC
 DISK USED  *        23.19 GB      
 **********************************************************************************************************************************
 SETTING ESCF_AB        =      -116.27134442  AU                              


 PROGRAM * MP3 (Closed-shell)     Authors: C. Hampel, H.-J. Werner, 1991, M. Deegan, P.J. Knowles, 1992


 Convergence thresholds:  THRVAR = 1.00D-08  THRDEN = 1.00D-08

 Number of core orbitals:           2 (   2 )
 Number of closed-shell orbitals:   8 (   8 )
 Number of external orbitals:     312 ( 312 )

 Molecular orbitals read from record     2104.2  Type=RHF/CANONICAL (state 1.1)

 Number of N-1 electron functions:               8
 Number of N-2 electron functions:              36
 Number of singly external CSFs:              2496
 Number of doubly external CSFs:           3116256
 Total number of CSFs:                     3118753

 Length of J-op  integral file:               0.00 MB
 Length of K-op  integral file:               7.17 MB

 Integral transformation finished. Total CPU:  17.24 sec, npass=  1  Memory used:   8.54 MW

 Reference energy:                   -116.27134442

                        CORR.ENERGY   TOTAL ENERGY   ENERGY CHANGE
 MP2:                   -0.47149713  -116.74284155    -0.47149713

 SCS-MP2 correlation energy:           -0.47682100   (PS=  1.200000  PT=  0.333333)
 SCS-MP2 total energy:               -116.74816542

 MP3(D):                -0.49186022  -116.76320464    -0.02036309



 RESULTS
 =======

  Reference energy                   -116.271344420277
  MP3 singlet pair energy              -0.346462175909
  MP3 triplet pair energy              -0.145398044180
  MP3 correlation energy               -0.491860220089

 !MP3 total energy                   -116.763204640365

 Timing summary (sec):

 STEP                 CPU(USER)    SYS     CPU(TOT)    WALL
 Transformation         17.59      6.65     24.24     24.62
 CCSD iterations        32.10      6.59     38.69     47.65

 Program statistics:

 Available memory in ccsd:             13999999644
 Min. memory needed in ccsd:               9187353
 Max. memory used in ccsd:                11873417
 Max. memory used in cckext:               8287581 ( 1 integral passes)



 **********************************************************************************************************************************
 DATASETS  * FILE   NREC   LENGTH (MB)   RECORD NAMES
              1      20     8328.30       500      610      700      900      950      970     1000      129      960     1100   
                                          VAR    BASINP    GEOM    SYMINP    ZMAT    AOBASIS   BASIS     P2S    ABASIS      S 
                                         1400     1410     1200     1210     1080     1600     1650     1300     1700     1380   
                                           T        V       H0       H01     AOSYM     SMH    MOLCAS    ERIS     OPER     JKOP   

              2       9       33.49       200      700     1000      520     2100     2101     2102     2103     2104   
                                        OPTIONS   GEOM     BASIS   MCVARS     RHF      RHF      RHF      RHF      RHF  

 PROGRAMS   *        TOTAL       MP3        HF       INT       MP3        HF       INT       MP3        HF       INT       MP3
 CPU TIMES  *      1036.09     49.71    158.49      0.11     28.71    147.02      0.12     28.78    147.45      0.11     28.74
 REAL TIME  *      1880.99 SEC
 DISK USED  *        23.19 GB      
 **********************************************************************************************************************************
 SETTING EMP3_AB        =      -116.76320464  AU                              
 SETTING EMP3_CORR_AB   =        -0.49186022  AU                              

 Running procedure=SET_DIMERAC

 Dummy atoms: O1  H5  H6


 Recomputing one-electron integrals since nuclear charges changed


 PROGRAM * SEWARD (Integral evaluation for generally contracted gaussian basis sets)     Author: Roland Lindh, 1990

 Geometry written to block  1 of record 700


 Point group  C1  



 ATOMIC COORDINATES

 NR  ATOM    CHARGE       X              Y              Z

   1  C1      6.00   -6.193010455    2.801518980    2.403542658
   2  H1      1.00   -4.656285171    1.699997622    3.119937832
   3  H2      1.00   -5.973046335    4.726205038    2.982932688
   4  H3      1.00   -7.940251230    2.077186956    3.118237078
   5  H4      1.00   -6.176569838    2.685300823    0.384937212
   6  O1      0.00   -4.362810704   -2.860478435    6.396722932
   7  H5      0.00   -5.253627599   -3.421160176    4.877005182
   8  H6      0.00   -5.588487068   -1.881600302    7.381837160
   9  O2      8.00   -0.286671453    5.096969303   -1.596440630
  10  H7      1.00    1.007979915    5.665587894   -2.749362539
  11  H8      1.00   -1.895773248    5.235675201   -2.565492187

 Bond lengths in Bohr (Angstrom)

 1-2  2.021904040  1-3  2.022002335  1-4  2.021953343  1-5  2.022015060  6-7  1.848637551
     ( 1.069945541)     ( 1.069997556)     ( 1.069971630)     ( 1.070004290)     ( 0.978256863)

  6- 8  1.852278325   9-10  1.824466550   9-11  1.883483165
       ( 0.980183478)       ( 0.965466121)       ( 0.996696368)

 Bond angles

  2-1-3  109.53398059   2-1-4  109.65604535   2-1-5  108.43490854   3-1-4  109.49436728

  3- 1- 5  109.86987750   4- 1- 5  109.83468330   7- 6- 8  106.17843926  10- 9-11  104.96066383

 NUCLEAR CHARGE:                   20
 NUMBER OF PRIMITIVE AOS:         417
 NUMBER OF SYMMETRY AOS:          374
 NUMBER OF CONTRACTIONS:          322   ( 322A   )
 NUMBER OF CORE ORBITALS:           2   (   2A   )
 NUMBER OF VALENCE ORBITALS:       14   (  14A   )

 MOLECULE CHANGED: INITIALIZING OCCUPATION AND DUMP RECORDS


 NUCLEAR REPULSION ENERGY   35.80046073


 Eigenvalues of metric

         1 0.515E-04 0.612E-04 0.779E-04 0.924E-04 0.323E-03 0.334E-03 0.351E-03 0.394E-03


 Contracted 2-electron integrals neglected if value below      1.0D-19

 OPERATOR DM      FOR CENTER  0  COORDINATES:    0.000000    0.000000    0.000000


 **********************************************************************************************************************************
 DATASETS  * FILE   NREC   LENGTH (MB)   RECORD NAMES
              1      19     8281.71       500      610      700      900      950      970     1000      129      960     1100   
                                          VAR    BASINP    GEOM    SYMINP    ZMAT    AOBASIS   BASIS     P2S    ABASIS      S 
                                         1400     1410     1200     1210     1080     1600     1650     1300     1700   
                                           T        V       H0       H01     AOSYM     SMH    MOLCAS    ERIS     OPER   

              2       9       33.49       200      700     1000      520     2100     2101     2102     2103     2104   
                                        OPTIONS   GEOM     BASIS   MCVARS     RHF      RHF      RHF      RHF      RHF  

 PROGRAMS   *        TOTAL       INT       MP3        HF       INT       MP3        HF       INT       MP3        HF       INT
 CPU TIMES  *      1036.20      0.12     49.71    158.49      0.11     28.71    147.02      0.12     28.78    147.45      0.11
 REAL TIME  *      1881.38 SEC
 DISK USED  *        23.19 GB      
 **********************************************************************************************************************************


 PROGRAM * RHF-SCF (CLOSED SHELL)       Authors: W. Meyer, H.-J. Werner


 NUMBER OF ELECTRONS:      10+   10-    SPACE SYMMETRY=1    SPIN SYMMETRY: Singlet 
 CONVERGENCE THRESHOLDS:    1.00E-08 (Density)    1.00E-09 (Energy)
 MAX. NUMBER OF ITERATIONS:       60
 INTERPOLATION TYPE:            DIIS
 INTERPOLATION STEPS:              2 (START)      1 (STEP)
 LEVEL SHIFTS:                  0.00 (CLOSED)  0.00 (OPEN) 



 Orbital guess generated from atomic densities. Full valence occupancy:   16

 Molecular orbital dump at record        2105.2

 Initial occupancy:  10

 ITERATION    DDIFF          GRAD             ENERGY        2-EL.EN.            DIPOLE MOMENTS         DIIS   ORB.
    1      0.000D+00      0.000D+00      -116.21228776    157.284049   -0.16742    0.35807   -1.08752    0    start
    2      0.000D+00      0.440D-02      -116.25634648    152.256318   -0.04945    0.20871   -0.60864    1    diag
    3      0.398D-02      0.260D-02      -116.26999565    154.335255   -0.07827    0.24699   -0.72984    2    diag
    4      0.132D-02      0.381D-03      -116.27064945    154.223518   -0.07557    0.24375   -0.71955    3    diag
    5      0.296D-03      0.112D-03      -116.27071675    154.218076   -0.07477    0.24383   -0.71916    4    diag
    6      0.103D-03      0.273D-04      -116.27072050    154.223931   -0.07441    0.24362   -0.71848    5    diag
    7      0.287D-04      0.527D-05      -116.27072072    154.222412   -0.07436    0.24364   -0.71851    6    diag
    8      0.805D-05      0.134D-05      -116.27072074    154.222556   -0.07432    0.24363   -0.71846    7    diag
    9      0.173D-05      0.302D-06      -116.27072074    154.222531   -0.07431    0.24362   -0.71844    8    diag
   10      0.535D-06      0.339D-07      -116.27072074    154.222532   -0.07431    0.24362   -0.71844    9    orth
   11      0.408D-07      0.829D-08      -116.27072074    154.222534   -0.07431    0.24362   -0.71844    9    diag
   12      0.161D-07      0.215D-08      -116.27072074    154.222533   -0.07431    0.24362   -0.71844    9    diag
   13      0.284D-08      0.577D-09      -116.27072074    154.222534   -0.07431    0.24362   -0.71844    0    orth

 Final occupancy:  10

 !RHF STATE 1.1 Energy               -116.270720737321
 Nuclear energy                        35.80046073
 One-electron energy                 -229.18244835
 Two-electron energy                   77.11126688
 Virial quotient                       -1.00117322
 !RHF STATE 1.1 Dipole moment          -0.07430907     0.24361851    -0.71843680
 Dipole moment /Debye                  -0.18886245     0.61917594    -1.82596461

 Orbital energies:

         1.1          2.1          3.1          4.1          5.1          6.1          7.1          8.1          9.1         10.1
    -20.570818   -11.192920    -1.341291    -0.946264    -0.705676    -0.579231    -0.547455    -0.545171    -0.543072    -0.508059

        11.1         12.1
      0.025995     0.035256

 HOMO     10.1    -0.508059 =     -13.8250eV
 LUMO     11.1     0.025995 =       0.7074eV
 LUMO-HOMO         0.534054 =      14.5324eV


 **********************************************************************************************************************************
 DATASETS  * FILE   NREC   LENGTH (MB)   RECORD NAMES
              1      19     8281.71       500      610      700      900      950      970     1000      129      960     1100   
                                          VAR    BASINP    GEOM    SYMINP    ZMAT    AOBASIS   BASIS     P2S    ABASIS      S 
                                         1400     1410     1200     1210     1080     1600     1650     1300     1700   
                                           T        V       H0       H01     AOSYM     SMH    MOLCAS    ERIS     OPER   

              2      10       40.14       200      700     1000      520     2100     2101     2102     2103     2104     2105   
                                        OPTIONS   GEOM     BASIS   MCVARS     RHF      RHF      RHF      RHF      RHF      RHF  

 PROGRAMS   *        TOTAL        HF       INT       MP3        HF       INT       MP3        HF       INT       MP3        HF
 CPU TIMES  *      1194.49    158.29      0.12     49.71    158.49      0.11     28.71    147.02      0.12     28.78    147.45
 REAL TIME  *      2182.61 SEC
 DISK USED  *        23.19 GB      
 **********************************************************************************************************************************
 SETTING ESCF_AC        =      -116.27072074  AU                              


 PROGRAM * MP3 (Closed-shell)     Authors: C. Hampel, H.-J. Werner, 1991, M. Deegan, P.J. Knowles, 1992


 Convergence thresholds:  THRVAR = 1.00D-08  THRDEN = 1.00D-08

 Number of core orbitals:           2 (   2 )
 Number of closed-shell orbitals:   8 (   8 )
 Number of external orbitals:     312 ( 312 )

 Molecular orbitals read from record     2105.2  Type=RHF/CANONICAL (state 1.1)

 Number of N-1 electron functions:               8
 Number of N-2 electron functions:              36
 Number of singly external CSFs:              2496
 Number of doubly external CSFs:           3116256
 Total number of CSFs:                     3118753

 Length of J-op  integral file:               0.00 MB
 Length of K-op  integral file:               7.17 MB

 Integral transformation finished. Total CPU:  17.12 sec, npass=  1  Memory used:   8.54 MW

 Reference energy:                   -116.27072074

                        CORR.ENERGY   TOTAL ENERGY   ENERGY CHANGE
 MP2:                   -0.47134692  -116.74206766    -0.47134692

 SCS-MP2 correlation energy:           -0.47677439   (PS=  1.200000  PT=  0.333333)
 SCS-MP2 total energy:               -116.74749512

 MP3(D):                -0.49159233  -116.76231307    -0.02024541



 RESULTS
 =======

  Reference energy                   -116.270720737322
  MP3 singlet pair energy              -0.346542364399
  MP3 triplet pair energy              -0.145049969939
  MP3 correlation energy               -0.491592334339

 !MP3 total energy                   -116.762313071660

 Timing summary (sec):

 STEP                 CPU(USER)    SYS     CPU(TOT)    WALL
 Transformation         17.47      6.58     24.05     24.11
 CCSD iterations        32.00      6.46     38.46     50.30

 Program statistics:

 Available memory in ccsd:             13999999644
 Min. memory needed in ccsd:               9187353
 Max. memory used in ccsd:                11873417
 Max. memory used in cckext:               8287581 ( 1 integral passes)



 **********************************************************************************************************************************
 DATASETS  * FILE   NREC   LENGTH (MB)   RECORD NAMES
              1      20     8328.30       500      610      700      900      950      970     1000      129      960     1100   
                                          VAR    BASINP    GEOM    SYMINP    ZMAT    AOBASIS   BASIS     P2S    ABASIS      S 
                                         1400     1410     1200     1210     1080     1600     1650     1300     1700     1380   
                                           T        V       H0       H01     AOSYM     SMH    MOLCAS    ERIS     OPER     JKOP   

              2      10       40.14       200      700     1000      520     2100     2101     2102     2103     2104     2105   
                                        OPTIONS   GEOM     BASIS   MCVARS     RHF      RHF      RHF      RHF      RHF      RHF  

 PROGRAMS   *        TOTAL       MP3        HF       INT       MP3        HF       INT       MP3        HF       INT       MP3
 CPU TIMES  *      1243.99     49.49    158.29      0.12     49.71    158.49      0.11     28.71    147.02      0.12     28.78
 REAL TIME  *      2261.19 SEC
 DISK USED  *        23.19 GB      
 **********************************************************************************************************************************
 SETTING EMP3_AC        =      -116.76231307  AU                              
 SETTING EMP3_CORR_AC   =        -0.49159233  AU                              

 Running procedure=SET_DIMERBC

 Dummy atoms: C1  H1  H2  H3  H4


 Recomputing one-electron integrals since nuclear charges changed


 PROGRAM * SEWARD (Integral evaluation for generally contracted gaussian basis sets)     Author: Roland Lindh, 1990

 Geometry written to block  1 of record 700


 Point group  C1  



 ATOMIC COORDINATES

 NR  ATOM    CHARGE       X              Y              Z

   1  C1      0.00   -6.193010455    2.801518980    2.403542658
   2  H1      0.00   -4.656285171    1.699997622    3.119937832
   3  H2      0.00   -5.973046335    4.726205038    2.982932688
   4  H3      0.00   -7.940251230    2.077186956    3.118237078
   5  H4      0.00   -6.176569838    2.685300823    0.384937212
   6  O1      8.00   -4.362810704   -2.860478435    6.396722932
   7  H5      1.00   -5.253627599   -3.421160176    4.877005182
   8  H6      1.00   -5.588487068   -1.881600302    7.381837160
   9  O2      8.00   -0.286671453    5.096969303   -1.596440630
  10  H7      1.00    1.007979915    5.665587894   -2.749362539
  11  H8      1.00   -1.895773248    5.235675201   -2.565492187

 Bond lengths in Bohr (Angstrom)

 1-2  2.021904040  1-3  2.022002335  1-4  2.021953343  1-5  2.022015060  6-7  1.848637551
     ( 1.069945541)     ( 1.069997556)     ( 1.069971630)     ( 1.070004290)     ( 0.978256863)

  6- 8  1.852278325   9-10  1.824466550   9-11  1.883483165
       ( 0.980183478)       ( 0.965466121)       ( 0.996696368)

 Bond angles

  2-1-3  109.53398059   2-1-4  109.65604535   2-1-5  108.43490854   3-1-4  109.49436728

  3- 1- 5  109.86987750   4- 1- 5  109.83468330   7- 6- 8  106.17843926  10- 9-11  104.96066383

 NUCLEAR CHARGE:                   20
 NUMBER OF PRIMITIVE AOS:         417
 NUMBER OF SYMMETRY AOS:          374
 NUMBER OF CONTRACTIONS:          322   ( 322A   )
 NUMBER OF CORE ORBITALS:           2   (   2A   )
 NUMBER OF VALENCE ORBITALS:       12   (  12A   )

 MOLECULE CHANGED: INITIALIZING OCCUPATION AND DUMP RECORDS


 NUCLEAR REPULSION ENERGY   26.15300523


 Eigenvalues of metric

         1 0.515E-04 0.612E-04 0.779E-04 0.924E-04 0.323E-03 0.334E-03 0.351E-03 0.394E-03


 Contracted 2-electron integrals neglected if value below      1.0D-19

 OPERATOR DM      FOR CENTER  0  COORDINATES:    0.000000    0.000000    0.000000


 **********************************************************************************************************************************
 DATASETS  * FILE   NREC   LENGTH (MB)   RECORD NAMES
              1      19     8281.71       500      610      700      900      950      970     1000      129      960     1100   
                                          VAR    BASINP    GEOM    SYMINP    ZMAT    AOBASIS   BASIS     P2S    ABASIS      S 
                                         1400     1410     1200     1210     1080     1600     1650     1300     1700   
                                           T        V       H0       H01     AOSYM     SMH    MOLCAS    ERIS     OPER   

              2      10       40.14       200      700     1000      520     2100     2101     2102     2103     2104     2105   
                                        OPTIONS   GEOM     BASIS   MCVARS     RHF      RHF      RHF      RHF      RHF      RHF  

 PROGRAMS   *        TOTAL       INT       MP3        HF       INT       MP3        HF       INT       MP3        HF       INT
 CPU TIMES  *      1244.11      0.10     49.49    158.29      0.12     49.71    158.49      0.11     28.71    147.02      0.12
 REAL TIME  *      2262.67 SEC
 DISK USED  *        23.19 GB      
 **********************************************************************************************************************************


 PROGRAM * RHF-SCF (CLOSED SHELL)       Authors: W. Meyer, H.-J. Werner


 NUMBER OF ELECTRONS:      10+   10-    SPACE SYMMETRY=1    SPIN SYMMETRY: Singlet 
 CONVERGENCE THRESHOLDS:    1.00E-08 (Density)    1.00E-09 (Energy)
 MAX. NUMBER OF ITERATIONS:       60
 INTERPOLATION TYPE:            DIIS
 INTERPOLATION STEPS:              2 (START)      1 (STEP)
 LEVEL SHIFTS:                  0.00 (CLOSED)  0.00 (OPEN) 



 Orbital guess generated from atomic densities. Full valence occupancy:   14

 Molecular orbital dump at record        2106.2

 Initial occupancy:  10

 ITERATION    DDIFF          GRAD             ENERGY        2-EL.EN.            DIPOLE MOMENTS         DIIS   ORB.
    1      0.000D+00      0.000D+00      -152.03866017    171.246014   -1.25858    0.57629   -1.36141    0    start
    2      0.000D+00      0.544D-02      -152.09209984    163.899940   -0.71288    0.33911   -0.78997    1    diag
    3      0.450D-02      0.348D-02      -152.11508209    167.141530   -0.84625    0.39799   -0.93209    2    diag
    4      0.163D-02      0.320D-03      -152.11546877    166.961613   -0.83940    0.39577   -0.92652    3    diag
    5      0.209D-03      0.897D-04      -152.11550992    166.989814   -0.83652    0.39499   -0.92453    4    diag
    6      0.671D-04      0.177D-04      -152.11551252    166.987957   -0.83592    0.39483   -0.92408    5    diag
    7      0.172D-04      0.376D-05      -152.11551264    166.988162   -0.83566    0.39479   -0.92400    6    diag
    8      0.436D-05      0.162D-05      -152.11551265    166.988176   -0.83565    0.39477   -0.92393    7    diag
    9      0.108D-05      0.380D-06      -152.11551265    166.988144   -0.83562    0.39476   -0.92391    8    diag
   10      0.383D-06      0.477D-07      -152.11551265    166.988138   -0.83562    0.39476   -0.92391    9    orth
   11      0.542D-07      0.129D-07      -152.11551265    166.988141   -0.83562    0.39476   -0.92391    9    diag
   12      0.154D-07      0.266D-08      -152.11551265    166.988140   -0.83562    0.39476   -0.92391    9    diag
   13      0.344D-08      0.663D-09      -152.11551265    166.988141   -0.83562    0.39476   -0.92391    0    orth

 Final occupancy:  10

 !RHF STATE 1.1 Energy               -152.115512654307
 Nuclear energy                        26.15300523
 One-electron energy                 -261.76258814
 Two-electron energy                   83.49407025
 Virial quotient                       -1.00247259
 !RHF STATE 1.1 Dipole moment          -0.83561569     0.39476294    -0.92390670
 Dipole moment /Debye                  -2.12378411     1.00332160    -2.34818279

 Orbital energies:

         1.1          2.1          3.1          4.1          5.1          6.1          7.1          8.1          9.1         10.1
    -20.570185   -20.566177    -1.340607    -1.337305    -0.704969    -0.704943    -0.578344    -0.573372    -0.507362    -0.503959

        11.1         12.1
      0.019532     0.031587

 HOMO     10.1    -0.503959 =     -13.7134eV
 LUMO     11.1     0.019532 =       0.5315eV
 LUMO-HOMO         0.523491 =      14.2449eV


 **********************************************************************************************************************************
 DATASETS  * FILE   NREC   LENGTH (MB)   RECORD NAMES
              1      19     8281.71       500      610      700      900      950      970     1000      129      960     1100   
                                          VAR    BASINP    GEOM    SYMINP    ZMAT    AOBASIS   BASIS     P2S    ABASIS      S 
                                         1400     1410     1200     1210     1080     1600     1650     1300     1700   
                                           T        V       H0       H01     AOSYM     SMH    MOLCAS    ERIS     OPER   

              2      11       46.80       200      700     1000      520     2100     2101     2102     2103     2104     2105   
                                        OPTIONS   GEOM     BASIS   MCVARS     RHF      RHF      RHF      RHF      RHF      RHF  
                                         2106   
                                          RHF  

 PROGRAMS   *        TOTAL        HF       INT       MP3        HF       INT       MP3        HF       INT       MP3        HF
 CPU TIMES  *      1402.78    158.68      0.10     49.49    158.29      0.12     49.71    158.49      0.11     28.71    147.02
 REAL TIME  *      2516.07 SEC
 DISK USED  *        23.19 GB      
 **********************************************************************************************************************************
 SETTING ESCF_BC        =      -152.11551265  AU                              


 PROGRAM * MP3 (Closed-shell)     Authors: C. Hampel, H.-J. Werner, 1991, M. Deegan, P.J. Knowles, 1992


 Convergence thresholds:  THRVAR = 1.00D-08  THRDEN = 1.00D-08

 Number of core orbitals:           2 (   2 )
 Number of closed-shell orbitals:   8 (   8 )
 Number of external orbitals:     312 ( 312 )

 Molecular orbitals read from record     2106.2  Type=RHF/CANONICAL (state 1.1)

 Number of N-1 electron functions:               8
 Number of N-2 electron functions:              36
 Number of singly external CSFs:              2496
 Number of doubly external CSFs:           3116256
 Total number of CSFs:                     3118753

 Length of J-op  integral file:               0.00 MB
 Length of K-op  integral file:               7.17 MB

 Integral transformation finished. Total CPU:  17.22 sec, npass=  1  Memory used:   8.54 MW

 Reference energy:                   -152.11551265

                        CORR.ENERGY   TOTAL ENERGY   ENERGY CHANGE
 MP2:                   -0.54046806  -152.65598072    -0.54046806

 SCS-MP2 correlation energy:           -0.53494283   (PS=  1.200000  PT=  0.333333)
 SCS-MP2 total energy:               -152.65045549

 MP3(D):                -0.54496990  -152.66048256    -0.00450184



 RESULTS
 =======

  Reference energy                   -152.115512654308
  MP3 singlet pair energy              -0.366314856310
  MP3 triplet pair energy              -0.178655044497
  MP3 correlation energy               -0.544969900808

 !MP3 total energy                   -152.660482555116

 Timing summary (sec):

 STEP                 CPU(USER)    SYS     CPU(TOT)    WALL
 Transformation         17.56      6.62     24.18     24.86
 CCSD iterations        32.07      6.67     38.74     45.75

 Program statistics:

 Available memory in ccsd:             13999999644
 Min. memory needed in ccsd:               9187353
 Max. memory used in ccsd:                11873417
 Max. memory used in cckext:               8287581 ( 1 integral passes)



 **********************************************************************************************************************************
 DATASETS  * FILE   NREC   LENGTH (MB)   RECORD NAMES
              1      20     8328.30       500      610      700      900      950      970     1000      129      960     1100   
                                          VAR    BASINP    GEOM    SYMINP    ZMAT    AOBASIS   BASIS     P2S    ABASIS      S 
                                         1400     1410     1200     1210     1080     1600     1650     1300     1700     1380   
                                           T        V       H0       H01     AOSYM     SMH    MOLCAS    ERIS     OPER     JKOP   

              2      11       46.80       200      700     1000      520     2100     2101     2102     2103     2104     2105   
                                        OPTIONS   GEOM     BASIS   MCVARS     RHF      RHF      RHF      RHF      RHF      RHF  
                                         2106   
                                          RHF  

 PROGRAMS   *        TOTAL       MP3        HF       INT       MP3        HF       INT       MP3        HF       INT       MP3
 CPU TIMES  *      1452.44     49.66    158.68      0.10     49.49    158.29      0.12     49.71    158.49      0.11     28.71
 REAL TIME  *      2605.61 SEC
 DISK USED  *        23.19 GB      
 **********************************************************************************************************************************
 SETTING EMP3_BC        =      -152.66048256  AU                              
 SETTING EMP3_CORR_BC   =        -0.54496990  AU                              
 SETTING E_INT_ABC      =        -0.00070328  AU                              
 SETTING E_INT_AB       =        -0.00065382  AU                              
 SETTING E_INT_AC       =        -0.00030807  AU                              
 SETTING E_INT_BC       =         0.00031725  AU                              
 SETTING E_ADD          =        -0.00064464  AU                              
 SETTING E_NONADD_MP3   =    -5.86399571D-05  AU                              
 SETTING E_INT_ABC_CORR =        -0.00136440  AU                              
 SETTING E_INT_AB_CORR  =        -0.00086527  AU                              
 SETTING E_INT_AC_CORR  =        -0.00046584  AU                              
 SETTING E_INT_BC_CORR  =    -4.29046884D-05  AU                              
 SETTING E_INT_ABC_CORR_ADD              =      -0.00137402  AU                              
 SETTING E_INT_ABC_CORR_NONADD           =   9.61861540D-06  AU                              
 SETTING E_INT_ABC_HF   =         0.00066112  AU                              
 SETTING E_INT_AB_HF    =         0.00021145  AU                              
 SETTING E_INT_AC_HF    =         0.00015777  AU                              
 SETTING E_INT_BC_HF    =         0.00036016  AU                              
 SETTING E_INT_ABC_HF_ADD                =       0.00072938  AU                              
 SETTING E_INT_ABC_HF_NONADD             =  -6.82585725D-05  AU                              

 *** results in millihartree
 E_INT_ABC        =        -0.00070328 AU
 E_INT_AB         =        -0.00065382 AU
 E_INT_AC         =        -0.00030807 AU
 E_INT_BC         =         0.00031725 AU
 E_ADD            =        -0.00064464 AU
 E_NONADD_MP3     =        -0.00005864 AU
 E_INT_ABC_CORR   =        -0.00136440 AU
 E_INT_AB_CORR    =        -0.00086527 AU
 E_INT_AC_CORR    =        -0.00046584 AU
 E_INT_BC_CORR    =        -0.00004290 AU
 E_INT_ABC_CORR_ADD       =        -0.00137402 AU
 E_INT_ABC_CORR_NONADD    =         0.00000962 AU
 E_INT_ABC_HF     =         0.00066112 AU
 E_INT_AB_HF      =         0.00021145 AU
 E_INT_AC_HF      =         0.00015777 AU
 E_INT_BC_HF      =         0.00036016 AU
 E_INT_ABC_HF_ADD =         0.00072938 AU
 E_INT_ABC_HF_NONADD      =        -0.00006826 AU

 MP3/aug-cc-pVTZ energy=   -152.660482555116

        MP3             HF-SCF          MP3             HF-SCF          MP3             HF-SCF          MP3             HF-SCF  
   -152.66048256   -152.11551265   -116.76231307   -116.27072074   -116.76320464   -116.27134442    -76.33012700    -76.05759772
 **********************************************************************************************************************************
 Molpro calculation terminated
 Variable memory released
