
 Primary working directories    : /net/scratch/people/plgsirous
 Secondary working directories  : /net/scratch/people/plgsirous
 Wavefunction directory         : /net/people/plgsirous/wfu/
 Main file repository           : /net/scratch/people/plgsirous/

 SHA1      : 
 NAME      : 
 ARCHNAME  : linux/x86_64
 FC        : /net/software/local/intel/impi/2018.1.163/bin64/mpiifort
 BLASLIB   : -L/net/software/local/intel/compilers_and_libraries_2018.1.163/linux/mkl/lib/intel64 -lmkl_scalapack_ilp64 -lmkl_intel_ilp64 -lmkl_intel_thread -lmkl_core -lmkl_blacs_intelmpi_ilp64 -liomp5 -lpthread -lm -ldl
 id        : pl

 Nodes     nprocs
 p1936        1

 Using customized tuning parameters: mindgm=7; mindgv=20; mindgc=1; mindgr=1; noblas=0; minvec=7
 default implementation of scratch files=df  

 ***,MP3SD(T)
 memory,14000,m
 gthresh,orbital=1d-8,energy=1d-8,twoint=1.d-19
 angstrom
 geometry={
 C1        -3.2772    1.4825     1.2719
 H1        -2.4640    0.8996     1.6510
 H2        -3.1608    2.5010     1.5785
 H3        -4.2018    1.0992     1.6501
 H4        -3.2685    1.4210     0.2037
 O1        -4.4148    4.4364     3.5758
 H5        -3.8890    4.7809     2.7934
 H6        -4.6266    5.2197     4.0992
 O2        -0.1517    2.6972     -0.8448
 H7        0.5334    2.9981     -1.4549
 H8        -1.0032    2.7706     -1.3576
   }
 
 nkerna=1
 nkernb=1
 nkernc=1
 nkernab=$nkerna+$nkernb
 nkernac=$nkerna+$nkernc
 nkernbc=$nkernb+$nkernc
 nkernabc=$nkerna+$nkernb+$nkernc
 
 proc set_monomera
 core,$nkerna
 dummy,6,7,8,9,10,11;
 endproc
 
 proc set_monomerb
 core,$nkernb
 dummy,1,2,3,4,5,9,10,11;
 endproc
 
 proc set_monomerc
 core,$nkernc
 dummy,1,2,3,4,5,6,7,8;
 endproc
 
 proc set_dimerab
 core,$nkerna+$nkernb
 dummy,9,10,11;
 endproc
 
 proc set_dimerac
 core,$nkerna+$nkernc
 dummy,6,7,8;
 endproc
 
 proc set_dimerbc
 core,$nkernb+$nkernc
 dummy,1,2,3,4,5;
 endproc
 
 proc set_trimerabc
 core,$nkerna+$nkernb+$nkernc
 endproc
 
 basis=avtz
 
 set_trimerabc
 hf
 Escf_ABC=energy
 mp3
 Emp3_ABC=energy
 Emp3_corr_ABC=(Emp3_ABC)-(Escf_ABC)
 
 set_monomera
 {hf
 start,atden}
 Escf_A=energy
 mp3
 Emp3_A=energy
 Emp3_corr_A=(Emp3_A)-(Escf_A)
 
 set_monomerb
 {hf
 start,atden}
 Escf_B=energy
 mp3
 Emp3_B=energy
 Emp3_corr_B=(Emp3_B)-(Escf_B)
 
 set_monomerc
 {hf
 start,atden}
 Escf_C=energy
 mp3
 Emp3_C=energy
 Emp3_corr_C=(Emp3_C)-(Escf_C)
 
 set_dimerab
 {hf
 start,atden}
 Escf_AB=energy
 mp3
 Emp3_AB=energy
 Emp3_corr_AB=(Emp3_AB)-(Escf_AB)
 
 set_dimerac
 {hf
 start,atden}
 Escf_AC=energy
 mp3
 Emp3_AC=energy
 Emp3_corr_AC=(Emp3_AC)-(Escf_AC)
 
 set_dimerbc
 {hf
 start,atden}
 Escf_BC=energy
 mp3
 Emp3_BC=energy
 Emp3_corr_BC=(Emp3_BC)-(Escf_BC)
 
 E_int_ABC=Emp3_ABC-(Emp3_A+Emp3_B+Emp3_C)
 E_int_AB=Emp3_AB-(Emp3_A+Emp3_B)
 E_int_AC=Emp3_AC-(Emp3_A+Emp3_C)
 E_int_BC=Emp3_BC-(Emp3_B+Emp3_C)
 E_add=E_int_AB+E_int_AC+E_int_BC
 E_nonadd_MP3=E_int_ABC-(E_int_AB+E_int_AC+E_int_BC)
                                                                                 !!!!!Correlation part of interaction energy!!!!!!
 E_int_ABC_corr=Emp3_corr_ABC-(Emp3_corr_A+Emp3_corr_B+Emp3_corr_C)
 E_int_AB_corr=Emp3_corr_AB-(Emp3_corr_A+Emp3_corr_B)
 E_int_AC_corr=Emp3_corr_AC-(Emp3_corr_A+Emp3_corr_C)
 E_int_BC_corr=Emp3_corr_BC-(Emp3_corr_B+Emp3_corr_C)
 E_int_ABC_corr_add=E_int_AB_corr+E_int_AC_corr+E_int_BC_corr
 E_int_ABC_corr_nonadd=E_int_ABC_corr-E_int_ABC_corr_add
                                                                                 !!!!HF part of interaction energy!!!!
 E_int_ABC_HF=E_int_ABC-E_int_ABC_corr
 E_int_AB_HF=E_int_AB-E_int_AB_corr
 E_int_AC_HF=E_int_AC-E_int_AC_corr
 E_int_BC_HF=E_int_BC-E_int_BC_corr
 E_int_ABC_HF_add=E_int_AB_HF+E_int_AC_HF+E_int_BC_HF
 E_int_ABC_HF_nonadd=E_int_ABC_HF-E_int_ABC_HF_add
 
 text,results in millihartree
                                                                                 !!!!Interacion Energies!!!!!!
 show,E_int_ABC,E_int_AB,E_int_AC,E_int_BC,E_add,E_nonadd_MP3
                                                                                 !!!!Correlation Part!!!!!!!!
 show,E_int_ABC_corr,E_int_AB_corr,E_int_AC_corr,E_int_BC_corr,E_int_ABC_corr_add,E_int_ABC_corr_nonadd
                                                                                 !!!!SCF Part!!!!!
 show,E_int_ABC_HF,E_int_AB_HF,E_int_AC_HF,E_int_BC_HF,E_int_ABC_HF_add,E_int_ABC_HF_nonadd

 Variables initialized (889), CPU time= 0.00 sec
 Commands  initialized (702), CPU time= 0.01 sec, 572 directives.
 Default parameters read. Elapsed time= 0.07 sec

 Checking input...
 Passed
1


                                         ***  PROGRAM SYSTEM MOLPRO  ***
                                       Copyright, TTI GmbH Stuttgart, 2015
                                    Version 2015.1 linked Jul  2 2018 15:03:07


 **********************************************************************************************************************************
 LABEL *   MP3SD(T)                                                                      
  64 bit serial version                                                                  DATE: 28-Nov-18          TIME: 14:50:35  
 **********************************************************************************************************************************

 SHA1:             
 **********************************************************************************************************************************

 THRESHOLDS:

 ZERO    =  1.00D-12  ONEINT  =  1.00D-12  TWOINT  =  1.00D-19  PREFAC  =  1.00D-14  LOCALI  =  1.00D-09  EORDER  =  1.00D-04
 ENERGY  =  1.00D-08  ETEST   =  0.00D+00  EDENS   =  0.00D+00  THRDEDEF=  1.00D-06  GRADIENT=  1.00D-02  STEP    =  1.00D-03
 ORBITAL =  1.00D-08  CIVEC   =  1.00D-05  COEFF   =  1.00D-04  PRINTCI =  5.00D-02  PUNCHCI =  9.90D+01  OPTGRAD =  3.00D-04
 OPTENERG=  1.00D-06  OPTSTEP =  3.00D-04  THRGRAD =  1.00D-10  COMPRESS=  1.00D-11  VARMIN  =  1.00D-07  VARMAX  =  1.00D-03
 THRDOUB =  0.00D+00  THRDIV  =  1.00D-05  THRRED  =  1.00D-07  THRPSP  =  1.00D+00  THRDC   =  1.00D-10  THRCS   =  1.00D-10
 THRNRM  =  1.00D-08  THREQ   =  0.00D+00  THRDE   =  1.00D+00  THRREF  =  1.00D-05  SPARFAC =  1.00D+00  THRDLP  =  1.00D-07
 THRDIA  =  1.00D-10  THRDLS  =  1.00D-07  THRGPS  =  0.00D+00  THRKEX  =  0.00D+00  THRDIS  =  2.00D-01  THRVAR  =  1.00D-10
 THRLOC  =  1.00D-06  THRGAP  =  1.00D-06  THRLOCT = -1.00D+00  THRGAPT = -1.00D+00  THRORB  =  1.00D-06  THRMLTP =  0.00D+00
 THRCPQCI=  1.00D-10  KEXTA   =  0.00D+00  THRCOARS=  0.00D+00  SYMTOL  =  1.00D-06  GRADTOL =  1.00D-06  THROVL  =  1.00D-08
 THRORTH =  1.00D-08  GRID    =  1.00D-06  GRIDMAX =  1.00D-03  DTMAX   =  0.00D+00  THROCCDE=  1.00D-01  THROCCDE=  1.00D-01


 ZUNIT=ANG
 

Geometry recognized as XYZ

 SETTING NKERNA         =         1.00000000                                  
 SETTING NKERNB         =         1.00000000                                  
 SETTING NKERNC         =         1.00000000                                  
 SETTING NKERNAB        =         2.00000000                                  
 SETTING NKERNAC        =         2.00000000                                  
 SETTING NKERNBC        =         2.00000000                                  
 SETTING NKERNABC       =         3.00000000                                  

 Variable memory set to ********** words,  buffer space   230000 words

 SETTING BASIS          =    AVTZ

 Running procedure=SET_TRIMERABC


 Recomputing integrals since basis changed


 Using spherical harmonics

 Library entry C      S aug-cc-pVTZ          selected for orbital group  1
 Library entry C      P aug-cc-pVTZ          selected for orbital group  1
 Library entry C      D aug-cc-pVTZ          selected for orbital group  1
 Library entry C      F aug-cc-pVTZ          selected for orbital group  1
 Library entry H      S aug-cc-pVTZ          selected for orbital group  2
 Library entry H      P aug-cc-pVTZ          selected for orbital group  2
 Library entry H      D aug-cc-pVTZ          selected for orbital group  2
 Library entry O      S aug-cc-pVTZ          selected for orbital group  3
 Library entry O      P aug-cc-pVTZ          selected for orbital group  3
 Library entry O      D aug-cc-pVTZ          selected for orbital group  3
 Library entry O      F aug-cc-pVTZ          selected for orbital group  3


 PROGRAM * SEWARD (Integral evaluation for generally contracted gaussian basis sets)     Author: Roland Lindh, 1990

 Geometry written to block  1 of record 700


 Point group  C1  



 ATOMIC COORDINATES

 NR  ATOM    CHARGE       X              Y              Z

   1  C1      6.00   -6.193010455    2.801518980    2.403542658
   2  H1      1.00   -4.656285171    1.699997622    3.119937832
   3  H2      1.00   -5.973046335    4.726205038    2.982932688
   4  H3      1.00   -7.940251230    2.077186956    3.118237078
   5  H4      1.00   -6.176569838    2.685300823    0.384937212
   6  O1      8.00   -8.342762895    8.383580979    6.757282676
   7  H5      1.00   -7.349144898    9.034591629    5.278760956
   8  H6      1.00   -8.743006888    9.863803452    7.746365330
   9  O2      8.00   -0.286671453    5.096969303   -1.596440630
  10  H7      1.00    1.007979915    5.665587894   -2.749362539
  11  H8      1.00   -1.895773248    5.235675201   -2.565492187

 Bond lengths in Bohr (Angstrom)

 1-2  2.021904040  1-3  2.022002335  1-4  2.021953343  1-5  2.022015060  6-7  1.896606987
     ( 1.069945541)     ( 1.069997556)     ( 1.069971630)     ( 1.070004290)     ( 1.003641196)

  6- 8  1.824702255   9-10  1.824466550   9-11  1.883483165
       ( 0.965590850)       ( 0.965466121)       ( 0.996696368)

 Bond angles

  2-1-3  109.53398059   2-1-4  109.65604535   2-1-5  108.43490854   3-1-4  109.49436728

  3- 1- 5  109.86987750   4- 1- 5  109.83468330   7- 6- 8  105.01239280  10- 9-11  104.96066383

 NUCLEAR CHARGE:                   30
 NUMBER OF PRIMITIVE AOS:         417
 NUMBER OF SYMMETRY AOS:          374
 NUMBER OF CONTRACTIONS:          322   ( 322A   )
 NUMBER OF CORE ORBITALS:           3   (   3A   )
 NUMBER OF VALENCE ORBITALS:       20   (  20A   )


 NUCLEAR REPULSION ENERGY   66.34017624


 Eigenvalues of metric

         1 0.431E-04 0.542E-04 0.717E-04 0.949E-04 0.325E-03 0.332E-03 0.344E-03 0.352E-03


 Contracted 2-electron integrals neglected if value below      1.0D-19
 AO integral compression algorithm  1   Integral accuracy      1.0D-19

     8893.497 MB (compressed) written to integral file ( 74.6%)


 NUMBER OF SORTED TWO-ELECTRON INTEGRALS: 1352182006.     BUFFER LENGTH:  32768
 NUMBER OF SEGMENTS:  43  SEGMENT LENGTH:   31998710      RECORD LENGTH: 524288

 Memory used in sort:      32.56 MW

 SORT1 READ  1489875674. AND WROTE  1156980904. INTEGRALS IN   3330 RECORDS. CPU TIME:    14.00 SEC, REAL TIME:    71.16 SEC
 SORT2 READ  1156980904. AND WROTE  1352182006. INTEGRALS IN  33926 RECORDS. CPU TIME:    15.49 SEC, REAL TIME:    52.00 SEC

 FILE SIZES:   FILE 1:  8917.4 MBYTE,  FILE 4: 13967.1 MBYTE,   TOTAL:  22884.4 MBYTE

 OPERATOR DM      FOR CENTER  0  COORDINATES:    0.000000    0.000000    0.000000


 **********************************************************************************************************************************
 DATASETS  * FILE   NREC   LENGTH (MB)   RECORD NAMES
              1      19     8122.11       500      610      700      900      950      970     1000      129      960     1100   
                                          VAR    BASINP    GEOM    SYMINP    ZMAT    AOBASIS   BASIS     P2S    ABASIS      S 
                                         1400     1410     1200     1210     1080     1600     1650     1300     1700   
                                           T        V       H0       H01     AOSYM     SMH    MOLCAS    ERIS     OPER   

 PROGRAMS   *        TOTAL       INT
 CPU TIMES  *        67.23     67.09
 REAL TIME  *       209.94 SEC
 DISK USED  *        22.89 GB      
 **********************************************************************************************************************************


 PROGRAM * RHF-SCF (CLOSED SHELL)       Authors: W. Meyer, H.-J. Werner


 NUMBER OF ELECTRONS:      15+   15-    SPACE SYMMETRY=1    SPIN SYMMETRY: Singlet 
 CONVERGENCE THRESHOLDS:    1.00E-08 (Density)    1.00E-09 (Energy)
 MAX. NUMBER OF ITERATIONS:       60
 INTERPOLATION TYPE:            DIIS
 INTERPOLATION STEPS:              2 (START)      1 (STEP)
 LEVEL SHIFTS:                  0.00 (CLOSED)  0.00 (OPEN) 



 Orbital guess generated from atomic densities. Full valence occupancy:   23

 Molecular orbital dump at record        2100.2

 Initial occupancy:  15

 ITERATION    DDIFF          GRAD             ENERGY        2-EL.EN.            DIPOLE MOMENTS         DIIS   ORB.
    1      0.000D+00      0.000D+00      -192.22971160    277.966674    0.14179    1.44658   -1.34773    0    start
    2      0.000D+00      0.481D-02      -192.30080381    269.181489    0.10190    0.82471   -0.70794    1    diag
    3      0.513D-02      0.295D-02      -192.32611206    272.913623    0.11133    0.98052   -0.86633    2    diag
    4      0.176D-02      0.367D-03      -192.32697808    272.711966    0.11053    0.97045   -0.85648    3    diag
    5      0.335D-03      0.106D-03      -192.32706913    272.720326    0.11081    0.96938   -0.85428    4    diag
    6      0.118D-03      0.265D-04      -192.32707458    272.727384    0.11087    0.96865   -0.85357    5    diag
    7      0.329D-04      0.612D-05      -192.32707499    272.724917    0.11091    0.96868   -0.85350    6    diag
    8      0.993D-05      0.157D-05      -192.32707503    272.725178    0.11091    0.96859   -0.85342    7    diag
    9      0.235D-05      0.475D-06      -192.32707503    272.725168    0.11092    0.96859   -0.85339    8    diag
   10      0.550D-06      0.199D-06      -192.32707503    272.725147    0.11092    0.96858   -0.85338    9    orth
   11      0.253D-06      0.216D-07      -192.32707503    272.725148    0.11092    0.96858   -0.85338    9    diag
   12      0.323D-07      0.630D-08      -192.32707503    272.725150    0.11092    0.96858   -0.85338    9    diag
   13      0.133D-07      0.122D-08      -192.32707503    272.725149    0.11092    0.96858   -0.85338    9    diag
   14      0.185D-08      0.373D-09      -192.32707503    272.725150    0.11092    0.96858   -0.85338    0    orth

 Final occupancy:  15

 !RHF STATE 1.1 Energy               -192.327075029097
 Nuclear energy                        66.34017624
 One-electron energy                 -395.02982617
 Two-electron energy                  136.36257490
 Virial quotient                       -1.00174092
 !RHF STATE 1.1 Dipole moment           0.11091573     0.96857523    -0.85337891
 Dipole moment /Debye                   0.28190120     2.46171144    -2.16893076

 Orbital energies:

         1.1          2.1          3.1          4.1          5.1          6.1          7.1          8.1          9.1         10.1
    -20.571673   -20.569623   -11.188142    -1.342132    -1.337983    -0.941308    -0.706490    -0.702497    -0.580003    -0.576781

        11.1         12.1         13.1         14.1         15.1         16.1         17.1
     -0.542088    -0.540311    -0.538354    -0.508905    -0.506049     0.024341     0.034262

 HOMO     15.1    -0.506049 =     -13.7703eV
 LUMO     16.1     0.024341 =       0.6624eV
 LUMO-HOMO         0.530390 =      14.4326eV


 **********************************************************************************************************************************
 DATASETS  * FILE   NREC   LENGTH (MB)   RECORD NAMES
              1      19     8122.11       500      610      700      900      950      970     1000      129      960     1100   
                                          VAR    BASINP    GEOM    SYMINP    ZMAT    AOBASIS   BASIS     P2S    ABASIS      S 
                                         1400     1410     1200     1210     1080     1600     1650     1300     1700   
                                           T        V       H0       H01     AOSYM     SMH    MOLCAS    ERIS     OPER   

              2       5        6.86       200      700     1000      520     2100   
                                        OPTIONS   GEOM     BASIS   MCVARS     RHF  

 PROGRAMS   *        TOTAL        HF       INT
 CPU TIMES  *       239.00    171.77     67.09
 REAL TIME  *       495.70 SEC
 DISK USED  *        22.89 GB      
 **********************************************************************************************************************************
 SETTING ESCF_ABC       =      -192.32707503  AU                              


 PROGRAM * MP3 (Closed-shell)     Authors: C. Hampel, H.-J. Werner, 1991, M. Deegan, P.J. Knowles, 1992


 Convergence thresholds:  THRVAR = 1.00D-08  THRDEN = 1.00D-08

 Number of core orbitals:           3 (   3 )
 Number of closed-shell orbitals:  12 (  12 )
 Number of external orbitals:     307 ( 307 )

 Molecular orbitals read from record     2100.2  Type=RHF/CANONICAL (state 1.1)

 Number of N-1 electron functions:              12
 Number of N-2 electron functions:              78
 Number of singly external CSFs:              3684
 Number of doubly external CSFs:           6787770
 Total number of CSFs:                     6791455

 Length of J-op  integral file:               0.00 MB
 Length of K-op  integral file:               7.17 MB

 Integral transformation finished. Total CPU:  22.23 sec, npass=  1  Memory used:  15.72 MW

 Reference energy:                   -192.32707503

                        CORR.ENERGY   TOTAL ENERGY   ENERGY CHANGE
 MP2:                   -0.74263328  -193.06970831    -0.74263328

 SCS-MP2 correlation energy:           -0.74515956   (PS=  1.200000  PT=  0.333333)
 SCS-MP2 total energy:               -193.07223459

 MP3(D):                -0.76502821  -193.09210324    -0.02239494



 RESULTS
 =======

  Reference energy                   -192.327075029095
  MP3 singlet pair energy              -0.530128579685
  MP3 triplet pair energy              -0.234899634832
  MP3 correlation energy               -0.765028214517

 !MP3 total energy                   -193.092103243612

 Timing summary (sec):

 STEP                 CPU(USER)    SYS     CPU(TOT)    WALL
 Transformation         22.96      6.22     29.18     29.39
 CCSD iterations        61.83      6.26     68.09     81.94

 Program statistics:

 Available memory in ccsd:             13999999324
 Min. memory needed in ccsd:              17471288
 Max. memory used in ccsd:                23578322
 Max. memory used in cckext:              17102349 ( 1 integral passes)



 **********************************************************************************************************************************
 DATASETS  * FILE   NREC   LENGTH (MB)   RECORD NAMES
              1      20     8221.13       500      610      700      900      950      970     1000      129      960     1100   
                                          VAR    BASINP    GEOM    SYMINP    ZMAT    AOBASIS   BASIS     P2S    ABASIS      S 
                                         1400     1410     1200     1210     1080     1600     1650     1300     1700     1380   
                                           T        V       H0       H01     AOSYM     SMH    MOLCAS    ERIS     OPER     JKOP   

              2       5        6.86       200      700     1000      520     2100   
                                        OPTIONS   GEOM     BASIS   MCVARS     RHF  

 PROGRAMS   *        TOTAL       MP3        HF       INT
 CPU TIMES  *       323.82     84.80    171.77     67.09
 REAL TIME  *       607.39 SEC
 DISK USED  *        22.89 GB      
 **********************************************************************************************************************************
 SETTING EMP3_ABC       =      -193.09210324  AU                              
 SETTING EMP3_CORR_ABC  =        -0.76502821  AU                              

 Running procedure=SET_MONOMERA

 Dummy atoms: O1  H5  H6  O2  H7  H8


 Recomputing one-electron integrals since nuclear charges changed


 PROGRAM * SEWARD (Integral evaluation for generally contracted gaussian basis sets)     Author: Roland Lindh, 1990

 Geometry written to block  1 of record 700


 Point group  C1  



 ATOMIC COORDINATES

 NR  ATOM    CHARGE       X              Y              Z

   1  C1      6.00   -6.193010455    2.801518980    2.403542658
   2  H1      1.00   -4.656285171    1.699997622    3.119937832
   3  H2      1.00   -5.973046335    4.726205038    2.982932688
   4  H3      1.00   -7.940251230    2.077186956    3.118237078
   5  H4      1.00   -6.176569838    2.685300823    0.384937212
   6  O1      0.00   -8.342762895    8.383580979    6.757282676
   7  H5      0.00   -7.349144898    9.034591629    5.278760956
   8  H6      0.00   -8.743006888    9.863803452    7.746365330
   9  O2      0.00   -0.286671453    5.096969303   -1.596440630
  10  H7      0.00    1.007979915    5.665587894   -2.749362539
  11  H8      0.00   -1.895773248    5.235675201   -2.565492187

 Bond lengths in Bohr (Angstrom)

 1-2  2.021904040  1-3  2.022002335  1-4  2.021953343  1-5  2.022015060  6-7  1.896606987
     ( 1.069945541)     ( 1.069997556)     ( 1.069971630)     ( 1.070004290)     ( 1.003641196)

  6- 8  1.824702255   9-10  1.824466550   9-11  1.883483165
       ( 0.965590850)       ( 0.965466121)       ( 0.996696368)

 Bond angles

  2-1-3  109.53398059   2-1-4  109.65604535   2-1-5  108.43490854   3-1-4  109.49436728

  3- 1- 5  109.86987750   4- 1- 5  109.83468330   7- 6- 8  105.01239280  10- 9-11  104.96066383

 NUCLEAR CHARGE:                   10
 NUMBER OF PRIMITIVE AOS:         417
 NUMBER OF SYMMETRY AOS:          374
 NUMBER OF CONTRACTIONS:          322   ( 322A   )
 NUMBER OF CORE ORBITALS:           1   (   1A   )
 NUMBER OF VALENCE ORBITALS:        8   (   8A   )

 MOLECULE CHANGED: INITIALIZING OCCUPATION AND DUMP RECORDS


 NUCLEAR REPULSION ENERGY   13.68681606


 Eigenvalues of metric

         1 0.431E-04 0.542E-04 0.717E-04 0.949E-04 0.325E-03 0.332E-03 0.344E-03 0.352E-03


 Contracted 2-electron integrals neglected if value below      1.0D-19

 OPERATOR DM      FOR CENTER  0  COORDINATES:    0.000000    0.000000    0.000000


 **********************************************************************************************************************************
 DATASETS  * FILE   NREC   LENGTH (MB)   RECORD NAMES
              1      19     8122.11       500      610      700      900      950      970     1000      129      960     1100   
                                          VAR    BASINP    GEOM    SYMINP    ZMAT    AOBASIS   BASIS     P2S    ABASIS      S 
                                         1400     1410     1200     1210     1080     1600     1650     1300     1700   
                                           T        V       H0       H01     AOSYM     SMH    MOLCAS    ERIS     OPER   

              2       5        6.86       200      700     1000      520     2100   
                                        OPTIONS   GEOM     BASIS   MCVARS     RHF  

 PROGRAMS   *        TOTAL       INT       MP3        HF       INT
 CPU TIMES  *       323.94      0.10     84.80    171.77     67.09
 REAL TIME  *       607.75 SEC
 DISK USED  *        22.89 GB      
 **********************************************************************************************************************************


 PROGRAM * RHF-SCF (CLOSED SHELL)       Authors: W. Meyer, H.-J. Werner


 NUMBER OF ELECTRONS:       5+    5-    SPACE SYMMETRY=1    SPIN SYMMETRY: Singlet 
 CONVERGENCE THRESHOLDS:    1.00E-08 (Density)    1.00E-09 (Energy)
 MAX. NUMBER OF ITERATIONS:       60
 INTERPOLATION TYPE:            DIIS
 INTERPOLATION STEPS:              2 (START)      1 (STEP)
 LEVEL SHIFTS:                  0.00 (CLOSED)  0.00 (OPEN) 



 Orbital guess generated from atomic densities. Full valence occupancy:    9

 Molecular orbital dump at record        2101.2

 Initial occupancy:   5

 ITERATION    DDIFF          GRAD             ENERGY        2-EL.EN.            DIPOLE MOMENTS         DIIS   ORB.
    1      0.000D+00      0.000D+00       -40.19359306     53.494067    0.00409   -0.00275   -0.00129    0    start
    2      0.000D+00      0.298D-02       -40.21071183     52.213673    0.00127   -0.00088   -0.00035    1    diag
    3      0.234D-02      0.116D-02       -40.21296058     52.664862    0.00180   -0.00123   -0.00052    2    diag
    4      0.666D-03      0.288D-03       -40.21327612     52.609840    0.00160   -0.00110   -0.00045    3    diag
    5      0.221D-03      0.374D-04       -40.21328152     52.612175    0.00157   -0.00108   -0.00044    4    diag
    6      0.578D-04      0.291D-05       -40.21328156     52.612274    0.00157   -0.00108   -0.00044    5    diag
    7      0.505D-05      0.223D-06       -40.21328156     52.612239    0.00157   -0.00108   -0.00044    6    diag
    8      0.688D-06      0.187D-07       -40.21328156     52.612240    0.00157   -0.00108   -0.00044    7    diag
    9      0.134D-06      0.239D-08       -40.21328156     52.612240    0.00157   -0.00108   -0.00044    8    diag
   10      0.799D-08      0.670D-09       -40.21328156     52.612240    0.00157   -0.00108   -0.00044    0    orth

 Final occupancy:   5

 !RHF STATE 1.1 Energy                -40.213281557306
 Nuclear energy                        13.68681606
 One-electron energy                  -80.20621752
 Two-electron energy                   26.30611990
 Virial quotient                       -0.99869631
 !RHF STATE 1.1 Dipole moment           0.00157056    -0.00108123    -0.00044343
 Dipole moment /Debye                   0.00399171    -0.00274803    -0.00112700

 Orbital energies:

         1.1          2.1          3.1          4.1          5.1          6.1          7.1
    -11.197214    -0.950740    -0.551694    -0.549761    -0.547580     0.023789     0.033159

 HOMO      5.1    -0.547580 =     -14.9004eV
 LUMO      6.1     0.023789 =       0.6473eV
 LUMO-HOMO         0.571369 =      15.5477eV


 **********************************************************************************************************************************
 DATASETS  * FILE   NREC   LENGTH (MB)   RECORD NAMES
              1      19     8122.11       500      610      700      900      950      970     1000      129      960     1100   
                                          VAR    BASINP    GEOM    SYMINP    ZMAT    AOBASIS   BASIS     P2S    ABASIS      S 
                                         1400     1410     1200     1210     1080     1600     1650     1300     1700   
                                           T        V       H0       H01     AOSYM     SMH    MOLCAS    ERIS     OPER   

              2       6       13.52       200      700     1000      520     2100     2101   
                                        OPTIONS   GEOM     BASIS   MCVARS     RHF      RHF  

 PROGRAMS   *        TOTAL        HF       INT       MP3        HF       INT
 CPU TIMES  *       449.35    125.42      0.10     84.80    171.77     67.09
 REAL TIME  *       805.71 SEC
 DISK USED  *        22.89 GB      
 **********************************************************************************************************************************
 SETTING ESCF_A         =       -40.21328156  AU                              


 PROGRAM * MP3 (Closed-shell)     Authors: C. Hampel, H.-J. Werner, 1991, M. Deegan, P.J. Knowles, 1992


 Convergence thresholds:  THRVAR = 1.00D-08  THRDEN = 1.00D-08

 Number of core orbitals:           1 (   1 )
 Number of closed-shell orbitals:   4 (   4 )
 Number of external orbitals:     317 ( 317 )

 Molecular orbitals read from record     2101.2  Type=RHF/CANONICAL (state 1.1)

 Number of N-1 electron functions:               4
 Number of N-2 electron functions:              10
 Number of singly external CSFs:              1268
 Number of doubly external CSFs:            804546
 Total number of CSFs:                      805815

 Length of J-op  integral file:               0.00 MB
 Length of K-op  integral file:               7.17 MB

 Integral transformation finished. Total CPU:  13.03 sec, npass=  1  Memory used:   3.87 MW

 Reference energy:                    -40.21328156

                        CORR.ENERGY   TOTAL ENERGY   ENERGY CHANGE
 MP2:                   -0.20056041   -40.41384197    -0.20056041

 SCS-MP2 correlation energy:           -0.20885429   (PS=  1.200000  PT=  0.333333)
 SCS-MP2 total energy:                -40.42213585

 MP3(D):                -0.21859306   -40.43187462    -0.01803265



 RESULTS
 =======

  Reference energy                    -40.213281557305
  MP3 singlet pair energy              -0.163219382183
  MP3 triplet pair energy              -0.055373675925
  MP3 correlation energy               -0.218593058107

 !MP3 total energy                    -40.431874615413

 Timing summary (sec):

 STEP                 CPU(USER)    SYS     CPU(TOT)    WALL
 Transformation         13.14      5.95     19.09     19.18
 CCSD iterations        15.90      6.16     22.06     22.16

 Program statistics:

 Available memory in ccsd:             13999999836
 Min. memory needed in ccsd:               3677238
 Max. memory used in ccsd:                 4267372
 Max. memory used in cckext:               2832301 ( 1 integral passes)



 **********************************************************************************************************************************
 DATASETS  * FILE   NREC   LENGTH (MB)   RECORD NAMES
              1      20     8136.26       500      610      700      900      950      970     1000      129      960     1100   
                                          VAR    BASINP    GEOM    SYMINP    ZMAT    AOBASIS   BASIS     P2S    ABASIS      S 
                                         1400     1410     1200     1210     1080     1600     1650     1300     1700     1380   
                                           T        V       H0       H01     AOSYM     SMH    MOLCAS    ERIS     OPER     JKOP   

              2       6       13.52       200      700     1000      520     2100     2101   
                                        OPTIONS   GEOM     BASIS   MCVARS     RHF      RHF  

 PROGRAMS   *        TOTAL       MP3        HF       INT       MP3        HF       INT
 CPU TIMES  *       478.42     29.07    125.42      0.10     84.80    171.77     67.09
 REAL TIME  *       847.28 SEC
 DISK USED  *        22.89 GB      
 **********************************************************************************************************************************
 SETTING EMP3_A         =       -40.43187462  AU                              
 SETTING EMP3_CORR_A    =        -0.21859306  AU                              

 Running procedure=SET_MONOMERB

 Dummy atoms: C1  H1  H2  H3  H4  O2  H7  H8


 Recomputing one-electron integrals since nuclear charges changed


 PROGRAM * SEWARD (Integral evaluation for generally contracted gaussian basis sets)     Author: Roland Lindh, 1990

 Geometry written to block  1 of record 700


 Point group  C1  



 ATOMIC COORDINATES

 NR  ATOM    CHARGE       X              Y              Z

   1  C1      0.00   -6.193010455    2.801518980    2.403542658
   2  H1      0.00   -4.656285171    1.699997622    3.119937832
   3  H2      0.00   -5.973046335    4.726205038    2.982932688
   4  H3      0.00   -7.940251230    2.077186956    3.118237078
   5  H4      0.00   -6.176569838    2.685300823    0.384937212
   6  O1      8.00   -8.342762895    8.383580979    6.757282676
   7  H5      1.00   -7.349144898    9.034591629    5.278760956
   8  H6      1.00   -8.743006888    9.863803452    7.746365330
   9  O2      0.00   -0.286671453    5.096969303   -1.596440630
  10  H7      0.00    1.007979915    5.665587894   -2.749362539
  11  H8      0.00   -1.895773248    5.235675201   -2.565492187

 Bond lengths in Bohr (Angstrom)

 1-2  2.021904040  1-3  2.022002335  1-4  2.021953343  1-5  2.022015060  6-7  1.896606987
     ( 1.069945541)     ( 1.069997556)     ( 1.069971630)     ( 1.070004290)     ( 1.003641196)

  6- 8  1.824702255   9-10  1.824466550   9-11  1.883483165
       ( 0.965590850)       ( 0.965466121)       ( 0.996696368)

 Bond angles

  2-1-3  109.53398059   2-1-4  109.65604535   2-1-5  108.43490854   3-1-4  109.49436728

  3- 1- 5  109.86987750   4- 1- 5  109.83468330   7- 6- 8  105.01239280  10- 9-11  104.96066383

 NUCLEAR CHARGE:                   10
 NUMBER OF PRIMITIVE AOS:         417
 NUMBER OF SYMMETRY AOS:          374
 NUMBER OF CONTRACTIONS:          322   ( 322A   )
 NUMBER OF CORE ORBITALS:           1   (   1A   )
 NUMBER OF VALENCE ORBITALS:        6   (   6A   )

 MOLECULE CHANGED: INITIALIZING OCCUPATION AND DUMP RECORDS


 NUCLEAR REPULSION ENERGY    8.94098799


 Eigenvalues of metric

         1 0.431E-04 0.542E-04 0.717E-04 0.949E-04 0.325E-03 0.332E-03 0.344E-03 0.352E-03


 Contracted 2-electron integrals neglected if value below      1.0D-19

 OPERATOR DM      FOR CENTER  0  COORDINATES:    0.000000    0.000000    0.000000


 **********************************************************************************************************************************
 DATASETS  * FILE   NREC   LENGTH (MB)   RECORD NAMES
              1      19     8122.11       500      610      700      900      950      970     1000      129      960     1100   
                                          VAR    BASINP    GEOM    SYMINP    ZMAT    AOBASIS   BASIS     P2S    ABASIS      S 
                                         1400     1410     1200     1210     1080     1600     1650     1300     1700   
                                           T        V       H0       H01     AOSYM     SMH    MOLCAS    ERIS     OPER   

              2       6       13.52       200      700     1000      520     2100     2101   
                                        OPTIONS   GEOM     BASIS   MCVARS     RHF      RHF  

 PROGRAMS   *        TOTAL       INT       MP3        HF       INT       MP3        HF       INT
 CPU TIMES  *       478.53      0.11     29.07    125.42      0.10     84.80    171.77     67.09
 REAL TIME  *       847.54 SEC
 DISK USED  *        22.89 GB      
 **********************************************************************************************************************************


 PROGRAM * RHF-SCF (CLOSED SHELL)       Authors: W. Meyer, H.-J. Werner


 NUMBER OF ELECTRONS:       5+    5-    SPACE SYMMETRY=1    SPIN SYMMETRY: Singlet 
 CONVERGENCE THRESHOLDS:    1.00E-08 (Density)    1.00E-09 (Energy)
 MAX. NUMBER OF ITERATIONS:       60
 INTERPOLATION TYPE:            DIIS
 INTERPOLATION STEPS:              2 (START)      1 (STEP)
 LEVEL SHIFTS:                  0.00 (CLOSED)  0.00 (OPEN) 



 Orbital guess generated from atomic densities. Full valence occupancy:    7

 Molecular orbital dump at record        2102.2

 Initial occupancy:   5

 ITERATION    DDIFF          GRAD             ENERGY        2-EL.EN.            DIPOLE MOMENTS         DIIS   ORB.
    1      0.000D+00      0.000D+00       -76.01830604     77.298724    0.31045    1.08975   -0.26178    0    start
    2      0.000D+00      0.539D-02       -76.04501202     73.639896    0.17378    0.63255   -0.14131    1    diag
    3      0.317D-02      0.347D-02       -76.05663300     75.262566    0.20658    0.74700   -0.16918    2    diag
    4      0.115D-02      0.319D-03       -76.05682965     75.172928    0.20413    0.74296   -0.16608    3    diag
    5      0.148D-03      0.904D-04       -76.05685113     75.187381    0.20316    0.74144   -0.16483    4    diag
    6      0.472D-04      0.180D-04       -76.05685253     75.186424    0.20290    0.74116   -0.16447    5    diag
    7      0.122D-04      0.361D-05       -76.05685260     75.186554    0.20282    0.74105   -0.16437    6    diag
    8      0.320D-05      0.649D-06       -76.05685260     75.186537    0.20281    0.74102   -0.16435    7    diag
    9      0.508D-06      0.856D-07       -76.05685260     75.186527    0.20280    0.74101   -0.16435    8    diag
   10      0.667D-07      0.226D-07       -76.05685260     75.186530    0.20280    0.74101   -0.16435    9    orth
   11      0.174D-07      0.534D-08       -76.05685260     75.186530    0.20280    0.74101   -0.16435    9    diag
   12      0.482D-08      0.104D-08       -76.05685260     75.186530    0.20280    0.74101   -0.16435    0    orth

 Final occupancy:   5

 !RHF STATE 1.1 Energy                -76.056852597802
 Nuclear energy                         8.94098799
 One-electron energy                 -122.59110549
 Two-electron energy                   37.59326490
 Virial quotient                       -1.00264622
 !RHF STATE 1.1 Dipole moment           0.20280324     0.74101421    -0.16434783
 Dipole moment /Debye                   0.51544065     1.88334691    -0.41770317

 Orbital energies:

         1.1          2.1          3.1          4.1          5.1          6.1          7.1
    -20.571632    -1.339887    -0.704137    -0.578593    -0.508040     0.019962     0.033354

 HOMO      5.1    -0.508040 =     -13.8245eV
 LUMO      6.1     0.019962 =       0.5432eV
 LUMO-HOMO         0.528002 =      14.3677eV


 **********************************************************************************************************************************
 DATASETS  * FILE   NREC   LENGTH (MB)   RECORD NAMES
              1      19     8122.11       500      610      700      900      950      970     1000      129      960     1100   
                                          VAR    BASINP    GEOM    SYMINP    ZMAT    AOBASIS   BASIS     P2S    ABASIS      S 
                                         1400     1410     1200     1210     1080     1600     1650     1300     1700   
                                           T        V       H0       H01     AOSYM     SMH    MOLCAS    ERIS     OPER   

              2       7       20.17       200      700     1000      520     2100     2101     2102   
                                        OPTIONS   GEOM     BASIS   MCVARS     RHF      RHF      RHF  

 PROGRAMS   *        TOTAL        HF       INT       MP3        HF       INT       MP3        HF       INT
 CPU TIMES  *       627.20    148.67      0.11     29.07    125.42      0.10     84.80    171.77     67.09
 REAL TIME  *      1097.32 SEC
 DISK USED  *        22.89 GB      
 **********************************************************************************************************************************
 SETTING ESCF_B         =       -76.05685260  AU                              


 PROGRAM * MP3 (Closed-shell)     Authors: C. Hampel, H.-J. Werner, 1991, M. Deegan, P.J. Knowles, 1992


 Convergence thresholds:  THRVAR = 1.00D-08  THRDEN = 1.00D-08

 Number of core orbitals:           1 (   1 )
 Number of closed-shell orbitals:   4 (   4 )
 Number of external orbitals:     317 ( 317 )

 Molecular orbitals read from record     2102.2  Type=RHF/CANONICAL (state 1.1)

 Number of N-1 electron functions:               4
 Number of N-2 electron functions:              10
 Number of singly external CSFs:              1268
 Number of doubly external CSFs:            804546
 Total number of CSFs:                      805815

 Length of J-op  integral file:               0.00 MB
 Length of K-op  integral file:               7.17 MB

 Integral transformation finished. Total CPU:  12.88 sec, npass=  1  Memory used:   3.87 MW

 Reference energy:                    -76.05685260

                        CORR.ENERGY   TOTAL ENERGY   ENERGY CHANGE
 MP2:                   -0.27059864   -76.32745124    -0.27059864

 SCS-MP2 correlation energy:           -0.26783809   (PS=  1.200000  PT=  0.333333)
 SCS-MP2 total energy:                -76.32469069

 MP3(D):                -0.27275890   -76.32961149    -0.00216026



 RESULTS
 =======

  Reference energy                    -76.056852597802
  MP3 singlet pair energy              -0.183400273308
  MP3 triplet pair energy              -0.089358623604
  MP3 correlation energy               -0.272758896912

 !MP3 total energy                    -76.329611494714

 Timing summary (sec):

 STEP                 CPU(USER)    SYS     CPU(TOT)    WALL
 Transformation         12.99      6.17     19.16     19.26
 CCSD iterations        15.91      6.24     22.15     22.33

 Program statistics:

 Available memory in ccsd:             13999999836
 Min. memory needed in ccsd:               3677238
 Max. memory used in ccsd:                 4267372
 Max. memory used in cckext:               2832301 ( 1 integral passes)



 **********************************************************************************************************************************
 DATASETS  * FILE   NREC   LENGTH (MB)   RECORD NAMES
              1      20     8136.26       500      610      700      900      950      970     1000      129      960     1100   
                                          VAR    BASINP    GEOM    SYMINP    ZMAT    AOBASIS   BASIS     P2S    ABASIS      S 
                                         1400     1410     1200     1210     1080     1600     1650     1300     1700     1380   
                                           T        V       H0       H01     AOSYM     SMH    MOLCAS    ERIS     OPER     JKOP   

              2       7       20.17       200      700     1000      520     2100     2101     2102   
                                        OPTIONS   GEOM     BASIS   MCVARS     RHF      RHF      RHF  

 PROGRAMS   *        TOTAL       MP3        HF       INT       MP3        HF       INT       MP3        HF       INT
 CPU TIMES  *       656.13     28.93    148.67      0.11     29.07    125.42      0.10     84.80    171.77     67.09
 REAL TIME  *      1155.06 SEC
 DISK USED  *        22.89 GB      
 **********************************************************************************************************************************
 SETTING EMP3_B         =       -76.32961149  AU                              
 SETTING EMP3_CORR_B    =        -0.27275890  AU                              

 Running procedure=SET_MONOMERC

 Dummy atoms: C1  H1  H2  H3  H4  O1  H5  H6


 Recomputing one-electron integrals since nuclear charges changed


 PROGRAM * SEWARD (Integral evaluation for generally contracted gaussian basis sets)     Author: Roland Lindh, 1990

 Geometry written to block  1 of record 700


 Point group  C1  



 ATOMIC COORDINATES

 NR  ATOM    CHARGE       X              Y              Z

   1  C1      0.00   -6.193010455    2.801518980    2.403542658
   2  H1      0.00   -4.656285171    1.699997622    3.119937832
   3  H2      0.00   -5.973046335    4.726205038    2.982932688
   4  H3      0.00   -7.940251230    2.077186956    3.118237078
   5  H4      0.00   -6.176569838    2.685300823    0.384937212
   6  O1      0.00   -8.342762895    8.383580979    6.757282676
   7  H5      0.00   -7.349144898    9.034591629    5.278760956
   8  H6      0.00   -8.743006888    9.863803452    7.746365330
   9  O2      8.00   -0.286671453    5.096969303   -1.596440630
  10  H7      1.00    1.007979915    5.665587894   -2.749362539
  11  H8      1.00   -1.895773248    5.235675201   -2.565492187

 Bond lengths in Bohr (Angstrom)

 1-2  2.021904040  1-3  2.022002335  1-4  2.021953343  1-5  2.022015060  6-7  1.896606987
     ( 1.069945541)     ( 1.069997556)     ( 1.069971630)     ( 1.070004290)     ( 1.003641196)

  6- 8  1.824702255   9-10  1.824466550   9-11  1.883483165
       ( 0.965590850)       ( 0.965466121)       ( 0.996696368)

 Bond angles

  2-1-3  109.53398059   2-1-4  109.65604535   2-1-5  108.43490854   3-1-4  109.49436728

  3- 1- 5  109.86987750   4- 1- 5  109.83468330   7- 6- 8  105.01239280  10- 9-11  104.96066383

 NUCLEAR CHARGE:                   10
 NUMBER OF PRIMITIVE AOS:         417
 NUMBER OF SYMMETRY AOS:          374
 NUMBER OF CONTRACTIONS:          322   ( 322A   )
 NUMBER OF CORE ORBITALS:           1   (   1A   )
 NUMBER OF VALENCE ORBITALS:        6   (   6A   )

 MOLECULE CHANGED: INITIALIZING OCCUPATION AND DUMP RECORDS


 NUCLEAR REPULSION ENERGY    8.97229507


 Eigenvalues of metric

         1 0.431E-04 0.542E-04 0.717E-04 0.949E-04 0.325E-03 0.332E-03 0.344E-03 0.352E-03


 Contracted 2-electron integrals neglected if value below      1.0D-19

 OPERATOR DM      FOR CENTER  0  COORDINATES:    0.000000    0.000000    0.000000


 **********************************************************************************************************************************
 DATASETS  * FILE   NREC   LENGTH (MB)   RECORD NAMES
              1      19     8122.11       500      610      700      900      950      970     1000      129      960     1100   
                                          VAR    BASINP    GEOM    SYMINP    ZMAT    AOBASIS   BASIS     P2S    ABASIS      S 
                                         1400     1410     1200     1210     1080     1600     1650     1300     1700   
                                           T        V       H0       H01     AOSYM     SMH    MOLCAS    ERIS     OPER   

              2       7       20.17       200      700     1000      520     2100     2101     2102   
                                        OPTIONS   GEOM     BASIS   MCVARS     RHF      RHF      RHF  

 PROGRAMS   *        TOTAL       INT       MP3        HF       INT       MP3        HF       INT       MP3        HF       INT
 CPU TIMES  *       656.24      0.10     28.93    148.67      0.11     29.07    125.42      0.10     84.80    171.77     67.09
 REAL TIME  *      1155.59 SEC
 DISK USED  *        22.89 GB      
 **********************************************************************************************************************************


 PROGRAM * RHF-SCF (CLOSED SHELL)       Authors: W. Meyer, H.-J. Werner


 NUMBER OF ELECTRONS:       5+    5-    SPACE SYMMETRY=1    SPIN SYMMETRY: Singlet 
 CONVERGENCE THRESHOLDS:    1.00E-08 (Density)    1.00E-09 (Energy)
 MAX. NUMBER OF ITERATIONS:       60
 INTERPOLATION TYPE:            DIIS
 INTERPOLATION STEPS:              2 (START)      1 (STEP)
 LEVEL SHIFTS:                  0.00 (CLOSED)  0.00 (OPEN) 



 Orbital guess generated from atomic densities. Full valence occupancy:    7

 Molecular orbital dump at record        2103.2

 Initial occupancy:   5

 ITERATION    DDIFF          GRAD             ENERGY        2-EL.EN.            DIPOLE MOMENTS         DIIS   ORB.
    1      0.000D+00      0.000D+00       -76.01918894     77.340736   -0.17153    0.36114   -1.08739    0    start
    2      0.000D+00      0.539D-02       -76.04588473     73.697236   -0.08988    0.21070   -0.63076    1    diag
    3      0.320D-02      0.345D-02       -76.05738182     75.310878   -0.10812    0.24838   -0.74437    2    diag
    4      0.116D-02      0.318D-03       -76.05757575     75.221326   -0.10552    0.24717   -0.73999    3    diag
    5      0.150D-03      0.893D-04       -76.05759657     75.235649   -0.10447    0.24672   -0.73834    4    diag
    6      0.505D-04      0.176D-04       -76.05759789     75.234732   -0.10416    0.24665   -0.73802    5    diag
    7      0.130D-04      0.351D-05       -76.05759795     75.234860   -0.10407    0.24661   -0.73790    6    diag
    8      0.335D-05      0.638D-06       -76.05759796     75.234844   -0.10406    0.24660   -0.73787    7    diag
    9      0.551D-06      0.826D-07       -76.05759796     75.234834   -0.10406    0.24660   -0.73786    8    diag
   10      0.665D-07      0.213D-07       -76.05759796     75.234838   -0.10406    0.24660   -0.73786    9    orth
   11      0.177D-07      0.482D-08       -76.05759796     75.234837   -0.10406    0.24660   -0.73786    9    diag
   12      0.462D-08      0.941D-09       -76.05759796     75.234837   -0.10406    0.24660   -0.73786    0    orth

 Final occupancy:   5

 !RHF STATE 1.1 Energy                -76.057597955155
 Nuclear energy                         8.97229507
 One-electron energy                 -122.64731165
 Two-electron energy                   37.61741863
 Virial quotient                       -1.00249469
 !RHF STATE 1.1 Dipole moment          -0.10405755     0.24660176    -0.73786125
 Dipole moment /Debye                  -0.26447058     0.62675810    -1.87533341

 Orbital energies:

         1.1          2.1          3.1          4.1          5.1          6.1          7.1
    -20.571085    -1.341534    -0.705878    -0.579416    -0.508324     0.021441     0.032200

 HOMO      5.1    -0.508324 =     -13.8322eV
 LUMO      6.1     0.021441 =       0.5834eV
 LUMO-HOMO         0.529765 =      14.4156eV


 **********************************************************************************************************************************
 DATASETS  * FILE   NREC   LENGTH (MB)   RECORD NAMES
              1      19     8122.11       500      610      700      900      950      970     1000      129      960     1100   
                                          VAR    BASINP    GEOM    SYMINP    ZMAT    AOBASIS   BASIS     P2S    ABASIS      S 
                                         1400     1410     1200     1210     1080     1600     1650     1300     1700   
                                           T        V       H0       H01     AOSYM     SMH    MOLCAS    ERIS     OPER   

              2       8       26.83       200      700     1000      520     2100     2101     2102     2103   
                                        OPTIONS   GEOM     BASIS   MCVARS     RHF      RHF      RHF      RHF  

 PROGRAMS   *        TOTAL        HF       INT       MP3        HF       INT       MP3        HF       INT       MP3        HF
 CPU TIMES  *       804.44    148.20      0.10     28.93    148.67      0.11     29.07    125.42      0.10     84.80    171.77
 REAL TIME  *      1385.75 SEC
 DISK USED  *        22.89 GB      
 **********************************************************************************************************************************
 SETTING ESCF_C         =       -76.05759796  AU                              


 PROGRAM * MP3 (Closed-shell)     Authors: C. Hampel, H.-J. Werner, 1991, M. Deegan, P.J. Knowles, 1992


 Convergence thresholds:  THRVAR = 1.00D-08  THRDEN = 1.00D-08

 Number of core orbitals:           1 (   1 )
 Number of closed-shell orbitals:   4 (   4 )
 Number of external orbitals:     317 ( 317 )

 Molecular orbitals read from record     2103.2  Type=RHF/CANONICAL (state 1.1)

 Number of N-1 electron functions:               4
 Number of N-2 electron functions:              10
 Number of singly external CSFs:              1268
 Number of doubly external CSFs:            804546
 Total number of CSFs:                      805815

 Length of J-op  integral file:               0.00 MB
 Length of K-op  integral file:               7.17 MB

 Integral transformation finished. Total CPU:  12.93 sec, npass=  1  Memory used:   3.87 MW

 Reference energy:                    -76.05759796

                        CORR.ENERGY   TOTAL ENERGY   ENERGY CHANGE
 MP2:                   -0.27030266   -76.32790062    -0.27030266

 SCS-MP2 correlation energy:           -0.26753749   (PS=  1.200000  PT=  0.333333)
 SCS-MP2 total energy:                -76.32513545

 MP3(D):                -0.27253205   -76.33013000    -0.00222938



 RESULTS
 =======

  Reference energy                    -76.057597955155
  MP3 singlet pair energy              -0.183199537068
  MP3 triplet pair energy              -0.089332512675
  MP3 correlation energy               -0.272532049742

 !MP3 total energy                    -76.330130004897

 Timing summary (sec):

 STEP                 CPU(USER)    SYS     CPU(TOT)    WALL
 Transformation         13.03      6.21     19.24     19.42
 CCSD iterations        16.16      6.02     22.18     25.32

 Program statistics:

 Available memory in ccsd:             13999999836
 Min. memory needed in ccsd:               3677238
 Max. memory used in ccsd:                 4267372
 Max. memory used in cckext:               2832301 ( 1 integral passes)



 **********************************************************************************************************************************
 DATASETS  * FILE   NREC   LENGTH (MB)   RECORD NAMES
              1      20     8136.26       500      610      700      900      950      970     1000      129      960     1100   
                                          VAR    BASINP    GEOM    SYMINP    ZMAT    AOBASIS   BASIS     P2S    ABASIS      S 
                                         1400     1410     1200     1210     1080     1600     1650     1300     1700     1380   
                                           T        V       H0       H01     AOSYM     SMH    MOLCAS    ERIS     OPER     JKOP   

              2       8       26.83       200      700     1000      520     2100     2101     2102     2103   
                                        OPTIONS   GEOM     BASIS   MCVARS     RHF      RHF      RHF      RHF  

 PROGRAMS   *        TOTAL       MP3        HF       INT       MP3        HF       INT       MP3        HF       INT       MP3
 CPU TIMES  *       833.65     29.21    148.20      0.10     28.93    148.67      0.11     29.07    125.42      0.10     84.80
 REAL TIME  *      1430.71 SEC
 DISK USED  *        22.89 GB      
 **********************************************************************************************************************************
 SETTING EMP3_C         =       -76.33013000  AU                              
 SETTING EMP3_CORR_C    =        -0.27253205  AU                              

 Running procedure=SET_DIMERAB

 Dummy atoms: O2  H7  H8


 Recomputing one-electron integrals since nuclear charges changed


 PROGRAM * SEWARD (Integral evaluation for generally contracted gaussian basis sets)     Author: Roland Lindh, 1990

 Geometry written to block  1 of record 700


 Point group  C1  



 ATOMIC COORDINATES

 NR  ATOM    CHARGE       X              Y              Z

   1  C1      6.00   -6.193010455    2.801518980    2.403542658
   2  H1      1.00   -4.656285171    1.699997622    3.119937832
   3  H2      1.00   -5.973046335    4.726205038    2.982932688
   4  H3      1.00   -7.940251230    2.077186956    3.118237078
   5  H4      1.00   -6.176569838    2.685300823    0.384937212
   6  O1      8.00   -8.342762895    8.383580979    6.757282676
   7  H5      1.00   -7.349144898    9.034591629    5.278760956
   8  H6      1.00   -8.743006888    9.863803452    7.746365330
   9  O2      0.00   -0.286671453    5.096969303   -1.596440630
  10  H7      0.00    1.007979915    5.665587894   -2.749362539
  11  H8      0.00   -1.895773248    5.235675201   -2.565492187

 Bond lengths in Bohr (Angstrom)

 1-2  2.021904040  1-3  2.022002335  1-4  2.021953343  1-5  2.022015060  6-7  1.896606987
     ( 1.069945541)     ( 1.069997556)     ( 1.069971630)     ( 1.070004290)     ( 1.003641196)

  6- 8  1.824702255   9-10  1.824466550   9-11  1.883483165
       ( 0.965590850)       ( 0.965466121)       ( 0.996696368)

 Bond angles

  2-1-3  109.53398059   2-1-4  109.65604535   2-1-5  108.43490854   3-1-4  109.49436728

  3- 1- 5  109.86987750   4- 1- 5  109.83468330   7- 6- 8  105.01239280  10- 9-11  104.96066383

 NUCLEAR CHARGE:                   20
 NUMBER OF PRIMITIVE AOS:         417
 NUMBER OF SYMMETRY AOS:          374
 NUMBER OF CONTRACTIONS:          322   ( 322A   )
 NUMBER OF CORE ORBITALS:           2   (   2A   )
 NUMBER OF VALENCE ORBITALS:       14   (  14A   )

 MOLECULE CHANGED: INITIALIZING OCCUPATION AND DUMP RECORDS


 NUCLEAR REPULSION ENERGY   35.98231600


 Eigenvalues of metric

         1 0.431E-04 0.542E-04 0.717E-04 0.949E-04 0.325E-03 0.332E-03 0.344E-03 0.352E-03


 Contracted 2-electron integrals neglected if value below      1.0D-19

 OPERATOR DM      FOR CENTER  0  COORDINATES:    0.000000    0.000000    0.000000


 **********************************************************************************************************************************
 DATASETS  * FILE   NREC   LENGTH (MB)   RECORD NAMES
              1      19     8122.11       500      610      700      900      950      970     1000      129      960     1100   
                                          VAR    BASINP    GEOM    SYMINP    ZMAT    AOBASIS   BASIS     P2S    ABASIS      S 
                                         1400     1410     1200     1210     1080     1600     1650     1300     1700   
                                           T        V       H0       H01     AOSYM     SMH    MOLCAS    ERIS     OPER   

              2       8       26.83       200      700     1000      520     2100     2101     2102     2103   
                                        OPTIONS   GEOM     BASIS   MCVARS     RHF      RHF      RHF      RHF  

 PROGRAMS   *        TOTAL       INT       MP3        HF       INT       MP3        HF       INT       MP3        HF       INT
 CPU TIMES  *       833.77      0.12     29.21    148.20      0.10     28.93    148.67      0.11     29.07    125.42      0.10
 REAL TIME  *      1431.07 SEC
 DISK USED  *        22.89 GB      
 **********************************************************************************************************************************


 PROGRAM * RHF-SCF (CLOSED SHELL)       Authors: W. Meyer, H.-J. Werner


 NUMBER OF ELECTRONS:      10+   10-    SPACE SYMMETRY=1    SPIN SYMMETRY: Singlet 
 CONVERGENCE THRESHOLDS:    1.00E-08 (Density)    1.00E-09 (Energy)
 MAX. NUMBER OF ITERATIONS:       60
 INTERPOLATION TYPE:            DIIS
 INTERPOLATION STEPS:              2 (START)      1 (STEP)
 LEVEL SHIFTS:                  0.00 (CLOSED)  0.00 (OPEN) 



 Orbital guess generated from atomic densities. Full valence occupancy:   16

 Molecular orbital dump at record        2104.2

 Initial occupancy:  10

 ITERATION    DDIFF          GRAD             ENERGY        2-EL.EN.            DIPOLE MOMENTS         DIIS   ORB.
    1      0.000D+00      0.000D+00      -116.21110985    157.648199    0.31329    1.08581   -0.26150    0    start
    2      0.000D+00      0.440D-02      -116.25522143    152.623105    0.14495    0.62381   -0.09884    1    diag
    3      0.396D-02      0.260D-02      -116.26892566    154.706878    0.18682    0.74154   -0.13921    2    diag
    4      0.132D-02      0.383D-03      -116.26958704    154.594871    0.18336    0.73118   -0.13593    3    diag
    5      0.298D-03      0.113D-03      -116.26965563    154.590003    0.18274    0.73099   -0.13511    4    diag
    6      0.104D-03      0.275D-04      -116.26965948    154.595886    0.18246    0.73028   -0.13480    5    diag
    7      0.296D-04      0.535D-05      -116.26965970    154.594394    0.18245    0.73031   -0.13477    6    diag
    8      0.823D-05      0.138D-05      -116.26965972    154.594547    0.18242    0.73025   -0.13473    7    diag
    9      0.163D-05      0.312D-06      -116.26965972    154.594521    0.18241    0.73023   -0.13472    8    diag
   10      0.540D-06      0.351D-07      -116.26965972    154.594521    0.18241    0.73023   -0.13471    9    orth
   11      0.447D-07      0.874D-08      -116.26965972    154.594523    0.18241    0.73023   -0.13471    9    diag
   12      0.173D-07      0.230D-08      -116.26965972    154.594522    0.18241    0.73023   -0.13471    9    diag
   13      0.299D-08      0.599D-09      -116.26965972    154.594523    0.18241    0.73023   -0.13471    0    orth

 Final occupancy:  10

 !RHF STATE 1.1 Energy               -116.269659723729
 Nuclear energy                        35.98231600
 One-electron energy                 -229.54923708
 Two-electron energy                   77.29726136
 Virial quotient                       -1.00125482
 !RHF STATE 1.1 Dipole moment           0.18240761     0.73023289    -0.13471307
 Dipole moment /Debye                   0.46360352     1.85594530    -0.34238406

 Orbital energies:

         1.1          2.1          3.1          4.1          5.1          6.1          7.1          8.1          9.1         10.1
    -20.572106   -11.192375    -1.340465    -0.945719    -0.705004    -0.579283    -0.546251    -0.544723    -0.542892    -0.508540

        11.1         12.1
      0.023385     0.033789

 HOMO     10.1    -0.508540 =     -13.8381eV
 LUMO     11.1     0.023385 =       0.6363eV
 LUMO-HOMO         0.531925 =      14.4744eV


 **********************************************************************************************************************************
 DATASETS  * FILE   NREC   LENGTH (MB)   RECORD NAMES
              1      19     8122.11       500      610      700      900      950      970     1000      129      960     1100   
                                          VAR    BASINP    GEOM    SYMINP    ZMAT    AOBASIS   BASIS     P2S    ABASIS      S 
                                         1400     1410     1200     1210     1080     1600     1650     1300     1700   
                                           T        V       H0       H01     AOSYM     SMH    MOLCAS    ERIS     OPER   

              2       9       33.49       200      700     1000      520     2100     2101     2102     2103     2104   
                                        OPTIONS   GEOM     BASIS   MCVARS     RHF      RHF      RHF      RHF      RHF  

 PROGRAMS   *        TOTAL        HF       INT       MP3        HF       INT       MP3        HF       INT       MP3        HF
 CPU TIMES  *       993.82    160.05      0.12     29.21    148.20      0.10     28.93    148.67      0.11     29.07    125.42
 REAL TIME  *      1706.19 SEC
 DISK USED  *        22.89 GB      
 **********************************************************************************************************************************
 SETTING ESCF_AB        =      -116.26965972  AU                              


 PROGRAM * MP3 (Closed-shell)     Authors: C. Hampel, H.-J. Werner, 1991, M. Deegan, P.J. Knowles, 1992


 Convergence thresholds:  THRVAR = 1.00D-08  THRDEN = 1.00D-08

 Number of core orbitals:           2 (   2 )
 Number of closed-shell orbitals:   8 (   8 )
 Number of external orbitals:     312 ( 312 )

 Molecular orbitals read from record     2104.2  Type=RHF/CANONICAL (state 1.1)

 Number of N-1 electron functions:               8
 Number of N-2 electron functions:              36
 Number of singly external CSFs:              2496
 Number of doubly external CSFs:           3116256
 Total number of CSFs:                     3118753

 Length of J-op  integral file:               0.00 MB
 Length of K-op  integral file:               7.17 MB

 Integral transformation finished. Total CPU:  17.22 sec, npass=  1  Memory used:   8.54 MW

 Reference energy:                   -116.26965972

                        CORR.ENERGY   TOTAL ENERGY   ENERGY CHANGE
 MP2:                   -0.47181210  -116.74147183    -0.47181210

 SCS-MP2 correlation energy:           -0.47721052   (PS=  1.200000  PT=  0.333333)
 SCS-MP2 total energy:               -116.74687024

 MP3(D):                -0.49200236  -116.76166208    -0.02019025



 RESULTS
 =======

  Reference energy                   -116.269659723730
  MP3 singlet pair energy              -0.346796237493
  MP3 triplet pair energy              -0.145206117697
  MP3 correlation energy               -0.492002355190

 !MP3 total energy                   -116.761662078920

 Timing summary (sec):

 STEP                 CPU(USER)    SYS     CPU(TOT)    WALL
 Transformation         17.57      6.40     23.97     24.24
 CCSD iterations        32.20      6.49     38.69     47.42

 Program statistics:

 Available memory in ccsd:             13999999644
 Min. memory needed in ccsd:               9187353
 Max. memory used in ccsd:                11873417
 Max. memory used in cckext:               8287581 ( 1 integral passes)



 **********************************************************************************************************************************
 DATASETS  * FILE   NREC   LENGTH (MB)   RECORD NAMES
              1      20     8168.71       500      610      700      900      950      970     1000      129      960     1100   
                                          VAR    BASINP    GEOM    SYMINP    ZMAT    AOBASIS   BASIS     P2S    ABASIS      S 
                                         1400     1410     1200     1210     1080     1600     1650     1300     1700     1380   
                                           T        V       H0       H01     AOSYM     SMH    MOLCAS    ERIS     OPER     JKOP   

              2       9       33.49       200      700     1000      520     2100     2101     2102     2103     2104   
                                        OPTIONS   GEOM     BASIS   MCVARS     RHF      RHF      RHF      RHF      RHF  

 PROGRAMS   *        TOTAL       MP3        HF       INT       MP3        HF       INT       MP3        HF       INT       MP3
 CPU TIMES  *      1043.62     49.80    160.05      0.12     29.21    148.20      0.10     28.93    148.67      0.11     29.07
 REAL TIME  *      1778.26 SEC
 DISK USED  *        22.89 GB      
 **********************************************************************************************************************************
 SETTING EMP3_AB        =      -116.76166208  AU                              
 SETTING EMP3_CORR_AB   =        -0.49200236  AU                              

 Running procedure=SET_DIMERAC

 Dummy atoms: O1  H5  H6


 Recomputing one-electron integrals since nuclear charges changed


 PROGRAM * SEWARD (Integral evaluation for generally contracted gaussian basis sets)     Author: Roland Lindh, 1990

 Geometry written to block  1 of record 700


 Point group  C1  



 ATOMIC COORDINATES

 NR  ATOM    CHARGE       X              Y              Z

   1  C1      6.00   -6.193010455    2.801518980    2.403542658
   2  H1      1.00   -4.656285171    1.699997622    3.119937832
   3  H2      1.00   -5.973046335    4.726205038    2.982932688
   4  H3      1.00   -7.940251230    2.077186956    3.118237078
   5  H4      1.00   -6.176569838    2.685300823    0.384937212
   6  O1      0.00   -8.342762895    8.383580979    6.757282676
   7  H5      0.00   -7.349144898    9.034591629    5.278760956
   8  H6      0.00   -8.743006888    9.863803452    7.746365330
   9  O2      8.00   -0.286671453    5.096969303   -1.596440630
  10  H7      1.00    1.007979915    5.665587894   -2.749362539
  11  H8      1.00   -1.895773248    5.235675201   -2.565492187

 Bond lengths in Bohr (Angstrom)

 1-2  2.021904040  1-3  2.022002335  1-4  2.021953343  1-5  2.022015060  6-7  1.896606987
     ( 1.069945541)     ( 1.069997556)     ( 1.069971630)     ( 1.070004290)     ( 1.003641196)

  6- 8  1.824702255   9-10  1.824466550   9-11  1.883483165
       ( 0.965590850)       ( 0.965466121)       ( 0.996696368)

 Bond angles

  2-1-3  109.53398059   2-1-4  109.65604535   2-1-5  108.43490854   3-1-4  109.49436728

  3- 1- 5  109.86987750   4- 1- 5  109.83468330   7- 6- 8  105.01239280  10- 9-11  104.96066383

 NUCLEAR CHARGE:                   20
 NUMBER OF PRIMITIVE AOS:         417
 NUMBER OF SYMMETRY AOS:          374
 NUMBER OF CONTRACTIONS:          322   ( 322A   )
 NUMBER OF CORE ORBITALS:           2   (   2A   )
 NUMBER OF VALENCE ORBITALS:       14   (  14A   )

 MOLECULE CHANGED: INITIALIZING OCCUPATION AND DUMP RECORDS


 NUCLEAR REPULSION ENERGY   35.80046073


 Eigenvalues of metric

         1 0.431E-04 0.542E-04 0.717E-04 0.949E-04 0.325E-03 0.332E-03 0.344E-03 0.352E-03


 Contracted 2-electron integrals neglected if value below      1.0D-19

 OPERATOR DM      FOR CENTER  0  COORDINATES:    0.000000    0.000000    0.000000


 **********************************************************************************************************************************
 DATASETS  * FILE   NREC   LENGTH (MB)   RECORD NAMES
              1      19     8122.11       500      610      700      900      950      970     1000      129      960     1100   
                                          VAR    BASINP    GEOM    SYMINP    ZMAT    AOBASIS   BASIS     P2S    ABASIS      S 
                                         1400     1410     1200     1210     1080     1600     1650     1300     1700   
                                           T        V       H0       H01     AOSYM     SMH    MOLCAS    ERIS     OPER   

              2       9       33.49       200      700     1000      520     2100     2101     2102     2103     2104   
                                        OPTIONS   GEOM     BASIS   MCVARS     RHF      RHF      RHF      RHF      RHF  

 PROGRAMS   *        TOTAL       INT       MP3        HF       INT       MP3        HF       INT       MP3        HF       INT
 CPU TIMES  *      1043.74      0.11     49.80    160.05      0.12     29.21    148.20      0.10     28.93    148.67      0.11
 REAL TIME  *      1778.60 SEC
 DISK USED  *        22.89 GB      
 **********************************************************************************************************************************


 PROGRAM * RHF-SCF (CLOSED SHELL)       Authors: W. Meyer, H.-J. Werner


 NUMBER OF ELECTRONS:      10+   10-    SPACE SYMMETRY=1    SPIN SYMMETRY: Singlet 
 CONVERGENCE THRESHOLDS:    1.00E-08 (Density)    1.00E-09 (Energy)
 MAX. NUMBER OF ITERATIONS:       60
 INTERPOLATION TYPE:            DIIS
 INTERPOLATION STEPS:              2 (START)      1 (STEP)
 LEVEL SHIFTS:                  0.00 (CLOSED)  0.00 (OPEN) 



 Orbital guess generated from atomic densities. Full valence occupancy:   16

 Molecular orbital dump at record        2105.2

 Initial occupancy:  10

 ITERATION    DDIFF          GRAD             ENERGY        2-EL.EN.            DIPOLE MOMENTS         DIIS   ORB.
    1      0.000D+00      0.000D+00      -116.21228863    157.284076   -0.16741    0.35802   -1.08751    0    start
    2      0.000D+00      0.440D-02      -116.25634727    152.256314   -0.04944    0.20870   -0.60867    1    diag
    3      0.400D-02      0.260D-02      -116.26999662    154.335270   -0.07827    0.24696   -0.72986    2    diag
    4      0.133D-02      0.381D-03      -116.27065039    154.223536   -0.07557    0.24372   -0.71957    3    diag
    5      0.297D-03      0.112D-03      -116.27071768    154.218094   -0.07476    0.24380   -0.71917    4    diag
    6      0.106D-03      0.273D-04      -116.27072143    154.223948   -0.07440    0.24359   -0.71849    5    diag
    7      0.294D-04      0.527D-05      -116.27072165    154.222429   -0.07435    0.24361   -0.71852    6    diag
    8      0.826D-05      0.134D-05      -116.27072167    154.222573   -0.07431    0.24360   -0.71847    7    diag
    9      0.174D-05      0.302D-06      -116.27072167    154.222549   -0.07430    0.24359   -0.71845    8    diag
   10      0.548D-06      0.339D-07      -116.27072167    154.222550   -0.07430    0.24359   -0.71845    9    orth
   11      0.433D-07      0.829D-08      -116.27072167    154.222551   -0.07430    0.24359   -0.71845    9    diag
   12      0.163D-07      0.215D-08      -116.27072167    154.222551   -0.07430    0.24359   -0.71845    9    diag
   13      0.286D-08      0.576D-09      -116.27072167    154.222551   -0.07430    0.24359   -0.71845    0    orth

 Final occupancy:  10

 !RHF STATE 1.1 Energy               -116.270721668534
 Nuclear energy                        35.80046073
 One-electron energy                 -229.18245792
 Two-electron energy                   77.11127552
 Virial quotient                       -1.00117179
 !RHF STATE 1.1 Dipole moment          -0.07430055     0.24359014    -0.71845000
 Dipole moment /Debye                  -0.18884079     0.61910383    -1.82599816

 Orbital energies:

         1.1          2.1          3.1          4.1          5.1          6.1          7.1          8.1          9.1         10.1
    -20.570819   -11.192916    -1.341291    -0.946264    -0.705676    -0.579232    -0.547454    -0.545171    -0.543071    -0.508058

        11.1         12.1
      0.025186     0.033246

 HOMO     10.1    -0.508058 =     -13.8250eV
 LUMO     11.1     0.025186 =       0.6854eV
 LUMO-HOMO         0.533245 =      14.5103eV


 **********************************************************************************************************************************
 DATASETS  * FILE   NREC   LENGTH (MB)   RECORD NAMES
              1      19     8122.11       500      610      700      900      950      970     1000      129      960     1100   
                                          VAR    BASINP    GEOM    SYMINP    ZMAT    AOBASIS   BASIS     P2S    ABASIS      S 
                                         1400     1410     1200     1210     1080     1600     1650     1300     1700   
                                           T        V       H0       H01     AOSYM     SMH    MOLCAS    ERIS     OPER   

              2      10       40.14       200      700     1000      520     2100     2101     2102     2103     2104     2105   
                                        OPTIONS   GEOM     BASIS   MCVARS     RHF      RHF      RHF      RHF      RHF      RHF  

 PROGRAMS   *        TOTAL        HF       INT       MP3        HF       INT       MP3        HF       INT       MP3        HF
 CPU TIMES  *      1203.70    159.95      0.11     49.80    160.05      0.12     29.21    148.20      0.10     28.93    148.67
 REAL TIME  *      2041.79 SEC
 DISK USED  *        22.89 GB      
 **********************************************************************************************************************************
 SETTING ESCF_AC        =      -116.27072167  AU                              


 PROGRAM * MP3 (Closed-shell)     Authors: C. Hampel, H.-J. Werner, 1991, M. Deegan, P.J. Knowles, 1992


 Convergence thresholds:  THRVAR = 1.00D-08  THRDEN = 1.00D-08

 Number of core orbitals:           2 (   2 )
 Number of closed-shell orbitals:   8 (   8 )
 Number of external orbitals:     312 ( 312 )

 Molecular orbitals read from record     2105.2  Type=RHF/CANONICAL (state 1.1)

 Number of N-1 electron functions:               8
 Number of N-2 electron functions:              36
 Number of singly external CSFs:              2496
 Number of doubly external CSFs:           3116256
 Total number of CSFs:                     3118753

 Length of J-op  integral file:               0.00 MB
 Length of K-op  integral file:               7.17 MB

 Integral transformation finished. Total CPU:  17.27 sec, npass=  1  Memory used:   8.54 MW

 Reference energy:                   -116.27072167

                        CORR.ENERGY   TOTAL ENERGY   ENERGY CHANGE
 MP2:                   -0.47134624  -116.74206791    -0.47134624

 SCS-MP2 correlation energy:           -0.47677343   (PS=  1.200000  PT=  0.333333)
 SCS-MP2 total energy:               -116.74749509

 MP3(D):                -0.49159134  -116.76231301    -0.02024510



 RESULTS
 =======

  Reference energy                   -116.270721668532
  MP3 singlet pair energy              -0.346541248057
  MP3 triplet pair energy              -0.145050093173
  MP3 correlation energy               -0.491591341230

 !MP3 total energy                   -116.762313009762

 Timing summary (sec):

 STEP                 CPU(USER)    SYS     CPU(TOT)    WALL
 Transformation         17.62      6.26     23.88     23.94
 CCSD iterations        32.16      6.37     38.53     38.75

 Program statistics:

 Available memory in ccsd:             13999999644
 Min. memory needed in ccsd:               9187353
 Max. memory used in ccsd:                11873417
 Max. memory used in cckext:               8287581 ( 1 integral passes)



 **********************************************************************************************************************************
 DATASETS  * FILE   NREC   LENGTH (MB)   RECORD NAMES
              1      20     8168.71       500      610      700      900      950      970     1000      129      960     1100   
                                          VAR    BASINP    GEOM    SYMINP    ZMAT    AOBASIS   BASIS     P2S    ABASIS      S 
                                         1400     1410     1200     1210     1080     1600     1650     1300     1700     1380   
                                           T        V       H0       H01     AOSYM     SMH    MOLCAS    ERIS     OPER     JKOP   

              2      10       40.14       200      700     1000      520     2100     2101     2102     2103     2104     2105   
                                        OPTIONS   GEOM     BASIS   MCVARS     RHF      RHF      RHF      RHF      RHF      RHF  

 PROGRAMS   *        TOTAL       MP3        HF       INT       MP3        HF       INT       MP3        HF       INT       MP3
 CPU TIMES  *      1253.51     49.80    159.95      0.11     49.80    160.05      0.12     29.21    148.20      0.10     28.93
 REAL TIME  *      2104.62 SEC
 DISK USED  *        22.89 GB      
 **********************************************************************************************************************************
 SETTING EMP3_AC        =      -116.76231301  AU                              
 SETTING EMP3_CORR_AC   =        -0.49159134  AU                              

 Running procedure=SET_DIMERBC

 Dummy atoms: C1  H1  H2  H3  H4


 Recomputing one-electron integrals since nuclear charges changed


 PROGRAM * SEWARD (Integral evaluation for generally contracted gaussian basis sets)     Author: Roland Lindh, 1990

 Geometry written to block  1 of record 700


 Point group  C1  



 ATOMIC COORDINATES

 NR  ATOM    CHARGE       X              Y              Z

   1  C1      0.00   -6.193010455    2.801518980    2.403542658
   2  H1      0.00   -4.656285171    1.699997622    3.119937832
   3  H2      0.00   -5.973046335    4.726205038    2.982932688
   4  H3      0.00   -7.940251230    2.077186956    3.118237078
   5  H4      0.00   -6.176569838    2.685300823    0.384937212
   6  O1      8.00   -8.342762895    8.383580979    6.757282676
   7  H5      1.00   -7.349144898    9.034591629    5.278760956
   8  H6      1.00   -8.743006888    9.863803452    7.746365330
   9  O2      8.00   -0.286671453    5.096969303   -1.596440630
  10  H7      1.00    1.007979915    5.665587894   -2.749362539
  11  H8      1.00   -1.895773248    5.235675201   -2.565492187

 Bond lengths in Bohr (Angstrom)

 1-2  2.021904040  1-3  2.022002335  1-4  2.021953343  1-5  2.022015060  6-7  1.896606987
     ( 1.069945541)     ( 1.069997556)     ( 1.069971630)     ( 1.070004290)     ( 1.003641196)

  6- 8  1.824702255   9-10  1.824466550   9-11  1.883483165
       ( 0.965590850)       ( 0.965466121)       ( 0.996696368)

 Bond angles

  2-1-3  109.53398059   2-1-4  109.65604535   2-1-5  108.43490854   3-1-4  109.49436728

  3- 1- 5  109.86987750   4- 1- 5  109.83468330   7- 6- 8  105.01239280  10- 9-11  104.96066383

 NUCLEAR CHARGE:                   20
 NUMBER OF PRIMITIVE AOS:         417
 NUMBER OF SYMMETRY AOS:          374
 NUMBER OF CONTRACTIONS:          322   ( 322A   )
 NUMBER OF CORE ORBITALS:           2   (   2A   )
 NUMBER OF VALENCE ORBITALS:       12   (  12A   )

 MOLECULE CHANGED: INITIALIZING OCCUPATION AND DUMP RECORDS


 NUCLEAR REPULSION ENERGY   26.15749863


 Eigenvalues of metric

         1 0.431E-04 0.542E-04 0.717E-04 0.949E-04 0.325E-03 0.332E-03 0.344E-03 0.352E-03


 Contracted 2-electron integrals neglected if value below      1.0D-19

 OPERATOR DM      FOR CENTER  0  COORDINATES:    0.000000    0.000000    0.000000


 **********************************************************************************************************************************
 DATASETS  * FILE   NREC   LENGTH (MB)   RECORD NAMES
              1      19     8122.11       500      610      700      900      950      970     1000      129      960     1100   
                                          VAR    BASINP    GEOM    SYMINP    ZMAT    AOBASIS   BASIS     P2S    ABASIS      S 
                                         1400     1410     1200     1210     1080     1600     1650     1300     1700   
                                           T        V       H0       H01     AOSYM     SMH    MOLCAS    ERIS     OPER   

              2      10       40.14       200      700     1000      520     2100     2101     2102     2103     2104     2105   
                                        OPTIONS   GEOM     BASIS   MCVARS     RHF      RHF      RHF      RHF      RHF      RHF  

 PROGRAMS   *        TOTAL       INT       MP3        HF       INT       MP3        HF       INT       MP3        HF       INT
 CPU TIMES  *      1253.63      0.12     49.80    159.95      0.11     49.80    160.05      0.12     29.21    148.20      0.10
 REAL TIME  *      2105.05 SEC
 DISK USED  *        22.89 GB      
 **********************************************************************************************************************************


 PROGRAM * RHF-SCF (CLOSED SHELL)       Authors: W. Meyer, H.-J. Werner


 NUMBER OF ELECTRONS:      10+   10-    SPACE SYMMETRY=1    SPIN SYMMETRY: Singlet 
 CONVERGENCE THRESHOLDS:    1.00E-08 (Density)    1.00E-09 (Energy)
 MAX. NUMBER OF ITERATIONS:       60
 INTERPOLATION TYPE:            DIIS
 INTERPOLATION STEPS:              2 (START)      1 (STEP)
 LEVEL SHIFTS:                  0.00 (CLOSED)  0.00 (OPEN) 



 Orbital guess generated from atomic densities. Full valence occupancy:   14

 Molecular orbital dump at record        2106.2

 Initial occupancy:  10

 ITERATION    DDIFF          GRAD             ENERGY        2-EL.EN.            DIPOLE MOMENTS         DIIS   ORB.
    1      0.000D+00      0.000D+00      -152.03739846    171.167699    0.13892    1.45089   -1.34917    0    start
    2      0.000D+00      0.544D-02      -152.09083481    163.839351    0.09139    0.83451   -0.77309    1    diag
    3      0.451D-02      0.349D-02      -152.11399982    167.084608    0.10434    0.98929   -0.91440    2    diag
    4      0.164D-02      0.321D-03      -152.11439029    166.905655    0.10454    0.98399   -0.90707    3    diag
    5      0.211D-03      0.906D-04      -152.11443258    166.934592    0.10473    0.98205   -0.90413    4    diag
    6      0.691D-04      0.180D-04      -152.11443530    166.932813    0.10473    0.98165   -0.90351    5    diag
    7      0.179D-04      0.395D-05      -152.11443543    166.933026    0.10478    0.98159   -0.90325    6    diag
    8      0.438D-05      0.182D-05      -152.11443544    166.933064    0.10476    0.98151   -0.90323    7    diag
    9      0.123D-05      0.378D-06      -152.11443544    166.933032    0.10475    0.98149   -0.90320    8    diag
   10      0.388D-06      0.476D-07      -152.11443544    166.933026    0.10475    0.98149   -0.90319    9    orth
   11      0.558D-07      0.125D-07      -152.11443544    166.933030    0.10475    0.98149   -0.90319    9    diag
   12      0.152D-07      0.240D-08      -152.11443544    166.933029    0.10475    0.98149   -0.90319    9    diag
   13      0.316D-08      0.663D-09      -152.11443544    166.933029    0.10475    0.98149   -0.90319    0    orth

 Final occupancy:  10

 !RHF STATE 1.1 Energy               -152.114435440306
 Nuclear energy                        26.15749863
 One-electron energy                 -261.73844873
 Two-electron energy                   83.46651466
 Virial quotient                       -1.00257036
 !RHF STATE 1.1 Dipole moment           0.10475484     0.98148943    -0.90319421
 Dipole moment /Debye                   0.26624280     2.49453391    -2.29554034

 Orbital energies:

         1.1          2.1          3.1          4.1          5.1          6.1          7.1          8.1          9.1         10.1
    -20.572468   -20.569112    -1.342907    -1.337368    -0.707239    -0.701595    -0.580735    -0.576066    -0.509708    -0.505512

        11.1         12.1
      0.021607     0.033870

 HOMO     10.1    -0.505512 =     -13.7557eV
 LUMO     11.1     0.021607 =       0.5879eV
 LUMO-HOMO         0.527119 =      14.3436eV


 **********************************************************************************************************************************
 DATASETS  * FILE   NREC   LENGTH (MB)   RECORD NAMES
              1      19     8122.11       500      610      700      900      950      970     1000      129      960     1100   
                                          VAR    BASINP    GEOM    SYMINP    ZMAT    AOBASIS   BASIS     P2S    ABASIS      S 
                                         1400     1410     1200     1210     1080     1600     1650     1300     1700   
                                           T        V       H0       H01     AOSYM     SMH    MOLCAS    ERIS     OPER   

              2      11       46.80       200      700     1000      520     2100     2101     2102     2103     2104     2105   
                                        OPTIONS   GEOM     BASIS   MCVARS     RHF      RHF      RHF      RHF      RHF      RHF  
                                         2106   
                                          RHF  

 PROGRAMS   *        TOTAL        HF       INT       MP3        HF       INT       MP3        HF       INT       MP3        HF
 CPU TIMES  *      1413.60    159.97      0.12     49.80    159.95      0.11     49.80    160.05      0.12     29.21    148.20
 REAL TIME  *      2362.08 SEC
 DISK USED  *        22.89 GB      
 **********************************************************************************************************************************
 SETTING ESCF_BC        =      -152.11443544  AU                              


 PROGRAM * MP3 (Closed-shell)     Authors: C. Hampel, H.-J. Werner, 1991, M. Deegan, P.J. Knowles, 1992


 Convergence thresholds:  THRVAR = 1.00D-08  THRDEN = 1.00D-08

 Number of core orbitals:           2 (   2 )
 Number of closed-shell orbitals:   8 (   8 )
 Number of external orbitals:     312 ( 312 )

 Molecular orbitals read from record     2106.2  Type=RHF/CANONICAL (state 1.1)

 Number of N-1 electron functions:               8
 Number of N-2 electron functions:              36
 Number of singly external CSFs:              2496
 Number of doubly external CSFs:           3116256
 Total number of CSFs:                     3118753

 Length of J-op  integral file:               0.00 MB
 Length of K-op  integral file:               7.17 MB

 Integral transformation finished. Total CPU:  17.33 sec, npass=  1  Memory used:   8.54 MW

 Reference energy:                   -152.11443544

                        CORR.ENERGY   TOTAL ENERGY   ENERGY CHANGE
 MP2:                   -0.54093121  -152.65536665    -0.54093121

 SCS-MP2 correlation energy:           -0.53540052   (PS=  1.200000  PT=  0.333333)
 SCS-MP2 total energy:               -152.64983596

 MP3(D):                -0.54531472  -152.65975016    -0.00438351



 RESULTS
 =======

  Reference energy                   -152.114435440305
  MP3 singlet pair energy              -0.366607983519
  MP3 triplet pair energy              -0.178706732958
  MP3 correlation energy               -0.545314716477

 !MP3 total energy                   -152.659750156782

 Timing summary (sec):

 STEP                 CPU(USER)    SYS     CPU(TOT)    WALL
 Transformation         17.68      6.36     24.04     24.16
 CCSD iterations        32.21      6.34     38.55     38.80

 Program statistics:

 Available memory in ccsd:             13999999644
 Min. memory needed in ccsd:               9187353
 Max. memory used in ccsd:                11873417
 Max. memory used in cckext:               8287581 ( 1 integral passes)



 **********************************************************************************************************************************
 DATASETS  * FILE   NREC   LENGTH (MB)   RECORD NAMES
              1      20     8168.71       500      610      700      900      950      970     1000      129      960     1100   
                                          VAR    BASINP    GEOM    SYMINP    ZMAT    AOBASIS   BASIS     P2S    ABASIS      S 
                                         1400     1410     1200     1210     1080     1600     1650     1300     1700     1380   
                                           T        V       H0       H01     AOSYM     SMH    MOLCAS    ERIS     OPER     JKOP   

              2      11       46.80       200      700     1000      520     2100     2101     2102     2103     2104     2105   
                                        OPTIONS   GEOM     BASIS   MCVARS     RHF      RHF      RHF      RHF      RHF      RHF  
                                         2106   
                                          RHF  

 PROGRAMS   *        TOTAL       MP3        HF       INT       MP3        HF       INT       MP3        HF       INT       MP3
 CPU TIMES  *      1463.51     49.91    159.97      0.12     49.80    159.95      0.11     49.80    160.05      0.12     29.21
 REAL TIME  *      2425.31 SEC
 DISK USED  *        22.89 GB      
 **********************************************************************************************************************************
 SETTING EMP3_BC        =      -152.65975016  AU                              
 SETTING EMP3_CORR_BC   =        -0.54531472  AU                              
 SETTING E_INT_ABC      =        -0.00048713  AU                              
 SETTING E_INT_AB       =        -0.00017597  AU                              
 SETTING E_INT_AC       =        -0.00030839  AU                              
 SETTING E_INT_BC       =    -8.65717183D-06  AU                              
 SETTING E_ADD          =        -0.00049302  AU                              
 SETTING E_NONADD_MP3   =     5.88682957D-06  AU                              
 SETTING E_INT_ABC_CORR =        -0.00114421  AU                              
 SETTING E_INT_AB_CORR  =        -0.00065040  AU                              
 SETTING E_INT_AC_CORR  =        -0.00046623  AU                              
 SETTING E_INT_BC_CORR  =    -2.37698230D-05  AU                              
 SETTING E_INT_ABC_CORR_ADD              =      -0.00114040  AU                              
 SETTING E_INT_ABC_CORR_NONADD           =  -3.80638006D-06  AU                              
 SETTING E_INT_ABC_HF   =         0.00065708  AU                              
 SETTING E_INT_AB_HF    =         0.00047443  AU                              
 SETTING E_INT_AC_HF    =         0.00015784  AU                              
 SETTING E_INT_BC_HF    =     1.51126512D-05  AU                              
 SETTING E_INT_ABC_HF_ADD                =       0.00064739  AU                              
 SETTING E_INT_ABC_HF_NONADD             =   9.69320963D-06  AU                              

 *** results in millihartree
 E_INT_ABC        =        -0.00048713 AU
 E_INT_AB         =        -0.00017597 AU
 E_INT_AC         =        -0.00030839 AU
 E_INT_BC         =        -0.00000866 AU
 E_ADD            =        -0.00049302 AU
 E_NONADD_MP3     =         0.00000589 AU
 E_INT_ABC_CORR   =        -0.00114421 AU
 E_INT_AB_CORR    =        -0.00065040 AU
 E_INT_AC_CORR    =        -0.00046623 AU
 E_INT_BC_CORR    =        -0.00002377 AU
 E_INT_ABC_CORR_ADD       =        -0.00114040 AU
 E_INT_ABC_CORR_NONADD    =        -0.00000381 AU
 E_INT_ABC_HF     =         0.00065708 AU
 E_INT_AB_HF      =         0.00047443 AU
 E_INT_AC_HF      =         0.00015784 AU
 E_INT_BC_HF      =         0.00001511 AU
 E_INT_ABC_HF_ADD =         0.00064739 AU
 E_INT_ABC_HF_NONADD      =         0.00000969 AU

 MP3/aug-cc-pVTZ energy=   -152.659750156782

        MP3             HF-SCF          MP3             HF-SCF          MP3             HF-SCF          MP3             HF-SCF  
   -152.65975016   -152.11443544   -116.76231301   -116.27072167   -116.76166208   -116.26965972    -76.33013000    -76.05759796
 **********************************************************************************************************************************
 Molpro calculation terminated
 Variable memory released
