
 Primary working directories    : /net/scratch/people/plgsirous
 Secondary working directories  : /net/scratch/people/plgsirous
 Wavefunction directory         : /net/people/plgsirous/wfu/
 Main file repository           : /net/scratch/people/plgsirous/

 SHA1      : 
 NAME      : 
 ARCHNAME  : linux/x86_64
 FC        : /net/software/local/intel/impi/2018.1.163/bin64/mpiifort
 BLASLIB   : -L/net/software/local/intel/compilers_and_libraries_2018.1.163/linux/mkl/lib/intel64 -lmkl_scalapack_ilp64 -lmkl_intel_ilp64 -lmkl_intel_thread -lmkl_core -lmkl_blacs_intelmpi_ilp64 -liomp5 -lpthread -lm -ldl
 id        : pl

 Nodes     nprocs
 p0919        1

 Using customized tuning parameters: mindgm=7; mindgv=20; mindgc=1; mindgr=1; noblas=0; minvec=7
 default implementation of scratch files=df  

 ***,MP3SD(T)
 memory,14000,m
 gthresh,orbital=1d-8,energy=1d-8,twoint=1.d-19
 angstrom
 geometry={
 C1        -3.2772    1.4825     1.2719
 H1        -2.4640    0.8996     1.6510
 H2        -3.1608    2.5010     1.5785
 H3        -4.2018    1.0992     1.6501
 H4        -3.2685    1.4210     0.2037
 O1        -4.4148    4.4364     3.5758
 H5        -3.8890    4.7809     2.7934
 H6        -4.6266    5.2197     4.0992
 O2        -0.5346    4.1678     1.5431
 H7        -0.4337    3.5180     2.2625
 H8        -0.3413    3.6684     0.7252
   }
 
 nkerna=1
 nkernb=1
 nkernc=1
 nkernab=$nkerna+$nkernb
 nkernac=$nkerna+$nkernc
 nkernbc=$nkernb+$nkernc
 nkernabc=$nkerna+$nkernb+$nkernc
 
 proc set_monomera
 core,$nkerna
 dummy,6,7,8,9,10,11;
 endproc
 
 proc set_monomerb
 core,$nkernb
 dummy,1,2,3,4,5,9,10,11;
 endproc
 
 proc set_monomerc
 core,$nkernc
 dummy,1,2,3,4,5,6,7,8;
 endproc
 
 proc set_dimerab
 core,$nkerna+$nkernb
 dummy,9,10,11;
 endproc
 
 proc set_dimerac
 core,$nkerna+$nkernc
 dummy,6,7,8;
 endproc
 
 proc set_dimerbc
 core,$nkernb+$nkernc
 dummy,1,2,3,4,5;
 endproc
 
 proc set_trimerabc
 core,$nkerna+$nkernb+$nkernc
 endproc
 
 basis=avtz
 
 set_trimerabc
 hf
 Escf_ABC=energy
 mp3
 Emp3_ABC=energy
 Emp3_corr_ABC=(Emp3_ABC)-(Escf_ABC)
 
 set_monomera
 {hf
 start,atden}
 Escf_A=energy
 mp3
 Emp3_A=energy
 Emp3_corr_A=(Emp3_A)-(Escf_A)
 
 set_monomerb
 {hf
 start,atden}
 Escf_B=energy
 mp3
 Emp3_B=energy
 Emp3_corr_B=(Emp3_B)-(Escf_B)
 
 set_monomerc
 {hf
 start,atden}
 Escf_C=energy
 mp3
 Emp3_C=energy
 Emp3_corr_C=(Emp3_C)-(Escf_C)
 
 set_dimerab
 {hf
 start,atden}
 Escf_AB=energy
 mp3
 Emp3_AB=energy
 Emp3_corr_AB=(Emp3_AB)-(Escf_AB)
 
 set_dimerac
 {hf
 start,atden}
 Escf_AC=energy
 mp3
 Emp3_AC=energy
 Emp3_corr_AC=(Emp3_AC)-(Escf_AC)
 
 set_dimerbc
 {hf
 start,atden}
 Escf_BC=energy
 mp3
 Emp3_BC=energy
 Emp3_corr_BC=(Emp3_BC)-(Escf_BC)
 
 E_int_ABC=Emp3_ABC-(Emp3_A+Emp3_B+Emp3_C)
 E_int_AB=Emp3_AB-(Emp3_A+Emp3_B)
 E_int_AC=Emp3_AC-(Emp3_A+Emp3_C)
 E_int_BC=Emp3_BC-(Emp3_B+Emp3_C)
 E_add=E_int_AB+E_int_AC+E_int_BC
 E_nonadd_MP3=E_int_ABC-(E_int_AB+E_int_AC+E_int_BC)
                                                                                 !!!!!Correlation part of interaction energy!!!!!!
 E_int_ABC_corr=Emp3_corr_ABC-(Emp3_corr_A+Emp3_corr_B+Emp3_corr_C)
 E_int_AB_corr=Emp3_corr_AB-(Emp3_corr_A+Emp3_corr_B)
 E_int_AC_corr=Emp3_corr_AC-(Emp3_corr_A+Emp3_corr_C)
 E_int_BC_corr=Emp3_corr_BC-(Emp3_corr_B+Emp3_corr_C)
 E_int_ABC_corr_add=E_int_AB_corr+E_int_AC_corr+E_int_BC_corr
 E_int_ABC_corr_nonadd=E_int_ABC_corr-E_int_ABC_corr_add
                                                                                 !!!!HF part of interaction energy!!!!
 E_int_ABC_HF=E_int_ABC-E_int_ABC_corr
 E_int_AB_HF=E_int_AB-E_int_AB_corr
 E_int_AC_HF=E_int_AC-E_int_AC_corr
 E_int_BC_HF=E_int_BC-E_int_BC_corr
 E_int_ABC_HF_add=E_int_AB_HF+E_int_AC_HF+E_int_BC_HF
 E_int_ABC_HF_nonadd=E_int_ABC_HF-E_int_ABC_HF_add
 
 text,results in millihartree
                                                                                 !!!!Interacion Energies!!!!!!
 show,E_int_ABC,E_int_AB,E_int_AC,E_int_BC,E_add,E_nonadd_MP3
                                                                                 !!!!Correlation Part!!!!!!!!
 show,E_int_ABC_corr,E_int_AB_corr,E_int_AC_corr,E_int_BC_corr,E_int_ABC_corr_add,E_int_ABC_corr_nonadd
                                                                                 !!!!SCF Part!!!!!
 show,E_int_ABC_HF,E_int_AB_HF,E_int_AC_HF,E_int_BC_HF,E_int_ABC_HF_add,E_int_ABC_HF_nonadd

 Variables initialized (889), CPU time= 0.00 sec
 Commands  initialized (702), CPU time= 0.01 sec, 572 directives.
 Default parameters read. Elapsed time= 0.07 sec

 Checking input...
 Passed
1


                                         ***  PROGRAM SYSTEM MOLPRO  ***
                                       Copyright, TTI GmbH Stuttgart, 2015
                                    Version 2015.1 linked Jul  2 2018 15:03:07


 **********************************************************************************************************************************
 LABEL *   MP3SD(T)                                                                      
  64 bit serial version                                                                  DATE: 28-Nov-18          TIME: 15:24:30  
 **********************************************************************************************************************************

 SHA1:             
 **********************************************************************************************************************************

 THRESHOLDS:

 ZERO    =  1.00D-12  ONEINT  =  1.00D-12  TWOINT  =  1.00D-19  PREFAC  =  1.00D-14  LOCALI  =  1.00D-09  EORDER  =  1.00D-04
 ENERGY  =  1.00D-08  ETEST   =  0.00D+00  EDENS   =  0.00D+00  THRDEDEF=  1.00D-06  GRADIENT=  1.00D-02  STEP    =  1.00D-03
 ORBITAL =  1.00D-08  CIVEC   =  1.00D-05  COEFF   =  1.00D-04  PRINTCI =  5.00D-02  PUNCHCI =  9.90D+01  OPTGRAD =  3.00D-04
 OPTENERG=  1.00D-06  OPTSTEP =  3.00D-04  THRGRAD =  1.00D-10  COMPRESS=  1.00D-11  VARMIN  =  1.00D-07  VARMAX  =  1.00D-03
 THRDOUB =  0.00D+00  THRDIV  =  1.00D-05  THRRED  =  1.00D-07  THRPSP  =  1.00D+00  THRDC   =  1.00D-10  THRCS   =  1.00D-10
 THRNRM  =  1.00D-08  THREQ   =  0.00D+00  THRDE   =  1.00D+00  THRREF  =  1.00D-05  SPARFAC =  1.00D+00  THRDLP  =  1.00D-07
 THRDIA  =  1.00D-10  THRDLS  =  1.00D-07  THRGPS  =  0.00D+00  THRKEX  =  0.00D+00  THRDIS  =  2.00D-01  THRVAR  =  1.00D-10
 THRLOC  =  1.00D-06  THRGAP  =  1.00D-06  THRLOCT = -1.00D+00  THRGAPT = -1.00D+00  THRORB  =  1.00D-06  THRMLTP =  0.00D+00
 THRCPQCI=  1.00D-10  KEXTA   =  0.00D+00  THRCOARS=  0.00D+00  SYMTOL  =  1.00D-06  GRADTOL =  1.00D-06  THROVL  =  1.00D-08
 THRORTH =  1.00D-08  GRID    =  1.00D-06  GRIDMAX =  1.00D-03  DTMAX   =  0.00D+00  THROCCDE=  1.00D-01  THROCCDE=  1.00D-01


 ZUNIT=ANG
 

Geometry recognized as XYZ

 SETTING NKERNA         =         1.00000000                                  
 SETTING NKERNB         =         1.00000000                                  
 SETTING NKERNC         =         1.00000000                                  
 SETTING NKERNAB        =         2.00000000                                  
 SETTING NKERNAC        =         2.00000000                                  
 SETTING NKERNBC        =         2.00000000                                  
 SETTING NKERNABC       =         3.00000000                                  

 Variable memory set to ********** words,  buffer space   230000 words

 SETTING BASIS          =    AVTZ

 Running procedure=SET_TRIMERABC


 Recomputing integrals since basis changed


 Using spherical harmonics

 Library entry C      S aug-cc-pVTZ          selected for orbital group  1
 Library entry C      P aug-cc-pVTZ          selected for orbital group  1
 Library entry C      D aug-cc-pVTZ          selected for orbital group  1
 Library entry C      F aug-cc-pVTZ          selected for orbital group  1
 Library entry H      S aug-cc-pVTZ          selected for orbital group  2
 Library entry H      P aug-cc-pVTZ          selected for orbital group  2
 Library entry H      D aug-cc-pVTZ          selected for orbital group  2
 Library entry O      S aug-cc-pVTZ          selected for orbital group  3
 Library entry O      P aug-cc-pVTZ          selected for orbital group  3
 Library entry O      D aug-cc-pVTZ          selected for orbital group  3
 Library entry O      F aug-cc-pVTZ          selected for orbital group  3


 PROGRAM * SEWARD (Integral evaluation for generally contracted gaussian basis sets)     Author: Roland Lindh, 1990

 Geometry written to block  1 of record 700


 Point group  C1  



 ATOMIC COORDINATES

 NR  ATOM    CHARGE       X              Y              Z

   1  C1      6.00   -6.193010455    2.801518980    2.403542658
   2  H1      1.00   -4.656285171    1.699997622    3.119937832
   3  H2      1.00   -5.973046335    4.726205038    2.982932688
   4  H3      1.00   -7.940251230    2.077186956    3.118237078
   5  H4      1.00   -6.176569838    2.685300823    0.384937212
   6  O1      8.00   -8.342762895    8.383580979    6.757282676
   7  H5      1.00   -7.349144898    9.034591629    5.278760956
   8  H6      1.00   -8.743006888    9.863803452    7.746365330
   9  O2      8.00   -1.010247586    7.876000542    2.916036383
  10  H7      1.00   -0.819574220    6.648056506    4.275505357
  11  H8      1.00   -0.644963526    6.932271315    1.370429386

 Bond lengths in Bohr (Angstrom)

 1-2  2.021904040  1-3  2.022002335  1-4  2.021953343  1-5  2.022015060  6-7  1.896606987
     ( 1.069945541)     ( 1.069997556)     ( 1.069971630)     ( 1.070004290)     ( 1.003641196)

  6- 8  1.824702255   9-10  1.841835709   9-11  1.847419359
       ( 0.965590850)       ( 0.974657483)       ( 0.977612224)

 Bond angles

  2-1-3  109.53398059   2-1-4  109.65604535   2-1-5  108.43490854   3-1-4  109.49436728

  3- 1- 5  109.86987750   4- 1- 5  109.83468330   7- 6- 8  105.01239280  10- 9-11  104.86126985

 NUCLEAR CHARGE:                   30
 NUMBER OF PRIMITIVE AOS:         417
 NUMBER OF SYMMETRY AOS:          374
 NUMBER OF CONTRACTIONS:          322   ( 322A   )
 NUMBER OF CORE ORBITALS:           3   (   3A   )
 NUMBER OF VALENCE ORBITALS:       20   (  20A   )


 NUCLEAR REPULSION ENERGY   70.90890203


 Eigenvalues of metric

         1 0.309E-04 0.639E-04 0.747E-04 0.973E-04 0.278E-03 0.308E-03 0.332E-03 0.381E-03


 Contracted 2-electron integrals neglected if value below      1.0D-19
 AO integral compression algorithm  1   Integral accuracy      1.0D-19

     10073.407 MB (compressed) written to integral file ( 84.5%)


 NUMBER OF SORTED TWO-ELECTRON INTEGRALS: 1352182006.     BUFFER LENGTH:  32768
 NUMBER OF SEGMENTS:  43  SEGMENT LENGTH:   31998710      RECORD LENGTH: 524288

 Memory used in sort:      32.56 MW

 SORT1 READ  1490287330. AND WROTE  1262157218. INTEGRALS IN   3631 RECORDS. CPU TIME:    14.97 SEC, REAL TIME:   100.65 SEC
 SORT2 READ  1262157218. AND WROTE  1352182006. INTEGRALS IN  38427 RECORDS. CPU TIME:    16.07 SEC, REAL TIME:    87.86 SEC

 FILE SIZES:   FILE 1: 10097.3 MBYTE,  FILE 4: 15229.6 MBYTE,   TOTAL:  25326.8 MBYTE

 OPERATOR DM      FOR CENTER  0  COORDINATES:    0.000000    0.000000    0.000000


 **********************************************************************************************************************************
 DATASETS  * FILE   NREC   LENGTH (MB)   RECORD NAMES
              1      19     9249.98       500      610      700      900      950      970     1000      129      960     1100   
                                          VAR    BASINP    GEOM    SYMINP    ZMAT    AOBASIS   BASIS     P2S    ABASIS      S 
                                         1400     1410     1200     1210     1080     1600     1650     1300     1700   
                                           T        V       H0       H01     AOSYM     SMH    MOLCAS    ERIS     OPER   

 PROGRAMS   *        TOTAL       INT
 CPU TIMES  *        70.67     70.52
 REAL TIME  *       268.62 SEC
 DISK USED  *        25.33 GB      
 **********************************************************************************************************************************


 PROGRAM * RHF-SCF (CLOSED SHELL)       Authors: W. Meyer, H.-J. Werner


 NUMBER OF ELECTRONS:      15+   15-    SPACE SYMMETRY=1    SPIN SYMMETRY: Singlet 
 CONVERGENCE THRESHOLDS:    1.00E-08 (Density)    1.00E-09 (Energy)
 MAX. NUMBER OF ITERATIONS:       60
 INTERPOLATION TYPE:            DIIS
 INTERPOLATION STEPS:              2 (START)      1 (STEP)
 LEVEL SHIFTS:                  0.00 (CLOSED)  0.00 (OPEN) 



 Orbital guess generated from atomic densities. Full valence occupancy:   23

 Molecular orbital dump at record        2100.2

 Initial occupancy:  15

 ITERATION    DDIFF          GRAD             ENERGY        2-EL.EN.            DIPOLE MOMENTS         DIIS   ORB.
    1      0.000D+00      0.000D+00      -192.23542699    286.774711    0.60180   -0.02374   -0.35869    0    start
    2      0.000D+00      0.476D-02      -192.30502303    278.291221    0.30914   -0.00595   -0.17041    1    diag
    3      0.506D-02      0.289D-02      -192.32917008    281.896761    0.38150   -0.00620   -0.21538    2    diag
    4      0.173D-02      0.364D-03      -192.33002100    281.696600    0.37813   -0.00612   -0.21163    3    diag
    5      0.336D-03      0.104D-03      -192.33010908    281.703965    0.37644   -0.00494   -0.21038    4    diag
    6      0.115D-03      0.264D-04      -192.33011441    281.710860    0.37595   -0.00510   -0.20997    5    diag
    7      0.320D-04      0.616D-05      -192.33011481    281.708470    0.37587   -0.00489   -0.20992    6    diag
    8      0.968D-05      0.172D-05      -192.33011484    281.708604    0.37580   -0.00498   -0.20986    7    diag
    9      0.218D-05      0.819D-06      -192.33011485    281.708673    0.37578   -0.00493   -0.20985    8    diag
   10      0.767D-06      0.177D-06      -192.33011485    281.708643    0.37577   -0.00493   -0.20984    9    orth
   11      0.332D-06      0.211D-07      -192.33011485    281.708645    0.37577   -0.00493   -0.20984    9    diag
   12      0.315D-07      0.621D-08      -192.33011485    281.708647    0.37577   -0.00493   -0.20984    9    diag
   13      0.125D-07      0.137D-08      -192.33011485    281.708646    0.37577   -0.00493   -0.20984    9    diag
   14      0.189D-08      0.472D-09      -192.33011485    281.708646    0.37577   -0.00493   -0.20984    0    orth

 Final occupancy:  15

 !RHF STATE 1.1 Energy               -192.330114846712
 Nuclear energy                        70.90890203
 One-electron energy                 -404.09334009
 Two-electron energy                  140.85432321
 Virial quotient                       -1.00166207
 !RHF STATE 1.1 Dipole moment           0.37577251    -0.00493280    -0.20983980
 Dipole moment /Debye                   0.95505590    -0.01253710    -0.53332465

 Orbital energies:

         1.1          2.1          3.1          4.1          5.1          6.1          7.1          8.1          9.1         10.1
    -20.573182   -20.566538   -11.194683    -1.347011    -1.335099    -0.948496    -0.711349    -0.699553    -0.584606    -0.574331

        11.1         12.1         13.1         14.1         15.1         16.1         17.1
     -0.548862    -0.547852    -0.546279    -0.511189    -0.503317     0.024640     0.037416

 HOMO     15.1    -0.503317 =     -13.6959eV
 LUMO     16.1     0.024640 =       0.6705eV
 LUMO-HOMO         0.527956 =      14.3664eV


 **********************************************************************************************************************************
 DATASETS  * FILE   NREC   LENGTH (MB)   RECORD NAMES
              1      19     9249.98       500      610      700      900      950      970     1000      129      960     1100   
                                          VAR    BASINP    GEOM    SYMINP    ZMAT    AOBASIS   BASIS     P2S    ABASIS      S 
                                         1400     1410     1200     1210     1080     1600     1650     1300     1700   
                                           T        V       H0       H01     AOSYM     SMH    MOLCAS    ERIS     OPER   

              2       5        6.86       200      700     1000      520     2100   
                                        OPTIONS   GEOM     BASIS   MCVARS     RHF  

 PROGRAMS   *        TOTAL        HF       INT
 CPU TIMES  *       246.67    176.00     70.52
 REAL TIME  *       579.70 SEC
 DISK USED  *        25.33 GB      
 **********************************************************************************************************************************
 SETTING ESCF_ABC       =      -192.33011485  AU                              


 PROGRAM * MP3 (Closed-shell)     Authors: C. Hampel, H.-J. Werner, 1991, M. Deegan, P.J. Knowles, 1992


 Convergence thresholds:  THRVAR = 1.00D-08  THRDEN = 1.00D-08

 Number of core orbitals:           3 (   3 )
 Number of closed-shell orbitals:  12 (  12 )
 Number of external orbitals:     307 ( 307 )

 Molecular orbitals read from record     2100.2  Type=RHF/CANONICAL (state 1.1)

 Number of N-1 electron functions:              12
 Number of N-2 electron functions:              78
 Number of singly external CSFs:              3684
 Number of doubly external CSFs:           6787770
 Total number of CSFs:                     6791455

 Length of J-op  integral file:               0.00 MB
 Length of K-op  integral file:               7.17 MB

 Integral transformation finished. Total CPU:  22.93 sec, npass=  1  Memory used:  15.72 MW

 Reference energy:                   -192.33011485

                        CORR.ENERGY   TOTAL ENERGY   ENERGY CHANGE
 MP2:                   -0.74254369  -193.07265854    -0.74254369

 SCS-MP2 correlation energy:           -0.74495352   (PS=  1.200000  PT=  0.333333)
 SCS-MP2 total energy:               -193.07506836

 MP3(D):                -0.76508635  -193.09520120    -0.02254266



 RESULTS
 =======

  Reference energy                   -192.330114846713
  MP3 singlet pair energy              -0.529846888320
  MP3 triplet pair energy              -0.235239464583
  MP3 correlation energy               -0.765086352902

 !MP3 total energy                   -193.095201199615

 Timing summary (sec):

 STEP                 CPU(USER)    SYS     CPU(TOT)    WALL
 Transformation         23.66      7.58     31.24     31.59
 CCSD iterations        63.94      7.48     71.42     83.23

 Program statistics:

 Available memory in ccsd:             13999999324
 Min. memory needed in ccsd:              17471288
 Max. memory used in ccsd:                23578322
 Max. memory used in cckext:              17102349 ( 1 integral passes)



 **********************************************************************************************************************************
 DATASETS  * FILE   NREC   LENGTH (MB)   RECORD NAMES
              1      20     9349.00       500      610      700      900      950      970     1000      129      960     1100   
                                          VAR    BASINP    GEOM    SYMINP    ZMAT    AOBASIS   BASIS     P2S    ABASIS      S 
                                         1400     1410     1200     1210     1080     1600     1650     1300     1700     1380   
                                           T        V       H0       H01     AOSYM     SMH    MOLCAS    ERIS     OPER     JKOP   

              2       5        6.86       200      700     1000      520     2100   
                                        OPTIONS   GEOM     BASIS   MCVARS     RHF  

 PROGRAMS   *        TOTAL       MP3        HF       INT
 CPU TIMES  *       334.30     87.63    176.00     70.52
 REAL TIME  *       695.16 SEC
 DISK USED  *        25.33 GB      
 **********************************************************************************************************************************
 SETTING EMP3_ABC       =      -193.09520120  AU                              
 SETTING EMP3_CORR_ABC  =        -0.76508635  AU                              

 Running procedure=SET_MONOMERA

 Dummy atoms: O1  H5  H6  O2  H7  H8


 Recomputing one-electron integrals since nuclear charges changed


 PROGRAM * SEWARD (Integral evaluation for generally contracted gaussian basis sets)     Author: Roland Lindh, 1990

 Geometry written to block  1 of record 700


 Point group  C1  



 ATOMIC COORDINATES

 NR  ATOM    CHARGE       X              Y              Z

   1  C1      6.00   -6.193010455    2.801518980    2.403542658
   2  H1      1.00   -4.656285171    1.699997622    3.119937832
   3  H2      1.00   -5.973046335    4.726205038    2.982932688
   4  H3      1.00   -7.940251230    2.077186956    3.118237078
   5  H4      1.00   -6.176569838    2.685300823    0.384937212
   6  O1      0.00   -8.342762895    8.383580979    6.757282676
   7  H5      0.00   -7.349144898    9.034591629    5.278760956
   8  H6      0.00   -8.743006888    9.863803452    7.746365330
   9  O2      0.00   -1.010247586    7.876000542    2.916036383
  10  H7      0.00   -0.819574220    6.648056506    4.275505357
  11  H8      0.00   -0.644963526    6.932271315    1.370429386

 Bond lengths in Bohr (Angstrom)

 1-2  2.021904040  1-3  2.022002335  1-4  2.021953343  1-5  2.022015060  6-7  1.896606987
     ( 1.069945541)     ( 1.069997556)     ( 1.069971630)     ( 1.070004290)     ( 1.003641196)

  6- 8  1.824702255   9-10  1.841835709   9-11  1.847419359
       ( 0.965590850)       ( 0.974657483)       ( 0.977612224)

 Bond angles

  2-1-3  109.53398059   2-1-4  109.65604535   2-1-5  108.43490854   3-1-4  109.49436728

  3- 1- 5  109.86987750   4- 1- 5  109.83468330   7- 6- 8  105.01239280  10- 9-11  104.86126985

 NUCLEAR CHARGE:                   10
 NUMBER OF PRIMITIVE AOS:         417
 NUMBER OF SYMMETRY AOS:          374
 NUMBER OF CONTRACTIONS:          322   ( 322A   )
 NUMBER OF CORE ORBITALS:           1   (   1A   )
 NUMBER OF VALENCE ORBITALS:        8   (   8A   )

 MOLECULE CHANGED: INITIALIZING OCCUPATION AND DUMP RECORDS


 NUCLEAR REPULSION ENERGY   13.68681606


 Eigenvalues of metric

         1 0.309E-04 0.639E-04 0.747E-04 0.973E-04 0.278E-03 0.308E-03 0.332E-03 0.381E-03


 Contracted 2-electron integrals neglected if value below      1.0D-19

 OPERATOR DM      FOR CENTER  0  COORDINATES:    0.000000    0.000000    0.000000


 **********************************************************************************************************************************
 DATASETS  * FILE   NREC   LENGTH (MB)   RECORD NAMES
              1      19     9249.98       500      610      700      900      950      970     1000      129      960     1100   
                                          VAR    BASINP    GEOM    SYMINP    ZMAT    AOBASIS   BASIS     P2S    ABASIS      S 
                                         1400     1410     1200     1210     1080     1600     1650     1300     1700   
                                           T        V       H0       H01     AOSYM     SMH    MOLCAS    ERIS     OPER   

              2       5        6.86       200      700     1000      520     2100   
                                        OPTIONS   GEOM     BASIS   MCVARS     RHF  

 PROGRAMS   *        TOTAL       INT       MP3        HF       INT
 CPU TIMES  *       334.42      0.11     87.63    176.00     70.52
 REAL TIME  *       695.71 SEC
 DISK USED  *        25.33 GB      
 **********************************************************************************************************************************


 PROGRAM * RHF-SCF (CLOSED SHELL)       Authors: W. Meyer, H.-J. Werner


 NUMBER OF ELECTRONS:       5+    5-    SPACE SYMMETRY=1    SPIN SYMMETRY: Singlet 
 CONVERGENCE THRESHOLDS:    1.00E-08 (Density)    1.00E-09 (Energy)
 MAX. NUMBER OF ITERATIONS:       60
 INTERPOLATION TYPE:            DIIS
 INTERPOLATION STEPS:              2 (START)      1 (STEP)
 LEVEL SHIFTS:                  0.00 (CLOSED)  0.00 (OPEN) 



 Orbital guess generated from atomic densities. Full valence occupancy:    9

 Molecular orbital dump at record        2101.2

 Initial occupancy:   5

 ITERATION    DDIFF          GRAD             ENERGY        2-EL.EN.            DIPOLE MOMENTS         DIIS   ORB.
    1      0.000D+00      0.000D+00       -40.19359356     53.494059    0.00410   -0.00275   -0.00130    0    start
    2      0.000D+00      0.298D-02       -40.21071244     52.213667    0.00129   -0.00087   -0.00038    1    diag
    3      0.235D-02      0.116D-02       -40.21296122     52.664854    0.00182   -0.00123   -0.00055    2    diag
    4      0.668D-03      0.288D-03       -40.21327677     52.609831    0.00162   -0.00109   -0.00048    3    diag
    5      0.225D-03      0.374D-04       -40.21328217     52.612165    0.00159   -0.00107   -0.00047    4    diag
    6      0.586D-04      0.291D-05       -40.21328221     52.612264    0.00159   -0.00107   -0.00047    5    diag
    7      0.505D-05      0.223D-06       -40.21328221     52.612230    0.00159   -0.00107   -0.00047    6    diag
    8      0.697D-06      0.187D-07       -40.21328221     52.612230    0.00159   -0.00107   -0.00047    7    diag
    9      0.135D-06      0.241D-08       -40.21328221     52.612230    0.00159   -0.00107   -0.00047    8    diag
   10      0.796D-08      0.674D-09       -40.21328221     52.612230    0.00159   -0.00107   -0.00047    0    orth

 Final occupancy:   5

 !RHF STATE 1.1 Energy                -40.213282212811
 Nuclear energy                        13.68681606
 One-electron energy                  -80.20621339
 Two-electron energy                   26.30611512
 Virial quotient                       -0.99869394
 !RHF STATE 1.1 Dipole moment           0.00159000    -0.00107366    -0.00046935
 Dipole moment /Debye                   0.00404112    -0.00272879    -0.00119289

 Orbital energies:

         1.1          2.1          3.1          4.1          5.1          6.1          7.1
    -11.197213    -0.950741    -0.551696    -0.549761    -0.547580     0.023905     0.036679

 HOMO      5.1    -0.547580 =     -14.9004eV
 LUMO      6.1     0.023905 =       0.6505eV
 LUMO-HOMO         0.571485 =      15.5509eV


 **********************************************************************************************************************************
 DATASETS  * FILE   NREC   LENGTH (MB)   RECORD NAMES
              1      19     9249.98       500      610      700      900      950      970     1000      129      960     1100   
                                          VAR    BASINP    GEOM    SYMINP    ZMAT    AOBASIS   BASIS     P2S    ABASIS      S 
                                         1400     1410     1200     1210     1080     1600     1650     1300     1700   
                                           T        V       H0       H01     AOSYM     SMH    MOLCAS    ERIS     OPER   

              2       6       13.52       200      700     1000      520     2100     2101   
                                        OPTIONS   GEOM     BASIS   MCVARS     RHF      RHF  

 PROGRAMS   *        TOTAL        HF       INT       MP3        HF       INT
 CPU TIMES  *       463.40    128.98      0.11     87.63    176.00     70.52
 REAL TIME  *       907.02 SEC
 DISK USED  *        25.33 GB      
 **********************************************************************************************************************************
 SETTING ESCF_A         =       -40.21328221  AU                              


 PROGRAM * MP3 (Closed-shell)     Authors: C. Hampel, H.-J. Werner, 1991, M. Deegan, P.J. Knowles, 1992


 Convergence thresholds:  THRVAR = 1.00D-08  THRDEN = 1.00D-08

 Number of core orbitals:           1 (   1 )
 Number of closed-shell orbitals:   4 (   4 )
 Number of external orbitals:     317 ( 317 )

 Molecular orbitals read from record     2101.2  Type=RHF/CANONICAL (state 1.1)

 Number of N-1 electron functions:               4
 Number of N-2 electron functions:              10
 Number of singly external CSFs:              1268
 Number of doubly external CSFs:            804546
 Total number of CSFs:                      805815

 Length of J-op  integral file:               0.00 MB
 Length of K-op  integral file:               7.17 MB

 Integral transformation finished. Total CPU:  13.36 sec, npass=  1  Memory used:   3.87 MW

 Reference energy:                    -40.21328221

                        CORR.ENERGY   TOTAL ENERGY   ENERGY CHANGE
 MP2:                   -0.20057379   -40.41385600    -0.20057379

 SCS-MP2 correlation energy:           -0.20886955   (PS=  1.200000  PT=  0.333333)
 SCS-MP2 total energy:                -40.42215176

 MP3(D):                -0.21860474   -40.43188696    -0.01803096



 RESULTS
 =======

  Reference energy                    -40.213282212811
  MP3 singlet pair energy              -0.163229902098
  MP3 triplet pair energy              -0.055374840481
  MP3 correlation energy               -0.218604742578

 !MP3 total energy                    -40.431886955389

 Timing summary (sec):

 STEP                 CPU(USER)    SYS     CPU(TOT)    WALL
 Transformation         13.47      7.03     20.50     20.98
 CCSD iterations        16.46      7.25     23.71     24.05

 Program statistics:

 Available memory in ccsd:             13999999836
 Min. memory needed in ccsd:               3677238
 Max. memory used in ccsd:                 4267372
 Max. memory used in cckext:               2832301 ( 1 integral passes)



 **********************************************************************************************************************************
 DATASETS  * FILE   NREC   LENGTH (MB)   RECORD NAMES
              1      20     9264.13       500      610      700      900      950      970     1000      129      960     1100   
                                          VAR    BASINP    GEOM    SYMINP    ZMAT    AOBASIS   BASIS     P2S    ABASIS      S 
                                         1400     1410     1200     1210     1080     1600     1650     1300     1700     1380   
                                           T        V       H0       H01     AOSYM     SMH    MOLCAS    ERIS     OPER     JKOP   

              2       6       13.52       200      700     1000      520     2100     2101   
                                        OPTIONS   GEOM     BASIS   MCVARS     RHF      RHF  

 PROGRAMS   *        TOTAL       MP3        HF       INT       MP3        HF       INT
 CPU TIMES  *       493.36     29.95    128.98      0.11     87.63    176.00     70.52
 REAL TIME  *       952.29 SEC
 DISK USED  *        25.33 GB      
 **********************************************************************************************************************************
 SETTING EMP3_A         =       -40.43188696  AU                              
 SETTING EMP3_CORR_A    =        -0.21860474  AU                              

 Running procedure=SET_MONOMERB

 Dummy atoms: C1  H1  H2  H3  H4  O2  H7  H8


 Recomputing one-electron integrals since nuclear charges changed


 PROGRAM * SEWARD (Integral evaluation for generally contracted gaussian basis sets)     Author: Roland Lindh, 1990

 Geometry written to block  1 of record 700


 Point group  C1  



 ATOMIC COORDINATES

 NR  ATOM    CHARGE       X              Y              Z

   1  C1      0.00   -6.193010455    2.801518980    2.403542658
   2  H1      0.00   -4.656285171    1.699997622    3.119937832
   3  H2      0.00   -5.973046335    4.726205038    2.982932688
   4  H3      0.00   -7.940251230    2.077186956    3.118237078
   5  H4      0.00   -6.176569838    2.685300823    0.384937212
   6  O1      8.00   -8.342762895    8.383580979    6.757282676
   7  H5      1.00   -7.349144898    9.034591629    5.278760956
   8  H6      1.00   -8.743006888    9.863803452    7.746365330
   9  O2      0.00   -1.010247586    7.876000542    2.916036383
  10  H7      0.00   -0.819574220    6.648056506    4.275505357
  11  H8      0.00   -0.644963526    6.932271315    1.370429386

 Bond lengths in Bohr (Angstrom)

 1-2  2.021904040  1-3  2.022002335  1-4  2.021953343  1-5  2.022015060  6-7  1.896606987
     ( 1.069945541)     ( 1.069997556)     ( 1.069971630)     ( 1.070004290)     ( 1.003641196)

  6- 8  1.824702255   9-10  1.841835709   9-11  1.847419359
       ( 0.965590850)       ( 0.974657483)       ( 0.977612224)

 Bond angles

  2-1-3  109.53398059   2-1-4  109.65604535   2-1-5  108.43490854   3-1-4  109.49436728

  3- 1- 5  109.86987750   4- 1- 5  109.83468330   7- 6- 8  105.01239280  10- 9-11  104.86126985

 NUCLEAR CHARGE:                   10
 NUMBER OF PRIMITIVE AOS:         417
 NUMBER OF SYMMETRY AOS:          374
 NUMBER OF CONTRACTIONS:          322   ( 322A   )
 NUMBER OF CORE ORBITALS:           1   (   1A   )
 NUMBER OF VALENCE ORBITALS:        6   (   6A   )

 MOLECULE CHANGED: INITIALIZING OCCUPATION AND DUMP RECORDS


 NUCLEAR REPULSION ENERGY    8.94098799


 Eigenvalues of metric

         1 0.309E-04 0.639E-04 0.747E-04 0.973E-04 0.278E-03 0.308E-03 0.332E-03 0.381E-03


 Contracted 2-electron integrals neglected if value below      1.0D-19

 OPERATOR DM      FOR CENTER  0  COORDINATES:    0.000000    0.000000    0.000000


 **********************************************************************************************************************************
 DATASETS  * FILE   NREC   LENGTH (MB)   RECORD NAMES
              1      19     9249.98       500      610      700      900      950      970     1000      129      960     1100   
                                          VAR    BASINP    GEOM    SYMINP    ZMAT    AOBASIS   BASIS     P2S    ABASIS      S 
                                         1400     1410     1200     1210     1080     1600     1650     1300     1700   
                                           T        V       H0       H01     AOSYM     SMH    MOLCAS    ERIS     OPER   

              2       6       13.52       200      700     1000      520     2100     2101   
                                        OPTIONS   GEOM     BASIS   MCVARS     RHF      RHF  

 PROGRAMS   *        TOTAL       INT       MP3        HF       INT       MP3        HF       INT
 CPU TIMES  *       493.48      0.12     29.95    128.98      0.11     87.63    176.00     70.52
 REAL TIME  *       952.71 SEC
 DISK USED  *        25.33 GB      
 **********************************************************************************************************************************


 PROGRAM * RHF-SCF (CLOSED SHELL)       Authors: W. Meyer, H.-J. Werner


 NUMBER OF ELECTRONS:       5+    5-    SPACE SYMMETRY=1    SPIN SYMMETRY: Singlet 
 CONVERGENCE THRESHOLDS:    1.00E-08 (Density)    1.00E-09 (Energy)
 MAX. NUMBER OF ITERATIONS:       60
 INTERPOLATION TYPE:            DIIS
 INTERPOLATION STEPS:              2 (START)      1 (STEP)
 LEVEL SHIFTS:                  0.00 (CLOSED)  0.00 (OPEN) 



 Orbital guess generated from atomic densities. Full valence occupancy:    7

 Molecular orbital dump at record        2102.2

 Initial occupancy:   5

 ITERATION    DDIFF          GRAD             ENERGY        2-EL.EN.            DIPOLE MOMENTS         DIIS   ORB.
    1      0.000D+00      0.000D+00       -76.01831045     77.298901    0.31043    1.08976   -0.26180    0    start
    2      0.000D+00      0.540D-02       -76.04501659     73.639874    0.17371    0.63269   -0.14140    1    diag
    3      0.318D-02      0.347D-02       -76.05663840     75.262628    0.20652    0.74708   -0.16923    2    diag
    4      0.115D-02      0.319D-03       -76.05683505     75.172993    0.20406    0.74304   -0.16614    3    diag
    5      0.147D-03      0.904D-04       -76.05685654     75.187450    0.20309    0.74153   -0.16489    4    diag
    6      0.473D-04      0.180D-04       -76.05685794     75.186493    0.20283    0.74124   -0.16452    5    diag
    7      0.122D-04      0.361D-05       -76.05685801     75.186622    0.20275    0.74114   -0.16442    6    diag
    8      0.320D-05      0.650D-06       -76.05685801     75.186605    0.20274    0.74110   -0.16441    7    diag
    9      0.507D-06      0.857D-07       -76.05685801     75.186596    0.20274    0.74110   -0.16441    8    diag
   10      0.683D-07      0.226D-07       -76.05685801     75.186599    0.20274    0.74110   -0.16441    9    orth
   11      0.176D-07      0.534D-08       -76.05685801     75.186599    0.20274    0.74110   -0.16441    9    diag
   12      0.480D-08      0.104D-08       -76.05685801     75.186599    0.20274    0.74110   -0.16441    0    orth

 Final occupancy:   5

 !RHF STATE 1.1 Energy                -76.056858008551
 Nuclear energy                         8.94098799
 One-electron energy                 -122.59114528
 Two-electron energy                   37.59329929
 Virial quotient                       -1.00264624
 !RHF STATE 1.1 Dipole moment           0.20273757     0.74109627    -0.16440510
 Dipole moment /Debye                   0.51527375     1.88355545    -0.41784870

 Orbital energies:

         1.1          2.1          3.1          4.1          5.1          6.1          7.1
    -20.571627    -1.339884    -0.704134    -0.578589    -0.508040     0.019994     0.035548

 HOMO      5.1    -0.508040 =     -13.8245eV
 LUMO      6.1     0.019994 =       0.5441eV
 LUMO-HOMO         0.528034 =      14.3685eV


 **********************************************************************************************************************************
 DATASETS  * FILE   NREC   LENGTH (MB)   RECORD NAMES
              1      19     9249.98       500      610      700      900      950      970     1000      129      960     1100   
                                          VAR    BASINP    GEOM    SYMINP    ZMAT    AOBASIS   BASIS     P2S    ABASIS      S 
                                         1400     1410     1200     1210     1080     1600     1650     1300     1700   
                                           T        V       H0       H01     AOSYM     SMH    MOLCAS    ERIS     OPER   

              2       7       20.17       200      700     1000      520     2100     2101     2102   
                                        OPTIONS   GEOM     BASIS   MCVARS     RHF      RHF      RHF  

 PROGRAMS   *        TOTAL        HF       INT       MP3        HF       INT       MP3        HF       INT
 CPU TIMES  *       645.79    152.30      0.12     29.95    128.98      0.11     87.63    176.00     70.52
 REAL TIME  *      1217.80 SEC
 DISK USED  *        25.33 GB      
 **********************************************************************************************************************************
 SETTING ESCF_B         =       -76.05685801  AU                              


 PROGRAM * MP3 (Closed-shell)     Authors: C. Hampel, H.-J. Werner, 1991, M. Deegan, P.J. Knowles, 1992


 Convergence thresholds:  THRVAR = 1.00D-08  THRDEN = 1.00D-08

 Number of core orbitals:           1 (   1 )
 Number of closed-shell orbitals:   4 (   4 )
 Number of external orbitals:     317 ( 317 )

 Molecular orbitals read from record     2102.2  Type=RHF/CANONICAL (state 1.1)

 Number of N-1 electron functions:               4
 Number of N-2 electron functions:              10
 Number of singly external CSFs:              1268
 Number of doubly external CSFs:            804546
 Total number of CSFs:                      805815

 Length of J-op  integral file:               0.00 MB
 Length of K-op  integral file:               7.17 MB

 Integral transformation finished. Total CPU:  13.31 sec, npass=  1  Memory used:   3.87 MW

 Reference energy:                    -76.05685801

                        CORR.ENERGY   TOTAL ENERGY   ENERGY CHANGE
 MP2:                   -0.27062347   -76.32748148    -0.27062347

 SCS-MP2 correlation energy:           -0.26786572   (PS=  1.200000  PT=  0.333333)
 SCS-MP2 total energy:                -76.32472373

 MP3(D):                -0.27278219   -76.32964020    -0.00215872



 RESULTS
 =======

  Reference energy                    -76.056858008551
  MP3 singlet pair energy              -0.183420318297
  MP3 triplet pair energy              -0.089361870610
  MP3 correlation energy               -0.272782188907

 !MP3 total energy                    -76.329640197458

 Timing summary (sec):

 STEP                 CPU(USER)    SYS     CPU(TOT)    WALL
 Transformation         13.42      7.22     20.64     21.07
 CCSD iterations        16.50      7.31     23.81     24.21

 Program statistics:

 Available memory in ccsd:             13999999836
 Min. memory needed in ccsd:               3677238
 Max. memory used in ccsd:                 4267372
 Max. memory used in cckext:               2832301 ( 1 integral passes)



 **********************************************************************************************************************************
 DATASETS  * FILE   NREC   LENGTH (MB)   RECORD NAMES
              1      20     9264.13       500      610      700      900      950      970     1000      129      960     1100   
                                          VAR    BASINP    GEOM    SYMINP    ZMAT    AOBASIS   BASIS     P2S    ABASIS      S 
                                         1400     1410     1200     1210     1080     1600     1650     1300     1700     1380   
                                           T        V       H0       H01     AOSYM     SMH    MOLCAS    ERIS     OPER     JKOP   

              2       7       20.17       200      700     1000      520     2100     2101     2102   
                                        OPTIONS   GEOM     BASIS   MCVARS     RHF      RHF      RHF  

 PROGRAMS   *        TOTAL       MP3        HF       INT       MP3        HF       INT       MP3        HF       INT
 CPU TIMES  *       675.73     29.95    152.30      0.12     29.95    128.98      0.11     87.63    176.00     70.52
 REAL TIME  *      1263.71 SEC
 DISK USED  *        25.33 GB      
 **********************************************************************************************************************************
 SETTING EMP3_B         =       -76.32964020  AU                              
 SETTING EMP3_CORR_B    =        -0.27278219  AU                              

 Running procedure=SET_MONOMERC

 Dummy atoms: C1  H1  H2  H3  H4  O1  H5  H6


 Recomputing one-electron integrals since nuclear charges changed


 PROGRAM * SEWARD (Integral evaluation for generally contracted gaussian basis sets)     Author: Roland Lindh, 1990

 Geometry written to block  1 of record 700


 Point group  C1  



 ATOMIC COORDINATES

 NR  ATOM    CHARGE       X              Y              Z

   1  C1      0.00   -6.193010455    2.801518980    2.403542658
   2  H1      0.00   -4.656285171    1.699997622    3.119937832
   3  H2      0.00   -5.973046335    4.726205038    2.982932688
   4  H3      0.00   -7.940251230    2.077186956    3.118237078
   5  H4      0.00   -6.176569838    2.685300823    0.384937212
   6  O1      0.00   -8.342762895    8.383580979    6.757282676
   7  H5      0.00   -7.349144898    9.034591629    5.278760956
   8  H6      0.00   -8.743006888    9.863803452    7.746365330
   9  O2      8.00   -1.010247586    7.876000542    2.916036383
  10  H7      1.00   -0.819574220    6.648056506    4.275505357
  11  H8      1.00   -0.644963526    6.932271315    1.370429386

 Bond lengths in Bohr (Angstrom)

 1-2  2.021904040  1-3  2.022002335  1-4  2.021953343  1-5  2.022015060  6-7  1.896606987
     ( 1.069945541)     ( 1.069997556)     ( 1.069971630)     ( 1.070004290)     ( 1.003641196)

  6- 8  1.824702255   9-10  1.841835709   9-11  1.847419359
       ( 0.965590850)       ( 0.974657483)       ( 0.977612224)

 Bond angles

  2-1-3  109.53398059   2-1-4  109.65604535   2-1-5  108.43490854   3-1-4  109.49436728

  3- 1- 5  109.86987750   4- 1- 5  109.83468330   7- 6- 8  105.01239280  10- 9-11  104.86126985

 NUCLEAR CHARGE:                   10
 NUMBER OF PRIMITIVE AOS:         417
 NUMBER OF SYMMETRY AOS:          374
 NUMBER OF CONTRACTIONS:          322   ( 322A   )
 NUMBER OF CORE ORBITALS:           1   (   1A   )
 NUMBER OF VALENCE ORBITALS:        6   (   6A   )

 MOLECULE CHANGED: INITIALIZING OCCUPATION AND DUMP RECORDS


 NUCLEAR REPULSION ENERGY    9.01583577


 Eigenvalues of metric

         1 0.309E-04 0.639E-04 0.747E-04 0.973E-04 0.278E-03 0.308E-03 0.332E-03 0.381E-03


 Contracted 2-electron integrals neglected if value below      1.0D-19

 OPERATOR DM      FOR CENTER  0  COORDINATES:    0.000000    0.000000    0.000000


 **********************************************************************************************************************************
 DATASETS  * FILE   NREC   LENGTH (MB)   RECORD NAMES
              1      19     9249.98       500      610      700      900      950      970     1000      129      960     1100   
                                          VAR    BASINP    GEOM    SYMINP    ZMAT    AOBASIS   BASIS     P2S    ABASIS      S 
                                         1400     1410     1200     1210     1080     1600     1650     1300     1700   
                                           T        V       H0       H01     AOSYM     SMH    MOLCAS    ERIS     OPER   

              2       7       20.17       200      700     1000      520     2100     2101     2102   
                                        OPTIONS   GEOM     BASIS   MCVARS     RHF      RHF      RHF  

 PROGRAMS   *        TOTAL       INT       MP3        HF       INT       MP3        HF       INT       MP3        HF       INT
 CPU TIMES  *       675.86      0.12     29.95    152.30      0.12     29.95    128.98      0.11     87.63    176.00     70.52
 REAL TIME  *      1264.43 SEC
 DISK USED  *        25.33 GB      
 **********************************************************************************************************************************


 PROGRAM * RHF-SCF (CLOSED SHELL)       Authors: W. Meyer, H.-J. Werner


 NUMBER OF ELECTRONS:       5+    5-    SPACE SYMMETRY=1    SPIN SYMMETRY: Singlet 
 CONVERGENCE THRESHOLDS:    1.00E-08 (Density)    1.00E-09 (Energy)
 MAX. NUMBER OF ITERATIONS:       60
 INTERPOLATION TYPE:            DIIS
 INTERPOLATION STEPS:              2 (START)      1 (STEP)
 LEVEL SHIFTS:                  0.00 (CLOSED)  0.00 (OPEN) 



 Orbital guess generated from atomic densities. Full valence occupancy:    7

 Molecular orbital dump at record        2103.2

 Initial occupancy:   5

 ITERATION    DDIFF          GRAD             ENERGY        2-EL.EN.            DIPOLE MOMENTS         DIIS   ORB.
    1      0.000D+00      0.000D+00       -76.02053988     77.399243    0.28491   -1.11207   -0.09639    0    start
    2      0.000D+00      0.539D-02       -76.04721491     73.777802    0.16601   -0.64767   -0.05529    1    diag
    3      0.321D-02      0.343D-02       -76.05853702     75.378715    0.19546   -0.76284   -0.06529    2    diag
    4      0.116D-02      0.317D-03       -76.05872689     75.289304    0.19434   -0.75853   -0.06474    3    diag
    5      0.149D-03      0.878D-04       -76.05874672     75.303454    0.19392   -0.75691   -0.06453    4    diag
    6      0.462D-04      0.171D-04       -76.05874794     75.302591    0.19385   -0.75661   -0.06448    5    diag
    7      0.121D-04      0.336D-05       -76.05874799     75.302717    0.19382   -0.75650   -0.06446    6    diag
    8      0.327D-05      0.619D-06       -76.05874800     75.302703    0.19381   -0.75646   -0.06446    7    diag
    9      0.532D-06      0.778D-07       -76.05874800     75.302694    0.19380   -0.75646   -0.06446    8    diag
   10      0.660D-07      0.189D-07       -76.05874800     75.302697    0.19380   -0.75646   -0.06446    9    orth
   11      0.174D-07      0.346D-08       -76.05874800     75.302697    0.19380   -0.75646   -0.06446    9    diag
   12      0.361D-08      0.509D-09       -76.05874800     75.302697    0.19380   -0.75646   -0.06446    0    orth

 Final occupancy:   5

 !RHF STATE 1.1 Energy                -76.058747995881
 Nuclear energy                         9.01583577
 One-electron energy                 -122.72593209
 Two-electron energy                   37.65134832
 Virial quotient                       -1.00228607
 !RHF STATE 1.1 Dipole moment           0.19380459    -0.75645574    -0.06445913
 Dipole moment /Debye                   0.49256987    -1.92259279    -0.16382804

 Orbital energies:

         1.1          2.1          3.1          4.1          5.1          6.1          7.1
    -20.570290    -1.343773    -0.708218    -0.580617    -0.508719     0.017858     0.034648

 HOMO      5.1    -0.508719 =     -13.8429eV
 LUMO      6.1     0.017858 =       0.4859eV
 LUMO-HOMO         0.526577 =      14.3289eV


 **********************************************************************************************************************************
 DATASETS  * FILE   NREC   LENGTH (MB)   RECORD NAMES
              1      19     9249.98       500      610      700      900      950      970     1000      129      960     1100   
                                          VAR    BASINP    GEOM    SYMINP    ZMAT    AOBASIS   BASIS     P2S    ABASIS      S 
                                         1400     1410     1200     1210     1080     1600     1650     1300     1700   
                                           T        V       H0       H01     AOSYM     SMH    MOLCAS    ERIS     OPER   

              2       8       26.83       200      700     1000      520     2100     2101     2102     2103   
                                        OPTIONS   GEOM     BASIS   MCVARS     RHF      RHF      RHF      RHF  

 PROGRAMS   *        TOTAL        HF       INT       MP3        HF       INT       MP3        HF       INT       MP3        HF
 CPU TIMES  *       828.11    152.25      0.12     29.95    152.30      0.12     29.95    128.98      0.11     87.63    176.00
 REAL TIME  *      1528.57 SEC
 DISK USED  *        25.33 GB      
 **********************************************************************************************************************************
 SETTING ESCF_C         =       -76.05874800  AU                              


 PROGRAM * MP3 (Closed-shell)     Authors: C. Hampel, H.-J. Werner, 1991, M. Deegan, P.J. Knowles, 1992


 Convergence thresholds:  THRVAR = 1.00D-08  THRDEN = 1.00D-08

 Number of core orbitals:           1 (   1 )
 Number of closed-shell orbitals:   4 (   4 )
 Number of external orbitals:     317 ( 317 )

 Molecular orbitals read from record     2103.2  Type=RHF/CANONICAL (state 1.1)

 Number of N-1 electron functions:               4
 Number of N-2 electron functions:              10
 Number of singly external CSFs:              1268
 Number of doubly external CSFs:            804546
 Total number of CSFs:                      805815

 Length of J-op  integral file:               0.00 MB
 Length of K-op  integral file:               7.17 MB

 Integral transformation finished. Total CPU:  13.26 sec, npass=  1  Memory used:   3.87 MW

 Reference energy:                    -76.05874800

                        CORR.ENERGY   TOTAL ENERGY   ENERGY CHANGE
 MP2:                   -0.26997718   -76.32872518    -0.26997718

 SCS-MP2 correlation energy:           -0.26721686   (PS=  1.200000  PT=  0.333333)
 SCS-MP2 total energy:                -76.32596485

 MP3(D):                -0.27229429   -76.33104229    -0.00231711



 RESULTS
 =======

  Reference energy                    -76.058747995881
  MP3 singlet pair energy              -0.182988094067
  MP3 triplet pair energy              -0.089306200321
  MP3 correlation energy               -0.272294294388

 !MP3 total energy                    -76.331042290269

 Timing summary (sec):

 STEP                 CPU(USER)    SYS     CPU(TOT)    WALL
 Transformation         13.37      7.32     20.69     20.82
 CCSD iterations        16.45      7.26     23.71     23.85

 Program statistics:

 Available memory in ccsd:             13999999836
 Min. memory needed in ccsd:               3677238
 Max. memory used in ccsd:                 4267372
 Max. memory used in cckext:               2832301 ( 1 integral passes)



 **********************************************************************************************************************************
 DATASETS  * FILE   NREC   LENGTH (MB)   RECORD NAMES
              1      20     9264.13       500      610      700      900      950      970     1000      129      960     1100   
                                          VAR    BASINP    GEOM    SYMINP    ZMAT    AOBASIS   BASIS     P2S    ABASIS      S 
                                         1400     1410     1200     1210     1080     1600     1650     1300     1700     1380   
                                           T        V       H0       H01     AOSYM     SMH    MOLCAS    ERIS     OPER     JKOP   

              2       8       26.83       200      700     1000      520     2100     2101     2102     2103   
                                        OPTIONS   GEOM     BASIS   MCVARS     RHF      RHF      RHF      RHF  

 PROGRAMS   *        TOTAL       MP3        HF       INT       MP3        HF       INT       MP3        HF       INT       MP3
 CPU TIMES  *       857.96     29.85    152.25      0.12     29.95    152.30      0.12     29.95    128.98      0.11     87.63
 REAL TIME  *      1573.62 SEC
 DISK USED  *        25.33 GB      
 **********************************************************************************************************************************
 SETTING EMP3_C         =       -76.33104229  AU                              
 SETTING EMP3_CORR_C    =        -0.27229429  AU                              

 Running procedure=SET_DIMERAB

 Dummy atoms: O2  H7  H8


 Recomputing one-electron integrals since nuclear charges changed


 PROGRAM * SEWARD (Integral evaluation for generally contracted gaussian basis sets)     Author: Roland Lindh, 1990

 Geometry written to block  1 of record 700


 Point group  C1  



 ATOMIC COORDINATES

 NR  ATOM    CHARGE       X              Y              Z

   1  C1      6.00   -6.193010455    2.801518980    2.403542658
   2  H1      1.00   -4.656285171    1.699997622    3.119937832
   3  H2      1.00   -5.973046335    4.726205038    2.982932688
   4  H3      1.00   -7.940251230    2.077186956    3.118237078
   5  H4      1.00   -6.176569838    2.685300823    0.384937212
   6  O1      8.00   -8.342762895    8.383580979    6.757282676
   7  H5      1.00   -7.349144898    9.034591629    5.278760956
   8  H6      1.00   -8.743006888    9.863803452    7.746365330
   9  O2      0.00   -1.010247586    7.876000542    2.916036383
  10  H7      0.00   -0.819574220    6.648056506    4.275505357
  11  H8      0.00   -0.644963526    6.932271315    1.370429386

 Bond lengths in Bohr (Angstrom)

 1-2  2.021904040  1-3  2.022002335  1-4  2.021953343  1-5  2.022015060  6-7  1.896606987
     ( 1.069945541)     ( 1.069997556)     ( 1.069971630)     ( 1.070004290)     ( 1.003641196)

  6- 8  1.824702255   9-10  1.841835709   9-11  1.847419359
       ( 0.965590850)       ( 0.974657483)       ( 0.977612224)

 Bond angles

  2-1-3  109.53398059   2-1-4  109.65604535   2-1-5  108.43490854   3-1-4  109.49436728

  3- 1- 5  109.86987750   4- 1- 5  109.83468330   7- 6- 8  105.01239280  10- 9-11  104.86126985

 NUCLEAR CHARGE:                   20
 NUMBER OF PRIMITIVE AOS:         417
 NUMBER OF SYMMETRY AOS:          374
 NUMBER OF CONTRACTIONS:          322   ( 322A   )
 NUMBER OF CORE ORBITALS:           2   (   2A   )
 NUMBER OF VALENCE ORBITALS:       14   (  14A   )

 MOLECULE CHANGED: INITIALIZING OCCUPATION AND DUMP RECORDS


 NUCLEAR REPULSION ENERGY   35.98231600


 Eigenvalues of metric

         1 0.309E-04 0.639E-04 0.747E-04 0.973E-04 0.278E-03 0.308E-03 0.332E-03 0.381E-03


 Contracted 2-electron integrals neglected if value below      1.0D-19

 OPERATOR DM      FOR CENTER  0  COORDINATES:    0.000000    0.000000    0.000000


 **********************************************************************************************************************************
 DATASETS  * FILE   NREC   LENGTH (MB)   RECORD NAMES
              1      19     9249.98       500      610      700      900      950      970     1000      129      960     1100   
                                          VAR    BASINP    GEOM    SYMINP    ZMAT    AOBASIS   BASIS     P2S    ABASIS      S 
                                         1400     1410     1200     1210     1080     1600     1650     1300     1700   
                                           T        V       H0       H01     AOSYM     SMH    MOLCAS    ERIS     OPER   

              2       8       26.83       200      700     1000      520     2100     2101     2102     2103   
                                        OPTIONS   GEOM     BASIS   MCVARS     RHF      RHF      RHF      RHF  

 PROGRAMS   *        TOTAL       INT       MP3        HF       INT       MP3        HF       INT       MP3        HF       INT
 CPU TIMES  *       858.07      0.11     29.85    152.25      0.12     29.95    152.30      0.12     29.95    128.98      0.11
 REAL TIME  *      1574.07 SEC
 DISK USED  *        25.33 GB      
 **********************************************************************************************************************************


 PROGRAM * RHF-SCF (CLOSED SHELL)       Authors: W. Meyer, H.-J. Werner


 NUMBER OF ELECTRONS:      10+   10-    SPACE SYMMETRY=1    SPIN SYMMETRY: Singlet 
 CONVERGENCE THRESHOLDS:    1.00E-08 (Density)    1.00E-09 (Energy)
 MAX. NUMBER OF ITERATIONS:       60
 INTERPOLATION TYPE:            DIIS
 INTERPOLATION STEPS:              2 (START)      1 (STEP)
 LEVEL SHIFTS:                  0.00 (CLOSED)  0.00 (OPEN) 



 Orbital guess generated from atomic densities. Full valence occupancy:   16

 Molecular orbital dump at record        2104.2

 Initial occupancy:  10

 ITERATION    DDIFF          GRAD             ENERGY        2-EL.EN.            DIPOLE MOMENTS         DIIS   ORB.
    1      0.000D+00      0.000D+00      -116.21111500    157.648365    0.31327    1.08582   -0.26153    0    start
    2      0.000D+00      0.440D-02      -116.25522680    152.623111    0.14490    0.62396   -0.09895    1    diag
    3      0.398D-02      0.260D-02      -116.26893182    154.706947    0.18678    0.74163   -0.13929    2    diag
    4      0.132D-02      0.383D-03      -116.26959322    154.594942    0.18332    0.73127   -0.13600    3    diag
    5      0.300D-03      0.113D-03      -116.26966183    154.590077    0.18270    0.73108   -0.13519    4    diag
    6      0.105D-03      0.275D-04      -116.26966567    154.595959    0.18243    0.73037   -0.13488    5    diag
    7      0.299D-04      0.535D-05      -116.26966590    154.594466    0.18241    0.73040   -0.13485    6    diag
    8      0.827D-05      0.138D-05      -116.26966592    154.594619    0.18238    0.73034   -0.13480    7    diag
    9      0.163D-05      0.312D-06      -116.26966592    154.594593    0.18237    0.73033   -0.13479    8    diag
   10      0.541D-06      0.351D-07      -116.26966592    154.594593    0.18237    0.73033   -0.13479    9    orth
   11      0.453D-07      0.874D-08      -116.26966592    154.594595    0.18237    0.73033   -0.13479    9    diag
   12      0.173D-07      0.230D-08      -116.26966592    154.594594    0.18237    0.73033   -0.13479    9    diag
   13      0.296D-08      0.599D-09      -116.26966592    154.594595    0.18237    0.73033   -0.13479    0    orth

 Final occupancy:  10

 !RHF STATE 1.1 Energy               -116.269665919918
 Nuclear energy                        35.98231600
 One-electron energy                 -229.54927933
 Two-electron energy                   77.29729741
 Virial quotient                       -1.00125402
 !RHF STATE 1.1 Dipole moment           0.18237134     0.73032504    -0.13478996
 Dipole moment /Debye                   0.46351135     1.85617952    -0.34257948

 Orbital energies:

         1.1          2.1          3.1          4.1          5.1          6.1          7.1          8.1          9.1         10.1
    -20.572101   -11.192374    -1.340462    -0.945718    -0.705001    -0.579280    -0.546252    -0.544721    -0.542891    -0.508542

        11.1         12.1
      0.023252     0.037132

 HOMO     10.1    -0.508542 =     -13.8381eV
 LUMO     11.1     0.023252 =       0.6327eV
 LUMO-HOMO         0.531793 =      14.4708eV


 **********************************************************************************************************************************
 DATASETS  * FILE   NREC   LENGTH (MB)   RECORD NAMES
              1      19     9249.98       500      610      700      900      950      970     1000      129      960     1100   
                                          VAR    BASINP    GEOM    SYMINP    ZMAT    AOBASIS   BASIS     P2S    ABASIS      S 
                                         1400     1410     1200     1210     1080     1600     1650     1300     1700   
                                           T        V       H0       H01     AOSYM     SMH    MOLCAS    ERIS     OPER   

              2       9       33.49       200      700     1000      520     2100     2101     2102     2103     2104   
                                        OPTIONS   GEOM     BASIS   MCVARS     RHF      RHF      RHF      RHF      RHF  

 PROGRAMS   *        TOTAL        HF       INT       MP3        HF       INT       MP3        HF       INT       MP3        HF
 CPU TIMES  *      1021.74    163.67      0.11     29.85    152.25      0.12     29.95    152.30      0.12     29.95    128.98
 REAL TIME  *      1840.83 SEC
 DISK USED  *        25.33 GB      
 **********************************************************************************************************************************
 SETTING ESCF_AB        =      -116.26966592  AU                              


 PROGRAM * MP3 (Closed-shell)     Authors: C. Hampel, H.-J. Werner, 1991, M. Deegan, P.J. Knowles, 1992


 Convergence thresholds:  THRVAR = 1.00D-08  THRDEN = 1.00D-08

 Number of core orbitals:           2 (   2 )
 Number of closed-shell orbitals:   8 (   8 )
 Number of external orbitals:     312 ( 312 )

 Molecular orbitals read from record     2104.2  Type=RHF/CANONICAL (state 1.1)

 Number of N-1 electron functions:               8
 Number of N-2 electron functions:              36
 Number of singly external CSFs:              2496
 Number of doubly external CSFs:           3116256
 Total number of CSFs:                     3118753

 Length of J-op  integral file:               0.00 MB
 Length of K-op  integral file:               7.17 MB

 Integral transformation finished. Total CPU:  17.85 sec, npass=  1  Memory used:   8.54 MW

 Reference energy:                   -116.26966592

                        CORR.ENERGY   TOTAL ENERGY   ENERGY CHANGE
 MP2:                   -0.47185060  -116.74151652    -0.47185060

 SCS-MP2 correlation energy:           -0.47725363   (PS=  1.200000  PT=  0.333333)
 SCS-MP2 total energy:               -116.74691955

 MP3(D):                -0.49203766  -116.76170358    -0.02018706



 RESULTS
 =======

  Reference energy                   -116.269665919918
  MP3 singlet pair energy              -0.346826901250
  MP3 triplet pair energy              -0.145210759664
  MP3 correlation energy               -0.492037660914

 !MP3 total energy                   -116.761703580832

 Timing summary (sec):

 STEP                 CPU(USER)    SYS     CPU(TOT)    WALL
 Transformation         18.20      7.45     25.65     25.71
 CCSD iterations        33.28      7.36     40.64     53.27

 Program statistics:

 Available memory in ccsd:             13999999644
 Min. memory needed in ccsd:               9187353
 Max. memory used in ccsd:                11873417
 Max. memory used in cckext:               8287581 ( 1 integral passes)



 **********************************************************************************************************************************
 DATASETS  * FILE   NREC   LENGTH (MB)   RECORD NAMES
              1      20     9296.58       500      610      700      900      950      970     1000      129      960     1100   
                                          VAR    BASINP    GEOM    SYMINP    ZMAT    AOBASIS   BASIS     P2S    ABASIS      S 
                                         1400     1410     1200     1210     1080     1600     1650     1300     1700     1380   
                                           T        V       H0       H01     AOSYM     SMH    MOLCAS    ERIS     OPER     JKOP   

              2       9       33.49       200      700     1000      520     2100     2101     2102     2103     2104   
                                        OPTIONS   GEOM     BASIS   MCVARS     RHF      RHF      RHF      RHF      RHF  

 PROGRAMS   *        TOTAL       MP3        HF       INT       MP3        HF       INT       MP3        HF       INT       MP3
 CPU TIMES  *      1073.25     51.51    163.67      0.11     29.85    152.25      0.12     29.95    152.30      0.12     29.95
 REAL TIME  *      1920.12 SEC
 DISK USED  *        25.33 GB      
 **********************************************************************************************************************************
 SETTING EMP3_AB        =      -116.76170358  AU                              
 SETTING EMP3_CORR_AB   =        -0.49203766  AU                              

 Running procedure=SET_DIMERAC

 Dummy atoms: O1  H5  H6


 Recomputing one-electron integrals since nuclear charges changed


 PROGRAM * SEWARD (Integral evaluation for generally contracted gaussian basis sets)     Author: Roland Lindh, 1990

 Geometry written to block  1 of record 700


 Point group  C1  



 ATOMIC COORDINATES

 NR  ATOM    CHARGE       X              Y              Z

   1  C1      6.00   -6.193010455    2.801518980    2.403542658
   2  H1      1.00   -4.656285171    1.699997622    3.119937832
   3  H2      1.00   -5.973046335    4.726205038    2.982932688
   4  H3      1.00   -7.940251230    2.077186956    3.118237078
   5  H4      1.00   -6.176569838    2.685300823    0.384937212
   6  O1      0.00   -8.342762895    8.383580979    6.757282676
   7  H5      0.00   -7.349144898    9.034591629    5.278760956
   8  H6      0.00   -8.743006888    9.863803452    7.746365330
   9  O2      8.00   -1.010247586    7.876000542    2.916036383
  10  H7      1.00   -0.819574220    6.648056506    4.275505357
  11  H8      1.00   -0.644963526    6.932271315    1.370429386

 Bond lengths in Bohr (Angstrom)

 1-2  2.021904040  1-3  2.022002335  1-4  2.021953343  1-5  2.022015060  6-7  1.896606987
     ( 1.069945541)     ( 1.069997556)     ( 1.069971630)     ( 1.070004290)     ( 1.003641196)

  6- 8  1.824702255   9-10  1.841835709   9-11  1.847419359
       ( 0.965590850)       ( 0.974657483)       ( 0.977612224)

 Bond angles

  2-1-3  109.53398059   2-1-4  109.65604535   2-1-5  108.43490854   3-1-4  109.49436728

  3- 1- 5  109.86987750   4- 1- 5  109.83468330   7- 6- 8  105.01239280  10- 9-11  104.86126985

 NUCLEAR CHARGE:                   20
 NUMBER OF PRIMITIVE AOS:         417
 NUMBER OF SYMMETRY AOS:          374
 NUMBER OF CONTRACTIONS:          322   ( 322A   )
 NUMBER OF CORE ORBITALS:           2   (   2A   )
 NUMBER OF VALENCE ORBITALS:       14   (  14A   )

 MOLECULE CHANGED: INITIALIZING OCCUPATION AND DUMP RECORDS


 NUCLEAR REPULSION ENERGY   36.57703656


 Eigenvalues of metric

         1 0.309E-04 0.639E-04 0.747E-04 0.973E-04 0.278E-03 0.308E-03 0.332E-03 0.381E-03


 Contracted 2-electron integrals neglected if value below      1.0D-19

 OPERATOR DM      FOR CENTER  0  COORDINATES:    0.000000    0.000000    0.000000


 **********************************************************************************************************************************
 DATASETS  * FILE   NREC   LENGTH (MB)   RECORD NAMES
              1      19     9249.98       500      610      700      900      950      970     1000      129      960     1100   
                                          VAR    BASINP    GEOM    SYMINP    ZMAT    AOBASIS   BASIS     P2S    ABASIS      S 
                                         1400     1410     1200     1210     1080     1600     1650     1300     1700   
                                           T        V       H0       H01     AOSYM     SMH    MOLCAS    ERIS     OPER   

              2       9       33.49       200      700     1000      520     2100     2101     2102     2103     2104   
                                        OPTIONS   GEOM     BASIS   MCVARS     RHF      RHF      RHF      RHF      RHF  

 PROGRAMS   *        TOTAL       INT       MP3        HF       INT       MP3        HF       INT       MP3        HF       INT
 CPU TIMES  *      1073.37      0.11     51.51    163.67      0.11     29.85    152.25      0.12     29.95    152.30      0.12
 REAL TIME  *      1920.67 SEC
 DISK USED  *        25.33 GB      
 **********************************************************************************************************************************


 PROGRAM * RHF-SCF (CLOSED SHELL)       Authors: W. Meyer, H.-J. Werner


 NUMBER OF ELECTRONS:      10+   10-    SPACE SYMMETRY=1    SPIN SYMMETRY: Singlet 
 CONVERGENCE THRESHOLDS:    1.00E-08 (Density)    1.00E-09 (Energy)
 MAX. NUMBER OF ITERATIONS:       60
 INTERPOLATION TYPE:            DIIS
 INTERPOLATION STEPS:              2 (START)      1 (STEP)
 LEVEL SHIFTS:                  0.00 (CLOSED)  0.00 (OPEN) 



 Orbital guess generated from atomic densities. Full valence occupancy:   16

 Molecular orbital dump at record        2105.2

 Initial occupancy:  10

 ITERATION    DDIFF          GRAD             ENERGY        2-EL.EN.            DIPOLE MOMENTS         DIIS   ORB.
    1      0.000D+00      0.000D+00      -116.21446823    158.524234    0.29111   -1.11219   -0.09790    0    start
    2      0.000D+00      0.438D-02      -116.25804721    153.739603    0.13570   -0.62492   -0.05760    1    diag
    3      0.395D-02      0.256D-02      -116.27121588    155.731335    0.17624   -0.74537   -0.06698    2    diag
    4      0.131D-02      0.380D-03      -116.27186222    155.620509    0.17448   -0.73392   -0.06541    3    diag
    5      0.299D-03      0.111D-03      -116.27192846    155.614570    0.17379   -0.73314   -0.06512    4    diag
    6      0.103D-03      0.271D-04      -116.27193221    155.620480    0.17347   -0.73228   -0.06495    5    diag
    7      0.289D-04      0.527D-05      -116.27193242    155.618895    0.17345   -0.73228   -0.06493    6    diag
    8      0.804D-05      0.133D-05      -116.27193244    155.619040    0.17342   -0.73221   -0.06491    7    diag
    9      0.173D-05      0.295D-06      -116.27193244    155.619015    0.17341   -0.73220   -0.06491    8    diag
   10      0.547D-06      0.346D-07      -116.27193244    155.619017    0.17341   -0.73220   -0.06491    9    orth
   11      0.428D-07      0.873D-08      -116.27193244    155.619018    0.17341   -0.73220   -0.06491    9    diag
   12      0.163D-07      0.225D-08      -116.27193244    155.619018    0.17341   -0.73220   -0.06491    9    diag
   13      0.321D-08      0.581D-09      -116.27193244    155.619018    0.17341   -0.73220   -0.06491    0    orth

 Final occupancy:  10

 !RHF STATE 1.1 Energy               -116.271932441011
 Nuclear energy                        36.57703656
 One-electron energy                 -230.65847809
 Two-electron energy                   77.80950909
 Virial quotient                       -1.00100842
 !RHF STATE 1.1 Dipole moment           0.17341231    -0.73219791    -0.06491326
 Dipole moment /Debye                   0.44074126    -1.86093956    -0.16498225

 Orbital energies:

         1.1          2.1          3.1          4.1          5.1          6.1          7.1          8.1          9.1         10.1
    -20.569678   -11.199481    -1.343431    -0.953464    -0.707857    -0.580504    -0.554424    -0.552444    -0.550865    -0.507582

        11.1         12.1
      0.023467     0.035868

 HOMO     10.1    -0.507582 =     -13.8120eV
 LUMO     11.1     0.023467 =       0.6386eV
 LUMO-HOMO         0.531049 =      14.4506eV


 **********************************************************************************************************************************
 DATASETS  * FILE   NREC   LENGTH (MB)   RECORD NAMES
              1      19     9249.98       500      610      700      900      950      970     1000      129      960     1100   
                                          VAR    BASINP    GEOM    SYMINP    ZMAT    AOBASIS   BASIS     P2S    ABASIS      S 
                                         1400     1410     1200     1210     1080     1600     1650     1300     1700   
                                           T        V       H0       H01     AOSYM     SMH    MOLCAS    ERIS     OPER   

              2      10       40.14       200      700     1000      520     2100     2101     2102     2103     2104     2105   
                                        OPTIONS   GEOM     BASIS   MCVARS     RHF      RHF      RHF      RHF      RHF      RHF  

 PROGRAMS   *        TOTAL        HF       INT       MP3        HF       INT       MP3        HF       INT       MP3        HF
 CPU TIMES  *      1237.24    163.87      0.11     51.51    163.67      0.11     29.85    152.25      0.12     29.95    152.30
 REAL TIME  *      2186.30 SEC
 DISK USED  *        25.33 GB      
 **********************************************************************************************************************************
 SETTING ESCF_AC        =      -116.27193244  AU                              


 PROGRAM * MP3 (Closed-shell)     Authors: C. Hampel, H.-J. Werner, 1991, M. Deegan, P.J. Knowles, 1992


 Convergence thresholds:  THRVAR = 1.00D-08  THRDEN = 1.00D-08

 Number of core orbitals:           2 (   2 )
 Number of closed-shell orbitals:   8 (   8 )
 Number of external orbitals:     312 ( 312 )

 Molecular orbitals read from record     2105.2  Type=RHF/CANONICAL (state 1.1)

 Number of N-1 electron functions:               8
 Number of N-2 electron functions:              36
 Number of singly external CSFs:              2496
 Number of doubly external CSFs:           3116256
 Total number of CSFs:                     3118753

 Length of J-op  integral file:               0.00 MB
 Length of K-op  integral file:               7.17 MB

 Integral transformation finished. Total CPU:  17.86 sec, npass=  1  Memory used:   8.54 MW

 Reference energy:                   -116.27193244

                        CORR.ENERGY   TOTAL ENERGY   ENERGY CHANGE
 MP2:                   -0.47124468  -116.74317712    -0.47124468

 SCS-MP2 correlation energy:           -0.47660074   (PS=  1.200000  PT=  0.333333)
 SCS-MP2 total energy:               -116.74853318

 MP3(D):                -0.49163209  -116.76356453    -0.02038741



 RESULTS
 =======

  Reference energy                   -116.271932441011
  MP3 singlet pair energy              -0.346348681155
  MP3 triplet pair energy              -0.145283406639
  MP3 correlation energy               -0.491632087794

 !MP3 total energy                   -116.763564528805

 Timing summary (sec):

 STEP                 CPU(USER)    SYS     CPU(TOT)    WALL
 Transformation         18.20      7.49     25.69     25.73
 CCSD iterations        33.31      7.24     40.55     53.37

 Program statistics:

 Available memory in ccsd:             13999999644
 Min. memory needed in ccsd:               9187353
 Max. memory used in ccsd:                11873417
 Max. memory used in cckext:               8287581 ( 1 integral passes)



 **********************************************************************************************************************************
 DATASETS  * FILE   NREC   LENGTH (MB)   RECORD NAMES
              1      20     9296.58       500      610      700      900      950      970     1000      129      960     1100   
                                          VAR    BASINP    GEOM    SYMINP    ZMAT    AOBASIS   BASIS     P2S    ABASIS      S 
                                         1400     1410     1200     1210     1080     1600     1650     1300     1700     1380   
                                           T        V       H0       H01     AOSYM     SMH    MOLCAS    ERIS     OPER     JKOP   

              2      10       40.14       200      700     1000      520     2100     2101     2102     2103     2104     2105   
                                        OPTIONS   GEOM     BASIS   MCVARS     RHF      RHF      RHF      RHF      RHF      RHF  

 PROGRAMS   *        TOTAL       MP3        HF       INT       MP3        HF       INT       MP3        HF       INT       MP3
 CPU TIMES  *      1288.77     51.53    163.87      0.11     51.51    163.67      0.11     29.85    152.25      0.12     29.95
 REAL TIME  *      2265.77 SEC
 DISK USED  *        25.33 GB      
 **********************************************************************************************************************************
 SETTING EMP3_AC        =      -116.76356453  AU                              
 SETTING EMP3_CORR_AC   =        -0.49163209  AU                              

 Running procedure=SET_DIMERBC

 Dummy atoms: C1  H1  H2  H3  H4


 Recomputing one-electron integrals since nuclear charges changed


 PROGRAM * SEWARD (Integral evaluation for generally contracted gaussian basis sets)     Author: Roland Lindh, 1990

 Geometry written to block  1 of record 700


 Point group  C1  



 ATOMIC COORDINATES

 NR  ATOM    CHARGE       X              Y              Z

   1  C1      0.00   -6.193010455    2.801518980    2.403542658
   2  H1      0.00   -4.656285171    1.699997622    3.119937832
   3  H2      0.00   -5.973046335    4.726205038    2.982932688
   4  H3      0.00   -7.940251230    2.077186956    3.118237078
   5  H4      0.00   -6.176569838    2.685300823    0.384937212
   6  O1      8.00   -8.342762895    8.383580979    6.757282676
   7  H5      1.00   -7.349144898    9.034591629    5.278760956
   8  H6      1.00   -8.743006888    9.863803452    7.746365330
   9  O2      8.00   -1.010247586    7.876000542    2.916036383
  10  H7      1.00   -0.819574220    6.648056506    4.275505357
  11  H8      1.00   -0.644963526    6.932271315    1.370429386

 Bond lengths in Bohr (Angstrom)

 1-2  2.021904040  1-3  2.022002335  1-4  2.021953343  1-5  2.022015060  6-7  1.896606987
     ( 1.069945541)     ( 1.069997556)     ( 1.069971630)     ( 1.070004290)     ( 1.003641196)

  6- 8  1.824702255   9-10  1.841835709   9-11  1.847419359
       ( 0.965590850)       ( 0.974657483)       ( 0.977612224)

 Bond angles

  2-1-3  109.53398059   2-1-4  109.65604535   2-1-5  108.43490854   3-1-4  109.49436728

  3- 1- 5  109.86987750   4- 1- 5  109.83468330   7- 6- 8  105.01239280  10- 9-11  104.86126985

 NUCLEAR CHARGE:                   20
 NUMBER OF PRIMITIVE AOS:         417
 NUMBER OF SYMMETRY AOS:          374
 NUMBER OF CONTRACTIONS:          322   ( 322A   )
 NUMBER OF CORE ORBITALS:           2   (   2A   )
 NUMBER OF VALENCE ORBITALS:       12   (  12A   )

 MOLECULE CHANGED: INITIALIZING OCCUPATION AND DUMP RECORDS


 NUCLEAR REPULSION ENERGY   29.99318929


 Eigenvalues of metric

         1 0.309E-04 0.639E-04 0.747E-04 0.973E-04 0.278E-03 0.308E-03 0.332E-03 0.381E-03


 Contracted 2-electron integrals neglected if value below      1.0D-19

 OPERATOR DM      FOR CENTER  0  COORDINATES:    0.000000    0.000000    0.000000


 **********************************************************************************************************************************
 DATASETS  * FILE   NREC   LENGTH (MB)   RECORD NAMES
              1      19     9249.98       500      610      700      900      950      970     1000      129      960     1100   
                                          VAR    BASINP    GEOM    SYMINP    ZMAT    AOBASIS   BASIS     P2S    ABASIS      S 
                                         1400     1410     1200     1210     1080     1600     1650     1300     1700   
                                           T        V       H0       H01     AOSYM     SMH    MOLCAS    ERIS     OPER   

              2      10       40.14       200      700     1000      520     2100     2101     2102     2103     2104     2105   
                                        OPTIONS   GEOM     BASIS   MCVARS     RHF      RHF      RHF      RHF      RHF      RHF  

 PROGRAMS   *        TOTAL       INT       MP3        HF       INT       MP3        HF       INT       MP3        HF       INT
 CPU TIMES  *      1288.89      0.11     51.53    163.87      0.11     51.51    163.67      0.11     29.85    152.25      0.12
 REAL TIME  *      2266.27 SEC
 DISK USED  *        25.33 GB      
 **********************************************************************************************************************************


 PROGRAM * RHF-SCF (CLOSED SHELL)       Authors: W. Meyer, H.-J. Werner


 NUMBER OF ELECTRONS:      10+   10-    SPACE SYMMETRY=1    SPIN SYMMETRY: Singlet 
 CONVERGENCE THRESHOLDS:    1.00E-08 (Density)    1.00E-09 (Energy)
 MAX. NUMBER OF ITERATIONS:       60
 INTERPOLATION TYPE:            DIIS
 INTERPOLATION STEPS:              2 (START)      1 (STEP)
 LEVEL SHIFTS:                  0.00 (CLOSED)  0.00 (OPEN) 



 Orbital guess generated from atomic densities. Full valence occupancy:   14

 Molecular orbital dump at record        2106.2

 Initial occupancy:  10

 ITERATION    DDIFF          GRAD             ENERGY        2-EL.EN.            DIPOLE MOMENTS         DIIS   ORB.
    1      0.000D+00      0.000D+00      -152.04231443    178.792076    0.59686   -0.02253   -0.35878    0    start
    2      0.000D+00      0.539D-02      -152.09473959    171.563326    0.36958   -0.02163   -0.21082    1    diag
    3      0.449D-02      0.343D-02      -152.11700788    174.749512    0.42504   -0.02032   -0.24537    2    diag
    4      0.162D-02      0.317D-03      -152.11738631    174.573147    0.42188   -0.02078   -0.24191    3    diag
    5      0.209D-03      0.880D-04      -152.11742572    174.601330    0.42071   -0.02020   -0.24070    4    diag
    6      0.646D-04      0.175D-04      -152.11742815    174.599764    0.42037   -0.02056   -0.24031    5    diag
    7      0.167D-04      0.513D-05      -152.11742828    174.599820    0.42029   -0.02025   -0.24026    6    diag
    8      0.403D-05      0.223D-05      -152.11742831    174.599943    0.42024   -0.02034   -0.24020    7    diag
    9      0.203D-05      0.352D-06      -152.11742831    174.599911    0.42022   -0.02033   -0.24019    8    diag
   10      0.390D-06      0.441D-07      -152.11742831    174.599905    0.42022   -0.02033   -0.24019    9    orth
   11      0.536D-07      0.116D-07      -152.11742831    174.599908    0.42022   -0.02033   -0.24019    9    diag
   12      0.140D-07      0.236D-08      -152.11742831    174.599907    0.42022   -0.02033   -0.24019    9    diag
   13      0.313D-08      0.610D-09      -152.11742831    174.599908    0.42022   -0.02033   -0.24019    0    orth

 Final occupancy:  10

 !RHF STATE 1.1 Energy               -152.117428310156
 Nuclear energy                        29.99318929
 One-electron energy                 -269.41057155
 Two-electron energy                   87.29995395
 Virial quotient                       -1.00249156
 !RHF STATE 1.1 Dipole moment           0.42021636    -0.02033479    -0.24019111
 Dipole moment /Debye                   1.06801350    -0.05168249    -0.61046493

 Orbital energies:

         1.1          2.1          3.1          4.1          5.1          6.1          7.1          8.1          9.1         10.1
    -20.574274   -20.565478    -1.347835    -1.333932    -0.712176    -0.698073    -0.585238    -0.573006    -0.513097    -0.502225

        11.1         12.1
      0.019875     0.036847

 HOMO     10.1    -0.502225 =     -13.6662eV
 LUMO     11.1     0.019875 =       0.5408eV
 LUMO-HOMO         0.522100 =      14.2071eV


 **********************************************************************************************************************************
 DATASETS  * FILE   NREC   LENGTH (MB)   RECORD NAMES
              1      19     9249.98       500      610      700      900      950      970     1000      129      960     1100   
                                          VAR    BASINP    GEOM    SYMINP    ZMAT    AOBASIS   BASIS     P2S    ABASIS      S 
                                         1400     1410     1200     1210     1080     1600     1650     1300     1700   
                                           T        V       H0       H01     AOSYM     SMH    MOLCAS    ERIS     OPER   

              2      11       46.80       200      700     1000      520     2100     2101     2102     2103     2104     2105   
                                        OPTIONS   GEOM     BASIS   MCVARS     RHF      RHF      RHF      RHF      RHF      RHF  
                                         2106   
                                          RHF  

 PROGRAMS   *        TOTAL        HF       INT       MP3        HF       INT       MP3        HF       INT       MP3        HF
 CPU TIMES  *      1453.01    164.12      0.11     51.53    163.87      0.11     51.51    163.67      0.11     29.85    152.25
 REAL TIME  *      2548.99 SEC
 DISK USED  *        25.33 GB      
 **********************************************************************************************************************************
 SETTING ESCF_BC        =      -152.11742831  AU                              


 PROGRAM * MP3 (Closed-shell)     Authors: C. Hampel, H.-J. Werner, 1991, M. Deegan, P.J. Knowles, 1992


 Convergence thresholds:  THRVAR = 1.00D-08  THRDEN = 1.00D-08

 Number of core orbitals:           2 (   2 )
 Number of closed-shell orbitals:   8 (   8 )
 Number of external orbitals:     312 ( 312 )

 Molecular orbitals read from record     2106.2  Type=RHF/CANONICAL (state 1.1)

 Number of N-1 electron functions:               8
 Number of N-2 electron functions:              36
 Number of singly external CSFs:              2496
 Number of doubly external CSFs:           3116256
 Total number of CSFs:                     3118753

 Length of J-op  integral file:               0.00 MB
 Length of K-op  integral file:               7.17 MB

 Integral transformation finished. Total CPU:  17.74 sec, npass=  1  Memory used:   8.54 MW

 Reference energy:                   -152.11742831

                        CORR.ENERGY   TOTAL ENERGY   ENERGY CHANGE
 MP2:                   -0.54063691  -152.65806522    -0.54063691

 SCS-MP2 correlation energy:           -0.53506313   (PS=  1.200000  PT=  0.333333)
 SCS-MP2 total energy:               -152.65249144

 MP3(D):                -0.54511716  -152.66254547    -0.00448025



 RESULTS
 =======

  Reference energy                   -152.117428310156
  MP3 singlet pair energy              -0.366315521046
  MP3 triplet pair energy              -0.178801638445
  MP3 correlation energy               -0.545117159490

 !MP3 total energy                   -152.662545469646

 Timing summary (sec):

 STEP                 CPU(USER)    SYS     CPU(TOT)    WALL
 Transformation         18.10      7.71     25.81     29.03
 CCSD iterations        33.20      7.45     40.65     60.09

 Program statistics:

 Available memory in ccsd:             13999999644
 Min. memory needed in ccsd:               9187353
 Max. memory used in ccsd:                11873417
 Max. memory used in cckext:               8287581 ( 1 integral passes)



 **********************************************************************************************************************************
 DATASETS  * FILE   NREC   LENGTH (MB)   RECORD NAMES
              1      20     9296.58       500      610      700      900      950      970     1000      129      960     1100   
                                          VAR    BASINP    GEOM    SYMINP    ZMAT    AOBASIS   BASIS     P2S    ABASIS      S 
                                         1400     1410     1200     1210     1080     1600     1650     1300     1700     1380   
                                           T        V       H0       H01     AOSYM     SMH    MOLCAS    ERIS     OPER     JKOP   

              2      11       46.80       200      700     1000      520     2100     2101     2102     2103     2104     2105   
                                        OPTIONS   GEOM     BASIS   MCVARS     RHF      RHF      RHF      RHF      RHF      RHF  
                                         2106   
                                          RHF  

 PROGRAMS   *        TOTAL       MP3        HF       INT       MP3        HF       INT       MP3        HF       INT       MP3
 CPU TIMES  *      1504.33     51.32    164.12      0.11     51.53    163.87      0.11     51.51    163.67      0.11     29.85
 REAL TIME  *      2641.62 SEC
 DISK USED  *        25.33 GB      
 **********************************************************************************************************************************
 SETTING EMP3_BC        =      -152.66254547  AU                              
 SETTING EMP3_CORR_BC   =        -0.54511716  AU                              
 SETTING E_INT_ABC      =        -0.00263176  AU                              
 SETTING E_INT_AB       =        -0.00017643  AU                              
 SETTING E_INT_AC       =        -0.00063528  AU                              
 SETTING E_INT_BC       =        -0.00186298  AU                              
 SETTING E_ADD          =        -0.00267469  AU                              
 SETTING E_NONADD_MP3   =     4.29365522D-05  AU                              
 SETTING E_INT_ABC_CORR =        -0.00140513  AU                              
 SETTING E_INT_AB_CORR  =        -0.00065073  AU                              
 SETTING E_INT_AC_CORR  =        -0.00073305  AU                              
 SETTING E_INT_BC_CORR  =    -4.06761956D-05  AU                              
 SETTING E_INT_ABC_CORR_ADD              =      -0.00142446  AU                              
 SETTING E_INT_ABC_CORR_NONADD           =   1.93294224D-05  AU                              
 SETTING E_INT_ABC_HF   =        -0.00122663  AU                              
 SETTING E_INT_AB_HF    =         0.00047430  AU                              
 SETTING E_INT_AC_HF    =     9.77676812D-05  AU                              
 SETTING E_INT_BC_HF    =        -0.00182231  AU                              
 SETTING E_INT_ABC_HF_ADD                =      -0.00125024  AU                              
 SETTING E_INT_ABC_HF_NONADD             =   2.36071297D-05  AU                              

 *** results in millihartree
 E_INT_ABC        =        -0.00263176 AU
 E_INT_AB         =        -0.00017643 AU
 E_INT_AC         =        -0.00063528 AU
 E_INT_BC         =        -0.00186298 AU
 E_ADD            =        -0.00267469 AU
 E_NONADD_MP3     =         0.00004294 AU
 E_INT_ABC_CORR   =        -0.00140513 AU
 E_INT_AB_CORR    =        -0.00065073 AU
 E_INT_AC_CORR    =        -0.00073305 AU
 E_INT_BC_CORR    =        -0.00004068 AU
 E_INT_ABC_CORR_ADD       =        -0.00142446 AU
 E_INT_ABC_CORR_NONADD    =         0.00001933 AU
 E_INT_ABC_HF     =        -0.00122663 AU
 E_INT_AB_HF      =         0.00047430 AU
 E_INT_AC_HF      =         0.00009777 AU
 E_INT_BC_HF      =        -0.00182231 AU
 E_INT_ABC_HF_ADD =        -0.00125024 AU
 E_INT_ABC_HF_NONADD      =         0.00002361 AU

 MP3/aug-cc-pVTZ energy=   -152.662545469646

        MP3             HF-SCF          MP3             HF-SCF          MP3             HF-SCF          MP3             HF-SCF  
   -152.66254547   -152.11742831   -116.76356453   -116.27193244   -116.76170358   -116.26966592    -76.33104229    -76.05874800
 **********************************************************************************************************************************
 Molpro calculation terminated
 Variable memory released
