
 Primary working directories    : /net/scratch/people/plgsirous
 Secondary working directories  : /net/scratch/people/plgsirous
 Wavefunction directory         : /net/people/plgsirous/wfu/
 Main file repository           : /net/scratch/people/plgsirous/

 SHA1      : 
 NAME      : 
 ARCHNAME  : linux/x86_64
 FC        : /net/software/local/intel/impi/2018.1.163/bin64/mpiifort
 BLASLIB   : -L/net/software/local/intel/compilers_and_libraries_2018.1.163/linux/mkl/lib/intel64 -lmkl_scalapack_ilp64 -lmkl_intel_ilp64 -lmkl_intel_thread -lmkl_core -lmkl_blacs_intelmpi_ilp64 -liomp5 -lpthread -lm -ldl
 id        : pl

 Nodes     nprocs
 p1244        1

 Using customized tuning parameters: mindgm=7; mindgv=20; mindgc=1; mindgr=1; noblas=0; minvec=7
 default implementation of scratch files=df  

 ***,MP3SD(T)
 memory,14000,m
 gthresh,orbital=1d-8,energy=1d-8,twoint=1.d-19
 angstrom
 geometry={
 C1        -3.2772    1.4825     1.2719
 H1        -2.4640    0.8996     1.6510
 H2        -3.1608    2.5010     1.5785
 H3        -4.2018    1.0992     1.6501
 H4        -3.2685    1.4210     0.2037
 O1        -4.4148    4.4364     3.5758
 H5        -3.8890    4.7809     2.7934
 H6        -4.6266    5.2197     4.0992
 O2        -6.0123    -1.3269     0.9480
 H7        -5.1455    -1.8020     0.9523
 H8        -6.6821    -2.0194     0.8817
   }
 
 nkerna=1
 nkernb=1
 nkernc=1
 nkernab=$nkerna+$nkernb
 nkernac=$nkerna+$nkernc
 nkernbc=$nkernb+$nkernc
 nkernabc=$nkerna+$nkernb+$nkernc
 
 proc set_monomera
 core,$nkerna
 dummy,6,7,8,9,10,11;
 endproc
 
 proc set_monomerb
 core,$nkernb
 dummy,1,2,3,4,5,9,10,11;
 endproc
 
 proc set_monomerc
 core,$nkernc
 dummy,1,2,3,4,5,6,7,8;
 endproc
 
 proc set_dimerab
 core,$nkerna+$nkernb
 dummy,9,10,11;
 endproc
 
 proc set_dimerac
 core,$nkerna+$nkernc
 dummy,6,7,8;
 endproc
 
 proc set_dimerbc
 core,$nkernb+$nkernc
 dummy,1,2,3,4,5;
 endproc
 
 proc set_trimerabc
 core,$nkerna+$nkernb+$nkernc
 endproc
 
 basis=avtz
 
 set_trimerabc
 hf
 Escf_ABC=energy
 mp3
 Emp3_ABC=energy
 Emp3_corr_ABC=(Emp3_ABC)-(Escf_ABC)
 
 set_monomera
 {hf
 start,atden}
 Escf_A=energy
 mp3
 Emp3_A=energy
 Emp3_corr_A=(Emp3_A)-(Escf_A)
 
 set_monomerb
 {hf
 start,atden}
 Escf_B=energy
 mp3
 Emp3_B=energy
 Emp3_corr_B=(Emp3_B)-(Escf_B)
 
 set_monomerc
 {hf
 start,atden}
 Escf_C=energy
 mp3
 Emp3_C=energy
 Emp3_corr_C=(Emp3_C)-(Escf_C)
 
 set_dimerab
 {hf
 start,atden}
 Escf_AB=energy
 mp3
 Emp3_AB=energy
 Emp3_corr_AB=(Emp3_AB)-(Escf_AB)
 
 set_dimerac
 {hf
 start,atden}
 Escf_AC=energy
 mp3
 Emp3_AC=energy
 Emp3_corr_AC=(Emp3_AC)-(Escf_AC)
 
 set_dimerbc
 {hf
 start,atden}
 Escf_BC=energy
 mp3
 Emp3_BC=energy
 Emp3_corr_BC=(Emp3_BC)-(Escf_BC)
 
 E_int_ABC=Emp3_ABC-(Emp3_A+Emp3_B+Emp3_C)
 E_int_AB=Emp3_AB-(Emp3_A+Emp3_B)
 E_int_AC=Emp3_AC-(Emp3_A+Emp3_C)
 E_int_BC=Emp3_BC-(Emp3_B+Emp3_C)
 E_add=E_int_AB+E_int_AC+E_int_BC
 E_nonadd_MP3=E_int_ABC-(E_int_AB+E_int_AC+E_int_BC)
                                                                                 !!!!!Correlation part of interaction energy!!!!!!
 E_int_ABC_corr=Emp3_corr_ABC-(Emp3_corr_A+Emp3_corr_B+Emp3_corr_C)
 E_int_AB_corr=Emp3_corr_AB-(Emp3_corr_A+Emp3_corr_B)
 E_int_AC_corr=Emp3_corr_AC-(Emp3_corr_A+Emp3_corr_C)
 E_int_BC_corr=Emp3_corr_BC-(Emp3_corr_B+Emp3_corr_C)
 E_int_ABC_corr_add=E_int_AB_corr+E_int_AC_corr+E_int_BC_corr
 E_int_ABC_corr_nonadd=E_int_ABC_corr-E_int_ABC_corr_add
                                                                                 !!!!HF part of interaction energy!!!!
 E_int_ABC_HF=E_int_ABC-E_int_ABC_corr
 E_int_AB_HF=E_int_AB-E_int_AB_corr
 E_int_AC_HF=E_int_AC-E_int_AC_corr
 E_int_BC_HF=E_int_BC-E_int_BC_corr
 E_int_ABC_HF_add=E_int_AB_HF+E_int_AC_HF+E_int_BC_HF
 E_int_ABC_HF_nonadd=E_int_ABC_HF-E_int_ABC_HF_add
 
 text,results in millihartree
                                                                                 !!!!Interacion Energies!!!!!!
 show,E_int_ABC,E_int_AB,E_int_AC,E_int_BC,E_add,E_nonadd_MP3
                                                                                 !!!!Correlation Part!!!!!!!!
 show,E_int_ABC_corr,E_int_AB_corr,E_int_AC_corr,E_int_BC_corr,E_int_ABC_corr_add,E_int_ABC_corr_nonadd
                                                                                 !!!!SCF Part!!!!!
 show,E_int_ABC_HF,E_int_AB_HF,E_int_AC_HF,E_int_BC_HF,E_int_ABC_HF_add,E_int_ABC_HF_nonadd

 Variables initialized (889), CPU time= 0.01 sec
 Commands  initialized (702), CPU time= 0.00 sec, 572 directives.
 Default parameters read. Elapsed time= 0.14 sec

 Checking input...
 Passed
1


                                         ***  PROGRAM SYSTEM MOLPRO  ***
                                       Copyright, TTI GmbH Stuttgart, 2015
                                    Version 2015.1 linked Jul  2 2018 15:03:07


 **********************************************************************************************************************************
 LABEL *   MP3SD(T)                                                                      
  64 bit serial version                                                                  DATE: 28-Nov-18          TIME: 16:08:46  
 **********************************************************************************************************************************

 SHA1:             
 **********************************************************************************************************************************

 THRESHOLDS:

 ZERO    =  1.00D-12  ONEINT  =  1.00D-12  TWOINT  =  1.00D-19  PREFAC  =  1.00D-14  LOCALI  =  1.00D-09  EORDER  =  1.00D-04
 ENERGY  =  1.00D-08  ETEST   =  0.00D+00  EDENS   =  0.00D+00  THRDEDEF=  1.00D-06  GRADIENT=  1.00D-02  STEP    =  1.00D-03
 ORBITAL =  1.00D-08  CIVEC   =  1.00D-05  COEFF   =  1.00D-04  PRINTCI =  5.00D-02  PUNCHCI =  9.90D+01  OPTGRAD =  3.00D-04
 OPTENERG=  1.00D-06  OPTSTEP =  3.00D-04  THRGRAD =  1.00D-10  COMPRESS=  1.00D-11  VARMIN  =  1.00D-07  VARMAX  =  1.00D-03
 THRDOUB =  0.00D+00  THRDIV  =  1.00D-05  THRRED  =  1.00D-07  THRPSP  =  1.00D+00  THRDC   =  1.00D-10  THRCS   =  1.00D-10
 THRNRM  =  1.00D-08  THREQ   =  0.00D+00  THRDE   =  1.00D+00  THRREF  =  1.00D-05  SPARFAC =  1.00D+00  THRDLP  =  1.00D-07
 THRDIA  =  1.00D-10  THRDLS  =  1.00D-07  THRGPS  =  0.00D+00  THRKEX  =  0.00D+00  THRDIS  =  2.00D-01  THRVAR  =  1.00D-10
 THRLOC  =  1.00D-06  THRGAP  =  1.00D-06  THRLOCT = -1.00D+00  THRGAPT = -1.00D+00  THRORB  =  1.00D-06  THRMLTP =  0.00D+00
 THRCPQCI=  1.00D-10  KEXTA   =  0.00D+00  THRCOARS=  0.00D+00  SYMTOL  =  1.00D-06  GRADTOL =  1.00D-06  THROVL  =  1.00D-08
 THRORTH =  1.00D-08  GRID    =  1.00D-06  GRIDMAX =  1.00D-03  DTMAX   =  0.00D+00  THROCCDE=  1.00D-01  THROCCDE=  1.00D-01


 ZUNIT=ANG
 

Geometry recognized as XYZ

 SETTING NKERNA         =         1.00000000                                  
 SETTING NKERNB         =         1.00000000                                  
 SETTING NKERNC         =         1.00000000                                  
 SETTING NKERNAB        =         2.00000000                                  
 SETTING NKERNAC        =         2.00000000                                  
 SETTING NKERNBC        =         2.00000000                                  
 SETTING NKERNABC       =         3.00000000                                  

 Variable memory set to ********** words,  buffer space   230000 words

 SETTING BASIS          =    AVTZ

 Running procedure=SET_TRIMERABC


 Recomputing integrals since basis changed


 Using spherical harmonics

 Library entry C      S aug-cc-pVTZ          selected for orbital group  1
 Library entry C      P aug-cc-pVTZ          selected for orbital group  1
 Library entry C      D aug-cc-pVTZ          selected for orbital group  1
 Library entry C      F aug-cc-pVTZ          selected for orbital group  1
 Library entry H      S aug-cc-pVTZ          selected for orbital group  2
 Library entry H      P aug-cc-pVTZ          selected for orbital group  2
 Library entry H      D aug-cc-pVTZ          selected for orbital group  2
 Library entry O      S aug-cc-pVTZ          selected for orbital group  3
 Library entry O      P aug-cc-pVTZ          selected for orbital group  3
 Library entry O      D aug-cc-pVTZ          selected for orbital group  3
 Library entry O      F aug-cc-pVTZ          selected for orbital group  3


 PROGRAM * SEWARD (Integral evaluation for generally contracted gaussian basis sets)     Author: Roland Lindh, 1990

 Geometry written to block  1 of record 700


 Point group  C1  



 ATOMIC COORDINATES

 NR  ATOM    CHARGE       X              Y              Z

   1  C1      6.00   -6.193010455    2.801518980    2.403542658
   2  H1      1.00   -4.656285171    1.699997622    3.119937832
   3  H2      1.00   -5.973046335    4.726205038    2.982932688
   4  H3      1.00   -7.940251230    2.077186956    3.118237078
   5  H4      1.00   -6.176569838    2.685300823    0.384937212
   6  O1      8.00   -8.342762895    8.383580979    6.757282676
   7  H5      1.00   -7.349144898    9.034591629    5.278760956
   8  H6      1.00   -8.743006888    9.863803452    7.746365330
   9  O2      8.00  -11.361600379   -2.507477595    1.791460366
  10  H7      1.00   -9.723585774   -3.405286476    1.799586188
  11  H8      1.00  -12.627338937   -3.816112936    1.666171524

 Bond lengths in Bohr (Angstrom)

 1-2  2.021904040  1-3  2.022002335  1-4  2.021953343  1-5  2.022015060  6-7  1.896606987
     ( 1.069945541)     ( 1.069997556)     ( 1.069971630)     ( 1.070004290)     ( 1.003641196)

  6- 8  1.824702255   9-10  1.867945037   9-11  1.824915847
       ( 0.965590850)       ( 0.988473945)       ( 0.965703878)

 Bond angles

  2-1-3  109.53398059   2-1-4  109.65604535   2-1-5  108.43490854   3-1-4  109.49436728

  3- 1- 5  109.86987750   4- 1- 5  109.83468330   7- 6- 8  105.01239280  10- 9-11  105.29843553

 NUCLEAR CHARGE:                   30
 NUMBER OF PRIMITIVE AOS:         417
 NUMBER OF SYMMETRY AOS:          374
 NUMBER OF CONTRACTIONS:          322   ( 322A   )
 NUMBER OF CORE ORBITALS:           3   (   3A   )
 NUMBER OF VALENCE ORBITALS:       20   (  20A   )


 NUCLEAR REPULSION ENERGY   66.09085589


 Eigenvalues of metric

         1 0.386E-04 0.625E-04 0.824E-04 0.101E-03 0.314E-03 0.328E-03 0.332E-03 0.353E-03


 Contracted 2-electron integrals neglected if value below      1.0D-19
 AO integral compression algorithm  1   Integral accuracy      1.0D-19

     8612.217 MB (compressed) written to integral file ( 72.3%)


 NUMBER OF SORTED TWO-ELECTRON INTEGRALS: 1352182006.     BUFFER LENGTH:  32768
 NUMBER OF SEGMENTS:  43  SEGMENT LENGTH:   31998710      RECORD LENGTH: 524288

 Memory used in sort:      32.56 MW

 SORT1 READ  1489451514. AND WROTE  1127691547. INTEGRALS IN   3249 RECORDS. CPU TIME:    14.02 SEC, REAL TIME:    99.00 SEC
 SORT2 READ  1127691547. AND WROTE  1352182006. INTEGRALS IN  32853 RECORDS. CPU TIME:    16.35 SEC, REAL TIME:   139.50 SEC

 FILE SIZES:   FILE 1:  8636.1 MBYTE,  FILE 4: 13627.3 MBYTE,   TOTAL:  22263.4 MBYTE

 OPERATOR DM      FOR CENTER  0  COORDINATES:    0.000000    0.000000    0.000000


 **********************************************************************************************************************************
 DATASETS  * FILE   NREC   LENGTH (MB)   RECORD NAMES
              1      19     7854.48       500      610      700      900      950      970     1000      129      960     1100   
                                          VAR    BASINP    GEOM    SYMINP    ZMAT    AOBASIS   BASIS     P2S    ABASIS      S 
                                         1400     1410     1200     1210     1080     1600     1650     1300     1700   
                                           T        V       H0       H01     AOSYM     SMH    MOLCAS    ERIS     OPER   

 PROGRAMS   *        TOTAL       INT
 CPU TIMES  *        67.73     67.58
 REAL TIME  *       318.93 SEC
 DISK USED  *        22.27 GB      
 **********************************************************************************************************************************


 PROGRAM * RHF-SCF (CLOSED SHELL)       Authors: W. Meyer, H.-J. Werner


 NUMBER OF ELECTRONS:      15+   15-    SPACE SYMMETRY=1    SPIN SYMMETRY: Singlet 
 CONVERGENCE THRESHOLDS:    1.00E-08 (Density)    1.00E-09 (Energy)
 MAX. NUMBER OF ITERATIONS:       60
 INTERPOLATION TYPE:            DIIS
 INTERPOLATION STEPS:              2 (START)      1 (STEP)
 LEVEL SHIFTS:                  0.00 (CLOSED)  0.00 (OPEN) 



 Orbital guess generated from atomic densities. Full valence occupancy:   23

 Molecular orbital dump at record        2100.2

 Initial occupancy:  15

 ITERATION    DDIFF          GRAD             ENERGY        2-EL.EN.            DIPOLE MOMENTS         DIIS   ORB.
    1      0.000D+00      0.000D+00      -192.23075732    277.686156    0.50899   -0.04673   -0.32175    0    start
    2      0.000D+00      0.481D-02      -192.30165036    268.809991    0.19691   -0.04430   -0.13605    1    diag
    3      0.510D-02      0.295D-02      -192.32681791    272.557058    0.27152   -0.04482   -0.18146    2    diag
    4      0.175D-02      0.366D-03      -192.32767794    272.353769    0.26686   -0.04547   -0.17838    3    diag
    5      0.329D-03      0.106D-03      -192.32776850    272.361492    0.26473   -0.04500   -0.17726    4    diag
    6      0.116D-03      0.265D-04      -192.32777395    272.368373    0.26420   -0.04519   -0.17690    5    diag
    7      0.325D-04      0.621D-05      -192.32777436    272.365952    0.26412   -0.04503   -0.17686    6    diag
    8      0.992D-05      0.168D-05      -192.32777439    272.366130    0.26406   -0.04510   -0.17680    7    diag
    9      0.223D-05      0.751D-06      -192.32777440    272.366170    0.26404   -0.04505   -0.17680    8    diag
   10      0.680D-06      0.186D-06      -192.32777440    272.366138    0.26404   -0.04505   -0.17679    9    orth
   11      0.328D-06      0.219D-07      -192.32777440    272.366139    0.26404   -0.04505   -0.17679    9    diag
   12      0.327D-07      0.643D-08      -192.32777440    272.366141    0.26404   -0.04505   -0.17679    9    diag
   13      0.131D-07      0.132D-08      -192.32777440    272.366140    0.26404   -0.04505   -0.17679    9    diag
   14      0.185D-08      0.458D-09      -192.32777440    272.366141    0.26404   -0.04505   -0.17679    0    orth

 Final occupancy:  15

 !RHF STATE 1.1 Energy               -192.327774395933
 Nuclear energy                        66.09085589
 One-electron energy                 -394.60170064
 Two-electron energy                  136.18307036
 Virial quotient                       -1.00166619
 !RHF STATE 1.1 Dipole moment           0.26403558    -0.04505431    -0.17679019
 Dipole moment /Debye                   0.67106754    -0.11450914    -0.44932640

 Orbital energies:

         1.1          2.1          3.1          4.1          5.1          6.1          7.1          8.1          9.1         10.1
    -20.568150   -20.567227   -11.185210    -1.340193    -1.336483    -0.938902    -0.705670    -0.701005    -0.577041    -0.575153

        11.1         12.1         13.1         14.1         15.1         16.1         17.1
     -0.539889    -0.536737    -0.536109    -0.505497    -0.504513     0.026901     0.034115

 HOMO     15.1    -0.504513 =     -13.7285eV
 LUMO     16.1     0.026901 =       0.7320eV
 LUMO-HOMO         0.531414 =      14.4605eV


 **********************************************************************************************************************************
 DATASETS  * FILE   NREC   LENGTH (MB)   RECORD NAMES
              1      19     7854.48       500      610      700      900      950      970     1000      129      960     1100   
                                          VAR    BASINP    GEOM    SYMINP    ZMAT    AOBASIS   BASIS     P2S    ABASIS      S 
                                         1400     1410     1200     1210     1080     1600     1650     1300     1700   
                                           T        V       H0       H01     AOSYM     SMH    MOLCAS    ERIS     OPER   

              2       5        6.86       200      700     1000      520     2100   
                                        OPTIONS   GEOM     BASIS   MCVARS     RHF  

 PROGRAMS   *        TOTAL        HF       INT
 CPU TIMES  *       237.65    169.93     67.58
 REAL TIME  *       599.19 SEC
 DISK USED  *        22.27 GB      
 **********************************************************************************************************************************
 SETTING ESCF_ABC       =      -192.32777440  AU                              


 PROGRAM * MP3 (Closed-shell)     Authors: C. Hampel, H.-J. Werner, 1991, M. Deegan, P.J. Knowles, 1992


 Convergence thresholds:  THRVAR = 1.00D-08  THRDEN = 1.00D-08

 Number of core orbitals:           3 (   3 )
 Number of closed-shell orbitals:  12 (  12 )
 Number of external orbitals:     307 ( 307 )

 Molecular orbitals read from record     2100.2  Type=RHF/CANONICAL (state 1.1)

 Number of N-1 electron functions:              12
 Number of N-2 electron functions:              78
 Number of singly external CSFs:              3684
 Number of doubly external CSFs:           6787770
 Total number of CSFs:                     6791455

 Length of J-op  integral file:               0.00 MB
 Length of K-op  integral file:               7.17 MB

 Integral transformation finished. Total CPU:  22.01 sec, npass=  1  Memory used:  15.72 MW

 Reference energy:                   -192.32777440

                        CORR.ENERGY   TOTAL ENERGY   ENERGY CHANGE
 MP2:                   -0.74240963  -193.07018403    -0.74240963

 SCS-MP2 correlation energy:           -0.74489659   (PS=  1.200000  PT=  0.333333)
 SCS-MP2 total energy:               -193.07267099

 MP3(D):                -0.76488707  -193.09266146    -0.02247744



 RESULTS
 =======

  Reference energy                   -192.327774395933
  MP3 singlet pair energy              -0.529904293826
  MP3 triplet pair energy              -0.234982772934
  MP3 correlation energy               -0.764887066760

 !MP3 total energy                   -193.092661462693

 Timing summary (sec):

 STEP                 CPU(USER)    SYS     CPU(TOT)    WALL
 Transformation         22.74      6.98     29.72     29.84
 CCSD iterations        60.96      6.77     67.73     82.63

 Program statistics:

 Available memory in ccsd:             13999999324
 Min. memory needed in ccsd:              17471288
 Max. memory used in ccsd:                23578322
 Max. memory used in cckext:              17102349 ( 1 integral passes)



 **********************************************************************************************************************************
 DATASETS  * FILE   NREC   LENGTH (MB)   RECORD NAMES
              1      20     7953.49       500      610      700      900      950      970     1000      129      960     1100   
                                          VAR    BASINP    GEOM    SYMINP    ZMAT    AOBASIS   BASIS     P2S    ABASIS      S 
                                         1400     1410     1200     1210     1080     1600     1650     1300     1700     1380   
                                           T        V       H0       H01     AOSYM     SMH    MOLCAS    ERIS     OPER     JKOP   

              2       5        6.86       200      700     1000      520     2100   
                                        OPTIONS   GEOM     BASIS   MCVARS     RHF  

 PROGRAMS   *        TOTAL       MP3        HF       INT
 CPU TIMES  *       321.37     83.72    169.93     67.58
 REAL TIME  *       713.09 SEC
 DISK USED  *        22.27 GB      
 **********************************************************************************************************************************
 SETTING EMP3_ABC       =      -193.09266146  AU                              
 SETTING EMP3_CORR_ABC  =        -0.76488707  AU                              

 Running procedure=SET_MONOMERA

 Dummy atoms: O1  H5  H6  O2  H7  H8


 Recomputing one-electron integrals since nuclear charges changed


 PROGRAM * SEWARD (Integral evaluation for generally contracted gaussian basis sets)     Author: Roland Lindh, 1990

 Geometry written to block  1 of record 700


 Point group  C1  



 ATOMIC COORDINATES

 NR  ATOM    CHARGE       X              Y              Z

   1  C1      6.00   -6.193010455    2.801518980    2.403542658
   2  H1      1.00   -4.656285171    1.699997622    3.119937832
   3  H2      1.00   -5.973046335    4.726205038    2.982932688
   4  H3      1.00   -7.940251230    2.077186956    3.118237078
   5  H4      1.00   -6.176569838    2.685300823    0.384937212
   6  O1      0.00   -8.342762895    8.383580979    6.757282676
   7  H5      0.00   -7.349144898    9.034591629    5.278760956
   8  H6      0.00   -8.743006888    9.863803452    7.746365330
   9  O2      0.00  -11.361600379   -2.507477595    1.791460366
  10  H7      0.00   -9.723585774   -3.405286476    1.799586188
  11  H8      0.00  -12.627338937   -3.816112936    1.666171524

 Bond lengths in Bohr (Angstrom)

 1-2  2.021904040  1-3  2.022002335  1-4  2.021953343  1-5  2.022015060  6-7  1.896606987
     ( 1.069945541)     ( 1.069997556)     ( 1.069971630)     ( 1.070004290)     ( 1.003641196)

  6- 8  1.824702255   9-10  1.867945037   9-11  1.824915847
       ( 0.965590850)       ( 0.988473945)       ( 0.965703878)

 Bond angles

  2-1-3  109.53398059   2-1-4  109.65604535   2-1-5  108.43490854   3-1-4  109.49436728

  3- 1- 5  109.86987750   4- 1- 5  109.83468330   7- 6- 8  105.01239280  10- 9-11  105.29843553

 NUCLEAR CHARGE:                   10
 NUMBER OF PRIMITIVE AOS:         417
 NUMBER OF SYMMETRY AOS:          374
 NUMBER OF CONTRACTIONS:          322   ( 322A   )
 NUMBER OF CORE ORBITALS:           1   (   1A   )
 NUMBER OF VALENCE ORBITALS:        8   (   8A   )

 MOLECULE CHANGED: INITIALIZING OCCUPATION AND DUMP RECORDS


 NUCLEAR REPULSION ENERGY   13.68681606


 Eigenvalues of metric

         1 0.386E-04 0.625E-04 0.824E-04 0.101E-03 0.314E-03 0.328E-03 0.332E-03 0.353E-03


 Contracted 2-electron integrals neglected if value below      1.0D-19

 OPERATOR DM      FOR CENTER  0  COORDINATES:    0.000000    0.000000    0.000000


 **********************************************************************************************************************************
 DATASETS  * FILE   NREC   LENGTH (MB)   RECORD NAMES
              1      19     7854.48       500      610      700      900      950      970     1000      129      960     1100   
                                          VAR    BASINP    GEOM    SYMINP    ZMAT    AOBASIS   BASIS     P2S    ABASIS      S 
                                         1400     1410     1200     1210     1080     1600     1650     1300     1700   
                                           T        V       H0       H01     AOSYM     SMH    MOLCAS    ERIS     OPER   

              2       5        6.86       200      700     1000      520     2100   
                                        OPTIONS   GEOM     BASIS   MCVARS     RHF  

 PROGRAMS   *        TOTAL       INT       MP3        HF       INT
 CPU TIMES  *       321.49      0.11     83.72    169.93     67.58
 REAL TIME  *       713.57 SEC
 DISK USED  *        22.27 GB      
 **********************************************************************************************************************************


 PROGRAM * RHF-SCF (CLOSED SHELL)       Authors: W. Meyer, H.-J. Werner


 NUMBER OF ELECTRONS:       5+    5-    SPACE SYMMETRY=1    SPIN SYMMETRY: Singlet 
 CONVERGENCE THRESHOLDS:    1.00E-08 (Density)    1.00E-09 (Energy)
 MAX. NUMBER OF ITERATIONS:       60
 INTERPOLATION TYPE:            DIIS
 INTERPOLATION STEPS:              2 (START)      1 (STEP)
 LEVEL SHIFTS:                  0.00 (CLOSED)  0.00 (OPEN) 



 Orbital guess generated from atomic densities. Full valence occupancy:    9

 Molecular orbital dump at record        2101.2

 Initial occupancy:   5

 ITERATION    DDIFF          GRAD             ENERGY        2-EL.EN.            DIPOLE MOMENTS         DIIS   ORB.
    1      0.000D+00      0.000D+00       -40.19359254     53.494065    0.00410   -0.00275   -0.00129    0    start
    2      0.000D+00      0.298D-02       -40.21071121     52.213673    0.00128   -0.00088   -0.00037    1    diag
    3      0.234D-02      0.116D-02       -40.21295992     52.664860    0.00181   -0.00124   -0.00054    2    diag
    4      0.659D-03      0.288D-03       -40.21327544     52.609839    0.00160   -0.00111   -0.00047    3    diag
    5      0.216D-03      0.374D-04       -40.21328084     52.612174    0.00158   -0.00109   -0.00046    4    diag
    6      0.591D-04      0.291D-05       -40.21328088     52.612272    0.00158   -0.00109   -0.00046    5    diag
    7      0.516D-05      0.223D-06       -40.21328088     52.612238    0.00158   -0.00109   -0.00046    6    diag
    8      0.685D-06      0.187D-07       -40.21328088     52.612239    0.00158   -0.00109   -0.00046    7    diag
    9      0.133D-06      0.243D-08       -40.21328088     52.612239    0.00158   -0.00109   -0.00046    8    diag
   10      0.757D-08      0.677D-09       -40.21328088     52.612239    0.00158   -0.00109   -0.00046    0    orth

 Final occupancy:   5

 !RHF STATE 1.1 Energy                -40.213280877460
 Nuclear energy                        13.68681606
 One-electron energy                  -80.20621624
 Two-electron energy                   26.30611931
 Virial quotient                       -0.99869763
 !RHF STATE 1.1 Dipole moment           0.00157560    -0.00109243    -0.00045845
 Dipole moment /Debye                   0.00400452    -0.00277649    -0.00116518

 Orbital energies:

         1.1          2.1          3.1          4.1          5.1          6.1          7.1
    -11.197214    -0.950740    -0.551696    -0.549760    -0.547579     0.024010     0.033492

 HOMO      5.1    -0.547579 =     -14.9004eV
 LUMO      6.1     0.024010 =       0.6533eV
 LUMO-HOMO         0.571589 =      15.5537eV


 **********************************************************************************************************************************
 DATASETS  * FILE   NREC   LENGTH (MB)   RECORD NAMES
              1      19     7854.48       500      610      700      900      950      970     1000      129      960     1100   
                                          VAR    BASINP    GEOM    SYMINP    ZMAT    AOBASIS   BASIS     P2S    ABASIS      S 
                                         1400     1410     1200     1210     1080     1600     1650     1300     1700   
                                           T        V       H0       H01     AOSYM     SMH    MOLCAS    ERIS     OPER   

              2       6       13.52       200      700     1000      520     2100     2101   
                                        OPTIONS   GEOM     BASIS   MCVARS     RHF      RHF  

 PROGRAMS   *        TOTAL        HF       INT       MP3        HF       INT
 CPU TIMES  *       445.65    124.15      0.11     83.72    169.93     67.58
 REAL TIME  *       923.61 SEC
 DISK USED  *        22.27 GB      
 **********************************************************************************************************************************
 SETTING ESCF_A         =       -40.21328088  AU                              


 PROGRAM * MP3 (Closed-shell)     Authors: C. Hampel, H.-J. Werner, 1991, M. Deegan, P.J. Knowles, 1992


 Convergence thresholds:  THRVAR = 1.00D-08  THRDEN = 1.00D-08

 Number of core orbitals:           1 (   1 )
 Number of closed-shell orbitals:   4 (   4 )
 Number of external orbitals:     317 ( 317 )

 Molecular orbitals read from record     2101.2  Type=RHF/CANONICAL (state 1.1)

 Number of N-1 electron functions:               4
 Number of N-2 electron functions:              10
 Number of singly external CSFs:              1268
 Number of doubly external CSFs:            804546
 Total number of CSFs:                      805815

 Length of J-op  integral file:               0.00 MB
 Length of K-op  integral file:               7.17 MB

 Integral transformation finished. Total CPU:  12.72 sec, npass=  1  Memory used:   3.87 MW

 Reference energy:                    -40.21328088

                        CORR.ENERGY   TOTAL ENERGY   ENERGY CHANGE
 MP2:                   -0.20056117   -40.41384205    -0.20056117

 SCS-MP2 correlation energy:           -0.20885522   (PS=  1.200000  PT=  0.333333)
 SCS-MP2 total energy:                -40.42213610

 MP3(D):                -0.21859338   -40.43187426    -0.01803221



 RESULTS
 =======

  Reference energy                    -40.213280877460
  MP3 singlet pair energy              -0.163219779811
  MP3 triplet pair energy              -0.055373600824
  MP3 correlation energy               -0.218593380635

 !MP3 total energy                    -40.431874258095

 Timing summary (sec):

 STEP                 CPU(USER)    SYS     CPU(TOT)    WALL
 Transformation         12.83      6.62     19.45     19.54
 CCSD iterations        15.81      6.48     22.29     39.35

 Program statistics:

 Available memory in ccsd:             13999999836
 Min. memory needed in ccsd:               3677238
 Max. memory used in ccsd:                 4267372
 Max. memory used in cckext:               2832301 ( 1 integral passes)



 **********************************************************************************************************************************
 DATASETS  * FILE   NREC   LENGTH (MB)   RECORD NAMES
              1      20     7868.62       500      610      700      900      950      970     1000      129      960     1100   
                                          VAR    BASINP    GEOM    SYMINP    ZMAT    AOBASIS   BASIS     P2S    ABASIS      S 
                                         1400     1410     1200     1210     1080     1600     1650     1300     1700     1380   
                                           T        V       H0       H01     AOSYM     SMH    MOLCAS    ERIS     OPER     JKOP   

              2       6       13.52       200      700     1000      520     2100     2101   
                                        OPTIONS   GEOM     BASIS   MCVARS     RHF      RHF  

 PROGRAMS   *        TOTAL       MP3        HF       INT       MP3        HF       INT
 CPU TIMES  *       474.31     28.66    124.15      0.11     83.72    169.93     67.58
 REAL TIME  *       983.11 SEC
 DISK USED  *        22.27 GB      
 **********************************************************************************************************************************
 SETTING EMP3_A         =       -40.43187426  AU                              
 SETTING EMP3_CORR_A    =        -0.21859338  AU                              

 Running procedure=SET_MONOMERB

 Dummy atoms: C1  H1  H2  H3  H4  O2  H7  H8


 Recomputing one-electron integrals since nuclear charges changed


 PROGRAM * SEWARD (Integral evaluation for generally contracted gaussian basis sets)     Author: Roland Lindh, 1990

 Geometry written to block  1 of record 700


 Point group  C1  



 ATOMIC COORDINATES

 NR  ATOM    CHARGE       X              Y              Z

   1  C1      0.00   -6.193010455    2.801518980    2.403542658
   2  H1      0.00   -4.656285171    1.699997622    3.119937832
   3  H2      0.00   -5.973046335    4.726205038    2.982932688
   4  H3      0.00   -7.940251230    2.077186956    3.118237078
   5  H4      0.00   -6.176569838    2.685300823    0.384937212
   6  O1      8.00   -8.342762895    8.383580979    6.757282676
   7  H5      1.00   -7.349144898    9.034591629    5.278760956
   8  H6      1.00   -8.743006888    9.863803452    7.746365330
   9  O2      0.00  -11.361600379   -2.507477595    1.791460366
  10  H7      0.00   -9.723585774   -3.405286476    1.799586188
  11  H8      0.00  -12.627338937   -3.816112936    1.666171524

 Bond lengths in Bohr (Angstrom)

 1-2  2.021904040  1-3  2.022002335  1-4  2.021953343  1-5  2.022015060  6-7  1.896606987
     ( 1.069945541)     ( 1.069997556)     ( 1.069971630)     ( 1.070004290)     ( 1.003641196)

  6- 8  1.824702255   9-10  1.867945037   9-11  1.824915847
       ( 0.965590850)       ( 0.988473945)       ( 0.965703878)

 Bond angles

  2-1-3  109.53398059   2-1-4  109.65604535   2-1-5  108.43490854   3-1-4  109.49436728

  3- 1- 5  109.86987750   4- 1- 5  109.83468330   7- 6- 8  105.01239280  10- 9-11  105.29843553

 NUCLEAR CHARGE:                   10
 NUMBER OF PRIMITIVE AOS:         417
 NUMBER OF SYMMETRY AOS:          374
 NUMBER OF CONTRACTIONS:          322   ( 322A   )
 NUMBER OF CORE ORBITALS:           1   (   1A   )
 NUMBER OF VALENCE ORBITALS:        6   (   6A   )

 MOLECULE CHANGED: INITIALIZING OCCUPATION AND DUMP RECORDS


 NUCLEAR REPULSION ENERGY    8.94098799


 Eigenvalues of metric

         1 0.386E-04 0.625E-04 0.824E-04 0.101E-03 0.314E-03 0.328E-03 0.332E-03 0.353E-03


 Contracted 2-electron integrals neglected if value below      1.0D-19

 OPERATOR DM      FOR CENTER  0  COORDINATES:    0.000000    0.000000    0.000000


 **********************************************************************************************************************************
 DATASETS  * FILE   NREC   LENGTH (MB)   RECORD NAMES
              1      19     7854.48       500      610      700      900      950      970     1000      129      960     1100   
                                          VAR    BASINP    GEOM    SYMINP    ZMAT    AOBASIS   BASIS     P2S    ABASIS      S 
                                         1400     1410     1200     1210     1080     1600     1650     1300     1700   
                                           T        V       H0       H01     AOSYM     SMH    MOLCAS    ERIS     OPER   

              2       6       13.52       200      700     1000      520     2100     2101   
                                        OPTIONS   GEOM     BASIS   MCVARS     RHF      RHF  

 PROGRAMS   *        TOTAL       INT       MP3        HF       INT       MP3        HF       INT
 CPU TIMES  *       474.43      0.11     28.66    124.15      0.11     83.72    169.93     67.58
 REAL TIME  *       987.76 SEC
 DISK USED  *        22.27 GB      
 **********************************************************************************************************************************


 PROGRAM * RHF-SCF (CLOSED SHELL)       Authors: W. Meyer, H.-J. Werner


 NUMBER OF ELECTRONS:       5+    5-    SPACE SYMMETRY=1    SPIN SYMMETRY: Singlet 
 CONVERGENCE THRESHOLDS:    1.00E-08 (Density)    1.00E-09 (Energy)
 MAX. NUMBER OF ITERATIONS:       60
 INTERPOLATION TYPE:            DIIS
 INTERPOLATION STEPS:              2 (START)      1 (STEP)
 LEVEL SHIFTS:                  0.00 (CLOSED)  0.00 (OPEN) 



 Orbital guess generated from atomic densities. Full valence occupancy:    7

 Molecular orbital dump at record        2102.2

 Initial occupancy:   5

 ITERATION    DDIFF          GRAD             ENERGY        2-EL.EN.            DIPOLE MOMENTS         DIIS   ORB.
    1      0.000D+00      0.000D+00       -76.01830574     77.298714    0.31046    1.08974   -0.26178    0    start
    2      0.000D+00      0.539D-02       -76.04501169     73.639881    0.17378    0.63253   -0.14132    1    diag
    3      0.317D-02      0.347D-02       -76.05663270     75.262555    0.20658    0.74699   -0.16918    2    diag
    4      0.115D-02      0.319D-03       -76.05682934     75.172916    0.20414    0.74295   -0.16608    3    diag
    5      0.147D-03      0.904D-04       -76.05685083     75.187369    0.20316    0.74143   -0.16483    4    diag
    6      0.470D-04      0.180D-04       -76.05685223     75.186412    0.20290    0.74115   -0.16447    5    diag
    7      0.122D-04      0.361D-05       -76.05685229     75.186542    0.20283    0.74104   -0.16437    6    diag
    8      0.319D-05      0.649D-06       -76.05685230     75.186525    0.20281    0.74101   -0.16435    7    diag
    9      0.506D-06      0.856D-07       -76.05685230     75.186515    0.20281    0.74101   -0.16435    8    diag
   10      0.660D-07      0.226D-07       -76.05685230     75.186518    0.20281    0.74101   -0.16435    9    orth
   11      0.172D-07      0.534D-08       -76.05685230     75.186518    0.20281    0.74101   -0.16435    9    diag
   12      0.479D-08      0.104D-08       -76.05685230     75.186518    0.20281    0.74101   -0.16435    0    orth

 Final occupancy:   5

 !RHF STATE 1.1 Energy                -76.056852295511
 Nuclear energy                         8.94098799
 One-electron energy                 -122.59109924
 Two-electron energy                   37.59325896
 Virial quotient                       -1.00264623
 !RHF STATE 1.1 Dipole moment           0.20280989     0.74100557    -0.16435208
 Dipole moment /Debye                   0.51545755     1.88332495    -0.41771395

 Orbital energies:

         1.1          2.1          3.1          4.1          5.1          6.1          7.1
    -20.571633    -1.339887    -0.704137    -0.578593    -0.508040     0.021883     0.033051

 HOMO      5.1    -0.508040 =     -13.8245eV
 LUMO      6.1     0.021883 =       0.5955eV
 LUMO-HOMO         0.529923 =      14.4199eV


 **********************************************************************************************************************************
 DATASETS  * FILE   NREC   LENGTH (MB)   RECORD NAMES
              1      19     7854.48       500      610      700      900      950      970     1000      129      960     1100   
                                          VAR    BASINP    GEOM    SYMINP    ZMAT    AOBASIS   BASIS     P2S    ABASIS      S 
                                         1400     1410     1200     1210     1080     1600     1650     1300     1700   
                                           T        V       H0       H01     AOSYM     SMH    MOLCAS    ERIS     OPER   

              2       7       20.17       200      700     1000      520     2100     2101     2102   
                                        OPTIONS   GEOM     BASIS   MCVARS     RHF      RHF      RHF  

 PROGRAMS   *        TOTAL        HF       INT       MP3        HF       INT       MP3        HF       INT
 CPU TIMES  *       621.71    147.28      0.11     28.66    124.15      0.11     83.72    169.93     67.58
 REAL TIME  *      1247.16 SEC
 DISK USED  *        22.27 GB      
 **********************************************************************************************************************************
 SETTING ESCF_B         =       -76.05685230  AU                              


 PROGRAM * MP3 (Closed-shell)     Authors: C. Hampel, H.-J. Werner, 1991, M. Deegan, P.J. Knowles, 1992


 Convergence thresholds:  THRVAR = 1.00D-08  THRDEN = 1.00D-08

 Number of core orbitals:           1 (   1 )
 Number of closed-shell orbitals:   4 (   4 )
 Number of external orbitals:     317 ( 317 )

 Molecular orbitals read from record     2102.2  Type=RHF/CANONICAL (state 1.1)

 Number of N-1 electron functions:               4
 Number of N-2 electron functions:              10
 Number of singly external CSFs:              1268
 Number of doubly external CSFs:            804546
 Total number of CSFs:                      805815

 Length of J-op  integral file:               0.00 MB
 Length of K-op  integral file:               7.17 MB

 Integral transformation finished. Total CPU:  12.74 sec, npass=  1  Memory used:   3.87 MW

 Reference energy:                    -76.05685230

                        CORR.ENERGY   TOTAL ENERGY   ENERGY CHANGE
 MP2:                   -0.27059894   -76.32745123    -0.27059894

 SCS-MP2 correlation energy:           -0.26783841   (PS=  1.200000  PT=  0.333333)
 SCS-MP2 total energy:                -76.32469070

 MP3(D):                -0.27275918   -76.32961148    -0.00216024



 RESULTS
 =======

  Reference energy                    -76.056852295510
  MP3 singlet pair energy              -0.183400520436
  MP3 triplet pair energy              -0.089358662950
  MP3 correlation energy               -0.272759183386

 !MP3 total energy                    -76.329611478896

 Timing summary (sec):

 STEP                 CPU(USER)    SYS     CPU(TOT)    WALL
 Transformation         12.84      6.68     19.52     19.60
 CCSD iterations        15.81      6.61     22.42     22.57

 Program statistics:

 Available memory in ccsd:             13999999836
 Min. memory needed in ccsd:               3677238
 Max. memory used in ccsd:                 4267372
 Max. memory used in cckext:               2832301 ( 1 integral passes)



 **********************************************************************************************************************************
 DATASETS  * FILE   NREC   LENGTH (MB)   RECORD NAMES
              1      20     7868.62       500      610      700      900      950      970     1000      129      960     1100   
                                          VAR    BASINP    GEOM    SYMINP    ZMAT    AOBASIS   BASIS     P2S    ABASIS      S 
                                         1400     1410     1200     1210     1080     1600     1650     1300     1700     1380   
                                           T        V       H0       H01     AOSYM     SMH    MOLCAS    ERIS     OPER     JKOP   

              2       7       20.17       200      700     1000      520     2100     2101     2102   
                                        OPTIONS   GEOM     BASIS   MCVARS     RHF      RHF      RHF  

 PROGRAMS   *        TOTAL       MP3        HF       INT       MP3        HF       INT       MP3        HF       INT
 CPU TIMES  *       650.39     28.68    147.28      0.11     28.66    124.15      0.11     83.72    169.93     67.58
 REAL TIME  *      1289.55 SEC
 DISK USED  *        22.27 GB      
 **********************************************************************************************************************************
 SETTING EMP3_B         =       -76.32961148  AU                              
 SETTING EMP3_CORR_B    =        -0.27275918  AU                              

 Running procedure=SET_MONOMERC

 Dummy atoms: C1  H1  H2  H3  H4  O1  H5  H6


 Recomputing one-electron integrals since nuclear charges changed


 PROGRAM * SEWARD (Integral evaluation for generally contracted gaussian basis sets)     Author: Roland Lindh, 1990

 Geometry written to block  1 of record 700


 Point group  C1  



 ATOMIC COORDINATES

 NR  ATOM    CHARGE       X              Y              Z

   1  C1      0.00   -6.193010455    2.801518980    2.403542658
   2  H1      0.00   -4.656285171    1.699997622    3.119937832
   3  H2      0.00   -5.973046335    4.726205038    2.982932688
   4  H3      0.00   -7.940251230    2.077186956    3.118237078
   5  H4      0.00   -6.176569838    2.685300823    0.384937212
   6  O1      0.00   -8.342762895    8.383580979    6.757282676
   7  H5      0.00   -7.349144898    9.034591629    5.278760956
   8  H6      0.00   -8.743006888    9.863803452    7.746365330
   9  O2      8.00  -11.361600379   -2.507477595    1.791460366
  10  H7      1.00   -9.723585774   -3.405286476    1.799586188
  11  H8      1.00  -12.627338937   -3.816112936    1.666171524

 Bond lengths in Bohr (Angstrom)

 1-2  2.021904040  1-3  2.022002335  1-4  2.021953343  1-5  2.022015060  6-7  1.896606987
     ( 1.069945541)     ( 1.069997556)     ( 1.069971630)     ( 1.070004290)     ( 1.003641196)

  6- 8  1.824702255   9-10  1.867945037   9-11  1.824915847
       ( 0.965590850)       ( 0.988473945)       ( 0.965703878)

 Bond angles

  2-1-3  109.53398059   2-1-4  109.65604535   2-1-5  108.43490854   3-1-4  109.49436728

  3- 1- 5  109.86987750   4- 1- 5  109.83468330   7- 6- 8  105.01239280  10- 9-11  105.29843553

 NUCLEAR CHARGE:                   10
 NUMBER OF PRIMITIVE AOS:         417
 NUMBER OF SYMMETRY AOS:          374
 NUMBER OF CONTRACTIONS:          322   ( 322A   )
 NUMBER OF CORE ORBITALS:           1   (   1A   )
 NUMBER OF VALENCE ORBITALS:        6   (   6A   )

 MOLECULE CHANGED: INITIALIZING OCCUPATION AND DUMP RECORDS


 NUCLEAR REPULSION ENERGY    9.00717880


 Eigenvalues of metric

         1 0.386E-04 0.625E-04 0.824E-04 0.101E-03 0.314E-03 0.328E-03 0.332E-03 0.353E-03


 Contracted 2-electron integrals neglected if value below      1.0D-19

 OPERATOR DM      FOR CENTER  0  COORDINATES:    0.000000    0.000000    0.000000


 **********************************************************************************************************************************
 DATASETS  * FILE   NREC   LENGTH (MB)   RECORD NAMES
              1      19     7854.48       500      610      700      900      950      970     1000      129      960     1100   
                                          VAR    BASINP    GEOM    SYMINP    ZMAT    AOBASIS   BASIS     P2S    ABASIS      S 
                                         1400     1410     1200     1210     1080     1600     1650     1300     1700   
                                           T        V       H0       H01     AOSYM     SMH    MOLCAS    ERIS     OPER   

              2       7       20.17       200      700     1000      520     2100     2101     2102   
                                        OPTIONS   GEOM     BASIS   MCVARS     RHF      RHF      RHF  

 PROGRAMS   *        TOTAL       INT       MP3        HF       INT       MP3        HF       INT       MP3        HF       INT
 CPU TIMES  *       650.51      0.12     28.68    147.28      0.11     28.66    124.15      0.11     83.72    169.93     67.58
 REAL TIME  *      1289.84 SEC
 DISK USED  *        22.27 GB      
 **********************************************************************************************************************************


 PROGRAM * RHF-SCF (CLOSED SHELL)       Authors: W. Meyer, H.-J. Werner


 NUMBER OF ELECTRONS:       5+    5-    SPACE SYMMETRY=1    SPIN SYMMETRY: Singlet 
 CONVERGENCE THRESHOLDS:    1.00E-08 (Density)    1.00E-09 (Energy)
 MAX. NUMBER OF ITERATIONS:       60
 INTERPOLATION TYPE:            DIIS
 INTERPOLATION STEPS:              2 (START)      1 (STEP)
 LEVEL SHIFTS:                  0.00 (CLOSED)  0.00 (OPEN) 



 Orbital guess generated from atomic densities. Full valence occupancy:    7

 Molecular orbital dump at record        2103.2

 Initial occupancy:   5

 ITERATION    DDIFF          GRAD             ENERGY        2-EL.EN.            DIPOLE MOMENTS         DIIS   ORB.
    1      0.000D+00      0.000D+00       -76.02016644     77.391346    0.19844   -1.13036   -0.05975    0    start
    2      0.000D+00      0.539D-02       -76.04681779     73.763690    0.10859   -0.65925   -0.03511    1    diag
    3      0.319D-02      0.343D-02       -76.05816308     75.366850    0.12936   -0.77622   -0.04129    2    diag
    4      0.115D-02      0.317D-03       -76.05835407     75.277519    0.12721   -0.77196   -0.04111    3    diag
    5      0.150D-03      0.881D-04       -76.05837408     75.291619    0.12636   -0.77036   -0.04105    4    diag
    6      0.487D-04      0.172D-04       -76.05837532     75.290744    0.12612   -0.77007   -0.04104    5    diag
    7      0.124D-04      0.340D-05       -76.05837538     75.290871    0.12605   -0.76995   -0.04104    6    diag
    8      0.325D-05      0.628D-06       -76.05837538     75.290856    0.12604   -0.76992   -0.04103    7    diag
    9      0.555D-06      0.804D-07       -76.05837538     75.290847    0.12604   -0.76991   -0.04103    8    diag
   10      0.740D-07      0.202D-07       -76.05837538     75.290850    0.12604   -0.76991   -0.04103    9    orth
   11      0.178D-07      0.423D-08       -76.05837538     75.290850    0.12604   -0.76991   -0.04103    9    diag
   12      0.404D-08      0.801D-09       -76.05837538     75.290850    0.12604   -0.76991   -0.04103    0    orth

 Final occupancy:   5

 !RHF STATE 1.1 Energy                -76.058375384571
 Nuclear energy                         9.00717880
 One-electron energy                 -122.71097907
 Two-electron energy                   37.64542489
 Virial quotient                       -1.00232809
 !RHF STATE 1.1 Dipole moment           0.12603542    -0.76991143    -0.04103349
 Dipole moment /Debye                   0.32032911    -1.95679149    -0.10428989

 Orbital energies:

         1.1          2.1          3.1          4.1          5.1          6.1          7.1
    -20.570257    -1.343142    -0.708584    -0.579569    -0.508513     0.021777     0.032894

 HOMO      5.1    -0.508513 =     -13.8373eV
 LUMO      6.1     0.021777 =       0.5926eV
 LUMO-HOMO         0.530290 =      14.4299eV


 **********************************************************************************************************************************
 DATASETS  * FILE   NREC   LENGTH (MB)   RECORD NAMES
              1      19     7854.48       500      610      700      900      950      970     1000      129      960     1100   
                                          VAR    BASINP    GEOM    SYMINP    ZMAT    AOBASIS   BASIS     P2S    ABASIS      S 
                                         1400     1410     1200     1210     1080     1600     1650     1300     1700   
                                           T        V       H0       H01     AOSYM     SMH    MOLCAS    ERIS     OPER   

              2       8       26.83       200      700     1000      520     2100     2101     2102     2103   
                                        OPTIONS   GEOM     BASIS   MCVARS     RHF      RHF      RHF      RHF  

 PROGRAMS   *        TOTAL        HF       INT       MP3        HF       INT       MP3        HF       INT       MP3        HF
 CPU TIMES  *       796.82    146.31      0.12     28.68    147.28      0.11     28.66    124.15      0.11     83.72    169.93
 REAL TIME  *      1525.43 SEC
 DISK USED  *        22.27 GB      
 **********************************************************************************************************************************
 SETTING ESCF_C         =       -76.05837538  AU                              


 PROGRAM * MP3 (Closed-shell)     Authors: C. Hampel, H.-J. Werner, 1991, M. Deegan, P.J. Knowles, 1992


 Convergence thresholds:  THRVAR = 1.00D-08  THRDEN = 1.00D-08

 Number of core orbitals:           1 (   1 )
 Number of closed-shell orbitals:   4 (   4 )
 Number of external orbitals:     317 ( 317 )

 Molecular orbitals read from record     2103.2  Type=RHF/CANONICAL (state 1.1)

 Number of N-1 electron functions:               4
 Number of N-2 electron functions:              10
 Number of singly external CSFs:              1268
 Number of doubly external CSFs:            804546
 Total number of CSFs:                      805815

 Length of J-op  integral file:               0.00 MB
 Length of K-op  integral file:               7.17 MB

 Integral transformation finished. Total CPU:  12.79 sec, npass=  1  Memory used:   3.87 MW

 Reference energy:                    -76.05837538

                        CORR.ENERGY   TOTAL ENERGY   ENERGY CHANGE
 MP2:                   -0.26996745   -76.32834283    -0.26996745

 SCS-MP2 correlation energy:           -0.26720250   (PS=  1.200000  PT=  0.333333)
 SCS-MP2 total energy:                -76.32557788

 MP3(D):                -0.27227705   -76.33065243    -0.00230960



 RESULTS
 =======

  Reference energy                    -76.058375384571
  MP3 singlet pair energy              -0.182978648508
  MP3 triplet pair energy              -0.089298400321
  MP3 correlation energy               -0.272277048829

 !MP3 total energy                    -76.330652433400

 Timing summary (sec):

 STEP                 CPU(USER)    SYS     CPU(TOT)    WALL
 Transformation         12.89      6.67     19.56     19.61
 CCSD iterations        15.83      6.54     22.37     22.68

 Program statistics:

 Available memory in ccsd:             13999999836
 Min. memory needed in ccsd:               3677238
 Max. memory used in ccsd:                 4267372
 Max. memory used in cckext:               2832301 ( 1 integral passes)



 **********************************************************************************************************************************
 DATASETS  * FILE   NREC   LENGTH (MB)   RECORD NAMES
              1      20     7868.62       500      610      700      900      950      970     1000      129      960     1100   
                                          VAR    BASINP    GEOM    SYMINP    ZMAT    AOBASIS   BASIS     P2S    ABASIS      S 
                                         1400     1410     1200     1210     1080     1600     1650     1300     1700     1380   
                                           T        V       H0       H01     AOSYM     SMH    MOLCAS    ERIS     OPER     JKOP   

              2       8       26.83       200      700     1000      520     2100     2101     2102     2103   
                                        OPTIONS   GEOM     BASIS   MCVARS     RHF      RHF      RHF      RHF  

 PROGRAMS   *        TOTAL       MP3        HF       INT       MP3        HF       INT       MP3        HF       INT       MP3
 CPU TIMES  *       825.57     28.74    146.31      0.12     28.68    147.28      0.11     28.66    124.15      0.11     83.72
 REAL TIME  *      1568.00 SEC
 DISK USED  *        22.27 GB      
 **********************************************************************************************************************************
 SETTING EMP3_C         =       -76.33065243  AU                              
 SETTING EMP3_CORR_C    =        -0.27227705  AU                              

 Running procedure=SET_DIMERAB

 Dummy atoms: O2  H7  H8


 Recomputing one-electron integrals since nuclear charges changed


 PROGRAM * SEWARD (Integral evaluation for generally contracted gaussian basis sets)     Author: Roland Lindh, 1990

 Geometry written to block  1 of record 700


 Point group  C1  



 ATOMIC COORDINATES

 NR  ATOM    CHARGE       X              Y              Z

   1  C1      6.00   -6.193010455    2.801518980    2.403542658
   2  H1      1.00   -4.656285171    1.699997622    3.119937832
   3  H2      1.00   -5.973046335    4.726205038    2.982932688
   4  H3      1.00   -7.940251230    2.077186956    3.118237078
   5  H4      1.00   -6.176569838    2.685300823    0.384937212
   6  O1      8.00   -8.342762895    8.383580979    6.757282676
   7  H5      1.00   -7.349144898    9.034591629    5.278760956
   8  H6      1.00   -8.743006888    9.863803452    7.746365330
   9  O2      0.00  -11.361600379   -2.507477595    1.791460366
  10  H7      0.00   -9.723585774   -3.405286476    1.799586188
  11  H8      0.00  -12.627338937   -3.816112936    1.666171524

 Bond lengths in Bohr (Angstrom)

 1-2  2.021904040  1-3  2.022002335  1-4  2.021953343  1-5  2.022015060  6-7  1.896606987
     ( 1.069945541)     ( 1.069997556)     ( 1.069971630)     ( 1.070004290)     ( 1.003641196)

  6- 8  1.824702255   9-10  1.867945037   9-11  1.824915847
       ( 0.965590850)       ( 0.988473945)       ( 0.965703878)

 Bond angles

  2-1-3  109.53398059   2-1-4  109.65604535   2-1-5  108.43490854   3-1-4  109.49436728

  3- 1- 5  109.86987750   4- 1- 5  109.83468330   7- 6- 8  105.01239280  10- 9-11  105.29843553

 NUCLEAR CHARGE:                   20
 NUMBER OF PRIMITIVE AOS:         417
 NUMBER OF SYMMETRY AOS:          374
 NUMBER OF CONTRACTIONS:          322   ( 322A   )
 NUMBER OF CORE ORBITALS:           2   (   2A   )
 NUMBER OF VALENCE ORBITALS:       14   (  14A   )

 MOLECULE CHANGED: INITIALIZING OCCUPATION AND DUMP RECORDS


 NUCLEAR REPULSION ENERGY   35.98231600


 Eigenvalues of metric

         1 0.386E-04 0.625E-04 0.824E-04 0.101E-03 0.314E-03 0.328E-03 0.332E-03 0.353E-03


 Contracted 2-electron integrals neglected if value below      1.0D-19

 OPERATOR DM      FOR CENTER  0  COORDINATES:    0.000000    0.000000    0.000000


 **********************************************************************************************************************************
 DATASETS  * FILE   NREC   LENGTH (MB)   RECORD NAMES
              1      19     7854.48       500      610      700      900      950      970     1000      129      960     1100   
                                          VAR    BASINP    GEOM    SYMINP    ZMAT    AOBASIS   BASIS     P2S    ABASIS      S 
                                         1400     1410     1200     1210     1080     1600     1650     1300     1700   
                                           T        V       H0       H01     AOSYM     SMH    MOLCAS    ERIS     OPER   

              2       8       26.83       200      700     1000      520     2100     2101     2102     2103   
                                        OPTIONS   GEOM     BASIS   MCVARS     RHF      RHF      RHF      RHF  

 PROGRAMS   *        TOTAL       INT       MP3        HF       INT       MP3        HF       INT       MP3        HF       INT
 CPU TIMES  *       825.68      0.11     28.74    146.31      0.12     28.68    147.28      0.11     28.66    124.15      0.11
 REAL TIME  *      1568.29 SEC
 DISK USED  *        22.27 GB      
 **********************************************************************************************************************************


 PROGRAM * RHF-SCF (CLOSED SHELL)       Authors: W. Meyer, H.-J. Werner


 NUMBER OF ELECTRONS:      10+   10-    SPACE SYMMETRY=1    SPIN SYMMETRY: Singlet 
 CONVERGENCE THRESHOLDS:    1.00E-08 (Density)    1.00E-09 (Energy)
 MAX. NUMBER OF ITERATIONS:       60
 INTERPOLATION TYPE:            DIIS
 INTERPOLATION STEPS:              2 (START)      1 (STEP)
 LEVEL SHIFTS:                  0.00 (CLOSED)  0.00 (OPEN) 



 Orbital guess generated from atomic densities. Full valence occupancy:   16

 Molecular orbital dump at record        2104.2

 Initial occupancy:  10

 ITERATION    DDIFF          GRAD             ENERGY        2-EL.EN.            DIPOLE MOMENTS         DIIS   ORB.
    1      0.000D+00      0.000D+00      -116.21110947    157.648164    0.31330    1.08581   -0.26150    0    start
    2      0.000D+00      0.440D-02      -116.25522083    152.623069    0.14496    0.62379   -0.09886    1    diag
    3      0.397D-02      0.260D-02      -116.26892500    154.706841    0.18683    0.74152   -0.13923    2    diag
    4      0.131D-02      0.383D-03      -116.26958636    154.594833    0.18338    0.73116   -0.13595    3    diag
    5      0.291D-03      0.113D-03      -116.26965495    154.589966    0.18276    0.73097   -0.13513    4    diag
    6      0.104D-03      0.275D-04      -116.26965880    154.595849    0.18248    0.73026   -0.13482    5    diag
    7      0.298D-04      0.535D-05      -116.26965903    154.594357    0.18247    0.73029   -0.13479    6    diag
    8      0.841D-05      0.138D-05      -116.26965905    154.594509    0.18244    0.73023   -0.13475    7    diag
    9      0.163D-05      0.312D-06      -116.26965905    154.594483    0.18243    0.73021   -0.13474    8    diag
   10      0.544D-06      0.351D-07      -116.26965905    154.594484    0.18243    0.73021   -0.13473    9    orth
   11      0.435D-07      0.874D-08      -116.26965905    154.594485    0.18243    0.73021   -0.13473    9    diag
   12      0.171D-07      0.230D-08      -116.26965905    154.594485    0.18243    0.73021   -0.13473    9    diag
   13      0.294D-08      0.599D-09      -116.26965905    154.594485    0.18243    0.73021   -0.13473    0    orth

 Final occupancy:  10

 !RHF STATE 1.1 Energy               -116.269659046771
 Nuclear energy                        35.98231600
 One-electron energy                 -229.54921759
 Two-electron energy                   77.29724255
 Virial quotient                       -1.00125529
 !RHF STATE 1.1 Dipole moment           0.18242536     0.73021426    -0.13473484
 Dipole moment /Debye                   0.46364865     1.85589795    -0.34243938

 Orbital energies:

         1.1          2.1          3.1          4.1          5.1          6.1          7.1          8.1          9.1         10.1
    -20.572108   -11.192375    -1.340466    -0.945719    -0.705006    -0.579285    -0.546253    -0.544722    -0.542891    -0.508542

        11.1         12.1
      0.025729     0.033982

 HOMO     10.1    -0.508542 =     -13.8381eV
 LUMO     11.1     0.025729 =       0.7001eV
 LUMO-HOMO         0.534271 =      14.5383eV


 **********************************************************************************************************************************
 DATASETS  * FILE   NREC   LENGTH (MB)   RECORD NAMES
              1      19     7854.48       500      610      700      900      950      970     1000      129      960     1100   
                                          VAR    BASINP    GEOM    SYMINP    ZMAT    AOBASIS   BASIS     P2S    ABASIS      S 
                                         1400     1410     1200     1210     1080     1600     1650     1300     1700   
                                           T        V       H0       H01     AOSYM     SMH    MOLCAS    ERIS     OPER   

              2       9       33.49       200      700     1000      520     2100     2101     2102     2103     2104   
                                        OPTIONS   GEOM     BASIS   MCVARS     RHF      RHF      RHF      RHF      RHF  

 PROGRAMS   *        TOTAL        HF       INT       MP3        HF       INT       MP3        HF       INT       MP3        HF
 CPU TIMES  *       983.54    157.86      0.11     28.74    146.31      0.12     28.68    147.28      0.11     28.66    124.15
 REAL TIME  *      1821.04 SEC
 DISK USED  *        22.27 GB      
 **********************************************************************************************************************************
 SETTING ESCF_AB        =      -116.26965905  AU                              


 PROGRAM * MP3 (Closed-shell)     Authors: C. Hampel, H.-J. Werner, 1991, M. Deegan, P.J. Knowles, 1992


 Convergence thresholds:  THRVAR = 1.00D-08  THRDEN = 1.00D-08

 Number of core orbitals:           2 (   2 )
 Number of closed-shell orbitals:   8 (   8 )
 Number of external orbitals:     312 ( 312 )

 Molecular orbitals read from record     2104.2  Type=RHF/CANONICAL (state 1.1)

 Number of N-1 electron functions:               8
 Number of N-2 electron functions:              36
 Number of singly external CSFs:              2496
 Number of doubly external CSFs:           3116256
 Total number of CSFs:                     3118753

 Length of J-op  integral file:               0.00 MB
 Length of K-op  integral file:               7.17 MB

 Integral transformation finished. Total CPU:  17.11 sec, npass=  1  Memory used:   8.54 MW

 Reference energy:                   -116.26965905

                        CORR.ENERGY   TOTAL ENERGY   ENERGY CHANGE
 MP2:                   -0.47181291  -116.74147196    -0.47181291

 SCS-MP2 correlation energy:           -0.47721154   (PS=  1.200000  PT=  0.333333)
 SCS-MP2 total energy:               -116.74687059

 MP3(D):                -0.49200278  -116.76166183    -0.02018987



 RESULTS
 =======

  Reference energy                   -116.269659046770
  MP3 singlet pair energy              -0.346796827217
  MP3 triplet pair energy              -0.145205952847
  MP3 correlation energy               -0.492002780064

 !MP3 total energy                   -116.761661826834

 Timing summary (sec):

 STEP                 CPU(USER)    SYS     CPU(TOT)    WALL
 Transformation         17.46      6.77     24.23     24.30
 CCSD iterations        31.75      6.68     38.43     38.56

 Program statistics:

 Available memory in ccsd:             13999999644
 Min. memory needed in ccsd:               9187353
 Max. memory used in ccsd:                11873417
 Max. memory used in cckext:               8287581 ( 1 integral passes)



 **********************************************************************************************************************************
 DATASETS  * FILE   NREC   LENGTH (MB)   RECORD NAMES
              1      20     7901.07       500      610      700      900      950      970     1000      129      960     1100   
                                          VAR    BASINP    GEOM    SYMINP    ZMAT    AOBASIS   BASIS     P2S    ABASIS      S 
                                         1400     1410     1200     1210     1080     1600     1650     1300     1700     1380   
                                           T        V       H0       H01     AOSYM     SMH    MOLCAS    ERIS     OPER     JKOP   

              2       9       33.49       200      700     1000      520     2100     2101     2102     2103     2104   
                                        OPTIONS   GEOM     BASIS   MCVARS     RHF      RHF      RHF      RHF      RHF  

 PROGRAMS   *        TOTAL       MP3        HF       INT       MP3        HF       INT       MP3        HF       INT       MP3
 CPU TIMES  *      1032.78     49.24    157.86      0.11     28.74    146.31      0.12     28.68    147.28      0.11     28.66
 REAL TIME  *      1884.20 SEC
 DISK USED  *        22.27 GB      
 **********************************************************************************************************************************
 SETTING EMP3_AB        =      -116.76166183  AU                              
 SETTING EMP3_CORR_AB   =        -0.49200278  AU                              

 Running procedure=SET_DIMERAC

 Dummy atoms: O1  H5  H6


 Recomputing one-electron integrals since nuclear charges changed


 PROGRAM * SEWARD (Integral evaluation for generally contracted gaussian basis sets)     Author: Roland Lindh, 1990

 Geometry written to block  1 of record 700


 Point group  C1  



 ATOMIC COORDINATES

 NR  ATOM    CHARGE       X              Y              Z

   1  C1      6.00   -6.193010455    2.801518980    2.403542658
   2  H1      1.00   -4.656285171    1.699997622    3.119937832
   3  H2      1.00   -5.973046335    4.726205038    2.982932688
   4  H3      1.00   -7.940251230    2.077186956    3.118237078
   5  H4      1.00   -6.176569838    2.685300823    0.384937212
   6  O1      0.00   -8.342762895    8.383580979    6.757282676
   7  H5      0.00   -7.349144898    9.034591629    5.278760956
   8  H6      0.00   -8.743006888    9.863803452    7.746365330
   9  O2      8.00  -11.361600379   -2.507477595    1.791460366
  10  H7      1.00   -9.723585774   -3.405286476    1.799586188
  11  H8      1.00  -12.627338937   -3.816112936    1.666171524

 Bond lengths in Bohr (Angstrom)

 1-2  2.021904040  1-3  2.022002335  1-4  2.021953343  1-5  2.022015060  6-7  1.896606987
     ( 1.069945541)     ( 1.069997556)     ( 1.069971630)     ( 1.070004290)     ( 1.003641196)

  6- 8  1.824702255   9-10  1.867945037   9-11  1.824915847
       ( 0.965590850)       ( 0.988473945)       ( 0.965703878)

 Bond angles

  2-1-3  109.53398059   2-1-4  109.65604535   2-1-5  108.43490854   3-1-4  109.49436728

  3- 1- 5  109.86987750   4- 1- 5  109.83468330   7- 6- 8  105.01239280  10- 9-11  105.29843553

 NUCLEAR CHARGE:                   20
 NUMBER OF PRIMITIVE AOS:         417
 NUMBER OF SYMMETRY AOS:          374
 NUMBER OF CONTRACTIONS:          322   ( 322A   )
 NUMBER OF CORE ORBITALS:           2   (   2A   )
 NUMBER OF VALENCE ORBITALS:       14   (  14A   )

 MOLECULE CHANGED: INITIALIZING OCCUPATION AND DUMP RECORDS


 NUCLEAR REPULSION ENERGY   35.93228190


 Eigenvalues of metric

         1 0.386E-04 0.625E-04 0.824E-04 0.101E-03 0.314E-03 0.328E-03 0.332E-03 0.353E-03


 Contracted 2-electron integrals neglected if value below      1.0D-19

 OPERATOR DM      FOR CENTER  0  COORDINATES:    0.000000    0.000000    0.000000


 **********************************************************************************************************************************
 DATASETS  * FILE   NREC   LENGTH (MB)   RECORD NAMES
              1      19     7854.48       500      610      700      900      950      970     1000      129      960     1100   
                                          VAR    BASINP    GEOM    SYMINP    ZMAT    AOBASIS   BASIS     P2S    ABASIS      S 
                                         1400     1410     1200     1210     1080     1600     1650     1300     1700   
                                           T        V       H0       H01     AOSYM     SMH    MOLCAS    ERIS     OPER   

              2       9       33.49       200      700     1000      520     2100     2101     2102     2103     2104   
                                        OPTIONS   GEOM     BASIS   MCVARS     RHF      RHF      RHF      RHF      RHF  

 PROGRAMS   *        TOTAL       INT       MP3        HF       INT       MP3        HF       INT       MP3        HF       INT
 CPU TIMES  *      1032.89      0.11     49.24    157.86      0.11     28.74    146.31      0.12     28.68    147.28      0.11
 REAL TIME  *      1884.50 SEC
 DISK USED  *        22.27 GB      
 **********************************************************************************************************************************


 PROGRAM * RHF-SCF (CLOSED SHELL)       Authors: W. Meyer, H.-J. Werner


 NUMBER OF ELECTRONS:      10+   10-    SPACE SYMMETRY=1    SPIN SYMMETRY: Singlet 
 CONVERGENCE THRESHOLDS:    1.00E-08 (Density)    1.00E-09 (Energy)
 MAX. NUMBER OF ITERATIONS:       60
 INTERPOLATION TYPE:            DIIS
 INTERPOLATION STEPS:              2 (START)      1 (STEP)
 LEVEL SHIFTS:                  0.00 (CLOSED)  0.00 (OPEN) 



 Orbital guess generated from atomic densities. Full valence occupancy:   16

 Molecular orbital dump at record        2105.2

 Initial occupancy:  10

 ITERATION    DDIFF          GRAD             ENERGY        2-EL.EN.            DIPOLE MOMENTS         DIIS   ORB.
    1      0.000D+00      0.000D+00      -116.21409358    157.565241    0.19978   -1.13529   -0.06155    0    start
    2      0.000D+00      0.438D-02      -116.25771620    152.564045    0.05587   -0.66847   -0.03882    1    diag
    3      0.396D-02      0.257D-02      -116.27103660    154.622111    0.08892   -0.78741   -0.04392    2    diag
    4      0.131D-02      0.379D-03      -116.27168095    154.510068    0.08590   -0.77695   -0.04305    3    diag
    5      0.291D-03      0.111D-03      -116.27174690    154.504583    0.08473   -0.77664   -0.04292    4    diag
    6      0.104D-03      0.270D-04      -116.27175061    154.510363    0.08435   -0.77587   -0.04282    5    diag
    7      0.289D-04      0.521D-05      -116.27175082    154.508876    0.08430   -0.77587   -0.04280    6    diag
    8      0.815D-05      0.130D-05      -116.27175084    154.509013    0.08426   -0.77580   -0.04279    7    diag
    9      0.167D-05      0.296D-06      -116.27175084    154.508987    0.08425   -0.77577   -0.04279    8    diag
   10      0.539D-06      0.344D-07      -116.27175084    154.508988    0.08425   -0.77577   -0.04279    9    orth
   11      0.448D-07      0.836D-08      -116.27175084    154.508990    0.08425   -0.77577   -0.04279    9    diag
   12      0.160D-07      0.211D-08      -116.27175084    154.508990    0.08425   -0.77577   -0.04279    9    diag
   13      0.284D-08      0.565D-09      -116.27175084    154.508990    0.08425   -0.77577   -0.04279    0    orth

 Final occupancy:  10

 !RHF STATE 1.1 Energy               -116.271750841638
 Nuclear energy                        35.93228190
 One-electron energy                 -229.45852764
 Two-electron energy                   77.25449491
 Virial quotient                       -1.00105422
 !RHF STATE 1.1 Dipole moment           0.08425146    -0.77577240    -0.04278932
 Dipole moment /Debye                   0.21413182    -1.97168762    -0.10875248

 Orbital energies:

         1.1          2.1          3.1          4.1          5.1          6.1          7.1          8.1          9.1         10.1
    -20.570774   -11.189902    -1.343762    -0.943778    -0.709238    -0.580760    -0.544930    -0.541487    -0.541028    -0.509110

        11.1         12.1
      0.025172     0.034048

 HOMO     10.1    -0.509110 =     -13.8536eV
 LUMO     11.1     0.025172 =       0.6850eV
 LUMO-HOMO         0.534283 =      14.5386eV


 **********************************************************************************************************************************
 DATASETS  * FILE   NREC   LENGTH (MB)   RECORD NAMES
              1      19     7854.48       500      610      700      900      950      970     1000      129      960     1100   
                                          VAR    BASINP    GEOM    SYMINP    ZMAT    AOBASIS   BASIS     P2S    ABASIS      S 
                                         1400     1410     1200     1210     1080     1600     1650     1300     1700   
                                           T        V       H0       H01     AOSYM     SMH    MOLCAS    ERIS     OPER   

              2      10       40.14       200      700     1000      520     2100     2101     2102     2103     2104     2105   
                                        OPTIONS   GEOM     BASIS   MCVARS     RHF      RHF      RHF      RHF      RHF      RHF  

 PROGRAMS   *        TOTAL        HF       INT       MP3        HF       INT       MP3        HF       INT       MP3        HF
 CPU TIMES  *      1191.20    158.31      0.11     49.24    157.86      0.11     28.74    146.31      0.12     28.68    147.28
 REAL TIME  *      2142.38 SEC
 DISK USED  *        22.27 GB      
 **********************************************************************************************************************************
 SETTING ESCF_AC        =      -116.27175084  AU                              


 PROGRAM * MP3 (Closed-shell)     Authors: C. Hampel, H.-J. Werner, 1991, M. Deegan, P.J. Knowles, 1992


 Convergence thresholds:  THRVAR = 1.00D-08  THRDEN = 1.00D-08

 Number of core orbitals:           2 (   2 )
 Number of closed-shell orbitals:   8 (   8 )
 Number of external orbitals:     312 ( 312 )

 Molecular orbitals read from record     2105.2  Type=RHF/CANONICAL (state 1.1)

 Number of N-1 electron functions:               8
 Number of N-2 electron functions:              36
 Number of singly external CSFs:              2496
 Number of doubly external CSFs:           3116256
 Total number of CSFs:                     3118753

 Length of J-op  integral file:               0.00 MB
 Length of K-op  integral file:               7.17 MB

 Integral transformation finished. Total CPU:  17.10 sec, npass=  1  Memory used:   8.54 MW

 Reference energy:                   -116.27175084

                        CORR.ENERGY   TOTAL ENERGY   ENERGY CHANGE
 MP2:                   -0.47110080  -116.74285164    -0.47110080

 SCS-MP2 correlation energy:           -0.47648548   (PS=  1.200000  PT=  0.333333)
 SCS-MP2 total energy:               -116.74823632

 MP3(D):                -0.49143144  -116.76318228    -0.02033064



 RESULTS
 =======

  Reference energy                   -116.271750841638
  MP3 singlet pair energy              -0.346295593958
  MP3 triplet pair energy              -0.145135846377
  MP3 correlation energy               -0.491431440335

 !MP3 total energy                   -116.763182281973

 Timing summary (sec):

 STEP                 CPU(USER)    SYS     CPU(TOT)    WALL
 Transformation         17.46      6.86     24.32     24.57
 CCSD iterations        31.71      6.80     38.51     38.64

 Program statistics:

 Available memory in ccsd:             13999999644
 Min. memory needed in ccsd:               9187353
 Max. memory used in ccsd:                11873417
 Max. memory used in cckext:               8287581 ( 1 integral passes)



 **********************************************************************************************************************************
 DATASETS  * FILE   NREC   LENGTH (MB)   RECORD NAMES
              1      20     7901.07       500      610      700      900      950      970     1000      129      960     1100   
                                          VAR    BASINP    GEOM    SYMINP    ZMAT    AOBASIS   BASIS     P2S    ABASIS      S 
                                         1400     1410     1200     1210     1080     1600     1650     1300     1700     1380   
                                           T        V       H0       H01     AOSYM     SMH    MOLCAS    ERIS     OPER     JKOP   

              2      10       40.14       200      700     1000      520     2100     2101     2102     2103     2104     2105   
                                        OPTIONS   GEOM     BASIS   MCVARS     RHF      RHF      RHF      RHF      RHF      RHF  

 PROGRAMS   *        TOTAL       MP3        HF       INT       MP3        HF       INT       MP3        HF       INT       MP3
 CPU TIMES  *      1240.40     49.20    158.31      0.11     49.24    157.86      0.11     28.74    146.31      0.12     28.68
 REAL TIME  *      2205.86 SEC
 DISK USED  *        22.27 GB      
 **********************************************************************************************************************************
 SETTING EMP3_AC        =      -116.76318228  AU                              
 SETTING EMP3_CORR_AC   =        -0.49143144  AU                              

 Running procedure=SET_DIMERBC

 Dummy atoms: C1  H1  H2  H3  H4


 Recomputing one-electron integrals since nuclear charges changed


 PROGRAM * SEWARD (Integral evaluation for generally contracted gaussian basis sets)     Author: Roland Lindh, 1990

 Geometry written to block  1 of record 700


 Point group  C1  



 ATOMIC COORDINATES

 NR  ATOM    CHARGE       X              Y              Z

   1  C1      0.00   -6.193010455    2.801518980    2.403542658
   2  H1      0.00   -4.656285171    1.699997622    3.119937832
   3  H2      0.00   -5.973046335    4.726205038    2.982932688
   4  H3      0.00   -7.940251230    2.077186956    3.118237078
   5  H4      0.00   -6.176569838    2.685300823    0.384937212
   6  O1      8.00   -8.342762895    8.383580979    6.757282676
   7  H5      1.00   -7.349144898    9.034591629    5.278760956
   8  H6      1.00   -8.743006888    9.863803452    7.746365330
   9  O2      8.00  -11.361600379   -2.507477595    1.791460366
  10  H7      1.00   -9.723585774   -3.405286476    1.799586188
  11  H8      1.00  -12.627338937   -3.816112936    1.666171524

 Bond lengths in Bohr (Angstrom)

 1-2  2.021904040  1-3  2.022002335  1-4  2.021953343  1-5  2.022015060  6-7  1.896606987
     ( 1.069945541)     ( 1.069997556)     ( 1.069971630)     ( 1.070004290)     ( 1.003641196)

  6- 8  1.824702255   9-10  1.867945037   9-11  1.824915847
       ( 0.965590850)       ( 0.988473945)       ( 0.965703878)

 Bond angles

  2-1-3  109.53398059   2-1-4  109.65604535   2-1-5  108.43490854   3-1-4  109.49436728

  3- 1- 5  109.86987750   4- 1- 5  109.83468330   7- 6- 8  105.01239280  10- 9-11  105.29843553

 NUCLEAR CHARGE:                   20
 NUMBER OF PRIMITIVE AOS:         417
 NUMBER OF SYMMETRY AOS:          374
 NUMBER OF CONTRACTIONS:          322   ( 322A   )
 NUMBER OF CORE ORBITALS:           2   (   2A   )
 NUMBER OF VALENCE ORBITALS:       12   (  12A   )

 MOLECULE CHANGED: INITIALIZING OCCUPATION AND DUMP RECORDS


 NUCLEAR REPULSION ENERGY   25.81124084


 Eigenvalues of metric

         1 0.386E-04 0.625E-04 0.824E-04 0.101E-03 0.314E-03 0.328E-03 0.332E-03 0.353E-03


 Contracted 2-electron integrals neglected if value below      1.0D-19

 OPERATOR DM      FOR CENTER  0  COORDINATES:    0.000000    0.000000    0.000000


 **********************************************************************************************************************************
 DATASETS  * FILE   NREC   LENGTH (MB)   RECORD NAMES
              1      19     7854.48       500      610      700      900      950      970     1000      129      960     1100   
                                          VAR    BASINP    GEOM    SYMINP    ZMAT    AOBASIS   BASIS     P2S    ABASIS      S 
                                         1400     1410     1200     1210     1080     1600     1650     1300     1700   
                                           T        V       H0       H01     AOSYM     SMH    MOLCAS    ERIS     OPER   

              2      10       40.14       200      700     1000      520     2100     2101     2102     2103     2104     2105   
                                        OPTIONS   GEOM     BASIS   MCVARS     RHF      RHF      RHF      RHF      RHF      RHF  

 PROGRAMS   *        TOTAL       INT       MP3        HF       INT       MP3        HF       INT       MP3        HF       INT
 CPU TIMES  *      1240.51      0.11     49.20    158.31      0.11     49.24    157.86      0.11     28.74    146.31      0.12
 REAL TIME  *      2206.17 SEC
 DISK USED  *        22.27 GB      
 **********************************************************************************************************************************


 PROGRAM * RHF-SCF (CLOSED SHELL)       Authors: W. Meyer, H.-J. Werner


 NUMBER OF ELECTRONS:      10+   10-    SPACE SYMMETRY=1    SPIN SYMMETRY: Singlet 
 CONVERGENCE THRESHOLDS:    1.00E-08 (Density)    1.00E-09 (Energy)
 MAX. NUMBER OF ITERATIONS:       60
 INTERPOLATION TYPE:            DIIS
 INTERPOLATION STEPS:              2 (START)      1 (STEP)
 LEVEL SHIFTS:                  0.00 (CLOSED)  0.00 (OPEN) 



 Orbital guess generated from atomic densities. Full valence occupancy:   14

 Molecular orbital dump at record        2106.2

 Initial occupancy:  10

 ITERATION    DDIFF          GRAD             ENERGY        2-EL.EN.            DIPOLE MOMENTS         DIIS   ORB.
    1      0.000D+00      0.000D+00      -152.03762039    170.656775    0.50890   -0.04062   -0.32152    0    start
    2      0.000D+00      0.545D-02      -152.09123138    163.251605    0.27969   -0.02710   -0.17514    1    diag
    3      0.450D-02      0.349D-02      -152.11439171    166.514653    0.33390   -0.02909   -0.20951    2    diag
    4      0.163D-02      0.321D-03      -152.11478080    166.334091    0.32917   -0.02952   -0.20611    3    diag
    5      0.210D-03      0.904D-04      -152.11482267    166.362445    0.32734   -0.02901   -0.20483    4    diag
    6      0.681D-04      0.181D-04      -152.11482534    166.360625    0.32682   -0.02937   -0.20442    5    diag
    7      0.176D-04      0.503D-05      -152.11482548    166.360710    0.32673   -0.02907   -0.20437    6    diag
    8      0.415D-05      0.230D-05      -152.11482550    166.360801    0.32666   -0.02918   -0.20432    7    diag
    9      0.197D-05      0.364D-06      -152.11482550    166.360766    0.32665   -0.02917   -0.20431    8    diag
   10      0.399D-06      0.474D-07      -152.11482550    166.360759    0.32665   -0.02917   -0.20431    9    orth
   11      0.585D-07      0.124D-07      -152.11482550    166.360763    0.32665   -0.02917   -0.20431    9    diag
   12      0.149D-07      0.236D-08      -152.11482550    166.360762    0.32665   -0.02917   -0.20431    9    diag
   13      0.322D-08      0.665D-09      -152.11482550    166.360762    0.32665   -0.02917   -0.20431    0    orth

 Final occupancy:  10

 !RHF STATE 1.1 Energy               -152.114825502855
 Nuclear energy                        25.81124084
 One-electron energy                 -261.10644754
 Two-electron energy                   83.18038120
 Virial quotient                       -1.00248144
 !RHF STATE 1.1 Dipole moment           0.32664642    -0.02917270    -0.20431021
 Dipole moment /Debye                   0.83019801    -0.07414476    -0.51927076

 Orbital energies:

         1.1          2.1          3.1          4.1          5.1          6.1          7.1          8.1          9.1         10.1
    -20.567635   -20.566480    -1.339338    -1.335859    -0.704781    -0.700100    -0.575614    -0.574412    -0.504660    -0.503965

        11.1         12.1
      0.023809     0.033476

 HOMO     10.1    -0.503965 =     -13.7136eV
 LUMO     11.1     0.023809 =       0.6479eV
 LUMO-HOMO         0.527773 =      14.3614eV


 **********************************************************************************************************************************
 DATASETS  * FILE   NREC   LENGTH (MB)   RECORD NAMES
              1      19     7854.48       500      610      700      900      950      970     1000      129      960     1100   
                                          VAR    BASINP    GEOM    SYMINP    ZMAT    AOBASIS   BASIS     P2S    ABASIS      S 
                                         1400     1410     1200     1210     1080     1600     1650     1300     1700   
                                           T        V       H0       H01     AOSYM     SMH    MOLCAS    ERIS     OPER   

              2      11       46.80       200      700     1000      520     2100     2101     2102     2103     2104     2105   
                                        OPTIONS   GEOM     BASIS   MCVARS     RHF      RHF      RHF      RHF      RHF      RHF  
                                         2106   
                                          RHF  

 PROGRAMS   *        TOTAL        HF       INT       MP3        HF       INT       MP3        HF       INT       MP3        HF
 CPU TIMES  *      1398.24    157.73      0.11     49.20    158.31      0.11     49.24    157.86      0.11     28.74    146.31
 REAL TIME  *      2458.43 SEC
 DISK USED  *        22.27 GB      
 **********************************************************************************************************************************
 SETTING ESCF_BC        =      -152.11482550  AU                              


 PROGRAM * MP3 (Closed-shell)     Authors: C. Hampel, H.-J. Werner, 1991, M. Deegan, P.J. Knowles, 1992


 Convergence thresholds:  THRVAR = 1.00D-08  THRDEN = 1.00D-08

 Number of core orbitals:           2 (   2 )
 Number of closed-shell orbitals:   8 (   8 )
 Number of external orbitals:     312 ( 312 )

 Molecular orbitals read from record     2106.2  Type=RHF/CANONICAL (state 1.1)

 Number of N-1 electron functions:               8
 Number of N-2 electron functions:              36
 Number of singly external CSFs:              2496
 Number of doubly external CSFs:           3116256
 Total number of CSFs:                     3118753

 Length of J-op  integral file:               0.00 MB
 Length of K-op  integral file:               7.17 MB

 Integral transformation finished. Total CPU:  17.15 sec, npass=  1  Memory used:   8.54 MW

 Reference energy:                   -152.11482550

                        CORR.ENERGY   TOTAL ENERGY   ENERGY CHANGE
 MP2:                   -0.54062969  -152.65545519    -0.54062969

 SCS-MP2 correlation energy:           -0.53510192   (PS=  1.200000  PT=  0.333333)
 SCS-MP2 total energy:               -152.64992743

 MP3(D):                -0.54508856  -152.65991406    -0.00445887



 RESULTS
 =======

  Reference energy                   -152.114825502856
  MP3 singlet pair energy              -0.366415308399
  MP3 triplet pair energy              -0.178673248979
  MP3 correlation energy               -0.545088557378

 !MP3 total energy                   -152.659914060235

 Timing summary (sec):

 STEP                 CPU(USER)    SYS     CPU(TOT)    WALL
 Transformation         17.50      6.83     24.33     24.39
 CCSD iterations        31.66      6.89     38.55     38.65

 Program statistics:

 Available memory in ccsd:             13999999644
 Min. memory needed in ccsd:               9187353
 Max. memory used in ccsd:                11873417
 Max. memory used in cckext:               8287581 ( 1 integral passes)



 **********************************************************************************************************************************
 DATASETS  * FILE   NREC   LENGTH (MB)   RECORD NAMES
              1      20     7901.07       500      610      700      900      950      970     1000      129      960     1100   
                                          VAR    BASINP    GEOM    SYMINP    ZMAT    AOBASIS   BASIS     P2S    ABASIS      S 
                                         1400     1410     1200     1210     1080     1600     1650     1300     1700     1380   
                                           T        V       H0       H01     AOSYM     SMH    MOLCAS    ERIS     OPER     JKOP   

              2      11       46.80       200      700     1000      520     2100     2101     2102     2103     2104     2105   
                                        OPTIONS   GEOM     BASIS   MCVARS     RHF      RHF      RHF      RHF      RHF      RHF  
                                         2106   
                                          RHF  

 PROGRAMS   *        TOTAL       MP3        HF       INT       MP3        HF       INT       MP3        HF       INT       MP3
 CPU TIMES  *      1447.43     49.18    157.73      0.11     49.20    158.31      0.11     49.24    157.86      0.11     28.74
 REAL TIME  *      2521.76 SEC
 DISK USED  *        22.27 GB      
 **********************************************************************************************************************************
 SETTING EMP3_BC        =      -152.65991406  AU                              
 SETTING EMP3_CORR_BC   =        -0.54508856  AU                              
 SETTING E_INT_ABC      =        -0.00052329  AU                              
 SETTING E_INT_AB       =        -0.00017609  AU                              
 SETTING E_INT_AC       =        -0.00065559  AU                              
 SETTING E_INT_BC       =         0.00034985  AU                              
 SETTING E_ADD          =        -0.00048183  AU                              
 SETTING E_NONADD_MP3   =    -4.14640422D-05  AU                              
 SETTING E_INT_ABC_CORR =        -0.00125745  AU                              
 SETTING E_INT_AB_CORR  =        -0.00065022  AU                              
 SETTING E_INT_AC_CORR  =        -0.00056101  AU                              
 SETTING E_INT_BC_CORR  =    -5.23251649D-05  AU                              
 SETTING E_INT_ABC_CORR_ADD              =      -0.00126355  AU                              
 SETTING E_INT_ABC_CORR_NONADD           =   6.09816875D-06  AU                              
 SETTING E_INT_ABC_HF   =         0.00073416  AU                              
 SETTING E_INT_AB_HF    =         0.00047413  AU                              
 SETTING E_INT_AC_HF    =    -9.45796065D-05  AU                              
 SETTING E_INT_BC_HF    =         0.00040218  AU                              
 SETTING E_INT_ABC_HF_ADD                =       0.00078172  AU                              
 SETTING E_INT_ABC_HF_NONADD             =  -4.75622110D-05  AU                              

 *** results in millihartree
 E_INT_ABC        =        -0.00052329 AU
 E_INT_AB         =        -0.00017609 AU
 E_INT_AC         =        -0.00065559 AU
 E_INT_BC         =         0.00034985 AU
 E_ADD            =        -0.00048183 AU
 E_NONADD_MP3     =        -0.00004146 AU
 E_INT_ABC_CORR   =        -0.00125745 AU
 E_INT_AB_CORR    =        -0.00065022 AU
 E_INT_AC_CORR    =        -0.00056101 AU
 E_INT_BC_CORR    =        -0.00005233 AU
 E_INT_ABC_CORR_ADD       =        -0.00126355 AU
 E_INT_ABC_CORR_NONADD    =         0.00000610 AU
 E_INT_ABC_HF     =         0.00073416 AU
 E_INT_AB_HF      =         0.00047413 AU
 E_INT_AC_HF      =        -0.00009458 AU
 E_INT_BC_HF      =         0.00040218 AU
 E_INT_ABC_HF_ADD =         0.00078172 AU
 E_INT_ABC_HF_NONADD      =        -0.00004756 AU

 MP3/aug-cc-pVTZ energy=   -152.659914060235

        MP3             HF-SCF          MP3             HF-SCF          MP3             HF-SCF          MP3             HF-SCF  
   -152.65991406   -152.11482550   -116.76318228   -116.27175084   -116.76166183   -116.26965905    -76.33065243    -76.05837538
 **********************************************************************************************************************************
 Molpro calculation terminated
 Variable memory released
