
 Primary working directories    : /net/scratch/people/plgsirous
 Secondary working directories  : /net/scratch/people/plgsirous
 Wavefunction directory         : /net/people/plgsirous/wfu/
 Main file repository           : /net/scratch/people/plgsirous/

 SHA1      : 
 NAME      : 
 ARCHNAME  : linux/x86_64
 FC        : /net/software/local/intel/impi/2018.1.163/bin64/mpiifort
 BLASLIB   : -L/net/software/local/intel/compilers_and_libraries_2018.1.163/linux/mkl/lib/intel64 -lmkl_scalapack_ilp64 -lmkl_intel_ilp64 -lmkl_intel_thread -lmkl_core -lmkl_blacs_intelmpi_ilp64 -liomp5 -lpthread -lm -ldl
 id        : pl

 Nodes     nprocs
 p1051        1

 Using customized tuning parameters: mindgm=7; mindgv=20; mindgc=1; mindgr=1; noblas=0; minvec=7
 default implementation of scratch files=df  

 ***,MP3SD(T)
 memory,14000,m
 gthresh,orbital=1d-8,energy=1d-8,twoint=1.d-19
 angstrom
 geometry={
 C1        -3.2772    1.4825     1.2719
 H1        -2.4640    0.8996     1.6510
 H2        -3.1608    2.5010     1.5785
 H3        -4.2018    1.0992     1.6501
 H4        -3.2685    1.4210     0.2037
 O1        -6.3562    0.3927     3.2320
 H5        -6.2182    -0.2188     2.4857
 H6        -5.5885    0.2461     3.8191
 O2        -6.0123    -1.3269     0.9480
 H7        -5.1455    -1.8020     0.9523
 H8        -6.6821    -2.0194     0.8817
   }
 
 nkerna=1
 nkernb=1
 nkernc=1
 nkernab=$nkerna+$nkernb
 nkernac=$nkerna+$nkernc
 nkernbc=$nkernb+$nkernc
 nkernabc=$nkerna+$nkernb+$nkernc
 
 proc set_monomera
 core,$nkerna
 dummy,6,7,8,9,10,11;
 endproc
 
 proc set_monomerb
 core,$nkernb
 dummy,1,2,3,4,5,9,10,11;
 endproc
 
 proc set_monomerc
 core,$nkernc
 dummy,1,2,3,4,5,6,7,8;
 endproc
 
 proc set_dimerab
 core,$nkerna+$nkernb
 dummy,9,10,11;
 endproc
 
 proc set_dimerac
 core,$nkerna+$nkernc
 dummy,6,7,8;
 endproc
 
 proc set_dimerbc
 core,$nkernb+$nkernc
 dummy,1,2,3,4,5;
 endproc
 
 proc set_trimerabc
 core,$nkerna+$nkernb+$nkernc
 endproc
 
 basis=avtz
 
 set_trimerabc
 hf
 Escf_ABC=energy
 mp3
 Emp3_ABC=energy
 Emp3_corr_ABC=(Emp3_ABC)-(Escf_ABC)
 
 set_monomera
 {hf
 start,atden}
 Escf_A=energy
 mp3
 Emp3_A=energy
 Emp3_corr_A=(Emp3_A)-(Escf_A)
 
 set_monomerb
 {hf
 start,atden}
 Escf_B=energy
 mp3
 Emp3_B=energy
 Emp3_corr_B=(Emp3_B)-(Escf_B)
 
 set_monomerc
 {hf
 start,atden}
 Escf_C=energy
 mp3
 Emp3_C=energy
 Emp3_corr_C=(Emp3_C)-(Escf_C)
 
 set_dimerab
 {hf
 start,atden}
 Escf_AB=energy
 mp3
 Emp3_AB=energy
 Emp3_corr_AB=(Emp3_AB)-(Escf_AB)
 
 set_dimerac
 {hf
 start,atden}
 Escf_AC=energy
 mp3
 Emp3_AC=energy
 Emp3_corr_AC=(Emp3_AC)-(Escf_AC)
 
 set_dimerbc
 {hf
 start,atden}
 Escf_BC=energy
 mp3
 Emp3_BC=energy
 Emp3_corr_BC=(Emp3_BC)-(Escf_BC)
 
 E_int_ABC=Emp3_ABC-(Emp3_A+Emp3_B+Emp3_C)
 E_int_AB=Emp3_AB-(Emp3_A+Emp3_B)
 E_int_AC=Emp3_AC-(Emp3_A+Emp3_C)
 E_int_BC=Emp3_BC-(Emp3_B+Emp3_C)
 E_add=E_int_AB+E_int_AC+E_int_BC
 E_nonadd_MP3=E_int_ABC-(E_int_AB+E_int_AC+E_int_BC)
                                                                                 !!!!!Correlation part of interaction energy!!!!!!
 E_int_ABC_corr=Emp3_corr_ABC-(Emp3_corr_A+Emp3_corr_B+Emp3_corr_C)
 E_int_AB_corr=Emp3_corr_AB-(Emp3_corr_A+Emp3_corr_B)
 E_int_AC_corr=Emp3_corr_AC-(Emp3_corr_A+Emp3_corr_C)
 E_int_BC_corr=Emp3_corr_BC-(Emp3_corr_B+Emp3_corr_C)
 E_int_ABC_corr_add=E_int_AB_corr+E_int_AC_corr+E_int_BC_corr
 E_int_ABC_corr_nonadd=E_int_ABC_corr-E_int_ABC_corr_add
                                                                                 !!!!HF part of interaction energy!!!!
 E_int_ABC_HF=E_int_ABC-E_int_ABC_corr
 E_int_AB_HF=E_int_AB-E_int_AB_corr
 E_int_AC_HF=E_int_AC-E_int_AC_corr
 E_int_BC_HF=E_int_BC-E_int_BC_corr
 E_int_ABC_HF_add=E_int_AB_HF+E_int_AC_HF+E_int_BC_HF
 E_int_ABC_HF_nonadd=E_int_ABC_HF-E_int_ABC_HF_add
 
 text,results in millihartree
                                                                                 !!!!Interacion Energies!!!!!!
 show,E_int_ABC,E_int_AB,E_int_AC,E_int_BC,E_add,E_nonadd_MP3
                                                                                 !!!!Correlation Part!!!!!!!!
 show,E_int_ABC_corr,E_int_AB_corr,E_int_AC_corr,E_int_BC_corr,E_int_ABC_corr_add,E_int_ABC_corr_nonadd
                                                                                 !!!!SCF Part!!!!!
 show,E_int_ABC_HF,E_int_AB_HF,E_int_AC_HF,E_int_BC_HF,E_int_ABC_HF_add,E_int_ABC_HF_nonadd

 Variables initialized (889), CPU time= 0.00 sec
 Commands  initialized (702), CPU time= 0.01 sec, 572 directives.
 Default parameters read. Elapsed time= 0.08 sec

 Checking input...
 Passed
1


                                         ***  PROGRAM SYSTEM MOLPRO  ***
                                       Copyright, TTI GmbH Stuttgart, 2015
                                    Version 2015.1 linked Jul  2 2018 15:03:07


 **********************************************************************************************************************************
 LABEL *   MP3SD(T)                                                                      
  64 bit serial version                                                                  DATE: 28-Nov-18          TIME: 16:08:49  
 **********************************************************************************************************************************

 SHA1:             
 **********************************************************************************************************************************

 THRESHOLDS:

 ZERO    =  1.00D-12  ONEINT  =  1.00D-12  TWOINT  =  1.00D-19  PREFAC  =  1.00D-14  LOCALI  =  1.00D-09  EORDER  =  1.00D-04
 ENERGY  =  1.00D-08  ETEST   =  0.00D+00  EDENS   =  0.00D+00  THRDEDEF=  1.00D-06  GRADIENT=  1.00D-02  STEP    =  1.00D-03
 ORBITAL =  1.00D-08  CIVEC   =  1.00D-05  COEFF   =  1.00D-04  PRINTCI =  5.00D-02  PUNCHCI =  9.90D+01  OPTGRAD =  3.00D-04
 OPTENERG=  1.00D-06  OPTSTEP =  3.00D-04  THRGRAD =  1.00D-10  COMPRESS=  1.00D-11  VARMIN  =  1.00D-07  VARMAX  =  1.00D-03
 THRDOUB =  0.00D+00  THRDIV  =  1.00D-05  THRRED  =  1.00D-07  THRPSP  =  1.00D+00  THRDC   =  1.00D-10  THRCS   =  1.00D-10
 THRNRM  =  1.00D-08  THREQ   =  0.00D+00  THRDE   =  1.00D+00  THRREF  =  1.00D-05  SPARFAC =  1.00D+00  THRDLP  =  1.00D-07
 THRDIA  =  1.00D-10  THRDLS  =  1.00D-07  THRGPS  =  0.00D+00  THRKEX  =  0.00D+00  THRDIS  =  2.00D-01  THRVAR  =  1.00D-10
 THRLOC  =  1.00D-06  THRGAP  =  1.00D-06  THRLOCT = -1.00D+00  THRGAPT = -1.00D+00  THRORB  =  1.00D-06  THRMLTP =  0.00D+00
 THRCPQCI=  1.00D-10  KEXTA   =  0.00D+00  THRCOARS=  0.00D+00  SYMTOL  =  1.00D-06  GRADTOL =  1.00D-06  THROVL  =  1.00D-08
 THRORTH =  1.00D-08  GRID    =  1.00D-06  GRIDMAX =  1.00D-03  DTMAX   =  0.00D+00  THROCCDE=  1.00D-01  THROCCDE=  1.00D-01


 ZUNIT=ANG
 

Geometry recognized as XYZ

 SETTING NKERNA         =         1.00000000                                  
 SETTING NKERNB         =         1.00000000                                  
 SETTING NKERNC         =         1.00000000                                  
 SETTING NKERNAB        =         2.00000000                                  
 SETTING NKERNAC        =         2.00000000                                  
 SETTING NKERNBC        =         2.00000000                                  
 SETTING NKERNABC       =         3.00000000                                  

 Variable memory set to ********** words,  buffer space   230000 words

 SETTING BASIS          =    AVTZ

 Running procedure=SET_TRIMERABC


 Recomputing integrals since basis changed


 Using spherical harmonics

 Library entry C      S aug-cc-pVTZ          selected for orbital group  1
 Library entry C      P aug-cc-pVTZ          selected for orbital group  1
 Library entry C      D aug-cc-pVTZ          selected for orbital group  1
 Library entry C      F aug-cc-pVTZ          selected for orbital group  1
 Library entry H      S aug-cc-pVTZ          selected for orbital group  2
 Library entry H      P aug-cc-pVTZ          selected for orbital group  2
 Library entry H      D aug-cc-pVTZ          selected for orbital group  2
 Library entry O      S aug-cc-pVTZ          selected for orbital group  3
 Library entry O      P aug-cc-pVTZ          selected for orbital group  3
 Library entry O      D aug-cc-pVTZ          selected for orbital group  3
 Library entry O      F aug-cc-pVTZ          selected for orbital group  3


 PROGRAM * SEWARD (Integral evaluation for generally contracted gaussian basis sets)     Author: Roland Lindh, 1990

 Geometry written to block  1 of record 700


 Point group  C1  



 ATOMIC COORDINATES

 NR  ATOM    CHARGE       X              Y              Z

   1  C1      6.00   -6.193010455    2.801518980    2.403542658
   2  H1      1.00   -4.656285171    1.699997622    3.119937832
   3  H2      1.00   -5.973046335    4.726205038    2.982932688
   4  H3      1.00   -7.940251230    2.077186956    3.118237078
   5  H4      1.00   -6.176569838    2.685300823    0.384937212
   6  O1      8.00  -12.011477193    0.742095449    6.107594835
   7  H5      1.00  -11.750694988   -0.413472076    4.697292228
   8  H6      1.00  -10.560734447    0.465061599    7.217053042
   9  O2      8.00  -11.361600379   -2.507477595    1.791460366
  10  H7      1.00   -9.723585774   -3.405286476    1.799586188
  11  H8      1.00  -12.627338937   -3.816112936    1.666171524

 Bond lengths in Bohr (Angstrom)

 1-2  2.021904040  1-3  2.022002335  1-4  2.021953343  1-5  2.022015060  6-7  1.841818967
     ( 1.069945541)     ( 1.069997556)     ( 1.069971630)     ( 1.070004290)     ( 0.974648624)

  6- 8  1.847241128   9-10  1.867945037   9-11  1.824915847
       ( 0.977517908)       ( 0.988473945)       ( 0.965703878)

 Bond angles

  2-1-3  109.53398059   2-1-4  109.65604535   2-1-5  108.43490854   3-1-4  109.49436728

  3- 1- 5  109.86987750   4- 1- 5  109.83468330   7- 6- 8  104.74973043  10- 9-11  105.29843553

 NUCLEAR CHARGE:                   30
 NUMBER OF PRIMITIVE AOS:         417
 NUMBER OF SYMMETRY AOS:          374
 NUMBER OF CONTRACTIONS:          322   ( 322A   )
 NUMBER OF CORE ORBITALS:           3   (   3A   )
 NUMBER OF VALENCE ORBITALS:       20   (  20A   )


 NUCLEAR REPULSION ENERGY   77.52626806


 Eigenvalues of metric

         1 0.285E-04 0.681E-04 0.799E-04 0.992E-04 0.179E-03 0.225E-03 0.276E-03 0.327E-03


 Contracted 2-electron integrals neglected if value below      1.0D-19
 AO integral compression algorithm  1   Integral accuracy      1.0D-19

     10746.331 MB (compressed) written to integral file ( 90.1%)


 NUMBER OF SORTED TWO-ELECTRON INTEGRALS: 1352182006.     BUFFER LENGTH:  32768
 NUMBER OF SEGMENTS:  43  SEGMENT LENGTH:   31998710      RECORD LENGTH: 524288

 Memory used in sort:      32.56 MW

 SORT1 READ  1490287330. AND WROTE  1300349940. INTEGRALS IN   3741 RECORDS. CPU TIME:    14.95 SEC, REAL TIME:    72.44 SEC
 SORT2 READ  1300349940. AND WROTE  1352182006. INTEGRALS IN  40994 RECORDS. CPU TIME:    16.80 SEC, REAL TIME:   152.54 SEC

 FILE SIZES:   FILE 1: 10770.2 MBYTE,  FILE 4: 15690.9 MBYTE,   TOTAL:  26461.1 MBYTE

 OPERATOR DM      FOR CENTER  0  COORDINATES:    0.000000    0.000000    0.000000


 **********************************************************************************************************************************
 DATASETS  * FILE   NREC   LENGTH (MB)   RECORD NAMES
              1      19     9888.82       500      610      700      900      950      970     1000      129      960     1100   
                                          VAR    BASINP    GEOM    SYMINP    ZMAT    AOBASIS   BASIS     P2S    ABASIS      S 
                                         1400     1410     1200     1210     1080     1600     1650     1300     1700   
                                           T        V       H0       H01     AOSYM     SMH    MOLCAS    ERIS     OPER   

 PROGRAMS   *        TOTAL       INT
 CPU TIMES  *        71.70     71.55
 REAL TIME  *       313.19 SEC
 DISK USED  *        26.46 GB      
 **********************************************************************************************************************************


 PROGRAM * RHF-SCF (CLOSED SHELL)       Authors: W. Meyer, H.-J. Werner


 NUMBER OF ELECTRONS:      15+   15-    SPACE SYMMETRY=1    SPIN SYMMETRY: Singlet 
 CONVERGENCE THRESHOLDS:    1.00E-08 (Density)    1.00E-09 (Energy)
 MAX. NUMBER OF ITERATIONS:       60
 INTERPOLATION TYPE:            DIIS
 INTERPOLATION STEPS:              2 (START)      1 (STEP)
 LEVEL SHIFTS:                  0.00 (CLOSED)  0.00 (OPEN) 



 Orbital guess generated from atomic densities. Full valence occupancy:   23

 Molecular orbital dump at record        2100.2

 Initial occupancy:  15

 ITERATION    DDIFF          GRAD             ENERGY        2-EL.EN.            DIPOLE MOMENTS         DIIS   ORB.
    1      0.000D+00      0.000D+00      -192.24356419    299.774185    1.08693   -1.97642   -0.35018    0    start
    2      0.000D+00      0.465D-02      -192.31189937    291.745092    0.54212   -1.24064   -0.39173    1    diag
    3      0.495D-02      0.271D-02      -192.33325349    295.116845    0.67796   -1.40497   -0.35369    2    diag
    4      0.165D-02      0.366D-03      -192.33411341    294.909197    0.66860   -1.38876   -0.34352    3    diag
    5      0.340D-03      0.102D-03      -192.33419782    294.910698    0.66636   -1.38413   -0.34193    4    diag
    6      0.111D-03      0.268D-04      -192.33420347    294.917766    0.66560   -1.38273   -0.34152    5    diag
    7      0.318D-04      0.686D-05      -192.33420393    294.914888    0.66566   -1.38246   -0.34143    6    diag
    8      0.964D-05      0.211D-05      -192.33420396    294.915276    0.66557   -1.38236   -0.34142    7    diag
    9      0.233D-05      0.947D-06      -192.33420397    294.915280    0.66556   -1.38228   -0.34143    8    diag
   10      0.100D-05      0.187D-06      -192.33420397    294.915258    0.66555   -1.38226   -0.34142    9    orth
   11      0.338D-06      0.274D-07      -192.33420397    294.915259    0.66555   -1.38226   -0.34142    9    diag
   12      0.360D-07      0.836D-08      -192.33420397    294.915261    0.66555   -1.38226   -0.34142    9    diag
   13      0.148D-07      0.234D-08      -192.33420397    294.915260    0.66555   -1.38226   -0.34142    9    diag
   14      0.333D-08      0.767D-09      -192.33420397    294.915261    0.66555   -1.38226   -0.34142    0    orth

 Final occupancy:  15

 !RHF STATE 1.1 Energy               -192.334203971096
 Nuclear energy                        77.52626806
 One-electron energy                 -417.31810234
 Two-electron energy                  147.45763031
 Virial quotient                       -1.00133661
 !RHF STATE 1.1 Dipole moment           0.66555343    -1.38226173    -0.34142176
 Dipole moment /Debye                   1.69155728    -3.51312876    -0.86775072

 Orbital energies:

         1.1          2.1          3.1          4.1          5.1          6.1          7.1          8.1          9.1         10.1
    -20.597738   -20.537227   -11.191744    -1.374239    -1.314741    -0.946179    -0.737242    -0.688975    -0.609779    -0.561848

        11.1         12.1         13.1         14.1         15.1         16.1         17.1
     -0.547072    -0.545019    -0.543756    -0.527629    -0.478233     0.018590     0.035881

 HOMO     15.1    -0.478233 =     -13.0134eV
 LUMO     16.1     0.018590 =       0.5058eV
 LUMO-HOMO         0.496822 =      13.5192eV


 **********************************************************************************************************************************
 DATASETS  * FILE   NREC   LENGTH (MB)   RECORD NAMES
              1      19     9888.82       500      610      700      900      950      970     1000      129      960     1100   
                                          VAR    BASINP    GEOM    SYMINP    ZMAT    AOBASIS   BASIS     P2S    ABASIS      S 
                                         1400     1410     1200     1210     1080     1600     1650     1300     1700   
                                           T        V       H0       H01     AOSYM     SMH    MOLCAS    ERIS     OPER   

              2       5        6.86       200      700     1000      520     2100   
                                        OPTIONS   GEOM     BASIS   MCVARS     RHF  

 PROGRAMS   *        TOTAL        HF       INT
 CPU TIMES  *       244.59    172.89     71.55
 REAL TIME  *       699.24 SEC
 DISK USED  *        26.46 GB      
 **********************************************************************************************************************************
 SETTING ESCF_ABC       =      -192.33420397  AU                              


 PROGRAM * MP3 (Closed-shell)     Authors: C. Hampel, H.-J. Werner, 1991, M. Deegan, P.J. Knowles, 1992


 Convergence thresholds:  THRVAR = 1.00D-08  THRDEN = 1.00D-08

 Number of core orbitals:           3 (   3 )
 Number of closed-shell orbitals:  12 (  12 )
 Number of external orbitals:     307 ( 307 )

 Molecular orbitals read from record     2100.2  Type=RHF/CANONICAL (state 1.1)

 Number of N-1 electron functions:              12
 Number of N-2 electron functions:              78
 Number of singly external CSFs:              3684
 Number of doubly external CSFs:           6787770
 Total number of CSFs:                     6791455

 Length of J-op  integral file:               0.00 MB
 Length of K-op  integral file:               7.17 MB

 Integral transformation finished. Total CPU:  22.83 sec, npass=  1  Memory used:  15.72 MW

 Reference energy:                   -192.33420397

                        CORR.ENERGY   TOTAL ENERGY   ENERGY CHANGE
 MP2:                   -0.74488501  -193.07908898    -0.74488501

 SCS-MP2 correlation energy:           -0.74652761   (PS=  1.200000  PT=  0.333333)
 SCS-MP2 total energy:               -193.08073158

 MP3(D):                -0.76742832  -193.10163229    -0.02254332



 RESULTS
 =======

  Reference energy                   -192.334203971098
  MP3 singlet pair energy              -0.529788592824
  MP3 triplet pair energy              -0.237639730871
  MP3 correlation energy               -0.767428323696

 !MP3 total energy                   -193.101632294794

 Timing summary (sec):

 STEP                 CPU(USER)    SYS     CPU(TOT)    WALL
 Transformation         23.56      8.47     32.03     85.57
 CCSD iterations        64.17      8.40     72.57     79.79

 Program statistics:

 Available memory in ccsd:             13999999324
 Min. memory needed in ccsd:              17471288
 Max. memory used in ccsd:                23578322
 Max. memory used in cckext:              17102349 ( 1 integral passes)



 **********************************************************************************************************************************
 DATASETS  * FILE   NREC   LENGTH (MB)   RECORD NAMES
              1      20     9987.83       500      610      700      900      950      970     1000      129      960     1100   
                                          VAR    BASINP    GEOM    SYMINP    ZMAT    AOBASIS   BASIS     P2S    ABASIS      S 
                                         1400     1410     1200     1210     1080     1600     1650     1300     1700     1380   
                                           T        V       H0       H01     AOSYM     SMH    MOLCAS    ERIS     OPER     JKOP   

              2       5        6.86       200      700     1000      520     2100   
                                        OPTIONS   GEOM     BASIS   MCVARS     RHF  

 PROGRAMS   *        TOTAL       MP3        HF       INT
 CPU TIMES  *       332.35     87.76    172.89     71.55
 REAL TIME  *       864.96 SEC
 DISK USED  *        26.46 GB      
 **********************************************************************************************************************************
 SETTING EMP3_ABC       =      -193.10163229  AU                              
 SETTING EMP3_CORR_ABC  =        -0.76742832  AU                              

 Running procedure=SET_MONOMERA

 Dummy atoms: O1  H5  H6  O2  H7  H8


 Recomputing one-electron integrals since nuclear charges changed


 PROGRAM * SEWARD (Integral evaluation for generally contracted gaussian basis sets)     Author: Roland Lindh, 1990

 Geometry written to block  1 of record 700


 Point group  C1  



 ATOMIC COORDINATES

 NR  ATOM    CHARGE       X              Y              Z

   1  C1      6.00   -6.193010455    2.801518980    2.403542658
   2  H1      1.00   -4.656285171    1.699997622    3.119937832
   3  H2      1.00   -5.973046335    4.726205038    2.982932688
   4  H3      1.00   -7.940251230    2.077186956    3.118237078
   5  H4      1.00   -6.176569838    2.685300823    0.384937212
   6  O1      0.00  -12.011477193    0.742095449    6.107594835
   7  H5      0.00  -11.750694988   -0.413472076    4.697292228
   8  H6      0.00  -10.560734447    0.465061599    7.217053042
   9  O2      0.00  -11.361600379   -2.507477595    1.791460366
  10  H7      0.00   -9.723585774   -3.405286476    1.799586188
  11  H8      0.00  -12.627338937   -3.816112936    1.666171524

 Bond lengths in Bohr (Angstrom)

 1-2  2.021904040  1-3  2.022002335  1-4  2.021953343  1-5  2.022015060  6-7  1.841818967
     ( 1.069945541)     ( 1.069997556)     ( 1.069971630)     ( 1.070004290)     ( 0.974648624)

  6- 8  1.847241128   9-10  1.867945037   9-11  1.824915847
       ( 0.977517908)       ( 0.988473945)       ( 0.965703878)

 Bond angles

  2-1-3  109.53398059   2-1-4  109.65604535   2-1-5  108.43490854   3-1-4  109.49436728

  3- 1- 5  109.86987750   4- 1- 5  109.83468330   7- 6- 8  104.74973043  10- 9-11  105.29843553

 NUCLEAR CHARGE:                   10
 NUMBER OF PRIMITIVE AOS:         417
 NUMBER OF SYMMETRY AOS:          374
 NUMBER OF CONTRACTIONS:          322   ( 322A   )
 NUMBER OF CORE ORBITALS:           1   (   1A   )
 NUMBER OF VALENCE ORBITALS:        8   (   8A   )

 MOLECULE CHANGED: INITIALIZING OCCUPATION AND DUMP RECORDS


 NUCLEAR REPULSION ENERGY   13.68681606


 Eigenvalues of metric

         1 0.285E-04 0.681E-04 0.799E-04 0.992E-04 0.179E-03 0.225E-03 0.276E-03 0.327E-03


 Contracted 2-electron integrals neglected if value below      1.0D-19

 OPERATOR DM      FOR CENTER  0  COORDINATES:    0.000000    0.000000    0.000000


 **********************************************************************************************************************************
 DATASETS  * FILE   NREC   LENGTH (MB)   RECORD NAMES
              1      19     9888.82       500      610      700      900      950      970     1000      129      960     1100   
                                          VAR    BASINP    GEOM    SYMINP    ZMAT    AOBASIS   BASIS     P2S    ABASIS      S 
                                         1400     1410     1200     1210     1080     1600     1650     1300     1700   
                                           T        V       H0       H01     AOSYM     SMH    MOLCAS    ERIS     OPER   

              2       5        6.86       200      700     1000      520     2100   
                                        OPTIONS   GEOM     BASIS   MCVARS     RHF  

 PROGRAMS   *        TOTAL       INT       MP3        HF       INT
 CPU TIMES  *       332.48      0.12     87.76    172.89     71.55
 REAL TIME  *       865.57 SEC
 DISK USED  *        26.46 GB      
 **********************************************************************************************************************************


 PROGRAM * RHF-SCF (CLOSED SHELL)       Authors: W. Meyer, H.-J. Werner


 NUMBER OF ELECTRONS:       5+    5-    SPACE SYMMETRY=1    SPIN SYMMETRY: Singlet 
 CONVERGENCE THRESHOLDS:    1.00E-08 (Density)    1.00E-09 (Energy)
 MAX. NUMBER OF ITERATIONS:       60
 INTERPOLATION TYPE:            DIIS
 INTERPOLATION STEPS:              2 (START)      1 (STEP)
 LEVEL SHIFTS:                  0.00 (CLOSED)  0.00 (OPEN) 



 Orbital guess generated from atomic densities. Full valence occupancy:    9

 Molecular orbital dump at record        2101.2

 Initial occupancy:   5

 ITERATION    DDIFF          GRAD             ENERGY        2-EL.EN.            DIPOLE MOMENTS         DIIS   ORB.
    1      0.000D+00      0.000D+00       -40.19359619     53.494056    0.00409   -0.00276   -0.00129    0    start
    2      0.000D+00      0.298D-02       -40.21071569     52.213645    0.00127   -0.00090   -0.00037    1    diag
    3      0.237D-02      0.116D-02       -40.21296457     52.664842    0.00180   -0.00125   -0.00054    2    diag
    4      0.671D-03      0.288D-03       -40.21328015     52.609823    0.00160   -0.00112   -0.00048    3    diag
    5      0.223D-03      0.374D-04       -40.21328555     52.612154    0.00158   -0.00110   -0.00047    4    diag
    6      0.576D-04      0.291D-05       -40.21328559     52.612254    0.00157   -0.00110   -0.00047    5    diag
    7      0.505D-05      0.224D-06       -40.21328559     52.612219    0.00157   -0.00110   -0.00047    6    diag
    8      0.721D-06      0.187D-07       -40.21328559     52.612220    0.00157   -0.00110   -0.00047    7    diag
    9      0.136D-06      0.243D-08       -40.21328559     52.612220    0.00157   -0.00110   -0.00047    8    diag
   10      0.777D-08      0.679D-09       -40.21328559     52.612220    0.00157   -0.00110   -0.00047    0    orth

 Final occupancy:   5

 !RHF STATE 1.1 Energy                -40.213285587118
 Nuclear energy                        13.68681606
 One-electron energy                  -80.20621150
 Two-electron energy                   26.30610985
 Virial quotient                       -0.99869210
 !RHF STATE 1.1 Dipole moment           0.00157342    -0.00110175    -0.00046553
 Dipole moment /Debye                   0.00399897    -0.00280017    -0.00118317

 Orbital energies:

         1.1          2.1          3.1          4.1          5.1          6.1          7.1
    -11.197214    -0.950743    -0.551697    -0.549762    -0.547580     0.024234     0.038949

 HOMO      5.1    -0.547580 =     -14.9004eV
 LUMO      6.1     0.024234 =       0.6594eV
 LUMO-HOMO         0.571814 =      15.5598eV


 **********************************************************************************************************************************
 DATASETS  * FILE   NREC   LENGTH (MB)   RECORD NAMES
              1      19     9888.82       500      610      700      900      950      970     1000      129      960     1100   
                                          VAR    BASINP    GEOM    SYMINP    ZMAT    AOBASIS   BASIS     P2S    ABASIS      S 
                                         1400     1410     1200     1210     1080     1600     1650     1300     1700   
                                           T        V       H0       H01     AOSYM     SMH    MOLCAS    ERIS     OPER   

              2       6       13.52       200      700     1000      520     2100     2101   
                                        OPTIONS   GEOM     BASIS   MCVARS     RHF      RHF  

 PROGRAMS   *        TOTAL        HF       INT       MP3        HF       INT
 CPU TIMES  *       458.88    126.40      0.12     87.76    172.89     71.55
 REAL TIME  *      1090.86 SEC
 DISK USED  *        26.46 GB      
 **********************************************************************************************************************************
 SETTING ESCF_A         =       -40.21328559  AU                              


 PROGRAM * MP3 (Closed-shell)     Authors: C. Hampel, H.-J. Werner, 1991, M. Deegan, P.J. Knowles, 1992


 Convergence thresholds:  THRVAR = 1.00D-08  THRDEN = 1.00D-08

 Number of core orbitals:           1 (   1 )
 Number of closed-shell orbitals:   4 (   4 )
 Number of external orbitals:     317 ( 317 )

 Molecular orbitals read from record     2101.2  Type=RHF/CANONICAL (state 1.1)

 Number of N-1 electron functions:               4
 Number of N-2 electron functions:              10
 Number of singly external CSFs:              1268
 Number of doubly external CSFs:            804546
 Total number of CSFs:                      805815

 Length of J-op  integral file:               0.00 MB
 Length of K-op  integral file:               7.17 MB

 Integral transformation finished. Total CPU:  13.12 sec, npass=  1  Memory used:   3.87 MW

 Reference energy:                    -40.21328559

                        CORR.ENERGY   TOTAL ENERGY   ENERGY CHANGE
 MP2:                   -0.20058388   -40.41386946    -0.20058388

 SCS-MP2 correlation energy:           -0.20888112   (PS=  1.200000  PT=  0.333333)
 SCS-MP2 total energy:                -40.42216671

 MP3(D):                -0.21861269   -40.43189828    -0.01802882



 RESULTS
 =======

  Reference energy                    -40.213285587118
  MP3 singlet pair energy              -0.163237218740
  MP3 triplet pair energy              -0.055375472774
  MP3 correlation energy               -0.218612691513

 !MP3 total energy                    -40.431898278631

 Timing summary (sec):

 STEP                 CPU(USER)    SYS     CPU(TOT)    WALL
 Transformation         13.22      8.03     21.25     21.88
 CCSD iterations        16.40      7.80     24.20     30.67

 Program statistics:

 Available memory in ccsd:             13999999836
 Min. memory needed in ccsd:               3677238
 Max. memory used in ccsd:                 4267372
 Max. memory used in cckext:               2832301 ( 1 integral passes)



 **********************************************************************************************************************************
 DATASETS  * FILE   NREC   LENGTH (MB)   RECORD NAMES
              1      20     9902.96       500      610      700      900      950      970     1000      129      960     1100   
                                          VAR    BASINP    GEOM    SYMINP    ZMAT    AOBASIS   BASIS     P2S    ABASIS      S 
                                         1400     1410     1200     1210     1080     1600     1650     1300     1700     1380   
                                           T        V       H0       H01     AOSYM     SMH    MOLCAS    ERIS     OPER     JKOP   

              2       6       13.52       200      700     1000      520     2100     2101   
                                        OPTIONS   GEOM     BASIS   MCVARS     RHF      RHF  

 PROGRAMS   *        TOTAL       MP3        HF       INT       MP3        HF       INT
 CPU TIMES  *       488.53     29.65    126.40      0.12     87.76    172.89     71.55
 REAL TIME  *      1143.80 SEC
 DISK USED  *        26.46 GB      
 **********************************************************************************************************************************
 SETTING EMP3_A         =       -40.43189828  AU                              
 SETTING EMP3_CORR_A    =        -0.21861269  AU                              

 Running procedure=SET_MONOMERB

 Dummy atoms: C1  H1  H2  H3  H4  O2  H7  H8


 Recomputing one-electron integrals since nuclear charges changed


 PROGRAM * SEWARD (Integral evaluation for generally contracted gaussian basis sets)     Author: Roland Lindh, 1990

 Geometry written to block  1 of record 700


 Point group  C1  



 ATOMIC COORDINATES

 NR  ATOM    CHARGE       X              Y              Z

   1  C1      0.00   -6.193010455    2.801518980    2.403542658
   2  H1      0.00   -4.656285171    1.699997622    3.119937832
   3  H2      0.00   -5.973046335    4.726205038    2.982932688
   4  H3      0.00   -7.940251230    2.077186956    3.118237078
   5  H4      0.00   -6.176569838    2.685300823    0.384937212
   6  O1      8.00  -12.011477193    0.742095449    6.107594835
   7  H5      1.00  -11.750694988   -0.413472076    4.697292228
   8  H6      1.00  -10.560734447    0.465061599    7.217053042
   9  O2      0.00  -11.361600379   -2.507477595    1.791460366
  10  H7      0.00   -9.723585774   -3.405286476    1.799586188
  11  H8      0.00  -12.627338937   -3.816112936    1.666171524

 Bond lengths in Bohr (Angstrom)

 1-2  2.021904040  1-3  2.022002335  1-4  2.021953343  1-5  2.022015060  6-7  1.841818967
     ( 1.069945541)     ( 1.069997556)     ( 1.069971630)     ( 1.070004290)     ( 0.974648624)

  6- 8  1.847241128   9-10  1.867945037   9-11  1.824915847
       ( 0.977517908)       ( 0.988473945)       ( 0.965703878)

 Bond angles

  2-1-3  109.53398059   2-1-4  109.65604535   2-1-5  108.43490854   3-1-4  109.49436728

  3- 1- 5  109.86987750   4- 1- 5  109.83468330   7- 6- 8  104.74973043  10- 9-11  105.29843553

 NUCLEAR CHARGE:                   10
 NUMBER OF PRIMITIVE AOS:         417
 NUMBER OF SYMMETRY AOS:          374
 NUMBER OF CONTRACTIONS:          322   ( 322A   )
 NUMBER OF CORE ORBITALS:           1   (   1A   )
 NUMBER OF VALENCE ORBITALS:        6   (   6A   )

 MOLECULE CHANGED: INITIALIZING OCCUPATION AND DUMP RECORDS


 NUCLEAR REPULSION ENERGY    9.01656758


 Eigenvalues of metric

         1 0.285E-04 0.681E-04 0.799E-04 0.992E-04 0.179E-03 0.225E-03 0.276E-03 0.327E-03


 Contracted 2-electron integrals neglected if value below      1.0D-19

 OPERATOR DM      FOR CENTER  0  COORDINATES:    0.000000    0.000000    0.000000


 **********************************************************************************************************************************
 DATASETS  * FILE   NREC   LENGTH (MB)   RECORD NAMES
              1      19     9888.82       500      610      700      900      950      970     1000      129      960     1100   
                                          VAR    BASINP    GEOM    SYMINP    ZMAT    AOBASIS   BASIS     P2S    ABASIS      S 
                                         1400     1410     1200     1210     1080     1600     1650     1300     1700   
                                           T        V       H0       H01     AOSYM     SMH    MOLCAS    ERIS     OPER   

              2       6       13.52       200      700     1000      520     2100     2101   
                                        OPTIONS   GEOM     BASIS   MCVARS     RHF      RHF  

 PROGRAMS   *        TOTAL       INT       MP3        HF       INT       MP3        HF       INT
 CPU TIMES  *       488.65      0.11     29.65    126.40      0.12     87.76    172.89     71.55
 REAL TIME  *      1144.33 SEC
 DISK USED  *        26.46 GB      
 **********************************************************************************************************************************


 PROGRAM * RHF-SCF (CLOSED SHELL)       Authors: W. Meyer, H.-J. Werner


 NUMBER OF ELECTRONS:       5+    5-    SPACE SYMMETRY=1    SPIN SYMMETRY: Singlet 
 CONVERGENCE THRESHOLDS:    1.00E-08 (Density)    1.00E-09 (Energy)
 MAX. NUMBER OF ITERATIONS:       60
 INTERPOLATION TYPE:            DIIS
 INTERPOLATION STEPS:              2 (START)      1 (STEP)
 LEVEL SHIFTS:                  0.00 (CLOSED)  0.00 (OPEN) 



 Orbital guess generated from atomic densities. Full valence occupancy:    7

 Molecular orbital dump at record        2102.2

 Initial occupancy:   5

 ITERATION    DDIFF          GRAD             ENERGY        2-EL.EN.            DIPOLE MOMENTS         DIIS   ORB.
    1      0.000D+00      0.000D+00       -76.02057610     77.400505    0.87654   -0.73326   -0.15330    0    start
    2      0.000D+00      0.539D-02       -76.04726831     73.778995    0.50983   -0.42728   -0.09010    1    diag
    3      0.319D-02      0.343D-02       -76.05859553     75.380006    0.60073   -0.50323   -0.10594    2    diag
    4      0.116D-02      0.317D-03       -76.05878545     75.290667    0.59725   -0.50043   -0.10550    3    diag
    5      0.144D-03      0.879D-04       -76.05880531     75.304845    0.59594   -0.49938   -0.10534    4    diag
    6      0.452D-04      0.171D-04       -76.05880654     75.303971    0.59570   -0.49919   -0.10532    5    diag
    7      0.113D-04      0.337D-05       -76.05880660     75.304100    0.59560   -0.49911   -0.10531    6    diag
    8      0.294D-05      0.621D-06       -76.05880660     75.304085    0.59558   -0.49909   -0.10531    7    diag
    9      0.486D-06      0.780D-07       -76.05880660     75.304076    0.59557   -0.49909   -0.10531    8    diag
   10      0.656D-07      0.188D-07       -76.05880660     75.304080    0.59557   -0.49909   -0.10531    9    orth
   11      0.166D-07      0.344D-08       -76.05880660     75.304079    0.59557   -0.49909   -0.10531    9    diag
   12      0.339D-08      0.505D-09       -76.05880660     75.304079    0.59557   -0.49909   -0.10531    0    orth

 Final occupancy:   5

 !RHF STATE 1.1 Energy                -76.058806596734
 Nuclear energy                         9.01656758
 One-electron energy                 -122.72741358
 Two-electron energy                   37.65203940
 Virial quotient                       -1.00230984
 !RHF STATE 1.1 Dipole moment           0.59557232    -0.49908835    -0.10530522
 Dipole moment /Debye                   1.51369469    -1.26847298    -0.26764164

 Orbital energies:

         1.1          2.1          3.1          4.1          5.1          6.1          7.1
    -20.570299    -1.343832    -0.707995    -0.580802    -0.508740     0.016485     0.034103

 HOMO      5.1    -0.508740 =     -13.8435eV
 LUMO      6.1     0.016485 =       0.4486eV
 LUMO-HOMO         0.525225 =      14.2921eV


 **********************************************************************************************************************************
 DATASETS  * FILE   NREC   LENGTH (MB)   RECORD NAMES
              1      19     9888.82       500      610      700      900      950      970     1000      129      960     1100   
                                          VAR    BASINP    GEOM    SYMINP    ZMAT    AOBASIS   BASIS     P2S    ABASIS      S 
                                         1400     1410     1200     1210     1080     1600     1650     1300     1700   
                                           T        V       H0       H01     AOSYM     SMH    MOLCAS    ERIS     OPER   

              2       7       20.17       200      700     1000      520     2100     2101     2102   
                                        OPTIONS   GEOM     BASIS   MCVARS     RHF      RHF      RHF  

 PROGRAMS   *        TOTAL        HF       INT       MP3        HF       INT       MP3        HF       INT
 CPU TIMES  *       638.24    149.59      0.11     29.65    126.40      0.12     87.76    172.89     71.55
 REAL TIME  *      1404.76 SEC
 DISK USED  *        26.46 GB      
 **********************************************************************************************************************************
 SETTING ESCF_B         =       -76.05880660  AU                              


 PROGRAM * MP3 (Closed-shell)     Authors: C. Hampel, H.-J. Werner, 1991, M. Deegan, P.J. Knowles, 1992


 Convergence thresholds:  THRVAR = 1.00D-08  THRDEN = 1.00D-08

 Number of core orbitals:           1 (   1 )
 Number of closed-shell orbitals:   4 (   4 )
 Number of external orbitals:     317 ( 317 )

 Molecular orbitals read from record     2102.2  Type=RHF/CANONICAL (state 1.1)

 Number of N-1 electron functions:               4
 Number of N-2 electron functions:              10
 Number of singly external CSFs:              1268
 Number of doubly external CSFs:            804546
 Total number of CSFs:                      805815

 Length of J-op  integral file:               0.00 MB
 Length of K-op  integral file:               7.17 MB

 Integral transformation finished. Total CPU:  13.04 sec, npass=  1  Memory used:   3.87 MW

 Reference energy:                    -76.05880660

                        CORR.ENERGY   TOTAL ENERGY   ENERGY CHANGE
 MP2:                   -0.27027154   -76.32907813    -0.27027154

 SCS-MP2 correlation energy:           -0.26754929   (PS=  1.200000  PT=  0.333333)
 SCS-MP2 total energy:                -76.32635588

 MP3(D):                -0.27257609   -76.33138268    -0.00230455



 RESULTS
 =======

  Reference energy                    -76.058806596735
  MP3 singlet pair energy              -0.183237336009
  MP3 triplet pair energy              -0.089338751265
  MP3 correlation energy               -0.272576087274

 !MP3 total energy                    -76.331382684009

 Timing summary (sec):

 STEP                 CPU(USER)    SYS     CPU(TOT)    WALL
 Transformation         13.15      7.94     21.09     21.15
 CCSD iterations        16.23      7.94     24.17     24.35

 Program statistics:

 Available memory in ccsd:             13999999836
 Min. memory needed in ccsd:               3677238
 Max. memory used in ccsd:                 4267372
 Max. memory used in cckext:               2832301 ( 1 integral passes)



 **********************************************************************************************************************************
 DATASETS  * FILE   NREC   LENGTH (MB)   RECORD NAMES
              1      20     9902.96       500      610      700      900      950      970     1000      129      960     1100   
                                          VAR    BASINP    GEOM    SYMINP    ZMAT    AOBASIS   BASIS     P2S    ABASIS      S 
                                         1400     1410     1200     1210     1080     1600     1650     1300     1700     1380   
                                           T        V       H0       H01     AOSYM     SMH    MOLCAS    ERIS     OPER     JKOP   

              2       7       20.17       200      700     1000      520     2100     2101     2102   
                                        OPTIONS   GEOM     BASIS   MCVARS     RHF      RHF      RHF  

 PROGRAMS   *        TOTAL       MP3        HF       INT       MP3        HF       INT       MP3        HF       INT
 CPU TIMES  *       667.65     29.41    149.59      0.11     29.65    126.40      0.12     87.76    172.89     71.55
 REAL TIME  *      1450.49 SEC
 DISK USED  *        26.46 GB      
 **********************************************************************************************************************************
 SETTING EMP3_B         =       -76.33138268  AU                              
 SETTING EMP3_CORR_B    =        -0.27257609  AU                              

 Running procedure=SET_MONOMERC

 Dummy atoms: C1  H1  H2  H3  H4  O1  H5  H6


 Recomputing one-electron integrals since nuclear charges changed


 PROGRAM * SEWARD (Integral evaluation for generally contracted gaussian basis sets)     Author: Roland Lindh, 1990

 Geometry written to block  1 of record 700


 Point group  C1  



 ATOMIC COORDINATES

 NR  ATOM    CHARGE       X              Y              Z

   1  C1      0.00   -6.193010455    2.801518980    2.403542658
   2  H1      0.00   -4.656285171    1.699997622    3.119937832
   3  H2      0.00   -5.973046335    4.726205038    2.982932688
   4  H3      0.00   -7.940251230    2.077186956    3.118237078
   5  H4      0.00   -6.176569838    2.685300823    0.384937212
   6  O1      0.00  -12.011477193    0.742095449    6.107594835
   7  H5      0.00  -11.750694988   -0.413472076    4.697292228
   8  H6      0.00  -10.560734447    0.465061599    7.217053042
   9  O2      8.00  -11.361600379   -2.507477595    1.791460366
  10  H7      1.00   -9.723585774   -3.405286476    1.799586188
  11  H8      1.00  -12.627338937   -3.816112936    1.666171524

 Bond lengths in Bohr (Angstrom)

 1-2  2.021904040  1-3  2.022002335  1-4  2.021953343  1-5  2.022015060  6-7  1.841818967
     ( 1.069945541)     ( 1.069997556)     ( 1.069971630)     ( 1.070004290)     ( 0.974648624)

  6- 8  1.847241128   9-10  1.867945037   9-11  1.824915847
       ( 0.977517908)       ( 0.988473945)       ( 0.965703878)

 Bond angles

  2-1-3  109.53398059   2-1-4  109.65604535   2-1-5  108.43490854   3-1-4  109.49436728

  3- 1- 5  109.86987750   4- 1- 5  109.83468330   7- 6- 8  104.74973043  10- 9-11  105.29843553

 NUCLEAR CHARGE:                   10
 NUMBER OF PRIMITIVE AOS:         417
 NUMBER OF SYMMETRY AOS:          374
 NUMBER OF CONTRACTIONS:          322   ( 322A   )
 NUMBER OF CORE ORBITALS:           1   (   1A   )
 NUMBER OF VALENCE ORBITALS:        6   (   6A   )

 MOLECULE CHANGED: INITIALIZING OCCUPATION AND DUMP RECORDS


 NUCLEAR REPULSION ENERGY    9.00717880


 Eigenvalues of metric

         1 0.285E-04 0.681E-04 0.799E-04 0.992E-04 0.179E-03 0.225E-03 0.276E-03 0.327E-03


 Contracted 2-electron integrals neglected if value below      1.0D-19

 OPERATOR DM      FOR CENTER  0  COORDINATES:    0.000000    0.000000    0.000000


 **********************************************************************************************************************************
 DATASETS  * FILE   NREC   LENGTH (MB)   RECORD NAMES
              1      19     9888.82       500      610      700      900      950      970     1000      129      960     1100   
                                          VAR    BASINP    GEOM    SYMINP    ZMAT    AOBASIS   BASIS     P2S    ABASIS      S 
                                         1400     1410     1200     1210     1080     1600     1650     1300     1700   
                                           T        V       H0       H01     AOSYM     SMH    MOLCAS    ERIS     OPER   

              2       7       20.17       200      700     1000      520     2100     2101     2102   
                                        OPTIONS   GEOM     BASIS   MCVARS     RHF      RHF      RHF  

 PROGRAMS   *        TOTAL       INT       MP3        HF       INT       MP3        HF       INT       MP3        HF       INT
 CPU TIMES  *       667.78      0.12     29.41    149.59      0.11     29.65    126.40      0.12     87.76    172.89     71.55
 REAL TIME  *      1455.15 SEC
 DISK USED  *        26.46 GB      
 **********************************************************************************************************************************


 PROGRAM * RHF-SCF (CLOSED SHELL)       Authors: W. Meyer, H.-J. Werner


 NUMBER OF ELECTRONS:       5+    5-    SPACE SYMMETRY=1    SPIN SYMMETRY: Singlet 
 CONVERGENCE THRESHOLDS:    1.00E-08 (Density)    1.00E-09 (Energy)
 MAX. NUMBER OF ITERATIONS:       60
 INTERPOLATION TYPE:            DIIS
 INTERPOLATION STEPS:              2 (START)      1 (STEP)
 LEVEL SHIFTS:                  0.00 (CLOSED)  0.00 (OPEN) 



 Orbital guess generated from atomic densities. Full valence occupancy:    7

 Molecular orbital dump at record        2103.2

 Initial occupancy:   5

 ITERATION    DDIFF          GRAD             ENERGY        2-EL.EN.            DIPOLE MOMENTS         DIIS   ORB.
    1      0.000D+00      0.000D+00       -76.02022621     77.394270    0.19827   -1.12948   -0.05990    0    start
    2      0.000D+00      0.539D-02       -76.04688618     73.765209    0.10839   -0.65802   -0.03540    1    diag
    3      0.319D-02      0.343D-02       -76.05823699     75.368965    0.12918   -0.77505   -0.04152    2    diag
    4      0.116D-02      0.317D-03       -76.05842809     75.279643    0.12703   -0.77076   -0.04135    3    diag
    5      0.150D-03      0.881D-04       -76.05844816     75.293750    0.12617   -0.76913   -0.04128    4    diag
    6      0.474D-04      0.172D-04       -76.05844941     75.292881    0.12593   -0.76883   -0.04127    5    diag
    7      0.126D-04      0.341D-05       -76.05844947     75.293006    0.12586   -0.76871   -0.04127    6    diag
    8      0.333D-05      0.630D-06       -76.05844947     75.292993    0.12585   -0.76868   -0.04127    7    diag
    9      0.569D-06      0.810D-07       -76.05844947     75.292983    0.12584   -0.76867   -0.04127    8    diag
   10      0.716D-07      0.203D-07       -76.05844947     75.292987    0.12584   -0.76867   -0.04127    9    orth
   11      0.185D-07      0.422D-08       -76.05844947     75.292986    0.12584   -0.76867   -0.04127    9    diag
   12      0.401D-08      0.805D-09       -76.05844947     75.292986    0.12584   -0.76867   -0.04127    0    orth

 Final occupancy:   5

 !RHF STATE 1.1 Energy                -76.058449466879
 Nuclear energy                         9.00717880
 One-electron energy                 -122.71212136
 Two-electron energy                   37.64649310
 Virial quotient                       -1.00232107
 !RHF STATE 1.1 Dipole moment           0.12584376    -0.76867187    -0.04126608
 Dipole moment /Debye                   0.31984198    -1.95364106    -0.10488105

 Orbital energies:

         1.1          2.1          3.1          4.1          5.1          6.1          7.1
    -20.570076    -1.343036    -0.708480    -0.579475    -0.508501     0.021430     0.035127

 HOMO      5.1    -0.508501 =     -13.8370eV
 LUMO      6.1     0.021430 =       0.5831eV
 LUMO-HOMO         0.529931 =      14.4201eV


 **********************************************************************************************************************************
 DATASETS  * FILE   NREC   LENGTH (MB)   RECORD NAMES
              1      19     9888.82       500      610      700      900      950      970     1000      129      960     1100   
                                          VAR    BASINP    GEOM    SYMINP    ZMAT    AOBASIS   BASIS     P2S    ABASIS      S 
                                         1400     1410     1200     1210     1080     1600     1650     1300     1700   
                                           T        V       H0       H01     AOSYM     SMH    MOLCAS    ERIS     OPER   

              2       8       26.83       200      700     1000      520     2100     2101     2102     2103   
                                        OPTIONS   GEOM     BASIS   MCVARS     RHF      RHF      RHF      RHF  

 PROGRAMS   *        TOTAL        HF       INT       MP3        HF       INT       MP3        HF       INT       MP3        HF
 CPU TIMES  *       817.12    149.34      0.12     29.41    149.59      0.11     29.65    126.40      0.12     87.76    172.89
 REAL TIME  *      1712.44 SEC
 DISK USED  *        26.46 GB      
 **********************************************************************************************************************************
 SETTING ESCF_C         =       -76.05844947  AU                              


 PROGRAM * MP3 (Closed-shell)     Authors: C. Hampel, H.-J. Werner, 1991, M. Deegan, P.J. Knowles, 1992


 Convergence thresholds:  THRVAR = 1.00D-08  THRDEN = 1.00D-08

 Number of core orbitals:           1 (   1 )
 Number of closed-shell orbitals:   4 (   4 )
 Number of external orbitals:     317 ( 317 )

 Molecular orbitals read from record     2103.2  Type=RHF/CANONICAL (state 1.1)

 Number of N-1 electron functions:               4
 Number of N-2 electron functions:              10
 Number of singly external CSFs:              1268
 Number of doubly external CSFs:            804546
 Total number of CSFs:                      805815

 Length of J-op  integral file:               0.00 MB
 Length of K-op  integral file:               7.17 MB

 Integral transformation finished. Total CPU:  13.03 sec, npass=  1  Memory used:   3.87 MW

 Reference energy:                    -76.05844947

                        CORR.ENERGY   TOTAL ENERGY   ENERGY CHANGE
 MP2:                   -0.27033262   -76.32878209    -0.27033262

 SCS-MP2 correlation energy:           -0.26761600   (PS=  1.200000  PT=  0.333333)
 SCS-MP2 total energy:                -76.32606546

 MP3(D):                -0.27261891   -76.33106838    -0.00228629



 RESULTS
 =======

  Reference energy                    -76.058449466879
  MP3 singlet pair energy              -0.183278665234
  MP3 triplet pair energy              -0.089340248463
  MP3 correlation energy               -0.272618913698

 !MP3 total energy                    -76.331068380576

 Timing summary (sec):

 STEP                 CPU(USER)    SYS     CPU(TOT)    WALL
 Transformation         13.15      8.02     21.17     25.16
 CCSD iterations        16.38      7.90     24.28     28.99

 Program statistics:

 Available memory in ccsd:             13999999836
 Min. memory needed in ccsd:               3677238
 Max. memory used in ccsd:                 4267372
 Max. memory used in cckext:               2832301 ( 1 integral passes)



 **********************************************************************************************************************************
 DATASETS  * FILE   NREC   LENGTH (MB)   RECORD NAMES
              1      20     9902.96       500      610      700      900      950      970     1000      129      960     1100   
                                          VAR    BASINP    GEOM    SYMINP    ZMAT    AOBASIS   BASIS     P2S    ABASIS      S 
                                         1400     1410     1200     1210     1080     1600     1650     1300     1700     1380   
                                           T        V       H0       H01     AOSYM     SMH    MOLCAS    ERIS     OPER     JKOP   

              2       8       26.83       200      700     1000      520     2100     2101     2102     2103   
                                        OPTIONS   GEOM     BASIS   MCVARS     RHF      RHF      RHF      RHF  

 PROGRAMS   *        TOTAL       MP3        HF       INT       MP3        HF       INT       MP3        HF       INT       MP3
 CPU TIMES  *       846.68     29.56    149.34      0.12     29.41    149.59      0.11     29.65    126.40      0.12     87.76
 REAL TIME  *      1794.77 SEC
 DISK USED  *        26.46 GB      
 **********************************************************************************************************************************
 SETTING EMP3_C         =       -76.33106838  AU                              
 SETTING EMP3_CORR_C    =        -0.27261891  AU                              

 Running procedure=SET_DIMERAB

 Dummy atoms: O2  H7  H8


 Recomputing one-electron integrals since nuclear charges changed


 PROGRAM * SEWARD (Integral evaluation for generally contracted gaussian basis sets)     Author: Roland Lindh, 1990

 Geometry written to block  1 of record 700


 Point group  C1  



 ATOMIC COORDINATES

 NR  ATOM    CHARGE       X              Y              Z

   1  C1      6.00   -6.193010455    2.801518980    2.403542658
   2  H1      1.00   -4.656285171    1.699997622    3.119937832
   3  H2      1.00   -5.973046335    4.726205038    2.982932688
   4  H3      1.00   -7.940251230    2.077186956    3.118237078
   5  H4      1.00   -6.176569838    2.685300823    0.384937212
   6  O1      8.00  -12.011477193    0.742095449    6.107594835
   7  H5      1.00  -11.750694988   -0.413472076    4.697292228
   8  H6      1.00  -10.560734447    0.465061599    7.217053042
   9  O2      0.00  -11.361600379   -2.507477595    1.791460366
  10  H7      0.00   -9.723585774   -3.405286476    1.799586188
  11  H8      0.00  -12.627338937   -3.816112936    1.666171524

 Bond lengths in Bohr (Angstrom)

 1-2  2.021904040  1-3  2.022002335  1-4  2.021953343  1-5  2.022015060  6-7  1.841818967
     ( 1.069945541)     ( 1.069997556)     ( 1.069971630)     ( 1.070004290)     ( 0.974648624)

  6- 8  1.847241128   9-10  1.867945037   9-11  1.824915847
       ( 0.977517908)       ( 0.988473945)       ( 0.965703878)

 Bond angles

  2-1-3  109.53398059   2-1-4  109.65604535   2-1-5  108.43490854   3-1-4  109.49436728

  3- 1- 5  109.86987750   4- 1- 5  109.83468330   7- 6- 8  104.74973043  10- 9-11  105.29843553

 NUCLEAR CHARGE:                   20
 NUMBER OF PRIMITIVE AOS:         417
 NUMBER OF SYMMETRY AOS:          374
 NUMBER OF CONTRACTIONS:          322   ( 322A   )
 NUMBER OF CORE ORBITALS:           2   (   2A   )
 NUMBER OF VALENCE ORBITALS:       14   (  14A   )

 MOLECULE CHANGED: INITIALIZING OCCUPATION AND DUMP RECORDS


 NUCLEAR REPULSION ENERGY   36.79874832


 Eigenvalues of metric

         1 0.285E-04 0.681E-04 0.799E-04 0.992E-04 0.179E-03 0.225E-03 0.276E-03 0.327E-03


 Contracted 2-electron integrals neglected if value below      1.0D-19

 OPERATOR DM      FOR CENTER  0  COORDINATES:    0.000000    0.000000    0.000000


 **********************************************************************************************************************************
 DATASETS  * FILE   NREC   LENGTH (MB)   RECORD NAMES
              1      19     9888.82       500      610      700      900      950      970     1000      129      960     1100   
                                          VAR    BASINP    GEOM    SYMINP    ZMAT    AOBASIS   BASIS     P2S    ABASIS      S 
                                         1400     1410     1200     1210     1080     1600     1650     1300     1700   
                                           T        V       H0       H01     AOSYM     SMH    MOLCAS    ERIS     OPER   

              2       8       26.83       200      700     1000      520     2100     2101     2102     2103   
                                        OPTIONS   GEOM     BASIS   MCVARS     RHF      RHF      RHF      RHF  

 PROGRAMS   *        TOTAL       INT       MP3        HF       INT       MP3        HF       INT       MP3        HF       INT
 CPU TIMES  *       846.81      0.12     29.56    149.34      0.12     29.41    149.59      0.11     29.65    126.40      0.12
 REAL TIME  *      1795.18 SEC
 DISK USED  *        26.46 GB      
 **********************************************************************************************************************************


 PROGRAM * RHF-SCF (CLOSED SHELL)       Authors: W. Meyer, H.-J. Werner


 NUMBER OF ELECTRONS:      10+   10-    SPACE SYMMETRY=1    SPIN SYMMETRY: Singlet 
 CONVERGENCE THRESHOLDS:    1.00E-08 (Density)    1.00E-09 (Energy)
 MAX. NUMBER OF ITERATIONS:       60
 INTERPOLATION TYPE:            DIIS
 INTERPOLATION STEPS:              2 (START)      1 (STEP)
 LEVEL SHIFTS:                  0.00 (CLOSED)  0.00 (OPEN) 



 Orbital guess generated from atomic densities. Full valence occupancy:   16

 Molecular orbital dump at record        2104.2

 Initial occupancy:  10

 ITERATION    DDIFF          GRAD             ENERGY        2-EL.EN.            DIPOLE MOMENTS         DIIS   ORB.
    1      0.000D+00      0.000D+00      -116.21378354    158.906623    0.87143   -0.73708   -0.14807    0    start
    2      0.000D+00      0.438D-02      -116.25753438    154.169105    0.49316   -0.39122   -0.08914    1    diag
    3      0.396D-02      0.255D-02      -116.27062018    156.152407    0.58741   -0.48009   -0.10353    2    diag
    4      0.131D-02      0.382D-03      -116.27126987    156.039735    0.57838   -0.47435   -0.10198    3    diag
    5      0.297D-03      0.112D-03      -116.27133723    156.034769    0.57815   -0.47370   -0.10236    4    diag
    6      0.102D-03      0.275D-04      -116.27134115    156.040583    0.57768   -0.47311   -0.10248    5    diag
    7      0.284D-04      0.551D-05      -116.27134138    156.039010    0.57775   -0.47309   -0.10256    6    diag
    8      0.787D-05      0.141D-05      -116.27134140    156.039165    0.57773   -0.47302   -0.10259    7    diag
    9      0.169D-05      0.309D-06      -116.27134140    156.039136    0.57772   -0.47300   -0.10259    8    diag
   10      0.534D-06      0.386D-07      -116.27134140    156.039137    0.57773   -0.47300   -0.10259    9    orth
   11      0.479D-07      0.110D-07      -116.27134140    156.039138    0.57773   -0.47300   -0.10259    9    diag
   12      0.189D-07      0.312D-08      -116.27134140    156.039138    0.57773   -0.47300   -0.10259    9    diag
   13      0.397D-08      0.809D-09      -116.27134140    156.039138    0.57773   -0.47300   -0.10259    0    orth

 Final occupancy:  10

 !RHF STATE 1.1 Energy               -116.271341403564
 Nuclear energy                        36.79874832
 One-electron energy                 -231.08965884
 Two-electron energy                   78.01956912
 Virial quotient                       -1.00098474
 !RHF STATE 1.1 Dipole moment           0.57772610    -0.47299822    -0.10258930
 Dipole moment /Debye                   1.46833709    -1.20216282    -0.26073892

 Orbital energies:

         1.1          2.1          3.1          4.1          5.1          6.1          7.1          8.1          9.1         10.1
    -20.570852   -11.199102    -1.344943    -0.953226    -0.708941    -0.582676    -0.555003    -0.552566    -0.550301    -0.507650

        11.1         12.1
      0.021116     0.036994

 HOMO     10.1    -0.507650 =     -13.8138eV
 LUMO     11.1     0.021116 =       0.5746eV
 LUMO-HOMO         0.528766 =      14.3885eV


 **********************************************************************************************************************************
 DATASETS  * FILE   NREC   LENGTH (MB)   RECORD NAMES
              1      19     9888.82       500      610      700      900      950      970     1000      129      960     1100   
                                          VAR    BASINP    GEOM    SYMINP    ZMAT    AOBASIS   BASIS     P2S    ABASIS      S 
                                         1400     1410     1200     1210     1080     1600     1650     1300     1700   
                                           T        V       H0       H01     AOSYM     SMH    MOLCAS    ERIS     OPER   

              2       9       33.49       200      700     1000      520     2100     2101     2102     2103     2104   
                                        OPTIONS   GEOM     BASIS   MCVARS     RHF      RHF      RHF      RHF      RHF  

 PROGRAMS   *        TOTAL        HF       INT       MP3        HF       INT       MP3        HF       INT       MP3        HF
 CPU TIMES  *      1007.65    160.84      0.12     29.56    149.34      0.12     29.41    149.59      0.11     29.65    126.40
 REAL TIME  *      2070.81 SEC
 DISK USED  *        26.46 GB      
 **********************************************************************************************************************************
 SETTING ESCF_AB        =      -116.27134140  AU                              


 PROGRAM * MP3 (Closed-shell)     Authors: C. Hampel, H.-J. Werner, 1991, M. Deegan, P.J. Knowles, 1992


 Convergence thresholds:  THRVAR = 1.00D-08  THRDEN = 1.00D-08

 Number of core orbitals:           2 (   2 )
 Number of closed-shell orbitals:   8 (   8 )
 Number of external orbitals:     312 ( 312 )

 Molecular orbitals read from record     2104.2  Type=RHF/CANONICAL (state 1.1)

 Number of N-1 electron functions:               8
 Number of N-2 electron functions:              36
 Number of singly external CSFs:              2496
 Number of doubly external CSFs:           3116256
 Total number of CSFs:                     3118753

 Length of J-op  integral file:               0.00 MB
 Length of K-op  integral file:               7.17 MB

 Integral transformation finished. Total CPU:  17.64 sec, npass=  1  Memory used:   8.54 MW

 Reference energy:                   -116.27134140

                        CORR.ENERGY   TOTAL ENERGY   ENERGY CHANGE
 MP2:                   -0.47183279  -116.74317419    -0.47183279

 SCS-MP2 correlation energy:           -0.47716421   (PS=  1.200000  PT=  0.333333)
 SCS-MP2 total energy:               -116.74850562

 MP3(D):                -0.49223025  -116.76357165    -0.02039746



 RESULTS
 =======

  Reference energy                   -116.271341403565
  MP3 singlet pair energy              -0.346679227282
  MP3 triplet pair energy              -0.145551021714
  MP3 correlation energy               -0.492230248996

 !MP3 total energy                   -116.763571652561

 Timing summary (sec):

 STEP                 CPU(USER)    SYS     CPU(TOT)    WALL
 Transformation         17.99      8.14     26.13     26.19
 CCSD iterations        33.27      8.31     41.58     48.40

 Program statistics:

 Available memory in ccsd:             13999999644
 Min. memory needed in ccsd:               9187353
 Max. memory used in ccsd:                11873417
 Max. memory used in cckext:               8287581 ( 1 integral passes)



 **********************************************************************************************************************************
 DATASETS  * FILE   NREC   LENGTH (MB)   RECORD NAMES
              1      20     9935.41       500      610      700      900      950      970     1000      129      960     1100   
                                          VAR    BASINP    GEOM    SYMINP    ZMAT    AOBASIS   BASIS     P2S    ABASIS      S 
                                         1400     1410     1200     1210     1080     1600     1650     1300     1700     1380   
                                           T        V       H0       H01     AOSYM     SMH    MOLCAS    ERIS     OPER     JKOP   

              2       9       33.49       200      700     1000      520     2100     2101     2102     2103     2104   
                                        OPTIONS   GEOM     BASIS   MCVARS     RHF      RHF      RHF      RHF      RHF  

 PROGRAMS   *        TOTAL       MP3        HF       INT       MP3        HF       INT       MP3        HF       INT       MP3
 CPU TIMES  *      1058.94     51.28    160.84      0.12     29.56    149.34      0.12     29.41    149.59      0.11     29.65
 REAL TIME  *      2146.33 SEC
 DISK USED  *        26.46 GB      
 **********************************************************************************************************************************
 SETTING EMP3_AB        =      -116.76357165  AU                              
 SETTING EMP3_CORR_AB   =        -0.49223025  AU                              

 Running procedure=SET_DIMERAC

 Dummy atoms: O1  H5  H6


 Recomputing one-electron integrals since nuclear charges changed


 PROGRAM * SEWARD (Integral evaluation for generally contracted gaussian basis sets)     Author: Roland Lindh, 1990

 Geometry written to block  1 of record 700


 Point group  C1  



 ATOMIC COORDINATES

 NR  ATOM    CHARGE       X              Y              Z

   1  C1      6.00   -6.193010455    2.801518980    2.403542658
   2  H1      1.00   -4.656285171    1.699997622    3.119937832
   3  H2      1.00   -5.973046335    4.726205038    2.982932688
   4  H3      1.00   -7.940251230    2.077186956    3.118237078
   5  H4      1.00   -6.176569838    2.685300823    0.384937212
   6  O1      0.00  -12.011477193    0.742095449    6.107594835
   7  H5      0.00  -11.750694988   -0.413472076    4.697292228
   8  H6      0.00  -10.560734447    0.465061599    7.217053042
   9  O2      8.00  -11.361600379   -2.507477595    1.791460366
  10  H7      1.00   -9.723585774   -3.405286476    1.799586188
  11  H8      1.00  -12.627338937   -3.816112936    1.666171524

 Bond lengths in Bohr (Angstrom)

 1-2  2.021904040  1-3  2.022002335  1-4  2.021953343  1-5  2.022015060  6-7  1.841818967
     ( 1.069945541)     ( 1.069997556)     ( 1.069971630)     ( 1.070004290)     ( 0.974648624)

  6- 8  1.847241128   9-10  1.867945037   9-11  1.824915847
       ( 0.977517908)       ( 0.988473945)       ( 0.965703878)

 Bond angles

  2-1-3  109.53398059   2-1-4  109.65604535   2-1-5  108.43490854   3-1-4  109.49436728

  3- 1- 5  109.86987750   4- 1- 5  109.83468330   7- 6- 8  104.74973043  10- 9-11  105.29843553

 NUCLEAR CHARGE:                   20
 NUMBER OF PRIMITIVE AOS:         417
 NUMBER OF SYMMETRY AOS:          374
 NUMBER OF CONTRACTIONS:          322   ( 322A   )
 NUMBER OF CORE ORBITALS:           2   (   2A   )
 NUMBER OF VALENCE ORBITALS:       14   (  14A   )

 MOLECULE CHANGED: INITIALIZING OCCUPATION AND DUMP RECORDS


 NUCLEAR REPULSION ENERGY   35.93228190


 Eigenvalues of metric

         1 0.285E-04 0.681E-04 0.799E-04 0.992E-04 0.179E-03 0.225E-03 0.276E-03 0.327E-03


 Contracted 2-electron integrals neglected if value below      1.0D-19

 OPERATOR DM      FOR CENTER  0  COORDINATES:    0.000000    0.000000    0.000000


 **********************************************************************************************************************************
 DATASETS  * FILE   NREC   LENGTH (MB)   RECORD NAMES
              1      19     9888.82       500      610      700      900      950      970     1000      129      960     1100   
                                          VAR    BASINP    GEOM    SYMINP    ZMAT    AOBASIS   BASIS     P2S    ABASIS      S 
                                         1400     1410     1200     1210     1080     1600     1650     1300     1700   
                                           T        V       H0       H01     AOSYM     SMH    MOLCAS    ERIS     OPER   

              2       9       33.49       200      700     1000      520     2100     2101     2102     2103     2104   
                                        OPTIONS   GEOM     BASIS   MCVARS     RHF      RHF      RHF      RHF      RHF  

 PROGRAMS   *        TOTAL       INT       MP3        HF       INT       MP3        HF       INT       MP3        HF       INT
 CPU TIMES  *      1059.07      0.11     51.28    160.84      0.12     29.56    149.34      0.12     29.41    149.59      0.11
 REAL TIME  *      2146.65 SEC
 DISK USED  *        26.46 GB      
 **********************************************************************************************************************************


 PROGRAM * RHF-SCF (CLOSED SHELL)       Authors: W. Meyer, H.-J. Werner


 NUMBER OF ELECTRONS:      10+   10-    SPACE SYMMETRY=1    SPIN SYMMETRY: Singlet 
 CONVERGENCE THRESHOLDS:    1.00E-08 (Density)    1.00E-09 (Energy)
 MAX. NUMBER OF ITERATIONS:       60
 INTERPOLATION TYPE:            DIIS
 INTERPOLATION STEPS:              2 (START)      1 (STEP)
 LEVEL SHIFTS:                  0.00 (CLOSED)  0.00 (OPEN) 



 Orbital guess generated from atomic densities. Full valence occupancy:   16

 Molecular orbital dump at record        2105.2

 Initial occupancy:  10

 ITERATION    DDIFF          GRAD             ENERGY        2-EL.EN.            DIPOLE MOMENTS         DIIS   ORB.
    1      0.000D+00      0.000D+00      -116.21415643    157.568118    0.19962   -1.13442   -0.06170    0    start
    2      0.000D+00      0.438D-02      -116.25778866    152.565394    0.05568   -0.66730   -0.03911    1    diag
    3      0.396D-02      0.257D-02      -116.27111484    154.624081    0.08875   -0.78629   -0.04415    2    diag
    4      0.132D-02      0.379D-03      -116.27175934    154.512068    0.08574   -0.77578   -0.04329    3    diag
    5      0.298D-03      0.111D-03      -116.27182535    154.506585    0.08457   -0.77545   -0.04315    4    diag
    6      0.102D-03      0.270D-04      -116.27182907    154.512368    0.08418   -0.77467   -0.04305    5    diag
    7      0.283D-04      0.522D-05      -116.27182929    154.510880    0.08414   -0.77467   -0.04304    6    diag
    8      0.791D-05      0.131D-05      -116.27182931    154.511016    0.08410   -0.77460   -0.04303    7    diag
    9      0.172D-05      0.297D-06      -116.27182931    154.510992    0.08409   -0.77458   -0.04303    8    diag
   10      0.550D-06      0.346D-07      -116.27182931    154.510993    0.08409   -0.77457   -0.04303    9    orth
   11      0.484D-07      0.840D-08      -116.27182931    154.510994    0.08409   -0.77457   -0.04303    9    diag
   12      0.167D-07      0.212D-08      -116.27182931    154.510994    0.08409   -0.77457   -0.04303    9    diag
   13      0.282D-08      0.566D-09      -116.27182931    154.510994    0.08409   -0.77457   -0.04303    0    orth

 Final occupancy:  10

 !RHF STATE 1.1 Energy               -116.271829306614
 Nuclear energy                        35.93228190
 One-electron energy                 -229.45960831
 Two-electron energy                   77.25549710
 Virial quotient                       -1.00104769
 !RHF STATE 1.1 Dipole moment           0.08409044    -0.77457432    -0.04302599
 Dipole moment /Debye                   0.21372259    -1.96864260    -0.10935398

 Orbital energies:

         1.1          2.1          3.1          4.1          5.1          6.1          7.1          8.1          9.1         10.1
    -20.570592   -11.189908    -1.343657    -0.943786    -0.709134    -0.580667    -0.544936    -0.541494    -0.541036    -0.509098

        11.1         12.1
      0.024400     0.038557

 HOMO     10.1    -0.509098 =     -13.8533eV
 LUMO     11.1     0.024400 =       0.6639eV
 LUMO-HOMO         0.533498 =      14.5172eV


 **********************************************************************************************************************************
 DATASETS  * FILE   NREC   LENGTH (MB)   RECORD NAMES
              1      19     9888.82       500      610      700      900      950      970     1000      129      960     1100   
                                          VAR    BASINP    GEOM    SYMINP    ZMAT    AOBASIS   BASIS     P2S    ABASIS      S 
                                         1400     1410     1200     1210     1080     1600     1650     1300     1700   
                                           T        V       H0       H01     AOSYM     SMH    MOLCAS    ERIS     OPER   

              2      10       40.14       200      700     1000      520     2100     2101     2102     2103     2104     2105   
                                        OPTIONS   GEOM     BASIS   MCVARS     RHF      RHF      RHF      RHF      RHF      RHF  

 PROGRAMS   *        TOTAL        HF       INT       MP3        HF       INT       MP3        HF       INT       MP3        HF
 CPU TIMES  *      1219.91    160.85      0.11     51.28    160.84      0.12     29.56    149.34      0.12     29.41    149.59
 REAL TIME  *      2426.74 SEC
 DISK USED  *        26.46 GB      
 **********************************************************************************************************************************
 SETTING ESCF_AC        =      -116.27182931  AU                              


 PROGRAM * MP3 (Closed-shell)     Authors: C. Hampel, H.-J. Werner, 1991, M. Deegan, P.J. Knowles, 1992


 Convergence thresholds:  THRVAR = 1.00D-08  THRDEN = 1.00D-08

 Number of core orbitals:           2 (   2 )
 Number of closed-shell orbitals:   8 (   8 )
 Number of external orbitals:     312 ( 312 )

 Molecular orbitals read from record     2105.2  Type=RHF/CANONICAL (state 1.1)

 Number of N-1 electron functions:               8
 Number of N-2 electron functions:              36
 Number of singly external CSFs:              2496
 Number of doubly external CSFs:           3116256
 Total number of CSFs:                     3118753

 Length of J-op  integral file:               0.00 MB
 Length of K-op  integral file:               7.17 MB

 Integral transformation finished. Total CPU:  17.71 sec, npass=  1  Memory used:   8.54 MW

 Reference energy:                   -116.27182931

                        CORR.ENERGY   TOTAL ENERGY   ENERGY CHANGE
 MP2:                   -0.47149353  -116.74332284    -0.47149353

 SCS-MP2 correlation energy:           -0.47692896   (PS=  1.200000  PT=  0.333333)
 SCS-MP2 total energy:               -116.74875827

 MP3(D):                -0.49179741  -116.76362672    -0.02030388



 RESULTS
 =======

  Reference energy                   -116.271829306613
  MP3 singlet pair energy              -0.346614685617
  MP3 triplet pair energy              -0.145182723578
  MP3 correlation energy               -0.491797409194

 !MP3 total energy                   -116.763626715808

 Timing summary (sec):

 STEP                 CPU(USER)    SYS     CPU(TOT)    WALL
 Transformation         18.06      8.40     26.46     26.84
 CCSD iterations        33.29      8.11     41.40     54.12

 Program statistics:

 Available memory in ccsd:             13999999644
 Min. memory needed in ccsd:               9187353
 Max. memory used in ccsd:                11873417
 Max. memory used in cckext:               8287581 ( 1 integral passes)



 **********************************************************************************************************************************
 DATASETS  * FILE   NREC   LENGTH (MB)   RECORD NAMES
              1      20     9935.41       500      610      700      900      950      970     1000      129      960     1100   
                                          VAR    BASINP    GEOM    SYMINP    ZMAT    AOBASIS   BASIS     P2S    ABASIS      S 
                                         1400     1410     1200     1210     1080     1600     1650     1300     1700     1380   
                                           T        V       H0       H01     AOSYM     SMH    MOLCAS    ERIS     OPER     JKOP   

              2      10       40.14       200      700     1000      520     2100     2101     2102     2103     2104     2105   
                                        OPTIONS   GEOM     BASIS   MCVARS     RHF      RHF      RHF      RHF      RHF      RHF  

 PROGRAMS   *        TOTAL       MP3        HF       INT       MP3        HF       INT       MP3        HF       INT       MP3
 CPU TIMES  *      1271.29     51.38    160.85      0.11     51.28    160.84      0.12     29.56    149.34      0.12     29.41
 REAL TIME  *      2508.01 SEC
 DISK USED  *        26.46 GB      
 **********************************************************************************************************************************
 SETTING EMP3_AC        =      -116.76362672  AU                              
 SETTING EMP3_CORR_AC   =        -0.49179741  AU                              

 Running procedure=SET_DIMERBC

 Dummy atoms: C1  H1  H2  H3  H4


 Recomputing one-electron integrals since nuclear charges changed


 PROGRAM * SEWARD (Integral evaluation for generally contracted gaussian basis sets)     Author: Roland Lindh, 1990

 Geometry written to block  1 of record 700


 Point group  C1  



 ATOMIC COORDINATES

 NR  ATOM    CHARGE       X              Y              Z

   1  C1      0.00   -6.193010455    2.801518980    2.403542658
   2  H1      0.00   -4.656285171    1.699997622    3.119937832
   3  H2      0.00   -5.973046335    4.726205038    2.982932688
   4  H3      0.00   -7.940251230    2.077186956    3.118237078
   5  H4      0.00   -6.176569838    2.685300823    0.384937212
   6  O1      8.00  -12.011477193    0.742095449    6.107594835
   7  H5      1.00  -11.750694988   -0.413472076    4.697292228
   8  H6      1.00  -10.560734447    0.465061599    7.217053042
   9  O2      8.00  -11.361600379   -2.507477595    1.791460366
  10  H7      1.00   -9.723585774   -3.405286476    1.799586188
  11  H8      1.00  -12.627338937   -3.816112936    1.666171524

 Bond lengths in Bohr (Angstrom)

 1-2  2.021904040  1-3  2.022002335  1-4  2.021953343  1-5  2.022015060  6-7  1.841818967
     ( 1.069945541)     ( 1.069997556)     ( 1.069971630)     ( 1.070004290)     ( 0.974648624)

  6- 8  1.847241128   9-10  1.867945037   9-11  1.824915847
       ( 0.977517908)       ( 0.988473945)       ( 0.965703878)

 Bond angles

  2-1-3  109.53398059   2-1-4  109.65604535   2-1-5  108.43490854   3-1-4  109.49436728

  3- 1- 5  109.86987750   4- 1- 5  109.83468330   7- 6- 8  104.74973043  10- 9-11  105.29843553

 NUCLEAR CHARGE:                   20
 NUMBER OF PRIMITIVE AOS:         417
 NUMBER OF SYMMETRY AOS:          374
 NUMBER OF CONTRACTIONS:          322   ( 322A   )
 NUMBER OF CORE ORBITALS:           2   (   2A   )
 NUMBER OF VALENCE ORBITALS:       12   (  12A   )

 MOLECULE CHANGED: INITIALIZING OCCUPATION AND DUMP RECORDS


 NUCLEAR REPULSION ENERGY   36.50580028


 Eigenvalues of metric

         1 0.285E-04 0.681E-04 0.799E-04 0.992E-04 0.179E-03 0.225E-03 0.276E-03 0.327E-03


 Contracted 2-electron integrals neglected if value below      1.0D-19

 OPERATOR DM      FOR CENTER  0  COORDINATES:    0.000000    0.000000    0.000000


 **********************************************************************************************************************************
 DATASETS  * FILE   NREC   LENGTH (MB)   RECORD NAMES
              1      19     9888.82       500      610      700      900      950      970     1000      129      960     1100   
                                          VAR    BASINP    GEOM    SYMINP    ZMAT    AOBASIS   BASIS     P2S    ABASIS      S 
                                         1400     1410     1200     1210     1080     1600     1650     1300     1700   
                                           T        V       H0       H01     AOSYM     SMH    MOLCAS    ERIS     OPER   

              2      10       40.14       200      700     1000      520     2100     2101     2102     2103     2104     2105   
                                        OPTIONS   GEOM     BASIS   MCVARS     RHF      RHF      RHF      RHF      RHF      RHF  

 PROGRAMS   *        TOTAL       INT       MP3        HF       INT       MP3        HF       INT       MP3        HF       INT
 CPU TIMES  *      1271.42      0.12     51.38    160.85      0.11     51.28    160.84      0.12     29.56    149.34      0.12
 REAL TIME  *      2508.63 SEC
 DISK USED  *        26.46 GB      
 **********************************************************************************************************************************


 PROGRAM * RHF-SCF (CLOSED SHELL)       Authors: W. Meyer, H.-J. Werner


 NUMBER OF ELECTRONS:      10+   10-    SPACE SYMMETRY=1    SPIN SYMMETRY: Singlet 
 CONVERGENCE THRESHOLDS:    1.00E-08 (Density)    1.00E-09 (Energy)
 MAX. NUMBER OF ITERATIONS:       60
 INTERPOLATION TYPE:            DIIS
 INTERPOLATION STEPS:              2 (START)      1 (STEP)
 LEVEL SHIFTS:                  0.00 (CLOSED)  0.00 (OPEN) 



 Orbital guess generated from atomic densities. Full valence occupancy:   14

 Molecular orbital dump at record        2106.2

 Initial occupancy:  10

 ITERATION    DDIFF          GRAD             ENERGY        2-EL.EN.            DIPOLE MOMENTS         DIIS   ORB.
    1      0.000D+00      0.000D+00      -152.04997750    191.577552    1.09499   -1.97020   -0.35493    0    start
    2      0.000D+00      0.525D-02      -152.10136800    184.775814    0.61422   -1.27116   -0.39477    1    diag
    3      0.438D-02      0.323D-02      -152.12102843    187.743244    0.73593   -1.42535   -0.36346    2    diag
    4      0.154D-02      0.324D-03      -152.12143378    187.563472    0.72963   -1.41340   -0.35366    3    diag
    5      0.220D-03      0.863D-04      -152.12147308    187.583994    0.72701   -1.40814   -0.35144    4    diag
    6      0.667D-04      0.201D-04      -152.12147583    187.583932    0.72629   -1.40729   -0.35058    5    diag
    7      0.196D-04      0.838D-05      -152.12147608    187.582784    0.72625   -1.40696   -0.35053    6    diag
    8      0.562D-05      0.227D-05      -152.12147611    187.583107    0.72610   -1.40682   -0.35050    7    diag
    9      0.247D-05      0.390D-06      -152.12147611    187.583090    0.72609   -1.40679   -0.35049    8    diag
   10      0.412D-06      0.856D-07      -152.12147611    187.583079    0.72608   -1.40678   -0.35050    9    orth
   11      0.876D-07      0.203D-07      -152.12147611    187.583081    0.72608   -1.40678   -0.35050    9    diag
   12      0.227D-07      0.541D-08      -152.12147611    187.583082    0.72608   -1.40678   -0.35050    9    diag
   13      0.677D-08      0.825D-09      -152.12147611    187.583082    0.72608   -1.40678   -0.35050    0    orth

 Final occupancy:  10

 !RHF STATE 1.1 Energy               -152.121476113369
 Nuclear energy                        36.50580028
 One-electron energy                 -282.41881745
 Two-electron energy                   93.79154105
 Virial quotient                       -1.00209963
 !RHF STATE 1.1 Dipole moment           0.72608166    -1.40677794    -0.35049670
 Dipole moment /Debye                   1.84539462    -3.57543868    -0.89081541

 Orbital energies:

         1.1          2.1          3.1          4.1          5.1          6.1          7.1          8.1          9.1         10.1
    -20.597496   -20.535844    -1.373897    -1.312817    -0.736904    -0.687292    -0.608869    -0.559983    -0.527139    -0.477627

        11.1         12.1
      0.015795     0.032142

 HOMO     10.1    -0.477627 =     -12.9969eV
 LUMO     11.1     0.015795 =       0.4298eV
 LUMO-HOMO         0.493422 =      13.4267eV


 **********************************************************************************************************************************
 DATASETS  * FILE   NREC   LENGTH (MB)   RECORD NAMES
              1      19     9888.82       500      610      700      900      950      970     1000      129      960     1100   
                                          VAR    BASINP    GEOM    SYMINP    ZMAT    AOBASIS   BASIS     P2S    ABASIS      S 
                                         1400     1410     1200     1210     1080     1600     1650     1300     1700   
                                           T        V       H0       H01     AOSYM     SMH    MOLCAS    ERIS     OPER   

              2      11       46.80       200      700     1000      520     2100     2101     2102     2103     2104     2105   
                                        OPTIONS   GEOM     BASIS   MCVARS     RHF      RHF      RHF      RHF      RHF      RHF  
                                         2106   
                                          RHF  

 PROGRAMS   *        TOTAL        HF       INT       MP3        HF       INT       MP3        HF       INT       MP3        HF
 CPU TIMES  *      1432.24    160.82      0.12     51.38    160.85      0.11     51.28    160.84      0.12     29.56    149.34
 REAL TIME  *      2782.56 SEC
 DISK USED  *        26.46 GB      
 **********************************************************************************************************************************
 SETTING ESCF_BC        =      -152.12147611  AU                              


 PROGRAM * MP3 (Closed-shell)     Authors: C. Hampel, H.-J. Werner, 1991, M. Deegan, P.J. Knowles, 1992


 Convergence thresholds:  THRVAR = 1.00D-08  THRDEN = 1.00D-08

 Number of core orbitals:           2 (   2 )
 Number of closed-shell orbitals:   8 (   8 )
 Number of external orbitals:     312 ( 312 )

 Molecular orbitals read from record     2106.2  Type=RHF/CANONICAL (state 1.1)

 Number of N-1 electron functions:               8
 Number of N-2 electron functions:              36
 Number of singly external CSFs:              2496
 Number of doubly external CSFs:           3116256
 Total number of CSFs:                     3118753

 Length of J-op  integral file:               0.00 MB
 Length of K-op  integral file:               7.17 MB

 Integral transformation finished. Total CPU:  17.65 sec, npass=  1  Memory used:   8.54 MW

 Reference energy:                   -152.12147611

                        CORR.ENERGY   TOTAL ENERGY   ENERGY CHANGE
 MP2:                   -0.54277012  -152.66424623    -0.54277012

 SCS-MP2 correlation energy:           -0.53649855   (PS=  1.200000  PT=  0.333333)
 SCS-MP2 total energy:               -152.65797467

 MP3(D):                -0.54726917  -152.66874529    -0.00449905



 RESULTS
 =======

  Reference energy                   -152.121476113368
  MP3 singlet pair energy              -0.366262665104
  MP3 triplet pair energy              -0.181006509524
  MP3 correlation energy               -0.547269174628

 !MP3 total energy                   -152.668745287996

 Timing summary (sec):

 STEP                 CPU(USER)    SYS     CPU(TOT)    WALL
 Transformation         17.99      8.02     26.01     26.09
 CCSD iterations        33.32      8.25     41.57     54.30

 Program statistics:

 Available memory in ccsd:             13999999644
 Min. memory needed in ccsd:               9187353
 Max. memory used in ccsd:                11873417
 Max. memory used in cckext:               8287581 ( 1 integral passes)



 **********************************************************************************************************************************
 DATASETS  * FILE   NREC   LENGTH (MB)   RECORD NAMES
              1      20     9935.41       500      610      700      900      950      970     1000      129      960     1100   
                                          VAR    BASINP    GEOM    SYMINP    ZMAT    AOBASIS   BASIS     P2S    ABASIS      S 
                                         1400     1410     1200     1210     1080     1600     1650     1300     1700     1380   
                                           T        V       H0       H01     AOSYM     SMH    MOLCAS    ERIS     OPER     JKOP   

              2      11       46.80       200      700     1000      520     2100     2101     2102     2103     2104     2105   
                                        OPTIONS   GEOM     BASIS   MCVARS     RHF      RHF      RHF      RHF      RHF      RHF  
                                         2106   
                                          RHF  

 PROGRAMS   *        TOTAL       MP3        HF       INT       MP3        HF       INT       MP3        HF       INT       MP3
 CPU TIMES  *      1483.58     51.33    160.82      0.12     51.38    160.85      0.11     51.28    160.84      0.12     29.56
 REAL TIME  *      2863.83 SEC
 DISK USED  *        26.46 GB      
 **********************************************************************************************************************************
 SETTING EMP3_BC        =      -152.66874529  AU                              
 SETTING EMP3_CORR_BC   =        -0.54726917  AU                              
 SETTING E_INT_ABC      =        -0.00728295  AU                              
 SETTING E_INT_AB       =        -0.00029069  AU                              
 SETTING E_INT_AC       =        -0.00066006  AU                              
 SETTING E_INT_BC       =        -0.00629422  AU                              
 SETTING E_ADD          =        -0.00724497  AU                              
 SETTING E_NONADD_MP3   =    -3.79816462D-05  AU                              
 SETTING E_INT_ABC_CORR =        -0.00362063  AU                              
 SETTING E_INT_AB_CORR  =        -0.00104147  AU                              
 SETTING E_INT_AC_CORR  =        -0.00056580  AU                              
 SETTING E_INT_BC_CORR  =        -0.00207417  AU                              
 SETTING E_INT_ABC_CORR_ADD              =      -0.00368145  AU                              
 SETTING E_INT_ABC_CORR_NONADD           =   6.08166350D-05  AU                              
 SETTING E_INT_ABC_HF   =        -0.00366232  AU                              
 SETTING E_INT_AB_HF    =         0.00075078  AU                              
 SETTING E_INT_AC_HF    =    -9.42526165D-05  AU                              
 SETTING E_INT_BC_HF    =        -0.00422005  AU                              
 SETTING E_INT_ABC_HF_ADD                =      -0.00356352  AU                              
 SETTING E_INT_ABC_HF_NONADD             =  -9.87982812D-05  AU                              

 *** results in millihartree
 E_INT_ABC        =        -0.00728295 AU
 E_INT_AB         =        -0.00029069 AU
 E_INT_AC         =        -0.00066006 AU
 E_INT_BC         =        -0.00629422 AU
 E_ADD            =        -0.00724497 AU
 E_NONADD_MP3     =        -0.00003798 AU
 E_INT_ABC_CORR   =        -0.00362063 AU
 E_INT_AB_CORR    =        -0.00104147 AU
 E_INT_AC_CORR    =        -0.00056580 AU
 E_INT_BC_CORR    =        -0.00207417 AU
 E_INT_ABC_CORR_ADD       =        -0.00368145 AU
 E_INT_ABC_CORR_NONADD    =         0.00006082 AU
 E_INT_ABC_HF     =        -0.00366232 AU
 E_INT_AB_HF      =         0.00075078 AU
 E_INT_AC_HF      =        -0.00009425 AU
 E_INT_BC_HF      =        -0.00422005 AU
 E_INT_ABC_HF_ADD =        -0.00356352 AU
 E_INT_ABC_HF_NONADD      =        -0.00009880 AU

 MP3/aug-cc-pVTZ energy=   -152.668745287996

        MP3             HF-SCF          MP3             HF-SCF          MP3             HF-SCF          MP3             HF-SCF  
   -152.66874529   -152.12147611   -116.76362672   -116.27182931   -116.76357165   -116.27134140    -76.33106838    -76.05844947
 **********************************************************************************************************************************
 Molpro calculation terminated
 Variable memory released
