
 Primary working directories    : /net/scratch/people/plgsirous
 Secondary working directories  : /net/scratch/people/plgsirous
 Wavefunction directory         : /net/people/plgsirous/wfu/
 Main file repository           : /net/scratch/people/plgsirous/

 SHA1      : 
 NAME      : 
 ARCHNAME  : linux/x86_64
 FC        : /net/software/local/intel/impi/2018.1.163/bin64/mpiifort
 BLASLIB   : -L/net/software/local/intel/compilers_and_libraries_2018.1.163/linux/mkl/lib/intel64 -lmkl_scalapack_ilp64 -lmkl_intel_ilp64 -lmkl_intel_thread -lmkl_core -lmkl_blacs_intelmpi_ilp64 -liomp5 -lpthread -lm -ldl
 id        : pl

 Nodes     nprocs
 p2259        1

 Using customized tuning parameters: mindgm=7; mindgv=20; mindgc=1; mindgr=1; noblas=0; minvec=7
 default implementation of scratch files=df  

 ***,MP2SD(T)
 memory,14000,m
 gthresh,orbital=1d-8,energy=1d-8,twoint=1.d-19
 angstrom
 geometry={
 C1        -3.2772    1.4825     1.2719
 H1        -2.4640    0.8996     1.6510
 H2        -3.1608    2.5010     1.5785
 H3        -4.2018    1.0992     1.6501
 H4        -3.2685    1.4210     0.2037
 O1        -2.9219    2.4814     4.9062
 H5        -2.0274    2.4920     4.5145
 H6        -3.4188    3.1905     4.4460
 O2        0.0000    0.0000     0.0000
 H7        0.0000    0.0000     0.9749
 H8        0.0000    0.9423     -0.2612
   }
 
 nkerna=1
 nkernb=1
 nkernc=1
 nkernab=$nkerna+$nkernb
 nkernac=$nkerna+$nkernc
 nkernbc=$nkernb+$nkernc
 nkernabc=$nkerna+$nkernb+$nkernc
 
 proc set_monomera
 core,$nkerna
 dummy,6,7,8,9,10,11;
 endproc
 
 proc set_monomerb
 core,$nkernb
 dummy,1,2,3,4,5,9,10,11;
 endproc
 
 proc set_monomerc
 core,$nkernc
 dummy,1,2,3,4,5,6,7,8;
 endproc
 
 proc set_dimerab
 core,$nkerna+$nkernb
 dummy,9,10,11;
 endproc
 
 proc set_dimerac
 core,$nkerna+$nkernc
 dummy,6,7,8;
 endproc
 
 proc set_dimerbc
 core,$nkernb+$nkernc
 dummy,1,2,3,4,5;
 endproc
 
 proc set_trimerabc
 core,$nkerna+$nkernb+$nkernc
 endproc
 
 basis=avqz
 
 set_trimerabc
 hf
 Escf_ABC=energy
 mp2
 Emp2_ABC=energy
 Emp2_corr_ABC=(Emp2_ABC)-(Escf_ABC)
 
 set_monomera
 {hf
 start,atden}
 Escf_A=energy
 mp2
 Emp2_A=energy
 Emp2_corr_A=(Emp2_A)-(Escf_A)
 
 set_monomerb
 {hf
 start,atden}
 Escf_B=energy
 mp2
 Emp2_B=energy
 Emp2_corr_B=(Emp2_B)-(Escf_B)
 
 set_monomerc
 {hf
 start,atden}
 Escf_C=energy
 mp2
 Emp2_C=energy
 Emp2_corr_C=(Emp2_C)-(Escf_C)
 
 set_dimerab
 {hf
 start,atden}
 Escf_AB=energy
 mp2
 Emp2_AB=energy
 Emp2_corr_AB=(Emp2_AB)-(Escf_AB)
 
 set_dimerac
 {hf
 start,atden}
 Escf_AC=energy
 mp2
 Emp2_AC=energy
 Emp2_corr_AC=(Emp2_AC)-(Escf_AC)
 
 set_dimerbc
 {hf
 start,atden}
 Escf_BC=energy
 mp2
 Emp2_BC=energy
 Emp2_corr_BC=(Emp2_BC)-(Escf_BC)
 
 E_int_ABC=Emp2_ABC-(Emp2_A+Emp2_B+Emp2_C)
 E_int_AB=Emp2_AB-(Emp2_A+Emp2_B)
 E_int_AC=Emp2_AC-(Emp2_A+Emp2_C)
 E_int_BC=Emp2_BC-(Emp2_B+Emp2_C)
 E_add=E_int_AB+E_int_AC+E_int_BC
 E_nonadd_MP2=E_int_ABC-(E_int_AB+E_int_AC+E_int_BC)
                                                                                 !!!!!Correlation part of interaction energy!!!!!!
 E_int_ABC_corr=Emp2_corr_ABC-(Emp2_corr_A+Emp2_corr_B+Emp2_corr_C)
 E_int_AB_corr=Emp2_corr_AB-(Emp2_corr_A+Emp2_corr_B)
 E_int_AC_corr=Emp2_corr_AC-(Emp2_corr_A+Emp2_corr_C)
 E_int_BC_corr=Emp2_corr_BC-(Emp2_corr_B+Emp2_corr_C)
 E_int_ABC_corr_add=E_int_AB_corr+E_int_AC_corr+E_int_BC_corr
 E_int_ABC_corr_nonadd=E_int_ABC_corr-E_int_ABC_corr_add
                                                                                 !!!!HF part of interaction energy!!!!
 E_int_ABC_HF=E_int_ABC-E_int_ABC_corr
 E_int_AB_HF=E_int_AB-E_int_AB_corr
 E_int_AC_HF=E_int_AC-E_int_AC_corr
 E_int_BC_HF=E_int_BC-E_int_BC_corr
 E_int_ABC_HF_add=E_int_AB_HF+E_int_AC_HF+E_int_BC_HF
 E_int_ABC_HF_nonadd=E_int_ABC_HF-E_int_ABC_HF_add
 
 text,results in millihartree
                                                                                 !!!!Interacion Energies!!!!!!
 show,E_int_ABC,E_int_AB,E_int_AC,E_int_BC,E_add,E_nonadd_MP2
                                                                                 !!!!Correlation Part!!!!!!!!
 show,E_int_ABC_corr,E_int_AB_corr,E_int_AC_corr,E_int_BC_corr,E_int_ABC_corr_add,E_int_ABC_corr_nonadd
                                                                                 !!!!SCF Part!!!!!
 show,E_int_ABC_HF,E_int_AB_HF,E_int_AC_HF,E_int_BC_HF,E_int_ABC_HF_add,E_int_ABC_HF_nonadd

 Variables initialized (889), CPU time= 0.00 sec
 Commands  initialized (702), CPU time= 0.01 sec, 572 directives.
 Default parameters read. Elapsed time= 0.25 sec

 Checking input...
 Passed
1


                                         ***  PROGRAM SYSTEM MOLPRO  ***
                                       Copyright, TTI GmbH Stuttgart, 2015
                                    Version 2015.1 linked Jul  2 2018 15:03:07


 **********************************************************************************************************************************
 LABEL *   MP2SD(T)                                                                      
  64 bit serial version                                                                  DATE: 26-Nov-18          TIME: 03:21:46  
 **********************************************************************************************************************************

 SHA1:             
 **********************************************************************************************************************************

 THRESHOLDS:

 ZERO    =  1.00D-12  ONEINT  =  1.00D-12  TWOINT  =  1.00D-19  PREFAC  =  1.00D-14  LOCALI  =  1.00D-09  EORDER  =  1.00D-04
 ENERGY  =  1.00D-08  ETEST   =  0.00D+00  EDENS   =  0.00D+00  THRDEDEF=  1.00D-06  GRADIENT=  1.00D-02  STEP    =  1.00D-03
 ORBITAL =  1.00D-08  CIVEC   =  1.00D-05  COEFF   =  1.00D-04  PRINTCI =  5.00D-02  PUNCHCI =  9.90D+01  OPTGRAD =  3.00D-04
 OPTENERG=  1.00D-06  OPTSTEP =  3.00D-04  THRGRAD =  1.00D-10  COMPRESS=  1.00D-11  VARMIN  =  1.00D-07  VARMAX  =  1.00D-03
 THRDOUB =  0.00D+00  THRDIV  =  1.00D-05  THRRED  =  1.00D-07  THRPSP  =  1.00D+00  THRDC   =  1.00D-10  THRCS   =  1.00D-10
 THRNRM  =  1.00D-08  THREQ   =  0.00D+00  THRDE   =  1.00D+00  THRREF  =  1.00D-05  SPARFAC =  1.00D+00  THRDLP  =  1.00D-07
 THRDIA  =  1.00D-10  THRDLS  =  1.00D-07  THRGPS  =  0.00D+00  THRKEX  =  0.00D+00  THRDIS  =  2.00D-01  THRVAR  =  1.00D-10
 THRLOC  =  1.00D-06  THRGAP  =  1.00D-06  THRLOCT = -1.00D+00  THRGAPT = -1.00D+00  THRORB  =  1.00D-06  THRMLTP =  0.00D+00
 THRCPQCI=  1.00D-10  KEXTA   =  0.00D+00  THRCOARS=  0.00D+00  SYMTOL  =  1.00D-06  GRADTOL =  1.00D-06  THROVL  =  1.00D-08
 THRORTH =  1.00D-08  GRID    =  1.00D-06  GRIDMAX =  1.00D-03  DTMAX   =  0.00D+00  THROCCDE=  1.00D-01  THROCCDE=  1.00D-01


 ZUNIT=ANG
 

Geometry recognized as XYZ

 SETTING NKERNA         =         1.00000000                                  
 SETTING NKERNB         =         1.00000000                                  
 SETTING NKERNC         =         1.00000000                                  
 SETTING NKERNAB        =         2.00000000                                  
 SETTING NKERNAC        =         2.00000000                                  
 SETTING NKERNBC        =         2.00000000                                  
 SETTING NKERNABC       =         3.00000000                                  

 Variable memory set to ********** words,  buffer space   230000 words

 SETTING BASIS          =    AVQZ

 Running procedure=SET_TRIMERABC


 Recomputing integrals since basis changed


 Using spherical harmonics

 Library entry C      S aug-cc-pVQZ          selected for orbital group  1
 Library entry C      P aug-cc-pVQZ          selected for orbital group  1
 Library entry C      D aug-cc-pVQZ          selected for orbital group  1
 Library entry C      F aug-cc-pVQZ          selected for orbital group  1
 Library entry C      G aug-cc-pVQZ          selected for orbital group  1
 Library entry H      S aug-cc-pVQZ          selected for orbital group  2
 Library entry H      P aug-cc-pVQZ          selected for orbital group  2
 Library entry H      D aug-cc-pVQZ          selected for orbital group  2
 Library entry H      F aug-cc-pVQZ          selected for orbital group  2
 Library entry O      S aug-cc-pVQZ          selected for orbital group  3
 Library entry O      P aug-cc-pVQZ          selected for orbital group  3
 Library entry O      D aug-cc-pVQZ          selected for orbital group  3
 Library entry O      F aug-cc-pVQZ          selected for orbital group  3
 Library entry O      G aug-cc-pVQZ          selected for orbital group  3


 PROGRAM * SEWARD (Integral evaluation for generally contracted gaussian basis sets)     Author: Roland Lindh, 1990

 Geometry written to block  1 of record 700


 Point group  C1  



 ATOMIC COORDINATES

 NR  ATOM    CHARGE       X              Y              Z

   1  C1      6.00   -6.193010455    2.801518980    2.403542658
   2  H1      1.00   -4.656285171    1.699997622    3.119937832
   3  H2      1.00   -5.973046335    4.726205038    2.982932688
   4  H3      1.00   -7.940251230    2.077186956    3.118237078
   5  H4      1.00   -6.176569838    2.685300823    0.384937212
   6  O1      8.00   -5.521590763    4.689166405    9.271374312
   7  H5      1.00   -3.831230745    4.709197502    8.531168589
   8  H6      1.00   -6.460595675    6.029171200    8.401722350
   9  O2      8.00    0.000000000    0.000000000    0.000000000
  10  H7      1.00    0.000000000    0.000000000    1.842293999
  11  H8      1.00    0.000000000    1.780688927   -0.493596464

 Bond lengths in Bohr (Angstrom)

 1-2  2.021904040  1-3  2.022002335  1-4  2.021953343  1-5  2.022015060  6-7  1.845432944
     ( 1.069945541)     ( 1.069997556)     ( 1.069971630)     ( 1.070004290)     ( 0.976561058)

  6- 8  1.853007720   9-10  1.842293999   9-11  1.847834009
       ( 0.980569457)       ( 0.974900000)       ( 0.977831647)

 Bond angles

  2-1-3  109.53398059   2-1-4  109.65604535   2-1-5  108.43490854   3-1-4  109.49436728

  3- 1- 5  109.86987750   4- 1- 5  109.83468330   7- 6- 8  105.54946434  10- 9-11  105.49305961

 NUCLEAR CHARGE:                   30
 NUMBER OF PRIMITIVE AOS:         810
 NUMBER OF SYMMETRY AOS:          663
 NUMBER OF CONTRACTIONS:          608   ( 608A   )
 NUMBER OF CORE ORBITALS:           3   (   3A   )
 NUMBER OF VALENCE ORBITALS:       20   (  20A   )


 NUCLEAR REPULSION ENERGY   68.47020400


 Eigenvalues of metric

         1 0.129E-04 0.182E-04 0.249E-04 0.277E-04 0.607E-04 0.629E-04 0.675E-04 0.788E-04


 Contracted 2-electron integrals neglected if value below      1.0D-19
 AO integral compression algorithm  1   Integral accuracy      1.0D-19

     100634.984 MB (compressed) written to integral file ( 68.1%)


 NUMBER OF SORTED TWO-ELECTRON INTEGRALS:17137761816.     BUFFER LENGTH:  32768
 NUMBER OF SEGMENTS: 179  SEGMENT LENGTH:   95999835      RECORD LENGTH: 524288

 Memory used in sort:      96.56 MW

 SORT1 READ 18467622538. AND WROTE 13822019820. INTEGRALS IN  39631 RECORDS. CPU TIME:   167.95 SEC, REAL TIME:   650.53 SEC
 SORT2 READ 13822019820. AND WROTE 17137761816. INTEGRALS IN 383892 RECORDS. CPU TIME:   190.45 SEC, REAL TIME:  2934.06 SEC

 FILE SIZES:   FILE 1:100668.5 MBYTE,  FILE 4:166224.5 MBYTE,   TOTAL: 266893.0 MBYTE

 OPERATOR DM      FOR CENTER  0  COORDINATES:    0.000000    0.000000    0.000000


 **********************************************************************************************************************************
 DATASETS  * FILE   NREC   LENGTH (MB)   RECORD NAMES
              1      19    93536.43       500      610      700      900      950      970     1000      129      960     1100   
                                          VAR    BASINP    GEOM    SYMINP    ZMAT    AOBASIS   BASIS     P2S    ABASIS      S 
                                         1400     1410     1200     1210     1080     1600     1650     1300     1700   
                                           T        V       H0       H01     AOSYM     SMH    MOLCAS    ERIS     OPER   

 PROGRAMS   *        TOTAL       INT
 CPU TIMES  *      1021.10   1020.96
 REAL TIME  *      4554.01 SEC
 DISK USED  *       266.90 GB      
 **********************************************************************************************************************************


 PROGRAM * RHF-SCF (CLOSED SHELL)       Authors: W. Meyer, H.-J. Werner


 NUMBER OF ELECTRONS:      15+   15-    SPACE SYMMETRY=1    SPIN SYMMETRY: Singlet 
 CONVERGENCE THRESHOLDS:    1.00E-08 (Density)    1.00E-09 (Energy)
 MAX. NUMBER OF ITERATIONS:       60
 INTERPOLATION TYPE:            DIIS
 INTERPOLATION STEPS:              2 (START)      1 (STEP)
 LEVEL SHIFTS:                  0.00 (CLOSED)  0.00 (OPEN) 



 Orbital guess generated from atomic densities. Full valence occupancy:   23

 Molecular orbital dump at record        2100.2

 Initial occupancy:  15

 ITERATION    DDIFF          GRAD             ENERGY        2-EL.EN.            DIPOLE MOMENTS         DIIS   ORB.
    1      0.000D+00      0.000D+00      -192.24466287    281.446451    0.38792    1.60704   -0.13820    0    start
    2      0.000D+00      0.349D-02      -192.31600201    273.146951    0.16264    0.86622   -0.10278    1    diag
    3      0.254D-02      0.212D-02      -192.34117796    276.741572    0.22210    1.05353   -0.11162    2    diag
    4      0.914D-03      0.269D-03      -192.34205367    276.538163    0.22136    1.04334   -0.10959    3    diag
    5      0.166D-03      0.774D-04      -192.34214706    276.545787    0.22022    1.04127   -0.10965    4    diag
    6      0.649D-04      0.192D-04      -192.34215260    276.552498    0.21995    1.04036   -0.10941    5    diag
    7      0.176D-04      0.451D-05      -192.34215300    276.549725    0.21993    1.04033   -0.10940    6    diag
    8      0.547D-05      0.114D-05      -192.34215304    276.550039    0.21988    1.04023   -0.10936    7    diag
    9      0.140D-05      0.292D-06      -192.34215304    276.550016    0.21988    1.04020   -0.10937    8    diag
   10      0.327D-06      0.134D-06      -192.34215304    276.550003    0.21988    1.04020   -0.10936    9    orth
   11      0.110D-06      0.180D-07      -192.34215304    276.550005    0.21987    1.04020   -0.10936    9    diag
   12      0.199D-07      0.489D-08      -192.34215304    276.550006    0.21987    1.04020   -0.10936    9    diag
   13      0.551D-08      0.111D-08      -192.34215304    276.550006    0.21987    1.04020   -0.10936    0    orth

 Final occupancy:  15

 !RHF STATE 1.1 Energy               -192.342153038759
 Nuclear energy                        68.47020400
 One-electron energy                 -399.08735990
 Two-electron energy                  138.27500286
 Virial quotient                       -1.00116595
 !RHF STATE 1.1 Dipole moment           0.21987486     1.04019620    -0.10936255
 Dipole moment /Debye                   0.55882954     2.64374186    -0.27795367

 Orbital energies:

         1.1          2.1          3.1          4.1          5.1          6.1          7.1          8.1          9.1         10.1
    -20.570890   -20.569736   -11.202742    -1.344913    -1.344529    -0.957148    -0.711659    -0.711347    -0.582486    -0.582261

        11.1         12.1         13.1         14.1         15.1         16.1         17.1
     -0.558949    -0.556520    -0.554252    -0.511099    -0.510148     0.017231     0.033918

 HOMO     15.1    -0.510148 =     -13.8818eV
 LUMO     16.1     0.017231 =       0.4689eV
 LUMO-HOMO         0.527378 =      14.3507eV


 **********************************************************************************************************************************
 DATASETS  * FILE   NREC   LENGTH (MB)   RECORD NAMES
              1      19    93536.43       500      610      700      900      950      970     1000      129      960     1100   
                                          VAR    BASINP    GEOM    SYMINP    ZMAT    AOBASIS   BASIS     P2S    ABASIS      S 
                                         1400     1410     1200     1210     1080     1600     1650     1300     1700   
                                           T        V       H0       H01     AOSYM     SMH    MOLCAS    ERIS     OPER   

              2       5       12.24       200      700     1000      520     2100   
                                        OPTIONS   GEOM     BASIS   MCVARS     RHF  

 PROGRAMS   *        TOTAL        HF       INT
 CPU TIMES  *      3151.87   2130.77   1020.96
 REAL TIME  *      7994.88 SEC
 DISK USED  *       266.90 GB      
 **********************************************************************************************************************************
 SETTING ESCF_ABC       =      -192.34215304  AU                              


 PROGRAM * MP2 (Closed-shell)     Authors: C. Hampel, H.-J. Werner, 1991, M. Deegan, P.J. Knowles, 1992


 Convergence thresholds:  THRVAR = 1.00D-08  THRDEN = 1.00D-08

 Number of core orbitals:           3 (   3 )
 Number of closed-shell orbitals:  12 (  12 )
 Number of external orbitals:     593 ( 593 )

 Molecular orbitals read from record     2100.2  Type=RHF/CANONICAL (state 1.1)

 Number of N-1 electron functions:              12
 Number of N-2 electron functions:              78
 Number of singly external CSFs:              7116
 Number of doubly external CSFs:          25322286
 Total number of CSFs:                    25329403

 Length of J-op  integral file:               0.00 MB
 Length of K-op  integral file:              25.46 MB

 Integral transformation finished. Total CPU: 348.93 sec, npass=  1  Memory used:  55.97 MW

 Memory needed for MP2:                      1.83 MW

 SCS-MP2 correlation energy:           -0.794482738293   (PS=  1.200000  PT=  0.333333)
 SCS-MP2 total energy:               -193.136635777054


  Reference energy                   -192.342153038761
  MP2 singlet pair energy              -0.527120880088
  MP2 triplet pair energy              -0.260256989228
  MP2 correlation energy               -0.787377869317

 !MP2 total energy                   -193.129530908078


 **********************************************************************************************************************************
 DATASETS  * FILE   NREC   LENGTH (MB)   RECORD NAMES
              1      20    93888.93       500      610      700      900      950      970     1000      129      960     1100   
                                          VAR    BASINP    GEOM    SYMINP    ZMAT    AOBASIS   BASIS     P2S    ABASIS      S 
                                         1400     1410     1200     1210     1080     1600     1650     1300     1700     1380   
                                           T        V       H0       H01     AOSYM     SMH    MOLCAS    ERIS     OPER     JKOP   

              2       5       12.24       200      700     1000      520     2100   
                                        OPTIONS   GEOM     BASIS   MCVARS     RHF  

 PROGRAMS   *        TOTAL       MP2        HF       INT
 CPU TIMES  *      3505.66    353.79   2130.77   1020.96
 REAL TIME  *      8439.85 SEC
 DISK USED  *       266.90 GB      
 **********************************************************************************************************************************
 SETTING EMP2_ABC       =      -193.12953091  AU                              
 SETTING EMP2_CORR_ABC  =        -0.78737787  AU                              

 Running procedure=SET_MONOMERA

 Dummy atoms: O1  H5  H6  O2  H7  H8


 Recomputing one-electron integrals since nuclear charges changed


 PROGRAM * SEWARD (Integral evaluation for generally contracted gaussian basis sets)     Author: Roland Lindh, 1990

 Geometry written to block  1 of record 700


 Point group  C1  



 ATOMIC COORDINATES

 NR  ATOM    CHARGE       X              Y              Z

   1  C1      6.00   -6.193010455    2.801518980    2.403542658
   2  H1      1.00   -4.656285171    1.699997622    3.119937832
   3  H2      1.00   -5.973046335    4.726205038    2.982932688
   4  H3      1.00   -7.940251230    2.077186956    3.118237078
   5  H4      1.00   -6.176569838    2.685300823    0.384937212
   6  O1      0.00   -5.521590763    4.689166405    9.271374312
   7  H5      0.00   -3.831230745    4.709197502    8.531168589
   8  H6      0.00   -6.460595675    6.029171200    8.401722350
   9  O2      0.00    0.000000000    0.000000000    0.000000000
  10  H7      0.00    0.000000000    0.000000000    1.842293999
  11  H8      0.00    0.000000000    1.780688927   -0.493596464

 Bond lengths in Bohr (Angstrom)

 1-2  2.021904040  1-3  2.022002335  1-4  2.021953343  1-5  2.022015060  6-7  1.845432944
     ( 1.069945541)     ( 1.069997556)     ( 1.069971630)     ( 1.070004290)     ( 0.976561058)

  6- 8  1.853007720   9-10  1.842293999   9-11  1.847834009
       ( 0.980569457)       ( 0.974900000)       ( 0.977831647)

 Bond angles

  2-1-3  109.53398059   2-1-4  109.65604535   2-1-5  108.43490854   3-1-4  109.49436728

  3- 1- 5  109.86987750   4- 1- 5  109.83468330   7- 6- 8  105.54946434  10- 9-11  105.49305961

 NUCLEAR CHARGE:                   10
 NUMBER OF PRIMITIVE AOS:         810
 NUMBER OF SYMMETRY AOS:          663
 NUMBER OF CONTRACTIONS:          608   ( 608A   )
 NUMBER OF CORE ORBITALS:           1   (   1A   )
 NUMBER OF VALENCE ORBITALS:        8   (   8A   )

 MOLECULE CHANGED: INITIALIZING OCCUPATION AND DUMP RECORDS


 NUCLEAR REPULSION ENERGY   13.68681606


 Eigenvalues of metric

         1 0.129E-04 0.182E-04 0.249E-04 0.277E-04 0.607E-04 0.629E-04 0.675E-04 0.788E-04


 Contracted 2-electron integrals neglected if value below      1.0D-19

 OPERATOR DM      FOR CENTER  0  COORDINATES:    0.000000    0.000000    0.000000


 **********************************************************************************************************************************
 DATASETS  * FILE   NREC   LENGTH (MB)   RECORD NAMES
              1      19    93536.43       500      610      700      900      950      970     1000      129      960     1100   
                                          VAR    BASINP    GEOM    SYMINP    ZMAT    AOBASIS   BASIS     P2S    ABASIS      S 
                                         1400     1410     1200     1210     1080     1600     1650     1300     1700   
                                           T        V       H0       H01     AOSYM     SMH    MOLCAS    ERIS     OPER   

              2       5       12.24       200      700     1000      520     2100   
                                        OPTIONS   GEOM     BASIS   MCVARS     RHF  

 PROGRAMS   *        TOTAL       INT       MP2        HF       INT
 CPU TIMES  *      3506.05      0.39    353.79   2130.77   1020.96
 REAL TIME  *      8440.59 SEC
 DISK USED  *       266.90 GB      
 **********************************************************************************************************************************


 PROGRAM * RHF-SCF (CLOSED SHELL)       Authors: W. Meyer, H.-J. Werner


 NUMBER OF ELECTRONS:       5+    5-    SPACE SYMMETRY=1    SPIN SYMMETRY: Singlet 
 CONVERGENCE THRESHOLDS:    1.00E-08 (Density)    1.00E-09 (Energy)
 MAX. NUMBER OF ITERATIONS:       60
 INTERPOLATION TYPE:            DIIS
 INTERPOLATION STEPS:              2 (START)      1 (STEP)
 LEVEL SHIFTS:                  0.00 (CLOSED)  0.00 (OPEN) 



 Orbital guess generated from atomic densities. Full valence occupancy:    9

 Molecular orbital dump at record        2101.2

 Initial occupancy:   5

 ITERATION    DDIFF          GRAD             ENERGY        2-EL.EN.            DIPOLE MOMENTS         DIIS   ORB.
    1      0.000D+00      0.000D+00       -40.19609899     53.506317    0.00411   -0.00276   -0.00131    0    start
    2      0.000D+00      0.217D-02       -40.21335352     52.217639    0.00128   -0.00088   -0.00039    1    diag
    3      0.114D-02      0.844D-03       -40.21562952     52.672100    0.00182   -0.00124   -0.00056    2    diag
    4      0.321D-03      0.211D-03       -40.21594900     52.617288    0.00162   -0.00111   -0.00049    3    diag
    5      0.119D-03      0.273D-04       -40.21595449     52.619436    0.00159   -0.00109   -0.00048    4    diag
    6      0.299D-04      0.223D-05       -40.21595453     52.619573    0.00159   -0.00109   -0.00048    5    diag
    7      0.412D-05      0.179D-06       -40.21595453     52.619534    0.00159   -0.00109   -0.00048    6    diag
    8      0.155D-06      0.144D-07       -40.21595453     52.619535    0.00159   -0.00109   -0.00048    7    diag
    9      0.590D-07      0.184D-08       -40.21595453     52.619535    0.00159   -0.00109   -0.00048    8    diag
   10      0.595D-08      0.503D-09       -40.21595453     52.619535    0.00159   -0.00109   -0.00048    0    orth

 Final occupancy:   5

 !RHF STATE 1.1 Energy                -40.215954531682
 Nuclear energy                        13.68681606
 One-electron energy                  -80.21253786
 Two-electron energy                   26.30976727
 Virial quotient                       -0.99838115
 !RHF STATE 1.1 Dipole moment           0.00158606    -0.00108576    -0.00048049
 Dipole moment /Debye                   0.00403111    -0.00275955    -0.00122120

 Orbital energies:

         1.1          2.1          3.1          4.1          5.1          6.1          7.1
    -11.196223    -0.950660    -0.551889    -0.549954    -0.547776     0.022906     0.034258

 HOMO      5.1    -0.547776 =     -14.9057eV
 LUMO      6.1     0.022906 =       0.6233eV
 LUMO-HOMO         0.570682 =      15.5290eV


 **********************************************************************************************************************************
 DATASETS  * FILE   NREC   LENGTH (MB)   RECORD NAMES
              1      19    93536.43       500      610      700      900      950      970     1000      129      960     1100   
                                          VAR    BASINP    GEOM    SYMINP    ZMAT    AOBASIS   BASIS     P2S    ABASIS      S 
                                         1400     1410     1200     1210     1080     1600     1650     1300     1700   
                                           T        V       H0       H01     AOSYM     SMH    MOLCAS    ERIS     OPER   

              2       6       29.55       200      700     1000      520     2100     2101   
                                        OPTIONS   GEOM     BASIS   MCVARS     RHF      RHF  

 PROGRAMS   *        TOTAL        HF       INT       MP2        HF       INT
 CPU TIMES  *      5178.80   1672.75      0.39    353.79   2130.77   1020.96
 REAL TIME  *     11022.66 SEC
 DISK USED  *       266.90 GB      
 **********************************************************************************************************************************
 SETTING ESCF_A         =       -40.21595453  AU                              


 PROGRAM * MP2 (Closed-shell)     Authors: C. Hampel, H.-J. Werner, 1991, M. Deegan, P.J. Knowles, 1992


 Convergence thresholds:  THRVAR = 1.00D-08  THRDEN = 1.00D-08

 Number of core orbitals:           1 (   1 )
 Number of closed-shell orbitals:   4 (   4 )
 Number of external orbitals:     603 ( 603 )

 Molecular orbitals read from record     2101.2  Type=RHF/CANONICAL (state 1.1)

 Number of N-1 electron functions:               4
 Number of N-2 electron functions:              10
 Number of singly external CSFs:              2412
 Number of doubly external CSFs:           2910078
 Total number of CSFs:                     2912491

 Length of J-op  integral file:               0.00 MB
 Length of K-op  integral file:              25.46 MB

 Integral transformation finished. Total CPU: 173.66 sec, npass=  1  Memory used:  13.76 MW

 Memory needed for MP2:                      1.84 MW

 SCS-MP2 correlation energy:           -0.220471111809   (PS=  1.200000  PT=  0.333333)
 SCS-MP2 total energy:                -40.436425643490


  Reference energy                    -40.215954531682
  MP2 singlet pair energy              -0.154447575086
  MP2 triplet pair energy              -0.056465392026
  MP2 correlation energy               -0.210912967112

 !MP2 total energy                    -40.426867498794


 **********************************************************************************************************************************
 DATASETS  * FILE   NREC   LENGTH (MB)   RECORD NAMES
              1      20    93586.79       500      610      700      900      950      970     1000      129      960     1100   
                                          VAR    BASINP    GEOM    SYMINP    ZMAT    AOBASIS   BASIS     P2S    ABASIS      S 
                                         1400     1410     1200     1210     1080     1600     1650     1300     1700     1380   
                                           T        V       H0       H01     AOSYM     SMH    MOLCAS    ERIS     OPER     JKOP   

              2       6       29.55       200      700     1000      520     2100     2101   
                                        OPTIONS   GEOM     BASIS   MCVARS     RHF      RHF  

 PROGRAMS   *        TOTAL       MP2        HF       INT       MP2        HF       INT
 CPU TIMES  *      5353.22    174.42   1672.75      0.39    353.79   2130.77   1020.96
 REAL TIME  *     11302.09 SEC
 DISK USED  *       266.90 GB      
 **********************************************************************************************************************************
 SETTING EMP2_A         =       -40.42686750  AU                              
 SETTING EMP2_CORR_A    =        -0.21091297  AU                              

 Running procedure=SET_MONOMERB

 Dummy atoms: C1  H1  H2  H3  H4  O2  H7  H8


 Recomputing one-electron integrals since nuclear charges changed


 PROGRAM * SEWARD (Integral evaluation for generally contracted gaussian basis sets)     Author: Roland Lindh, 1990

 Geometry written to block  1 of record 700


 Point group  C1  



 ATOMIC COORDINATES

 NR  ATOM    CHARGE       X              Y              Z

   1  C1      0.00   -6.193010455    2.801518980    2.403542658
   2  H1      0.00   -4.656285171    1.699997622    3.119937832
   3  H2      0.00   -5.973046335    4.726205038    2.982932688
   4  H3      0.00   -7.940251230    2.077186956    3.118237078
   5  H4      0.00   -6.176569838    2.685300823    0.384937212
   6  O1      8.00   -5.521590763    4.689166405    9.271374312
   7  H5      1.00   -3.831230745    4.709197502    8.531168589
   8  H6      1.00   -6.460595675    6.029171200    8.401722350
   9  O2      0.00    0.000000000    0.000000000    0.000000000
  10  H7      0.00    0.000000000    0.000000000    1.842293999
  11  H8      0.00    0.000000000    1.780688927   -0.493596464

 Bond lengths in Bohr (Angstrom)

 1-2  2.021904040  1-3  2.022002335  1-4  2.021953343  1-5  2.022015060  6-7  1.845432944
     ( 1.069945541)     ( 1.069997556)     ( 1.069971630)     ( 1.070004290)     ( 0.976561058)

  6- 8  1.853007720   9-10  1.842293999   9-11  1.847834009
       ( 0.980569457)       ( 0.974900000)       ( 0.977831647)

 Bond angles

  2-1-3  109.53398059   2-1-4  109.65604535   2-1-5  108.43490854   3-1-4  109.49436728

  3- 1- 5  109.86987750   4- 1- 5  109.83468330   7- 6- 8  105.54946434  10- 9-11  105.49305961

 NUCLEAR CHARGE:                   10
 NUMBER OF PRIMITIVE AOS:         810
 NUMBER OF SYMMETRY AOS:          663
 NUMBER OF CONTRACTIONS:          608   ( 608A   )
 NUMBER OF CORE ORBITALS:           1   (   1A   )
 NUMBER OF VALENCE ORBITALS:        6   (   6A   )

 MOLECULE CHANGED: INITIALIZING OCCUPATION AND DUMP RECORDS


 NUCLEAR REPULSION ENERGY    8.99189736


 Eigenvalues of metric

         1 0.129E-04 0.182E-04 0.249E-04 0.277E-04 0.607E-04 0.629E-04 0.675E-04 0.788E-04


 Contracted 2-electron integrals neglected if value below      1.0D-19

 OPERATOR DM      FOR CENTER  0  COORDINATES:    0.000000    0.000000    0.000000


 **********************************************************************************************************************************
 DATASETS  * FILE   NREC   LENGTH (MB)   RECORD NAMES
              1      19    93536.43       500      610      700      900      950      970     1000      129      960     1100   
                                          VAR    BASINP    GEOM    SYMINP    ZMAT    AOBASIS   BASIS     P2S    ABASIS      S 
                                         1400     1410     1200     1210     1080     1600     1650     1300     1700   
                                           T        V       H0       H01     AOSYM     SMH    MOLCAS    ERIS     OPER   

              2       6       29.55       200      700     1000      520     2100     2101   
                                        OPTIONS   GEOM     BASIS   MCVARS     RHF      RHF  

 PROGRAMS   *        TOTAL       INT       MP2        HF       INT       MP2        HF       INT
 CPU TIMES  *      5353.61      0.38    174.42   1672.75      0.39    353.79   2130.77   1020.96
 REAL TIME  *     11302.74 SEC
 DISK USED  *       266.90 GB      
 **********************************************************************************************************************************


 PROGRAM * RHF-SCF (CLOSED SHELL)       Authors: W. Meyer, H.-J. Werner


 NUMBER OF ELECTRONS:       5+    5-    SPACE SYMMETRY=1    SPIN SYMMETRY: Singlet 
 CONVERGENCE THRESHOLDS:    1.00E-08 (Density)    1.00E-09 (Energy)
 MAX. NUMBER OF ITERATIONS:       60
 INTERPOLATION TYPE:            DIIS
 INTERPOLATION STEPS:              2 (START)      1 (STEP)
 LEVEL SHIFTS:                  0.00 (CLOSED)  0.00 (OPEN) 



 Orbital guess generated from atomic densities. Full valence occupancy:    7

 Molecular orbital dump at record        2102.2

 Initial occupancy:   5

 ITERATION    DDIFF          GRAD             ENERGY        2-EL.EN.            DIPOLE MOMENTS         DIIS   ORB.
    1      0.000D+00      0.000D+00       -76.02513894     77.402293    0.38417    0.69818   -0.82576    0    start
    2      0.000D+00      0.395D-02       -76.05188601     73.747970    0.22425    0.40496   -0.47957    1    diag
    3      0.160D-02      0.251D-02       -76.06343778     75.369668    0.26430    0.47785   -0.56575    2    diag
    4      0.607D-03      0.235D-03       -76.06363190     75.278418    0.26290    0.47479   -0.56226    3    diag
    5      0.753D-04      0.657D-04       -76.06365280     75.292696    0.26238    0.47365   -0.56095    4    diag
    6      0.235D-04      0.131D-04       -76.06365415     75.291671    0.26228    0.47339   -0.56066    5    diag
    7      0.594D-05      0.264D-05       -76.06365421     75.291818    0.26224    0.47331   -0.56057    6    diag
    8      0.164D-05      0.501D-06       -76.06365422     75.291803    0.26223    0.47328   -0.56054    7    diag
    9      0.308D-06      0.673D-07       -76.06365422     75.291795    0.26223    0.47328   -0.56053    8    diag
   10      0.410D-07      0.152D-07       -76.06365422     75.291798    0.26223    0.47328   -0.56053    9    orth
   11      0.967D-08      0.257D-08       -76.06365422     75.291797    0.26223    0.47328   -0.56053    0    orth

 Final occupancy:   5

 !RHF STATE 1.1 Energy                -76.063654216142
 Nuclear energy                         8.99189736
 One-electron energy                 -122.70144992
 Two-electron energy                   37.64589834
 Virial quotient                       -1.00201434
 !RHF STATE 1.1 Dipole moment           0.26222662     0.47327839    -0.56053234
 Dipole moment /Debye                   0.66646994     1.20287490    -1.42463778

 Orbital energies:

         1.1          2.1          3.1          4.1          5.1          6.1          7.1
    -20.567939    -1.341390    -0.708164    -0.578879    -0.508455     0.015882     0.032691

 HOMO      5.1    -0.508455 =     -13.8358eV
 LUMO      6.1     0.015882 =       0.4322eV
 LUMO-HOMO         0.524337 =      14.2679eV


 **********************************************************************************************************************************
 DATASETS  * FILE   NREC   LENGTH (MB)   RECORD NAMES
              1      19    93536.43       500      610      700      900      950      970     1000      129      960     1100   
                                          VAR    BASINP    GEOM    SYMINP    ZMAT    AOBASIS   BASIS     P2S    ABASIS      S 
                                         1400     1410     1200     1210     1080     1600     1650     1300     1700   
                                           T        V       H0       H01     AOSYM     SMH    MOLCAS    ERIS     OPER   

              2       7       46.85       200      700     1000      520     2100     2101     2102   
                                        OPTIONS   GEOM     BASIS   MCVARS     RHF      RHF      RHF  

 PROGRAMS   *        TOTAL        HF       INT       MP2        HF       INT       MP2        HF       INT
 CPU TIMES  *      7179.40   1825.79      0.38    174.42   1672.75      0.39    353.79   2130.77   1020.96
 REAL TIME  *     14181.79 SEC
 DISK USED  *       266.90 GB      
 **********************************************************************************************************************************
 SETTING ESCF_B         =       -76.06365422  AU                              


 PROGRAM * MP2 (Closed-shell)     Authors: C. Hampel, H.-J. Werner, 1991, M. Deegan, P.J. Knowles, 1992


 Convergence thresholds:  THRVAR = 1.00D-08  THRDEN = 1.00D-08

 Number of core orbitals:           1 (   1 )
 Number of closed-shell orbitals:   4 (   4 )
 Number of external orbitals:     603 ( 603 )

 Molecular orbitals read from record     2102.2  Type=RHF/CANONICAL (state 1.1)

 Number of N-1 electron functions:               4
 Number of N-2 electron functions:              10
 Number of singly external CSFs:              2412
 Number of doubly external CSFs:           2910078
 Total number of CSFs:                     2912491

 Length of J-op  integral file:               0.00 MB
 Length of K-op  integral file:              25.46 MB

 Integral transformation finished. Total CPU: 172.91 sec, npass=  1  Memory used:  13.76 MW

 Memory needed for MP2:                      1.84 MW

 SCS-MP2 correlation energy:           -0.286475564492   (PS=  1.200000  PT=  0.333333)
 SCS-MP2 total energy:                -76.350129780632


  Reference energy                    -76.063654216141
  MP2 singlet pair energy              -0.186171565079
  MP2 triplet pair energy              -0.101361995996
  MP2 correlation energy               -0.287533561074

 !MP2 total energy                    -76.351187777215


 **********************************************************************************************************************************
 DATASETS  * FILE   NREC   LENGTH (MB)   RECORD NAMES
              1      20    93586.79       500      610      700      900      950      970     1000      129      960     1100   
                                          VAR    BASINP    GEOM    SYMINP    ZMAT    AOBASIS   BASIS     P2S    ABASIS      S 
                                         1400     1410     1200     1210     1080     1600     1650     1300     1700     1380   
                                           T        V       H0       H01     AOSYM     SMH    MOLCAS    ERIS     OPER     JKOP   

              2       7       46.85       200      700     1000      520     2100     2101     2102   
                                        OPTIONS   GEOM     BASIS   MCVARS     RHF      RHF      RHF  

 PROGRAMS   *        TOTAL       MP2        HF       INT       MP2        HF       INT       MP2        HF       INT
 CPU TIMES  *      7353.10    173.70   1825.79      0.38    174.42   1672.75      0.39    353.79   2130.77   1020.96
 REAL TIME  *     14501.57 SEC
 DISK USED  *       266.90 GB      
 **********************************************************************************************************************************
 SETTING EMP2_B         =       -76.35118778  AU                              
 SETTING EMP2_CORR_B    =        -0.28753356  AU                              

 Running procedure=SET_MONOMERC

 Dummy atoms: C1  H1  H2  H3  H4  O1  H5  H6


 Recomputing one-electron integrals since nuclear charges changed


 PROGRAM * SEWARD (Integral evaluation for generally contracted gaussian basis sets)     Author: Roland Lindh, 1990

 Geometry written to block  1 of record 700


 Point group  C1  



 ATOMIC COORDINATES

 NR  ATOM    CHARGE       X              Y              Z

   1  C1      0.00   -6.193010455    2.801518980    2.403542658
   2  H1      0.00   -4.656285171    1.699997622    3.119937832
   3  H2      0.00   -5.973046335    4.726205038    2.982932688
   4  H3      0.00   -7.940251230    2.077186956    3.118237078
   5  H4      0.00   -6.176569838    2.685300823    0.384937212
   6  O1      0.00   -5.521590763    4.689166405    9.271374312
   7  H5      0.00   -3.831230745    4.709197502    8.531168589
   8  H6      0.00   -6.460595675    6.029171200    8.401722350
   9  O2      8.00    0.000000000    0.000000000    0.000000000
  10  H7      1.00    0.000000000    0.000000000    1.842293999
  11  H8      1.00    0.000000000    1.780688927   -0.493596464

 Bond lengths in Bohr (Angstrom)

 1-2  2.021904040  1-3  2.022002335  1-4  2.021953343  1-5  2.022015060  6-7  1.845432944
     ( 1.069945541)     ( 1.069997556)     ( 1.069971630)     ( 1.070004290)     ( 0.976561058)

  6- 8  1.853007720   9-10  1.842293999   9-11  1.847834009
       ( 0.980569457)       ( 0.974900000)       ( 0.977831647)

 Bond angles

  2-1-3  109.53398059   2-1-4  109.65604535   2-1-5  108.43490854   3-1-4  109.49436728

  3- 1- 5  109.86987750   4- 1- 5  109.83468330   7- 6- 8  105.54946434  10- 9-11  105.49305961

 NUCLEAR CHARGE:                   10
 NUMBER OF PRIMITIVE AOS:         810
 NUMBER OF SYMMETRY AOS:          663
 NUMBER OF CONTRACTIONS:          608   ( 608A   )
 NUMBER OF CORE ORBITALS:           1   (   1A   )
 NUMBER OF VALENCE ORBITALS:        6   (   6A   )

 MOLECULE CHANGED: INITIALIZING OCCUPATION AND DUMP RECORDS


 NUCLEAR REPULSION ENERGY    9.01226390


 Eigenvalues of metric

         1 0.129E-04 0.182E-04 0.249E-04 0.277E-04 0.607E-04 0.629E-04 0.675E-04 0.788E-04


 Contracted 2-electron integrals neglected if value below      1.0D-19

 OPERATOR DM      FOR CENTER  0  COORDINATES:    0.000000    0.000000    0.000000


 **********************************************************************************************************************************
 DATASETS  * FILE   NREC   LENGTH (MB)   RECORD NAMES
              1      19    93536.43       500      610      700      900      950      970     1000      129      960     1100   
                                          VAR    BASINP    GEOM    SYMINP    ZMAT    AOBASIS   BASIS     P2S    ABASIS      S 
                                         1400     1410     1200     1210     1080     1600     1650     1300     1700   
                                           T        V       H0       H01     AOSYM     SMH    MOLCAS    ERIS     OPER   

              2       7       46.85       200      700     1000      520     2100     2101     2102   
                                        OPTIONS   GEOM     BASIS   MCVARS     RHF      RHF      RHF  

 PROGRAMS   *        TOTAL       INT       MP2        HF       INT       MP2        HF       INT       MP2        HF       INT
 CPU TIMES  *      7353.49      0.39    173.70   1825.79      0.38    174.42   1672.75      0.39    353.79   2130.77   1020.96
 REAL TIME  *     14527.09 SEC
 DISK USED  *       266.90 GB      
 **********************************************************************************************************************************


 PROGRAM * RHF-SCF (CLOSED SHELL)       Authors: W. Meyer, H.-J. Werner


 NUMBER OF ELECTRONS:       5+    5-    SPACE SYMMETRY=1    SPIN SYMMETRY: Singlet 
 CONVERGENCE THRESHOLDS:    1.00E-08 (Density)    1.00E-09 (Energy)
 MAX. NUMBER OF ITERATIONS:       60
 INTERPOLATION TYPE:            DIIS
 INTERPOLATION STEPS:              2 (START)      1 (STEP)
 LEVEL SHIFTS:                  0.00 (CLOSED)  0.00 (OPEN) 



 Orbital guess generated from atomic densities. Full valence occupancy:    7

 Molecular orbital dump at record        2103.2

 Initial occupancy:   5

 ITERATION    DDIFF          GRAD             ENERGY        2-EL.EN.            DIPOLE MOMENTS         DIIS   ORB.
    1      0.000D+00      0.000D+00       -76.02552299     77.430658   -0.00001    0.91365    0.69077    0    start
    2      0.000D+00      0.395D-02       -76.05228034     73.783993   -0.00002    0.53121    0.40279    1    diag
    3      0.160D-02      0.251D-02       -76.06376704     75.400705   -0.00001    0.62626    0.47461    2    diag
    4      0.605D-03      0.235D-03       -76.06395989     75.309598   -0.00001    0.62240    0.47191    3    diag
    5      0.762D-04      0.654D-04       -76.06398047     75.323804   -0.00001    0.62096    0.47092    4    diag
    6      0.240D-04      0.129D-04       -76.06398178     75.322797   -0.00001    0.62065    0.47071    5    diag
    7      0.629D-05      0.261D-05       -76.06398185     75.322944   -0.00001    0.62054    0.47064    6    diag
    8      0.188D-05      0.497D-06       -76.06398185     75.322929   -0.00001    0.62051    0.47061    7    diag
    9      0.359D-06      0.664D-07       -76.06398185     75.322921   -0.00001    0.62050    0.47061    8    diag
   10      0.369D-07      0.149D-07       -76.06398185     75.322924   -0.00001    0.62050    0.47061    9    orth
   11      0.935D-08      0.252D-08       -76.06398185     75.322923   -0.00001    0.62050    0.47061    0    orth

 Final occupancy:   5

 !RHF STATE 1.1 Energy                -76.063981852148
 Nuclear energy                         9.01226390
 One-electron energy                 -122.73770719
 Two-electron energy                   37.66146144
 Virial quotient                       -1.00191143
 !RHF STATE 1.1 Dipole moment          -0.00001273     0.62050182     0.47060804
 Dipole moment /Debye                  -0.00003235     1.57705501     1.19608798

 Orbital energies:

         1.1          2.1          3.1          4.1          5.1          6.1          7.1
    -20.567592    -1.342506    -0.709242    -0.579408    -0.508644     0.015633     0.032845

 HOMO      5.1    -0.508644 =     -13.8409eV
 LUMO      6.1     0.015633 =       0.4254eV
 LUMO-HOMO         0.524277 =      14.2663eV


 **********************************************************************************************************************************
 DATASETS  * FILE   NREC   LENGTH (MB)   RECORD NAMES
              1      19    93536.43       500      610      700      900      950      970     1000      129      960     1100   
                                          VAR    BASINP    GEOM    SYMINP    ZMAT    AOBASIS   BASIS     P2S    ABASIS      S 
                                         1400     1410     1200     1210     1080     1600     1650     1300     1700   
                                           T        V       H0       H01     AOSYM     SMH    MOLCAS    ERIS     OPER   

              2       8       64.16       200      700     1000      520     2100     2101     2102     2103   
                                        OPTIONS   GEOM     BASIS   MCVARS     RHF      RHF      RHF      RHF  

 PROGRAMS   *        TOTAL        HF       INT       MP2        HF       INT       MP2        HF       INT       MP2        HF
 CPU TIMES  *      9181.67   1828.18      0.39    173.70   1825.79      0.38    174.42   1672.75      0.39    353.79   2130.77
 REAL TIME  *     17492.66 SEC
 DISK USED  *       266.90 GB      
 **********************************************************************************************************************************
 SETTING ESCF_C         =       -76.06398185  AU                              


 PROGRAM * MP2 (Closed-shell)     Authors: C. Hampel, H.-J. Werner, 1991, M. Deegan, P.J. Knowles, 1992


 Convergence thresholds:  THRVAR = 1.00D-08  THRDEN = 1.00D-08

 Number of core orbitals:           1 (   1 )
 Number of closed-shell orbitals:   4 (   4 )
 Number of external orbitals:     603 ( 603 )

 Molecular orbitals read from record     2103.2  Type=RHF/CANONICAL (state 1.1)

 Number of N-1 electron functions:               4
 Number of N-2 electron functions:              10
 Number of singly external CSFs:              2412
 Number of doubly external CSFs:           2910078
 Total number of CSFs:                     2912491

 Length of J-op  integral file:               0.00 MB
 Length of K-op  integral file:              25.46 MB

 Integral transformation finished. Total CPU: 175.21 sec, npass=  1  Memory used:  13.76 MW

 Memory needed for MP2:                      1.84 MW

 SCS-MP2 correlation energy:           -0.286313500070   (PS=  1.200000  PT=  0.333333)
 SCS-MP2 total energy:                -76.350295352218


  Reference energy                    -76.063981852148
  MP2 singlet pair energy              -0.186065994012
  MP2 triplet pair energy              -0.101305136661
  MP2 correlation energy               -0.287371130673

 !MP2 total energy                    -76.351352982821


 **********************************************************************************************************************************
 DATASETS  * FILE   NREC   LENGTH (MB)   RECORD NAMES
              1      20    93586.79       500      610      700      900      950      970     1000      129      960     1100   
                                          VAR    BASINP    GEOM    SYMINP    ZMAT    AOBASIS   BASIS     P2S    ABASIS      S 
                                         1400     1410     1200     1210     1080     1600     1650     1300     1700     1380   
                                           T        V       H0       H01     AOSYM     SMH    MOLCAS    ERIS     OPER     JKOP   

              2       8       64.16       200      700     1000      520     2100     2101     2102     2103   
                                        OPTIONS   GEOM     BASIS   MCVARS     RHF      RHF      RHF      RHF  

 PROGRAMS   *        TOTAL       MP2        HF       INT       MP2        HF       INT       MP2        HF       INT       MP2
 CPU TIMES  *      9357.66    175.98   1828.18      0.39    173.70   1825.79      0.38    174.42   1672.75      0.39    353.79
 REAL TIME  *     17766.37 SEC
 DISK USED  *       266.90 GB      
 **********************************************************************************************************************************
 SETTING EMP2_C         =       -76.35135298  AU                              
 SETTING EMP2_CORR_C    =        -0.28737113  AU                              

 Running procedure=SET_DIMERAB

 Dummy atoms: O2  H7  H8


 Recomputing one-electron integrals since nuclear charges changed


 PROGRAM * SEWARD (Integral evaluation for generally contracted gaussian basis sets)     Author: Roland Lindh, 1990

 Geometry written to block  1 of record 700


 Point group  C1  



 ATOMIC COORDINATES

 NR  ATOM    CHARGE       X              Y              Z

   1  C1      6.00   -6.193010455    2.801518980    2.403542658
   2  H1      1.00   -4.656285171    1.699997622    3.119937832
   3  H2      1.00   -5.973046335    4.726205038    2.982932688
   4  H3      1.00   -7.940251230    2.077186956    3.118237078
   5  H4      1.00   -6.176569838    2.685300823    0.384937212
   6  O1      8.00   -5.521590763    4.689166405    9.271374312
   7  H5      1.00   -3.831230745    4.709197502    8.531168589
   8  H6      1.00   -6.460595675    6.029171200    8.401722350
   9  O2      0.00    0.000000000    0.000000000    0.000000000
  10  H7      0.00    0.000000000    0.000000000    1.842293999
  11  H8      0.00    0.000000000    1.780688927   -0.493596464

 Bond lengths in Bohr (Angstrom)

 1-2  2.021904040  1-3  2.022002335  1-4  2.021953343  1-5  2.022015060  6-7  1.845432944
     ( 1.069945541)     ( 1.069997556)     ( 1.069971630)     ( 1.070004290)     ( 0.976561058)

  6- 8  1.853007720   9-10  1.842293999   9-11  1.847834009
       ( 0.980569457)       ( 0.974900000)       ( 0.977831647)

 Bond angles

  2-1-3  109.53398059   2-1-4  109.65604535   2-1-5  108.43490854   3-1-4  109.49436728

  3- 1- 5  109.86987750   4- 1- 5  109.83468330   7- 6- 8  105.54946434  10- 9-11  105.49305961

 NUCLEAR CHARGE:                   20
 NUMBER OF PRIMITIVE AOS:         810
 NUMBER OF SYMMETRY AOS:          663
 NUMBER OF CONTRACTIONS:          608   ( 608A   )
 NUMBER OF CORE ORBITALS:           2   (   2A   )
 NUMBER OF VALENCE ORBITALS:       14   (  14A   )

 MOLECULE CHANGED: INITIALIZING OCCUPATION AND DUMP RECORDS


 NUCLEAR REPULSION ENERGY   36.73986578


 Eigenvalues of metric

         1 0.129E-04 0.182E-04 0.249E-04 0.277E-04 0.607E-04 0.629E-04 0.675E-04 0.788E-04


 Contracted 2-electron integrals neglected if value below      1.0D-19

 OPERATOR DM      FOR CENTER  0  COORDINATES:    0.000000    0.000000    0.000000


 **********************************************************************************************************************************
 DATASETS  * FILE   NREC   LENGTH (MB)   RECORD NAMES
              1      19    93536.43       500      610      700      900      950      970     1000      129      960     1100   
                                          VAR    BASINP    GEOM    SYMINP    ZMAT    AOBASIS   BASIS     P2S    ABASIS      S 
                                         1400     1410     1200     1210     1080     1600     1650     1300     1700   
                                           T        V       H0       H01     AOSYM     SMH    MOLCAS    ERIS     OPER   

              2       8       64.16       200      700     1000      520     2100     2101     2102     2103   
                                        OPTIONS   GEOM     BASIS   MCVARS     RHF      RHF      RHF      RHF  

 PROGRAMS   *        TOTAL       INT       MP2        HF       INT       MP2        HF       INT       MP2        HF       INT
 CPU TIMES  *      9358.05      0.39    175.98   1828.18      0.39    173.70   1825.79      0.38    174.42   1672.75      0.39
 REAL TIME  *     17767.15 SEC
 DISK USED  *       266.90 GB      
 **********************************************************************************************************************************


 PROGRAM * RHF-SCF (CLOSED SHELL)       Authors: W. Meyer, H.-J. Werner


 NUMBER OF ELECTRONS:      10+   10-    SPACE SYMMETRY=1    SPIN SYMMETRY: Singlet 
 CONVERGENCE THRESHOLDS:    1.00E-08 (Density)    1.00E-09 (Energy)
 MAX. NUMBER OF ITERATIONS:       60
 INTERPOLATION TYPE:            DIIS
 INTERPOLATION STEPS:              2 (START)      1 (STEP)
 LEVEL SHIFTS:                  0.00 (CLOSED)  0.00 (OPEN) 



 Orbital guess generated from atomic densities. Full valence occupancy:   16

 Molecular orbital dump at record        2104.2

 Initial occupancy:  10

 ITERATION    DDIFF          GRAD             ENERGY        2-EL.EN.            DIPOLE MOMENTS         DIIS   ORB.
    1      0.000D+00      0.000D+00      -116.22068786    158.926263    0.38788    0.69411   -0.82673    0    start
    2      0.000D+00      0.320D-02      -116.26488550    154.071079    0.20503    0.35880   -0.48528    1    diag
    3      0.197D-02      0.188D-02      -116.27846192    156.099661    0.25188    0.44508   -0.57103    2    diag
    4      0.683D-03      0.279D-03      -116.27912502    155.987458    0.24878    0.43930   -0.56254    3    diag
    5      0.146D-03      0.818D-04      -116.27919406    155.981551    0.24844    0.43884   -0.56243    4    diag
    6      0.587D-04      0.199D-04      -116.27919787    155.987279    0.24818    0.43835   -0.56188    5    diag
    7      0.159D-04      0.390D-05      -116.27919809    155.985592    0.24819    0.43838   -0.56188    6    diag
    8      0.463D-05      0.975D-06      -116.27919811    155.985762    0.24816    0.43834   -0.56184    7    diag
    9      0.974D-06      0.230D-06      -116.27919811    155.985736    0.24816    0.43832   -0.56182    8    diag
   10      0.285D-06      0.272D-07      -116.27919811    155.985738    0.24815    0.43832   -0.56182    9    orth
   11      0.337D-07      0.639D-08      -116.27919811    155.985739    0.24815    0.43832   -0.56182    9    diag
   12      0.610D-08      0.172D-08      -116.27919811    155.985739    0.24815    0.43832   -0.56182    0    orth

 Final occupancy:  10

 !RHF STATE 1.1 Energy               -116.279198110298
 Nuclear energy                        36.73986578
 One-electron energy                 -231.01193325
 Two-electron energy                   77.99286936
 Virial quotient                       -1.00072825
 !RHF STATE 1.1 Dipole moment           0.24815483     0.43832265    -0.56181976
 Dipole moment /Debye                   0.63070534     1.11403209    -1.42790986

 Orbital energies:

         1.1          2.1          3.1          4.1          5.1          6.1          7.1          8.1          9.1         10.1
    -20.566707   -11.199667    -1.340375    -0.953971    -0.707178    -0.578455    -0.555592    -0.553175    -0.550990    -0.506987

        11.1         12.1
      0.020548     0.034208

 HOMO     10.1    -0.506987 =     -13.7958eV
 LUMO     11.1     0.020548 =       0.5591eV
 LUMO-HOMO         0.527535 =      14.3549eV


 **********************************************************************************************************************************
 DATASETS  * FILE   NREC   LENGTH (MB)   RECORD NAMES
              1      19    93536.43       500      610      700      900      950      970     1000      129      960     1100   
                                          VAR    BASINP    GEOM    SYMINP    ZMAT    AOBASIS   BASIS     P2S    ABASIS      S 
                                         1400     1410     1200     1210     1080     1600     1650     1300     1700   
                                           T        V       H0       H01     AOSYM     SMH    MOLCAS    ERIS     OPER   

              2       9       81.47       200      700     1000      520     2100     2101     2102     2103     2104   
                                        OPTIONS   GEOM     BASIS   MCVARS     RHF      RHF      RHF      RHF      RHF  

 PROGRAMS   *        TOTAL        HF       INT       MP2        HF       INT       MP2        HF       INT       MP2        HF
 CPU TIMES  *     11353.63   1995.58      0.39    175.98   1828.18      0.39    173.70   1825.79      0.38    174.42   1672.75
 REAL TIME  *     21253.36 SEC
 DISK USED  *       266.90 GB      
 **********************************************************************************************************************************
 SETTING ESCF_AB        =      -116.27919811  AU                              


 PROGRAM * MP2 (Closed-shell)     Authors: C. Hampel, H.-J. Werner, 1991, M. Deegan, P.J. Knowles, 1992


 Convergence thresholds:  THRVAR = 1.00D-08  THRDEN = 1.00D-08

 Number of core orbitals:           2 (   2 )
 Number of closed-shell orbitals:   8 (   8 )
 Number of external orbitals:     598 ( 598 )

 Molecular orbitals read from record     2104.2  Type=RHF/CANONICAL (state 1.1)

 Number of N-1 electron functions:               8
 Number of N-2 electron functions:              36
 Number of singly external CSFs:              4784
 Number of doubly external CSFs:          11445720
 Total number of CSFs:                    11450505

 Length of J-op  integral file:               0.00 MB
 Length of K-op  integral file:              25.46 MB

 Integral transformation finished. Total CPU: 246.36 sec, npass=  1  Memory used:  30.42 MW

 Memory needed for MP2:                      1.84 MW

 SCS-MP2 correlation energy:           -0.507492017901   (PS=  1.200000  PT=  0.333333)
 SCS-MP2 total energy:               -116.786690128201


  Reference energy                   -116.279198110301
  MP2 singlet pair energy              -0.340808554309
  MP2 triplet pair energy              -0.158338531173
  MP2 correlation energy               -0.499147085482

 !MP2 total energy                   -116.778345195783


 **********************************************************************************************************************************
 DATASETS  * FILE   NREC   LENGTH (MB)   RECORD NAMES
              1      20    93702.31       500      610      700      900      950      970     1000      129      960     1100   
                                          VAR    BASINP    GEOM    SYMINP    ZMAT    AOBASIS   BASIS     P2S    ABASIS      S 
                                         1400     1410     1200     1210     1080     1600     1650     1300     1700     1380   
                                           T        V       H0       H01     AOSYM     SMH    MOLCAS    ERIS     OPER     JKOP   

              2       9       81.47       200      700     1000      520     2100     2101     2102     2103     2104   
                                        OPTIONS   GEOM     BASIS   MCVARS     RHF      RHF      RHF      RHF      RHF  

 PROGRAMS   *        TOTAL       MP2        HF       INT       MP2        HF       INT       MP2        HF       INT       MP2
 CPU TIMES  *     11602.36    248.72   1995.58      0.39    175.98   1828.18      0.39    173.70   1825.79      0.38    174.42
 REAL TIME  *     21651.35 SEC
 DISK USED  *       266.90 GB      
 **********************************************************************************************************************************
 SETTING EMP2_AB        =      -116.77834520  AU                              
 SETTING EMP2_CORR_AB   =        -0.49914709  AU                              

 Running procedure=SET_DIMERAC

 Dummy atoms: O1  H5  H6


 Recomputing one-electron integrals since nuclear charges changed


 PROGRAM * SEWARD (Integral evaluation for generally contracted gaussian basis sets)     Author: Roland Lindh, 1990

 Geometry written to block  1 of record 700


 Point group  C1  



 ATOMIC COORDINATES

 NR  ATOM    CHARGE       X              Y              Z

   1  C1      6.00   -6.193010455    2.801518980    2.403542658
   2  H1      1.00   -4.656285171    1.699997622    3.119937832
   3  H2      1.00   -5.973046335    4.726205038    2.982932688
   4  H3      1.00   -7.940251230    2.077186956    3.118237078
   5  H4      1.00   -6.176569838    2.685300823    0.384937212
   6  O1      0.00   -5.521590763    4.689166405    9.271374312
   7  H5      0.00   -3.831230745    4.709197502    8.531168589
   8  H6      0.00   -6.460595675    6.029171200    8.401722350
   9  O2      8.00    0.000000000    0.000000000    0.000000000
  10  H7      1.00    0.000000000    0.000000000    1.842293999
  11  H8      1.00    0.000000000    1.780688927   -0.493596464

 Bond lengths in Bohr (Angstrom)

 1-2  2.021904040  1-3  2.022002335  1-4  2.021953343  1-5  2.022015060  6-7  1.845432944
     ( 1.069945541)     ( 1.069997556)     ( 1.069971630)     ( 1.070004290)     ( 0.976561058)

  6- 8  1.853007720   9-10  1.842293999   9-11  1.847834009
       ( 0.980569457)       ( 0.974900000)       ( 0.977831647)

 Bond angles

  2-1-3  109.53398059   2-1-4  109.65604535   2-1-5  108.43490854   3-1-4  109.49436728

  3- 1- 5  109.86987750   4- 1- 5  109.83468330   7- 6- 8  105.54946434  10- 9-11  105.49305961

 NUCLEAR CHARGE:                   20
 NUMBER OF PRIMITIVE AOS:         810
 NUMBER OF SYMMETRY AOS:          663
 NUMBER OF CONTRACTIONS:          608   ( 608A   )
 NUMBER OF CORE ORBITALS:           2   (   2A   )
 NUMBER OF VALENCE ORBITALS:       14   (  14A   )

 MOLECULE CHANGED: INITIALIZING OCCUPATION AND DUMP RECORDS


 NUCLEAR REPULSION ENERGY   36.71209306


 Eigenvalues of metric

         1 0.129E-04 0.182E-04 0.249E-04 0.277E-04 0.607E-04 0.629E-04 0.675E-04 0.788E-04


 Contracted 2-electron integrals neglected if value below      1.0D-19

 OPERATOR DM      FOR CENTER  0  COORDINATES:    0.000000    0.000000    0.000000


 **********************************************************************************************************************************
 DATASETS  * FILE   NREC   LENGTH (MB)   RECORD NAMES
              1      19    93536.43       500      610      700      900      950      970     1000      129      960     1100   
                                          VAR    BASINP    GEOM    SYMINP    ZMAT    AOBASIS   BASIS     P2S    ABASIS      S 
                                         1400     1410     1200     1210     1080     1600     1650     1300     1700   
                                           T        V       H0       H01     AOSYM     SMH    MOLCAS    ERIS     OPER   

              2       9       81.47       200      700     1000      520     2100     2101     2102     2103     2104   
                                        OPTIONS   GEOM     BASIS   MCVARS     RHF      RHF      RHF      RHF      RHF  

 PROGRAMS   *        TOTAL       INT       MP2        HF       INT       MP2        HF       INT       MP2        HF       INT
 CPU TIMES  *     11602.75      0.39    248.72   1995.58      0.39    175.98   1828.18      0.39    173.70   1825.79      0.38
 REAL TIME  *     21652.19 SEC
 DISK USED  *       266.90 GB      
 **********************************************************************************************************************************


 PROGRAM * RHF-SCF (CLOSED SHELL)       Authors: W. Meyer, H.-J. Werner


 NUMBER OF ELECTRONS:      10+   10-    SPACE SYMMETRY=1    SPIN SYMMETRY: Singlet 
 CONVERGENCE THRESHOLDS:    1.00E-08 (Density)    1.00E-09 (Energy)
 MAX. NUMBER OF ITERATIONS:       60
 INTERPOLATION TYPE:            DIIS
 INTERPOLATION STEPS:              2 (START)      1 (STEP)
 LEVEL SHIFTS:                  0.00 (CLOSED)  0.00 (OPEN) 



 Orbital guess generated from atomic densities. Full valence occupancy:   16

 Molecular orbital dump at record        2105.2

 Initial occupancy:  10

 ITERATION    DDIFF          GRAD             ENERGY        2-EL.EN.            DIPOLE MOMENTS         DIIS   ORB.
    1      0.000D+00      0.000D+00      -116.22106638    158.827631    0.00415    0.91018    0.68722    0    start
    2      0.000D+00      0.320D-02      -116.26516646    154.008522   -0.03227    0.51254    0.37910    1    diag
    3      0.196D-02      0.187D-02      -116.27860660    156.023916   -0.02154    0.61381    0.45746    2    diag
    4      0.680D-03      0.279D-03      -116.27926574    155.911920   -0.02041    0.60505    0.45142    3    diag
    5      0.146D-03      0.815D-04      -116.27933432    155.906533   -0.02094    0.60462    0.45134    4    diag
    6      0.588D-04      0.198D-04      -116.27933816    155.912236   -0.02105    0.60392    0.45098    5    diag
    7      0.161D-04      0.395D-05      -116.27933838    155.910568   -0.02107    0.60393    0.45103    6    diag
    8      0.480D-05      0.999D-06      -116.27933840    155.910740   -0.02109    0.60387    0.45100    7    diag
    9      0.112D-05      0.234D-06      -116.27933840    155.910712   -0.02110    0.60385    0.45099    8    diag
   10      0.312D-06      0.283D-07      -116.27933840    155.910714   -0.02110    0.60385    0.45099    9    orth
   11      0.332D-07      0.694D-08      -116.27933840    155.910715   -0.02110    0.60385    0.45099    9    diag
   12      0.645D-08      0.192D-08      -116.27933840    155.910715   -0.02110    0.60385    0.45099    0    orth

 Final occupancy:  10

 !RHF STATE 1.1 Energy               -116.279338401964
 Nuclear energy                        36.71209306
 One-electron energy                 -230.94678891
 Two-electron energy                   77.95535745
 Virial quotient                       -1.00064649
 !RHF STATE 1.1 Dipole moment          -0.02109743     0.60384738     0.45098669
 Dipole moment /Debye                  -0.05362080     1.53472641     1.14621875

 Orbital energies:

         1.1          2.1          3.1          4.1          5.1          6.1          7.1          8.1          9.1         10.1
    -20.566908   -11.199373    -1.342120    -0.953913    -0.708901    -0.579568    -0.555359    -0.553308    -0.551147    -0.507439

        11.1         12.1
      0.020290     0.034158

 HOMO     10.1    -0.507439 =     -13.8081eV
 LUMO     11.1     0.020290 =       0.5521eV
 LUMO-HOMO         0.527729 =      14.3602eV


 **********************************************************************************************************************************
 DATASETS  * FILE   NREC   LENGTH (MB)   RECORD NAMES
              1      19    93536.43       500      610      700      900      950      970     1000      129      960     1100   
                                          VAR    BASINP    GEOM    SYMINP    ZMAT    AOBASIS   BASIS     P2S    ABASIS      S 
                                         1400     1410     1200     1210     1080     1600     1650     1300     1700   
                                           T        V       H0       H01     AOSYM     SMH    MOLCAS    ERIS     OPER   

              2      10       98.78       200      700     1000      520     2100     2101     2102     2103     2104     2105   
                                        OPTIONS   GEOM     BASIS   MCVARS     RHF      RHF      RHF      RHF      RHF      RHF  

 PROGRAMS   *        TOTAL        HF       INT       MP2        HF       INT       MP2        HF       INT       MP2        HF
 CPU TIMES  *     13590.88   1988.13      0.39    248.72   1995.58      0.39    175.98   1828.18      0.39    173.70   1825.79
 REAL TIME  *     24940.96 SEC
 DISK USED  *       266.90 GB      
 **********************************************************************************************************************************
 SETTING ESCF_AC        =      -116.27933840  AU                              


 PROGRAM * MP2 (Closed-shell)     Authors: C. Hampel, H.-J. Werner, 1991, M. Deegan, P.J. Knowles, 1992


 Convergence thresholds:  THRVAR = 1.00D-08  THRDEN = 1.00D-08

 Number of core orbitals:           2 (   2 )
 Number of closed-shell orbitals:   8 (   8 )
 Number of external orbitals:     598 ( 598 )

 Molecular orbitals read from record     2105.2  Type=RHF/CANONICAL (state 1.1)

 Number of N-1 electron functions:               8
 Number of N-2 electron functions:              36
 Number of singly external CSFs:              4784
 Number of doubly external CSFs:          11445720
 Total number of CSFs:                    11450505

 Length of J-op  integral file:               0.00 MB
 Length of K-op  integral file:              25.46 MB

 Integral transformation finished. Total CPU: 243.02 sec, npass=  1  Memory used:  30.42 MW

 Memory needed for MP2:                      1.84 MW

 SCS-MP2 correlation energy:           -0.507392535535   (PS=  1.200000  PT=  0.333333)
 SCS-MP2 total energy:               -116.786730937500


  Reference energy                   -116.279338401965
  MP2 singlet pair energy              -0.340721066591
  MP2 triplet pair energy              -0.158347375113
  MP2 correlation energy               -0.499068441704

 !MP2 total energy                   -116.778406843669


 **********************************************************************************************************************************
 DATASETS  * FILE   NREC   LENGTH (MB)   RECORD NAMES
              1      20    93702.31       500      610      700      900      950      970     1000      129      960     1100   
                                          VAR    BASINP    GEOM    SYMINP    ZMAT    AOBASIS   BASIS     P2S    ABASIS      S 
                                         1400     1410     1200     1210     1080     1600     1650     1300     1700     1380   
                                           T        V       H0       H01     AOSYM     SMH    MOLCAS    ERIS     OPER     JKOP   

              2      10       98.78       200      700     1000      520     2100     2101     2102     2103     2104     2105   
                                        OPTIONS   GEOM     BASIS   MCVARS     RHF      RHF      RHF      RHF      RHF      RHF  

 PROGRAMS   *        TOTAL       MP2        HF       INT       MP2        HF       INT       MP2        HF       INT       MP2
 CPU TIMES  *     13836.24    245.35   1988.13      0.39    248.72   1995.58      0.39    175.98   1828.18      0.39    173.70
 REAL TIME  *     25321.14 SEC
 DISK USED  *       266.90 GB      
 **********************************************************************************************************************************
 SETTING EMP2_AC        =      -116.77840684  AU                              
 SETTING EMP2_CORR_AC   =        -0.49906844  AU                              

 Running procedure=SET_DIMERBC

 Dummy atoms: C1  H1  H2  H3  H4


 Recomputing one-electron integrals since nuclear charges changed


 PROGRAM * SEWARD (Integral evaluation for generally contracted gaussian basis sets)     Author: Roland Lindh, 1990

 Geometry written to block  1 of record 700


 Point group  C1  



 ATOMIC COORDINATES

 NR  ATOM    CHARGE       X              Y              Z

   1  C1      0.00   -6.193010455    2.801518980    2.403542658
   2  H1      0.00   -4.656285171    1.699997622    3.119937832
   3  H2      0.00   -5.973046335    4.726205038    2.982932688
   4  H3      0.00   -7.940251230    2.077186956    3.118237078
   5  H4      0.00   -6.176569838    2.685300823    0.384937212
   6  O1      8.00   -5.521590763    4.689166405    9.271374312
   7  H5      1.00   -3.831230745    4.709197502    8.531168589
   8  H6      1.00   -6.460595675    6.029171200    8.401722350
   9  O2      8.00    0.000000000    0.000000000    0.000000000
  10  H7      1.00    0.000000000    0.000000000    1.842293999
  11  H8      1.00    0.000000000    1.780688927   -0.493596464

 Bond lengths in Bohr (Angstrom)

 1-2  2.021904040  1-3  2.022002335  1-4  2.021953343  1-5  2.022015060  6-7  1.845432944
     ( 1.069945541)     ( 1.069997556)     ( 1.069971630)     ( 1.070004290)     ( 0.976561058)

  6- 8  1.853007720   9-10  1.842293999   9-11  1.847834009
       ( 0.980569457)       ( 0.974900000)       ( 0.977831647)

 Bond angles

  2-1-3  109.53398059   2-1-4  109.65604535   2-1-5  108.43490854   3-1-4  109.49436728

  3- 1- 5  109.86987750   4- 1- 5  109.83468330   7- 6- 8  105.54946434  10- 9-11  105.49305961

 NUCLEAR CHARGE:                   20
 NUMBER OF PRIMITIVE AOS:         810
 NUMBER OF SYMMETRY AOS:          663
 NUMBER OF CONTRACTIONS:          608   ( 608A   )
 NUMBER OF CORE ORBITALS:           2   (   2A   )
 NUMBER OF VALENCE ORBITALS:       12   (  12A   )

 MOLECULE CHANGED: INITIALIZING OCCUPATION AND DUMP RECORDS


 NUCLEAR REPULSION ENERGY   26.70922248


 Eigenvalues of metric

         1 0.129E-04 0.182E-04 0.249E-04 0.277E-04 0.607E-04 0.629E-04 0.675E-04 0.788E-04


 Contracted 2-electron integrals neglected if value below      1.0D-19

 OPERATOR DM      FOR CENTER  0  COORDINATES:    0.000000    0.000000    0.000000


 **********************************************************************************************************************************
 DATASETS  * FILE   NREC   LENGTH (MB)   RECORD NAMES
              1      19    93536.43       500      610      700      900      950      970     1000      129      960     1100   
                                          VAR    BASINP    GEOM    SYMINP    ZMAT    AOBASIS   BASIS     P2S    ABASIS      S 
                                         1400     1410     1200     1210     1080     1600     1650     1300     1700   
                                           T        V       H0       H01     AOSYM     SMH    MOLCAS    ERIS     OPER   

              2      10       98.78       200      700     1000      520     2100     2101     2102     2103     2104     2105   
                                        OPTIONS   GEOM     BASIS   MCVARS     RHF      RHF      RHF      RHF      RHF      RHF  

 PROGRAMS   *        TOTAL       INT       MP2        HF       INT       MP2        HF       INT       MP2        HF       INT
 CPU TIMES  *     13836.63      0.39    245.35   1988.13      0.39    248.72   1995.58      0.39    175.98   1828.18      0.39
 REAL TIME  *     25322.88 SEC
 DISK USED  *       266.90 GB      
 **********************************************************************************************************************************


 PROGRAM * RHF-SCF (CLOSED SHELL)       Authors: W. Meyer, H.-J. Werner


 NUMBER OF ELECTRONS:      10+   10-    SPACE SYMMETRY=1    SPIN SYMMETRY: Singlet 
 CONVERGENCE THRESHOLDS:    1.00E-08 (Density)    1.00E-09 (Energy)
 MAX. NUMBER OF ITERATIONS:       60
 INTERPOLATION TYPE:            DIIS
 INTERPOLATION STEPS:              2 (START)      1 (STEP)
 LEVEL SHIFTS:                  0.00 (CLOSED)  0.00 (OPEN) 



 Orbital guess generated from atomic densities. Full valence occupancy:   14

 Molecular orbital dump at record        2106.2

 Initial occupancy:  10

 ITERATION    DDIFF          GRAD             ENERGY        2-EL.EN.            DIPOLE MOMENTS         DIIS   ORB.
    1      0.000D+00      0.000D+00      -152.04966099    172.031467    0.38416    1.61183   -0.13498    0    start
    2      0.000D+00      0.397D-02      -152.10345730    164.804041    0.21547    0.93011   -0.07370    1    diag
    3      0.226D-02      0.253D-02      -152.12673292    168.032864    0.25777    1.10032   -0.08933    2    diag
    4      0.860D-03      0.237D-03      -152.12712191    167.850526    0.25624    1.09347   -0.08855    3    diag
    5      0.107D-03      0.662D-04      -152.12716387    167.879493    0.25566    1.09087   -0.08831    4    diag
    6      0.339D-04      0.132D-04      -152.12716658    167.877509    0.25554    1.09030   -0.08816    5    diag
    7      0.875D-05      0.273D-05      -152.12716672    167.877811    0.25552    1.09011   -0.08820    6    diag
    8      0.247D-05      0.895D-06      -152.12716672    167.877817    0.25550    1.09007   -0.08815    7    diag
    9      0.498D-06      0.312D-06      -152.12716673    167.877795    0.25550    1.09004   -0.08816    8    diag
   10      0.212D-06      0.379D-07      -152.12716673    167.877790    0.25550    1.09004   -0.08816    9    orth
   11      0.310D-07      0.940D-08      -152.12716673    167.877792    0.25550    1.09004   -0.08816    9    diag
   12      0.779D-08      0.192D-08      -152.12716673    167.877792    0.25550    1.09004   -0.08816    0    orth

 Final occupancy:  10

 !RHF STATE 1.1 Energy               -152.127166725755
 Nuclear energy                        26.70922248
 One-electron energy                 -262.77528520
 Two-electron energy                   83.93889599
 Virial quotient                       -1.00195595
 !RHF STATE 1.1 Dipole moment           0.25549663     1.09003872    -0.08815924
 Dipole moment /Debye                   0.64936513     2.77042062    -0.22406376

 Orbital energies:

         1.1          2.1          3.1          4.1          5.1          6.1          7.1          8.1          9.1         10.1
    -20.572542   -20.570436    -1.345959    -1.345310    -0.712742    -0.712006    -0.583321    -0.582087    -0.512966    -0.511377

        11.1         12.1
      0.012344     0.031826

 HOMO     10.1    -0.511377 =     -13.9153eV
 LUMO     11.1     0.012344 =       0.3359eV
 LUMO-HOMO         0.523721 =      14.2512eV


 **********************************************************************************************************************************
 DATASETS  * FILE   NREC   LENGTH (MB)   RECORD NAMES
              1      19    93536.43       500      610      700      900      950      970     1000      129      960     1100   
                                          VAR    BASINP    GEOM    SYMINP    ZMAT    AOBASIS   BASIS     P2S    ABASIS      S 
                                         1400     1410     1200     1210     1080     1600     1650     1300     1700   
                                           T        V       H0       H01     AOSYM     SMH    MOLCAS    ERIS     OPER   

              2      11      116.08       200      700     1000      520     2100     2101     2102     2103     2104     2105   
                                        OPTIONS   GEOM     BASIS   MCVARS     RHF      RHF      RHF      RHF      RHF      RHF  
                                         2106   
                                          RHF  

 PROGRAMS   *        TOTAL        HF       INT       MP2        HF       INT       MP2        HF       INT       MP2        HF
 CPU TIMES  *     15822.04   1985.41      0.39    245.35   1988.13      0.39    248.72   1995.58      0.39    175.98   1828.18
 REAL TIME  *     29207.72 SEC
 DISK USED  *       266.90 GB      
 **********************************************************************************************************************************
 SETTING ESCF_BC        =      -152.12716673  AU                              


 PROGRAM * MP2 (Closed-shell)     Authors: C. Hampel, H.-J. Werner, 1991, M. Deegan, P.J. Knowles, 1992


 Convergence thresholds:  THRVAR = 1.00D-08  THRDEN = 1.00D-08

 Number of core orbitals:           2 (   2 )
 Number of closed-shell orbitals:   8 (   8 )
 Number of external orbitals:     598 ( 598 )

 Molecular orbitals read from record     2106.2  Type=RHF/CANONICAL (state 1.1)

 Number of N-1 electron functions:               8
 Number of N-2 electron functions:              36
 Number of singly external CSFs:              4784
 Number of doubly external CSFs:          11445720
 Total number of CSFs:                    11450505

 Length of J-op  integral file:               0.00 MB
 Length of K-op  integral file:              25.46 MB

 Integral transformation finished. Total CPU: 245.01 sec, npass=  1  Memory used:  30.42 MW

 Memory needed for MP2:                      1.84 MW

 SCS-MP2 correlation energy:           -0.572861645571   (PS=  1.200000  PT=  0.333333)
 SCS-MP2 total energy:               -152.700028371325


  Reference energy                   -152.127166725754
  MP2 singlet pair energy              -0.372279383080
  MP2 triplet pair energy              -0.202703120156
  MP2 correlation energy               -0.574982503236

 !MP2 total energy                   -152.702149228991


 **********************************************************************************************************************************
 DATASETS  * FILE   NREC   LENGTH (MB)   RECORD NAMES
              1      20    93702.31       500      610      700      900      950      970     1000      129      960     1100   
                                          VAR    BASINP    GEOM    SYMINP    ZMAT    AOBASIS   BASIS     P2S    ABASIS      S 
                                         1400     1410     1200     1210     1080     1600     1650     1300     1700     1380   
                                           T        V       H0       H01     AOSYM     SMH    MOLCAS    ERIS     OPER     JKOP   

              2      11      116.08       200      700     1000      520     2100     2101     2102     2103     2104     2105   
                                        OPTIONS   GEOM     BASIS   MCVARS     RHF      RHF      RHF      RHF      RHF      RHF  
                                         2106   
                                          RHF  

 PROGRAMS   *        TOTAL       MP2        HF       INT       MP2        HF       INT       MP2        HF       INT       MP2
 CPU TIMES  *     16069.38    247.34   1985.41      0.39    245.35   1988.13      0.39    248.72   1995.58      0.39    175.98
 REAL TIME  *     29643.44 SEC
 DISK USED  *       266.90 GB      
 **********************************************************************************************************************************
 SETTING EMP2_BC        =      -152.70214923  AU                              
 SETTING EMP2_CORR_BC   =        -0.57498250  AU                              
 SETTING E_INT_ABC      =        -0.00012265  AU                              
 SETTING E_INT_AB       =        -0.00028992  AU                              
 SETTING E_INT_AC       =        -0.00018636  AU                              
 SETTING E_INT_BC       =         0.00039153  AU                              
 SETTING E_ADD          =    -8.47507830D-05  AU                              
 SETTING E_NONADD_MP2   =    -3.78984652D-05  AU                              
 SETTING E_INT_ABC_CORR =        -0.00156021  AU                              
 SETTING E_INT_AB_CORR  =        -0.00070056  AU                              
 SETTING E_INT_AC_CORR  =        -0.00078434  AU                              
 SETTING E_INT_BC_CORR  =    -7.78114898D-05  AU                              
 SETTING E_INT_ABC_CORR_ADD              =      -0.00156271  AU                              
 SETTING E_INT_ABC_CORR_NONADD           =   2.50224878D-06  AU                              
 SETTING E_INT_ABC_HF   =         0.00143756  AU                              
 SETTING E_INT_AB_HF    =         0.00041064  AU                              
 SETTING E_INT_AC_HF    =         0.00059798  AU                              
 SETTING E_INT_BC_HF    =         0.00046934  AU                              
 SETTING E_INT_ABC_HF_ADD                =       0.00147796  AU                              
 SETTING E_INT_ABC_HF_NONADD             =  -4.04007140D-05  AU                              

 *** results in millihartree
 E_INT_ABC        =        -0.00012265 AU
 E_INT_AB         =        -0.00028992 AU
 E_INT_AC         =        -0.00018636 AU
 E_INT_BC         =         0.00039153 AU
 E_ADD            =        -0.00008475 AU
 E_NONADD_MP2     =        -0.00003790 AU
 E_INT_ABC_CORR   =        -0.00156021 AU
 E_INT_AB_CORR    =        -0.00070056 AU
 E_INT_AC_CORR    =        -0.00078434 AU
 E_INT_BC_CORR    =        -0.00007781 AU
 E_INT_ABC_CORR_ADD       =        -0.00156271 AU
 E_INT_ABC_CORR_NONADD    =         0.00000250 AU
 E_INT_ABC_HF     =         0.00143756 AU
 E_INT_AB_HF      =         0.00041064 AU
 E_INT_AC_HF      =         0.00059798 AU
 E_INT_BC_HF      =         0.00046934 AU
 E_INT_ABC_HF_ADD =         0.00147796 AU
 E_INT_ABC_HF_NONADD      =        -0.00004040 AU

 MP2/aug-cc-pVQZ energy=   -152.702149228991

        MP2             HF-SCF          MP2             HF-SCF          MP2             HF-SCF          MP2             HF-SCF  
   -152.70214923   -152.12716673   -116.77840684   -116.27933840   -116.77834520   -116.27919811    -76.35135298    -76.06398185
 **********************************************************************************************************************************
 Molpro calculation terminated
 Variable memory released
