
 Primary working directories    : /net/scratch/people/plgsirous
 Secondary working directories  : /net/scratch/people/plgsirous
 Wavefunction directory         : /net/people/plgsirous/wfu/
 Main file repository           : /net/scratch/people/plgsirous/

 SHA1      : 
 NAME      : 
 ARCHNAME  : linux/x86_64
 FC        : /net/software/local/intel/impi/2018.1.163/bin64/mpiifort
 BLASLIB   : -L/net/software/local/intel/compilers_and_libraries_2018.1.163/linux/mkl/lib/intel64 -lmkl_scalapack_ilp64 -lmkl_intel_ilp64 -lmkl_intel_thread -lmkl_core -lmkl_blacs_intelmpi_ilp64 -liomp5 -lpthread -lm -ldl
 id        : pl

 Nodes     nprocs
 p2283        1

 Using customized tuning parameters: mindgm=7; mindgv=20; mindgc=1; mindgr=1; noblas=0; minvec=7
 default implementation of scratch files=df  

 ***,MP2SD(T)
 memory,14000,m
 gthresh,orbital=1d-8,energy=1d-8,twoint=1.d-19
 angstrom
 geometry={
 C1        -3.2772    1.4825     1.2719
 H1        -2.4640    0.8996     1.6510
 H2        -3.1608    2.5010     1.5785
 H3        -4.2018    1.0992     1.6501
 H4        -3.2685    1.4210     0.2037
 O1        -2.9219    2.4814     4.9062
 H5        -2.0274    2.4920     4.5145
 H6        -3.4188    3.1905     4.4460
 O2        -0.0699    -0.2262     2.8727
 H7        0.6354    -0.8159     3.1689
 H8        -0.9185    -0.7213     3.0725
   }
 
 nkerna=1
 nkernb=1
 nkernc=1
 nkernab=$nkerna+$nkernb
 nkernac=$nkerna+$nkernc
 nkernbc=$nkernb+$nkernc
 nkernabc=$nkerna+$nkernb+$nkernc
 
 proc set_monomera
 core,$nkerna
 dummy,6,7,8,9,10,11;
 endproc
 
 proc set_monomerb
 core,$nkernb
 dummy,1,2,3,4,5,9,10,11;
 endproc
 
 proc set_monomerc
 core,$nkernc
 dummy,1,2,3,4,5,6,7,8;
 endproc
 
 proc set_dimerab
 core,$nkerna+$nkernb
 dummy,9,10,11;
 endproc
 
 proc set_dimerac
 core,$nkerna+$nkernc
 dummy,6,7,8;
 endproc
 
 proc set_dimerbc
 core,$nkernb+$nkernc
 dummy,1,2,3,4,5;
 endproc
 
 proc set_trimerabc
 core,$nkerna+$nkernb+$nkernc
 endproc
 
 basis=avqz
 
 set_trimerabc
 hf
 Escf_ABC=energy
 mp2
 Emp2_ABC=energy
 Emp2_corr_ABC=(Emp2_ABC)-(Escf_ABC)
 
 set_monomera
 {hf
 start,atden}
 Escf_A=energy
 mp2
 Emp2_A=energy
 Emp2_corr_A=(Emp2_A)-(Escf_A)
 
 set_monomerb
 {hf
 start,atden}
 Escf_B=energy
 mp2
 Emp2_B=energy
 Emp2_corr_B=(Emp2_B)-(Escf_B)
 
 set_monomerc
 {hf
 start,atden}
 Escf_C=energy
 mp2
 Emp2_C=energy
 Emp2_corr_C=(Emp2_C)-(Escf_C)
 
 set_dimerab
 {hf
 start,atden}
 Escf_AB=energy
 mp2
 Emp2_AB=energy
 Emp2_corr_AB=(Emp2_AB)-(Escf_AB)
 
 set_dimerac
 {hf
 start,atden}
 Escf_AC=energy
 mp2
 Emp2_AC=energy
 Emp2_corr_AC=(Emp2_AC)-(Escf_AC)
 
 set_dimerbc
 {hf
 start,atden}
 Escf_BC=energy
 mp2
 Emp2_BC=energy
 Emp2_corr_BC=(Emp2_BC)-(Escf_BC)
 
 E_int_ABC=Emp2_ABC-(Emp2_A+Emp2_B+Emp2_C)
 E_int_AB=Emp2_AB-(Emp2_A+Emp2_B)
 E_int_AC=Emp2_AC-(Emp2_A+Emp2_C)
 E_int_BC=Emp2_BC-(Emp2_B+Emp2_C)
 E_add=E_int_AB+E_int_AC+E_int_BC
 E_nonadd_MP2=E_int_ABC-(E_int_AB+E_int_AC+E_int_BC)
                                                                                 !!!!!Correlation part of interaction energy!!!!!!
 E_int_ABC_corr=Emp2_corr_ABC-(Emp2_corr_A+Emp2_corr_B+Emp2_corr_C)
 E_int_AB_corr=Emp2_corr_AB-(Emp2_corr_A+Emp2_corr_B)
 E_int_AC_corr=Emp2_corr_AC-(Emp2_corr_A+Emp2_corr_C)
 E_int_BC_corr=Emp2_corr_BC-(Emp2_corr_B+Emp2_corr_C)
 E_int_ABC_corr_add=E_int_AB_corr+E_int_AC_corr+E_int_BC_corr
 E_int_ABC_corr_nonadd=E_int_ABC_corr-E_int_ABC_corr_add
                                                                                 !!!!HF part of interaction energy!!!!
 E_int_ABC_HF=E_int_ABC-E_int_ABC_corr
 E_int_AB_HF=E_int_AB-E_int_AB_corr
 E_int_AC_HF=E_int_AC-E_int_AC_corr
 E_int_BC_HF=E_int_BC-E_int_BC_corr
 E_int_ABC_HF_add=E_int_AB_HF+E_int_AC_HF+E_int_BC_HF
 E_int_ABC_HF_nonadd=E_int_ABC_HF-E_int_ABC_HF_add
 
 text,results in millihartree
                                                                                 !!!!Interacion Energies!!!!!!
 show,E_int_ABC,E_int_AB,E_int_AC,E_int_BC,E_add,E_nonadd_MP2
                                                                                 !!!!Correlation Part!!!!!!!!
 show,E_int_ABC_corr,E_int_AB_corr,E_int_AC_corr,E_int_BC_corr,E_int_ABC_corr_add,E_int_ABC_corr_nonadd
                                                                                 !!!!SCF Part!!!!!
 show,E_int_ABC_HF,E_int_AB_HF,E_int_AC_HF,E_int_BC_HF,E_int_ABC_HF_add,E_int_ABC_HF_nonadd

 Variables initialized (889), CPU time= 0.00 sec
 Commands  initialized (702), CPU time= 0.01 sec, 572 directives.
 Default parameters read. Elapsed time= 0.30 sec

 Checking input...
 Passed
1


                                         ***  PROGRAM SYSTEM MOLPRO  ***
                                       Copyright, TTI GmbH Stuttgart, 2015
                                    Version 2015.1 linked Jul  2 2018 15:03:07


 **********************************************************************************************************************************
 LABEL *   MP2SD(T)                                                                      
  64 bit serial version                                                                  DATE: 23-Nov-18          TIME: 10:22:52  
 **********************************************************************************************************************************

 SHA1:             
 **********************************************************************************************************************************

 THRESHOLDS:

 ZERO    =  1.00D-12  ONEINT  =  1.00D-12  TWOINT  =  1.00D-19  PREFAC  =  1.00D-14  LOCALI  =  1.00D-09  EORDER  =  1.00D-04
 ENERGY  =  1.00D-08  ETEST   =  0.00D+00  EDENS   =  0.00D+00  THRDEDEF=  1.00D-06  GRADIENT=  1.00D-02  STEP    =  1.00D-03
 ORBITAL =  1.00D-08  CIVEC   =  1.00D-05  COEFF   =  1.00D-04  PRINTCI =  5.00D-02  PUNCHCI =  9.90D+01  OPTGRAD =  3.00D-04
 OPTENERG=  1.00D-06  OPTSTEP =  3.00D-04  THRGRAD =  1.00D-10  COMPRESS=  1.00D-11  VARMIN  =  1.00D-07  VARMAX  =  1.00D-03
 THRDOUB =  0.00D+00  THRDIV  =  1.00D-05  THRRED  =  1.00D-07  THRPSP  =  1.00D+00  THRDC   =  1.00D-10  THRCS   =  1.00D-10
 THRNRM  =  1.00D-08  THREQ   =  0.00D+00  THRDE   =  1.00D+00  THRREF  =  1.00D-05  SPARFAC =  1.00D+00  THRDLP  =  1.00D-07
 THRDIA  =  1.00D-10  THRDLS  =  1.00D-07  THRGPS  =  0.00D+00  THRKEX  =  0.00D+00  THRDIS  =  2.00D-01  THRVAR  =  1.00D-10
 THRLOC  =  1.00D-06  THRGAP  =  1.00D-06  THRLOCT = -1.00D+00  THRGAPT = -1.00D+00  THRORB  =  1.00D-06  THRMLTP =  0.00D+00
 THRCPQCI=  1.00D-10  KEXTA   =  0.00D+00  THRCOARS=  0.00D+00  SYMTOL  =  1.00D-06  GRADTOL =  1.00D-06  THROVL  =  1.00D-08
 THRORTH =  1.00D-08  GRID    =  1.00D-06  GRIDMAX =  1.00D-03  DTMAX   =  0.00D+00  THROCCDE=  1.00D-01  THROCCDE=  1.00D-01


 ZUNIT=ANG
 

Geometry recognized as XYZ

 SETTING NKERNA         =         1.00000000                                  
 SETTING NKERNB         =         1.00000000                                  
 SETTING NKERNC         =         1.00000000                                  
 SETTING NKERNAB        =         2.00000000                                  
 SETTING NKERNAC        =         2.00000000                                  
 SETTING NKERNBC        =         2.00000000                                  
 SETTING NKERNABC       =         3.00000000                                  

 Variable memory set to ********** words,  buffer space   230000 words

 SETTING BASIS          =    AVQZ

 Running procedure=SET_TRIMERABC


 Recomputing integrals since basis changed


 Using spherical harmonics

 Library entry C      S aug-cc-pVQZ          selected for orbital group  1
 Library entry C      P aug-cc-pVQZ          selected for orbital group  1
 Library entry C      D aug-cc-pVQZ          selected for orbital group  1
 Library entry C      F aug-cc-pVQZ          selected for orbital group  1
 Library entry C      G aug-cc-pVQZ          selected for orbital group  1
 Library entry H      S aug-cc-pVQZ          selected for orbital group  2
 Library entry H      P aug-cc-pVQZ          selected for orbital group  2
 Library entry H      D aug-cc-pVQZ          selected for orbital group  2
 Library entry H      F aug-cc-pVQZ          selected for orbital group  2
 Library entry O      S aug-cc-pVQZ          selected for orbital group  3
 Library entry O      P aug-cc-pVQZ          selected for orbital group  3
 Library entry O      D aug-cc-pVQZ          selected for orbital group  3
 Library entry O      F aug-cc-pVQZ          selected for orbital group  3
 Library entry O      G aug-cc-pVQZ          selected for orbital group  3


 PROGRAM * SEWARD (Integral evaluation for generally contracted gaussian basis sets)     Author: Roland Lindh, 1990

 Geometry written to block  1 of record 700


 Point group  C1  



 ATOMIC COORDINATES

 NR  ATOM    CHARGE       X              Y              Z

   1  C1      6.00   -6.193010455    2.801518980    2.403542658
   2  H1      1.00   -4.656285171    1.699997622    3.119937832
   3  H2      1.00   -5.973046335    4.726205038    2.982932688
   4  H3      1.00   -7.940251230    2.077186956    3.118237078
   5  H4      1.00   -6.176569838    2.685300823    0.384937212
   6  O1      8.00   -5.521590763    4.689166405    9.271374312
   7  H5      1.00   -3.831230745    4.709197502    8.531168589
   8  H6      1.00   -6.460595675    6.029171200    8.401722350
   9  O2      8.00   -0.132091856   -0.427456049    5.428616238
  10  H7      1.00    1.200731980   -1.541827545    5.988353116
  11  H8      1.00   -1.735713445   -1.363059454    5.806183518

 Bond lengths in Bohr (Angstrom)

 1-2  2.021904040  1-3  2.022002335  1-4  2.021953343  1-5  2.022015060  6-7  1.845432944
     ( 1.069945541)     ( 1.069997556)     ( 1.069971630)     ( 1.070004290)     ( 0.976561058)

  6- 8  1.853007720   9-10  1.825253018   9-11  1.894601009
       ( 0.980569457)       ( 0.965882301)       ( 1.002579678)

 Bond angles

  2-1-3  109.53398059   2-1-4  109.65604535   2-1-5  108.43490854   3-1-4  109.49436728

  3- 1- 5  109.86987750   4- 1- 5  109.83468330   7- 6- 8  105.54946434  10- 9-11  104.80057086

 NUCLEAR CHARGE:                   30
 NUMBER OF PRIMITIVE AOS:         810
 NUMBER OF SYMMETRY AOS:          663
 NUMBER OF CONTRACTIONS:          608   ( 608A   )
 NUMBER OF CORE ORBITALS:           3   (   3A   )
 NUMBER OF VALENCE ORBITALS:       20   (  20A   )


 NUCLEAR REPULSION ENERGY   70.83349969


 Eigenvalues of metric

         1 0.818E-05 0.128E-04 0.200E-04 0.310E-04 0.398E-04 0.569E-04 0.621E-04 0.715E-04


 Contracted 2-electron integrals neglected if value below      1.0D-19
 AO integral compression algorithm  1   Integral accuracy      1.0D-19

     105755.181 MB (compressed) written to integral file ( 71.5%)


 NUMBER OF SORTED TWO-ELECTRON INTEGRALS:17137761816.     BUFFER LENGTH:  32768
 NUMBER OF SEGMENTS: 179  SEGMENT LENGTH:   95999835      RECORD LENGTH: 524288

 Memory used in sort:      96.56 MW

 SORT1 READ 18477034090. AND WROTE 14433207795. INTEGRALS IN  41383 RECORDS. CPU TIME:   176.08 SEC, REAL TIME:   821.79 SEC
 SORT2 READ 14433207795. AND WROTE 17137761816. INTEGRALS IN 403424 RECORDS. CPU TIME:   197.34 SEC, REAL TIME:  3912.13 SEC

 FILE SIZES:   FILE 1:105788.7 MBYTE,  FILE 4:173572.9 MBYTE,   TOTAL: 279361.7 MBYTE

 OPERATOR DM      FOR CENTER  0  COORDINATES:    0.000000    0.000000    0.000000


 **********************************************************************************************************************************
 DATASETS  * FILE   NREC   LENGTH (MB)   RECORD NAMES
              1      19    98407.10       500      610      700      900      950      970     1000      129      960     1100   
                                          VAR    BASINP    GEOM    SYMINP    ZMAT    AOBASIS   BASIS     P2S    ABASIS      S 
                                         1400     1410     1200     1210     1080     1600     1650     1300     1700   
                                           T        V       H0       H01     AOSYM     SMH    MOLCAS    ERIS     OPER   

 PROGRAMS   *        TOTAL       INT
 CPU TIMES  *      1090.35   1090.20
 REAL TIME  *      5794.86 SEC
 DISK USED  *       279.36 GB      
 **********************************************************************************************************************************


 PROGRAM * RHF-SCF (CLOSED SHELL)       Authors: W. Meyer, H.-J. Werner


 NUMBER OF ELECTRONS:      15+   15-    SPACE SYMMETRY=1    SPIN SYMMETRY: Singlet 
 CONVERGENCE THRESHOLDS:    1.00E-08 (Density)    1.00E-09 (Energy)
 MAX. NUMBER OF ITERATIONS:       60
 INTERPOLATION TYPE:            DIIS
 INTERPOLATION STEPS:              2 (START)      1 (STEP)
 LEVEL SHIFTS:                  0.00 (CLOSED)  0.00 (OPEN) 



 Orbital guess generated from atomic densities. Full valence occupancy:   23

 Molecular orbital dump at record        2100.2

 Initial occupancy:  15

 ITERATION    DDIFF          GRAD             ENERGY        2-EL.EN.            DIPOLE MOMENTS         DIIS   ORB.
    1      0.000D+00      0.000D+00      -192.24713819    286.695004    0.24096   -0.35673   -0.34682    0    start
    2      0.000D+00      0.346D-02      -192.31727949    278.146572    0.19669   -0.25061   -0.21364    1    diag
    3      0.253D-02      0.210D-02      -192.34185093    281.793446    0.20907   -0.27784   -0.24603    2    diag
    4      0.910D-03      0.267D-03      -192.34271886    281.589978    0.20924   -0.27439   -0.24370    3    diag
    5      0.168D-03      0.768D-04      -192.34281080    281.598159    0.20974   -0.27463   -0.24350    4    diag
    6      0.657D-04      0.192D-04      -192.34281632    281.604713    0.20982   -0.27421   -0.24352    5    diag
    7      0.178D-04      0.454D-05      -192.34281673    281.602189    0.20982   -0.27427   -0.24346    6    diag
    8      0.551D-05      0.120D-05      -192.34281677    281.602413    0.20986   -0.27418   -0.24350    7    diag
    9      0.128D-05      0.500D-06      -192.34281677    281.602457    0.20984   -0.27421   -0.24346    8    diag
   10      0.343D-06      0.145D-06      -192.34281677    281.602424    0.20985   -0.27420   -0.24347    9    orth
   11      0.197D-06      0.163D-07      -192.34281677    281.602425    0.20985   -0.27420   -0.24347    9    diag
   12      0.226D-07      0.446D-08      -192.34281677    281.602426    0.20985   -0.27420   -0.24347    9    diag
   13      0.571D-08      0.910D-09      -192.34281677    281.602426    0.20985   -0.27420   -0.24347    0    orth

 Final occupancy:  15

 !RHF STATE 1.1 Energy               -192.342816771283
 Nuclear energy                        70.83349969
 One-electron energy                 -403.97752940
 Two-electron energy                  140.80121294
 Virial quotient                       -1.00131922
 !RHF STATE 1.1 Dipole moment           0.20984925    -0.27419879    -0.24346554
 Dipole moment /Debye                   0.53334865    -0.69689815    -0.61878715

 Orbital energies:

         1.1          2.1          3.1          4.1          5.1          6.1          7.1          8.1          9.1         10.1
    -20.572976   -20.562063   -11.194679    -1.343561    -1.335842    -0.949189    -0.708336    -0.702500    -0.584039    -0.574256

        11.1         12.1         13.1         14.1         15.1         16.1         17.1
     -0.550631    -0.548636    -0.545742    -0.512490    -0.502611     0.022820     0.033068

 HOMO     15.1    -0.502611 =     -13.6767eV
 LUMO     16.1     0.022820 =       0.6210eV
 LUMO-HOMO         0.525431 =      14.2977eV


 **********************************************************************************************************************************
 DATASETS  * FILE   NREC   LENGTH (MB)   RECORD NAMES
              1      19    98407.10       500      610      700      900      950      970     1000      129      960     1100   
                                          VAR    BASINP    GEOM    SYMINP    ZMAT    AOBASIS   BASIS     P2S    ABASIS      S 
                                         1400     1410     1200     1210     1080     1600     1650     1300     1700   
                                           T        V       H0       H01     AOSYM     SMH    MOLCAS    ERIS     OPER   

              2       5       12.24       200      700     1000      520     2100   
                                        OPTIONS   GEOM     BASIS   MCVARS     RHF  

 PROGRAMS   *        TOTAL        HF       INT
 CPU TIMES  *      3312.87   2222.53   1090.20
 REAL TIME  *      9480.83 SEC
 DISK USED  *       279.36 GB      
 **********************************************************************************************************************************
 SETTING ESCF_ABC       =      -192.34281677  AU                              


 PROGRAM * MP2 (Closed-shell)     Authors: C. Hampel, H.-J. Werner, 1991, M. Deegan, P.J. Knowles, 1992


 Convergence thresholds:  THRVAR = 1.00D-08  THRDEN = 1.00D-08

 Number of core orbitals:           3 (   3 )
 Number of closed-shell orbitals:  12 (  12 )
 Number of external orbitals:     593 ( 593 )

 Molecular orbitals read from record     2100.2  Type=RHF/CANONICAL (state 1.1)

 Number of N-1 electron functions:              12
 Number of N-2 electron functions:              78
 Number of singly external CSFs:              7116
 Number of doubly external CSFs:          25322286
 Total number of CSFs:                    25329403

 Length of J-op  integral file:               0.00 MB
 Length of K-op  integral file:              25.46 MB

 Integral transformation finished. Total CPU: 365.15 sec, npass=  1  Memory used:  55.97 MW

 Memory needed for MP2:                      1.83 MW

 SCS-MP2 correlation energy:           -0.795000376991   (PS=  1.200000  PT=  0.333333)
 SCS-MP2 total energy:               -193.137817148277


  Reference energy                   -192.342816771286
  MP2 singlet pair energy              -0.527428695207
  MP2 triplet pair energy              -0.260495265122
  MP2 correlation energy               -0.787923960329

 !MP2 total energy                   -193.130740731615


 **********************************************************************************************************************************
 DATASETS  * FILE   NREC   LENGTH (MB)   RECORD NAMES
              1      20    98759.60       500      610      700      900      950      970     1000      129      960     1100   
                                          VAR    BASINP    GEOM    SYMINP    ZMAT    AOBASIS   BASIS     P2S    ABASIS      S 
                                         1400     1410     1200     1210     1080     1600     1650     1300     1700     1380   
                                           T        V       H0       H01     AOSYM     SMH    MOLCAS    ERIS     OPER     JKOP   

              2       5       12.24       200      700     1000      520     2100   
                                        OPTIONS   GEOM     BASIS   MCVARS     RHF  

 PROGRAMS   *        TOTAL       MP2        HF       INT
 CPU TIMES  *      3682.96    370.09   2222.53   1090.20
 REAL TIME  *      9991.72 SEC
 DISK USED  *       279.36 GB      
 **********************************************************************************************************************************
 SETTING EMP2_ABC       =      -193.13074073  AU                              
 SETTING EMP2_CORR_ABC  =        -0.78792396  AU                              

 Running procedure=SET_MONOMERA

 Dummy atoms: O1  H5  H6  O2  H7  H8


 Recomputing one-electron integrals since nuclear charges changed


 PROGRAM * SEWARD (Integral evaluation for generally contracted gaussian basis sets)     Author: Roland Lindh, 1990

 Geometry written to block  1 of record 700


 Point group  C1  



 ATOMIC COORDINATES

 NR  ATOM    CHARGE       X              Y              Z

   1  C1      6.00   -6.193010455    2.801518980    2.403542658
   2  H1      1.00   -4.656285171    1.699997622    3.119937832
   3  H2      1.00   -5.973046335    4.726205038    2.982932688
   4  H3      1.00   -7.940251230    2.077186956    3.118237078
   5  H4      1.00   -6.176569838    2.685300823    0.384937212
   6  O1      0.00   -5.521590763    4.689166405    9.271374312
   7  H5      0.00   -3.831230745    4.709197502    8.531168589
   8  H6      0.00   -6.460595675    6.029171200    8.401722350
   9  O2      0.00   -0.132091856   -0.427456049    5.428616238
  10  H7      0.00    1.200731980   -1.541827545    5.988353116
  11  H8      0.00   -1.735713445   -1.363059454    5.806183518

 Bond lengths in Bohr (Angstrom)

 1-2  2.021904040  1-3  2.022002335  1-4  2.021953343  1-5  2.022015060  6-7  1.845432944
     ( 1.069945541)     ( 1.069997556)     ( 1.069971630)     ( 1.070004290)     ( 0.976561058)

  6- 8  1.853007720   9-10  1.825253018   9-11  1.894601009
       ( 0.980569457)       ( 0.965882301)       ( 1.002579678)

 Bond angles

  2-1-3  109.53398059   2-1-4  109.65604535   2-1-5  108.43490854   3-1-4  109.49436728

  3- 1- 5  109.86987750   4- 1- 5  109.83468330   7- 6- 8  105.54946434  10- 9-11  104.80057086

 NUCLEAR CHARGE:                   10
 NUMBER OF PRIMITIVE AOS:         810
 NUMBER OF SYMMETRY AOS:          663
 NUMBER OF CONTRACTIONS:          608   ( 608A   )
 NUMBER OF CORE ORBITALS:           1   (   1A   )
 NUMBER OF VALENCE ORBITALS:        8   (   8A   )

 MOLECULE CHANGED: INITIALIZING OCCUPATION AND DUMP RECORDS


 NUCLEAR REPULSION ENERGY   13.68681606


 Eigenvalues of metric

         1 0.818E-05 0.128E-04 0.200E-04 0.310E-04 0.398E-04 0.569E-04 0.621E-04 0.715E-04


 Contracted 2-electron integrals neglected if value below      1.0D-19

 OPERATOR DM      FOR CENTER  0  COORDINATES:    0.000000    0.000000    0.000000


 **********************************************************************************************************************************
 DATASETS  * FILE   NREC   LENGTH (MB)   RECORD NAMES
              1      19    98407.10       500      610      700      900      950      970     1000      129      960     1100   
                                          VAR    BASINP    GEOM    SYMINP    ZMAT    AOBASIS   BASIS     P2S    ABASIS      S 
                                         1400     1410     1200     1210     1080     1600     1650     1300     1700   
                                           T        V       H0       H01     AOSYM     SMH    MOLCAS    ERIS     OPER   

              2       5       12.24       200      700     1000      520     2100   
                                        OPTIONS   GEOM     BASIS   MCVARS     RHF  

 PROGRAMS   *        TOTAL       INT       MP2        HF       INT
 CPU TIMES  *      3683.36      0.40    370.09   2222.53   1090.20
 REAL TIME  *      9992.62 SEC
 DISK USED  *       279.36 GB      
 **********************************************************************************************************************************


 PROGRAM * RHF-SCF (CLOSED SHELL)       Authors: W. Meyer, H.-J. Werner


 NUMBER OF ELECTRONS:       5+    5-    SPACE SYMMETRY=1    SPIN SYMMETRY: Singlet 
 CONVERGENCE THRESHOLDS:    1.00E-08 (Density)    1.00E-09 (Energy)
 MAX. NUMBER OF ITERATIONS:       60
 INTERPOLATION TYPE:            DIIS
 INTERPOLATION STEPS:              2 (START)      1 (STEP)
 LEVEL SHIFTS:                  0.00 (CLOSED)  0.00 (OPEN) 



 Orbital guess generated from atomic densities. Full valence occupancy:    9

 Molecular orbital dump at record        2101.2

 Initial occupancy:   5

 ITERATION    DDIFF          GRAD             ENERGY        2-EL.EN.            DIPOLE MOMENTS         DIIS   ORB.
    1      0.000D+00      0.000D+00       -40.19609866     53.506319    0.00411   -0.00275   -0.00131    0    start
    2      0.000D+00      0.217D-02       -40.21335322     52.217641    0.00129   -0.00087   -0.00039    1    diag
    3      0.114D-02      0.844D-03       -40.21562923     52.672103    0.00182   -0.00123   -0.00056    2    diag
    4      0.322D-03      0.211D-03       -40.21594871     52.617292    0.00162   -0.00110   -0.00049    3    diag
    5      0.121D-03      0.273D-04       -40.21595420     52.619439    0.00159   -0.00108   -0.00048    4    diag
    6      0.309D-04      0.223D-05       -40.21595424     52.619576    0.00159   -0.00108   -0.00048    5    diag
    7      0.429D-05      0.179D-06       -40.21595424     52.619537    0.00159   -0.00108   -0.00048    6    diag
    8      0.168D-06      0.144D-07       -40.21595424     52.619538    0.00159   -0.00108   -0.00048    7    diag
    9      0.592D-07      0.184D-08       -40.21595424     52.619538    0.00159   -0.00108   -0.00048    8    diag
   10      0.602D-08      0.504D-09       -40.21595424     52.619538    0.00159   -0.00108   -0.00048    0    orth

 Final occupancy:   5

 !RHF STATE 1.1 Energy                -40.215954242725
 Nuclear energy                        13.68681606
 One-electron energy                  -80.21253912
 Two-electron energy                   26.30976882
 Virial quotient                       -0.99838126
 !RHF STATE 1.1 Dipole moment           0.00158687    -0.00107879    -0.00048277
 Dipole moment /Debye                   0.00403316    -0.00274182    -0.00122699

 Orbital energies:

         1.1          2.1          3.1          4.1          5.1          6.1          7.1
    -11.196222    -0.950660    -0.551889    -0.549954    -0.547776     0.021941     0.034429

 HOMO      5.1    -0.547776 =     -14.9057eV
 LUMO      6.1     0.021941 =       0.5970eV
 LUMO-HOMO         0.569717 =      15.5028eV


 **********************************************************************************************************************************
 DATASETS  * FILE   NREC   LENGTH (MB)   RECORD NAMES
              1      19    98407.10       500      610      700      900      950      970     1000      129      960     1100   
                                          VAR    BASINP    GEOM    SYMINP    ZMAT    AOBASIS   BASIS     P2S    ABASIS      S 
                                         1400     1410     1200     1210     1080     1600     1650     1300     1700   
                                           T        V       H0       H01     AOSYM     SMH    MOLCAS    ERIS     OPER   

              2       6       29.55       200      700     1000      520     2100     2101   
                                        OPTIONS   GEOM     BASIS   MCVARS     RHF      RHF  

 PROGRAMS   *        TOTAL        HF       INT       MP2        HF       INT
 CPU TIMES  *      5422.42   1739.06      0.40    370.09   2222.53   1090.20
 REAL TIME  *     12905.27 SEC
 DISK USED  *       279.36 GB      
 **********************************************************************************************************************************
 SETTING ESCF_A         =       -40.21595424  AU                              


 PROGRAM * MP2 (Closed-shell)     Authors: C. Hampel, H.-J. Werner, 1991, M. Deegan, P.J. Knowles, 1992


 Convergence thresholds:  THRVAR = 1.00D-08  THRDEN = 1.00D-08

 Number of core orbitals:           1 (   1 )
 Number of closed-shell orbitals:   4 (   4 )
 Number of external orbitals:     603 ( 603 )

 Molecular orbitals read from record     2101.2  Type=RHF/CANONICAL (state 1.1)

 Number of N-1 electron functions:               4
 Number of N-2 electron functions:              10
 Number of singly external CSFs:              2412
 Number of doubly external CSFs:           2910078
 Total number of CSFs:                     2912491

 Length of J-op  integral file:               0.00 MB
 Length of K-op  integral file:              25.46 MB

 Integral transformation finished. Total CPU: 179.66 sec, npass=  1  Memory used:  13.76 MW

 Memory needed for MP2:                      1.84 MW

 SCS-MP2 correlation energy:           -0.220470547479   (PS=  1.200000  PT=  0.333333)
 SCS-MP2 total energy:                -40.436424790203


  Reference energy                    -40.215954242725
  MP2 singlet pair energy              -0.154447151429
  MP2 triplet pair energy              -0.056465302120
  MP2 correlation energy               -0.210912453549

 !MP2 total energy                    -40.426866696274


 **********************************************************************************************************************************
 DATASETS  * FILE   NREC   LENGTH (MB)   RECORD NAMES
              1      20    98457.46       500      610      700      900      950      970     1000      129      960     1100   
                                          VAR    BASINP    GEOM    SYMINP    ZMAT    AOBASIS   BASIS     P2S    ABASIS      S 
                                         1400     1410     1200     1210     1080     1600     1650     1300     1700     1380   
                                           T        V       H0       H01     AOSYM     SMH    MOLCAS    ERIS     OPER     JKOP   

              2       6       29.55       200      700     1000      520     2100     2101   
                                        OPTIONS   GEOM     BASIS   MCVARS     RHF      RHF  

 PROGRAMS   *        TOTAL       MP2        HF       INT       MP2        HF       INT
 CPU TIMES  *      5602.82    180.40   1739.06      0.40    370.09   2222.53   1090.20
 REAL TIME  *     13188.66 SEC
 DISK USED  *       279.36 GB      
 **********************************************************************************************************************************
 SETTING EMP2_A         =       -40.42686670  AU                              
 SETTING EMP2_CORR_A    =        -0.21091245  AU                              

 Running procedure=SET_MONOMERB

 Dummy atoms: C1  H1  H2  H3  H4  O2  H7  H8


 Recomputing one-electron integrals since nuclear charges changed


 PROGRAM * SEWARD (Integral evaluation for generally contracted gaussian basis sets)     Author: Roland Lindh, 1990

 Geometry written to block  1 of record 700


 Point group  C1  



 ATOMIC COORDINATES

 NR  ATOM    CHARGE       X              Y              Z

   1  C1      0.00   -6.193010455    2.801518980    2.403542658
   2  H1      0.00   -4.656285171    1.699997622    3.119937832
   3  H2      0.00   -5.973046335    4.726205038    2.982932688
   4  H3      0.00   -7.940251230    2.077186956    3.118237078
   5  H4      0.00   -6.176569838    2.685300823    0.384937212
   6  O1      8.00   -5.521590763    4.689166405    9.271374312
   7  H5      1.00   -3.831230745    4.709197502    8.531168589
   8  H6      1.00   -6.460595675    6.029171200    8.401722350
   9  O2      0.00   -0.132091856   -0.427456049    5.428616238
  10  H7      0.00    1.200731980   -1.541827545    5.988353116
  11  H8      0.00   -1.735713445   -1.363059454    5.806183518

 Bond lengths in Bohr (Angstrom)

 1-2  2.021904040  1-3  2.022002335  1-4  2.021953343  1-5  2.022015060  6-7  1.845432944
     ( 1.069945541)     ( 1.069997556)     ( 1.069971630)     ( 1.070004290)     ( 0.976561058)

  6- 8  1.853007720   9-10  1.825253018   9-11  1.894601009
       ( 0.980569457)       ( 0.965882301)       ( 1.002579678)

 Bond angles

  2-1-3  109.53398059   2-1-4  109.65604535   2-1-5  108.43490854   3-1-4  109.49436728

  3- 1- 5  109.86987750   4- 1- 5  109.83468330   7- 6- 8  105.54946434  10- 9-11  104.80057086

 NUCLEAR CHARGE:                   10
 NUMBER OF PRIMITIVE AOS:         810
 NUMBER OF SYMMETRY AOS:          663
 NUMBER OF CONTRACTIONS:          608   ( 608A   )
 NUMBER OF CORE ORBITALS:           1   (   1A   )
 NUMBER OF VALENCE ORBITALS:        6   (   6A   )

 MOLECULE CHANGED: INITIALIZING OCCUPATION AND DUMP RECORDS


 NUCLEAR REPULSION ENERGY    8.99189736


 Eigenvalues of metric

         1 0.818E-05 0.128E-04 0.200E-04 0.310E-04 0.398E-04 0.569E-04 0.621E-04 0.715E-04


 Contracted 2-electron integrals neglected if value below      1.0D-19

 OPERATOR DM      FOR CENTER  0  COORDINATES:    0.000000    0.000000    0.000000


 **********************************************************************************************************************************
 DATASETS  * FILE   NREC   LENGTH (MB)   RECORD NAMES
              1      19    98407.10       500      610      700      900      950      970     1000      129      960     1100   
                                          VAR    BASINP    GEOM    SYMINP    ZMAT    AOBASIS   BASIS     P2S    ABASIS      S 
                                         1400     1410     1200     1210     1080     1600     1650     1300     1700   
                                           T        V       H0       H01     AOSYM     SMH    MOLCAS    ERIS     OPER   

              2       6       29.55       200      700     1000      520     2100     2101   
                                        OPTIONS   GEOM     BASIS   MCVARS     RHF      RHF  

 PROGRAMS   *        TOTAL       INT       MP2        HF       INT       MP2        HF       INT
 CPU TIMES  *      5603.22      0.40    180.40   1739.06      0.40    370.09   2222.53   1090.20
 REAL TIME  *     13189.36 SEC
 DISK USED  *       279.36 GB      
 **********************************************************************************************************************************


 PROGRAM * RHF-SCF (CLOSED SHELL)       Authors: W. Meyer, H.-J. Werner


 NUMBER OF ELECTRONS:       5+    5-    SPACE SYMMETRY=1    SPIN SYMMETRY: Singlet 
 CONVERGENCE THRESHOLDS:    1.00E-08 (Density)    1.00E-09 (Energy)
 MAX. NUMBER OF ITERATIONS:       60
 INTERPOLATION TYPE:            DIIS
 INTERPOLATION STEPS:              2 (START)      1 (STEP)
 LEVEL SHIFTS:                  0.00 (CLOSED)  0.00 (OPEN) 



 Orbital guess generated from atomic densities. Full valence occupancy:    7

 Molecular orbital dump at record        2102.2

 Initial occupancy:   5

 ITERATION    DDIFF          GRAD             ENERGY        2-EL.EN.            DIPOLE MOMENTS         DIIS   ORB.
    1      0.000D+00      0.000D+00       -76.02514075     77.402322    0.38417    0.69818   -0.82576    0    start
    2      0.000D+00      0.395D-02       -76.05188787     73.747979    0.22426    0.40497   -0.47958    1    diag
    3      0.160D-02      0.251D-02       -76.06343975     75.369687    0.26431    0.47786   -0.56576    2    diag
    4      0.608D-03      0.235D-03       -76.06363387     75.278440    0.26290    0.47480   -0.56226    3    diag
    5      0.754D-04      0.657D-04       -76.06365477     75.292719    0.26239    0.47366   -0.56096    4    diag
    6      0.235D-04      0.131D-04       -76.06365612     75.291693    0.26229    0.47340   -0.56067    5    diag
    7      0.594D-05      0.264D-05       -76.06365619     75.291840    0.26225    0.47332   -0.56057    6    diag
    8      0.164D-05      0.501D-06       -76.06365619     75.291825    0.26224    0.47329   -0.56054    7    diag
    9      0.300D-06      0.673D-07       -76.06365619     75.291817    0.26224    0.47329   -0.56054    8    diag
   10      0.410D-07      0.152D-07       -76.06365619     75.291820    0.26224    0.47329   -0.56054    9    orth
   11      0.967D-08      0.257D-08       -76.06365619     75.291819    0.26224    0.47329   -0.56054    0    orth

 Final occupancy:   5

 !RHF STATE 1.1 Energy                -76.063656189638
 Nuclear energy                         8.99189736
 One-electron energy                 -122.70146308
 Two-electron energy                   37.64590952
 Virial quotient                       -1.00201431
 !RHF STATE 1.1 Dipole moment           0.26223534     0.47328581    -0.56053815
 Dipole moment /Debye                   0.66649210     1.20289374    -1.42465255

 Orbital energies:

         1.1          2.1          3.1          4.1          5.1          6.1          7.1
    -20.567937    -1.341389    -0.708163    -0.578878    -0.508454     0.016069     0.030961

 HOMO      5.1    -0.508454 =     -13.8357eV
 LUMO      6.1     0.016069 =       0.4373eV
 LUMO-HOMO         0.524523 =      14.2730eV


 **********************************************************************************************************************************
 DATASETS  * FILE   NREC   LENGTH (MB)   RECORD NAMES
              1      19    98407.10       500      610      700      900      950      970     1000      129      960     1100   
                                          VAR    BASINP    GEOM    SYMINP    ZMAT    AOBASIS   BASIS     P2S    ABASIS      S 
                                         1400     1410     1200     1210     1080     1600     1650     1300     1700   
                                           T        V       H0       H01     AOSYM     SMH    MOLCAS    ERIS     OPER   

              2       7       46.85       200      700     1000      520     2100     2101     2102   
                                        OPTIONS   GEOM     BASIS   MCVARS     RHF      RHF      RHF  

 PROGRAMS   *        TOTAL        HF       INT       MP2        HF       INT       MP2        HF       INT
 CPU TIMES  *      7500.78   1897.56      0.40    180.40   1739.06      0.40    370.09   2222.53   1090.20
 REAL TIME  *     16262.43 SEC
 DISK USED  *       279.36 GB      
 **********************************************************************************************************************************
 SETTING ESCF_B         =       -76.06365619  AU                              


 PROGRAM * MP2 (Closed-shell)     Authors: C. Hampel, H.-J. Werner, 1991, M. Deegan, P.J. Knowles, 1992


 Convergence thresholds:  THRVAR = 1.00D-08  THRDEN = 1.00D-08

 Number of core orbitals:           1 (   1 )
 Number of closed-shell orbitals:   4 (   4 )
 Number of external orbitals:     603 ( 603 )

 Molecular orbitals read from record     2102.2  Type=RHF/CANONICAL (state 1.1)

 Number of N-1 electron functions:               4
 Number of N-2 electron functions:              10
 Number of singly external CSFs:              2412
 Number of doubly external CSFs:           2910078
 Total number of CSFs:                     2912491

 Length of J-op  integral file:               0.00 MB
 Length of K-op  integral file:              25.46 MB

 Integral transformation finished. Total CPU: 179.71 sec, npass=  1  Memory used:  13.76 MW

 Memory needed for MP2:                      1.84 MW

 SCS-MP2 correlation energy:           -0.286486642887   (PS=  1.200000  PT=  0.333333)
 SCS-MP2 total energy:                -76.350142832525


  Reference energy                    -76.063656189638
  MP2 singlet pair energy              -0.186180220081
  MP2 triplet pair energy              -0.101363108770
  MP2 correlation energy               -0.287543328851

 !MP2 total energy                    -76.351199518488


 **********************************************************************************************************************************
 DATASETS  * FILE   NREC   LENGTH (MB)   RECORD NAMES
              1      20    98457.46       500      610      700      900      950      970     1000      129      960     1100   
                                          VAR    BASINP    GEOM    SYMINP    ZMAT    AOBASIS   BASIS     P2S    ABASIS      S 
                                         1400     1410     1200     1210     1080     1600     1650     1300     1700     1380   
                                           T        V       H0       H01     AOSYM     SMH    MOLCAS    ERIS     OPER     JKOP   

              2       7       46.85       200      700     1000      520     2100     2101     2102   
                                        OPTIONS   GEOM     BASIS   MCVARS     RHF      RHF      RHF  

 PROGRAMS   *        TOTAL       MP2        HF       INT       MP2        HF       INT       MP2        HF       INT
 CPU TIMES  *      7681.23    180.45   1897.56      0.40    180.40   1739.06      0.40    370.09   2222.53   1090.20
 REAL TIME  *     16552.16 SEC
 DISK USED  *       279.36 GB      
 **********************************************************************************************************************************
 SETTING EMP2_B         =       -76.35119952  AU                              
 SETTING EMP2_CORR_B    =        -0.28754333  AU                              

 Running procedure=SET_MONOMERC

 Dummy atoms: C1  H1  H2  H3  H4  O1  H5  H6


 Recomputing one-electron integrals since nuclear charges changed


 PROGRAM * SEWARD (Integral evaluation for generally contracted gaussian basis sets)     Author: Roland Lindh, 1990

 Geometry written to block  1 of record 700


 Point group  C1  



 ATOMIC COORDINATES

 NR  ATOM    CHARGE       X              Y              Z

   1  C1      0.00   -6.193010455    2.801518980    2.403542658
   2  H1      0.00   -4.656285171    1.699997622    3.119937832
   3  H2      0.00   -5.973046335    4.726205038    2.982932688
   4  H3      0.00   -7.940251230    2.077186956    3.118237078
   5  H4      0.00   -6.176569838    2.685300823    0.384937212
   6  O1      0.00   -5.521590763    4.689166405    9.271374312
   7  H5      0.00   -3.831230745    4.709197502    8.531168589
   8  H6      0.00   -6.460595675    6.029171200    8.401722350
   9  O2      8.00   -0.132091856   -0.427456049    5.428616238
  10  H7      1.00    1.200731980   -1.541827545    5.988353116
  11  H8      1.00   -1.735713445   -1.363059454    5.806183518

 Bond lengths in Bohr (Angstrom)

 1-2  2.021904040  1-3  2.022002335  1-4  2.021953343  1-5  2.022015060  6-7  1.845432944
     ( 1.069945541)     ( 1.069997556)     ( 1.069971630)     ( 1.070004290)     ( 0.976561058)

  6- 8  1.853007720   9-10  1.825253018   9-11  1.894601009
       ( 0.980569457)       ( 0.965882301)       ( 1.002579678)

 Bond angles

  2-1-3  109.53398059   2-1-4  109.65604535   2-1-5  108.43490854   3-1-4  109.49436728

  3- 1- 5  109.86987750   4- 1- 5  109.83468330   7- 6- 8  105.54946434  10- 9-11  104.80057086

 NUCLEAR CHARGE:                   10
 NUMBER OF PRIMITIVE AOS:         810
 NUMBER OF SYMMETRY AOS:          663
 NUMBER OF CONTRACTIONS:          608   ( 608A   )
 NUMBER OF CORE ORBITALS:           1   (   1A   )
 NUMBER OF VALENCE ORBITALS:        6   (   6A   )

 MOLECULE CHANGED: INITIALIZING OCCUPATION AND DUMP RECORDS


 NUCLEAR REPULSION ENERGY    8.94474756


 Eigenvalues of metric

         1 0.818E-05 0.128E-04 0.200E-04 0.310E-04 0.398E-04 0.569E-04 0.621E-04 0.715E-04


 Contracted 2-electron integrals neglected if value below      1.0D-19

 OPERATOR DM      FOR CENTER  0  COORDINATES:    0.000000    0.000000    0.000000


 **********************************************************************************************************************************
 DATASETS  * FILE   NREC   LENGTH (MB)   RECORD NAMES
              1      19    98407.10       500      610      700      900      950      970     1000      129      960     1100   
                                          VAR    BASINP    GEOM    SYMINP    ZMAT    AOBASIS   BASIS     P2S    ABASIS      S 
                                         1400     1410     1200     1210     1080     1600     1650     1300     1700   
                                           T        V       H0       H01     AOSYM     SMH    MOLCAS    ERIS     OPER   

              2       7       46.85       200      700     1000      520     2100     2101     2102   
                                        OPTIONS   GEOM     BASIS   MCVARS     RHF      RHF      RHF  

 PROGRAMS   *        TOTAL       INT       MP2        HF       INT       MP2        HF       INT       MP2        HF       INT
 CPU TIMES  *      7681.63      0.40    180.45   1897.56      0.40    180.40   1739.06      0.40    370.09   2222.53   1090.20
 REAL TIME  *     16552.82 SEC
 DISK USED  *       279.36 GB      
 **********************************************************************************************************************************


 PROGRAM * RHF-SCF (CLOSED SHELL)       Authors: W. Meyer, H.-J. Werner


 NUMBER OF ELECTRONS:       5+    5-    SPACE SYMMETRY=1    SPIN SYMMETRY: Singlet 
 CONVERGENCE THRESHOLDS:    1.00E-08 (Density)    1.00E-09 (Energy)
 MAX. NUMBER OF ITERATIONS:       60
 INTERPOLATION TYPE:            DIIS
 INTERPOLATION STEPS:              2 (START)      1 (STEP)
 LEVEL SHIFTS:                  0.00 (CLOSED)  0.00 (OPEN) 



 Orbital guess generated from atomic densities. Full valence occupancy:    7

 Molecular orbital dump at record        2103.2

 Initial occupancy:   5

 ITERATION    DDIFF          GRAD             ENERGY        2-EL.EN.            DIPOLE MOMENTS         DIIS   ORB.
    1      0.000D+00      0.000D+00       -76.02331339     77.334274   -0.15112   -1.05017    0.47974    0    start
    2      0.000D+00      0.395D-02       -76.05017986     73.653482   -0.07567   -0.60588    0.27717    1    diag
    3      0.161D-02      0.254D-02       -76.06198691     75.292150   -0.09215   -0.71719    0.32800    2    diag
    4      0.615D-03      0.237D-03       -76.06218645     75.200496   -0.08922   -0.71258    0.32597    3    diag
    5      0.768D-04      0.674D-04       -76.06220883     75.215158   -0.08801   -0.71086    0.32522    4    diag
    6      0.259D-04      0.136D-04       -76.06221033     75.214057   -0.08763   -0.71047    0.32505    5    diag
    7      0.693D-05      0.280D-05       -76.06221041     75.214204   -0.08753   -0.71035    0.32500    6    diag
    8      0.186D-05      0.514D-06       -76.06221041     75.214187   -0.08752   -0.71031    0.32498    7    diag
    9      0.324D-06      0.702D-07       -76.06221041     75.214178   -0.08752   -0.71030    0.32498    8    diag
   10      0.496D-07      0.168D-07       -76.06221041     75.214181   -0.08752   -0.71030    0.32498    9    orth
   11      0.129D-07      0.400D-08       -76.06221041     75.214181   -0.08752   -0.71030    0.32498    9    diag
   12      0.259D-08      0.783D-09       -76.06221041     75.214181   -0.08752   -0.71030    0.32498    0    orth

 Final occupancy:   5

 !RHF STATE 1.1 Energy                -76.062210409775
 Nuclear energy                         8.94474756
 One-electron energy                 -122.61404839
 Two-electron energy                   37.60709043
 Virial quotient                       -1.00221921
 !RHF STATE 1.1 Dipole moment          -0.08751505    -0.71030363     0.32497938
 Dipole moment /Debye                  -0.22242650    -1.80529349     0.82596109

 Orbital energies:

         1.1          2.1          3.1          4.1          5.1          6.1          7.1
    -20.569174    -1.339454    -0.703905    -0.579124    -0.508275     0.018954     0.032605

 HOMO      5.1    -0.508275 =     -13.8309eV
 LUMO      6.1     0.018954 =       0.5158eV
 LUMO-HOMO         0.527229 =      14.3466eV


 **********************************************************************************************************************************
 DATASETS  * FILE   NREC   LENGTH (MB)   RECORD NAMES
              1      19    98407.10       500      610      700      900      950      970     1000      129      960     1100   
                                          VAR    BASINP    GEOM    SYMINP    ZMAT    AOBASIS   BASIS     P2S    ABASIS      S 
                                         1400     1410     1200     1210     1080     1600     1650     1300     1700   
                                           T        V       H0       H01     AOSYM     SMH    MOLCAS    ERIS     OPER   

              2       8       64.16       200      700     1000      520     2100     2101     2102     2103   
                                        OPTIONS   GEOM     BASIS   MCVARS     RHF      RHF      RHF      RHF  

 PROGRAMS   *        TOTAL        HF       INT       MP2        HF       INT       MP2        HF       INT       MP2        HF
 CPU TIMES  *      9736.86   2055.23      0.40    180.45   1897.56      0.40    180.40   1739.06      0.40    370.09   2222.53
 REAL TIME  *     19866.18 SEC
 DISK USED  *       279.36 GB      
 **********************************************************************************************************************************
 SETTING ESCF_C         =       -76.06221041  AU                              


 PROGRAM * MP2 (Closed-shell)     Authors: C. Hampel, H.-J. Werner, 1991, M. Deegan, P.J. Knowles, 1992


 Convergence thresholds:  THRVAR = 1.00D-08  THRDEN = 1.00D-08

 Number of core orbitals:           1 (   1 )
 Number of closed-shell orbitals:   4 (   4 )
 Number of external orbitals:     603 ( 603 )

 Molecular orbitals read from record     2103.2  Type=RHF/CANONICAL (state 1.1)

 Number of N-1 electron functions:               4
 Number of N-2 electron functions:              10
 Number of singly external CSFs:              2412
 Number of doubly external CSFs:           2910078
 Total number of CSFs:                     2912491

 Length of J-op  integral file:               0.00 MB
 Length of K-op  integral file:              25.46 MB

 Integral transformation finished. Total CPU: 180.18 sec, npass=  1  Memory used:  13.76 MW

 Memory needed for MP2:                      1.84 MW

 SCS-MP2 correlation energy:           -0.286963601405   (PS=  1.200000  PT=  0.333333)
 SCS-MP2 total energy:                -76.349174011180


  Reference energy                    -76.062210409774
  MP2 singlet pair energy              -0.186491786973
  MP2 triplet pair energy              -0.101528770238
  MP2 correlation energy               -0.288020557212

 !MP2 total energy                    -76.350230966986


 **********************************************************************************************************************************
 DATASETS  * FILE   NREC   LENGTH (MB)   RECORD NAMES
              1      20    98457.46       500      610      700      900      950      970     1000      129      960     1100   
                                          VAR    BASINP    GEOM    SYMINP    ZMAT    AOBASIS   BASIS     P2S    ABASIS      S 
                                         1400     1410     1200     1210     1080     1600     1650     1300     1700     1380   
                                           T        V       H0       H01     AOSYM     SMH    MOLCAS    ERIS     OPER     JKOP   

              2       8       64.16       200      700     1000      520     2100     2101     2102     2103   
                                        OPTIONS   GEOM     BASIS   MCVARS     RHF      RHF      RHF      RHF  

 PROGRAMS   *        TOTAL       MP2        HF       INT       MP2        HF       INT       MP2        HF       INT       MP2
 CPU TIMES  *      9917.78    180.91   2055.23      0.40    180.45   1897.56      0.40    180.40   1739.06      0.40    370.09
 REAL TIME  *     20227.64 SEC
 DISK USED  *       279.36 GB      
 **********************************************************************************************************************************
 SETTING EMP2_C         =       -76.35023097  AU                              
 SETTING EMP2_CORR_C    =        -0.28802056  AU                              

 Running procedure=SET_DIMERAB

 Dummy atoms: O2  H7  H8


 Recomputing one-electron integrals since nuclear charges changed


 PROGRAM * SEWARD (Integral evaluation for generally contracted gaussian basis sets)     Author: Roland Lindh, 1990

 Geometry written to block  1 of record 700


 Point group  C1  



 ATOMIC COORDINATES

 NR  ATOM    CHARGE       X              Y              Z

   1  C1      6.00   -6.193010455    2.801518980    2.403542658
   2  H1      1.00   -4.656285171    1.699997622    3.119937832
   3  H2      1.00   -5.973046335    4.726205038    2.982932688
   4  H3      1.00   -7.940251230    2.077186956    3.118237078
   5  H4      1.00   -6.176569838    2.685300823    0.384937212
   6  O1      8.00   -5.521590763    4.689166405    9.271374312
   7  H5      1.00   -3.831230745    4.709197502    8.531168589
   8  H6      1.00   -6.460595675    6.029171200    8.401722350
   9  O2      0.00   -0.132091856   -0.427456049    5.428616238
  10  H7      0.00    1.200731980   -1.541827545    5.988353116
  11  H8      0.00   -1.735713445   -1.363059454    5.806183518

 Bond lengths in Bohr (Angstrom)

 1-2  2.021904040  1-3  2.022002335  1-4  2.021953343  1-5  2.022015060  6-7  1.845432944
     ( 1.069945541)     ( 1.069997556)     ( 1.069971630)     ( 1.070004290)     ( 0.976561058)

  6- 8  1.853007720   9-10  1.825253018   9-11  1.894601009
       ( 0.980569457)       ( 0.965882301)       ( 1.002579678)

 Bond angles

  2-1-3  109.53398059   2-1-4  109.65604535   2-1-5  108.43490854   3-1-4  109.49436728

  3- 1- 5  109.86987750   4- 1- 5  109.83468330   7- 6- 8  105.54946434  10- 9-11  104.80057086

 NUCLEAR CHARGE:                   20
 NUMBER OF PRIMITIVE AOS:         810
 NUMBER OF SYMMETRY AOS:          663
 NUMBER OF CONTRACTIONS:          608   ( 608A   )
 NUMBER OF CORE ORBITALS:           2   (   2A   )
 NUMBER OF VALENCE ORBITALS:       14   (  14A   )

 MOLECULE CHANGED: INITIALIZING OCCUPATION AND DUMP RECORDS


 NUCLEAR REPULSION ENERGY   36.73986578


 Eigenvalues of metric

         1 0.818E-05 0.128E-04 0.200E-04 0.310E-04 0.398E-04 0.569E-04 0.621E-04 0.715E-04


 Contracted 2-electron integrals neglected if value below      1.0D-19

 OPERATOR DM      FOR CENTER  0  COORDINATES:    0.000000    0.000000    0.000000


 **********************************************************************************************************************************
 DATASETS  * FILE   NREC   LENGTH (MB)   RECORD NAMES
              1      19    98407.10       500      610      700      900      950      970     1000      129      960     1100   
                                          VAR    BASINP    GEOM    SYMINP    ZMAT    AOBASIS   BASIS     P2S    ABASIS      S 
                                         1400     1410     1200     1210     1080     1600     1650     1300     1700   
                                           T        V       H0       H01     AOSYM     SMH    MOLCAS    ERIS     OPER   

              2       8       64.16       200      700     1000      520     2100     2101     2102     2103   
                                        OPTIONS   GEOM     BASIS   MCVARS     RHF      RHF      RHF      RHF  

 PROGRAMS   *        TOTAL       INT       MP2        HF       INT       MP2        HF       INT       MP2        HF       INT
 CPU TIMES  *      9918.18      0.40    180.91   2055.23      0.40    180.45   1897.56      0.40    180.40   1739.06      0.40
 REAL TIME  *     20228.42 SEC
 DISK USED  *       279.36 GB      
 **********************************************************************************************************************************


 PROGRAM * RHF-SCF (CLOSED SHELL)       Authors: W. Meyer, H.-J. Werner


 NUMBER OF ELECTRONS:      10+   10-    SPACE SYMMETRY=1    SPIN SYMMETRY: Singlet 
 CONVERGENCE THRESHOLDS:    1.00E-08 (Density)    1.00E-09 (Energy)
 MAX. NUMBER OF ITERATIONS:       60
 INTERPOLATION TYPE:            DIIS
 INTERPOLATION STEPS:              2 (START)      1 (STEP)
 LEVEL SHIFTS:                  0.00 (CLOSED)  0.00 (OPEN) 



 Orbital guess generated from atomic densities. Full valence occupancy:   16

 Molecular orbital dump at record        2104.2

 Initial occupancy:  10

 ITERATION    DDIFF          GRAD             ENERGY        2-EL.EN.            DIPOLE MOMENTS         DIIS   ORB.
    1      0.000D+00      0.000D+00      -116.22068928    158.926296    0.38789    0.69411   -0.82673    0    start
    2      0.000D+00      0.320D-02      -116.26488701    154.071093    0.20505    0.35882   -0.48529    1    diag
    3      0.197D-02      0.188D-02      -116.27846354    156.099684    0.25189    0.44510   -0.57104    2    diag
    4      0.685D-03      0.279D-03      -116.27912663    155.987486    0.24879    0.43931   -0.56255    3    diag
    5      0.148D-03      0.818D-04      -116.27919568    155.981579    0.24845    0.43886   -0.56244    4    diag
    6      0.595D-04      0.199D-04      -116.27919949    155.987307    0.24818    0.43836   -0.56189    5    diag
    7      0.163D-04      0.390D-05      -116.27919971    155.985619    0.24819    0.43839   -0.56189    6    diag
    8      0.472D-05      0.975D-06      -116.27919973    155.985789    0.24817    0.43835   -0.56185    7    diag
    9      0.983D-06      0.230D-06      -116.27919973    155.985763    0.24816    0.43834   -0.56183    8    diag
   10      0.287D-06      0.272D-07      -116.27919973    155.985765    0.24816    0.43834   -0.56183    9    orth
   11      0.349D-07      0.640D-08      -116.27919973    155.985766    0.24816    0.43834   -0.56183    9    diag
   12      0.607D-08      0.172D-08      -116.27919973    155.985766    0.24816    0.43834   -0.56183    0    orth

 Final occupancy:  10

 !RHF STATE 1.1 Energy               -116.279199727058
 Nuclear energy                        36.73986578
 One-electron energy                 -231.01194859
 Two-electron energy                   77.99288308
 Virial quotient                       -1.00072826
 !RHF STATE 1.1 Dipole moment           0.24816328     0.43833648    -0.56183006
 Dipole moment /Debye                   0.63072684     1.11406724    -1.42793605

 Orbital energies:

         1.1          2.1          3.1          4.1          5.1          6.1          7.1          8.1          9.1         10.1
    -20.566706   -11.199666    -1.340373    -0.953972    -0.707177    -0.578454    -0.555592    -0.553175    -0.550991    -0.506986

        11.1         12.1
      0.020570     0.032631

 HOMO     10.1    -0.506986 =     -13.7958eV
 LUMO     11.1     0.020570 =       0.5597eV
 LUMO-HOMO         0.527556 =      14.3555eV


 **********************************************************************************************************************************
 DATASETS  * FILE   NREC   LENGTH (MB)   RECORD NAMES
              1      19    98407.10       500      610      700      900      950      970     1000      129      960     1100   
                                          VAR    BASINP    GEOM    SYMINP    ZMAT    AOBASIS   BASIS     P2S    ABASIS      S 
                                         1400     1410     1200     1210     1080     1600     1650     1300     1700   
                                           T        V       H0       H01     AOSYM     SMH    MOLCAS    ERIS     OPER   

              2       9       81.47       200      700     1000      520     2100     2101     2102     2103     2104   
                                        OPTIONS   GEOM     BASIS   MCVARS     RHF      RHF      RHF      RHF      RHF  

 PROGRAMS   *        TOTAL        HF       INT       MP2        HF       INT       MP2        HF       INT       MP2        HF
 CPU TIMES  *     11970.39   2052.21      0.40    180.91   2055.23      0.40    180.45   1897.56      0.40    180.40   1739.06
 REAL TIME  *     23593.00 SEC
 DISK USED  *       279.36 GB      
 **********************************************************************************************************************************
 SETTING ESCF_AB        =      -116.27919973  AU                              


 PROGRAM * MP2 (Closed-shell)     Authors: C. Hampel, H.-J. Werner, 1991, M. Deegan, P.J. Knowles, 1992


 Convergence thresholds:  THRVAR = 1.00D-08  THRDEN = 1.00D-08

 Number of core orbitals:           2 (   2 )
 Number of closed-shell orbitals:   8 (   8 )
 Number of external orbitals:     598 ( 598 )

 Molecular orbitals read from record     2104.2  Type=RHF/CANONICAL (state 1.1)

 Number of N-1 electron functions:               8
 Number of N-2 electron functions:              36
 Number of singly external CSFs:              4784
 Number of doubly external CSFs:          11445720
 Total number of CSFs:                    11450505

 Length of J-op  integral file:               0.00 MB
 Length of K-op  integral file:              25.46 MB

 Integral transformation finished. Total CPU: 251.91 sec, npass=  1  Memory used:  30.42 MW

 Memory needed for MP2:                      1.84 MW

 SCS-MP2 correlation energy:           -0.507502646068   (PS=  1.200000  PT=  0.333333)
 SCS-MP2 total energy:               -116.786702373127


  Reference energy                   -116.279199727059
  MP2 singlet pair energy              -0.340816833296
  MP2 triplet pair energy              -0.158339645539
  MP2 correlation energy               -0.499156478835

 !MP2 total energy                   -116.778356205894


 **********************************************************************************************************************************
 DATASETS  * FILE   NREC   LENGTH (MB)   RECORD NAMES
              1      20    98572.99       500      610      700      900      950      970     1000      129      960     1100   
                                          VAR    BASINP    GEOM    SYMINP    ZMAT    AOBASIS   BASIS     P2S    ABASIS      S 
                                         1400     1410     1200     1210     1080     1600     1650     1300     1700     1380   
                                           T        V       H0       H01     AOSYM     SMH    MOLCAS    ERIS     OPER     JKOP   

              2       9       81.47       200      700     1000      520     2100     2101     2102     2103     2104   
                                        OPTIONS   GEOM     BASIS   MCVARS     RHF      RHF      RHF      RHF      RHF  

 PROGRAMS   *        TOTAL       MP2        HF       INT       MP2        HF       INT       MP2        HF       INT       MP2
 CPU TIMES  *     12224.65    254.26   2052.21      0.40    180.91   2055.23      0.40    180.45   1897.56      0.40    180.40
 REAL TIME  *     23952.31 SEC
 DISK USED  *       279.36 GB      
 **********************************************************************************************************************************
 SETTING EMP2_AB        =      -116.77835621  AU                              
 SETTING EMP2_CORR_AB   =        -0.49915648  AU                              

 Running procedure=SET_DIMERAC

 Dummy atoms: O1  H5  H6


 Recomputing one-electron integrals since nuclear charges changed


 PROGRAM * SEWARD (Integral evaluation for generally contracted gaussian basis sets)     Author: Roland Lindh, 1990

 Geometry written to block  1 of record 700


 Point group  C1  



 ATOMIC COORDINATES

 NR  ATOM    CHARGE       X              Y              Z

   1  C1      6.00   -6.193010455    2.801518980    2.403542658
   2  H1      1.00   -4.656285171    1.699997622    3.119937832
   3  H2      1.00   -5.973046335    4.726205038    2.982932688
   4  H3      1.00   -7.940251230    2.077186956    3.118237078
   5  H4      1.00   -6.176569838    2.685300823    0.384937212
   6  O1      0.00   -5.521590763    4.689166405    9.271374312
   7  H5      0.00   -3.831230745    4.709197502    8.531168589
   8  H6      0.00   -6.460595675    6.029171200    8.401722350
   9  O2      8.00   -0.132091856   -0.427456049    5.428616238
  10  H7      1.00    1.200731980   -1.541827545    5.988353116
  11  H8      1.00   -1.735713445   -1.363059454    5.806183518

 Bond lengths in Bohr (Angstrom)

 1-2  2.021904040  1-3  2.022002335  1-4  2.021953343  1-5  2.022015060  6-7  1.845432944
     ( 1.069945541)     ( 1.069997556)     ( 1.069971630)     ( 1.070004290)     ( 0.976561058)

  6- 8  1.853007720   9-10  1.825253018   9-11  1.894601009
       ( 0.980569457)       ( 0.965882301)       ( 1.002579678)

 Bond angles

  2-1-3  109.53398059   2-1-4  109.65604535   2-1-5  108.43490854   3-1-4  109.49436728

  3- 1- 5  109.86987750   4- 1- 5  109.83468330   7- 6- 8  105.54946434  10- 9-11  104.80057086

 NUCLEAR CHARGE:                   20
 NUMBER OF PRIMITIVE AOS:         810
 NUMBER OF SYMMETRY AOS:          663
 NUMBER OF CONTRACTIONS:          608   ( 608A   )
 NUMBER OF CORE ORBITALS:           2   (   2A   )
 NUMBER OF VALENCE ORBITALS:       14   (  14A   )

 MOLECULE CHANGED: INITIALIZING OCCUPATION AND DUMP RECORDS


 NUCLEAR REPULSION ENERGY   35.86337232


 Eigenvalues of metric

         1 0.818E-05 0.128E-04 0.200E-04 0.310E-04 0.398E-04 0.569E-04 0.621E-04 0.715E-04


 Contracted 2-electron integrals neglected if value below      1.0D-19

 OPERATOR DM      FOR CENTER  0  COORDINATES:    0.000000    0.000000    0.000000


 **********************************************************************************************************************************
 DATASETS  * FILE   NREC   LENGTH (MB)   RECORD NAMES
              1      19    98407.10       500      610      700      900      950      970     1000      129      960     1100   
                                          VAR    BASINP    GEOM    SYMINP    ZMAT    AOBASIS   BASIS     P2S    ABASIS      S 
                                         1400     1410     1200     1210     1080     1600     1650     1300     1700   
                                           T        V       H0       H01     AOSYM     SMH    MOLCAS    ERIS     OPER   

              2       9       81.47       200      700     1000      520     2100     2101     2102     2103     2104   
                                        OPTIONS   GEOM     BASIS   MCVARS     RHF      RHF      RHF      RHF      RHF  

 PROGRAMS   *        TOTAL       INT       MP2        HF       INT       MP2        HF       INT       MP2        HF       INT
 CPU TIMES  *     12225.04      0.39    254.26   2052.21      0.40    180.91   2055.23      0.40    180.45   1897.56      0.40
 REAL TIME  *     23953.03 SEC
 DISK USED  *       279.36 GB      
 **********************************************************************************************************************************


 PROGRAM * RHF-SCF (CLOSED SHELL)       Authors: W. Meyer, H.-J. Werner


 NUMBER OF ELECTRONS:      10+   10-    SPACE SYMMETRY=1    SPIN SYMMETRY: Singlet 
 CONVERGENCE THRESHOLDS:    1.00E-08 (Density)    1.00E-09 (Energy)
 MAX. NUMBER OF ITERATIONS:       60
 INTERPOLATION TYPE:            DIIS
 INTERPOLATION STEPS:              2 (START)      1 (STEP)
 LEVEL SHIFTS:                  0.00 (CLOSED)  0.00 (OPEN) 



 Orbital guess generated from atomic densities. Full valence occupancy:   16

 Molecular orbital dump at record        2105.2

 Initial occupancy:  10

 ITERATION    DDIFF          GRAD             ENERGY        2-EL.EN.            DIPOLE MOMENTS         DIIS   ORB.
    1      0.000D+00      0.000D+00      -116.21936138    157.405820   -0.14338   -1.05289    0.47904    0    start
    2      0.000D+00      0.320D-02      -116.26346427    152.396404   -0.02211   -0.59354    0.27844    1    diag
    3      0.197D-02      0.189D-02      -116.27720698    154.481444   -0.05173   -0.71183    0.32922    2    diag
    4      0.688D-03      0.281D-03      -116.27787252    154.367919   -0.04907   -0.70191    0.32432    3    diag
    5      0.149D-03      0.827D-04      -116.27794319    154.363617   -0.04824   -0.70140    0.32409    4    diag
    6      0.606D-04      0.201D-04      -116.27794719    154.369292   -0.04797   -0.70063    0.32370    5    diag
    7      0.165D-04      0.409D-05      -116.27794743    154.367703   -0.04794   -0.70063    0.32369    6    diag
    8      0.490D-05      0.105D-05      -116.27794745    154.367886   -0.04790   -0.70056    0.32365    7    diag
    9      0.109D-05      0.245D-06      -116.27794745    154.367858   -0.04789   -0.70054    0.32364    8    diag
   10      0.322D-06      0.283D-07      -116.27794745    154.367859   -0.04789   -0.70054    0.32364    9    orth
   11      0.385D-07      0.657D-08      -116.27794745    154.367860   -0.04789   -0.70054    0.32364    9    diag
   12      0.761D-08      0.172D-08      -116.27794745    154.367860   -0.04789   -0.70054    0.32364    0    orth

 Final occupancy:  10

 !RHF STATE 1.1 Energy               -116.277947454101
 Nuclear energy                        35.86337232
 One-electron energy                 -229.32524988
 Two-electron energy                   77.18393010
 Virial quotient                       -1.00086216
 !RHF STATE 1.1 Dipole moment          -0.04788952    -0.70053583     0.32364395
 Dipole moment /Debye                  -0.12171505    -1.78046785     0.82256698

 Orbital energies:

         1.1          2.1          3.1          4.1          5.1          6.1          7.1          8.1          9.1         10.1
    -20.570247   -11.191275    -1.340719    -0.945909    -0.705519    -0.580693    -0.547030    -0.545392    -0.542499    -0.509411

        11.1         12.1
      0.022092     0.034384

 HOMO     10.1    -0.509411 =     -13.8618eV
 LUMO     11.1     0.022092 =       0.6012eV
 LUMO-HOMO         0.531503 =      14.4629eV


 **********************************************************************************************************************************
 DATASETS  * FILE   NREC   LENGTH (MB)   RECORD NAMES
              1      19    98407.10       500      610      700      900      950      970     1000      129      960     1100   
                                          VAR    BASINP    GEOM    SYMINP    ZMAT    AOBASIS   BASIS     P2S    ABASIS      S 
                                         1400     1410     1200     1210     1080     1600     1650     1300     1700   
                                           T        V       H0       H01     AOSYM     SMH    MOLCAS    ERIS     OPER   

              2      10       98.78       200      700     1000      520     2100     2101     2102     2103     2104     2105   
                                        OPTIONS   GEOM     BASIS   MCVARS     RHF      RHF      RHF      RHF      RHF      RHF  

 PROGRAMS   *        TOTAL        HF       INT       MP2        HF       INT       MP2        HF       INT       MP2        HF
 CPU TIMES  *     14254.08   2029.04      0.39    254.26   2052.21      0.40    180.91   2055.23      0.40    180.45   1897.56
 REAL TIME  *     27305.48 SEC
 DISK USED  *       279.36 GB      
 **********************************************************************************************************************************
 SETTING ESCF_AC        =      -116.27794745  AU                              


 PROGRAM * MP2 (Closed-shell)     Authors: C. Hampel, H.-J. Werner, 1991, M. Deegan, P.J. Knowles, 1992


 Convergence thresholds:  THRVAR = 1.00D-08  THRDEN = 1.00D-08

 Number of core orbitals:           2 (   2 )
 Number of closed-shell orbitals:   8 (   8 )
 Number of external orbitals:     598 ( 598 )

 Molecular orbitals read from record     2105.2  Type=RHF/CANONICAL (state 1.1)

 Number of N-1 electron functions:               8
 Number of N-2 electron functions:              36
 Number of singly external CSFs:              4784
 Number of doubly external CSFs:          11445720
 Total number of CSFs:                    11450505

 Length of J-op  integral file:               0.00 MB
 Length of K-op  integral file:              25.46 MB

 Integral transformation finished. Total CPU: 245.73 sec, npass=  1  Memory used:  30.42 MW

 Memory needed for MP2:                      1.84 MW

 SCS-MP2 correlation energy:           -0.507975410051   (PS=  1.200000  PT=  0.333333)
 SCS-MP2 total energy:               -116.785922864150


  Reference energy                   -116.277947454098
  MP2 singlet pair energy              -0.341114434965
  MP2 triplet pair energy              -0.158525498722
  MP2 correlation energy               -0.499639933686

 !MP2 total energy                   -116.777587387785


 **********************************************************************************************************************************
 DATASETS  * FILE   NREC   LENGTH (MB)   RECORD NAMES
              1      20    98572.99       500      610      700      900      950      970     1000      129      960     1100   
                                          VAR    BASINP    GEOM    SYMINP    ZMAT    AOBASIS   BASIS     P2S    ABASIS      S 
                                         1400     1410     1200     1210     1080     1600     1650     1300     1700     1380   
                                           T        V       H0       H01     AOSYM     SMH    MOLCAS    ERIS     OPER     JKOP   

              2      10       98.78       200      700     1000      520     2100     2101     2102     2103     2104     2105   
                                        OPTIONS   GEOM     BASIS   MCVARS     RHF      RHF      RHF      RHF      RHF      RHF  

 PROGRAMS   *        TOTAL       MP2        HF       INT       MP2        HF       INT       MP2        HF       INT       MP2
 CPU TIMES  *     14502.12    248.04   2029.04      0.39    254.26   2052.21      0.40    180.91   2055.23      0.40    180.45
 REAL TIME  *     27669.21 SEC
 DISK USED  *       279.36 GB      
 **********************************************************************************************************************************
 SETTING EMP2_AC        =      -116.77758739  AU                              
 SETTING EMP2_CORR_AC   =        -0.49963993  AU                              

 Running procedure=SET_DIMERBC

 Dummy atoms: C1  H1  H2  H3  H4


 Recomputing one-electron integrals since nuclear charges changed


 PROGRAM * SEWARD (Integral evaluation for generally contracted gaussian basis sets)     Author: Roland Lindh, 1990

 Geometry written to block  1 of record 700


 Point group  C1  



 ATOMIC COORDINATES

 NR  ATOM    CHARGE       X              Y              Z

   1  C1      0.00   -6.193010455    2.801518980    2.403542658
   2  H1      0.00   -4.656285171    1.699997622    3.119937832
   3  H2      0.00   -5.973046335    4.726205038    2.982932688
   4  H3      0.00   -7.940251230    2.077186956    3.118237078
   5  H4      0.00   -6.176569838    2.685300823    0.384937212
   6  O1      8.00   -5.521590763    4.689166405    9.271374312
   7  H5      1.00   -3.831230745    4.709197502    8.531168589
   8  H6      1.00   -6.460595675    6.029171200    8.401722350
   9  O2      8.00   -0.132091856   -0.427456049    5.428616238
  10  H7      1.00    1.200731980   -1.541827545    5.988353116
  11  H8      1.00   -1.735713445   -1.363059454    5.806183518

 Bond lengths in Bohr (Angstrom)

 1-2  2.021904040  1-3  2.022002335  1-4  2.021953343  1-5  2.022015060  6-7  1.845432944
     ( 1.069945541)     ( 1.069997556)     ( 1.069971630)     ( 1.070004290)     ( 0.976561058)

  6- 8  1.853007720   9-10  1.825253018   9-11  1.894601009
       ( 0.980569457)       ( 0.965882301)       ( 1.002579678)

 Bond angles

  2-1-3  109.53398059   2-1-4  109.65604535   2-1-5  108.43490854   3-1-4  109.49436728

  3- 1- 5  109.86987750   4- 1- 5  109.83468330   7- 6- 8  105.54946434  10- 9-11  104.80057086

 NUCLEAR CHARGE:                   20
 NUMBER OF PRIMITIVE AOS:         810
 NUMBER OF SYMMETRY AOS:          663
 NUMBER OF CONTRACTIONS:          608   ( 608A   )
 NUMBER OF CORE ORBITALS:           2   (   2A   )
 NUMBER OF VALENCE ORBITALS:       12   (  12A   )

 MOLECULE CHANGED: INITIALIZING OCCUPATION AND DUMP RECORDS


 NUCLEAR REPULSION ENERGY   29.85372256


 Eigenvalues of metric

         1 0.818E-05 0.128E-04 0.200E-04 0.310E-04 0.398E-04 0.569E-04 0.621E-04 0.715E-04


 Contracted 2-electron integrals neglected if value below      1.0D-19

 OPERATOR DM      FOR CENTER  0  COORDINATES:    0.000000    0.000000    0.000000


 **********************************************************************************************************************************
 DATASETS  * FILE   NREC   LENGTH (MB)   RECORD NAMES
              1      19    98407.10       500      610      700      900      950      970     1000      129      960     1100   
                                          VAR    BASINP    GEOM    SYMINP    ZMAT    AOBASIS   BASIS     P2S    ABASIS      S 
                                         1400     1410     1200     1210     1080     1600     1650     1300     1700   
                                           T        V       H0       H01     AOSYM     SMH    MOLCAS    ERIS     OPER   

              2      10       98.78       200      700     1000      520     2100     2101     2102     2103     2104     2105   
                                        OPTIONS   GEOM     BASIS   MCVARS     RHF      RHF      RHF      RHF      RHF      RHF  

 PROGRAMS   *        TOTAL       INT       MP2        HF       INT       MP2        HF       INT       MP2        HF       INT
 CPU TIMES  *     14502.52      0.39    248.04   2029.04      0.39    254.26   2052.21      0.40    180.91   2055.23      0.40
 REAL TIME  *     27670.28 SEC
 DISK USED  *       279.36 GB      
 **********************************************************************************************************************************


 PROGRAM * RHF-SCF (CLOSED SHELL)       Authors: W. Meyer, H.-J. Werner


 NUMBER OF ELECTRONS:      10+   10-    SPACE SYMMETRY=1    SPIN SYMMETRY: Singlet 
 CONVERGENCE THRESHOLDS:    1.00E-08 (Density)    1.00E-09 (Energy)
 MAX. NUMBER OF ITERATIONS:       60
 INTERPOLATION TYPE:            DIIS
 INTERPOLATION STEPS:              2 (START)      1 (STEP)
 LEVEL SHIFTS:                  0.00 (CLOSED)  0.00 (OPEN) 



 Orbital guess generated from atomic densities. Full valence occupancy:   14

 Molecular orbital dump at record        2106.2

 Initial occupancy:  10

 ITERATION    DDIFF          GRAD             ENERGY        2-EL.EN.            DIPOLE MOMENTS         DIIS   ORB.
    1      0.000D+00      0.000D+00      -152.05165344    178.604426    0.23360   -0.35268   -0.34647    0    start
    2      0.000D+00      0.394D-02      -152.10439817    171.302470    0.16346   -0.21754   -0.21010    1    diag
    3      0.225D-02      0.251D-02      -152.12713211    174.531877    0.18335   -0.25236   -0.24359    2    diag
    4      0.857D-03      0.235D-03      -152.12751871    174.351009    0.18509   -0.25072   -0.24263    3    diag
    5      0.107D-03      0.657D-04      -152.12756032    174.379491    0.18582   -0.25058   -0.24198    4    diag
    6      0.342D-04      0.132D-04      -152.12756301    174.377474    0.18617   -0.25023   -0.24205    5    diag
    7      0.887D-05      0.332D-05      -152.12756315    174.377666    0.18616   -0.25041   -0.24187    6    diag
    8      0.227D-05      0.165D-05      -152.12756317    174.377738    0.18621   -0.25030   -0.24192    7    diag
    9      0.891D-06      0.286D-06      -152.12756317    174.377707    0.18620   -0.25030   -0.24191    8    diag
   10      0.238D-06      0.371D-07      -152.12756317    174.377701    0.18620   -0.25030   -0.24191    9    orth
   11      0.368D-07      0.958D-08      -152.12756317    174.377703    0.18620   -0.25030   -0.24191    9    diag
   12      0.903D-08      0.218D-08      -152.12756317    174.377703    0.18620   -0.25030   -0.24191    0    orth

 Final occupancy:  10

 !RHF STATE 1.1 Energy               -152.127563169143
 Nuclear energy                        29.85372256
 One-electron energy                 -269.17013715
 Two-electron energy                   87.18885142
 Virial quotient                       -1.00214087
 !RHF STATE 1.1 Dipole moment           0.18620382    -0.25029526    -0.24190656
 Dipole moment /Debye                   0.47325191    -0.63614543    -0.61482486

 Orbital energies:

         1.1          2.1          3.1          4.1          5.1          6.1          7.1          8.1          9.1         10.1
    -20.571760   -20.563229    -1.342158    -1.336798    -0.706601    -0.703400    -0.582353    -0.574660    -0.511231    -0.504028

        11.1         12.1
      0.019429     0.031150

 HOMO     10.1    -0.504028 =     -13.7153eV
 LUMO     11.1     0.019429 =       0.5287eV
 LUMO-HOMO         0.523456 =      14.2440eV


 **********************************************************************************************************************************
 DATASETS  * FILE   NREC   LENGTH (MB)   RECORD NAMES
              1      19    98407.10       500      610      700      900      950      970     1000      129      960     1100   
                                          VAR    BASINP    GEOM    SYMINP    ZMAT    AOBASIS   BASIS     P2S    ABASIS      S 
                                         1400     1410     1200     1210     1080     1600     1650     1300     1700   
                                           T        V       H0       H01     AOSYM     SMH    MOLCAS    ERIS     OPER   

              2      11      116.08       200      700     1000      520     2100     2101     2102     2103     2104     2105   
                                        OPTIONS   GEOM     BASIS   MCVARS     RHF      RHF      RHF      RHF      RHF      RHF  
                                         2106   
                                          RHF  

 PROGRAMS   *        TOTAL        HF       INT       MP2        HF       INT       MP2        HF       INT       MP2        HF
 CPU TIMES  *     16526.45   2023.92      0.39    248.04   2029.04      0.39    254.26   2052.21      0.40    180.91   2055.23
 REAL TIME  *     30926.63 SEC
 DISK USED  *       279.36 GB      
 **********************************************************************************************************************************
 SETTING ESCF_BC        =      -152.12756317  AU                              


 PROGRAM * MP2 (Closed-shell)     Authors: C. Hampel, H.-J. Werner, 1991, M. Deegan, P.J. Knowles, 1992


 Convergence thresholds:  THRVAR = 1.00D-08  THRDEN = 1.00D-08

 Number of core orbitals:           2 (   2 )
 Number of closed-shell orbitals:   8 (   8 )
 Number of external orbitals:     598 ( 598 )

 Molecular orbitals read from record     2106.2  Type=RHF/CANONICAL (state 1.1)

 Number of N-1 electron functions:               8
 Number of N-2 electron functions:              36
 Number of singly external CSFs:              4784
 Number of doubly external CSFs:          11445720
 Total number of CSFs:                    11450505

 Length of J-op  integral file:               0.00 MB
 Length of K-op  integral file:              25.46 MB

 Integral transformation finished. Total CPU: 246.35 sec, npass=  1  Memory used:  30.42 MW

 Memory needed for MP2:                      1.84 MW

 SCS-MP2 correlation energy:           -0.573443239168   (PS=  1.200000  PT=  0.333333)
 SCS-MP2 total energy:               -152.701006408311


  Reference energy                   -152.127563169144
  MP2 singlet pair energy              -0.372614473857
  MP2 triplet pair energy              -0.202991577652
  MP2 correlation energy               -0.575606051509

 !MP2 total energy                   -152.703169220653


 **********************************************************************************************************************************
 DATASETS  * FILE   NREC   LENGTH (MB)   RECORD NAMES
              1      20    98572.99       500      610      700      900      950      970     1000      129      960     1100   
                                          VAR    BASINP    GEOM    SYMINP    ZMAT    AOBASIS   BASIS     P2S    ABASIS      S 
                                         1400     1410     1200     1210     1080     1600     1650     1300     1700     1380   
                                           T        V       H0       H01     AOSYM     SMH    MOLCAS    ERIS     OPER     JKOP   

              2      11      116.08       200      700     1000      520     2100     2101     2102     2103     2104     2105   
                                        OPTIONS   GEOM     BASIS   MCVARS     RHF      RHF      RHF      RHF      RHF      RHF  
                                         2106   
                                          RHF  

 PROGRAMS   *        TOTAL       MP2        HF       INT       MP2        HF       INT       MP2        HF       INT       MP2
 CPU TIMES  *     16775.11    248.65   2023.92      0.39    248.04   2029.04      0.39    254.26   2052.21      0.40    180.91
 REAL TIME  *     31272.42 SEC
 DISK USED  *       279.36 GB      
 **********************************************************************************************************************************
 SETTING EMP2_BC        =      -152.70316922  AU                              
 SETTING EMP2_CORR_BC   =        -0.57560605  AU                              
 SETTING E_INT_ABC      =        -0.00244355  AU                              
 SETTING E_INT_AB       =        -0.00028999  AU                              
 SETTING E_INT_AC       =        -0.00048972  AU                              
 SETTING E_INT_BC       =        -0.00173874  AU                              
 SETTING E_ADD          =        -0.00251845  AU                              
 SETTING E_NONADD_MP2   =     7.49009689D-05  AU                              
 SETTING E_INT_ABC_CORR =        -0.00144762  AU                              
 SETTING E_INT_AB_CORR  =        -0.00070070  AU                              
 SETTING E_INT_AC_CORR  =        -0.00070692  AU                              
 SETTING E_INT_BC_CORR  =    -4.21654486D-05  AU                              
 SETTING E_INT_ABC_CORR_ADD              =      -0.00144978  AU                              
 SETTING E_INT_ABC_CORR_NONADD           =   2.16408798D-06  AU                              
 SETTING E_INT_ABC_HF   =        -0.00099593  AU                              
 SETTING E_INT_AB_HF    =         0.00041071  AU                              
 SETTING E_INT_AC_HF    =         0.00021720  AU                              
 SETTING E_INT_BC_HF    =        -0.00169657  AU                              
 SETTING E_INT_ABC_HF_ADD                =      -0.00106867  AU                              
 SETTING E_INT_ABC_HF_NONADD             =   7.27368809D-05  AU                              

 *** results in millihartree
 E_INT_ABC        =        -0.00244355 AU
 E_INT_AB         =        -0.00028999 AU
 E_INT_AC         =        -0.00048972 AU
 E_INT_BC         =        -0.00173874 AU
 E_ADD            =        -0.00251845 AU
 E_NONADD_MP2     =         0.00007490 AU
 E_INT_ABC_CORR   =        -0.00144762 AU
 E_INT_AB_CORR    =        -0.00070070 AU
 E_INT_AC_CORR    =        -0.00070692 AU
 E_INT_BC_CORR    =        -0.00004217 AU
 E_INT_ABC_CORR_ADD       =        -0.00144978 AU
 E_INT_ABC_CORR_NONADD    =         0.00000216 AU
 E_INT_ABC_HF     =        -0.00099593 AU
 E_INT_AB_HF      =         0.00041071 AU
 E_INT_AC_HF      =         0.00021720 AU
 E_INT_BC_HF      =        -0.00169657 AU
 E_INT_ABC_HF_ADD =        -0.00106867 AU
 E_INT_ABC_HF_NONADD      =         0.00007274 AU

 MP2/aug-cc-pVQZ energy=   -152.703169220653

        MP2             HF-SCF          MP2             HF-SCF          MP2             HF-SCF          MP2             HF-SCF  
   -152.70316922   -152.12756317   -116.77758739   -116.27794745   -116.77835621   -116.27919973    -76.35023097    -76.06221041
 **********************************************************************************************************************************
 Molpro calculation terminated
 Variable memory released
