
 Primary working directories    : /net/scratch/people/plgsirous
 Secondary working directories  : /net/scratch/people/plgsirous
 Wavefunction directory         : /net/people/plgsirous/wfu/
 Main file repository           : /net/scratch/people/plgsirous/

 SHA1      : 
 NAME      : 
 ARCHNAME  : linux/x86_64
 FC        : /net/software/local/intel/impi/2018.1.163/bin64/mpiifort
 BLASLIB   : -L/net/software/local/intel/compilers_and_libraries_2018.1.163/linux/mkl/lib/intel64 -lmkl_scalapack_ilp64 -lmkl_intel_ilp64 -lmkl_intel_thread -lmkl_core -lmkl_blacs_intelmpi_ilp64 -liomp5 -lpthread -lm -ldl
 id        : pl

 Nodes     nprocs
 p2266        1

 Using customized tuning parameters: mindgm=7; mindgv=20; mindgc=1; mindgr=1; noblas=0; minvec=7
 default implementation of scratch files=df  

 ***,MP2SD(T)
 memory,14000,m
 gthresh,orbital=1d-8,energy=1d-8,twoint=1.d-19
 angstrom
 geometry={
 C1        -3.2772    1.4825     1.2719
 H1        -2.4640    0.8996     1.6510
 H2        -3.1608    2.5010     1.5785
 H3        -4.2018    1.0992     1.6501
 H4        -3.2685    1.4210     0.2037
 O1        -3.0333    5.2800     1.5066
 H5        -3.4382    5.0309     0.6555
 H6        -2.1241    4.8956     1.4894
 O2        -2.1580    -1.3713     -0.9522
 H7        -2.6632    -0.7603     -1.5237
 H8        -1.3702    -0.8605     -0.6444
   }
 
 nkerna=1
 nkernb=1
 nkernc=1
 nkernab=$nkerna+$nkernb
 nkernac=$nkerna+$nkernc
 nkernbc=$nkernb+$nkernc
 nkernabc=$nkerna+$nkernb+$nkernc
 
 proc set_monomera
 core,$nkerna
 dummy,6,7,8,9,10,11;
 endproc
 
 proc set_monomerb
 core,$nkernb
 dummy,1,2,3,4,5,9,10,11;
 endproc
 
 proc set_monomerc
 core,$nkernc
 dummy,1,2,3,4,5,6,7,8;
 endproc
 
 proc set_dimerab
 core,$nkerna+$nkernb
 dummy,9,10,11;
 endproc
 
 proc set_dimerac
 core,$nkerna+$nkernc
 dummy,6,7,8;
 endproc
 
 proc set_dimerbc
 core,$nkernb+$nkernc
 dummy,1,2,3,4,5;
 endproc
 
 proc set_trimerabc
 core,$nkerna+$nkernb+$nkernc
 endproc
 
 basis=avqz
 
 set_trimerabc
 hf
 Escf_ABC=energy
 mp2
 Emp2_ABC=energy
 Emp2_corr_ABC=(Emp2_ABC)-(Escf_ABC)
 
 set_monomera
 {hf
 start,atden}
 Escf_A=energy
 mp2
 Emp2_A=energy
 Emp2_corr_A=(Emp2_A)-(Escf_A)
 
 set_monomerb
 {hf
 start,atden}
 Escf_B=energy
 mp2
 Emp2_B=energy
 Emp2_corr_B=(Emp2_B)-(Escf_B)
 
 set_monomerc
 {hf
 start,atden}
 Escf_C=energy
 mp2
 Emp2_C=energy
 Emp2_corr_C=(Emp2_C)-(Escf_C)
 
 set_dimerab
 {hf
 start,atden}
 Escf_AB=energy
 mp2
 Emp2_AB=energy
 Emp2_corr_AB=(Emp2_AB)-(Escf_AB)
 
 set_dimerac
 {hf
 start,atden}
 Escf_AC=energy
 mp2
 Emp2_AC=energy
 Emp2_corr_AC=(Emp2_AC)-(Escf_AC)
 
 set_dimerbc
 {hf
 start,atden}
 Escf_BC=energy
 mp2
 Emp2_BC=energy
 Emp2_corr_BC=(Emp2_BC)-(Escf_BC)
 
 E_int_ABC=Emp2_ABC-(Emp2_A+Emp2_B+Emp2_C)
 E_int_AB=Emp2_AB-(Emp2_A+Emp2_B)
 E_int_AC=Emp2_AC-(Emp2_A+Emp2_C)
 E_int_BC=Emp2_BC-(Emp2_B+Emp2_C)
 E_add=E_int_AB+E_int_AC+E_int_BC
 E_nonadd_MP2=E_int_ABC-(E_int_AB+E_int_AC+E_int_BC)
                                                                                 !!!!!Correlation part of interaction energy!!!!!!
 E_int_ABC_corr=Emp2_corr_ABC-(Emp2_corr_A+Emp2_corr_B+Emp2_corr_C)
 E_int_AB_corr=Emp2_corr_AB-(Emp2_corr_A+Emp2_corr_B)
 E_int_AC_corr=Emp2_corr_AC-(Emp2_corr_A+Emp2_corr_C)
 E_int_BC_corr=Emp2_corr_BC-(Emp2_corr_B+Emp2_corr_C)
 E_int_ABC_corr_add=E_int_AB_corr+E_int_AC_corr+E_int_BC_corr
 E_int_ABC_corr_nonadd=E_int_ABC_corr-E_int_ABC_corr_add
                                                                                 !!!!HF part of interaction energy!!!!
 E_int_ABC_HF=E_int_ABC-E_int_ABC_corr
 E_int_AB_HF=E_int_AB-E_int_AB_corr
 E_int_AC_HF=E_int_AC-E_int_AC_corr
 E_int_BC_HF=E_int_BC-E_int_BC_corr
 E_int_ABC_HF_add=E_int_AB_HF+E_int_AC_HF+E_int_BC_HF
 E_int_ABC_HF_nonadd=E_int_ABC_HF-E_int_ABC_HF_add
 
 text,results in millihartree
                                                                                 !!!!Interacion Energies!!!!!!
 show,E_int_ABC,E_int_AB,E_int_AC,E_int_BC,E_add,E_nonadd_MP2
                                                                                 !!!!Correlation Part!!!!!!!!
 show,E_int_ABC_corr,E_int_AB_corr,E_int_AC_corr,E_int_BC_corr,E_int_ABC_corr_add,E_int_ABC_corr_nonadd
                                                                                 !!!!SCF Part!!!!!
 show,E_int_ABC_HF,E_int_AB_HF,E_int_AC_HF,E_int_BC_HF,E_int_ABC_HF_add,E_int_ABC_HF_nonadd

 Variables initialized (889), CPU time= 0.00 sec
 Commands  initialized (702), CPU time= 0.01 sec, 572 directives.
 Default parameters read. Elapsed time= 0.27 sec

 Checking input...
 Passed
1


                                         ***  PROGRAM SYSTEM MOLPRO  ***
                                       Copyright, TTI GmbH Stuttgart, 2015
                                    Version 2015.1 linked Jul  2 2018 15:03:07


 **********************************************************************************************************************************
 LABEL *   MP2SD(T)                                                                      
  64 bit serial version                                                                  DATE: 26-Nov-18          TIME: 07:47:39  
 **********************************************************************************************************************************

 SHA1:             
 **********************************************************************************************************************************

 THRESHOLDS:

 ZERO    =  1.00D-12  ONEINT  =  1.00D-12  TWOINT  =  1.00D-19  PREFAC  =  1.00D-14  LOCALI  =  1.00D-09  EORDER  =  1.00D-04
 ENERGY  =  1.00D-08  ETEST   =  0.00D+00  EDENS   =  0.00D+00  THRDEDEF=  1.00D-06  GRADIENT=  1.00D-02  STEP    =  1.00D-03
 ORBITAL =  1.00D-08  CIVEC   =  1.00D-05  COEFF   =  1.00D-04  PRINTCI =  5.00D-02  PUNCHCI =  9.90D+01  OPTGRAD =  3.00D-04
 OPTENERG=  1.00D-06  OPTSTEP =  3.00D-04  THRGRAD =  1.00D-10  COMPRESS=  1.00D-11  VARMIN  =  1.00D-07  VARMAX  =  1.00D-03
 THRDOUB =  0.00D+00  THRDIV  =  1.00D-05  THRRED  =  1.00D-07  THRPSP  =  1.00D+00  THRDC   =  1.00D-10  THRCS   =  1.00D-10
 THRNRM  =  1.00D-08  THREQ   =  0.00D+00  THRDE   =  1.00D+00  THRREF  =  1.00D-05  SPARFAC =  1.00D+00  THRDLP  =  1.00D-07
 THRDIA  =  1.00D-10  THRDLS  =  1.00D-07  THRGPS  =  0.00D+00  THRKEX  =  0.00D+00  THRDIS  =  2.00D-01  THRVAR  =  1.00D-10
 THRLOC  =  1.00D-06  THRGAP  =  1.00D-06  THRLOCT = -1.00D+00  THRGAPT = -1.00D+00  THRORB  =  1.00D-06  THRMLTP =  0.00D+00
 THRCPQCI=  1.00D-10  KEXTA   =  0.00D+00  THRCOARS=  0.00D+00  SYMTOL  =  1.00D-06  GRADTOL =  1.00D-06  THROVL  =  1.00D-08
 THRORTH =  1.00D-08  GRID    =  1.00D-06  GRIDMAX =  1.00D-03  DTMAX   =  0.00D+00  THROCCDE=  1.00D-01  THROCCDE=  1.00D-01


 ZUNIT=ANG
 

Geometry recognized as XYZ

 SETTING NKERNA         =         1.00000000                                  
 SETTING NKERNB         =         1.00000000                                  
 SETTING NKERNC         =         1.00000000                                  
 SETTING NKERNAB        =         2.00000000                                  
 SETTING NKERNAC        =         2.00000000                                  
 SETTING NKERNBC        =         2.00000000                                  
 SETTING NKERNABC       =         3.00000000                                  

 Variable memory set to ********** words,  buffer space   230000 words

 SETTING BASIS          =    AVQZ

 Running procedure=SET_TRIMERABC


 Recomputing integrals since basis changed


 Using spherical harmonics

 Library entry C      S aug-cc-pVQZ          selected for orbital group  1
 Library entry C      P aug-cc-pVQZ          selected for orbital group  1
 Library entry C      D aug-cc-pVQZ          selected for orbital group  1
 Library entry C      F aug-cc-pVQZ          selected for orbital group  1
 Library entry C      G aug-cc-pVQZ          selected for orbital group  1
 Library entry H      S aug-cc-pVQZ          selected for orbital group  2
 Library entry H      P aug-cc-pVQZ          selected for orbital group  2
 Library entry H      D aug-cc-pVQZ          selected for orbital group  2
 Library entry H      F aug-cc-pVQZ          selected for orbital group  2
 Library entry O      S aug-cc-pVQZ          selected for orbital group  3
 Library entry O      P aug-cc-pVQZ          selected for orbital group  3
 Library entry O      D aug-cc-pVQZ          selected for orbital group  3
 Library entry O      F aug-cc-pVQZ          selected for orbital group  3
 Library entry O      G aug-cc-pVQZ          selected for orbital group  3


 PROGRAM * SEWARD (Integral evaluation for generally contracted gaussian basis sets)     Author: Roland Lindh, 1990

 Geometry written to block  1 of record 700


 Point group  C1  



 ATOMIC COORDINATES

 NR  ATOM    CHARGE       X              Y              Z

   1  C1      6.00   -6.193010455    2.801518980    2.403542658
   2  H1      1.00   -4.656285171    1.699997622    3.119937832
   3  H2      1.00   -5.973046335    4.726205038    2.982932688
   4  H3      1.00   -7.940251230    2.077186956    3.118237078
   5  H4      1.00   -6.176569838    2.685300823    0.384937212
   6  O1      8.00   -5.732106254    9.977753938    2.847061379
   7  H5      1.00   -6.497256361    9.507023160    1.238715475
   8  H6      1.00   -4.013967261    9.251343215    2.814558090
   9  O2      8.00   -4.078028977   -2.591381435   -1.799397216
  10  H7      1.00   -5.032718615   -1.436758773   -2.879375696
  11  H8      1.00   -2.589302736   -1.626109330   -1.217739515

 Bond lengths in Bohr (Angstrom)

 1-2  2.021904040  1-3  2.022002335  1-4  2.021953343  1-5  2.022015060  6-7  1.842231989
     ( 1.069945541)     ( 1.069997556)     ( 1.069971630)     ( 1.070004290)     ( 0.974867186)

  6- 8  1.865671621   9-10  1.846872847   9-11  1.867185512
       ( 0.987270905)       ( 0.977323022)       ( 0.988072022)

 Bond angles

  2-1-3  109.53398059   2-1-4  109.65604535   2-1-5  108.43490854   3-1-4  109.49436728

  3- 1- 5  109.86987750   4- 1- 5  109.83468330   7- 6- 8  105.53314040  10- 9-11  105.73056797

 NUCLEAR CHARGE:                   30
 NUMBER OF PRIMITIVE AOS:         810
 NUMBER OF SYMMETRY AOS:          663
 NUMBER OF CONTRACTIONS:          608   ( 608A   )
 NUMBER OF CORE ORBITALS:           3   (   3A   )
 NUMBER OF VALENCE ORBITALS:       20   (  20A   )


 NUCLEAR REPULSION ENERGY   67.39428500


 Eigenvalues of metric

         1 0.108E-04 0.141E-04 0.263E-04 0.278E-04 0.534E-04 0.615E-04 0.628E-04 0.809E-04


 Contracted 2-electron integrals neglected if value below      1.0D-19
 AO integral compression algorithm  1   Integral accuracy      1.0D-19

     98055.225 MB (compressed) written to integral file ( 66.6%)


 NUMBER OF SORTED TWO-ELECTRON INTEGRALS:17137761816.     BUFFER LENGTH:  32768
 NUMBER OF SEGMENTS: 179  SEGMENT LENGTH:   95999835      RECORD LENGTH: 524288

 Memory used in sort:      96.56 MW

 SORT1 READ 18398468500. AND WROTE 13361730911. INTEGRALS IN  38322 RECORDS. CPU TIME:   163.79 SEC, REAL TIME:   766.61 SEC
 SORT2 READ 13361730911. AND WROTE 17137761816. INTEGRALS IN 374051 RECORDS. CPU TIME:   190.20 SEC, REAL TIME:  4373.55 SEC

 FILE SIZES:   FILE 1: 98088.8 MBYTE,  FILE 4:160734.2 MBYTE,   TOTAL: 258822.9 MBYTE

 OPERATOR DM      FOR CENTER  0  COORDINATES:    0.000000    0.000000    0.000000


 **********************************************************************************************************************************
 DATASETS  * FILE   NREC   LENGTH (MB)   RECORD NAMES
              1      19    90927.66       500      610      700      900      950      970     1000      129      960     1100   
                                          VAR    BASINP    GEOM    SYMINP    ZMAT    AOBASIS   BASIS     P2S    ABASIS      S 
                                         1400     1410     1200     1210     1080     1600     1650     1300     1700   
                                           T        V       H0       H01     AOSYM     SMH    MOLCAS    ERIS     OPER   

 PROGRAMS   *        TOTAL       INT
 CPU TIMES  *      1001.26   1001.12
 REAL TIME  *      6201.47 SEC
 DISK USED  *       258.83 GB      
 **********************************************************************************************************************************


 PROGRAM * RHF-SCF (CLOSED SHELL)       Authors: W. Meyer, H.-J. Werner


 NUMBER OF ELECTRONS:      15+   15-    SPACE SYMMETRY=1    SPIN SYMMETRY: Singlet 
 CONVERGENCE THRESHOLDS:    1.00E-08 (Density)    1.00E-09 (Energy)
 MAX. NUMBER OF ITERATIONS:       60
 INTERPOLATION TYPE:            DIIS
 INTERPOLATION STEPS:              2 (START)      1 (STEP)
 LEVEL SHIFTS:                  0.00 (CLOSED)  0.00 (OPEN) 



 Orbital guess generated from atomic densities. Full valence occupancy:   23

 Molecular orbital dump at record        2100.2

 Initial occupancy:  15

 ITERATION    DDIFF          GRAD             ENERGY        2-EL.EN.            DIPOLE MOMENTS         DIIS   ORB.
    1      0.000D+00      0.000D+00      -192.24341709    279.287828    0.77233    0.47981   -1.09213    0    start
    2      0.000D+00      0.349D-02      -192.31448641    271.029687    0.38845    0.25659   -0.56275    1    diag
    3      0.253D-02      0.212D-02      -192.33969298    274.624099    0.48538    0.31589   -0.69726    2    diag
    4      0.911D-03      0.270D-03      -192.34057407    274.418770    0.48019    0.31397   -0.69134    3    diag
    5      0.167D-03      0.782D-04      -192.34066981    274.427176    0.47838    0.31359   -0.68938    4    diag
    6      0.648D-04      0.196D-04      -192.34067572    274.433748    0.47782    0.31321   -0.68871    5    diag
    7      0.175D-04      0.471D-05      -192.34067617    274.430956    0.47773    0.31320   -0.68866    6    diag
    8      0.539D-05      0.121D-05      -192.34067621    274.431280    0.47765    0.31312   -0.68859    7    diag
    9      0.137D-05      0.290D-06      -192.34067621    274.431246    0.47763    0.31312   -0.68856    8    diag
   10      0.347D-06      0.128D-06      -192.34067621    274.431236    0.47763    0.31311   -0.68856    9    orth
   11      0.946D-07      0.202D-07      -192.34067621    274.431237    0.47763    0.31311   -0.68856    9    diag
   12      0.207D-07      0.568D-08      -192.34067621    274.431238    0.47763    0.31311   -0.68856    9    diag
   13      0.659D-08      0.126D-08      -192.34067621    274.431238    0.47763    0.31311   -0.68856    0    orth

 Final occupancy:  15

 !RHF STATE 1.1 Energy               -192.340676213436
 Nuclear energy                        67.39428500
 One-electron energy                 -396.95058008
 Two-electron energy                  137.21561887
 Virial quotient                       -1.00130581
 !RHF STATE 1.1 Dipole moment           0.47762772     0.31310682    -0.68856325
 Dipole moment /Debye                   1.21392906     0.79578604    -1.75003860

 Orbital energies:

         1.1          2.1          3.1          4.1          5.1          6.1          7.1          8.1          9.1         10.1
    -20.571643   -20.570415   -11.202258    -1.344009    -1.341389    -0.957295    -0.710426    -0.708425    -0.583045    -0.580506

        11.1         12.1         13.1         14.1         15.1         16.1         17.1
     -0.559210    -0.556477    -0.554981    -0.510877    -0.508715     0.017646     0.032936

 HOMO     15.1    -0.508715 =     -13.8428eV
 LUMO     16.1     0.017646 =       0.4802eV
 LUMO-HOMO         0.526361 =      14.3230eV


 **********************************************************************************************************************************
 DATASETS  * FILE   NREC   LENGTH (MB)   RECORD NAMES
              1      19    90927.66       500      610      700      900      950      970     1000      129      960     1100   
                                          VAR    BASINP    GEOM    SYMINP    ZMAT    AOBASIS   BASIS     P2S    ABASIS      S 
                                         1400     1410     1200     1210     1080     1600     1650     1300     1700   
                                           T        V       H0       H01     AOSYM     SMH    MOLCAS    ERIS     OPER   

              2       5       12.24       200      700     1000      520     2100   
                                        OPTIONS   GEOM     BASIS   MCVARS     RHF  

 PROGRAMS   *        TOTAL        HF       INT
 CPU TIMES  *      3098.61   2097.35   1001.12
 REAL TIME  *      9674.04 SEC
 DISK USED  *       258.83 GB      
 **********************************************************************************************************************************
 SETTING ESCF_ABC       =      -192.34067621  AU                              


 PROGRAM * MP2 (Closed-shell)     Authors: C. Hampel, H.-J. Werner, 1991, M. Deegan, P.J. Knowles, 1992


 Convergence thresholds:  THRVAR = 1.00D-08  THRDEN = 1.00D-08

 Number of core orbitals:           3 (   3 )
 Number of closed-shell orbitals:  12 (  12 )
 Number of external orbitals:     593 ( 593 )

 Molecular orbitals read from record     2100.2  Type=RHF/CANONICAL (state 1.1)

 Number of N-1 electron functions:              12
 Number of N-2 electron functions:              78
 Number of singly external CSFs:              7116
 Number of doubly external CSFs:          25322286
 Total number of CSFs:                    25329403

 Length of J-op  integral file:               0.00 MB
 Length of K-op  integral file:              25.46 MB

 Integral transformation finished. Total CPU: 344.39 sec, npass=  1  Memory used:  55.97 MW

 Memory needed for MP2:                      1.83 MW

 SCS-MP2 correlation energy:           -0.795350105109   (PS=  1.200000  PT=  0.333333)
 SCS-MP2 total energy:               -193.136026318545


  Reference energy                   -192.340676213437
  MP2 singlet pair energy              -0.527607100694
  MP2 triplet pair energy              -0.260713260444
  MP2 correlation energy               -0.788320361138

 !MP2 total energy                   -193.128996574575


 **********************************************************************************************************************************
 DATASETS  * FILE   NREC   LENGTH (MB)   RECORD NAMES
              1      20    91280.16       500      610      700      900      950      970     1000      129      960     1100   
                                          VAR    BASINP    GEOM    SYMINP    ZMAT    AOBASIS   BASIS     P2S    ABASIS      S 
                                         1400     1410     1200     1210     1080     1600     1650     1300     1700     1380   
                                           T        V       H0       H01     AOSYM     SMH    MOLCAS    ERIS     OPER     JKOP   

              2       5       12.24       200      700     1000      520     2100   
                                        OPTIONS   GEOM     BASIS   MCVARS     RHF  

 PROGRAMS   *        TOTAL       MP2        HF       INT
 CPU TIMES  *      3447.87    349.26   2097.35   1001.12
 REAL TIME  *     10146.29 SEC
 DISK USED  *       258.83 GB      
 **********************************************************************************************************************************
 SETTING EMP2_ABC       =      -193.12899657  AU                              
 SETTING EMP2_CORR_ABC  =        -0.78832036  AU                              

 Running procedure=SET_MONOMERA

 Dummy atoms: O1  H5  H6  O2  H7  H8


 Recomputing one-electron integrals since nuclear charges changed


 PROGRAM * SEWARD (Integral evaluation for generally contracted gaussian basis sets)     Author: Roland Lindh, 1990

 Geometry written to block  1 of record 700


 Point group  C1  



 ATOMIC COORDINATES

 NR  ATOM    CHARGE       X              Y              Z

   1  C1      6.00   -6.193010455    2.801518980    2.403542658
   2  H1      1.00   -4.656285171    1.699997622    3.119937832
   3  H2      1.00   -5.973046335    4.726205038    2.982932688
   4  H3      1.00   -7.940251230    2.077186956    3.118237078
   5  H4      1.00   -6.176569838    2.685300823    0.384937212
   6  O1      0.00   -5.732106254    9.977753938    2.847061379
   7  H5      0.00   -6.497256361    9.507023160    1.238715475
   8  H6      0.00   -4.013967261    9.251343215    2.814558090
   9  O2      0.00   -4.078028977   -2.591381435   -1.799397216
  10  H7      0.00   -5.032718615   -1.436758773   -2.879375696
  11  H8      0.00   -2.589302736   -1.626109330   -1.217739515

 Bond lengths in Bohr (Angstrom)

 1-2  2.021904040  1-3  2.022002335  1-4  2.021953343  1-5  2.022015060  6-7  1.842231989
     ( 1.069945541)     ( 1.069997556)     ( 1.069971630)     ( 1.070004290)     ( 0.974867186)

  6- 8  1.865671621   9-10  1.846872847   9-11  1.867185512
       ( 0.987270905)       ( 0.977323022)       ( 0.988072022)

 Bond angles

  2-1-3  109.53398059   2-1-4  109.65604535   2-1-5  108.43490854   3-1-4  109.49436728

  3- 1- 5  109.86987750   4- 1- 5  109.83468330   7- 6- 8  105.53314040  10- 9-11  105.73056797

 NUCLEAR CHARGE:                   10
 NUMBER OF PRIMITIVE AOS:         810
 NUMBER OF SYMMETRY AOS:          663
 NUMBER OF CONTRACTIONS:          608   ( 608A   )
 NUMBER OF CORE ORBITALS:           1   (   1A   )
 NUMBER OF VALENCE ORBITALS:        8   (   8A   )

 MOLECULE CHANGED: INITIALIZING OCCUPATION AND DUMP RECORDS


 NUCLEAR REPULSION ENERGY   13.68681606


 Eigenvalues of metric

         1 0.108E-04 0.141E-04 0.263E-04 0.278E-04 0.534E-04 0.615E-04 0.628E-04 0.809E-04


 Contracted 2-electron integrals neglected if value below      1.0D-19

 OPERATOR DM      FOR CENTER  0  COORDINATES:    0.000000    0.000000    0.000000


 **********************************************************************************************************************************
 DATASETS  * FILE   NREC   LENGTH (MB)   RECORD NAMES
              1      19    90927.66       500      610      700      900      950      970     1000      129      960     1100   
                                          VAR    BASINP    GEOM    SYMINP    ZMAT    AOBASIS   BASIS     P2S    ABASIS      S 
                                         1400     1410     1200     1210     1080     1600     1650     1300     1700   
                                           T        V       H0       H01     AOSYM     SMH    MOLCAS    ERIS     OPER   

              2       5       12.24       200      700     1000      520     2100   
                                        OPTIONS   GEOM     BASIS   MCVARS     RHF  

 PROGRAMS   *        TOTAL       INT       MP2        HF       INT
 CPU TIMES  *      3448.25      0.38    349.26   2097.35   1001.12
 REAL TIME  *     10157.02 SEC
 DISK USED  *       258.83 GB      
 **********************************************************************************************************************************


 PROGRAM * RHF-SCF (CLOSED SHELL)       Authors: W. Meyer, H.-J. Werner


 NUMBER OF ELECTRONS:       5+    5-    SPACE SYMMETRY=1    SPIN SYMMETRY: Singlet 
 CONVERGENCE THRESHOLDS:    1.00E-08 (Density)    1.00E-09 (Energy)
 MAX. NUMBER OF ITERATIONS:       60
 INTERPOLATION TYPE:            DIIS
 INTERPOLATION STEPS:              2 (START)      1 (STEP)
 LEVEL SHIFTS:                  0.00 (CLOSED)  0.00 (OPEN) 



 Orbital guess generated from atomic densities. Full valence occupancy:    9

 Molecular orbital dump at record        2101.2

 Initial occupancy:   5

 ITERATION    DDIFF          GRAD             ENERGY        2-EL.EN.            DIPOLE MOMENTS         DIIS   ORB.
    1      0.000D+00      0.000D+00       -40.19609941     53.506329    0.00410   -0.00276   -0.00130    0    start
    2      0.000D+00      0.217D-02       -40.21335397     52.217650    0.00127   -0.00088   -0.00038    1    diag
    3      0.114D-02      0.844D-03       -40.21562996     52.672113    0.00181   -0.00124   -0.00054    2    diag
    4      0.319D-03      0.211D-03       -40.21594944     52.617301    0.00161   -0.00111   -0.00047    3    diag
    5      0.119D-03      0.273D-04       -40.21595493     52.619449    0.00158   -0.00109   -0.00046    4    diag
    6      0.300D-04      0.223D-05       -40.21595497     52.619585    0.00158   -0.00109   -0.00046    5    diag
    7      0.406D-05      0.179D-06       -40.21595497     52.619546    0.00158   -0.00109   -0.00046    6    diag
    8      0.171D-06      0.144D-07       -40.21595497     52.619547    0.00158   -0.00109   -0.00046    7    diag
    9      0.603D-07      0.183D-08       -40.21595497     52.619547    0.00158   -0.00109   -0.00046    8    diag
   10      0.584D-08      0.502D-09       -40.21595497     52.619547    0.00158   -0.00109   -0.00046    0    orth

 Final occupancy:   5

 !RHF STATE 1.1 Energy                -40.215954974619
 Nuclear energy                        13.68681606
 One-electron energy                  -80.21254461
 Two-electron energy                   26.30977358
 Virial quotient                       -0.99838103
 !RHF STATE 1.1 Dipole moment           0.00157565    -0.00108926    -0.00046420
 Dipole moment /Debye                   0.00400465    -0.00276845    -0.00117979

 Orbital energies:

         1.1          2.1          3.1          4.1          5.1          6.1          7.1
    -11.196222    -0.950659    -0.551888    -0.549954    -0.547775     0.022870     0.034508

 HOMO      5.1    -0.547775 =     -14.9057eV
 LUMO      6.1     0.022870 =       0.6223eV
 LUMO-HOMO         0.570644 =      15.5280eV


 **********************************************************************************************************************************
 DATASETS  * FILE   NREC   LENGTH (MB)   RECORD NAMES
              1      19    90927.66       500      610      700      900      950      970     1000      129      960     1100   
                                          VAR    BASINP    GEOM    SYMINP    ZMAT    AOBASIS   BASIS     P2S    ABASIS      S 
                                         1400     1410     1200     1210     1080     1600     1650     1300     1700   
                                           T        V       H0       H01     AOSYM     SMH    MOLCAS    ERIS     OPER   

              2       6       29.55       200      700     1000      520     2100     2101   
                                        OPTIONS   GEOM     BASIS   MCVARS     RHF      RHF  

 PROGRAMS   *        TOTAL        HF       INT       MP2        HF       INT
 CPU TIMES  *      5088.26   1640.01      0.38    349.26   2097.35   1001.12
 REAL TIME  *     12950.07 SEC
 DISK USED  *       258.83 GB      
 **********************************************************************************************************************************
 SETTING ESCF_A         =       -40.21595497  AU                              


 PROGRAM * MP2 (Closed-shell)     Authors: C. Hampel, H.-J. Werner, 1991, M. Deegan, P.J. Knowles, 1992


 Convergence thresholds:  THRVAR = 1.00D-08  THRDEN = 1.00D-08

 Number of core orbitals:           1 (   1 )
 Number of closed-shell orbitals:   4 (   4 )
 Number of external orbitals:     603 ( 603 )

 Molecular orbitals read from record     2101.2  Type=RHF/CANONICAL (state 1.1)

 Number of N-1 electron functions:               4
 Number of N-2 electron functions:              10
 Number of singly external CSFs:              2412
 Number of doubly external CSFs:           2910078
 Total number of CSFs:                     2912491

 Length of J-op  integral file:               0.00 MB
 Length of K-op  integral file:              25.46 MB

 Integral transformation finished. Total CPU: 170.21 sec, npass=  1  Memory used:  13.76 MW

 Memory needed for MP2:                      1.84 MW

 SCS-MP2 correlation energy:           -0.220479530040   (PS=  1.200000  PT=  0.333333)
 SCS-MP2 total energy:                -40.436434504659


  Reference energy                    -40.215954974619
  MP2 singlet pair energy              -0.154454116460
  MP2 triplet pair energy              -0.056466305820
  MP2 correlation energy               -0.210920422280

 !MP2 total energy                    -40.426875396899


 **********************************************************************************************************************************
 DATASETS  * FILE   NREC   LENGTH (MB)   RECORD NAMES
              1      20    90978.02       500      610      700      900      950      970     1000      129      960     1100   
                                          VAR    BASINP    GEOM    SYMINP    ZMAT    AOBASIS   BASIS     P2S    ABASIS      S 
                                         1400     1410     1200     1210     1080     1600     1650     1300     1700     1380   
                                           T        V       H0       H01     AOSYM     SMH    MOLCAS    ERIS     OPER     JKOP   

              2       6       29.55       200      700     1000      520     2100     2101   
                                        OPTIONS   GEOM     BASIS   MCVARS     RHF      RHF  

 PROGRAMS   *        TOTAL       MP2        HF       INT       MP2        HF       INT
 CPU TIMES  *      5259.23    170.96   1640.01      0.38    349.26   2097.35   1001.12
 REAL TIME  *     13240.58 SEC
 DISK USED  *       258.83 GB      
 **********************************************************************************************************************************
 SETTING EMP2_A         =       -40.42687540  AU                              
 SETTING EMP2_CORR_A    =        -0.21092042  AU                              

 Running procedure=SET_MONOMERB

 Dummy atoms: C1  H1  H2  H3  H4  O2  H7  H8


 Recomputing one-electron integrals since nuclear charges changed


 PROGRAM * SEWARD (Integral evaluation for generally contracted gaussian basis sets)     Author: Roland Lindh, 1990

 Geometry written to block  1 of record 700


 Point group  C1  



 ATOMIC COORDINATES

 NR  ATOM    CHARGE       X              Y              Z

   1  C1      0.00   -6.193010455    2.801518980    2.403542658
   2  H1      0.00   -4.656285171    1.699997622    3.119937832
   3  H2      0.00   -5.973046335    4.726205038    2.982932688
   4  H3      0.00   -7.940251230    2.077186956    3.118237078
   5  H4      0.00   -6.176569838    2.685300823    0.384937212
   6  O1      8.00   -5.732106254    9.977753938    2.847061379
   7  H5      1.00   -6.497256361    9.507023160    1.238715475
   8  H6      1.00   -4.013967261    9.251343215    2.814558090
   9  O2      0.00   -4.078028977   -2.591381435   -1.799397216
  10  H7      0.00   -5.032718615   -1.436758773   -2.879375696
  11  H8      0.00   -2.589302736   -1.626109330   -1.217739515

 Bond lengths in Bohr (Angstrom)

 1-2  2.021904040  1-3  2.022002335  1-4  2.021953343  1-5  2.022015060  6-7  1.842231989
     ( 1.069945541)     ( 1.069997556)     ( 1.069971630)     ( 1.070004290)     ( 0.974867186)

  6- 8  1.865671621   9-10  1.846872847   9-11  1.867185512
       ( 0.987270905)       ( 0.977323022)       ( 0.988072022)

 Bond angles

  2-1-3  109.53398059   2-1-4  109.65604535   2-1-5  108.43490854   3-1-4  109.49436728

  3- 1- 5  109.86987750   4- 1- 5  109.83468330   7- 6- 8  105.53314040  10- 9-11  105.73056797

 NUCLEAR CHARGE:                   10
 NUMBER OF PRIMITIVE AOS:         810
 NUMBER OF SYMMETRY AOS:          663
 NUMBER OF CONTRACTIONS:          608   ( 608A   )
 NUMBER OF CORE ORBITALS:           1   (   1A   )
 NUMBER OF VALENCE ORBITALS:        6   (   6A   )

 MOLECULE CHANGED: INITIALIZING OCCUPATION AND DUMP RECORDS


 NUCLEAR REPULSION ENERGY    8.96929098


 Eigenvalues of metric

         1 0.108E-04 0.141E-04 0.263E-04 0.278E-04 0.534E-04 0.615E-04 0.628E-04 0.809E-04


 Contracted 2-electron integrals neglected if value below      1.0D-19

 OPERATOR DM      FOR CENTER  0  COORDINATES:    0.000000    0.000000    0.000000


 **********************************************************************************************************************************
 DATASETS  * FILE   NREC   LENGTH (MB)   RECORD NAMES
              1      19    90927.66       500      610      700      900      950      970     1000      129      960     1100   
                                          VAR    BASINP    GEOM    SYMINP    ZMAT    AOBASIS   BASIS     P2S    ABASIS      S 
                                         1400     1410     1200     1210     1080     1600     1650     1300     1700   
                                           T        V       H0       H01     AOSYM     SMH    MOLCAS    ERIS     OPER   

              2       6       29.55       200      700     1000      520     2100     2101   
                                        OPTIONS   GEOM     BASIS   MCVARS     RHF      RHF  

 PROGRAMS   *        TOTAL       INT       MP2        HF       INT       MP2        HF       INT
 CPU TIMES  *      5259.62      0.38    170.96   1640.01      0.38    349.26   2097.35   1001.12
 REAL TIME  *     13241.21 SEC
 DISK USED  *       258.83 GB      
 **********************************************************************************************************************************


 PROGRAM * RHF-SCF (CLOSED SHELL)       Authors: W. Meyer, H.-J. Werner


 NUMBER OF ELECTRONS:       5+    5-    SPACE SYMMETRY=1    SPIN SYMMETRY: Singlet 
 CONVERGENCE THRESHOLDS:    1.00E-08 (Density)    1.00E-09 (Energy)
 MAX. NUMBER OF ITERATIONS:       60
 INTERPOLATION TYPE:            DIIS
 INTERPOLATION STEPS:              2 (START)      1 (STEP)
 LEVEL SHIFTS:                  0.00 (CLOSED)  0.00 (OPEN) 



 Orbital guess generated from atomic densities. Full valence occupancy:    7

 Molecular orbital dump at record        2102.2

 Initial occupancy:   5

 ITERATION    DDIFF          GRAD             ENERGY        2-EL.EN.            DIPOLE MOMENTS         DIIS   ORB.
    1      0.000D+00      0.000D+00       -76.02461281     77.370841    0.49241   -0.61454   -0.83951    0    start
    2      0.000D+00      0.395D-02       -76.05136302     73.707118    0.28199   -0.35573   -0.48835    1    diag
    3      0.160D-02      0.252D-02       -76.06299706     75.334858    0.33375   -0.42015   -0.57630    2    diag
    4      0.607D-03      0.236D-03       -76.06319286     75.243453    0.33097   -0.41742   -0.57305    3    diag
    5      0.759D-04      0.662D-04       -76.06321419     75.257832    0.32991   -0.41639   -0.57186    4    diag
    6      0.240D-04      0.132D-04       -76.06321558     75.256781    0.32964   -0.41615   -0.57160    5    diag
    7      0.627D-05      0.269D-05       -76.06321565     75.256930    0.32955   -0.41608   -0.57152    6    diag
    8      0.171D-05      0.506D-06       -76.06321565     75.256914    0.32953   -0.41605   -0.57149    7    diag
    9      0.315D-06      0.685D-07       -76.06321565     75.256906    0.32953   -0.41605   -0.57148    8    diag
   10      0.401D-07      0.156D-07       -76.06321565     75.256909    0.32953   -0.41605   -0.57148    9    orth
   11      0.972D-08      0.280D-08       -76.06321565     75.256908    0.32953   -0.41605   -0.57148    0    orth

 Final occupancy:   5

 !RHF STATE 1.1 Energy                -76.063215654952
 Nuclear energy                         8.96929098
 One-electron energy                 -122.66096051
 Two-electron energy                   37.62845387
 Virial quotient                       -1.00212516
 !RHF STATE 1.1 Dipole moment           0.32953028    -0.41605057    -0.57148395
 Dipole moment /Debye                   0.83752757    -1.05742581    -1.45247218

 Orbital energies:

         1.1          2.1          3.1          4.1          5.1          6.1          7.1
    -20.568353    -1.340202    -0.706795    -0.578412    -0.508264     0.015687     0.033844

 HOMO      5.1    -0.508264 =     -13.8306eV
 LUMO      6.1     0.015687 =       0.4269eV
 LUMO-HOMO         0.523951 =      14.2574eV


 **********************************************************************************************************************************
 DATASETS  * FILE   NREC   LENGTH (MB)   RECORD NAMES
              1      19    90927.66       500      610      700      900      950      970     1000      129      960     1100   
                                          VAR    BASINP    GEOM    SYMINP    ZMAT    AOBASIS   BASIS     P2S    ABASIS      S 
                                         1400     1410     1200     1210     1080     1600     1650     1300     1700   
                                           T        V       H0       H01     AOSYM     SMH    MOLCAS    ERIS     OPER   

              2       7       46.85       200      700     1000      520     2100     2101     2102   
                                        OPTIONS   GEOM     BASIS   MCVARS     RHF      RHF      RHF  

 PROGRAMS   *        TOTAL        HF       INT       MP2        HF       INT       MP2        HF       INT
 CPU TIMES  *      7053.28   1793.66      0.38    170.96   1640.01      0.38    349.26   2097.35   1001.12
 REAL TIME  *     16330.62 SEC
 DISK USED  *       258.83 GB      
 **********************************************************************************************************************************
 SETTING ESCF_B         =       -76.06321565  AU                              


 PROGRAM * MP2 (Closed-shell)     Authors: C. Hampel, H.-J. Werner, 1991, M. Deegan, P.J. Knowles, 1992


 Convergence thresholds:  THRVAR = 1.00D-08  THRDEN = 1.00D-08

 Number of core orbitals:           1 (   1 )
 Number of closed-shell orbitals:   4 (   4 )
 Number of external orbitals:     603 ( 603 )

 Molecular orbitals read from record     2102.2  Type=RHF/CANONICAL (state 1.1)

 Number of N-1 electron functions:               4
 Number of N-2 electron functions:              10
 Number of singly external CSFs:              2412
 Number of doubly external CSFs:           2910078
 Total number of CSFs:                     2912491

 Length of J-op  integral file:               0.00 MB
 Length of K-op  integral file:              25.46 MB

 Integral transformation finished. Total CPU: 170.44 sec, npass=  1  Memory used:  13.76 MW

 Memory needed for MP2:                      1.84 MW

 SCS-MP2 correlation energy:           -0.286689488527   (PS=  1.200000  PT=  0.333333)
 SCS-MP2 total energy:                -76.349905143479


  Reference energy                    -76.063215654952
  MP2 singlet pair energy              -0.186315108470
  MP2 triplet pair energy              -0.101428968798
  MP2 correlation energy               -0.287744077268

 !MP2 total energy                    -76.350959732220


 **********************************************************************************************************************************
 DATASETS  * FILE   NREC   LENGTH (MB)   RECORD NAMES
              1      20    90978.02       500      610      700      900      950      970     1000      129      960     1100   
                                          VAR    BASINP    GEOM    SYMINP    ZMAT    AOBASIS   BASIS     P2S    ABASIS      S 
                                         1400     1410     1200     1210     1080     1600     1650     1300     1700     1380   
                                           T        V       H0       H01     AOSYM     SMH    MOLCAS    ERIS     OPER     JKOP   

              2       7       46.85       200      700     1000      520     2100     2101     2102   
                                        OPTIONS   GEOM     BASIS   MCVARS     RHF      RHF      RHF  

 PROGRAMS   *        TOTAL       MP2        HF       INT       MP2        HF       INT       MP2        HF       INT
 CPU TIMES  *      7224.50    171.22   1793.66      0.38    170.96   1640.01      0.38    349.26   2097.35   1001.12
 REAL TIME  *     16619.05 SEC
 DISK USED  *       258.83 GB      
 **********************************************************************************************************************************
 SETTING EMP2_B         =       -76.35095973  AU                              
 SETTING EMP2_CORR_B    =        -0.28774408  AU                              

 Running procedure=SET_MONOMERC

 Dummy atoms: C1  H1  H2  H3  H4  O1  H5  H6


 Recomputing one-electron integrals since nuclear charges changed


 PROGRAM * SEWARD (Integral evaluation for generally contracted gaussian basis sets)     Author: Roland Lindh, 1990

 Geometry written to block  1 of record 700


 Point group  C1  



 ATOMIC COORDINATES

 NR  ATOM    CHARGE       X              Y              Z

   1  C1      0.00   -6.193010455    2.801518980    2.403542658
   2  H1      0.00   -4.656285171    1.699997622    3.119937832
   3  H2      0.00   -5.973046335    4.726205038    2.982932688
   4  H3      0.00   -7.940251230    2.077186956    3.118237078
   5  H4      0.00   -6.176569838    2.685300823    0.384937212
   6  O1      0.00   -5.732106254    9.977753938    2.847061379
   7  H5      0.00   -6.497256361    9.507023160    1.238715475
   8  H6      0.00   -4.013967261    9.251343215    2.814558090
   9  O2      8.00   -4.078028977   -2.591381435   -1.799397216
  10  H7      1.00   -5.032718615   -1.436758773   -2.879375696
  11  H8      1.00   -2.589302736   -1.626109330   -1.217739515

 Bond lengths in Bohr (Angstrom)

 1-2  2.021904040  1-3  2.022002335  1-4  2.021953343  1-5  2.022015060  6-7  1.842231989
     ( 1.069945541)     ( 1.069997556)     ( 1.069971630)     ( 1.070004290)     ( 0.974867186)

  6- 8  1.865671621   9-10  1.846872847   9-11  1.867185512
       ( 0.987270905)       ( 0.977323022)       ( 0.988072022)

 Bond angles

  2-1-3  109.53398059   2-1-4  109.65604535   2-1-5  108.43490854   3-1-4  109.49436728

  3- 1- 5  109.86987750   4- 1- 5  109.83468330   7- 6- 8  105.53314040  10- 9-11  105.73056797

 NUCLEAR CHARGE:                   10
 NUMBER OF PRIMITIVE AOS:         810
 NUMBER OF SYMMETRY AOS:          663
 NUMBER OF CONTRACTIONS:          608   ( 608A   )
 NUMBER OF CORE ORBITALS:           1   (   1A   )
 NUMBER OF VALENCE ORBITALS:        6   (   6A   )

 MOLECULE CHANGED: INITIALIZING OCCUPATION AND DUMP RECORDS


 NUCLEAR REPULSION ENERGY    8.95390023


 Eigenvalues of metric

         1 0.108E-04 0.141E-04 0.263E-04 0.278E-04 0.534E-04 0.615E-04 0.628E-04 0.809E-04


 Contracted 2-electron integrals neglected if value below      1.0D-19

 OPERATOR DM      FOR CENTER  0  COORDINATES:    0.000000    0.000000    0.000000


 **********************************************************************************************************************************
 DATASETS  * FILE   NREC   LENGTH (MB)   RECORD NAMES
              1      19    90927.66       500      610      700      900      950      970     1000      129      960     1100   
                                          VAR    BASINP    GEOM    SYMINP    ZMAT    AOBASIS   BASIS     P2S    ABASIS      S 
                                         1400     1410     1200     1210     1080     1600     1650     1300     1700   
                                           T        V       H0       H01     AOSYM     SMH    MOLCAS    ERIS     OPER   

              2       7       46.85       200      700     1000      520     2100     2101     2102   
                                        OPTIONS   GEOM     BASIS   MCVARS     RHF      RHF      RHF  

 PROGRAMS   *        TOTAL       INT       MP2        HF       INT       MP2        HF       INT       MP2        HF       INT
 CPU TIMES  *      7224.89      0.37    171.22   1793.66      0.38    170.96   1640.01      0.38    349.26   2097.35   1001.12
 REAL TIME  *     16620.54 SEC
 DISK USED  *       258.83 GB      
 **********************************************************************************************************************************


 PROGRAM * RHF-SCF (CLOSED SHELL)       Authors: W. Meyer, H.-J. Werner


 NUMBER OF ELECTRONS:       5+    5-    SPACE SYMMETRY=1    SPIN SYMMETRY: Singlet 
 CONVERGENCE THRESHOLDS:    1.00E-08 (Density)    1.00E-09 (Energy)
 MAX. NUMBER OF ITERATIONS:       60
 INTERPOLATION TYPE:            DIIS
 INTERPOLATION STEPS:              2 (START)      1 (STEP)
 LEVEL SHIFTS:                  0.00 (CLOSED)  0.00 (OPEN) 



 Orbital guess generated from atomic densities. Full valence occupancy:    7

 Molecular orbital dump at record        2103.2

 Initial occupancy:   5

 ITERATION    DDIFF          GRAD             ENERGY        2-EL.EN.            DIPOLE MOMENTS         DIIS   ORB.
    1      0.000D+00      0.000D+00       -76.02433432     77.350417    0.27712    1.08788   -0.25372    0    start
    2      0.000D+00      0.395D-02       -76.05105985     73.680813    0.15760    0.62978   -0.14869    1    diag
    3      0.159D-02      0.252D-02       -76.06273552     75.312036    0.18680    0.74397   -0.17526    2    diag
    4      0.607D-03      0.236D-03       -76.06293218     75.220555    0.18503    0.73919   -0.17450    3    diag
    5      0.750D-04      0.664D-04       -76.06295371     75.234955    0.18434    0.73739   -0.17424    4    diag
    6      0.234D-04      0.133D-04       -76.06295513     75.233891    0.18416    0.73698   -0.17419    5    diag
    7      0.596D-05      0.271D-05       -76.06295520     75.234041    0.18411    0.73685   -0.17417    6    diag
    8      0.166D-05      0.510D-06       -76.06295520     75.234025    0.18410    0.73681   -0.17416    7    diag
    9      0.311D-06      0.695D-07       -76.06295520     75.234016    0.18409    0.73681   -0.17416    8    diag
   10      0.423D-07      0.159D-07       -76.06295520     75.234019    0.18409    0.73680   -0.17416    9    orth
   11      0.106D-07      0.278D-08       -76.06295520     75.234019    0.18409    0.73680   -0.17416    9    diag
   12      0.195D-08      0.492D-09       -76.06295520     75.234019    0.18409    0.73680   -0.17416    0    orth

 Final occupancy:   5

 !RHF STATE 1.1 Energy                -76.062955202300
 Nuclear energy                         8.95390023
 One-electron energy                 -122.63386474
 Two-electron energy                   37.61700930
 Virial quotient                       -1.00220423
 !RHF STATE 1.1 Dipole moment           0.18409383     0.73680475    -0.17416381
 Dipole moment /Debye                   0.46788920     1.87264822    -0.44265126

 Orbital energies:

         1.1          2.1          3.1          4.1          5.1          6.1          7.1
    -20.568545    -1.339279    -0.706288    -0.577733    -0.508079     0.015977     0.034075

 HOMO      5.1    -0.508079 =     -13.8255eV
 LUMO      6.1     0.015977 =       0.4348eV
 LUMO-HOMO         0.524056 =      14.2603eV


 **********************************************************************************************************************************
 DATASETS  * FILE   NREC   LENGTH (MB)   RECORD NAMES
              1      19    90927.66       500      610      700      900      950      970     1000      129      960     1100   
                                          VAR    BASINP    GEOM    SYMINP    ZMAT    AOBASIS   BASIS     P2S    ABASIS      S 
                                         1400     1410     1200     1210     1080     1600     1650     1300     1700   
                                           T        V       H0       H01     AOSYM     SMH    MOLCAS    ERIS     OPER   

              2       8       64.16       200      700     1000      520     2100     2101     2102     2103   
                                        OPTIONS   GEOM     BASIS   MCVARS     RHF      RHF      RHF      RHF  

 PROGRAMS   *        TOTAL        HF       INT       MP2        HF       INT       MP2        HF       INT       MP2        HF
 CPU TIMES  *      9168.20   1943.30      0.37    171.22   1793.66      0.38    170.96   1640.01      0.38    349.26   2097.35
 REAL TIME  *     19860.55 SEC
 DISK USED  *       258.83 GB      
 **********************************************************************************************************************************
 SETTING ESCF_C         =       -76.06295520  AU                              


 PROGRAM * MP2 (Closed-shell)     Authors: C. Hampel, H.-J. Werner, 1991, M. Deegan, P.J. Knowles, 1992


 Convergence thresholds:  THRVAR = 1.00D-08  THRDEN = 1.00D-08

 Number of core orbitals:           1 (   1 )
 Number of closed-shell orbitals:   4 (   4 )
 Number of external orbitals:     603 ( 603 )

 Molecular orbitals read from record     2103.2  Type=RHF/CANONICAL (state 1.1)

 Number of N-1 electron functions:               4
 Number of N-2 electron functions:              10
 Number of singly external CSFs:              2412
 Number of doubly external CSFs:           2910078
 Total number of CSFs:                     2912491

 Length of J-op  integral file:               0.00 MB
 Length of K-op  integral file:              25.46 MB

 Integral transformation finished. Total CPU: 170.54 sec, npass=  1  Memory used:  13.76 MW

 Memory needed for MP2:                      1.84 MW

 SCS-MP2 correlation energy:           -0.286785082773   (PS=  1.200000  PT=  0.333333)
 SCS-MP2 total energy:                -76.349740285072


  Reference energy                    -76.062955202300
  MP2 singlet pair energy              -0.186374932267
  MP2 triplet pair energy              -0.101467227941
  MP2 correlation energy               -0.287842160208

 !MP2 total energy                    -76.350797362508


 **********************************************************************************************************************************
 DATASETS  * FILE   NREC   LENGTH (MB)   RECORD NAMES
              1      20    90978.02       500      610      700      900      950      970     1000      129      960     1100   
                                          VAR    BASINP    GEOM    SYMINP    ZMAT    AOBASIS   BASIS     P2S    ABASIS      S 
                                         1400     1410     1200     1210     1080     1600     1650     1300     1700     1380   
                                           T        V       H0       H01     AOSYM     SMH    MOLCAS    ERIS     OPER     JKOP   

              2       8       64.16       200      700     1000      520     2100     2101     2102     2103   
                                        OPTIONS   GEOM     BASIS   MCVARS     RHF      RHF      RHF      RHF  

 PROGRAMS   *        TOTAL       MP2        HF       INT       MP2        HF       INT       MP2        HF       INT       MP2
 CPU TIMES  *      9339.50    171.29   1943.30      0.37    171.22   1793.66      0.38    170.96   1640.01      0.38    349.26
 REAL TIME  *     20191.58 SEC
 DISK USED  *       258.83 GB      
 **********************************************************************************************************************************
 SETTING EMP2_C         =       -76.35079736  AU                              
 SETTING EMP2_CORR_C    =        -0.28784216  AU                              

 Running procedure=SET_DIMERAB

 Dummy atoms: O2  H7  H8


 Recomputing one-electron integrals since nuclear charges changed


 PROGRAM * SEWARD (Integral evaluation for generally contracted gaussian basis sets)     Author: Roland Lindh, 1990

 Geometry written to block  1 of record 700


 Point group  C1  



 ATOMIC COORDINATES

 NR  ATOM    CHARGE       X              Y              Z

   1  C1      6.00   -6.193010455    2.801518980    2.403542658
   2  H1      1.00   -4.656285171    1.699997622    3.119937832
   3  H2      1.00   -5.973046335    4.726205038    2.982932688
   4  H3      1.00   -7.940251230    2.077186956    3.118237078
   5  H4      1.00   -6.176569838    2.685300823    0.384937212
   6  O1      8.00   -5.732106254    9.977753938    2.847061379
   7  H5      1.00   -6.497256361    9.507023160    1.238715475
   8  H6      1.00   -4.013967261    9.251343215    2.814558090
   9  O2      0.00   -4.078028977   -2.591381435   -1.799397216
  10  H7      0.00   -5.032718615   -1.436758773   -2.879375696
  11  H8      0.00   -2.589302736   -1.626109330   -1.217739515

 Bond lengths in Bohr (Angstrom)

 1-2  2.021904040  1-3  2.022002335  1-4  2.021953343  1-5  2.022015060  6-7  1.842231989
     ( 1.069945541)     ( 1.069997556)     ( 1.069971630)     ( 1.070004290)     ( 0.974867186)

  6- 8  1.865671621   9-10  1.846872847   9-11  1.867185512
       ( 0.987270905)       ( 0.977323022)       ( 0.988072022)

 Bond angles

  2-1-3  109.53398059   2-1-4  109.65604535   2-1-5  108.43490854   3-1-4  109.49436728

  3- 1- 5  109.86987750   4- 1- 5  109.83468330   7- 6- 8  105.53314040  10- 9-11  105.73056797

 NUCLEAR CHARGE:                   20
 NUMBER OF PRIMITIVE AOS:         810
 NUMBER OF SYMMETRY AOS:          663
 NUMBER OF CONTRACTIONS:          608   ( 608A   )
 NUMBER OF CORE ORBITALS:           2   (   2A   )
 NUMBER OF VALENCE ORBITALS:       14   (  14A   )

 MOLECULE CHANGED: INITIALIZING OCCUPATION AND DUMP RECORDS


 NUCLEAR REPULSION ENERGY   36.75387538


 Eigenvalues of metric

         1 0.108E-04 0.141E-04 0.263E-04 0.278E-04 0.534E-04 0.615E-04 0.628E-04 0.809E-04


 Contracted 2-electron integrals neglected if value below      1.0D-19

 OPERATOR DM      FOR CENTER  0  COORDINATES:    0.000000    0.000000    0.000000


 **********************************************************************************************************************************
 DATASETS  * FILE   NREC   LENGTH (MB)   RECORD NAMES
              1      19    90927.66       500      610      700      900      950      970     1000      129      960     1100   
                                          VAR    BASINP    GEOM    SYMINP    ZMAT    AOBASIS   BASIS     P2S    ABASIS      S 
                                         1400     1410     1200     1210     1080     1600     1650     1300     1700   
                                           T        V       H0       H01     AOSYM     SMH    MOLCAS    ERIS     OPER   

              2       8       64.16       200      700     1000      520     2100     2101     2102     2103   
                                        OPTIONS   GEOM     BASIS   MCVARS     RHF      RHF      RHF      RHF  

 PROGRAMS   *        TOTAL       INT       MP2        HF       INT       MP2        HF       INT       MP2        HF       INT
 CPU TIMES  *      9339.89      0.39    171.29   1943.30      0.37    171.22   1793.66      0.38    170.96   1640.01      0.38
 REAL TIME  *     20192.30 SEC
 DISK USED  *       258.83 GB      
 **********************************************************************************************************************************


 PROGRAM * RHF-SCF (CLOSED SHELL)       Authors: W. Meyer, H.-J. Werner


 NUMBER OF ELECTRONS:      10+   10-    SPACE SYMMETRY=1    SPIN SYMMETRY: Singlet 
 CONVERGENCE THRESHOLDS:    1.00E-08 (Density)    1.00E-09 (Energy)
 MAX. NUMBER OF ITERATIONS:       60
 INTERPOLATION TYPE:            DIIS
 INTERPOLATION STEPS:              2 (START)      1 (STEP)
 LEVEL SHIFTS:                  0.00 (CLOSED)  0.00 (OPEN) 



 Orbital guess generated from atomic densities. Full valence occupancy:   16

 Molecular orbital dump at record        2104.2

 Initial occupancy:  10

 ITERATION    DDIFF          GRAD             ENERGY        2-EL.EN.            DIPOLE MOMENTS         DIIS   ORB.
    1      0.000D+00      0.000D+00      -116.22069487    158.878416    0.49584   -0.60695   -0.83966    0    start
    2      0.000D+00      0.319D-02      -116.26453572    154.104188    0.26030   -0.35533   -0.45875    1    diag
    3      0.196D-02      0.186D-02      -116.27790520    156.110861    0.32012   -0.41686   -0.55538    2    diag
    4      0.677D-03      0.281D-03      -116.27856608    155.996830    0.31526   -0.40932   -0.54743    3    diag
    5      0.147D-03      0.823D-04      -116.27863634    155.991886    0.31458   -0.40926   -0.54668    4    diag
    6      0.590D-04      0.202D-04      -116.27864044    155.997516    0.31414   -0.40898   -0.54595    5    diag
    7      0.161D-04      0.421D-05      -116.27864070    155.995830    0.31411   -0.40904   -0.54594    6    diag
    8      0.479D-05      0.110D-05      -116.27864072    155.996017    0.31406   -0.40904   -0.54587    7    diag
    9      0.107D-05      0.248D-06      -116.27864072    155.995987    0.31404   -0.40904   -0.54586    8    diag
   10      0.322D-06      0.311D-07      -116.27864072    155.995988    0.31404   -0.40904   -0.54586    9    orth
   11      0.334D-07      0.840D-08      -116.27864072    155.995989    0.31404   -0.40904   -0.54586    9    diag
   12      0.792D-08      0.237D-08      -116.27864072    155.995989    0.31404   -0.40904   -0.54586    0    orth

 Final occupancy:  10

 !RHF STATE 1.1 Energy               -116.278640723734
 Nuclear energy                        36.75387538
 One-electron energy                 -231.03051078
 Two-electron energy                   77.99799468
 Virial quotient                       -1.00076046
 !RHF STATE 1.1 Dipole moment           0.31404055    -0.40903888    -0.54585746
 Dipole moment /Debye                   0.79815917    -1.03960505    -1.38734041

 Orbital energies:

         1.1          2.1          3.1          4.1          5.1          6.1          7.1          8.1          9.1         10.1
    -20.568731   -11.198625    -1.341122    -0.953797    -0.707554    -0.580185    -0.555336    -0.553522    -0.551215    -0.507172

        11.1         12.1
      0.020729     0.035047

 HOMO     10.1    -0.507172 =     -13.8009eV
 LUMO     11.1     0.020729 =       0.5641eV
 LUMO-HOMO         0.527901 =      14.3649eV


 **********************************************************************************************************************************
 DATASETS  * FILE   NREC   LENGTH (MB)   RECORD NAMES
              1      19    90927.66       500      610      700      900      950      970     1000      129      960     1100   
                                          VAR    BASINP    GEOM    SYMINP    ZMAT    AOBASIS   BASIS     P2S    ABASIS      S 
                                         1400     1410     1200     1210     1080     1600     1650     1300     1700   
                                           T        V       H0       H01     AOSYM     SMH    MOLCAS    ERIS     OPER   

              2       9       81.47       200      700     1000      520     2100     2101     2102     2103     2104   
                                        OPTIONS   GEOM     BASIS   MCVARS     RHF      RHF      RHF      RHF      RHF  

 PROGRAMS   *        TOTAL        HF       INT       MP2        HF       INT       MP2        HF       INT       MP2        HF
 CPU TIMES  *     11280.82   1940.92      0.39    171.29   1943.30      0.37    171.22   1793.66      0.38    170.96   1640.01
 REAL TIME  *     23305.68 SEC
 DISK USED  *       258.83 GB      
 **********************************************************************************************************************************
 SETTING ESCF_AB        =      -116.27864072  AU                              


 PROGRAM * MP2 (Closed-shell)     Authors: C. Hampel, H.-J. Werner, 1991, M. Deegan, P.J. Knowles, 1992


 Convergence thresholds:  THRVAR = 1.00D-08  THRDEN = 1.00D-08

 Number of core orbitals:           2 (   2 )
 Number of closed-shell orbitals:   8 (   8 )
 Number of external orbitals:     598 ( 598 )

 Molecular orbitals read from record     2104.2  Type=RHF/CANONICAL (state 1.1)

 Number of N-1 electron functions:               8
 Number of N-2 electron functions:              36
 Number of singly external CSFs:              4784
 Number of doubly external CSFs:          11445720
 Total number of CSFs:                    11450505

 Length of J-op  integral file:               0.00 MB
 Length of K-op  integral file:              25.46 MB

 Integral transformation finished. Total CPU: 237.24 sec, npass=  1  Memory used:  30.42 MW

 Memory needed for MP2:                      1.84 MW

 SCS-MP2 correlation energy:           -0.507920550505   (PS=  1.200000  PT=  0.333333)
 SCS-MP2 total energy:               -116.786561274241


  Reference energy                   -116.278640723736
  MP2 singlet pair energy              -0.340992250795
  MP2 triplet pair energy              -0.158672972491
  MP2 correlation energy               -0.499665223287

 !MP2 total energy                   -116.778305947023


 **********************************************************************************************************************************
 DATASETS  * FILE   NREC   LENGTH (MB)   RECORD NAMES
              1      20    91093.55       500      610      700      900      950      970     1000      129      960     1100   
                                          VAR    BASINP    GEOM    SYMINP    ZMAT    AOBASIS   BASIS     P2S    ABASIS      S 
                                         1400     1410     1200     1210     1080     1600     1650     1300     1700     1380   
                                           T        V       H0       H01     AOSYM     SMH    MOLCAS    ERIS     OPER     JKOP   

              2       9       81.47       200      700     1000      520     2100     2101     2102     2103     2104   
                                        OPTIONS   GEOM     BASIS   MCVARS     RHF      RHF      RHF      RHF      RHF  

 PROGRAMS   *        TOTAL       MP2        HF       INT       MP2        HF       INT       MP2        HF       INT       MP2
 CPU TIMES  *     11520.40    239.58   1940.92      0.39    171.29   1943.30      0.37    171.22   1793.66      0.38    170.96
 REAL TIME  *     23736.75 SEC
 DISK USED  *       258.83 GB      
 **********************************************************************************************************************************
 SETTING EMP2_AB        =      -116.77830595  AU                              
 SETTING EMP2_CORR_AB   =        -0.49966522  AU                              

 Running procedure=SET_DIMERAC

 Dummy atoms: O1  H5  H6


 Recomputing one-electron integrals since nuclear charges changed


 PROGRAM * SEWARD (Integral evaluation for generally contracted gaussian basis sets)     Author: Roland Lindh, 1990

 Geometry written to block  1 of record 700


 Point group  C1  



 ATOMIC COORDINATES

 NR  ATOM    CHARGE       X              Y              Z

   1  C1      6.00   -6.193010455    2.801518980    2.403542658
   2  H1      1.00   -4.656285171    1.699997622    3.119937832
   3  H2      1.00   -5.973046335    4.726205038    2.982932688
   4  H3      1.00   -7.940251230    2.077186956    3.118237078
   5  H4      1.00   -6.176569838    2.685300823    0.384937212
   6  O1      0.00   -5.732106254    9.977753938    2.847061379
   7  H5      0.00   -6.497256361    9.507023160    1.238715475
   8  H6      0.00   -4.013967261    9.251343215    2.814558090
   9  O2      8.00   -4.078028977   -2.591381435   -1.799397216
  10  H7      1.00   -5.032718615   -1.436758773   -2.879375696
  11  H8      1.00   -2.589302736   -1.626109330   -1.217739515

 Bond lengths in Bohr (Angstrom)

 1-2  2.021904040  1-3  2.022002335  1-4  2.021953343  1-5  2.022015060  6-7  1.842231989
     ( 1.069945541)     ( 1.069997556)     ( 1.069971630)     ( 1.070004290)     ( 0.974867186)

  6- 8  1.865671621   9-10  1.846872847   9-11  1.867185512
       ( 0.987270905)       ( 0.977323022)       ( 0.988072022)

 Bond angles

  2-1-3  109.53398059   2-1-4  109.65604535   2-1-5  108.43490854   3-1-4  109.49436728

  3- 1- 5  109.86987750   4- 1- 5  109.83468330   7- 6- 8  105.53314040  10- 9-11  105.73056797

 NUCLEAR CHARGE:                   20
 NUMBER OF PRIMITIVE AOS:         810
 NUMBER OF SYMMETRY AOS:          663
 NUMBER OF CONTRACTIONS:          608   ( 608A   )
 NUMBER OF CORE ORBITALS:           2   (   2A   )
 NUMBER OF VALENCE ORBITALS:       14   (  14A   )

 MOLECULE CHANGED: INITIALIZING OCCUPATION AND DUMP RECORDS


 NUCLEAR REPULSION ENERGY   36.73664214


 Eigenvalues of metric

         1 0.108E-04 0.141E-04 0.263E-04 0.278E-04 0.534E-04 0.615E-04 0.628E-04 0.809E-04


 Contracted 2-electron integrals neglected if value below      1.0D-19

 OPERATOR DM      FOR CENTER  0  COORDINATES:    0.000000    0.000000    0.000000


 **********************************************************************************************************************************
 DATASETS  * FILE   NREC   LENGTH (MB)   RECORD NAMES
              1      19    90927.66       500      610      700      900      950      970     1000      129      960     1100   
                                          VAR    BASINP    GEOM    SYMINP    ZMAT    AOBASIS   BASIS     P2S    ABASIS      S 
                                         1400     1410     1200     1210     1080     1600     1650     1300     1700   
                                           T        V       H0       H01     AOSYM     SMH    MOLCAS    ERIS     OPER   

              2       9       81.47       200      700     1000      520     2100     2101     2102     2103     2104   
                                        OPTIONS   GEOM     BASIS   MCVARS     RHF      RHF      RHF      RHF      RHF  

 PROGRAMS   *        TOTAL       INT       MP2        HF       INT       MP2        HF       INT       MP2        HF       INT
 CPU TIMES  *     11520.81      0.40    239.58   1940.92      0.39    171.29   1943.30      0.37    171.22   1793.66      0.38
 REAL TIME  *     23744.26 SEC
 DISK USED  *       258.83 GB      
 **********************************************************************************************************************************


 PROGRAM * RHF-SCF (CLOSED SHELL)       Authors: W. Meyer, H.-J. Werner


 NUMBER OF ELECTRONS:      10+   10-    SPACE SYMMETRY=1    SPIN SYMMETRY: Singlet 
 CONVERGENCE THRESHOLDS:    1.00E-08 (Density)    1.00E-09 (Energy)
 MAX. NUMBER OF ITERATIONS:       60
 INTERPOLATION TYPE:            DIIS
 INTERPOLATION STEPS:              2 (START)      1 (STEP)
 LEVEL SHIFTS:                  0.00 (CLOSED)  0.00 (OPEN) 



 Orbital guess generated from atomic densities. Full valence occupancy:   16

 Molecular orbital dump at record        2105.2

 Initial occupancy:  10

 ITERATION    DDIFF          GRAD             ENERGY        2-EL.EN.            DIPOLE MOMENTS         DIIS   ORB.
    1      0.000D+00      0.000D+00      -116.21965172    158.920535    0.28059    1.08400   -0.25377    0    start
    2      0.000D+00      0.320D-02      -116.26387917    154.064592    0.13318    0.61355   -0.10929    1    diag
    3      0.196D-02      0.188D-02      -116.27757572    156.100524    0.17083    0.73371   -0.14763    2    diag
    4      0.684D-03      0.281D-03      -116.27824423    155.988072    0.16830    0.72324   -0.14658    3    diag
    5      0.147D-03      0.824D-04      -116.27831449    155.982509    0.16771    0.72307   -0.14624    4    diag
    6      0.586D-04      0.201D-04      -116.27831840    155.988232    0.16744    0.72235   -0.14606    5    diag
    7      0.157D-04      0.400D-05      -116.27831864    155.986543    0.16742    0.72239   -0.14608    6    diag
    8      0.454D-05      0.102D-05      -116.27831865    155.986720    0.16739    0.72233   -0.14606    7    diag
    9      0.971D-06      0.238D-06      -116.27831866    155.986693    0.16738    0.72230   -0.14605    8    diag
   10      0.295D-06      0.283D-07      -116.27831866    155.986695    0.16738    0.72230   -0.14605    9    orth
   11      0.331D-07      0.696D-08      -116.27831866    155.986695    0.16738    0.72230   -0.14605    9    diag
   12      0.669D-08      0.192D-08      -116.27831866    155.986696    0.16738    0.72230   -0.14605    0    orth

 Final occupancy:  10

 !RHF STATE 1.1 Energy               -116.278318655657
 Nuclear energy                        36.73664214
 One-electron energy                 -231.00830855
 Two-electron energy                   77.99334775
 Virial quotient                       -1.00084361
 !RHF STATE 1.1 Dipole moment           0.16737669     0.72230348    -0.14605332
 Dipole moment /Debye                   0.42540125     1.83579207    -0.37120619

 Orbital energies:

         1.1          2.1          3.1          4.1          5.1          6.1          7.1          8.1          9.1         10.1
    -20.567555   -11.199907    -1.338555    -0.954208    -0.705603    -0.577774    -0.555858    -0.553004    -0.551600    -0.506744

        11.1         12.1
      0.020801     0.035285

 HOMO     10.1    -0.506744 =     -13.7892eV
 LUMO     11.1     0.020801 =       0.5660eV
 LUMO-HOMO         0.527545 =      14.3552eV


 **********************************************************************************************************************************
 DATASETS  * FILE   NREC   LENGTH (MB)   RECORD NAMES
              1      19    90927.66       500      610      700      900      950      970     1000      129      960     1100   
                                          VAR    BASINP    GEOM    SYMINP    ZMAT    AOBASIS   BASIS     P2S    ABASIS      S 
                                         1400     1410     1200     1210     1080     1600     1650     1300     1700   
                                           T        V       H0       H01     AOSYM     SMH    MOLCAS    ERIS     OPER   

              2      10       98.78       200      700     1000      520     2100     2101     2102     2103     2104     2105   
                                        OPTIONS   GEOM     BASIS   MCVARS     RHF      RHF      RHF      RHF      RHF      RHF  

 PROGRAMS   *        TOTAL        HF       INT       MP2        HF       INT       MP2        HF       INT       MP2        HF
 CPU TIMES  *     13459.54   1938.73      0.40    239.58   1940.92      0.39    171.29   1943.30      0.37    171.22   1793.66
 REAL TIME  *     27352.43 SEC
 DISK USED  *       258.83 GB      
 **********************************************************************************************************************************
 SETTING ESCF_AC        =      -116.27831866  AU                              


 PROGRAM * MP2 (Closed-shell)     Authors: C. Hampel, H.-J. Werner, 1991, M. Deegan, P.J. Knowles, 1992


 Convergence thresholds:  THRVAR = 1.00D-08  THRDEN = 1.00D-08

 Number of core orbitals:           2 (   2 )
 Number of closed-shell orbitals:   8 (   8 )
 Number of external orbitals:     598 ( 598 )

 Molecular orbitals read from record     2105.2  Type=RHF/CANONICAL (state 1.1)

 Number of N-1 electron functions:               8
 Number of N-2 electron functions:              36
 Number of singly external CSFs:              4784
 Number of doubly external CSFs:          11445720
 Total number of CSFs:                    11450505

 Length of J-op  integral file:               0.00 MB
 Length of K-op  integral file:              25.46 MB

 Integral transformation finished. Total CPU: 235.94 sec, npass=  1  Memory used:  30.42 MW

 Memory needed for MP2:                      1.84 MW

 SCS-MP2 correlation energy:           -0.507859788447   (PS=  1.200000  PT=  0.333333)
 SCS-MP2 total energy:               -116.786178444103


  Reference energy                   -116.278318655656
  MP2 singlet pair energy              -0.341039956522
  MP2 triplet pair energy              -0.158483315283
  MP2 correlation energy               -0.499523271805

 !MP2 total energy                   -116.777841927461


 **********************************************************************************************************************************
 DATASETS  * FILE   NREC   LENGTH (MB)   RECORD NAMES
              1      20    91093.55       500      610      700      900      950      970     1000      129      960     1100   
                                          VAR    BASINP    GEOM    SYMINP    ZMAT    AOBASIS   BASIS     P2S    ABASIS      S 
                                         1400     1410     1200     1210     1080     1600     1650     1300     1700     1380   
                                           T        V       H0       H01     AOSYM     SMH    MOLCAS    ERIS     OPER     JKOP   

              2      10       98.78       200      700     1000      520     2100     2101     2102     2103     2104     2105   
                                        OPTIONS   GEOM     BASIS   MCVARS     RHF      RHF      RHF      RHF      RHF      RHF  

 PROGRAMS   *        TOTAL       MP2        HF       INT       MP2        HF       INT       MP2        HF       INT       MP2
 CPU TIMES  *     13697.83    238.29   1938.73      0.40    239.58   1940.92      0.39    171.29   1943.30      0.37    171.22
 REAL TIME  *     27686.97 SEC
 DISK USED  *       258.83 GB      
 **********************************************************************************************************************************
 SETTING EMP2_AC        =      -116.77784193  AU                              
 SETTING EMP2_CORR_AC   =        -0.49952327  AU                              

 Running procedure=SET_DIMERBC

 Dummy atoms: C1  H1  H2  H3  H4


 Recomputing one-electron integrals since nuclear charges changed


 PROGRAM * SEWARD (Integral evaluation for generally contracted gaussian basis sets)     Author: Roland Lindh, 1990

 Geometry written to block  1 of record 700


 Point group  C1  



 ATOMIC COORDINATES

 NR  ATOM    CHARGE       X              Y              Z

   1  C1      0.00   -6.193010455    2.801518980    2.403542658
   2  H1      0.00   -4.656285171    1.699997622    3.119937832
   3  H2      0.00   -5.973046335    4.726205038    2.982932688
   4  H3      0.00   -7.940251230    2.077186956    3.118237078
   5  H4      0.00   -6.176569838    2.685300823    0.384937212
   6  O1      8.00   -5.732106254    9.977753938    2.847061379
   7  H5      1.00   -6.497256361    9.507023160    1.238715475
   8  H6      1.00   -4.013967261    9.251343215    2.814558090
   9  O2      8.00   -4.078028977   -2.591381435   -1.799397216
  10  H7      1.00   -5.032718615   -1.436758773   -2.879375696
  11  H8      1.00   -2.589302736   -1.626109330   -1.217739515

 Bond lengths in Bohr (Angstrom)

 1-2  2.021904040  1-3  2.022002335  1-4  2.021953343  1-5  2.022015060  6-7  1.842231989
     ( 1.069945541)     ( 1.069997556)     ( 1.069971630)     ( 1.070004290)     ( 0.974867186)

  6- 8  1.865671621   9-10  1.846872847   9-11  1.867185512
       ( 0.987270905)       ( 0.977323022)       ( 0.988072022)

 Bond angles

  2-1-3  109.53398059   2-1-4  109.65604535   2-1-5  108.43490854   3-1-4  109.49436728

  3- 1- 5  109.86987750   4- 1- 5  109.83468330   7- 6- 8  105.53314040  10- 9-11  105.73056797

 NUCLEAR CHARGE:                   20
 NUMBER OF PRIMITIVE AOS:         810
 NUMBER OF SYMMETRY AOS:          663
 NUMBER OF CONTRACTIONS:          608   ( 608A   )
 NUMBER OF CORE ORBITALS:           2   (   2A   )
 NUMBER OF VALENCE ORBITALS:       12   (  12A   )

 MOLECULE CHANGED: INITIALIZING OCCUPATION AND DUMP RECORDS


 NUCLEAR REPULSION ENERGY   25.51377476


 Eigenvalues of metric

         1 0.108E-04 0.141E-04 0.263E-04 0.278E-04 0.534E-04 0.615E-04 0.628E-04 0.809E-04


 Contracted 2-electron integrals neglected if value below      1.0D-19

 OPERATOR DM      FOR CENTER  0  COORDINATES:    0.000000    0.000000    0.000000


 **********************************************************************************************************************************
 DATASETS  * FILE   NREC   LENGTH (MB)   RECORD NAMES
              1      19    90927.66       500      610      700      900      950      970     1000      129      960     1100   
                                          VAR    BASINP    GEOM    SYMINP    ZMAT    AOBASIS   BASIS     P2S    ABASIS      S 
                                         1400     1410     1200     1210     1080     1600     1650     1300     1700   
                                           T        V       H0       H01     AOSYM     SMH    MOLCAS    ERIS     OPER   

              2      10       98.78       200      700     1000      520     2100     2101     2102     2103     2104     2105   
                                        OPTIONS   GEOM     BASIS   MCVARS     RHF      RHF      RHF      RHF      RHF      RHF  

 PROGRAMS   *        TOTAL       INT       MP2        HF       INT       MP2        HF       INT       MP2        HF       INT
 CPU TIMES  *     13698.23      0.40    238.29   1938.73      0.40    239.58   1940.92      0.39    171.29   1943.30      0.37
 REAL TIME  *     27712.84 SEC
 DISK USED  *       258.83 GB      
 **********************************************************************************************************************************


 PROGRAM * RHF-SCF (CLOSED SHELL)       Authors: W. Meyer, H.-J. Werner


 NUMBER OF ELECTRONS:      10+   10-    SPACE SYMMETRY=1    SPIN SYMMETRY: Singlet 
 CONVERGENCE THRESHOLDS:    1.00E-08 (Density)    1.00E-09 (Energy)
 MAX. NUMBER OF ITERATIONS:       60
 INTERPOLATION TYPE:            DIIS
 INTERPOLATION STEPS:              2 (START)      1 (STEP)
 LEVEL SHIFTS:                  0.00 (CLOSED)  0.00 (OPEN) 



 Orbital guess generated from atomic densities. Full valence occupancy:   14

 Molecular orbital dump at record        2106.2

 Initial occupancy:  10

 ITERATION    DDIFF          GRAD             ENERGY        2-EL.EN.            DIPOLE MOMENTS         DIIS   ORB.
    1      0.000D+00      0.000D+00      -152.04810839    169.715050    0.76953    0.47334   -1.09323    0    start
    2      0.000D+00      0.397D-02      -152.10183253    162.450866    0.43589    0.27151   -0.63222    1    diag
    3      0.226D-02      0.254D-02      -152.12535082    165.700247    0.51802    0.32211   -0.74824    2    diag
    4      0.861D-03      0.237D-03      -152.12574495    165.517363    0.51347    0.31996   -0.74425    3    diag
    5      0.107D-03      0.669D-04      -152.12578823    165.546560    0.51169    0.31924   -0.74273    4    diag
    6      0.337D-04      0.134D-04      -152.12579108    165.544486    0.51124    0.31901   -0.74245    5    diag
    7      0.871D-05      0.278D-05      -152.12579122    165.544792    0.51110    0.31901   -0.74233    6    diag
    8      0.238D-05      0.794D-06      -152.12579122    165.544791    0.51108    0.31895   -0.74232    7    diag
    9      0.442D-06      0.323D-06      -152.12579122    165.544769    0.51107    0.31896   -0.74230    8    diag
   10      0.192D-06      0.392D-07      -152.12579122    165.544764    0.51107    0.31896   -0.74229    9    orth
   11      0.334D-07      0.958D-08      -152.12579122    165.544767    0.51107    0.31896   -0.74229    9    diag
   12      0.853D-08      0.176D-08      -152.12579122    165.544766    0.51107    0.31896   -0.74229    0    orth

 Final occupancy:  10

 !RHF STATE 1.1 Energy               -152.125791224762
 Nuclear energy                        25.51377476
 One-electron energy                 -260.41194896
 Two-electron energy                   82.77238298
 Virial quotient                       -1.00215901
 !RHF STATE 1.1 Dipole moment           0.51106604     0.31895861    -0.74229471
 Dipole moment /Debye                   1.29891521     0.81065881    -1.88660140

 Orbital energies:

         1.1          2.1          3.1          4.1          5.1          6.1          7.1          8.1          9.1         10.1
    -20.571848   -20.571501    -1.343318    -1.342549    -0.709891    -0.709538    -0.581425    -0.580897    -0.511329    -0.511295

        11.1         12.1
      0.012307     0.031099

 HOMO     10.1    -0.511295 =     -13.9130eV
 LUMO     11.1     0.012307 =       0.3349eV
 LUMO-HOMO         0.523602 =      14.2479eV


 **********************************************************************************************************************************
 DATASETS  * FILE   NREC   LENGTH (MB)   RECORD NAMES
              1      19    90927.66       500      610      700      900      950      970     1000      129      960     1100   
                                          VAR    BASINP    GEOM    SYMINP    ZMAT    AOBASIS   BASIS     P2S    ABASIS      S 
                                         1400     1410     1200     1210     1080     1600     1650     1300     1700   
                                           T        V       H0       H01     AOSYM     SMH    MOLCAS    ERIS     OPER   

              2      11      116.08       200      700     1000      520     2100     2101     2102     2103     2104     2105   
                                        OPTIONS   GEOM     BASIS   MCVARS     RHF      RHF      RHF      RHF      RHF      RHF  
                                         2106   
                                          RHF  

 PROGRAMS   *        TOTAL        HF       INT       MP2        HF       INT       MP2        HF       INT       MP2        HF
 CPU TIMES  *     15628.24   1930.01      0.40    238.29   1938.73      0.40    239.58   1940.92      0.39    171.29   1943.30
 REAL TIME  *     30765.87 SEC
 DISK USED  *       258.83 GB      
 **********************************************************************************************************************************
 SETTING ESCF_BC        =      -152.12579122  AU                              


 PROGRAM * MP2 (Closed-shell)     Authors: C. Hampel, H.-J. Werner, 1991, M. Deegan, P.J. Knowles, 1992


 Convergence thresholds:  THRVAR = 1.00D-08  THRDEN = 1.00D-08

 Number of core orbitals:           2 (   2 )
 Number of closed-shell orbitals:   8 (   8 )
 Number of external orbitals:     598 ( 598 )

 Molecular orbitals read from record     2106.2  Type=RHF/CANONICAL (state 1.1)

 Number of N-1 electron functions:               8
 Number of N-2 electron functions:              36
 Number of singly external CSFs:              4784
 Number of doubly external CSFs:          11445720
 Total number of CSFs:                    11450505

 Length of J-op  integral file:               0.00 MB
 Length of K-op  integral file:              25.46 MB

 Integral transformation finished. Total CPU: 235.13 sec, npass=  1  Memory used:  30.42 MW

 Memory needed for MP2:                      1.84 MW

 SCS-MP2 correlation energy:           -0.573529721167   (PS=  1.200000  PT=  0.333333)
 SCS-MP2 total energy:               -152.699320945927


  Reference energy                   -152.125791224760
  MP2 singlet pair energy              -0.372723521394
  MP2 triplet pair energy              -0.202920260616
  MP2 correlation energy               -0.575643782010

 !MP2 total energy                   -152.701435006770


 **********************************************************************************************************************************
 DATASETS  * FILE   NREC   LENGTH (MB)   RECORD NAMES
              1      20    91093.55       500      610      700      900      950      970     1000      129      960     1100   
                                          VAR    BASINP    GEOM    SYMINP    ZMAT    AOBASIS   BASIS     P2S    ABASIS      S 
                                         1400     1410     1200     1210     1080     1600     1650     1300     1700     1380   
                                           T        V       H0       H01     AOSYM     SMH    MOLCAS    ERIS     OPER     JKOP   

              2      11      116.08       200      700     1000      520     2100     2101     2102     2103     2104     2105   
                                        OPTIONS   GEOM     BASIS   MCVARS     RHF      RHF      RHF      RHF      RHF      RHF  
                                         2106   
                                          RHF  

 PROGRAMS   *        TOTAL       MP2        HF       INT       MP2        HF       INT       MP2        HF       INT       MP2
 CPU TIMES  *     15865.71    237.47   1930.01      0.40    238.29   1938.73      0.40    239.58   1940.92      0.39    171.29
 REAL TIME  *     31125.17 SEC
 DISK USED  *       258.83 GB      
 **********************************************************************************************************************************
 SETTING EMP2_BC        =      -152.70143501  AU                              
 SETTING EMP2_CORR_BC   =        -0.57564378  AU                              
 SETTING E_INT_ABC      =        -0.00036408  AU                              
 SETTING E_INT_AB       =        -0.00047082  AU                              
 SETTING E_INT_AC       =        -0.00016917  AU                              
 SETTING E_INT_BC       =         0.00032209  AU                              
 SETTING E_ADD          =        -0.00031790  AU                              
 SETTING E_NONADD_MP2   =    -4.61849473D-05  AU                              
 SETTING E_INT_ABC_CORR =        -0.00181370  AU                              
 SETTING E_INT_AB_CORR  =        -0.00100072  AU                              
 SETTING E_INT_AC_CORR  =        -0.00076069  AU                              
 SETTING E_INT_BC_CORR  =    -5.75445321D-05  AU                              
 SETTING E_INT_ABC_CORR_ADD              =      -0.00181896  AU                              
 SETTING E_INT_ABC_CORR_NONADD           =   5.25620700D-06  AU                              
 SETTING E_INT_ABC_HF   =         0.00144962  AU                              
 SETTING E_INT_AB_HF    =         0.00052991  AU                              
 SETTING E_INT_AC_HF    =         0.00059152  AU                              
 SETTING E_INT_BC_HF    =         0.00037963  AU                              
 SETTING E_INT_ABC_HF_ADD                =       0.00150106  AU                              
 SETTING E_INT_ABC_HF_NONADD             =  -5.14411543D-05  AU                              

 *** results in millihartree
 E_INT_ABC        =        -0.00036408 AU
 E_INT_AB         =        -0.00047082 AU
 E_INT_AC         =        -0.00016917 AU
 E_INT_BC         =         0.00032209 AU
 E_ADD            =        -0.00031790 AU
 E_NONADD_MP2     =        -0.00004618 AU
 E_INT_ABC_CORR   =        -0.00181370 AU
 E_INT_AB_CORR    =        -0.00100072 AU
 E_INT_AC_CORR    =        -0.00076069 AU
 E_INT_BC_CORR    =        -0.00005754 AU
 E_INT_ABC_CORR_ADD       =        -0.00181896 AU
 E_INT_ABC_CORR_NONADD    =         0.00000526 AU
 E_INT_ABC_HF     =         0.00144962 AU
 E_INT_AB_HF      =         0.00052991 AU
 E_INT_AC_HF      =         0.00059152 AU
 E_INT_BC_HF      =         0.00037963 AU
 E_INT_ABC_HF_ADD =         0.00150106 AU
 E_INT_ABC_HF_NONADD      =        -0.00005144 AU

 MP2/aug-cc-pVQZ energy=   -152.701435006770

        MP2             HF-SCF          MP2             HF-SCF          MP2             HF-SCF          MP2             HF-SCF  
   -152.70143501   -152.12579122   -116.77784193   -116.27831866   -116.77830595   -116.27864072    -76.35079736    -76.06295520
 **********************************************************************************************************************************
 Molpro calculation terminated
 Variable memory released
