
 Primary working directories    : /net/scratch/people/plgsirous
 Secondary working directories  : /net/scratch/people/plgsirous
 Wavefunction directory         : /net/people/plgsirous/wfu/
 Main file repository           : /net/scratch/people/plgsirous/

 SHA1      : 
 NAME      : 
 ARCHNAME  : linux/x86_64
 FC        : /net/software/local/intel/impi/2018.1.163/bin64/mpiifort
 BLASLIB   : -L/net/software/local/intel/compilers_and_libraries_2018.1.163/linux/mkl/lib/intel64 -lmkl_scalapack_ilp64 -lmkl_intel_ilp64 -lmkl_intel_thread -lmkl_core -lmkl_blacs_intelmpi_ilp64 -liomp5 -lpthread -lm -ldl
 id        : pl

 Nodes     nprocs
 p0859        1

 Using customized tuning parameters: mindgm=7; mindgv=20; mindgc=1; mindgr=1; noblas=0; minvec=7
 default implementation of scratch files=df  

 ***,MP2SD(T)
 memory,14000,m
 gthresh,orbital=1d-8,energy=1d-8,twoint=1.d-19
 angstrom
 geometry={
 C1        -3.2772    1.4825     1.2719
 H1        -2.4640    0.8996     1.6510
 H2        -3.1608    2.5010     1.5785
 H3        -4.2018    1.0992     1.6501
 H4        -3.2685    1.4210     0.2037
 O1        -2.4415    2.8743     -2.1855
 H5        -3.1212    3.4468     -1.7803
 H6        -2.8926    2.0187     -2.3352
 O2        -0.5346    4.1678     1.5431
 H7        -0.4337    3.5180     2.2625
 H8        -0.3413    3.6684     0.7252
   }
 
 nkerna=1
 nkernb=1
 nkernc=1
 nkernab=$nkerna+$nkernb
 nkernac=$nkerna+$nkernc
 nkernbc=$nkernb+$nkernc
 nkernabc=$nkerna+$nkernb+$nkernc
 
 proc set_monomera
 core,$nkerna
 dummy,6,7,8,9,10,11;
 endproc
 
 proc set_monomerb
 core,$nkernb
 dummy,1,2,3,4,5,9,10,11;
 endproc
 
 proc set_monomerc
 core,$nkernc
 dummy,1,2,3,4,5,6,7,8;
 endproc
 
 proc set_dimerab
 core,$nkerna+$nkernb
 dummy,9,10,11;
 endproc
 
 proc set_dimerac
 core,$nkerna+$nkernc
 dummy,6,7,8;
 endproc
 
 proc set_dimerbc
 core,$nkernb+$nkernc
 dummy,1,2,3,4,5;
 endproc
 
 proc set_trimerabc
 core,$nkerna+$nkernb+$nkernc
 endproc
 
 basis=avqz
 
 set_trimerabc
 hf
 Escf_ABC=energy
 mp2
 Emp2_ABC=energy
 Emp2_corr_ABC=(Emp2_ABC)-(Escf_ABC)
 
 set_monomera
 {hf
 start,atden}
 Escf_A=energy
 mp2
 Emp2_A=energy
 Emp2_corr_A=(Emp2_A)-(Escf_A)
 
 set_monomerb
 {hf
 start,atden}
 Escf_B=energy
 mp2
 Emp2_B=energy
 Emp2_corr_B=(Emp2_B)-(Escf_B)
 
 set_monomerc
 {hf
 start,atden}
 Escf_C=energy
 mp2
 Emp2_C=energy
 Emp2_corr_C=(Emp2_C)-(Escf_C)
 
 set_dimerab
 {hf
 start,atden}
 Escf_AB=energy
 mp2
 Emp2_AB=energy
 Emp2_corr_AB=(Emp2_AB)-(Escf_AB)
 
 set_dimerac
 {hf
 start,atden}
 Escf_AC=energy
 mp2
 Emp2_AC=energy
 Emp2_corr_AC=(Emp2_AC)-(Escf_AC)
 
 set_dimerbc
 {hf
 start,atden}
 Escf_BC=energy
 mp2
 Emp2_BC=energy
 Emp2_corr_BC=(Emp2_BC)-(Escf_BC)
 
 E_int_ABC=Emp2_ABC-(Emp2_A+Emp2_B+Emp2_C)
 E_int_AB=Emp2_AB-(Emp2_A+Emp2_B)
 E_int_AC=Emp2_AC-(Emp2_A+Emp2_C)
 E_int_BC=Emp2_BC-(Emp2_B+Emp2_C)
 E_add=E_int_AB+E_int_AC+E_int_BC
 E_nonadd_MP2=E_int_ABC-(E_int_AB+E_int_AC+E_int_BC)
                                                                                 !!!!!Correlation part of interaction energy!!!!!!
 E_int_ABC_corr=Emp2_corr_ABC-(Emp2_corr_A+Emp2_corr_B+Emp2_corr_C)
 E_int_AB_corr=Emp2_corr_AB-(Emp2_corr_A+Emp2_corr_B)
 E_int_AC_corr=Emp2_corr_AC-(Emp2_corr_A+Emp2_corr_C)
 E_int_BC_corr=Emp2_corr_BC-(Emp2_corr_B+Emp2_corr_C)
 E_int_ABC_corr_add=E_int_AB_corr+E_int_AC_corr+E_int_BC_corr
 E_int_ABC_corr_nonadd=E_int_ABC_corr-E_int_ABC_corr_add
                                                                                 !!!!HF part of interaction energy!!!!
 E_int_ABC_HF=E_int_ABC-E_int_ABC_corr
 E_int_AB_HF=E_int_AB-E_int_AB_corr
 E_int_AC_HF=E_int_AC-E_int_AC_corr
 E_int_BC_HF=E_int_BC-E_int_BC_corr
 E_int_ABC_HF_add=E_int_AB_HF+E_int_AC_HF+E_int_BC_HF
 E_int_ABC_HF_nonadd=E_int_ABC_HF-E_int_ABC_HF_add
 
 text,results in millihartree
                                                                                 !!!!Interacion Energies!!!!!!
 show,E_int_ABC,E_int_AB,E_int_AC,E_int_BC,E_add,E_nonadd_MP2
                                                                                 !!!!Correlation Part!!!!!!!!
 show,E_int_ABC_corr,E_int_AB_corr,E_int_AC_corr,E_int_BC_corr,E_int_ABC_corr_add,E_int_ABC_corr_nonadd
                                                                                 !!!!SCF Part!!!!!
 show,E_int_ABC_HF,E_int_AB_HF,E_int_AC_HF,E_int_BC_HF,E_int_ABC_HF_add,E_int_ABC_HF_nonadd

 Variables initialized (889), CPU time= 0.00 sec
 Commands  initialized (702), CPU time= 0.01 sec, 572 directives.
 Default parameters read. Elapsed time= 0.26 sec

 Checking input...
 Passed
1


                                         ***  PROGRAM SYSTEM MOLPRO  ***
                                       Copyright, TTI GmbH Stuttgart, 2015
                                    Version 2015.1 linked Jul  2 2018 15:03:07


 **********************************************************************************************************************************
 LABEL *   MP2SD(T)                                                                      
  64 bit serial version                                                                  DATE: 29-Nov-18          TIME: 00:03:58  
 **********************************************************************************************************************************

 SHA1:             
 **********************************************************************************************************************************

 THRESHOLDS:

 ZERO    =  1.00D-12  ONEINT  =  1.00D-12  TWOINT  =  1.00D-19  PREFAC  =  1.00D-14  LOCALI  =  1.00D-09  EORDER  =  1.00D-04
 ENERGY  =  1.00D-08  ETEST   =  0.00D+00  EDENS   =  0.00D+00  THRDEDEF=  1.00D-06  GRADIENT=  1.00D-02  STEP    =  1.00D-03
 ORBITAL =  1.00D-08  CIVEC   =  1.00D-05  COEFF   =  1.00D-04  PRINTCI =  5.00D-02  PUNCHCI =  9.90D+01  OPTGRAD =  3.00D-04
 OPTENERG=  1.00D-06  OPTSTEP =  3.00D-04  THRGRAD =  1.00D-10  COMPRESS=  1.00D-11  VARMIN  =  1.00D-07  VARMAX  =  1.00D-03
 THRDOUB =  0.00D+00  THRDIV  =  1.00D-05  THRRED  =  1.00D-07  THRPSP  =  1.00D+00  THRDC   =  1.00D-10  THRCS   =  1.00D-10
 THRNRM  =  1.00D-08  THREQ   =  0.00D+00  THRDE   =  1.00D+00  THRREF  =  1.00D-05  SPARFAC =  1.00D+00  THRDLP  =  1.00D-07
 THRDIA  =  1.00D-10  THRDLS  =  1.00D-07  THRGPS  =  0.00D+00  THRKEX  =  0.00D+00  THRDIS  =  2.00D-01  THRVAR  =  1.00D-10
 THRLOC  =  1.00D-06  THRGAP  =  1.00D-06  THRLOCT = -1.00D+00  THRGAPT = -1.00D+00  THRORB  =  1.00D-06  THRMLTP =  0.00D+00
 THRCPQCI=  1.00D-10  KEXTA   =  0.00D+00  THRCOARS=  0.00D+00  SYMTOL  =  1.00D-06  GRADTOL =  1.00D-06  THROVL  =  1.00D-08
 THRORTH =  1.00D-08  GRID    =  1.00D-06  GRIDMAX =  1.00D-03  DTMAX   =  0.00D+00  THROCCDE=  1.00D-01  THROCCDE=  1.00D-01


 ZUNIT=ANG
 

Geometry recognized as XYZ

 SETTING NKERNA         =         1.00000000                                  
 SETTING NKERNB         =         1.00000000                                  
 SETTING NKERNC         =         1.00000000                                  
 SETTING NKERNAB        =         2.00000000                                  
 SETTING NKERNAC        =         2.00000000                                  
 SETTING NKERNBC        =         2.00000000                                  
 SETTING NKERNABC       =         3.00000000                                  

 Variable memory set to ********** words,  buffer space   230000 words

 SETTING BASIS          =    AVQZ

 Running procedure=SET_TRIMERABC


 Recomputing integrals since basis changed


 Using spherical harmonics

 Library entry C      S aug-cc-pVQZ          selected for orbital group  1
 Library entry C      P aug-cc-pVQZ          selected for orbital group  1
 Library entry C      D aug-cc-pVQZ          selected for orbital group  1
 Library entry C      F aug-cc-pVQZ          selected for orbital group  1
 Library entry C      G aug-cc-pVQZ          selected for orbital group  1
 Library entry H      S aug-cc-pVQZ          selected for orbital group  2
 Library entry H      P aug-cc-pVQZ          selected for orbital group  2
 Library entry H      D aug-cc-pVQZ          selected for orbital group  2
 Library entry H      F aug-cc-pVQZ          selected for orbital group  2
 Library entry O      S aug-cc-pVQZ          selected for orbital group  3
 Library entry O      P aug-cc-pVQZ          selected for orbital group  3
 Library entry O      D aug-cc-pVQZ          selected for orbital group  3
 Library entry O      F aug-cc-pVQZ          selected for orbital group  3
 Library entry O      G aug-cc-pVQZ          selected for orbital group  3


 PROGRAM * SEWARD (Integral evaluation for generally contracted gaussian basis sets)     Author: Roland Lindh, 1990

 Geometry written to block  1 of record 700


 Point group  C1  



 ATOMIC COORDINATES

 NR  ATOM    CHARGE       X              Y              Z

   1  C1      6.00   -6.193010455    2.801518980    2.403542658
   2  H1      1.00   -4.656285171    1.699997622    3.119937832
   3  H2      1.00   -5.973046335    4.726205038    2.982932688
   4  H3      1.00   -7.940251230    2.077186956    3.118237078
   5  H4      1.00   -6.176569838    2.685300823    0.384937212
   6  O1      8.00   -4.613766333    5.431639800   -4.129996445
   7  H5      1.00   -5.898213180    6.513508006   -3.364279420
   8  H6      1.00   -5.466221788    3.814790128   -4.412888446
   9  O2      8.00   -1.010247586    7.876000542    2.916036383
  10  H7      1.00   -0.819574220    6.648056506    4.275505357
  11  H8      1.00   -0.644963526    6.932271315    1.370429386

 Bond lengths in Bohr (Angstrom)

 1-2  2.021904040  1-3  2.022002335  1-4  2.021953343  1-5  2.022015060  6-7  1.845688241
     ( 1.069945541)     ( 1.069997556)     ( 1.069971630)     ( 1.070004290)     ( 0.976696155)

  6- 8  1.849570504   9-10  1.841835709   9-11  1.847419359
       ( 0.978750561)       ( 0.974657483)       ( 0.977612224)

 Bond angles

  2-1-3  109.53398059   2-1-4  109.65604535   2-1-5  108.43490854   3-1-4  109.49436728

  3- 1- 5  109.86987750   4- 1- 5  109.83468330   7- 6- 8  104.78050181  10- 9-11  104.86126985

 NUCLEAR CHARGE:                   30
 NUMBER OF PRIMITIVE AOS:         810
 NUMBER OF SYMMETRY AOS:          663
 NUMBER OF CONTRACTIONS:          608   ( 608A   )
 NUMBER OF CORE ORBITALS:           3   (   3A   )
 NUMBER OF VALENCE ORBITALS:       20   (  20A   )


 NUCLEAR REPULSION ENERGY   71.63651434


 Eigenvalues of metric

         1 0.115E-04 0.157E-04 0.220E-04 0.316E-04 0.534E-04 0.595E-04 0.653E-04 0.745E-04


 Contracted 2-electron integrals neglected if value below      1.0D-19
 AO integral compression algorithm  1   Integral accuracy      1.0D-19

     109146.800 MB (compressed) written to integral file ( 73.8%)


 NUMBER OF SORTED TWO-ELECTRON INTEGRALS:17137761816.     BUFFER LENGTH:  32768
 NUMBER OF SEGMENTS: 179  SEGMENT LENGTH:   95999835      RECORD LENGTH: 524288

 Memory used in sort:      96.56 MW

 SORT1 READ 18477034090. AND WROTE 14767548848. INTEGRALS IN  42338 RECORDS. CPU TIME:   175.87 SEC, REAL TIME:   877.92 SEC
 SORT2 READ 14767548848. AND WROTE 17137761816. INTEGRALS IN 416362 RECORDS. CPU TIME:   204.99 SEC, REAL TIME:  4212.24 SEC

 FILE SIZES:   FILE 1:109180.4 MBYTE,  FILE 4:177578.5 MBYTE,   TOTAL: 286758.8 MBYTE

 OPERATOR DM      FOR CENTER  0  COORDINATES:    0.000000    0.000000    0.000000


 **********************************************************************************************************************************
 DATASETS  * FILE   NREC   LENGTH (MB)   RECORD NAMES
              1      19   101714.61       500      610      700      900      950      970     1000      129      960     1100   
                                          VAR    BASINP    GEOM    SYMINP    ZMAT    AOBASIS   BASIS     P2S    ABASIS      S 
                                         1400     1410     1200     1210     1080     1600     1650     1300     1700   
                                           T        V       H0       H01     AOSYM     SMH    MOLCAS    ERIS     OPER   

 PROGRAMS   *        TOTAL       INT
 CPU TIMES  *      1096.32   1096.17
 REAL TIME  *      6180.70 SEC
 DISK USED  *       286.76 GB      
 **********************************************************************************************************************************


 PROGRAM * RHF-SCF (CLOSED SHELL)       Authors: W. Meyer, H.-J. Werner


 NUMBER OF ELECTRONS:      15+   15-    SPACE SYMMETRY=1    SPIN SYMMETRY: Singlet 
 CONVERGENCE THRESHOLDS:    1.00E-08 (Density)    1.00E-09 (Energy)
 MAX. NUMBER OF ITERATIONS:       60
 INTERPOLATION TYPE:            DIIS
 INTERPOLATION STEPS:              2 (START)      1 (STEP)
 LEVEL SHIFTS:                  0.00 (CLOSED)  0.00 (OPEN) 



 Orbital guess generated from atomic densities. Full valence occupancy:   23

 Molecular orbital dump at record        2100.2

 Initial occupancy:  15

 ITERATION    DDIFF          GRAD             ENERGY        2-EL.EN.            DIPOLE MOMENTS         DIIS   ORB.
    1      0.000D+00      0.000D+00      -192.24885185    287.982501   -0.80101   -1.38403    0.14490    0    start
    2      0.000D+00      0.347D-02      -192.31901608    279.651338   -0.47194   -0.77407    0.07761    1    diag
    3      0.252D-02      0.209D-02      -192.34339864    283.227831   -0.55426   -0.92535    0.09437    2    diag
    4      0.903D-03      0.267D-03      -192.34425759    283.023935   -0.54868   -0.91538    0.09260    3    diag
    5      0.166D-03      0.764D-04      -192.34434885    283.031694   -0.54854   -0.91390    0.09298    4    diag
    6      0.652D-04      0.191D-04      -192.34435439    283.038243   -0.54823   -0.91325    0.09307    5    diag
    7      0.180D-04      0.453D-05      -192.34435481    283.035569   -0.54827   -0.91324    0.09315    6    diag
    8      0.569D-05      0.114D-05      -192.34435484    283.035872   -0.54822   -0.91318    0.09318    7    diag
    9      0.146D-05      0.274D-06      -192.34435484    283.035839   -0.54822   -0.91316    0.09319    8    diag
   10      0.350D-06      0.120D-06      -192.34435484    283.035827   -0.54821   -0.91316    0.09319    9    orth
   11      0.920D-07      0.181D-07      -192.34435484    283.035829   -0.54821   -0.91316    0.09319    9    diag
   12      0.197D-07      0.499D-08      -192.34435484    283.035830   -0.54821   -0.91316    0.09319    9    diag
   13      0.612D-08      0.112D-08      -192.34435484    283.035830   -0.54821   -0.91316    0.09319    0    orth

 Final occupancy:  15

 !RHF STATE 1.1 Energy               -192.344354843946
 Nuclear energy                        71.63651434
 One-electron energy                 -405.49878402
 Two-electron energy                  141.51791484
 Virial quotient                       -1.00114404
 !RHF STATE 1.1 Dipole moment          -0.54820961    -0.91315889     0.09319038
 Dipole moment /Debye                  -1.39331858    -2.32086638     0.23685081

 Orbital energies:

         1.1          2.1          3.1          4.1          5.1          6.1          7.1          8.1          9.1         10.1
    -20.571523   -20.562197   -11.201043    -1.346154    -1.337779    -0.956095    -0.710847    -0.702738    -0.585432    -0.575958

        11.1         12.1         13.1         14.1         15.1         16.1         17.1
     -0.557678    -0.555133    -0.554434    -0.511424    -0.503043     0.021457     0.034375

 HOMO     15.1    -0.503043 =     -13.6885eV
 LUMO     16.1     0.021457 =       0.5839eV
 LUMO-HOMO         0.524500 =      14.2724eV


 **********************************************************************************************************************************
 DATASETS  * FILE   NREC   LENGTH (MB)   RECORD NAMES
              1      19   101714.61       500      610      700      900      950      970     1000      129      960     1100   
                                          VAR    BASINP    GEOM    SYMINP    ZMAT    AOBASIS   BASIS     P2S    ABASIS      S 
                                         1400     1410     1200     1210     1080     1600     1650     1300     1700   
                                           T        V       H0       H01     AOSYM     SMH    MOLCAS    ERIS     OPER   

              2       5       12.24       200      700     1000      520     2100   
                                        OPTIONS   GEOM     BASIS   MCVARS     RHF  

 PROGRAMS   *        TOTAL        HF       INT
 CPU TIMES  *      3344.65   2248.34   1096.17
 REAL TIME  *     10272.09 SEC
 DISK USED  *       286.76 GB      
 **********************************************************************************************************************************
 SETTING ESCF_ABC       =      -192.34435484  AU                              


 PROGRAM * MP2 (Closed-shell)     Authors: C. Hampel, H.-J. Werner, 1991, M. Deegan, P.J. Knowles, 1992


 Convergence thresholds:  THRVAR = 1.00D-08  THRDEN = 1.00D-08

 Number of core orbitals:           3 (   3 )
 Number of closed-shell orbitals:  12 (  12 )
 Number of external orbitals:     593 ( 593 )

 Molecular orbitals read from record     2100.2  Type=RHF/CANONICAL (state 1.1)

 Number of N-1 electron functions:              12
 Number of N-2 electron functions:              78
 Number of singly external CSFs:              7116
 Number of doubly external CSFs:          25322286
 Total number of CSFs:                    25329403

 Length of J-op  integral file:               0.00 MB
 Length of K-op  integral file:              25.46 MB

 Integral transformation finished. Total CPU: 367.64 sec, npass=  1  Memory used:  55.97 MW

 Memory needed for MP2:                      1.83 MW

 SCS-MP2 correlation energy:           -0.794571912376   (PS=  1.200000  PT=  0.333333)
 SCS-MP2 total energy:               -193.138926756323


  Reference energy                   -192.344354843948
  MP2 singlet pair energy              -0.527081826184
  MP2 triplet pair energy              -0.260475622963
  MP2 correlation energy               -0.787557449147

 !MP2 total energy                   -193.131912293095


 **********************************************************************************************************************************
 DATASETS  * FILE   NREC   LENGTH (MB)   RECORD NAMES
              1      20   102067.12       500      610      700      900      950      970     1000      129      960     1100   
                                          VAR    BASINP    GEOM    SYMINP    ZMAT    AOBASIS   BASIS     P2S    ABASIS      S 
                                         1400     1410     1200     1210     1080     1600     1650     1300     1700     1380   
                                           T        V       H0       H01     AOSYM     SMH    MOLCAS    ERIS     OPER     JKOP   

              2       5       12.24       200      700     1000      520     2100   
                                        OPTIONS   GEOM     BASIS   MCVARS     RHF  

 PROGRAMS   *        TOTAL       MP2        HF       INT
 CPU TIMES  *      3717.24    372.59   2248.34   1096.17
 REAL TIME  *     10864.38 SEC
 DISK USED  *       286.76 GB      
 **********************************************************************************************************************************
 SETTING EMP2_ABC       =      -193.13191229  AU                              
 SETTING EMP2_CORR_ABC  =        -0.78755745  AU                              

 Running procedure=SET_MONOMERA

 Dummy atoms: O1  H5  H6  O2  H7  H8


 Recomputing one-electron integrals since nuclear charges changed


 PROGRAM * SEWARD (Integral evaluation for generally contracted gaussian basis sets)     Author: Roland Lindh, 1990

 Geometry written to block  1 of record 700


 Point group  C1  



 ATOMIC COORDINATES

 NR  ATOM    CHARGE       X              Y              Z

   1  C1      6.00   -6.193010455    2.801518980    2.403542658
   2  H1      1.00   -4.656285171    1.699997622    3.119937832
   3  H2      1.00   -5.973046335    4.726205038    2.982932688
   4  H3      1.00   -7.940251230    2.077186956    3.118237078
   5  H4      1.00   -6.176569838    2.685300823    0.384937212
   6  O1      0.00   -4.613766333    5.431639800   -4.129996445
   7  H5      0.00   -5.898213180    6.513508006   -3.364279420
   8  H6      0.00   -5.466221788    3.814790128   -4.412888446
   9  O2      0.00   -1.010247586    7.876000542    2.916036383
  10  H7      0.00   -0.819574220    6.648056506    4.275505357
  11  H8      0.00   -0.644963526    6.932271315    1.370429386

 Bond lengths in Bohr (Angstrom)

 1-2  2.021904040  1-3  2.022002335  1-4  2.021953343  1-5  2.022015060  6-7  1.845688241
     ( 1.069945541)     ( 1.069997556)     ( 1.069971630)     ( 1.070004290)     ( 0.976696155)

  6- 8  1.849570504   9-10  1.841835709   9-11  1.847419359
       ( 0.978750561)       ( 0.974657483)       ( 0.977612224)

 Bond angles

  2-1-3  109.53398059   2-1-4  109.65604535   2-1-5  108.43490854   3-1-4  109.49436728

  3- 1- 5  109.86987750   4- 1- 5  109.83468330   7- 6- 8  104.78050181  10- 9-11  104.86126985

 NUCLEAR CHARGE:                   10
 NUMBER OF PRIMITIVE AOS:         810
 NUMBER OF SYMMETRY AOS:          663
 NUMBER OF CONTRACTIONS:          608   ( 608A   )
 NUMBER OF CORE ORBITALS:           1   (   1A   )
 NUMBER OF VALENCE ORBITALS:        8   (   8A   )

 MOLECULE CHANGED: INITIALIZING OCCUPATION AND DUMP RECORDS


 NUCLEAR REPULSION ENERGY   13.68681606


 Eigenvalues of metric

         1 0.115E-04 0.157E-04 0.220E-04 0.316E-04 0.534E-04 0.595E-04 0.653E-04 0.745E-04


 Contracted 2-electron integrals neglected if value below      1.0D-19

 OPERATOR DM      FOR CENTER  0  COORDINATES:    0.000000    0.000000    0.000000


 **********************************************************************************************************************************
 DATASETS  * FILE   NREC   LENGTH (MB)   RECORD NAMES
              1      19   101714.61       500      610      700      900      950      970     1000      129      960     1100   
                                          VAR    BASINP    GEOM    SYMINP    ZMAT    AOBASIS   BASIS     P2S    ABASIS      S 
                                         1400     1410     1200     1210     1080     1600     1650     1300     1700   
                                           T        V       H0       H01     AOSYM     SMH    MOLCAS    ERIS     OPER   

              2       5       12.24       200      700     1000      520     2100   
                                        OPTIONS   GEOM     BASIS   MCVARS     RHF  

 PROGRAMS   *        TOTAL       INT       MP2        HF       INT
 CPU TIMES  *      3717.64      0.40    372.59   2248.34   1096.17
 REAL TIME  *     10865.32 SEC
 DISK USED  *       286.76 GB      
 **********************************************************************************************************************************


 PROGRAM * RHF-SCF (CLOSED SHELL)       Authors: W. Meyer, H.-J. Werner


 NUMBER OF ELECTRONS:       5+    5-    SPACE SYMMETRY=1    SPIN SYMMETRY: Singlet 
 CONVERGENCE THRESHOLDS:    1.00E-08 (Density)    1.00E-09 (Energy)
 MAX. NUMBER OF ITERATIONS:       60
 INTERPOLATION TYPE:            DIIS
 INTERPOLATION STEPS:              2 (START)      1 (STEP)
 LEVEL SHIFTS:                  0.00 (CLOSED)  0.00 (OPEN) 



 Orbital guess generated from atomic densities. Full valence occupancy:    9

 Molecular orbital dump at record        2101.2

 Initial occupancy:   5

 ITERATION    DDIFF          GRAD             ENERGY        2-EL.EN.            DIPOLE MOMENTS         DIIS   ORB.
    1      0.000D+00      0.000D+00       -40.19609862     53.506316    0.00410   -0.00276   -0.00130    0    start
    2      0.000D+00      0.217D-02       -40.21335313     52.217637    0.00129   -0.00088   -0.00038    1    diag
    3      0.114D-02      0.844D-03       -40.21562913     52.672099    0.00182   -0.00124   -0.00055    2    diag
    4      0.320D-03      0.211D-03       -40.21594861     52.617287    0.00162   -0.00111   -0.00048    3    diag
    5      0.121D-03      0.273D-04       -40.21595411     52.619435    0.00159   -0.00109   -0.00047    4    diag
    6      0.309D-04      0.223D-05       -40.21595415     52.619571    0.00159   -0.00109   -0.00047    5    diag
    7      0.420D-05      0.179D-06       -40.21595415     52.619532    0.00159   -0.00109   -0.00047    6    diag
    8      0.162D-06      0.144D-07       -40.21595415     52.619533    0.00159   -0.00109   -0.00047    7    diag
    9      0.595D-07      0.183D-08       -40.21595415     52.619533    0.00159   -0.00109   -0.00047    8    diag
   10      0.589D-08      0.502D-09       -40.21595415     52.619533    0.00159   -0.00109   -0.00047    0    orth

 Final occupancy:   5

 !RHF STATE 1.1 Energy                -40.215954148392
 Nuclear energy                        13.68681606
 One-electron energy                  -80.21253688
 Two-electron energy                   26.30976667
 Virial quotient                       -0.99838120
 !RHF STATE 1.1 Dipole moment           0.00159124    -0.00108563    -0.00047250
 Dipole moment /Debye                   0.00404426    -0.00275922    -0.00120090

 Orbital energies:

         1.1          2.1          3.1          4.1          5.1          6.1          7.1
    -11.196223    -0.950660    -0.551889    -0.549955    -0.547775     0.022826     0.036893

 HOMO      5.1    -0.547775 =     -14.9057eV
 LUMO      6.1     0.022826 =       0.6211eV
 LUMO-HOMO         0.570601 =      15.5269eV


 **********************************************************************************************************************************
 DATASETS  * FILE   NREC   LENGTH (MB)   RECORD NAMES
              1      19   101714.61       500      610      700      900      950      970     1000      129      960     1100   
                                          VAR    BASINP    GEOM    SYMINP    ZMAT    AOBASIS   BASIS     P2S    ABASIS      S 
                                         1400     1410     1200     1210     1080     1600     1650     1300     1700   
                                           T        V       H0       H01     AOSYM     SMH    MOLCAS    ERIS     OPER   

              2       6       29.55       200      700     1000      520     2100     2101   
                                        OPTIONS   GEOM     BASIS   MCVARS     RHF      RHF  

 PROGRAMS   *        TOTAL        HF       INT       MP2        HF       INT
 CPU TIMES  *      5484.71   1767.07      0.40    372.59   2248.34   1096.17
 REAL TIME  *     13987.09 SEC
 DISK USED  *       286.76 GB      
 **********************************************************************************************************************************
 SETTING ESCF_A         =       -40.21595415  AU                              


 PROGRAM * MP2 (Closed-shell)     Authors: C. Hampel, H.-J. Werner, 1991, M. Deegan, P.J. Knowles, 1992


 Convergence thresholds:  THRVAR = 1.00D-08  THRDEN = 1.00D-08

 Number of core orbitals:           1 (   1 )
 Number of closed-shell orbitals:   4 (   4 )
 Number of external orbitals:     603 ( 603 )

 Molecular orbitals read from record     2101.2  Type=RHF/CANONICAL (state 1.1)

 Number of N-1 electron functions:               4
 Number of N-2 electron functions:              10
 Number of singly external CSFs:              2412
 Number of doubly external CSFs:           2910078
 Total number of CSFs:                     2912491

 Length of J-op  integral file:               0.00 MB
 Length of K-op  integral file:              25.46 MB

 Integral transformation finished. Total CPU: 184.02 sec, npass=  1  Memory used:  13.76 MW

 Memory needed for MP2:                      1.84 MW

 SCS-MP2 correlation energy:           -0.220474679717   (PS=  1.200000  PT=  0.333333)
 SCS-MP2 total energy:                -40.436428828109


  Reference energy                    -40.215954148392
  MP2 singlet pair energy              -0.154450250637
  MP2 triplet pair energy              -0.056465966174
  MP2 correlation energy               -0.210916216810

 !MP2 total energy                    -40.426870365202


 **********************************************************************************************************************************
 DATASETS  * FILE   NREC   LENGTH (MB)   RECORD NAMES
              1      20   101764.97       500      610      700      900      950      970     1000      129      960     1100   
                                          VAR    BASINP    GEOM    SYMINP    ZMAT    AOBASIS   BASIS     P2S    ABASIS      S 
                                         1400     1410     1200     1210     1080     1600     1650     1300     1700     1380   
                                           T        V       H0       H01     AOSYM     SMH    MOLCAS    ERIS     OPER     JKOP   

              2       6       29.55       200      700     1000      520     2100     2101   
                                        OPTIONS   GEOM     BASIS   MCVARS     RHF      RHF  

 PROGRAMS   *        TOTAL       MP2        HF       INT       MP2        HF       INT
 CPU TIMES  *      5669.49    184.78   1767.07      0.40    372.59   2248.34   1096.17
 REAL TIME  *     14294.62 SEC
 DISK USED  *       286.76 GB      
 **********************************************************************************************************************************
 SETTING EMP2_A         =       -40.42687037  AU                              
 SETTING EMP2_CORR_A    =        -0.21091622  AU                              

 Running procedure=SET_MONOMERB

 Dummy atoms: C1  H1  H2  H3  H4  O2  H7  H8


 Recomputing one-electron integrals since nuclear charges changed


 PROGRAM * SEWARD (Integral evaluation for generally contracted gaussian basis sets)     Author: Roland Lindh, 1990

 Geometry written to block  1 of record 700


 Point group  C1  



 ATOMIC COORDINATES

 NR  ATOM    CHARGE       X              Y              Z

   1  C1      0.00   -6.193010455    2.801518980    2.403542658
   2  H1      0.00   -4.656285171    1.699997622    3.119937832
   3  H2      0.00   -5.973046335    4.726205038    2.982932688
   4  H3      0.00   -7.940251230    2.077186956    3.118237078
   5  H4      0.00   -6.176569838    2.685300823    0.384937212
   6  O1      8.00   -4.613766333    5.431639800   -4.129996445
   7  H5      1.00   -5.898213180    6.513508006   -3.364279420
   8  H6      1.00   -5.466221788    3.814790128   -4.412888446
   9  O2      0.00   -1.010247586    7.876000542    2.916036383
  10  H7      0.00   -0.819574220    6.648056506    4.275505357
  11  H8      0.00   -0.644963526    6.932271315    1.370429386

 Bond lengths in Bohr (Angstrom)

 1-2  2.021904040  1-3  2.022002335  1-4  2.021953343  1-5  2.022015060  6-7  1.845688241
     ( 1.069945541)     ( 1.069997556)     ( 1.069971630)     ( 1.070004290)     ( 0.976696155)

  6- 8  1.849570504   9-10  1.841835709   9-11  1.847419359
       ( 0.978750561)       ( 0.974657483)       ( 0.977612224)

 Bond angles

  2-1-3  109.53398059   2-1-4  109.65604535   2-1-5  108.43490854   3-1-4  109.49436728

  3- 1- 5  109.86987750   4- 1- 5  109.83468330   7- 6- 8  104.78050181  10- 9-11  104.86126985

 NUCLEAR CHARGE:                   10
 NUMBER OF PRIMITIVE AOS:         810
 NUMBER OF SYMMETRY AOS:          663
 NUMBER OF CONTRACTIONS:          608   ( 608A   )
 NUMBER OF CORE ORBITALS:           1   (   1A   )
 NUMBER OF VALENCE ORBITALS:        6   (   6A   )

 MOLECULE CHANGED: INITIALIZING OCCUPATION AND DUMP RECORDS


 NUCLEAR REPULSION ENERGY    9.00136291


 Eigenvalues of metric

         1 0.115E-04 0.157E-04 0.220E-04 0.316E-04 0.534E-04 0.595E-04 0.653E-04 0.745E-04


 Contracted 2-electron integrals neglected if value below      1.0D-19

 OPERATOR DM      FOR CENTER  0  COORDINATES:    0.000000    0.000000    0.000000


 **********************************************************************************************************************************
 DATASETS  * FILE   NREC   LENGTH (MB)   RECORD NAMES
              1      19   101714.61       500      610      700      900      950      970     1000      129      960     1100   
                                          VAR    BASINP    GEOM    SYMINP    ZMAT    AOBASIS   BASIS     P2S    ABASIS      S 
                                         1400     1410     1200     1210     1080     1600     1650     1300     1700   
                                           T        V       H0       H01     AOSYM     SMH    MOLCAS    ERIS     OPER   

              2       6       29.55       200      700     1000      520     2100     2101   
                                        OPTIONS   GEOM     BASIS   MCVARS     RHF      RHF  

 PROGRAMS   *        TOTAL       INT       MP2        HF       INT       MP2        HF       INT
 CPU TIMES  *      5669.89      0.40    184.78   1767.07      0.40    372.59   2248.34   1096.17
 REAL TIME  *     14307.50 SEC
 DISK USED  *       286.76 GB      
 **********************************************************************************************************************************


 PROGRAM * RHF-SCF (CLOSED SHELL)       Authors: W. Meyer, H.-J. Werner


 NUMBER OF ELECTRONS:       5+    5-    SPACE SYMMETRY=1    SPIN SYMMETRY: Singlet 
 CONVERGENCE THRESHOLDS:    1.00E-08 (Density)    1.00E-09 (Energy)
 MAX. NUMBER OF ITERATIONS:       60
 INTERPOLATION TYPE:            DIIS
 INTERPOLATION STEPS:              2 (START)      1 (STEP)
 LEVEL SHIFTS:                  0.00 (CLOSED)  0.00 (OPEN) 



 Orbital guess generated from atomic densities. Full valence occupancy:    7

 Molecular orbital dump at record        2102.2

 Initial occupancy:   5

 ITERATION    DDIFF          GRAD             ENERGY        2-EL.EN.            DIPOLE MOMENTS         DIIS   ORB.
    1      0.000D+00      0.000D+00       -76.02519488     77.410008   -1.09425   -0.27460    0.24701    0    start
    2      0.000D+00      0.395D-02       -76.05201963     73.759448   -0.63492   -0.15872    0.14352    1    diag
    3      0.160D-02      0.251D-02       -76.06358116     75.380469   -0.74958   -0.18752    0.16939    2    diag
    4      0.606D-03      0.236D-03       -76.06377493     75.289108   -0.74502   -0.18625    0.16840    3    diag
    5      0.758D-04      0.658D-04       -76.06379587     75.303520   -0.74335   -0.18579    0.16804    4    diag
    6      0.236D-04      0.131D-04       -76.06379722     75.302496   -0.74299   -0.18568    0.16796    5    diag
    7      0.612D-05      0.265D-05       -76.06379729     75.302642   -0.74287   -0.18564    0.16794    6    diag
    8      0.188D-05      0.495D-06       -76.06379729     75.302627   -0.74283   -0.18563    0.16793    7    diag
    9      0.354D-06      0.655D-07       -76.06379729     75.302619   -0.74283   -0.18563    0.16793    8    diag
   10      0.379D-07      0.146D-07       -76.06379729     75.302622   -0.74283   -0.18563    0.16793    9    orth
   11      0.100D-07      0.252D-08       -76.06379729     75.302621   -0.74283   -0.18563    0.16793    9    diag
   12      0.181D-08      0.406D-09       -76.06379729     75.302621   -0.74283   -0.18563    0.16793    0    orth

 Final occupancy:   5

 !RHF STATE 1.1 Energy                -76.063797291179
 Nuclear energy                         9.00136291
 One-electron energy                 -122.71647091
 Two-electron energy                   37.65131071
 Virial quotient                       -1.00195850
 !RHF STATE 1.1 Dipole moment          -0.74282735    -0.18563352     0.16792889
 Dipole moment /Debye                  -1.88795513    -0.47180245     0.42680471

 Orbital energies:

         1.1          2.1          3.1          4.1          5.1          6.1          7.1
    -20.568144    -1.342319    -0.707187    -0.580520    -0.508754     0.017132     0.034753

 HOMO      5.1    -0.508754 =     -13.8439eV
 LUMO      6.1     0.017132 =       0.4662eV
 LUMO-HOMO         0.525886 =      14.3101eV


 **********************************************************************************************************************************
 DATASETS  * FILE   NREC   LENGTH (MB)   RECORD NAMES
              1      19   101714.61       500      610      700      900      950      970     1000      129      960     1100   
                                          VAR    BASINP    GEOM    SYMINP    ZMAT    AOBASIS   BASIS     P2S    ABASIS      S 
                                         1400     1410     1200     1210     1080     1600     1650     1300     1700   
                                           T        V       H0       H01     AOSYM     SMH    MOLCAS    ERIS     OPER   

              2       7       46.85       200      700     1000      520     2100     2101     2102   
                                        OPTIONS   GEOM     BASIS   MCVARS     RHF      RHF      RHF  

 PROGRAMS   *        TOTAL        HF       INT       MP2        HF       INT       MP2        HF       INT
 CPU TIMES  *      7762.09   2092.20      0.40    184.78   1767.07      0.40    372.59   2248.34   1096.17
 REAL TIME  *     18217.51 SEC
 DISK USED  *       286.76 GB      
 **********************************************************************************************************************************
 SETTING ESCF_B         =       -76.06379729  AU                              


 PROGRAM * MP2 (Closed-shell)     Authors: C. Hampel, H.-J. Werner, 1991, M. Deegan, P.J. Knowles, 1992


 Convergence thresholds:  THRVAR = 1.00D-08  THRDEN = 1.00D-08

 Number of core orbitals:           1 (   1 )
 Number of closed-shell orbitals:   4 (   4 )
 Number of external orbitals:     603 ( 603 )

 Molecular orbitals read from record     2102.2  Type=RHF/CANONICAL (state 1.1)

 Number of N-1 electron functions:               4
 Number of N-2 electron functions:              10
 Number of singly external CSFs:              2412
 Number of doubly external CSFs:           2910078
 Total number of CSFs:                     2912491

 Length of J-op  integral file:               0.00 MB
 Length of K-op  integral file:              25.46 MB

 Integral transformation finished. Total CPU: 183.94 sec, npass=  1  Memory used:  13.76 MW

 Memory needed for MP2:                      1.84 MW

 SCS-MP2 correlation energy:           -0.286486698612   (PS=  1.200000  PT=  0.333333)
 SCS-MP2 total energy:                -76.350283989791


  Reference energy                    -76.063797291180
  MP2 singlet pair energy              -0.186180149651
  MP2 triplet pair energy              -0.101363334156
  MP2 correlation energy               -0.287543483807

 !MP2 total energy                    -76.351340774987


 **********************************************************************************************************************************
 DATASETS  * FILE   NREC   LENGTH (MB)   RECORD NAMES
              1      20   101764.97       500      610      700      900      950      970     1000      129      960     1100   
                                          VAR    BASINP    GEOM    SYMINP    ZMAT    AOBASIS   BASIS     P2S    ABASIS      S 
                                         1400     1410     1200     1210     1080     1600     1650     1300     1700     1380   
                                           T        V       H0       H01     AOSYM     SMH    MOLCAS    ERIS     OPER     JKOP   

              2       7       46.85       200      700     1000      520     2100     2101     2102   
                                        OPTIONS   GEOM     BASIS   MCVARS     RHF      RHF      RHF  

 PROGRAMS   *        TOTAL       MP2        HF       INT       MP2        HF       INT       MP2        HF       INT
 CPU TIMES  *      7946.78    184.69   2092.20      0.40    184.78   1767.07      0.40    372.59   2248.34   1096.17
 REAL TIME  *     18511.21 SEC
 DISK USED  *       286.76 GB      
 **********************************************************************************************************************************
 SETTING EMP2_B         =       -76.35134077  AU                              
 SETTING EMP2_CORR_B    =        -0.28754348  AU                              

 Running procedure=SET_MONOMERC

 Dummy atoms: C1  H1  H2  H3  H4  O1  H5  H6


 Recomputing one-electron integrals since nuclear charges changed


 PROGRAM * SEWARD (Integral evaluation for generally contracted gaussian basis sets)     Author: Roland Lindh, 1990

 Geometry written to block  1 of record 700


 Point group  C1  



 ATOMIC COORDINATES

 NR  ATOM    CHARGE       X              Y              Z

   1  C1      0.00   -6.193010455    2.801518980    2.403542658
   2  H1      0.00   -4.656285171    1.699997622    3.119937832
   3  H2      0.00   -5.973046335    4.726205038    2.982932688
   4  H3      0.00   -7.940251230    2.077186956    3.118237078
   5  H4      0.00   -6.176569838    2.685300823    0.384937212
   6  O1      0.00   -4.613766333    5.431639800   -4.129996445
   7  H5      0.00   -5.898213180    6.513508006   -3.364279420
   8  H6      0.00   -5.466221788    3.814790128   -4.412888446
   9  O2      8.00   -1.010247586    7.876000542    2.916036383
  10  H7      1.00   -0.819574220    6.648056506    4.275505357
  11  H8      1.00   -0.644963526    6.932271315    1.370429386

 Bond lengths in Bohr (Angstrom)

 1-2  2.021904040  1-3  2.022002335  1-4  2.021953343  1-5  2.022015060  6-7  1.845688241
     ( 1.069945541)     ( 1.069997556)     ( 1.069971630)     ( 1.070004290)     ( 0.976696155)

  6- 8  1.849570504   9-10  1.841835709   9-11  1.847419359
       ( 0.978750561)       ( 0.974657483)       ( 0.977612224)

 Bond angles

  2-1-3  109.53398059   2-1-4  109.65604535   2-1-5  108.43490854   3-1-4  109.49436728

  3- 1- 5  109.86987750   4- 1- 5  109.83468330   7- 6- 8  104.78050181  10- 9-11  104.86126985

 NUCLEAR CHARGE:                   10
 NUMBER OF PRIMITIVE AOS:         810
 NUMBER OF SYMMETRY AOS:          663
 NUMBER OF CONTRACTIONS:          608   ( 608A   )
 NUMBER OF CORE ORBITALS:           1   (   1A   )
 NUMBER OF VALENCE ORBITALS:        6   (   6A   )

 MOLECULE CHANGED: INITIALIZING OCCUPATION AND DUMP RECORDS


 NUCLEAR REPULSION ENERGY    9.01583577


 Eigenvalues of metric

         1 0.115E-04 0.157E-04 0.220E-04 0.316E-04 0.534E-04 0.595E-04 0.653E-04 0.745E-04


 Contracted 2-electron integrals neglected if value below      1.0D-19

 OPERATOR DM      FOR CENTER  0  COORDINATES:    0.000000    0.000000    0.000000


 **********************************************************************************************************************************
 DATASETS  * FILE   NREC   LENGTH (MB)   RECORD NAMES
              1      19   101714.61       500      610      700      900      950      970     1000      129      960     1100   
                                          VAR    BASINP    GEOM    SYMINP    ZMAT    AOBASIS   BASIS     P2S    ABASIS      S 
                                         1400     1410     1200     1210     1080     1600     1650     1300     1700   
                                           T        V       H0       H01     AOSYM     SMH    MOLCAS    ERIS     OPER   

              2       7       46.85       200      700     1000      520     2100     2101     2102   
                                        OPTIONS   GEOM     BASIS   MCVARS     RHF      RHF      RHF  

 PROGRAMS   *        TOTAL       INT       MP2        HF       INT       MP2        HF       INT       MP2        HF       INT
 CPU TIMES  *      7947.18      0.40    184.69   2092.20      0.40    184.78   1767.07      0.40    372.59   2248.34   1096.17
 REAL TIME  *     18512.37 SEC
 DISK USED  *       286.76 GB      
 **********************************************************************************************************************************


 PROGRAM * RHF-SCF (CLOSED SHELL)       Authors: W. Meyer, H.-J. Werner


 NUMBER OF ELECTRONS:       5+    5-    SPACE SYMMETRY=1    SPIN SYMMETRY: Singlet 
 CONVERGENCE THRESHOLDS:    1.00E-08 (Density)    1.00E-09 (Energy)
 MAX. NUMBER OF ITERATIONS:       60
 INTERPOLATION TYPE:            DIIS
 INTERPOLATION STEPS:              2 (START)      1 (STEP)
 LEVEL SHIFTS:                  0.00 (CLOSED)  0.00 (OPEN) 



 Orbital guess generated from atomic densities. Full valence occupancy:    7

 Molecular orbital dump at record        2103.2

 Initial occupancy:   5

 ITERATION    DDIFF          GRAD             ENERGY        2-EL.EN.            DIPOLE MOMENTS         DIIS   ORB.
    1      0.000D+00      0.000D+00       -76.02547754     77.431111    0.28480   -1.11208   -0.09631    0    start
    2      0.000D+00      0.395D-02       -76.05229817     73.785871    0.16547   -0.64642   -0.05507    1    diag
    3      0.160D-02      0.251D-02       -76.06380735     75.403110    0.19522   -0.76257   -0.06516    2    diag
    4      0.607D-03      0.235D-03       -76.06400020     75.311885    0.19404   -0.75802   -0.06459    3    diag
    5      0.762D-04      0.655D-04       -76.06402088     75.326217    0.19361   -0.75636   -0.06437    4    diag
    6      0.243D-04      0.130D-04       -76.06402220     75.325208    0.19352   -0.75600   -0.06432    5    diag
    7      0.630D-05      0.262D-05       -76.06402227     75.325354    0.19349   -0.75588   -0.06430    6    diag
    8      0.179D-05      0.493D-06       -76.06402227     75.325339    0.19348   -0.75584   -0.06430    7    diag
    9      0.327D-06      0.651D-07       -76.06402227     75.325331    0.19348   -0.75584   -0.06430    8    diag
   10      0.382D-07      0.144D-07       -76.06402227     75.325334    0.19348   -0.75584   -0.06430    9    orth
   11      0.101D-07      0.250D-08       -76.06402227     75.325333    0.19348   -0.75584   -0.06430    9    diag
   12      0.184D-08      0.404D-09       -76.06402227     75.325333    0.19348   -0.75584   -0.06430    0    orth

 Final occupancy:   5

 !RHF STATE 1.1 Energy                -76.064022271268
 Nuclear energy                         9.01583577
 One-electron energy                 -122.74252475
 Two-electron energy                   37.66266671
 Virial quotient                       -1.00188643
 !RHF STATE 1.1 Dipole moment           0.19347817    -0.75583854    -0.06429531
 Dipole moment /Debye                   0.49174024    -1.92102411    -0.16341167

 Orbital energies:

         1.1          2.1          3.1          4.1          5.1          6.1          7.1
    -20.567836    -1.343048    -0.708189    -0.580668    -0.508855     0.016052     0.033213

 HOMO      5.1    -0.508855 =     -13.8467eV
 LUMO      6.1     0.016052 =       0.4368eV
 LUMO-HOMO         0.524907 =      14.2834eV


 **********************************************************************************************************************************
 DATASETS  * FILE   NREC   LENGTH (MB)   RECORD NAMES
              1      19   101714.61       500      610      700      900      950      970     1000      129      960     1100   
                                          VAR    BASINP    GEOM    SYMINP    ZMAT    AOBASIS   BASIS     P2S    ABASIS      S 
                                         1400     1410     1200     1210     1080     1600     1650     1300     1700   
                                           T        V       H0       H01     AOSYM     SMH    MOLCAS    ERIS     OPER   

              2       8       64.16       200      700     1000      520     2100     2101     2102     2103   
                                        OPTIONS   GEOM     BASIS   MCVARS     RHF      RHF      RHF      RHF  

 PROGRAMS   *        TOTAL        HF       INT       MP2        HF       INT       MP2        HF       INT       MP2        HF
 CPU TIMES  *     10041.01   2093.82      0.40    184.69   2092.20      0.40    184.78   1767.07      0.40    372.59   2248.34
 REAL TIME  *     22289.59 SEC
 DISK USED  *       286.76 GB      
 **********************************************************************************************************************************
 SETTING ESCF_C         =       -76.06402227  AU                              


 PROGRAM * MP2 (Closed-shell)     Authors: C. Hampel, H.-J. Werner, 1991, M. Deegan, P.J. Knowles, 1992


 Convergence thresholds:  THRVAR = 1.00D-08  THRDEN = 1.00D-08

 Number of core orbitals:           1 (   1 )
 Number of closed-shell orbitals:   4 (   4 )
 Number of external orbitals:     603 ( 603 )

 Molecular orbitals read from record     2103.2  Type=RHF/CANONICAL (state 1.1)

 Number of N-1 electron functions:               4
 Number of N-2 electron functions:              10
 Number of singly external CSFs:              2412
 Number of doubly external CSFs:           2910078
 Total number of CSFs:                     2912491

 Length of J-op  integral file:               0.00 MB
 Length of K-op  integral file:              25.46 MB

 Integral transformation finished. Total CPU: 185.39 sec, npass=  1  Memory used:  13.76 MW

 Memory needed for MP2:                      1.84 MW

 SCS-MP2 correlation energy:           -0.286348194432   (PS=  1.200000  PT=  0.333333)
 SCS-MP2 total energy:                -76.350370465700


  Reference energy                    -76.064022271268
  MP2 singlet pair energy              -0.186088557396
  MP2 triplet pair energy              -0.101317380360
  MP2 correlation energy               -0.287405937755

 !MP2 total energy                    -76.351428209023


 **********************************************************************************************************************************
 DATASETS  * FILE   NREC   LENGTH (MB)   RECORD NAMES
              1      20   101764.97       500      610      700      900      950      970     1000      129      960     1100   
                                          VAR    BASINP    GEOM    SYMINP    ZMAT    AOBASIS   BASIS     P2S    ABASIS      S 
                                         1400     1410     1200     1210     1080     1600     1650     1300     1700     1380   
                                           T        V       H0       H01     AOSYM     SMH    MOLCAS    ERIS     OPER     JKOP   

              2       8       64.16       200      700     1000      520     2100     2101     2102     2103   
                                        OPTIONS   GEOM     BASIS   MCVARS     RHF      RHF      RHF      RHF  

 PROGRAMS   *        TOTAL       MP2        HF       INT       MP2        HF       INT       MP2        HF       INT       MP2
 CPU TIMES  *     10227.16    186.15   2093.82      0.40    184.69   2092.20      0.40    184.78   1767.07      0.40    372.59
 REAL TIME  *     22706.99 SEC
 DISK USED  *       286.76 GB      
 **********************************************************************************************************************************
 SETTING EMP2_C         =       -76.35142821  AU                              
 SETTING EMP2_CORR_C    =        -0.28740594  AU                              

 Running procedure=SET_DIMERAB

 Dummy atoms: O2  H7  H8


 Recomputing one-electron integrals since nuclear charges changed


 PROGRAM * SEWARD (Integral evaluation for generally contracted gaussian basis sets)     Author: Roland Lindh, 1990

 Geometry written to block  1 of record 700


 Point group  C1  



 ATOMIC COORDINATES

 NR  ATOM    CHARGE       X              Y              Z

   1  C1      6.00   -6.193010455    2.801518980    2.403542658
   2  H1      1.00   -4.656285171    1.699997622    3.119937832
   3  H2      1.00   -5.973046335    4.726205038    2.982932688
   4  H3      1.00   -7.940251230    2.077186956    3.118237078
   5  H4      1.00   -6.176569838    2.685300823    0.384937212
   6  O1      8.00   -4.613766333    5.431639800   -4.129996445
   7  H5      1.00   -5.898213180    6.513508006   -3.364279420
   8  H6      1.00   -5.466221788    3.814790128   -4.412888446
   9  O2      0.00   -1.010247586    7.876000542    2.916036383
  10  H7      0.00   -0.819574220    6.648056506    4.275505357
  11  H8      0.00   -0.644963526    6.932271315    1.370429386

 Bond lengths in Bohr (Angstrom)

 1-2  2.021904040  1-3  2.022002335  1-4  2.021953343  1-5  2.022015060  6-7  1.845688241
     ( 1.069945541)     ( 1.069997556)     ( 1.069971630)     ( 1.070004290)     ( 0.976696155)

  6- 8  1.849570504   9-10  1.841835709   9-11  1.847419359
       ( 0.978750561)       ( 0.974657483)       ( 0.977612224)

 Bond angles

  2-1-3  109.53398059   2-1-4  109.65604535   2-1-5  108.43490854   3-1-4  109.49436728

  3- 1- 5  109.86987750   4- 1- 5  109.83468330   7- 6- 8  104.78050181  10- 9-11  104.86126985

 NUCLEAR CHARGE:                   20
 NUMBER OF PRIMITIVE AOS:         810
 NUMBER OF SYMMETRY AOS:          663
 NUMBER OF CONTRACTIONS:          608   ( 608A   )
 NUMBER OF CORE ORBITALS:           2   (   2A   )
 NUMBER OF VALENCE ORBITALS:       14   (  14A   )

 MOLECULE CHANGED: INITIALIZING OCCUPATION AND DUMP RECORDS


 NUCLEAR REPULSION ENERGY   36.70371194


 Eigenvalues of metric

         1 0.115E-04 0.157E-04 0.220E-04 0.316E-04 0.534E-04 0.595E-04 0.653E-04 0.745E-04


 Contracted 2-electron integrals neglected if value below      1.0D-19

 OPERATOR DM      FOR CENTER  0  COORDINATES:    0.000000    0.000000    0.000000


 **********************************************************************************************************************************
 DATASETS  * FILE   NREC   LENGTH (MB)   RECORD NAMES
              1      19   101714.61       500      610      700      900      950      970     1000      129      960     1100   
                                          VAR    BASINP    GEOM    SYMINP    ZMAT    AOBASIS   BASIS     P2S    ABASIS      S 
                                         1400     1410     1200     1210     1080     1600     1650     1300     1700   
                                           T        V       H0       H01     AOSYM     SMH    MOLCAS    ERIS     OPER   

              2       8       64.16       200      700     1000      520     2100     2101     2102     2103   
                                        OPTIONS   GEOM     BASIS   MCVARS     RHF      RHF      RHF      RHF  

 PROGRAMS   *        TOTAL       INT       MP2        HF       INT       MP2        HF       INT       MP2        HF       INT
 CPU TIMES  *     10227.57      0.41    186.15   2093.82      0.40    184.69   2092.20      0.40    184.78   1767.07      0.40
 REAL TIME  *     22710.77 SEC
 DISK USED  *       286.76 GB      
 **********************************************************************************************************************************


 PROGRAM * RHF-SCF (CLOSED SHELL)       Authors: W. Meyer, H.-J. Werner


 NUMBER OF ELECTRONS:      10+   10-    SPACE SYMMETRY=1    SPIN SYMMETRY: Singlet 
 CONVERGENCE THRESHOLDS:    1.00E-08 (Density)    1.00E-09 (Energy)
 MAX. NUMBER OF ITERATIONS:       60
 INTERPOLATION TYPE:            DIIS
 INTERPOLATION STEPS:              2 (START)      1 (STEP)
 LEVEL SHIFTS:                  0.00 (CLOSED)  0.00 (OPEN) 



 Orbital guess generated from atomic densities. Full valence occupancy:   16

 Molecular orbital dump at record        2104.2

 Initial occupancy:  10

 ITERATION    DDIFF          GRAD             ENERGY        2-EL.EN.            DIPOLE MOMENTS         DIIS   ORB.
    1      0.000D+00      0.000D+00      -116.22050703    158.801117   -1.08712   -0.27429    0.24259    0    start
    2      0.000D+00      0.320D-02      -116.26475131    153.988652   -0.59417   -0.15414    0.16349    1    diag
    3      0.196D-02      0.187D-02      -116.27824779    156.007897   -0.72150   -0.18504    0.18206    2    diag
    4      0.681D-03      0.280D-03      -116.27890921    155.894954   -0.71196   -0.18267    0.17857    3    diag
    5      0.147D-03      0.821D-04      -116.27897885    155.890090   -0.71166   -0.18284    0.17888    4    diag
    6      0.594D-04      0.200D-04      -116.27898279    155.895757   -0.71094   -0.18283    0.17883    5    diag
    7      0.166D-04      0.406D-05      -116.27898303    155.894076   -0.71098   -0.18287    0.17888    6    diag
    8      0.494D-05      0.103D-05      -116.27898305    155.894253   -0.71092   -0.18288    0.17890    7    diag
    9      0.112D-05      0.238D-06      -116.27898305    155.894224   -0.71090   -0.18287    0.17891    8    diag
   10      0.327D-06      0.291D-07      -116.27898305    155.894225   -0.71090   -0.18287    0.17891    9    orth
   11      0.349D-07      0.752D-08      -116.27898305    155.894226   -0.71090   -0.18287    0.17891    9    diag
   12      0.761D-08      0.218D-08      -116.27898305    155.894226   -0.71090   -0.18287    0.17891    0    orth

 Final occupancy:  10

 !RHF STATE 1.1 Energy               -116.278983047879
 Nuclear energy                        36.70371194
 One-electron energy                 -230.92980794
 Two-electron energy                   77.94711295
 Virial quotient                       -1.00066531
 !RHF STATE 1.1 Dipole moment          -0.71089521    -0.18287365     0.17890833
 Dipole moment /Debye                  -1.80679704    -0.46478802     0.45470983

 Orbital energies:

         1.1          2.1          3.1          4.1          5.1          6.1          7.1          8.1          9.1         10.1
    -20.567905   -11.198865    -1.342483    -0.953447    -0.707292    -0.581405    -0.555045    -0.552719    -0.551116    -0.507512

        11.1         12.1
      0.022510     0.036199

 HOMO     10.1    -0.507512 =     -13.8101eV
 LUMO     11.1     0.022510 =       0.6125eV
 LUMO-HOMO         0.530022 =      14.4226eV


 **********************************************************************************************************************************
 DATASETS  * FILE   NREC   LENGTH (MB)   RECORD NAMES
              1      19   101714.61       500      610      700      900      950      970     1000      129      960     1100   
                                          VAR    BASINP    GEOM    SYMINP    ZMAT    AOBASIS   BASIS     P2S    ABASIS      S 
                                         1400     1410     1200     1210     1080     1600     1650     1300     1700   
                                           T        V       H0       H01     AOSYM     SMH    MOLCAS    ERIS     OPER   

              2       9       81.47       200      700     1000      520     2100     2101     2102     2103     2104   
                                        OPTIONS   GEOM     BASIS   MCVARS     RHF      RHF      RHF      RHF      RHF  

 PROGRAMS   *        TOTAL        HF       INT       MP2        HF       INT       MP2        HF       INT       MP2        HF
 CPU TIMES  *     12319.25   2091.68      0.41    186.15   2093.82      0.40    184.69   2092.20      0.40    184.78   1767.07
 REAL TIME  *     26464.83 SEC
 DISK USED  *       286.76 GB      
 **********************************************************************************************************************************
 SETTING ESCF_AB        =      -116.27898305  AU                              


 PROGRAM * MP2 (Closed-shell)     Authors: C. Hampel, H.-J. Werner, 1991, M. Deegan, P.J. Knowles, 1992


 Convergence thresholds:  THRVAR = 1.00D-08  THRDEN = 1.00D-08

 Number of core orbitals:           2 (   2 )
 Number of closed-shell orbitals:   8 (   8 )
 Number of external orbitals:     598 ( 598 )

 Molecular orbitals read from record     2104.2  Type=RHF/CANONICAL (state 1.1)

 Number of N-1 electron functions:               8
 Number of N-2 electron functions:              36
 Number of singly external CSFs:              4784
 Number of doubly external CSFs:          11445720
 Total number of CSFs:                    11450505

 Length of J-op  integral file:               0.00 MB
 Length of K-op  integral file:              25.46 MB

 Integral transformation finished. Total CPU: 257.61 sec, npass=  1  Memory used:  30.42 MW

 Memory needed for MP2:                      1.84 MW

 SCS-MP2 correlation energy:           -0.507635880067   (PS=  1.200000  PT=  0.333333)
 SCS-MP2 total energy:               -116.786618927945


  Reference energy                   -116.278983047878
  MP2 singlet pair energy              -0.340859215989
  MP2 triplet pair energy              -0.158472033558
  MP2 correlation energy               -0.499331249547

 !MP2 total energy                   -116.778314297424


 **********************************************************************************************************************************
 DATASETS  * FILE   NREC   LENGTH (MB)   RECORD NAMES
              1      20   101880.50       500      610      700      900      950      970     1000      129      960     1100   
                                          VAR    BASINP    GEOM    SYMINP    ZMAT    AOBASIS   BASIS     P2S    ABASIS      S 
                                         1400     1410     1200     1210     1080     1600     1650     1300     1700     1380   
                                           T        V       H0       H01     AOSYM     SMH    MOLCAS    ERIS     OPER     JKOP   

              2       9       81.47       200      700     1000      520     2100     2101     2102     2103     2104   
                                        OPTIONS   GEOM     BASIS   MCVARS     RHF      RHF      RHF      RHF      RHF  

 PROGRAMS   *        TOTAL       MP2        HF       INT       MP2        HF       INT       MP2        HF       INT       MP2
 CPU TIMES  *     12579.21    259.96   2091.68      0.41    186.15   2093.82      0.40    184.69   2092.20      0.40    184.78
 REAL TIME  *     26880.01 SEC
 DISK USED  *       286.76 GB      
 **********************************************************************************************************************************
 SETTING EMP2_AB        =      -116.77831430  AU                              
 SETTING EMP2_CORR_AB   =        -0.49933125  AU                              

 Running procedure=SET_DIMERAC

 Dummy atoms: O1  H5  H6


 Recomputing one-electron integrals since nuclear charges changed


 PROGRAM * SEWARD (Integral evaluation for generally contracted gaussian basis sets)     Author: Roland Lindh, 1990

 Geometry written to block  1 of record 700


 Point group  C1  



 ATOMIC COORDINATES

 NR  ATOM    CHARGE       X              Y              Z

   1  C1      6.00   -6.193010455    2.801518980    2.403542658
   2  H1      1.00   -4.656285171    1.699997622    3.119937832
   3  H2      1.00   -5.973046335    4.726205038    2.982932688
   4  H3      1.00   -7.940251230    2.077186956    3.118237078
   5  H4      1.00   -6.176569838    2.685300823    0.384937212
   6  O1      0.00   -4.613766333    5.431639800   -4.129996445
   7  H5      0.00   -5.898213180    6.513508006   -3.364279420
   8  H6      0.00   -5.466221788    3.814790128   -4.412888446
   9  O2      8.00   -1.010247586    7.876000542    2.916036383
  10  H7      1.00   -0.819574220    6.648056506    4.275505357
  11  H8      1.00   -0.644963526    6.932271315    1.370429386

 Bond lengths in Bohr (Angstrom)

 1-2  2.021904040  1-3  2.022002335  1-4  2.021953343  1-5  2.022015060  6-7  1.845688241
     ( 1.069945541)     ( 1.069997556)     ( 1.069971630)     ( 1.070004290)     ( 0.976696155)

  6- 8  1.849570504   9-10  1.841835709   9-11  1.847419359
       ( 0.978750561)       ( 0.974657483)       ( 0.977612224)

 Bond angles

  2-1-3  109.53398059   2-1-4  109.65604535   2-1-5  108.43490854   3-1-4  109.49436728

  3- 1- 5  109.86987750   4- 1- 5  109.83468330   7- 6- 8  104.78050181  10- 9-11  104.86126985

 NUCLEAR CHARGE:                   20
 NUMBER OF PRIMITIVE AOS:         810
 NUMBER OF SYMMETRY AOS:          663
 NUMBER OF CONTRACTIONS:          608   ( 608A   )
 NUMBER OF CORE ORBITALS:           2   (   2A   )
 NUMBER OF VALENCE ORBITALS:       14   (  14A   )

 MOLECULE CHANGED: INITIALIZING OCCUPATION AND DUMP RECORDS


 NUCLEAR REPULSION ENERGY   36.57703656


 Eigenvalues of metric

         1 0.115E-04 0.157E-04 0.220E-04 0.316E-04 0.534E-04 0.595E-04 0.653E-04 0.745E-04


 Contracted 2-electron integrals neglected if value below      1.0D-19

 OPERATOR DM      FOR CENTER  0  COORDINATES:    0.000000    0.000000    0.000000


 **********************************************************************************************************************************
 DATASETS  * FILE   NREC   LENGTH (MB)   RECORD NAMES
              1      19   101714.61       500      610      700      900      950      970     1000      129      960     1100   
                                          VAR    BASINP    GEOM    SYMINP    ZMAT    AOBASIS   BASIS     P2S    ABASIS      S 
                                         1400     1410     1200     1210     1080     1600     1650     1300     1700   
                                           T        V       H0       H01     AOSYM     SMH    MOLCAS    ERIS     OPER   

              2       9       81.47       200      700     1000      520     2100     2101     2102     2103     2104   
                                        OPTIONS   GEOM     BASIS   MCVARS     RHF      RHF      RHF      RHF      RHF  

 PROGRAMS   *        TOTAL       INT       MP2        HF       INT       MP2        HF       INT       MP2        HF       INT
 CPU TIMES  *     12579.61      0.40    259.96   2091.68      0.41    186.15   2093.82      0.40    184.69   2092.20      0.40
 REAL TIME  *     26880.98 SEC
 DISK USED  *       286.76 GB      
 **********************************************************************************************************************************


 PROGRAM * RHF-SCF (CLOSED SHELL)       Authors: W. Meyer, H.-J. Werner


 NUMBER OF ELECTRONS:      10+   10-    SPACE SYMMETRY=1    SPIN SYMMETRY: Singlet 
 CONVERGENCE THRESHOLDS:    1.00E-08 (Density)    1.00E-09 (Energy)
 MAX. NUMBER OF ITERATIONS:       60
 INTERPOLATION TYPE:            DIIS
 INTERPOLATION STEPS:              2 (START)      1 (STEP)
 LEVEL SHIFTS:                  0.00 (CLOSED)  0.00 (OPEN) 



 Orbital guess generated from atomic densities. Full valence occupancy:   16

 Molecular orbital dump at record        2105.2

 Initial occupancy:  10

 ITERATION    DDIFF          GRAD             ENERGY        2-EL.EN.            DIPOLE MOMENTS         DIIS   ORB.
    1      0.000D+00      0.000D+00      -116.22189958    158.567767    0.29096   -1.11220   -0.09783    0    start
    2      0.000D+00      0.319D-02      -116.26577522    153.752038    0.13504   -0.62376   -0.05739    1    diag
    3      0.196D-02      0.186D-02      -116.27915039    155.762430    0.17593   -0.74516   -0.06685    2    diag
    4      0.679D-03      0.278D-03      -116.27980445    155.650332    0.17414   -0.73351   -0.06526    3    diag
    5      0.148D-03      0.813D-04      -116.27987287    155.644713    0.17345   -0.73265   -0.06497    4    diag
    6      0.600D-04      0.198D-04      -116.27987672    155.650420    0.17312   -0.73177   -0.06480    5    diag
    7      0.165D-04      0.399D-05      -116.27987695    155.648727    0.17311   -0.73175   -0.06477    6    diag
    8      0.487D-05      0.101D-05      -116.27987697    155.648898    0.17307   -0.73169   -0.06475    7    diag
    9      0.108D-05      0.233D-06      -116.27987697    155.648871    0.17307   -0.73167   -0.06475    8    diag
   10      0.303D-06      0.277D-07      -116.27987697    155.648873    0.17306   -0.73167   -0.06475    9    orth
   11      0.331D-07      0.656D-08      -116.27987697    155.648874    0.17306   -0.73167   -0.06475    9    diag
   12      0.655D-08      0.172D-08      -116.27987697    155.648874    0.17306   -0.73167   -0.06475    0    orth

 Final occupancy:  10

 !RHF STATE 1.1 Energy               -116.279876968659
 Nuclear energy                        36.57703656
 One-electron energy                 -230.68135055
 Two-electron energy                   77.82443702
 Virial quotient                       -1.00063887
 !RHF STATE 1.1 Dipole moment           0.17306432    -0.73167043    -0.06475233
 Dipole moment /Debye                   0.43985681    -1.85959894    -0.16457324

 Orbital energies:

         1.1          2.1          3.1          4.1          5.1          6.1          7.1          8.1          9.1         10.1
    -20.567222   -11.198494    -1.342704    -0.953390    -0.707827    -0.580553    -0.554622    -0.552643    -0.551064    -0.507719

        11.1         12.1
      0.020897     0.034827

 HOMO     10.1    -0.507719 =     -13.8157eV
 LUMO     11.1     0.020897 =       0.5686eV
 LUMO-HOMO         0.528616 =      14.3844eV


 **********************************************************************************************************************************
 DATASETS  * FILE   NREC   LENGTH (MB)   RECORD NAMES
              1      19   101714.61       500      610      700      900      950      970     1000      129      960     1100   
                                          VAR    BASINP    GEOM    SYMINP    ZMAT    AOBASIS   BASIS     P2S    ABASIS      S 
                                         1400     1410     1200     1210     1080     1600     1650     1300     1700   
                                           T        V       H0       H01     AOSYM     SMH    MOLCAS    ERIS     OPER   

              2      10       98.78       200      700     1000      520     2100     2101     2102     2103     2104     2105   
                                        OPTIONS   GEOM     BASIS   MCVARS     RHF      RHF      RHF      RHF      RHF      RHF  

 PROGRAMS   *        TOTAL        HF       INT       MP2        HF       INT       MP2        HF       INT       MP2        HF
 CPU TIMES  *     14669.79   2090.18      0.40    259.96   2091.68      0.41    186.15   2093.82      0.40    184.69   2092.20
 REAL TIME  *     30976.51 SEC
 DISK USED  *       286.76 GB      
 **********************************************************************************************************************************
 SETTING ESCF_AC        =      -116.27987697  AU                              


 PROGRAM * MP2 (Closed-shell)     Authors: C. Hampel, H.-J. Werner, 1991, M. Deegan, P.J. Knowles, 1992


 Convergence thresholds:  THRVAR = 1.00D-08  THRDEN = 1.00D-08

 Number of core orbitals:           2 (   2 )
 Number of closed-shell orbitals:   8 (   8 )
 Number of external orbitals:     598 ( 598 )

 Molecular orbitals read from record     2105.2  Type=RHF/CANONICAL (state 1.1)

 Number of N-1 electron functions:               8
 Number of N-2 electron functions:              36
 Number of singly external CSFs:              4784
 Number of doubly external CSFs:          11445720
 Total number of CSFs:                    11450505

 Length of J-op  integral file:               0.00 MB
 Length of K-op  integral file:              25.46 MB

 Integral transformation finished. Total CPU: 259.17 sec, npass=  1  Memory used:  30.42 MW

 Memory needed for MP2:                      1.84 MW

 SCS-MP2 correlation energy:           -0.507363031873   (PS=  1.200000  PT=  0.333333)
 SCS-MP2 total energy:               -116.787240000532


  Reference energy                   -116.279876968659
  MP2 singlet pair energy              -0.340696853157
  MP2 triplet pair energy              -0.158346655850
  MP2 correlation energy               -0.499043509007

 !MP2 total energy                   -116.778920477666


 **********************************************************************************************************************************
 DATASETS  * FILE   NREC   LENGTH (MB)   RECORD NAMES
              1      20   101880.50       500      610      700      900      950      970     1000      129      960     1100   
                                          VAR    BASINP    GEOM    SYMINP    ZMAT    AOBASIS   BASIS     P2S    ABASIS      S 
                                         1400     1410     1200     1210     1080     1600     1650     1300     1700     1380   
                                           T        V       H0       H01     AOSYM     SMH    MOLCAS    ERIS     OPER     JKOP   

              2      10       98.78       200      700     1000      520     2100     2101     2102     2103     2104     2105   
                                        OPTIONS   GEOM     BASIS   MCVARS     RHF      RHF      RHF      RHF      RHF      RHF  

 PROGRAMS   *        TOTAL       MP2        HF       INT       MP2        HF       INT       MP2        HF       INT       MP2
 CPU TIMES  *     14931.29    261.50   2090.18      0.40    259.96   2091.68      0.41    186.15   2093.82      0.40    184.69
 REAL TIME  *     31468.40 SEC
 DISK USED  *       286.76 GB      
 **********************************************************************************************************************************
 SETTING EMP2_AC        =      -116.77892048  AU                              
 SETTING EMP2_CORR_AC   =        -0.49904351  AU                              

 Running procedure=SET_DIMERBC

 Dummy atoms: C1  H1  H2  H3  H4


 Recomputing one-electron integrals since nuclear charges changed


 PROGRAM * SEWARD (Integral evaluation for generally contracted gaussian basis sets)     Author: Roland Lindh, 1990

 Geometry written to block  1 of record 700


 Point group  C1  



 ATOMIC COORDINATES

 NR  ATOM    CHARGE       X              Y              Z

   1  C1      0.00   -6.193010455    2.801518980    2.403542658
   2  H1      0.00   -4.656285171    1.699997622    3.119937832
   3  H2      0.00   -5.973046335    4.726205038    2.982932688
   4  H3      0.00   -7.940251230    2.077186956    3.118237078
   5  H4      0.00   -6.176569838    2.685300823    0.384937212
   6  O1      8.00   -4.613766333    5.431639800   -4.129996445
   7  H5      1.00   -5.898213180    6.513508006   -3.364279420
   8  H6      1.00   -5.466221788    3.814790128   -4.412888446
   9  O2      8.00   -1.010247586    7.876000542    2.916036383
  10  H7      1.00   -0.819574220    6.648056506    4.275505357
  11  H8      1.00   -0.644963526    6.932271315    1.370429386

 Bond lengths in Bohr (Angstrom)

 1-2  2.021904040  1-3  2.022002335  1-4  2.021953343  1-5  2.022015060  6-7  1.845688241
     ( 1.069945541)     ( 1.069997556)     ( 1.069971630)     ( 1.070004290)     ( 0.976696155)

  6- 8  1.849570504   9-10  1.841835709   9-11  1.847419359
       ( 0.978750561)       ( 0.974657483)       ( 0.977612224)

 Bond angles

  2-1-3  109.53398059   2-1-4  109.65604535   2-1-5  108.43490854   3-1-4  109.49436728

  3- 1- 5  109.86987750   4- 1- 5  109.83468330   7- 6- 8  104.78050181  10- 9-11  104.86126985

 NUCLEAR CHARGE:                   20
 NUMBER OF PRIMITIVE AOS:         810
 NUMBER OF SYMMETRY AOS:          663
 NUMBER OF CONTRACTIONS:          608   ( 608A   )
 NUMBER OF CORE ORBITALS:           2   (   2A   )
 NUMBER OF VALENCE ORBITALS:       12   (  12A   )

 MOLECULE CHANGED: INITIALIZING OCCUPATION AND DUMP RECORDS


 NUCLEAR REPULSION ENERGY   30.05978058


 Eigenvalues of metric

         1 0.115E-04 0.157E-04 0.220E-04 0.316E-04 0.534E-04 0.595E-04 0.653E-04 0.745E-04


 Contracted 2-electron integrals neglected if value below      1.0D-19

 OPERATOR DM      FOR CENTER  0  COORDINATES:    0.000000    0.000000    0.000000


 **********************************************************************************************************************************
 DATASETS  * FILE   NREC   LENGTH (MB)   RECORD NAMES
              1      19   101714.61       500      610      700      900      950      970     1000      129      960     1100   
                                          VAR    BASINP    GEOM    SYMINP    ZMAT    AOBASIS   BASIS     P2S    ABASIS      S 
                                         1400     1410     1200     1210     1080     1600     1650     1300     1700   
                                           T        V       H0       H01     AOSYM     SMH    MOLCAS    ERIS     OPER   

              2      10       98.78       200      700     1000      520     2100     2101     2102     2103     2104     2105   
                                        OPTIONS   GEOM     BASIS   MCVARS     RHF      RHF      RHF      RHF      RHF      RHF  

 PROGRAMS   *        TOTAL       INT       MP2        HF       INT       MP2        HF       INT       MP2        HF       INT
 CPU TIMES  *     14931.69      0.40    261.50   2090.18      0.40    259.96   2091.68      0.41    186.15   2093.82      0.40
 REAL TIME  *     31469.24 SEC
 DISK USED  *       286.76 GB      
 **********************************************************************************************************************************


 PROGRAM * RHF-SCF (CLOSED SHELL)       Authors: W. Meyer, H.-J. Werner


 NUMBER OF ELECTRONS:      10+   10-    SPACE SYMMETRY=1    SPIN SYMMETRY: Singlet 
 CONVERGENCE THRESHOLDS:    1.00E-08 (Density)    1.00E-09 (Energy)
 MAX. NUMBER OF ITERATIONS:       60
 INTERPOLATION TYPE:            DIIS
 INTERPOLATION STEPS:              2 (START)      1 (STEP)
 LEVEL SHIFTS:                  0.00 (CLOSED)  0.00 (OPEN) 



 Orbital guess generated from atomic densities. Full valence occupancy:   14

 Molecular orbital dump at record        2106.2

 Initial occupancy:  10

 ITERATION    DDIFF          GRAD             ENERGY        2-EL.EN.            DIPOLE MOMENTS         DIIS   ORB.
    1      0.000D+00      0.000D+00      -152.05322191    178.960329   -0.81022   -1.38700    0.14955    0    start
    2      0.000D+00      0.395D-02      -152.10617825    171.686940   -0.48141   -0.80223    0.05961    1    diag
    3      0.225D-02      0.250D-02      -152.12888698    174.906087   -0.56427   -0.94937    0.08273    2    diag
    4      0.852D-03      0.235D-03      -152.12926814    174.724737   -0.56131   -0.94430    0.08226    3    diag
    5      0.107D-03      0.650D-04      -152.12930854    174.753044   -0.56023   -0.94221    0.08188    4    diag
    6      0.333D-04      0.128D-04      -152.12931109    174.751034   -0.55993   -0.94182    0.08184    5    diag
    7      0.861D-05      0.265D-05      -152.12931122    174.751303   -0.55988   -0.94163    0.08183    6    diag
    8      0.253D-05      0.766D-06      -152.12931123    174.751291   -0.55982   -0.94162    0.08182    7    diag
    9      0.468D-06      0.309D-06      -152.12931123    174.751268   -0.55982   -0.94160    0.08183    8    diag
   10      0.199D-06      0.378D-07      -152.12931123    174.751262   -0.55982   -0.94160    0.08183    9    orth
   11      0.295D-07      0.102D-07      -152.12931123    174.751264   -0.55982   -0.94160    0.08183    9    diag
   12      0.853D-08      0.283D-08      -152.12931123    174.751264   -0.55982   -0.94160    0.08183    0    orth

 Final occupancy:  10

 !RHF STATE 1.1 Energy               -152.129311227135
 Nuclear energy                        30.05978058
 One-electron energy                 -269.56472404
 Two-electron energy                   87.37563223
 Virial quotient                       -1.00194353
 !RHF STATE 1.1 Dipole moment          -0.55981697    -0.94159504     0.08182621
 Dipole moment /Debye                  -1.42281961    -2.39313913     0.20796785

 Orbital energies:

         1.1          2.1          3.1          4.1          5.1          6.1          7.1          8.1          9.1         10.1
    -20.571676   -20.562248    -1.345907    -1.337565    -0.710658    -0.702552    -0.584514    -0.575486    -0.512668    -0.503455

        11.1         12.1
      0.015868     0.032449

 HOMO     10.1    -0.503455 =     -13.6997eV
 LUMO     11.1     0.015868 =       0.4318eV
 LUMO-HOMO         0.519322 =      14.1315eV


 **********************************************************************************************************************************
 DATASETS  * FILE   NREC   LENGTH (MB)   RECORD NAMES
              1      19   101714.61       500      610      700      900      950      970     1000      129      960     1100   
                                          VAR    BASINP    GEOM    SYMINP    ZMAT    AOBASIS   BASIS     P2S    ABASIS      S 
                                         1400     1410     1200     1210     1080     1600     1650     1300     1700   
                                           T        V       H0       H01     AOSYM     SMH    MOLCAS    ERIS     OPER   

              2      11      116.08       200      700     1000      520     2100     2101     2102     2103     2104     2105   
                                        OPTIONS   GEOM     BASIS   MCVARS     RHF      RHF      RHF      RHF      RHF      RHF  
                                         2106   
                                          RHF  

 PROGRAMS   *        TOTAL        HF       INT       MP2        HF       INT       MP2        HF       INT       MP2        HF
 CPU TIMES  *     17023.05   2091.36      0.40    261.50   2090.18      0.40    259.96   2091.68      0.41    186.15   2093.82
 REAL TIME  *     35710.15 SEC
 DISK USED  *       286.76 GB      
 **********************************************************************************************************************************
 SETTING ESCF_BC        =      -152.12931123  AU                              


 PROGRAM * MP2 (Closed-shell)     Authors: C. Hampel, H.-J. Werner, 1991, M. Deegan, P.J. Knowles, 1992


 Convergence thresholds:  THRVAR = 1.00D-08  THRDEN = 1.00D-08

 Number of core orbitals:           2 (   2 )
 Number of closed-shell orbitals:   8 (   8 )
 Number of external orbitals:     598 ( 598 )

 Molecular orbitals read from record     2106.2  Type=RHF/CANONICAL (state 1.1)

 Number of N-1 electron functions:               8
 Number of N-2 electron functions:              36
 Number of singly external CSFs:              4784
 Number of doubly external CSFs:          11445720
 Total number of CSFs:                    11450505

 Length of J-op  integral file:               0.00 MB
 Length of K-op  integral file:              25.46 MB

 Integral transformation finished. Total CPU: 257.46 sec, npass=  1  Memory used:  30.42 MW

 Memory needed for MP2:                      1.84 MW

 SCS-MP2 correlation energy:           -0.572882160910   (PS=  1.200000  PT=  0.333333)
 SCS-MP2 total energy:               -152.702193388043


  Reference energy                   -152.129311227133
  MP2 singlet pair energy              -0.372243209598
  MP2 triplet pair energy              -0.202805854380
  MP2 correlation energy               -0.575049063978

 !MP2 total energy                   -152.704360291111


 **********************************************************************************************************************************
 DATASETS  * FILE   NREC   LENGTH (MB)   RECORD NAMES
              1      20   101880.50       500      610      700      900      950      970     1000      129      960     1100   
                                          VAR    BASINP    GEOM    SYMINP    ZMAT    AOBASIS   BASIS     P2S    ABASIS      S 
                                         1400     1410     1200     1210     1080     1600     1650     1300     1700     1380   
                                           T        V       H0       H01     AOSYM     SMH    MOLCAS    ERIS     OPER     JKOP   

              2      11      116.08       200      700     1000      520     2100     2101     2102     2103     2104     2105   
                                        OPTIONS   GEOM     BASIS   MCVARS     RHF      RHF      RHF      RHF      RHF      RHF  
                                         2106   
                                          RHF  

 PROGRAMS   *        TOTAL       MP2        HF       INT       MP2        HF       INT       MP2        HF       INT       MP2
 CPU TIMES  *     17282.85    259.80   2091.36      0.40    261.50   2090.18      0.40    259.96   2091.68      0.41    186.15
 REAL TIME  *     36217.08 SEC
 DISK USED  *       286.76 GB      
 **********************************************************************************************************************************
 SETTING EMP2_BC        =      -152.70436029  AU                              
 SETTING EMP2_CORR_BC   =        -0.57504906  AU                              
 SETTING E_INT_ABC      =        -0.00227294  AU                              
 SETTING E_INT_AB       =        -0.00010316  AU                              
 SETTING E_INT_AC       =        -0.00062190  AU                              
 SETTING E_INT_BC       =        -0.00159131  AU                              
 SETTING E_ADD          =        -0.00231637  AU                              
 SETTING E_NONADD_MP2   =     4.34238949D-05  AU                              
 SETTING E_INT_ABC_CORR =        -0.00169181  AU                              
 SETTING E_INT_AB_CORR  =        -0.00087155  AU                              
 SETTING E_INT_AC_CORR  =        -0.00072135  AU                              
 SETTING E_INT_BC_CORR  =    -9.96424142D-05  AU                              
 SETTING E_INT_ABC_CORR_ADD              =      -0.00169255  AU                              
 SETTING E_INT_ABC_CORR_NONADD           =   7.35007923D-07  AU                              
 SETTING E_INT_ABC_HF   =        -0.00058113  AU                              
 SETTING E_INT_AB_HF    =         0.00076839  AU                              
 SETTING E_INT_AC_HF    =     9.94510011D-05  AU                              
 SETTING E_INT_BC_HF    =        -0.00149166  AU                              
 SETTING E_INT_ABC_HF_ADD                =      -0.00062382  AU                              
 SETTING E_INT_ABC_HF_NONADD             =   4.26888870D-05  AU                              

 *** results in millihartree
 E_INT_ABC        =        -0.00227294 AU
 E_INT_AB         =        -0.00010316 AU
 E_INT_AC         =        -0.00062190 AU
 E_INT_BC         =        -0.00159131 AU
 E_ADD            =        -0.00231637 AU
 E_NONADD_MP2     =         0.00004342 AU
 E_INT_ABC_CORR   =        -0.00169181 AU
 E_INT_AB_CORR    =        -0.00087155 AU
 E_INT_AC_CORR    =        -0.00072135 AU
 E_INT_BC_CORR    =        -0.00009964 AU
 E_INT_ABC_CORR_ADD       =        -0.00169255 AU
 E_INT_ABC_CORR_NONADD    =         0.00000074 AU
 E_INT_ABC_HF     =        -0.00058113 AU
 E_INT_AB_HF      =         0.00076839 AU
 E_INT_AC_HF      =         0.00009945 AU
 E_INT_BC_HF      =        -0.00149166 AU
 E_INT_ABC_HF_ADD =        -0.00062382 AU
 E_INT_ABC_HF_NONADD      =         0.00004269 AU

 MP2/aug-cc-pVQZ energy=   -152.704360291111

        MP2             HF-SCF          MP2             HF-SCF          MP2             HF-SCF          MP2             HF-SCF  
   -152.70436029   -152.12931123   -116.77892048   -116.27987697   -116.77831430   -116.27898305    -76.35142821    -76.06402227
 **********************************************************************************************************************************
 Molpro calculation terminated
 Variable memory released
