
 Primary working directories    : /net/scratch/people/plgsirous
 Secondary working directories  : /net/scratch/people/plgsirous
 Wavefunction directory         : /net/people/plgsirous/wfu/
 Main file repository           : /net/scratch/people/plgsirous/

 SHA1      : 
 NAME      : 
 ARCHNAME  : linux/x86_64
 FC        : /net/software/local/intel/impi/2018.1.163/bin64/mpiifort
 BLASLIB   : -L/net/software/local/intel/compilers_and_libraries_2018.1.163/linux/mkl/lib/intel64 -lmkl_scalapack_ilp64 -lmkl_intel_ilp64 -lmkl_intel_thread -lmkl_core -lmkl_blacs_intelmpi_ilp64 -liomp5 -lpthread -lm -ldl
 id        : pl

 Nodes     nprocs
 p1042        1

 Using customized tuning parameters: mindgm=7; mindgv=20; mindgc=1; mindgr=1; noblas=0; minvec=7
 default implementation of scratch files=df  

 ***,MP2SD(T)
 memory,14000,m
 gthresh,orbital=1d-8,energy=1d-8,twoint=1.d-19
 angstrom
 geometry={
 C1        -3.2772    1.4825     1.2719
 H1        -2.4640    0.8996     1.6510
 H2        -3.1608    2.5010     1.5785
 H3        -4.2018    1.0992     1.6501
 H4        -3.2685    1.4210     0.2037
 O1        -3.5189    -2.4195     0.9913
 H5        -3.3889    -3.3718     0.8933
 H6        -2.9907    -2.0102     0.2310
 O2        -0.5346    4.1678     1.5431
 H7        -0.4337    3.5180     2.2625
 H8        -0.3413    3.6684     0.7252
   }
 
 nkerna=1
 nkernb=1
 nkernc=1
 nkernab=$nkerna+$nkernb
 nkernac=$nkerna+$nkernc
 nkernbc=$nkernb+$nkernc
 nkernabc=$nkerna+$nkernb+$nkernc
 
 proc set_monomera
 core,$nkerna
 dummy,6,7,8,9,10,11;
 endproc
 
 proc set_monomerb
 core,$nkernb
 dummy,1,2,3,4,5,9,10,11;
 endproc
 
 proc set_monomerc
 core,$nkernc
 dummy,1,2,3,4,5,6,7,8;
 endproc
 
 proc set_dimerab
 core,$nkerna+$nkernb
 dummy,9,10,11;
 endproc
 
 proc set_dimerac
 core,$nkerna+$nkernc
 dummy,6,7,8;
 endproc
 
 proc set_dimerbc
 core,$nkernb+$nkernc
 dummy,1,2,3,4,5;
 endproc
 
 proc set_trimerabc
 core,$nkerna+$nkernb+$nkernc
 endproc
 
 basis=avqz
 
 set_trimerabc
 hf
 Escf_ABC=energy
 mp2
 Emp2_ABC=energy
 Emp2_corr_ABC=(Emp2_ABC)-(Escf_ABC)
 
 set_monomera
 {hf
 start,atden}
 Escf_A=energy
 mp2
 Emp2_A=energy
 Emp2_corr_A=(Emp2_A)-(Escf_A)
 
 set_monomerb
 {hf
 start,atden}
 Escf_B=energy
 mp2
 Emp2_B=energy
 Emp2_corr_B=(Emp2_B)-(Escf_B)
 
 set_monomerc
 {hf
 start,atden}
 Escf_C=energy
 mp2
 Emp2_C=energy
 Emp2_corr_C=(Emp2_C)-(Escf_C)
 
 set_dimerab
 {hf
 start,atden}
 Escf_AB=energy
 mp2
 Emp2_AB=energy
 Emp2_corr_AB=(Emp2_AB)-(Escf_AB)
 
 set_dimerac
 {hf
 start,atden}
 Escf_AC=energy
 mp2
 Emp2_AC=energy
 Emp2_corr_AC=(Emp2_AC)-(Escf_AC)
 
 set_dimerbc
 {hf
 start,atden}
 Escf_BC=energy
 mp2
 Emp2_BC=energy
 Emp2_corr_BC=(Emp2_BC)-(Escf_BC)
 
 E_int_ABC=Emp2_ABC-(Emp2_A+Emp2_B+Emp2_C)
 E_int_AB=Emp2_AB-(Emp2_A+Emp2_B)
 E_int_AC=Emp2_AC-(Emp2_A+Emp2_C)
 E_int_BC=Emp2_BC-(Emp2_B+Emp2_C)
 E_add=E_int_AB+E_int_AC+E_int_BC
 E_nonadd_MP2=E_int_ABC-(E_int_AB+E_int_AC+E_int_BC)
                                                                                 !!!!!Correlation part of interaction energy!!!!!!
 E_int_ABC_corr=Emp2_corr_ABC-(Emp2_corr_A+Emp2_corr_B+Emp2_corr_C)
 E_int_AB_corr=Emp2_corr_AB-(Emp2_corr_A+Emp2_corr_B)
 E_int_AC_corr=Emp2_corr_AC-(Emp2_corr_A+Emp2_corr_C)
 E_int_BC_corr=Emp2_corr_BC-(Emp2_corr_B+Emp2_corr_C)
 E_int_ABC_corr_add=E_int_AB_corr+E_int_AC_corr+E_int_BC_corr
 E_int_ABC_corr_nonadd=E_int_ABC_corr-E_int_ABC_corr_add
                                                                                 !!!!HF part of interaction energy!!!!
 E_int_ABC_HF=E_int_ABC-E_int_ABC_corr
 E_int_AB_HF=E_int_AB-E_int_AB_corr
 E_int_AC_HF=E_int_AC-E_int_AC_corr
 E_int_BC_HF=E_int_BC-E_int_BC_corr
 E_int_ABC_HF_add=E_int_AB_HF+E_int_AC_HF+E_int_BC_HF
 E_int_ABC_HF_nonadd=E_int_ABC_HF-E_int_ABC_HF_add
 
 text,results in millihartree
                                                                                 !!!!Interacion Energies!!!!!!
 show,E_int_ABC,E_int_AB,E_int_AC,E_int_BC,E_add,E_nonadd_MP2
                                                                                 !!!!Correlation Part!!!!!!!!
 show,E_int_ABC_corr,E_int_AB_corr,E_int_AC_corr,E_int_BC_corr,E_int_ABC_corr_add,E_int_ABC_corr_nonadd
                                                                                 !!!!SCF Part!!!!!
 show,E_int_ABC_HF,E_int_AB_HF,E_int_AC_HF,E_int_BC_HF,E_int_ABC_HF_add,E_int_ABC_HF_nonadd

 Variables initialized (889), CPU time= 0.00 sec
 Commands  initialized (702), CPU time= 0.01 sec, 572 directives.
 Default parameters read. Elapsed time= 0.07 sec

 Checking input...
 Passed
1


                                         ***  PROGRAM SYSTEM MOLPRO  ***
                                       Copyright, TTI GmbH Stuttgart, 2015
                                    Version 2015.1 linked Jul  2 2018 15:03:07


 **********************************************************************************************************************************
 LABEL *   MP2SD(T)                                                                      
  64 bit serial version                                                                  DATE: 29-Nov-18          TIME: 00:09:29  
 **********************************************************************************************************************************

 SHA1:             
 **********************************************************************************************************************************

 THRESHOLDS:

 ZERO    =  1.00D-12  ONEINT  =  1.00D-12  TWOINT  =  1.00D-19  PREFAC  =  1.00D-14  LOCALI  =  1.00D-09  EORDER  =  1.00D-04
 ENERGY  =  1.00D-08  ETEST   =  0.00D+00  EDENS   =  0.00D+00  THRDEDEF=  1.00D-06  GRADIENT=  1.00D-02  STEP    =  1.00D-03
 ORBITAL =  1.00D-08  CIVEC   =  1.00D-05  COEFF   =  1.00D-04  PRINTCI =  5.00D-02  PUNCHCI =  9.90D+01  OPTGRAD =  3.00D-04
 OPTENERG=  1.00D-06  OPTSTEP =  3.00D-04  THRGRAD =  1.00D-10  COMPRESS=  1.00D-11  VARMIN  =  1.00D-07  VARMAX  =  1.00D-03
 THRDOUB =  0.00D+00  THRDIV  =  1.00D-05  THRRED  =  1.00D-07  THRPSP  =  1.00D+00  THRDC   =  1.00D-10  THRCS   =  1.00D-10
 THRNRM  =  1.00D-08  THREQ   =  0.00D+00  THRDE   =  1.00D+00  THRREF  =  1.00D-05  SPARFAC =  1.00D+00  THRDLP  =  1.00D-07
 THRDIA  =  1.00D-10  THRDLS  =  1.00D-07  THRGPS  =  0.00D+00  THRKEX  =  0.00D+00  THRDIS  =  2.00D-01  THRVAR  =  1.00D-10
 THRLOC  =  1.00D-06  THRGAP  =  1.00D-06  THRLOCT = -1.00D+00  THRGAPT = -1.00D+00  THRORB  =  1.00D-06  THRMLTP =  0.00D+00
 THRCPQCI=  1.00D-10  KEXTA   =  0.00D+00  THRCOARS=  0.00D+00  SYMTOL  =  1.00D-06  GRADTOL =  1.00D-06  THROVL  =  1.00D-08
 THRORTH =  1.00D-08  GRID    =  1.00D-06  GRIDMAX =  1.00D-03  DTMAX   =  0.00D+00  THROCCDE=  1.00D-01  THROCCDE=  1.00D-01


 ZUNIT=ANG
 

Geometry recognized as XYZ

 SETTING NKERNA         =         1.00000000                                  
 SETTING NKERNB         =         1.00000000                                  
 SETTING NKERNC         =         1.00000000                                  
 SETTING NKERNAB        =         2.00000000                                  
 SETTING NKERNAC        =         2.00000000                                  
 SETTING NKERNBC        =         2.00000000                                  
 SETTING NKERNABC       =         3.00000000                                  

 Variable memory set to ********** words,  buffer space   230000 words

 SETTING BASIS          =    AVQZ

 Running procedure=SET_TRIMERABC


 Recomputing integrals since basis changed


 Using spherical harmonics

 Library entry C      S aug-cc-pVQZ          selected for orbital group  1
 Library entry C      P aug-cc-pVQZ          selected for orbital group  1
 Library entry C      D aug-cc-pVQZ          selected for orbital group  1
 Library entry C      F aug-cc-pVQZ          selected for orbital group  1
 Library entry C      G aug-cc-pVQZ          selected for orbital group  1
 Library entry H      S aug-cc-pVQZ          selected for orbital group  2
 Library entry H      P aug-cc-pVQZ          selected for orbital group  2
 Library entry H      D aug-cc-pVQZ          selected for orbital group  2
 Library entry H      F aug-cc-pVQZ          selected for orbital group  2
 Library entry O      S aug-cc-pVQZ          selected for orbital group  3
 Library entry O      P aug-cc-pVQZ          selected for orbital group  3
 Library entry O      D aug-cc-pVQZ          selected for orbital group  3
 Library entry O      F aug-cc-pVQZ          selected for orbital group  3
 Library entry O      G aug-cc-pVQZ          selected for orbital group  3


 PROGRAM * SEWARD (Integral evaluation for generally contracted gaussian basis sets)     Author: Roland Lindh, 1990

 Geometry written to block  1 of record 700


 Point group  C1  



 ATOMIC COORDINATES

 NR  ATOM    CHARGE       X              Y              Z

   1  C1      6.00   -6.193010455    2.801518980    2.403542658
   2  H1      1.00   -4.656285171    1.699997622    3.119937832
   3  H2      1.00   -5.973046335    4.726205038    2.982932688
   4  H3      1.00   -7.940251230    2.077186956    3.118237078
   5  H4      1.00   -6.176569838    2.685300823    0.384937212
   6  O1      8.00   -6.649757260   -4.572192358    1.873285507
   7  H5      1.00   -6.404092864   -6.371778547    1.688092347
   8  H6      1.00   -5.651603921   -3.798727456    0.436526735
   9  O2      8.00   -1.010247586    7.876000542    2.916036383
  10  H7      1.00   -0.819574220    6.648056506    4.275505357
  11  H8      1.00   -0.644963526    6.932271315    1.370429386

 Bond lengths in Bohr (Angstrom)

 1-2  2.021904040  1-3  2.022002335  1-4  2.021953343  1-5  2.022015060  6-7  1.825693827
     ( 1.069945541)     ( 1.069997556)     ( 1.069971630)     ( 1.070004290)     ( 0.966115568)

  6- 8  1.912807835   9-10  1.841835709   9-11  1.847419359
       ( 1.012214315)       ( 0.974657483)       ( 0.977612224)

 Bond angles

  2-1-3  109.53398059   2-1-4  109.65604535   2-1-5  108.43490854   3-1-4  109.49436728

  3- 1- 5  109.86987750   4- 1- 5  109.83468330   7- 6- 8  104.60595341  10- 9-11  104.86126985

 NUCLEAR CHARGE:                   30
 NUMBER OF PRIMITIVE AOS:         810
 NUMBER OF SYMMETRY AOS:          663
 NUMBER OF CONTRACTIONS:          608   ( 608A   )
 NUMBER OF CORE ORBITALS:           3   (   3A   )
 NUMBER OF VALENCE ORBITALS:       20   (  20A   )


 NUCLEAR REPULSION ENERGY   66.13225463


 Eigenvalues of metric

         1 0.120E-04 0.154E-04 0.226E-04 0.341E-04 0.539E-04 0.617E-04 0.655E-04 0.811E-04


 Contracted 2-electron integrals neglected if value below      1.0D-19
 AO integral compression algorithm  1   Integral accuracy      1.0D-19

     92068.905 MB (compressed) written to integral file ( 62.8%)


 NUMBER OF SORTED TWO-ELECTRON INTEGRALS:17137761816.     BUFFER LENGTH:  32768
 NUMBER OF SEGMENTS: 179  SEGMENT LENGTH:   95999835      RECORD LENGTH: 524288

 Memory used in sort:      96.56 MW

 SORT1 READ 18336427762. AND WROTE 12733438850. INTEGRALS IN  36525 RECORDS. CPU TIME:   159.96 SEC, REAL TIME:   673.62 SEC
 SORT2 READ 12733438850. AND WROTE 17137761816. INTEGRALS IN 351215 RECORDS. CPU TIME:   184.88 SEC, REAL TIME:  3652.16 SEC

 FILE SIZES:   FILE 1: 92102.5 MBYTE,  FILE 4:153197.0 MBYTE,   TOTAL: 245299.5 MBYTE

 OPERATOR DM      FOR CENTER  0  COORDINATES:    0.000000    0.000000    0.000000


 **********************************************************************************************************************************
 DATASETS  * FILE   NREC   LENGTH (MB)   RECORD NAMES
              1      19    85107.84       500      610      700      900      950      970     1000      129      960     1100   
                                          VAR    BASINP    GEOM    SYMINP    ZMAT    AOBASIS   BASIS     P2S    ABASIS      S 
                                         1400     1410     1200     1210     1080     1600     1650     1300     1700   
                                           T        V       H0       H01     AOSYM     SMH    MOLCAS    ERIS     OPER   

 PROGRAMS   *        TOTAL       INT
 CPU TIMES  *       968.29    968.14
 REAL TIME  *      5227.38 SEC
 DISK USED  *       245.30 GB      
 **********************************************************************************************************************************


 PROGRAM * RHF-SCF (CLOSED SHELL)       Authors: W. Meyer, H.-J. Werner


 NUMBER OF ELECTRONS:      15+   15-    SPACE SYMMETRY=1    SPIN SYMMETRY: Singlet 
 CONVERGENCE THRESHOLDS:    1.00E-08 (Density)    1.00E-09 (Energy)
 MAX. NUMBER OF ITERATIONS:       60
 INTERPOLATION TYPE:            DIIS
 INTERPOLATION STEPS:              2 (START)      1 (STEP)
 LEVEL SHIFTS:                  0.00 (CLOSED)  0.00 (OPEN) 



 Orbital guess generated from atomic densities. Full valence occupancy:   23

 Molecular orbital dump at record        2100.2

 Initial occupancy:  15

 ITERATION    DDIFF          GRAD             ENERGY        2-EL.EN.            DIPOLE MOMENTS         DIIS   ORB.
    1      0.000D+00      0.000D+00      -192.24347124    277.251428    0.93229   -1.62505   -0.93557    0    start
    2      0.000D+00      0.349D-02      -192.31439672    268.681656    0.46664   -0.95676   -0.49635    1    diag
    3      0.254D-02      0.213D-02      -192.33982844    272.361733    0.58544   -1.12374   -0.60506    2    diag
    4      0.916D-03      0.268D-03      -192.34070026    272.156954    0.57929   -1.11342   -0.59578    3    diag
    5      0.165D-03      0.780D-04      -192.34079511    272.165195    0.57742   -1.11220   -0.59400    4    diag
    6      0.657D-04      0.197D-04      -192.34080095    272.171729    0.57663   -1.11171   -0.59299    5    diag
    7      0.181D-04      0.501D-05      -192.34080142    272.169151    0.57659   -1.11168   -0.59297    6    diag
    8      0.588D-05      0.151D-05      -192.34080146    272.169226    0.57649   -1.11169   -0.59285    7    diag
    9      0.137D-05      0.707D-06      -192.34080147    272.169364    0.57647   -1.11165   -0.59284    8    diag
   10      0.499D-06      0.141D-06      -192.34080147    272.169328    0.57646   -1.11164   -0.59283    9    orth
   11      0.211D-06      0.176D-07      -192.34080147    272.169330    0.57646   -1.11164   -0.59283    9    diag
   12      0.204D-07      0.499D-08      -192.34080147    272.169331    0.57646   -1.11164   -0.59283    9    diag
   13      0.586D-08      0.105D-08      -192.34080147    272.169331    0.57646   -1.11164   -0.59283    0    orth

 Final occupancy:  15

 !RHF STATE 1.1 Energy               -192.340801468324
 Nuclear energy                        66.13225463
 One-electron energy                 -394.55772141
 Two-electron energy                  136.08466531
 Virial quotient                       -1.00133454
 !RHF STATE 1.1 Dipole moment           0.57646008    -1.11164412    -0.59282624
 Dipole moment /Debye                   1.46511942    -2.82533247    -1.50671532

 Orbital energies:

         1.1          2.1          3.1          4.1          5.1          6.1          7.1          8.1          9.1         10.1
    -20.572412   -20.566156   -11.193760    -1.341634    -1.339775    -0.948704    -0.706766    -0.703439    -0.580970    -0.579462

        11.1         12.1         13.1         14.1         15.1         16.1         17.1
     -0.550328    -0.547617    -0.546314    -0.510329    -0.506527     0.019841     0.031487

 HOMO     15.1    -0.506527 =     -13.7833eV
 LUMO     16.1     0.019841 =       0.5399eV
 LUMO-HOMO         0.526368 =      14.3232eV


 **********************************************************************************************************************************
 DATASETS  * FILE   NREC   LENGTH (MB)   RECORD NAMES
              1      19    85107.84       500      610      700      900      950      970     1000      129      960     1100   
                                          VAR    BASINP    GEOM    SYMINP    ZMAT    AOBASIS   BASIS     P2S    ABASIS      S 
                                         1400     1410     1200     1210     1080     1600     1650     1300     1700   
                                           T        V       H0       H01     AOSYM     SMH    MOLCAS    ERIS     OPER   

              2       5       12.24       200      700     1000      520     2100   
                                        OPTIONS   GEOM     BASIS   MCVARS     RHF  

 PROGRAMS   *        TOTAL        HF       INT
 CPU TIMES  *      3065.50   2097.21    968.14
 REAL TIME  *      8911.90 SEC
 DISK USED  *       245.30 GB      
 **********************************************************************************************************************************
 SETTING ESCF_ABC       =      -192.34080147  AU                              


 PROGRAM * MP2 (Closed-shell)     Authors: C. Hampel, H.-J. Werner, 1991, M. Deegan, P.J. Knowles, 1992


 Convergence thresholds:  THRVAR = 1.00D-08  THRDEN = 1.00D-08

 Number of core orbitals:           3 (   3 )
 Number of closed-shell orbitals:  12 (  12 )
 Number of external orbitals:     593 ( 593 )

 Molecular orbitals read from record     2100.2  Type=RHF/CANONICAL (state 1.1)

 Number of N-1 electron functions:              12
 Number of N-2 electron functions:              78
 Number of singly external CSFs:              7116
 Number of doubly external CSFs:          25322286
 Total number of CSFs:                    25329403

 Length of J-op  integral file:               0.00 MB
 Length of K-op  integral file:              25.46 MB

 Integral transformation finished. Total CPU: 337.52 sec, npass=  1  Memory used:  55.97 MW

 Memory needed for MP2:                      1.83 MW

 SCS-MP2 correlation energy:           -0.795098894173   (PS=  1.200000  PT=  0.333333)
 SCS-MP2 total energy:               -193.135900362498


  Reference energy                   -192.340801468325
  MP2 singlet pair energy              -0.527556311737
  MP2 triplet pair energy              -0.260407478714
  MP2 correlation energy               -0.787963790451

 !MP2 total energy                   -193.128765258776


 **********************************************************************************************************************************
 DATASETS  * FILE   NREC   LENGTH (MB)   RECORD NAMES
              1      20    85460.35       500      610      700      900      950      970     1000      129      960     1100   
                                          VAR    BASINP    GEOM    SYMINP    ZMAT    AOBASIS   BASIS     P2S    ABASIS      S 
                                         1400     1410     1200     1210     1080     1600     1650     1300     1700     1380   
                                           T        V       H0       H01     AOSYM     SMH    MOLCAS    ERIS     OPER     JKOP   

              2       5       12.24       200      700     1000      520     2100   
                                        OPTIONS   GEOM     BASIS   MCVARS     RHF  

 PROGRAMS   *        TOTAL       MP2        HF       INT
 CPU TIMES  *      3407.92    342.42   2097.21    968.14
 REAL TIME  *      9452.33 SEC
 DISK USED  *       245.30 GB      
 **********************************************************************************************************************************
 SETTING EMP2_ABC       =      -193.12876526  AU                              
 SETTING EMP2_CORR_ABC  =        -0.78796379  AU                              

 Running procedure=SET_MONOMERA

 Dummy atoms: O1  H5  H6  O2  H7  H8


 Recomputing one-electron integrals since nuclear charges changed


 PROGRAM * SEWARD (Integral evaluation for generally contracted gaussian basis sets)     Author: Roland Lindh, 1990

 Geometry written to block  1 of record 700


 Point group  C1  



 ATOMIC COORDINATES

 NR  ATOM    CHARGE       X              Y              Z

   1  C1      6.00   -6.193010455    2.801518980    2.403542658
   2  H1      1.00   -4.656285171    1.699997622    3.119937832
   3  H2      1.00   -5.973046335    4.726205038    2.982932688
   4  H3      1.00   -7.940251230    2.077186956    3.118237078
   5  H4      1.00   -6.176569838    2.685300823    0.384937212
   6  O1      0.00   -6.649757260   -4.572192358    1.873285507
   7  H5      0.00   -6.404092864   -6.371778547    1.688092347
   8  H6      0.00   -5.651603921   -3.798727456    0.436526735
   9  O2      0.00   -1.010247586    7.876000542    2.916036383
  10  H7      0.00   -0.819574220    6.648056506    4.275505357
  11  H8      0.00   -0.644963526    6.932271315    1.370429386

 Bond lengths in Bohr (Angstrom)

 1-2  2.021904040  1-3  2.022002335  1-4  2.021953343  1-5  2.022015060  6-7  1.825693827
     ( 1.069945541)     ( 1.069997556)     ( 1.069971630)     ( 1.070004290)     ( 0.966115568)

  6- 8  1.912807835   9-10  1.841835709   9-11  1.847419359
       ( 1.012214315)       ( 0.974657483)       ( 0.977612224)

 Bond angles

  2-1-3  109.53398059   2-1-4  109.65604535   2-1-5  108.43490854   3-1-4  109.49436728

  3- 1- 5  109.86987750   4- 1- 5  109.83468330   7- 6- 8  104.60595341  10- 9-11  104.86126985

 NUCLEAR CHARGE:                   10
 NUMBER OF PRIMITIVE AOS:         810
 NUMBER OF SYMMETRY AOS:          663
 NUMBER OF CONTRACTIONS:          608   ( 608A   )
 NUMBER OF CORE ORBITALS:           1   (   1A   )
 NUMBER OF VALENCE ORBITALS:        8   (   8A   )

 MOLECULE CHANGED: INITIALIZING OCCUPATION AND DUMP RECORDS


 NUCLEAR REPULSION ENERGY   13.68681606


 Eigenvalues of metric

         1 0.120E-04 0.154E-04 0.226E-04 0.341E-04 0.539E-04 0.617E-04 0.655E-04 0.811E-04


 Contracted 2-electron integrals neglected if value below      1.0D-19

 OPERATOR DM      FOR CENTER  0  COORDINATES:    0.000000    0.000000    0.000000


 **********************************************************************************************************************************
 DATASETS  * FILE   NREC   LENGTH (MB)   RECORD NAMES
              1      19    85107.84       500      610      700      900      950      970     1000      129      960     1100   
                                          VAR    BASINP    GEOM    SYMINP    ZMAT    AOBASIS   BASIS     P2S    ABASIS      S 
                                         1400     1410     1200     1210     1080     1600     1650     1300     1700   
                                           T        V       H0       H01     AOSYM     SMH    MOLCAS    ERIS     OPER   

              2       5       12.24       200      700     1000      520     2100   
                                        OPTIONS   GEOM     BASIS   MCVARS     RHF  

 PROGRAMS   *        TOTAL       INT       MP2        HF       INT
 CPU TIMES  *      3408.31      0.39    342.42   2097.21    968.14
 REAL TIME  *      9455.16 SEC
 DISK USED  *       245.30 GB      
 **********************************************************************************************************************************


 PROGRAM * RHF-SCF (CLOSED SHELL)       Authors: W. Meyer, H.-J. Werner


 NUMBER OF ELECTRONS:       5+    5-    SPACE SYMMETRY=1    SPIN SYMMETRY: Singlet 
 CONVERGENCE THRESHOLDS:    1.00E-08 (Density)    1.00E-09 (Energy)
 MAX. NUMBER OF ITERATIONS:       60
 INTERPOLATION TYPE:            DIIS
 INTERPOLATION STEPS:              2 (START)      1 (STEP)
 LEVEL SHIFTS:                  0.00 (CLOSED)  0.00 (OPEN) 



 Orbital guess generated from atomic densities. Full valence occupancy:    9

 Molecular orbital dump at record        2101.2

 Initial occupancy:   5

 ITERATION    DDIFF          GRAD             ENERGY        2-EL.EN.            DIPOLE MOMENTS         DIIS   ORB.
    1      0.000D+00      0.000D+00       -40.19609960     53.506319    0.00411   -0.00276   -0.00131    0    start
    2      0.000D+00      0.217D-02       -40.21335420     52.217635    0.00129   -0.00088   -0.00039    1    diag
    3      0.114D-02      0.844D-03       -40.21563022     52.672098    0.00182   -0.00124   -0.00056    2    diag
    4      0.324D-03      0.211D-03       -40.21594970     52.617286    0.00162   -0.00111   -0.00049    3    diag
    5      0.118D-03      0.273D-04       -40.21595519     52.619434    0.00159   -0.00109   -0.00049    4    diag
    6      0.304D-04      0.223D-05       -40.21595523     52.619570    0.00159   -0.00109   -0.00049    5    diag
    7      0.436D-05      0.179D-06       -40.21595523     52.619531    0.00159   -0.00109   -0.00048    6    diag
    8      0.153D-06      0.144D-07       -40.21595523     52.619532    0.00159   -0.00109   -0.00048    7    diag
    9      0.604D-07      0.183D-08       -40.21595523     52.619532    0.00159   -0.00109   -0.00048    8    diag
   10      0.625D-08      0.502D-09       -40.21595523     52.619532    0.00159   -0.00109   -0.00048    0    orth

 Final occupancy:   5

 !RHF STATE 1.1 Energy                -40.215955234832
 Nuclear energy                        13.68681606
 One-electron energy                  -80.21253728
 Two-electron energy                   26.30976599
 Virial quotient                       -0.99838122
 !RHF STATE 1.1 Dipole moment           0.00159000    -0.00108599    -0.00048455
 Dipole moment /Debye                   0.00404111    -0.00276012    -0.00123151

 Orbital energies:

         1.1          2.1          3.1          4.1          5.1          6.1          7.1
    -11.196223    -0.950660    -0.551889    -0.549955    -0.547775     0.022431     0.031450

 HOMO      5.1    -0.547775 =     -14.9057eV
 LUMO      6.1     0.022431 =       0.6104eV
 LUMO-HOMO         0.570206 =      15.5161eV


 **********************************************************************************************************************************
 DATASETS  * FILE   NREC   LENGTH (MB)   RECORD NAMES
              1      19    85107.84       500      610      700      900      950      970     1000      129      960     1100   
                                          VAR    BASINP    GEOM    SYMINP    ZMAT    AOBASIS   BASIS     P2S    ABASIS      S 
                                         1400     1410     1200     1210     1080     1600     1650     1300     1700   
                                           T        V       H0       H01     AOSYM     SMH    MOLCAS    ERIS     OPER   

              2       6       29.55       200      700     1000      520     2100     2101   
                                        OPTIONS   GEOM     BASIS   MCVARS     RHF      RHF  

 PROGRAMS   *        TOTAL        HF       INT       MP2        HF       INT
 CPU TIMES  *      5053.55   1645.23      0.39    342.42   2097.21    968.14
 REAL TIME  *     12404.94 SEC
 DISK USED  *       245.30 GB      
 **********************************************************************************************************************************
 SETTING ESCF_A         =       -40.21595523  AU                              


 PROGRAM * MP2 (Closed-shell)     Authors: C. Hampel, H.-J. Werner, 1991, M. Deegan, P.J. Knowles, 1992


 Convergence thresholds:  THRVAR = 1.00D-08  THRDEN = 1.00D-08

 Number of core orbitals:           1 (   1 )
 Number of closed-shell orbitals:   4 (   4 )
 Number of external orbitals:     603 ( 603 )

 Molecular orbitals read from record     2101.2  Type=RHF/CANONICAL (state 1.1)

 Number of N-1 electron functions:               4
 Number of N-2 electron functions:              10
 Number of singly external CSFs:              2412
 Number of doubly external CSFs:           2910078
 Total number of CSFs:                     2912491

 Length of J-op  integral file:               0.00 MB
 Length of K-op  integral file:              25.46 MB

 Integral transformation finished. Total CPU: 169.09 sec, npass=  1  Memory used:  13.76 MW

 Memory needed for MP2:                      1.84 MW

 SCS-MP2 correlation energy:           -0.220462455433   (PS=  1.200000  PT=  0.333333)
 SCS-MP2 total energy:                -40.436417690265


  Reference energy                    -40.215955234831
  MP2 singlet pair energy              -0.154440845657
  MP2 triplet pair energy              -0.056464458180
  MP2 correlation energy               -0.210905303837

 !MP2 total energy                    -40.426860538668


 **********************************************************************************************************************************
 DATASETS  * FILE   NREC   LENGTH (MB)   RECORD NAMES
              1      20    85158.20       500      610      700      900      950      970     1000      129      960     1100   
                                          VAR    BASINP    GEOM    SYMINP    ZMAT    AOBASIS   BASIS     P2S    ABASIS      S 
                                         1400     1410     1200     1210     1080     1600     1650     1300     1700     1380   
                                           T        V       H0       H01     AOSYM     SMH    MOLCAS    ERIS     OPER     JKOP   

              2       6       29.55       200      700     1000      520     2100     2101   
                                        OPTIONS   GEOM     BASIS   MCVARS     RHF      RHF  

 PROGRAMS   *        TOTAL       MP2        HF       INT       MP2        HF       INT
 CPU TIMES  *      5223.41    169.86   1645.23      0.39    342.42   2097.21    968.14
 REAL TIME  *     12685.89 SEC
 DISK USED  *       245.30 GB      
 **********************************************************************************************************************************
 SETTING EMP2_A         =       -40.42686054  AU                              
 SETTING EMP2_CORR_A    =        -0.21090530  AU                              

 Running procedure=SET_MONOMERB

 Dummy atoms: C1  H1  H2  H3  H4  O2  H7  H8


 Recomputing one-electron integrals since nuclear charges changed


 PROGRAM * SEWARD (Integral evaluation for generally contracted gaussian basis sets)     Author: Roland Lindh, 1990

 Geometry written to block  1 of record 700


 Point group  C1  



 ATOMIC COORDINATES

 NR  ATOM    CHARGE       X              Y              Z

   1  C1      0.00   -6.193010455    2.801518980    2.403542658
   2  H1      0.00   -4.656285171    1.699997622    3.119937832
   3  H2      0.00   -5.973046335    4.726205038    2.982932688
   4  H3      0.00   -7.940251230    2.077186956    3.118237078
   5  H4      0.00   -6.176569838    2.685300823    0.384937212
   6  O1      8.00   -6.649757260   -4.572192358    1.873285507
   7  H5      1.00   -6.404092864   -6.371778547    1.688092347
   8  H6      1.00   -5.651603921   -3.798727456    0.436526735
   9  O2      0.00   -1.010247586    7.876000542    2.916036383
  10  H7      0.00   -0.819574220    6.648056506    4.275505357
  11  H8      0.00   -0.644963526    6.932271315    1.370429386

 Bond lengths in Bohr (Angstrom)

 1-2  2.021904040  1-3  2.022002335  1-4  2.021953343  1-5  2.022015060  6-7  1.825693827
     ( 1.069945541)     ( 1.069997556)     ( 1.069971630)     ( 1.070004290)     ( 0.966115568)

  6- 8  1.912807835   9-10  1.841835709   9-11  1.847419359
       ( 1.012214315)       ( 0.974657483)       ( 0.977612224)

 Bond angles

  2-1-3  109.53398059   2-1-4  109.65604535   2-1-5  108.43490854   3-1-4  109.49436728

  3- 1- 5  109.86987750   4- 1- 5  109.83468330   7- 6- 8  104.60595341  10- 9-11  104.86126985

 NUCLEAR CHARGE:                   10
 NUMBER OF PRIMITIVE AOS:         810
 NUMBER OF SYMMETRY AOS:          663
 NUMBER OF CONTRACTIONS:          608   ( 608A   )
 NUMBER OF CORE ORBITALS:           1   (   1A   )
 NUMBER OF VALENCE ORBITALS:        6   (   6A   )

 MOLECULE CHANGED: INITIALIZING OCCUPATION AND DUMP RECORDS


 NUCLEAR REPULSION ENERGY    8.90222806


 Eigenvalues of metric

         1 0.120E-04 0.154E-04 0.226E-04 0.341E-04 0.539E-04 0.617E-04 0.655E-04 0.811E-04


 Contracted 2-electron integrals neglected if value below      1.0D-19

 OPERATOR DM      FOR CENTER  0  COORDINATES:    0.000000    0.000000    0.000000


 **********************************************************************************************************************************
 DATASETS  * FILE   NREC   LENGTH (MB)   RECORD NAMES
              1      19    85107.84       500      610      700      900      950      970     1000      129      960     1100   
                                          VAR    BASINP    GEOM    SYMINP    ZMAT    AOBASIS   BASIS     P2S    ABASIS      S 
                                         1400     1410     1200     1210     1080     1600     1650     1300     1700   
                                           T        V       H0       H01     AOSYM     SMH    MOLCAS    ERIS     OPER   

              2       6       29.55       200      700     1000      520     2100     2101   
                                        OPTIONS   GEOM     BASIS   MCVARS     RHF      RHF  

 PROGRAMS   *        TOTAL       INT       MP2        HF       INT       MP2        HF       INT
 CPU TIMES  *      5223.79      0.38    169.86   1645.23      0.39    342.42   2097.21    968.14
 REAL TIME  *     12686.98 SEC
 DISK USED  *       245.30 GB      
 **********************************************************************************************************************************


 PROGRAM * RHF-SCF (CLOSED SHELL)       Authors: W. Meyer, H.-J. Werner


 NUMBER OF ELECTRONS:       5+    5-    SPACE SYMMETRY=1    SPIN SYMMETRY: Singlet 
 CONVERGENCE THRESHOLDS:    1.00E-08 (Density)    1.00E-09 (Energy)
 MAX. NUMBER OF ITERATIONS:       60
 INTERPOLATION TYPE:            DIIS
 INTERPOLATION STEPS:              2 (START)      1 (STEP)
 LEVEL SHIFTS:                  0.00 (CLOSED)  0.00 (OPEN) 



 Orbital guess generated from atomic densities. Full valence occupancy:    7

 Molecular orbital dump at record        2102.2

 Initial occupancy:   5

 ITERATION    DDIFF          GRAD             ENERGY        2-EL.EN.            DIPOLE MOMENTS         DIIS   ORB.
    1      0.000D+00      0.000D+00       -76.02190396     77.275403    0.64181   -0.51264   -0.83837    0    start
    2      0.000D+00      0.396D-02       -76.04881318     73.572629    0.36412   -0.30623   -0.47430    1    diag
    3      0.160D-02      0.255D-02       -76.06081492     75.224819    0.43302   -0.36066   -0.56437    2    diag
    4      0.614D-03      0.238D-03       -76.06101870     75.132895    0.42922   -0.36070   -0.55915    3    diag
    5      0.764D-04      0.686D-04       -76.06104220     75.147795    0.42775   -0.36085   -0.55712    4    diag
    6      0.253D-04      0.141D-04       -76.06104382     75.146633    0.42737   -0.36099   -0.55659    5    diag
    7      0.665D-05      0.291D-05       -76.06104391     75.146781    0.42726   -0.36101   -0.55643    6    diag
    8      0.180D-05      0.525D-06       -76.06104391     75.146763    0.42723   -0.36100   -0.55639    7    diag
    9      0.313D-06      0.730D-07       -76.06104391     75.146754    0.42723   -0.36100   -0.55639    8    diag
   10      0.367D-07      0.181D-07       -76.06104391     75.146756    0.42723   -0.36100   -0.55639    9    orth
   11      0.927D-08      0.459D-08       -76.06104391     75.146757    0.42723   -0.36100   -0.55639    0    orth

 Final occupancy:   5

 !RHF STATE 1.1 Energy                -76.061043908209
 Nuclear energy                         8.90222806
 One-electron energy                 -122.53665026
 Two-electron energy                   37.57337829
 Virial quotient                       -1.00241471
 !RHF STATE 1.1 Dipole moment           0.42722897    -0.36100236    -0.55638976
 Dipole moment /Debye                   1.08583660    -0.91751637    -1.41410908

 Orbital energies:

         1.1          2.1          3.1          4.1          5.1          6.1          7.1
    -20.570059    -1.337393    -0.701035    -0.578477    -0.507983     0.019204     0.030064

 HOMO      5.1    -0.507983 =     -13.8229eV
 LUMO      6.1     0.019204 =       0.5226eV
 LUMO-HOMO         0.527188 =      14.3455eV


 **********************************************************************************************************************************
 DATASETS  * FILE   NREC   LENGTH (MB)   RECORD NAMES
              1      19    85107.84       500      610      700      900      950      970     1000      129      960     1100   
                                          VAR    BASINP    GEOM    SYMINP    ZMAT    AOBASIS   BASIS     P2S    ABASIS      S 
                                         1400     1410     1200     1210     1080     1600     1650     1300     1700   
                                           T        V       H0       H01     AOSYM     SMH    MOLCAS    ERIS     OPER   

              2       7       46.85       200      700     1000      520     2100     2101     2102   
                                        OPTIONS   GEOM     BASIS   MCVARS     RHF      RHF      RHF  

 PROGRAMS   *        TOTAL        HF       INT       MP2        HF       INT       MP2        HF       INT
 CPU TIMES  *      7017.86   1794.07      0.38    169.86   1645.23      0.39    342.42   2097.21    968.14
 REAL TIME  *     15763.04 SEC
 DISK USED  *       245.30 GB      
 **********************************************************************************************************************************
 SETTING ESCF_B         =       -76.06104391  AU                              


 PROGRAM * MP2 (Closed-shell)     Authors: C. Hampel, H.-J. Werner, 1991, M. Deegan, P.J. Knowles, 1992


 Convergence thresholds:  THRVAR = 1.00D-08  THRDEN = 1.00D-08

 Number of core orbitals:           1 (   1 )
 Number of closed-shell orbitals:   4 (   4 )
 Number of external orbitals:     603 ( 603 )

 Molecular orbitals read from record     2102.2  Type=RHF/CANONICAL (state 1.1)

 Number of N-1 electron functions:               4
 Number of N-2 electron functions:              10
 Number of singly external CSFs:              2412
 Number of doubly external CSFs:           2910078
 Total number of CSFs:                     2912491

 Length of J-op  integral file:               0.00 MB
 Length of K-op  integral file:              25.46 MB

 Integral transformation finished. Total CPU: 169.05 sec, npass=  1  Memory used:  13.76 MW

 Memory needed for MP2:                      1.84 MW

 SCS-MP2 correlation energy:           -0.287332229027   (PS=  1.200000  PT=  0.333333)
 SCS-MP2 total energy:                -76.348376137236


  Reference energy                    -76.061043908209
  MP2 singlet pair energy              -0.186730936880
  MP2 triplet pair energy              -0.101659989811
  MP2 correlation energy               -0.288390926691

 !MP2 total energy                    -76.349434834900


 **********************************************************************************************************************************
 DATASETS  * FILE   NREC   LENGTH (MB)   RECORD NAMES
              1      20    85158.20       500      610      700      900      950      970     1000      129      960     1100   
                                          VAR    BASINP    GEOM    SYMINP    ZMAT    AOBASIS   BASIS     P2S    ABASIS      S 
                                         1400     1410     1200     1210     1080     1600     1650     1300     1700     1380   
                                           T        V       H0       H01     AOSYM     SMH    MOLCAS    ERIS     OPER     JKOP   

              2       7       46.85       200      700     1000      520     2100     2101     2102   
                                        OPTIONS   GEOM     BASIS   MCVARS     RHF      RHF      RHF  

 PROGRAMS   *        TOTAL       MP2        HF       INT       MP2        HF       INT       MP2        HF       INT
 CPU TIMES  *      7187.69    169.82   1794.07      0.38    169.86   1645.23      0.39    342.42   2097.21    968.14
 REAL TIME  *     16052.21 SEC
 DISK USED  *       245.30 GB      
 **********************************************************************************************************************************
 SETTING EMP2_B         =       -76.34943483  AU                              
 SETTING EMP2_CORR_B    =        -0.28839093  AU                              

 Running procedure=SET_MONOMERC

 Dummy atoms: C1  H1  H2  H3  H4  O1  H5  H6


 Recomputing one-electron integrals since nuclear charges changed


 PROGRAM * SEWARD (Integral evaluation for generally contracted gaussian basis sets)     Author: Roland Lindh, 1990

 Geometry written to block  1 of record 700


 Point group  C1  



 ATOMIC COORDINATES

 NR  ATOM    CHARGE       X              Y              Z

   1  C1      0.00   -6.193010455    2.801518980    2.403542658
   2  H1      0.00   -4.656285171    1.699997622    3.119937832
   3  H2      0.00   -5.973046335    4.726205038    2.982932688
   4  H3      0.00   -7.940251230    2.077186956    3.118237078
   5  H4      0.00   -6.176569838    2.685300823    0.384937212
   6  O1      0.00   -6.649757260   -4.572192358    1.873285507
   7  H5      0.00   -6.404092864   -6.371778547    1.688092347
   8  H6      0.00   -5.651603921   -3.798727456    0.436526735
   9  O2      8.00   -1.010247586    7.876000542    2.916036383
  10  H7      1.00   -0.819574220    6.648056506    4.275505357
  11  H8      1.00   -0.644963526    6.932271315    1.370429386

 Bond lengths in Bohr (Angstrom)

 1-2  2.021904040  1-3  2.022002335  1-4  2.021953343  1-5  2.022015060  6-7  1.825693827
     ( 1.069945541)     ( 1.069997556)     ( 1.069971630)     ( 1.070004290)     ( 0.966115568)

  6- 8  1.912807835   9-10  1.841835709   9-11  1.847419359
       ( 1.012214315)       ( 0.974657483)       ( 0.977612224)

 Bond angles

  2-1-3  109.53398059   2-1-4  109.65604535   2-1-5  108.43490854   3-1-4  109.49436728

  3- 1- 5  109.86987750   4- 1- 5  109.83468330   7- 6- 8  104.60595341  10- 9-11  104.86126985

 NUCLEAR CHARGE:                   10
 NUMBER OF PRIMITIVE AOS:         810
 NUMBER OF SYMMETRY AOS:          663
 NUMBER OF CONTRACTIONS:          608   ( 608A   )
 NUMBER OF CORE ORBITALS:           1   (   1A   )
 NUMBER OF VALENCE ORBITALS:        6   (   6A   )

 MOLECULE CHANGED: INITIALIZING OCCUPATION AND DUMP RECORDS


 NUCLEAR REPULSION ENERGY    9.01583577


 Eigenvalues of metric

         1 0.120E-04 0.154E-04 0.226E-04 0.341E-04 0.539E-04 0.617E-04 0.655E-04 0.811E-04


 Contracted 2-electron integrals neglected if value below      1.0D-19

 OPERATOR DM      FOR CENTER  0  COORDINATES:    0.000000    0.000000    0.000000


 **********************************************************************************************************************************
 DATASETS  * FILE   NREC   LENGTH (MB)   RECORD NAMES
              1      19    85107.84       500      610      700      900      950      970     1000      129      960     1100   
                                          VAR    BASINP    GEOM    SYMINP    ZMAT    AOBASIS   BASIS     P2S    ABASIS      S 
                                         1400     1410     1200     1210     1080     1600     1650     1300     1700   
                                           T        V       H0       H01     AOSYM     SMH    MOLCAS    ERIS     OPER   

              2       7       46.85       200      700     1000      520     2100     2101     2102   
                                        OPTIONS   GEOM     BASIS   MCVARS     RHF      RHF      RHF  

 PROGRAMS   *        TOTAL       INT       MP2        HF       INT       MP2        HF       INT       MP2        HF       INT
 CPU TIMES  *      7188.09      0.39    169.82   1794.07      0.38    169.86   1645.23      0.39    342.42   2097.21    968.14
 REAL TIME  *     16052.97 SEC
 DISK USED  *       245.30 GB      
 **********************************************************************************************************************************


 PROGRAM * RHF-SCF (CLOSED SHELL)       Authors: W. Meyer, H.-J. Werner


 NUMBER OF ELECTRONS:       5+    5-    SPACE SYMMETRY=1    SPIN SYMMETRY: Singlet 
 CONVERGENCE THRESHOLDS:    1.00E-08 (Density)    1.00E-09 (Energy)
 MAX. NUMBER OF ITERATIONS:       60
 INTERPOLATION TYPE:            DIIS
 INTERPOLATION STEPS:              2 (START)      1 (STEP)
 LEVEL SHIFTS:                  0.00 (CLOSED)  0.00 (OPEN) 



 Orbital guess generated from atomic densities. Full valence occupancy:    7

 Molecular orbital dump at record        2103.2

 Initial occupancy:   5

 ITERATION    DDIFF          GRAD             ENERGY        2-EL.EN.            DIPOLE MOMENTS         DIIS   ORB.
    1      0.000D+00      0.000D+00       -76.02547450     77.431013    0.28478   -1.11208   -0.09630    0    start
    2      0.000D+00      0.395D-02       -76.05229483     73.785789    0.16544   -0.64641   -0.05504    1    diag
    3      0.160D-02      0.251D-02       -76.06380400     75.403027    0.19520   -0.76256   -0.06514    2    diag
    4      0.606D-03      0.235D-03       -76.06399684     75.311797    0.19402   -0.75802   -0.06457    3    diag
    5      0.763D-04      0.655D-04       -76.06401753     75.326129    0.19358   -0.75635   -0.06435    4    diag
    6      0.244D-04      0.130D-04       -76.06401885     75.325120    0.19349   -0.75600   -0.06430    5    diag
    7      0.631D-05      0.262D-05       -76.06401892     75.325266    0.19346   -0.75588   -0.06428    6    diag
    8      0.177D-05      0.493D-06       -76.06401892     75.325251    0.19345   -0.75584   -0.06428    7    diag
    9      0.324D-06      0.651D-07       -76.06401892     75.325243    0.19345   -0.75584   -0.06428    8    diag
   10      0.388D-07      0.144D-07       -76.06401892     75.325246    0.19345   -0.75584   -0.06428    9    orth
   11      0.102D-07      0.250D-08       -76.06401892     75.325245    0.19345   -0.75584   -0.06428    9    diag
   12      0.183D-08      0.404D-09       -76.06401892     75.325245    0.19345   -0.75584   -0.06428    0    orth

 Final occupancy:   5

 !RHF STATE 1.1 Energy                -76.064018918072
 Nuclear energy                         9.01583577
 One-electron energy                 -122.74247741
 Two-electron energy                   37.66262273
 Virial quotient                       -1.00188647
 !RHF STATE 1.1 Dipole moment           0.19344943    -0.75583728    -0.06427560
 Dipole moment /Debye                   0.49166720    -1.92102091    -0.16336158

 Orbital energies:

         1.1          2.1          3.1          4.1          5.1          6.1          7.1
    -20.567842    -1.343052    -0.708193    -0.580673    -0.508856     0.015488     0.030700

 HOMO      5.1    -0.508856 =     -13.8467eV
 LUMO      6.1     0.015488 =       0.4215eV
 LUMO-HOMO         0.524344 =      14.2681eV


 **********************************************************************************************************************************
 DATASETS  * FILE   NREC   LENGTH (MB)   RECORD NAMES
              1      19    85107.84       500      610      700      900      950      970     1000      129      960     1100   
                                          VAR    BASINP    GEOM    SYMINP    ZMAT    AOBASIS   BASIS     P2S    ABASIS      S 
                                         1400     1410     1200     1210     1080     1600     1650     1300     1700   
                                           T        V       H0       H01     AOSYM     SMH    MOLCAS    ERIS     OPER   

              2       8       64.16       200      700     1000      520     2100     2101     2102     2103   
                                        OPTIONS   GEOM     BASIS   MCVARS     RHF      RHF      RHF      RHF  

 PROGRAMS   *        TOTAL        HF       INT       MP2        HF       INT       MP2        HF       INT       MP2        HF
 CPU TIMES  *      9133.24   1945.14      0.39    169.82   1794.07      0.38    169.86   1645.23      0.39    342.42   2097.21
 REAL TIME  *     19629.26 SEC
 DISK USED  *       245.30 GB      
 **********************************************************************************************************************************
 SETTING ESCF_C         =       -76.06401892  AU                              


 PROGRAM * MP2 (Closed-shell)     Authors: C. Hampel, H.-J. Werner, 1991, M. Deegan, P.J. Knowles, 1992


 Convergence thresholds:  THRVAR = 1.00D-08  THRDEN = 1.00D-08

 Number of core orbitals:           1 (   1 )
 Number of closed-shell orbitals:   4 (   4 )
 Number of external orbitals:     603 ( 603 )

 Molecular orbitals read from record     2103.2  Type=RHF/CANONICAL (state 1.1)

 Number of N-1 electron functions:               4
 Number of N-2 electron functions:              10
 Number of singly external CSFs:              2412
 Number of doubly external CSFs:           2910078
 Total number of CSFs:                     2912491

 Length of J-op  integral file:               0.00 MB
 Length of K-op  integral file:              25.46 MB

 Integral transformation finished. Total CPU: 169.71 sec, npass=  1  Memory used:  13.76 MW

 Memory needed for MP2:                      1.84 MW

 SCS-MP2 correlation energy:           -0.286336020050   (PS=  1.200000  PT=  0.333333)
 SCS-MP2 total energy:                -76.350354938122


  Reference energy                    -76.064018918072
  MP2 singlet pair energy              -0.186078765461
  MP2 triplet pair energy              -0.101316698835
  MP2 correlation energy               -0.287395464295

 !MP2 total energy                    -76.351414382368


 **********************************************************************************************************************************
 DATASETS  * FILE   NREC   LENGTH (MB)   RECORD NAMES
              1      20    85158.20       500      610      700      900      950      970     1000      129      960     1100   
                                          VAR    BASINP    GEOM    SYMINP    ZMAT    AOBASIS   BASIS     P2S    ABASIS      S 
                                         1400     1410     1200     1210     1080     1600     1650     1300     1700     1380   
                                           T        V       H0       H01     AOSYM     SMH    MOLCAS    ERIS     OPER     JKOP   

              2       8       64.16       200      700     1000      520     2100     2101     2102     2103   
                                        OPTIONS   GEOM     BASIS   MCVARS     RHF      RHF      RHF      RHF  

 PROGRAMS   *        TOTAL       MP2        HF       INT       MP2        HF       INT       MP2        HF       INT       MP2
 CPU TIMES  *      9303.74    170.50   1945.14      0.39    169.82   1794.07      0.38    169.86   1645.23      0.39    342.42
 REAL TIME  *     19939.11 SEC
 DISK USED  *       245.30 GB      
 **********************************************************************************************************************************
 SETTING EMP2_C         =       -76.35141438  AU                              
 SETTING EMP2_CORR_C    =        -0.28739546  AU                              

 Running procedure=SET_DIMERAB

 Dummy atoms: O2  H7  H8


 Recomputing one-electron integrals since nuclear charges changed


 PROGRAM * SEWARD (Integral evaluation for generally contracted gaussian basis sets)     Author: Roland Lindh, 1990

 Geometry written to block  1 of record 700


 Point group  C1  



 ATOMIC COORDINATES

 NR  ATOM    CHARGE       X              Y              Z

   1  C1      6.00   -6.193010455    2.801518980    2.403542658
   2  H1      1.00   -4.656285171    1.699997622    3.119937832
   3  H2      1.00   -5.973046335    4.726205038    2.982932688
   4  H3      1.00   -7.940251230    2.077186956    3.118237078
   5  H4      1.00   -6.176569838    2.685300823    0.384937212
   6  O1      8.00   -6.649757260   -4.572192358    1.873285507
   7  H5      1.00   -6.404092864   -6.371778547    1.688092347
   8  H6      1.00   -5.651603921   -3.798727456    0.436526735
   9  O2      0.00   -1.010247586    7.876000542    2.916036383
  10  H7      0.00   -0.819574220    6.648056506    4.275505357
  11  H8      0.00   -0.644963526    6.932271315    1.370429386

 Bond lengths in Bohr (Angstrom)

 1-2  2.021904040  1-3  2.022002335  1-4  2.021953343  1-5  2.022015060  6-7  1.825693827
     ( 1.069945541)     ( 1.069997556)     ( 1.069971630)     ( 1.070004290)     ( 0.966115568)

  6- 8  1.912807835   9-10  1.841835709   9-11  1.847419359
       ( 1.012214315)       ( 0.974657483)       ( 0.977612224)

 Bond angles

  2-1-3  109.53398059   2-1-4  109.65604535   2-1-5  108.43490854   3-1-4  109.49436728

  3- 1- 5  109.86987750   4- 1- 5  109.83468330   7- 6- 8  104.60595341  10- 9-11  104.86126985

 NUCLEAR CHARGE:                   20
 NUMBER OF PRIMITIVE AOS:         810
 NUMBER OF SYMMETRY AOS:          663
 NUMBER OF CONTRACTIONS:          608   ( 608A   )
 NUMBER OF CORE ORBITALS:           2   (   2A   )
 NUMBER OF VALENCE ORBITALS:       14   (  14A   )

 MOLECULE CHANGED: INITIALIZING OCCUPATION AND DUMP RECORDS


 NUCLEAR REPULSION ENERGY   35.88176990


 Eigenvalues of metric

         1 0.120E-04 0.154E-04 0.226E-04 0.341E-04 0.539E-04 0.617E-04 0.655E-04 0.811E-04


 Contracted 2-electron integrals neglected if value below      1.0D-19

 OPERATOR DM      FOR CENTER  0  COORDINATES:    0.000000    0.000000    0.000000


 **********************************************************************************************************************************
 DATASETS  * FILE   NREC   LENGTH (MB)   RECORD NAMES
              1      19    85107.84       500      610      700      900      950      970     1000      129      960     1100   
                                          VAR    BASINP    GEOM    SYMINP    ZMAT    AOBASIS   BASIS     P2S    ABASIS      S 
                                         1400     1410     1200     1210     1080     1600     1650     1300     1700   
                                           T        V       H0       H01     AOSYM     SMH    MOLCAS    ERIS     OPER   

              2       8       64.16       200      700     1000      520     2100     2101     2102     2103   
                                        OPTIONS   GEOM     BASIS   MCVARS     RHF      RHF      RHF      RHF  

 PROGRAMS   *        TOTAL       INT       MP2        HF       INT       MP2        HF       INT       MP2        HF       INT
 CPU TIMES  *      9304.12      0.38    170.50   1945.14      0.39    169.82   1794.07      0.38    169.86   1645.23      0.39
 REAL TIME  *     19939.93 SEC
 DISK USED  *       245.30 GB      
 **********************************************************************************************************************************


 PROGRAM * RHF-SCF (CLOSED SHELL)       Authors: W. Meyer, H.-J. Werner


 NUMBER OF ELECTRONS:      10+   10-    SPACE SYMMETRY=1    SPIN SYMMETRY: Singlet 
 CONVERGENCE THRESHOLDS:    1.00E-08 (Density)    1.00E-09 (Energy)
 MAX. NUMBER OF ITERATIONS:       60
 INTERPOLATION TYPE:            DIIS
 INTERPOLATION STEPS:              2 (START)      1 (STEP)
 LEVEL SHIFTS:                  0.00 (CLOSED)  0.00 (OPEN) 



 Orbital guess generated from atomic densities. Full valence occupancy:   16

 Molecular orbital dump at record        2104.2

 Initial occupancy:  10

 ITERATION    DDIFF          GRAD             ENERGY        2-EL.EN.            DIPOLE MOMENTS         DIIS   ORB.
    1      0.000D+00      0.000D+00      -116.21781043    157.536628    0.64546   -0.51561   -0.83905    0    start
    2      0.000D+00      0.321D-02      -116.26207858    152.448869    0.34017   -0.32998   -0.44356    1    diag
    3      0.197D-02      0.191D-02      -116.27620215    154.565446    0.41829   -0.38031   -0.54291    2    diag
    4      0.692D-03      0.281D-03      -116.27687198    154.451807    0.41150   -0.37741   -0.53314    3    diag
    5      0.146D-03      0.834D-04      -116.27694405    154.446566    0.41077   -0.37830   -0.53202    4    diag
    6      0.597D-04      0.203D-04      -116.27694816    154.452242    0.41020   -0.37831   -0.53119    5    diag
    7      0.164D-04      0.423D-05      -116.27694842    154.450555    0.41018   -0.37841   -0.53114    6    diag
    8      0.499D-05      0.112D-05      -116.27694844    154.450741    0.41012   -0.37843   -0.53106    7    diag
    9      0.110D-05      0.251D-06      -116.27694845    154.450712    0.41010   -0.37843   -0.53104    8    diag
   10      0.315D-06      0.288D-07      -116.27694845    154.450713    0.41010   -0.37843   -0.53104    9    orth
   11      0.333D-07      0.695D-08      -116.27694845    154.450715    0.41010   -0.37843   -0.53104    9    diag
   12      0.691D-08      0.179D-08      -116.27694845    154.450715    0.41010   -0.37843   -0.53104    0    orth

 Final occupancy:  10

 !RHF STATE 1.1 Energy               -116.276948445922
 Nuclear energy                        35.88176990
 One-electron energy                 -229.38407573
 Two-electron energy                   77.22535739
 Virial quotient                       -1.00100766
 !RHF STATE 1.1 Dipole moment           0.41010043    -0.37843062    -0.53104038
 Dipole moment /Debye                   1.04230304    -0.96181170    -1.34968161

 Orbital energies:

         1.1          2.1          3.1          4.1          5.1          6.1          7.1          8.1          9.1         10.1
    -20.569782   -11.191483    -1.337158    -0.945966    -0.700813    -0.578373    -0.547740    -0.544434    -0.543222    -0.507710

        11.1         12.1
      0.022576     0.031321

 HOMO     10.1    -0.507710 =     -13.8155eV
 LUMO     11.1     0.022576 =       0.6143eV
 LUMO-HOMO         0.530286 =      14.4298eV


 **********************************************************************************************************************************
 DATASETS  * FILE   NREC   LENGTH (MB)   RECORD NAMES
              1      19    85107.84       500      610      700      900      950      970     1000      129      960     1100   
                                          VAR    BASINP    GEOM    SYMINP    ZMAT    AOBASIS   BASIS     P2S    ABASIS      S 
                                         1400     1410     1200     1210     1080     1600     1650     1300     1700   
                                           T        V       H0       H01     AOSYM     SMH    MOLCAS    ERIS     OPER   

              2       9       81.47       200      700     1000      520     2100     2101     2102     2103     2104   
                                        OPTIONS   GEOM     BASIS   MCVARS     RHF      RHF      RHF      RHF      RHF  

 PROGRAMS   *        TOTAL        HF       INT       MP2        HF       INT       MP2        HF       INT       MP2        HF
 CPU TIMES  *     11247.38   1943.26      0.38    170.50   1945.14      0.39    169.82   1794.07      0.38    169.86   1645.23
 REAL TIME  *     23196.54 SEC
 DISK USED  *       245.30 GB      
 **********************************************************************************************************************************
 SETTING ESCF_AB        =      -116.27694845  AU                              


 PROGRAM * MP2 (Closed-shell)     Authors: C. Hampel, H.-J. Werner, 1991, M. Deegan, P.J. Knowles, 1992


 Convergence thresholds:  THRVAR = 1.00D-08  THRDEN = 1.00D-08

 Number of core orbitals:           2 (   2 )
 Number of closed-shell orbitals:   8 (   8 )
 Number of external orbitals:     598 ( 598 )

 Molecular orbitals read from record     2104.2  Type=RHF/CANONICAL (state 1.1)

 Number of N-1 electron functions:               8
 Number of N-2 electron functions:              36
 Number of singly external CSFs:              4784
 Number of doubly external CSFs:          11445720
 Total number of CSFs:                    11450505

 Length of J-op  integral file:               0.00 MB
 Length of K-op  integral file:              25.46 MB

 Integral transformation finished. Total CPU: 235.72 sec, npass=  1  Memory used:  30.42 MW

 Memory needed for MP2:                      1.84 MW

 SCS-MP2 correlation energy:           -0.508209860775   (PS=  1.200000  PT=  0.333333)
 SCS-MP2 total energy:               -116.785158306695


  Reference energy                   -116.276948445921
  MP2 singlet pair energy              -0.341312703011
  MP2 triplet pair energy              -0.158519920439
  MP2 correlation energy               -0.499832623449

 !MP2 total energy                   -116.776781069370


 **********************************************************************************************************************************
 DATASETS  * FILE   NREC   LENGTH (MB)   RECORD NAMES
              1      20    85273.73       500      610      700      900      950      970     1000      129      960     1100   
                                          VAR    BASINP    GEOM    SYMINP    ZMAT    AOBASIS   BASIS     P2S    ABASIS      S 
                                         1400     1410     1200     1210     1080     1600     1650     1300     1700     1380   
                                           T        V       H0       H01     AOSYM     SMH    MOLCAS    ERIS     OPER     JKOP   

              2       9       81.47       200      700     1000      520     2100     2101     2102     2103     2104   
                                        OPTIONS   GEOM     BASIS   MCVARS     RHF      RHF      RHF      RHF      RHF  

 PROGRAMS   *        TOTAL       MP2        HF       INT       MP2        HF       INT       MP2        HF       INT       MP2
 CPU TIMES  *     11485.47    238.09   1943.26      0.38    170.50   1945.14      0.39    169.82   1794.07      0.38    169.86
 REAL TIME  *     23557.00 SEC
 DISK USED  *       245.30 GB      
 **********************************************************************************************************************************
 SETTING EMP2_AB        =      -116.77678107  AU                              
 SETTING EMP2_CORR_AB   =        -0.49983262  AU                              

 Running procedure=SET_DIMERAC

 Dummy atoms: O1  H5  H6


 Recomputing one-electron integrals since nuclear charges changed


 PROGRAM * SEWARD (Integral evaluation for generally contracted gaussian basis sets)     Author: Roland Lindh, 1990

 Geometry written to block  1 of record 700


 Point group  C1  



 ATOMIC COORDINATES

 NR  ATOM    CHARGE       X              Y              Z

   1  C1      6.00   -6.193010455    2.801518980    2.403542658
   2  H1      1.00   -4.656285171    1.699997622    3.119937832
   3  H2      1.00   -5.973046335    4.726205038    2.982932688
   4  H3      1.00   -7.940251230    2.077186956    3.118237078
   5  H4      1.00   -6.176569838    2.685300823    0.384937212
   6  O1      0.00   -6.649757260   -4.572192358    1.873285507
   7  H5      0.00   -6.404092864   -6.371778547    1.688092347
   8  H6      0.00   -5.651603921   -3.798727456    0.436526735
   9  O2      8.00   -1.010247586    7.876000542    2.916036383
  10  H7      1.00   -0.819574220    6.648056506    4.275505357
  11  H8      1.00   -0.644963526    6.932271315    1.370429386

 Bond lengths in Bohr (Angstrom)

 1-2  2.021904040  1-3  2.022002335  1-4  2.021953343  1-5  2.022015060  6-7  1.825693827
     ( 1.069945541)     ( 1.069997556)     ( 1.069971630)     ( 1.070004290)     ( 0.966115568)

  6- 8  1.912807835   9-10  1.841835709   9-11  1.847419359
       ( 1.012214315)       ( 0.974657483)       ( 0.977612224)

 Bond angles

  2-1-3  109.53398059   2-1-4  109.65604535   2-1-5  108.43490854   3-1-4  109.49436728

  3- 1- 5  109.86987750   4- 1- 5  109.83468330   7- 6- 8  104.60595341  10- 9-11  104.86126985

 NUCLEAR CHARGE:                   20
 NUMBER OF PRIMITIVE AOS:         810
 NUMBER OF SYMMETRY AOS:          663
 NUMBER OF CONTRACTIONS:          608   ( 608A   )
 NUMBER OF CORE ORBITALS:           2   (   2A   )
 NUMBER OF VALENCE ORBITALS:       14   (  14A   )

 MOLECULE CHANGED: INITIALIZING OCCUPATION AND DUMP RECORDS


 NUCLEAR REPULSION ENERGY   36.57703656


 Eigenvalues of metric

         1 0.120E-04 0.154E-04 0.226E-04 0.341E-04 0.539E-04 0.617E-04 0.655E-04 0.811E-04


 Contracted 2-electron integrals neglected if value below      1.0D-19

 OPERATOR DM      FOR CENTER  0  COORDINATES:    0.000000    0.000000    0.000000


 **********************************************************************************************************************************
 DATASETS  * FILE   NREC   LENGTH (MB)   RECORD NAMES
              1      19    85107.84       500      610      700      900      950      970     1000      129      960     1100   
                                          VAR    BASINP    GEOM    SYMINP    ZMAT    AOBASIS   BASIS     P2S    ABASIS      S 
                                         1400     1410     1200     1210     1080     1600     1650     1300     1700   
                                           T        V       H0       H01     AOSYM     SMH    MOLCAS    ERIS     OPER   

              2       9       81.47       200      700     1000      520     2100     2101     2102     2103     2104   
                                        OPTIONS   GEOM     BASIS   MCVARS     RHF      RHF      RHF      RHF      RHF  

 PROGRAMS   *        TOTAL       INT       MP2        HF       INT       MP2        HF       INT       MP2        HF       INT
 CPU TIMES  *     11485.86      0.39    238.09   1943.26      0.38    170.50   1945.14      0.39    169.82   1794.07      0.38
 REAL TIME  *     23557.90 SEC
 DISK USED  *       245.30 GB      
 **********************************************************************************************************************************


 PROGRAM * RHF-SCF (CLOSED SHELL)       Authors: W. Meyer, H.-J. Werner


 NUMBER OF ELECTRONS:      10+   10-    SPACE SYMMETRY=1    SPIN SYMMETRY: Singlet 
 CONVERGENCE THRESHOLDS:    1.00E-08 (Density)    1.00E-09 (Energy)
 MAX. NUMBER OF ITERATIONS:       60
 INTERPOLATION TYPE:            DIIS
 INTERPOLATION STEPS:              2 (START)      1 (STEP)
 LEVEL SHIFTS:                  0.00 (CLOSED)  0.00 (OPEN) 



 Orbital guess generated from atomic densities. Full valence occupancy:   16

 Molecular orbital dump at record        2105.2

 Initial occupancy:  10

 ITERATION    DDIFF          GRAD             ENERGY        2-EL.EN.            DIPOLE MOMENTS         DIIS   ORB.
    1      0.000D+00      0.000D+00      -116.22189756    158.567668    0.29094   -1.11220   -0.09782    0    start
    2      0.000D+00      0.319D-02      -116.26577298    153.751949    0.13500   -0.62375   -0.05738    1    diag
    3      0.197D-02      0.186D-02      -116.27914815    155.762343    0.17591   -0.74515   -0.06684    2    diag
    4      0.679D-03      0.278D-03      -116.27980221    155.650238    0.17411   -0.73350   -0.06525    3    diag
    5      0.146D-03      0.813D-04      -116.27987063    155.644619    0.17342   -0.73265   -0.06496    4    diag
    6      0.592D-04      0.198D-04      -116.27987448    155.650325    0.17310   -0.73176   -0.06479    5    diag
    7      0.164D-04      0.399D-05      -116.27987471    155.648633    0.17308   -0.73175   -0.06476    6    diag
    8      0.506D-05      0.101D-05      -116.27987473    155.648803    0.17304   -0.73168   -0.06475    7    diag
    9      0.111D-05      0.233D-06      -116.27987473    155.648776    0.17304   -0.73166   -0.06474    8    diag
   10      0.299D-06      0.276D-07      -116.27987473    155.648778    0.17304   -0.73166   -0.06474    9    orth
   11      0.343D-07      0.655D-08      -116.27987473    155.648780    0.17304   -0.73166   -0.06474    9    diag
   12      0.653D-08      0.172D-08      -116.27987473    155.648780    0.17304   -0.73166   -0.06474    0    orth

 Final occupancy:  10

 !RHF STATE 1.1 Energy               -116.279874728676
 Nuclear energy                        36.57703656
 One-electron energy                 -230.68130109
 Two-electron energy                   77.82438981
 Virial quotient                       -1.00063890
 !RHF STATE 1.1 Dipole moment           0.17303628    -0.73166431    -0.06474348
 Dipole moment /Debye                   0.43978556    -1.85958338    -0.16455074

 Orbital energies:

         1.1          2.1          3.1          4.1          5.1          6.1          7.1          8.1          9.1         10.1
    -20.567228   -11.198494    -1.342709    -0.953390    -0.707832    -0.580559    -0.554622    -0.552644    -0.551064    -0.507721

        11.1         12.1
      0.020028     0.031846

 HOMO     10.1    -0.507721 =     -13.8158eV
 LUMO     11.1     0.020028 =       0.5450eV
 LUMO-HOMO         0.527748 =      14.3608eV


 **********************************************************************************************************************************
 DATASETS  * FILE   NREC   LENGTH (MB)   RECORD NAMES
              1      19    85107.84       500      610      700      900      950      970     1000      129      960     1100   
                                          VAR    BASINP    GEOM    SYMINP    ZMAT    AOBASIS   BASIS     P2S    ABASIS      S 
                                         1400     1410     1200     1210     1080     1600     1650     1300     1700   
                                           T        V       H0       H01     AOSYM     SMH    MOLCAS    ERIS     OPER   

              2      10       98.78       200      700     1000      520     2100     2101     2102     2103     2104     2105   
                                        OPTIONS   GEOM     BASIS   MCVARS     RHF      RHF      RHF      RHF      RHF      RHF  

 PROGRAMS   *        TOTAL        HF       INT       MP2        HF       INT       MP2        HF       INT       MP2        HF
 CPU TIMES  *     13432.39   1946.53      0.39    238.09   1943.26      0.38    170.50   1945.14      0.39    169.82   1794.07
 REAL TIME  *     27126.55 SEC
 DISK USED  *       245.30 GB      
 **********************************************************************************************************************************
 SETTING ESCF_AC        =      -116.27987473  AU                              


 PROGRAM * MP2 (Closed-shell)     Authors: C. Hampel, H.-J. Werner, 1991, M. Deegan, P.J. Knowles, 1992


 Convergence thresholds:  THRVAR = 1.00D-08  THRDEN = 1.00D-08

 Number of core orbitals:           2 (   2 )
 Number of closed-shell orbitals:   8 (   8 )
 Number of external orbitals:     598 ( 598 )

 Molecular orbitals read from record     2105.2  Type=RHF/CANONICAL (state 1.1)

 Number of N-1 electron functions:               8
 Number of N-2 electron functions:              36
 Number of singly external CSFs:              4784
 Number of doubly external CSFs:          11445720
 Total number of CSFs:                    11450505

 Length of J-op  integral file:               0.00 MB
 Length of K-op  integral file:              25.46 MB

 Integral transformation finished. Total CPU: 234.04 sec, npass=  1  Memory used:  30.42 MW

 Memory needed for MP2:                      1.84 MW

 SCS-MP2 correlation energy:           -0.507338471081   (PS=  1.200000  PT=  0.333333)
 SCS-MP2 total energy:               -116.787213199756


  Reference energy                   -116.279874728675
  MP2 singlet pair energy              -0.340677580240
  MP2 triplet pair energy              -0.158344352346
  MP2 correlation energy               -0.499021932587

 !MP2 total energy                   -116.778896661261


 **********************************************************************************************************************************
 DATASETS  * FILE   NREC   LENGTH (MB)   RECORD NAMES
              1      20    85273.73       500      610      700      900      950      970     1000      129      960     1100   
                                          VAR    BASINP    GEOM    SYMINP    ZMAT    AOBASIS   BASIS     P2S    ABASIS      S 
                                         1400     1410     1200     1210     1080     1600     1650     1300     1700     1380   
                                           T        V       H0       H01     AOSYM     SMH    MOLCAS    ERIS     OPER     JKOP   

              2      10       98.78       200      700     1000      520     2100     2101     2102     2103     2104     2105   
                                        OPTIONS   GEOM     BASIS   MCVARS     RHF      RHF      RHF      RHF      RHF      RHF  

 PROGRAMS   *        TOTAL       MP2        HF       INT       MP2        HF       INT       MP2        HF       INT       MP2
 CPU TIMES  *     13668.78    236.39   1946.53      0.39    238.09   1943.26      0.38    170.50   1945.14      0.39    169.82
 REAL TIME  *     27474.97 SEC
 DISK USED  *       245.30 GB      
 **********************************************************************************************************************************
 SETTING EMP2_AC        =      -116.77889666  AU                              
 SETTING EMP2_CORR_AC   =        -0.49902193  AU                              

 Running procedure=SET_DIMERBC

 Dummy atoms: C1  H1  H2  H3  H4


 Recomputing one-electron integrals since nuclear charges changed


 PROGRAM * SEWARD (Integral evaluation for generally contracted gaussian basis sets)     Author: Roland Lindh, 1990

 Geometry written to block  1 of record 700


 Point group  C1  



 ATOMIC COORDINATES

 NR  ATOM    CHARGE       X              Y              Z

   1  C1      0.00   -6.193010455    2.801518980    2.403542658
   2  H1      0.00   -4.656285171    1.699997622    3.119937832
   3  H2      0.00   -5.973046335    4.726205038    2.982932688
   4  H3      0.00   -7.940251230    2.077186956    3.118237078
   5  H4      0.00   -6.176569838    2.685300823    0.384937212
   6  O1      8.00   -6.649757260   -4.572192358    1.873285507
   7  H5      1.00   -6.404092864   -6.371778547    1.688092347
   8  H6      1.00   -5.651603921   -3.798727456    0.436526735
   9  O2      8.00   -1.010247586    7.876000542    2.916036383
  10  H7      1.00   -0.819574220    6.648056506    4.275505357
  11  H8      1.00   -0.644963526    6.932271315    1.370429386

 Bond lengths in Bohr (Angstrom)

 1-2  2.021904040  1-3  2.022002335  1-4  2.021953343  1-5  2.022015060  6-7  1.825693827
     ( 1.069945541)     ( 1.069997556)     ( 1.069971630)     ( 1.070004290)     ( 0.966115568)

  6- 8  1.912807835   9-10  1.841835709   9-11  1.847419359
       ( 1.012214315)       ( 0.974657483)       ( 0.977612224)

 Bond angles

  2-1-3  109.53398059   2-1-4  109.65604535   2-1-5  108.43490854   3-1-4  109.49436728

  3- 1- 5  109.86987750   4- 1- 5  109.83468330   7- 6- 8  104.60595341  10- 9-11  104.86126985

 NUCLEAR CHARGE:                   20
 NUMBER OF PRIMITIVE AOS:         810
 NUMBER OF SYMMETRY AOS:          663
 NUMBER OF CONTRACTIONS:          608   ( 608A   )
 NUMBER OF CORE ORBITALS:           2   (   2A   )
 NUMBER OF VALENCE ORBITALS:       12   (  12A   )

 MOLECULE CHANGED: INITIALIZING OCCUPATION AND DUMP RECORDS


 NUCLEAR REPULSION ENERGY   25.27832807


 Eigenvalues of metric

         1 0.120E-04 0.154E-04 0.226E-04 0.341E-04 0.539E-04 0.617E-04 0.655E-04 0.811E-04


 Contracted 2-electron integrals neglected if value below      1.0D-19

 OPERATOR DM      FOR CENTER  0  COORDINATES:    0.000000    0.000000    0.000000


 **********************************************************************************************************************************
 DATASETS  * FILE   NREC   LENGTH (MB)   RECORD NAMES
              1      19    85107.84       500      610      700      900      950      970     1000      129      960     1100   
                                          VAR    BASINP    GEOM    SYMINP    ZMAT    AOBASIS   BASIS     P2S    ABASIS      S 
                                         1400     1410     1200     1210     1080     1600     1650     1300     1700   
                                           T        V       H0       H01     AOSYM     SMH    MOLCAS    ERIS     OPER   

              2      10       98.78       200      700     1000      520     2100     2101     2102     2103     2104     2105   
                                        OPTIONS   GEOM     BASIS   MCVARS     RHF      RHF      RHF      RHF      RHF      RHF  

 PROGRAMS   *        TOTAL       INT       MP2        HF       INT       MP2        HF       INT       MP2        HF       INT
 CPU TIMES  *     13669.16      0.38    236.39   1946.53      0.39    238.09   1943.26      0.38    170.50   1945.14      0.39
 REAL TIME  *     27475.76 SEC
 DISK USED  *       245.30 GB      
 **********************************************************************************************************************************


 PROGRAM * RHF-SCF (CLOSED SHELL)       Authors: W. Meyer, H.-J. Werner


 NUMBER OF ELECTRONS:      10+   10-    SPACE SYMMETRY=1    SPIN SYMMETRY: Singlet 
 CONVERGENCE THRESHOLDS:    1.00E-08 (Density)    1.00E-09 (Energy)
 MAX. NUMBER OF ITERATIONS:       60
 INTERPOLATION TYPE:            DIIS
 INTERPOLATION STEPS:              2 (START)      1 (STEP)
 LEVEL SHIFTS:                  0.00 (CLOSED)  0.00 (OPEN) 



 Orbital guess generated from atomic densities. Full valence occupancy:   14

 Molecular orbital dump at record        2106.2

 Initial occupancy:  10

 ITERATION    DDIFF          GRAD             ENERGY        2-EL.EN.            DIPOLE MOMENTS         DIIS   ORB.
    1      0.000D+00      0.000D+00      -152.04724072    169.359575    0.92659   -1.62472   -0.93467    0    start
    2      0.000D+00      0.397D-02      -152.10101428    162.038552    0.52250   -0.95676   -0.52520    1    diag
    3      0.226D-02      0.254D-02      -152.12455104    165.302606    0.62337   -1.12580   -0.62673    2    diag
    4      0.863D-03      0.238D-03      -152.12494827    165.119713    0.61825   -1.12151   -0.62055    3    diag
    5      0.108D-03      0.676D-04      -152.12499259    165.149129    0.61643   -1.11983   -0.61853    4    diag
    6      0.353D-04      0.142D-04      -152.12499554    165.147157    0.61586   -1.11979   -0.61774    5    diag
    7      0.934D-05      0.502D-05      -152.12499574    165.147186    0.61582   -1.11962   -0.61776    6    diag
    8      0.251D-05      0.179D-05      -152.12499578    165.147345    0.61573   -1.11959   -0.61763    7    diag
    9      0.128D-05      0.287D-06      -152.12499578    165.147314    0.61571   -1.11957   -0.61761    8    diag
   10      0.235D-06      0.390D-07      -152.12499578    165.147308    0.61571   -1.11956   -0.61761    9    orth
   11      0.305D-07      0.102D-07      -152.12499578    165.147311    0.61571   -1.11956   -0.61761    9    diag
   12      0.827D-08      0.227D-08      -152.12499578    165.147311    0.61571   -1.11956   -0.61761    0    orth

 Final occupancy:  10

 !RHF STATE 1.1 Energy               -152.124995778950
 Nuclear energy                        25.27832807
 One-electron energy                 -259.97697928
 Two-electron energy                   82.57365543
 Virial quotient                       -1.00214953
 !RHF STATE 1.1 Dipole moment           0.61570514    -1.11956282    -0.61760940
 Dipole moment /Debye                   1.56486388    -2.84545848    -1.56970371

 Orbital energies:

         1.1          2.1          3.1          4.1          5.1          6.1          7.1          8.1          9.1         10.1
    -20.573017   -20.567157    -1.342363    -1.340338    -0.707505    -0.703996    -0.581397    -0.579977    -0.510929    -0.508156

        11.1         12.1
      0.016274     0.030236

 HOMO     10.1    -0.508156 =     -13.8276eV
 LUMO     11.1     0.016274 =       0.4428eV
 LUMO-HOMO         0.524430 =      14.2705eV


 **********************************************************************************************************************************
 DATASETS  * FILE   NREC   LENGTH (MB)   RECORD NAMES
              1      19    85107.84       500      610      700      900      950      970     1000      129      960     1100   
                                          VAR    BASINP    GEOM    SYMINP    ZMAT    AOBASIS   BASIS     P2S    ABASIS      S 
                                         1400     1410     1200     1210     1080     1600     1650     1300     1700   
                                           T        V       H0       H01     AOSYM     SMH    MOLCAS    ERIS     OPER   

              2      11      116.08       200      700     1000      520     2100     2101     2102     2103     2104     2105   
                                        OPTIONS   GEOM     BASIS   MCVARS     RHF      RHF      RHF      RHF      RHF      RHF  
                                         2106   
                                          RHF  

 PROGRAMS   *        TOTAL        HF       INT       MP2        HF       INT       MP2        HF       INT       MP2        HF
 CPU TIMES  *     15611.04   1941.88      0.38    236.39   1946.53      0.39    238.09   1943.26      0.38    170.50   1945.14
 REAL TIME  *     30919.66 SEC
 DISK USED  *       245.30 GB      
 **********************************************************************************************************************************
 SETTING ESCF_BC        =      -152.12499578  AU                              


 PROGRAM * MP2 (Closed-shell)     Authors: C. Hampel, H.-J. Werner, 1991, M. Deegan, P.J. Knowles, 1992


 Convergence thresholds:  THRVAR = 1.00D-08  THRDEN = 1.00D-08

 Number of core orbitals:           2 (   2 )
 Number of closed-shell orbitals:   8 (   8 )
 Number of external orbitals:     598 ( 598 )

 Molecular orbitals read from record     2106.2  Type=RHF/CANONICAL (state 1.1)

 Number of N-1 electron functions:               8
 Number of N-2 electron functions:              36
 Number of singly external CSFs:              4784
 Number of doubly external CSFs:          11445720
 Total number of CSFs:                    11450505

 Length of J-op  integral file:               0.00 MB
 Length of K-op  integral file:              25.46 MB

 Integral transformation finished. Total CPU: 234.06 sec, npass=  1  Memory used:  30.42 MW

 Memory needed for MP2:                      1.84 MW

 SCS-MP2 correlation energy:           -0.573679419249   (PS=  1.200000  PT=  0.333333)
 SCS-MP2 total energy:               -152.698675198199


  Reference energy                   -152.124995778949
  MP2 singlet pair energy              -0.372816017019
  MP2 triplet pair energy              -0.202982462400
  MP2 correlation energy               -0.575798479419

 !MP2 total energy                   -152.700794258368


 **********************************************************************************************************************************
 DATASETS  * FILE   NREC   LENGTH (MB)   RECORD NAMES
              1      20    85273.73       500      610      700      900      950      970     1000      129      960     1100   
                                          VAR    BASINP    GEOM    SYMINP    ZMAT    AOBASIS   BASIS     P2S    ABASIS      S 
                                         1400     1410     1200     1210     1080     1600     1650     1300     1700     1380   
                                           T        V       H0       H01     AOSYM     SMH    MOLCAS    ERIS     OPER     JKOP   

              2      11      116.08       200      700     1000      520     2100     2101     2102     2103     2104     2105   
                                        OPTIONS   GEOM     BASIS   MCVARS     RHF      RHF      RHF      RHF      RHF      RHF  
                                         2106   
                                          RHF  

 PROGRAMS   *        TOTAL       MP2        HF       INT       MP2        HF       INT       MP2        HF       INT       MP2
 CPU TIMES  *     15847.41    236.37   1941.88      0.38    236.39   1946.53      0.39    238.09   1943.26      0.38    170.50
 REAL TIME  *     31261.20 SEC
 DISK USED  *       245.30 GB      
 **********************************************************************************************************************************
 SETTING EMP2_BC        =      -152.70079426  AU                              
 SETTING EMP2_CORR_BC   =        -0.57579848  AU                              
 SETTING E_INT_ABC      =        -0.00105550  AU                              
 SETTING E_INT_AB       =        -0.00048570  AU                              
 SETTING E_INT_AC       =        -0.00062174  AU                              
 SETTING E_INT_BC       =     5.49588998D-05  AU                              
 SETTING E_ADD          =        -0.00105248  AU                              
 SETTING E_NONADD_MP2   =    -3.02571226D-06  AU                              
 SETTING E_INT_ABC_CORR =        -0.00127210  AU                              
 SETTING E_INT_AB_CORR  =        -0.00053639  AU                              
 SETTING E_INT_AC_CORR  =        -0.00072116  AU                              
 SETTING E_INT_BC_CORR  =    -1.20884311D-05  AU                              
 SETTING E_INT_ABC_CORR_ADD              =      -0.00126965  AU                              
 SETTING E_INT_ABC_CORR_NONADD           =  -2.44982428D-06  AU                              
 SETTING E_INT_ABC_HF   =         0.00021659  AU                              
 SETTING E_INT_AB_HF    =     5.06971187D-05  AU                              
 SETTING E_INT_AC_HF    =     9.94242273D-05  AU                              
 SETTING E_INT_BC_HF    =     6.70473309D-05  AU                              
 SETTING E_INT_ABC_HF_ADD                =       0.00021717  AU                              
 SETTING E_INT_ABC_HF_NONADD             =  -5.75887981D-07  AU                              

 *** results in millihartree
 E_INT_ABC        =        -0.00105550 AU
 E_INT_AB         =        -0.00048570 AU
 E_INT_AC         =        -0.00062174 AU
 E_INT_BC         =         0.00005496 AU
 E_ADD            =        -0.00105248 AU
 E_NONADD_MP2     =        -0.00000303 AU
 E_INT_ABC_CORR   =        -0.00127210 AU
 E_INT_AB_CORR    =        -0.00053639 AU
 E_INT_AC_CORR    =        -0.00072116 AU
 E_INT_BC_CORR    =        -0.00001209 AU
 E_INT_ABC_CORR_ADD       =        -0.00126965 AU
 E_INT_ABC_CORR_NONADD    =        -0.00000245 AU
 E_INT_ABC_HF     =         0.00021659 AU
 E_INT_AB_HF      =         0.00005070 AU
 E_INT_AC_HF      =         0.00009942 AU
 E_INT_BC_HF      =         0.00006705 AU
 E_INT_ABC_HF_ADD =         0.00021717 AU
 E_INT_ABC_HF_NONADD      =        -0.00000058 AU

 MP2/aug-cc-pVQZ energy=   -152.700794258368

        MP2             HF-SCF          MP2             HF-SCF          MP2             HF-SCF          MP2             HF-SCF  
   -152.70079426   -152.12499578   -116.77889666   -116.27987473   -116.77678107   -116.27694845    -76.35141438    -76.06401892
 **********************************************************************************************************************************
 Molpro calculation terminated
 Variable memory released
