
 Primary working directories    : /net/scratch/people/plgsirous
 Secondary working directories  : /net/scratch/people/plgsirous
 Wavefunction directory         : /net/people/plgsirous/wfu/
 Main file repository           : /net/scratch/people/plgsirous/

 SHA1      : 
 NAME      : 
 ARCHNAME  : linux/x86_64
 FC        : /net/software/local/intel/impi/2018.1.163/bin64/mpiifort
 BLASLIB   : -L/net/software/local/intel/compilers_and_libraries_2018.1.163/linux/mkl/lib/intel64 -lmkl_scalapack_ilp64 -lmkl_intel_ilp64 -lmkl_intel_thread -lmkl_core -lmkl_blacs_intelmpi_ilp64 -liomp5 -lpthread -lm -ldl
 id        : pl

 Nodes     nprocs
 p2283        1

 Using customized tuning parameters: mindgm=7; mindgv=20; mindgc=1; mindgr=1; noblas=0; minvec=7
 default implementation of scratch files=df  

 ***,MP2SD(T)
 memory,14000,m
 gthresh,orbital=1d-8,energy=1d-8,twoint=1.d-19
 angstrom
 geometry={
 C1        -3.2772    1.4825     1.2719
 H1        -2.4640    0.8996     1.6510
 H2        -3.1608    2.5010     1.5785
 H3        -4.2018    1.0992     1.6501
 H4        -3.2685    1.4210     0.2037
 O1        -4.4148    4.4364     3.5758
 H5        -3.8890    4.7809     2.7934
 H6        -4.6266    5.2197     4.0992
 O2        -6.0123    -1.3269     0.9480
 H7        -5.1455    -1.8020     0.9523
 H8        -6.6821    -2.0194     0.8817
   }
 
 nkerna=1
 nkernb=1
 nkernc=1
 nkernab=$nkerna+$nkernb
 nkernac=$nkerna+$nkernc
 nkernbc=$nkernb+$nkernc
 nkernabc=$nkerna+$nkernb+$nkernc
 
 proc set_monomera
 core,$nkerna
 dummy,6,7,8,9,10,11;
 endproc
 
 proc set_monomerb
 core,$nkernb
 dummy,1,2,3,4,5,9,10,11;
 endproc
 
 proc set_monomerc
 core,$nkernc
 dummy,1,2,3,4,5,6,7,8;
 endproc
 
 proc set_dimerab
 core,$nkerna+$nkernb
 dummy,9,10,11;
 endproc
 
 proc set_dimerac
 core,$nkerna+$nkernc
 dummy,6,7,8;
 endproc
 
 proc set_dimerbc
 core,$nkernb+$nkernc
 dummy,1,2,3,4,5;
 endproc
 
 proc set_trimerabc
 core,$nkerna+$nkernb+$nkernc
 endproc
 
 basis=avqz
 
 set_trimerabc
 hf
 Escf_ABC=energy
 mp2
 Emp2_ABC=energy
 Emp2_corr_ABC=(Emp2_ABC)-(Escf_ABC)
 
 set_monomera
 {hf
 start,atden}
 Escf_A=energy
 mp2
 Emp2_A=energy
 Emp2_corr_A=(Emp2_A)-(Escf_A)
 
 set_monomerb
 {hf
 start,atden}
 Escf_B=energy
 mp2
 Emp2_B=energy
 Emp2_corr_B=(Emp2_B)-(Escf_B)
 
 set_monomerc
 {hf
 start,atden}
 Escf_C=energy
 mp2
 Emp2_C=energy
 Emp2_corr_C=(Emp2_C)-(Escf_C)
 
 set_dimerab
 {hf
 start,atden}
 Escf_AB=energy
 mp2
 Emp2_AB=energy
 Emp2_corr_AB=(Emp2_AB)-(Escf_AB)
 
 set_dimerac
 {hf
 start,atden}
 Escf_AC=energy
 mp2
 Emp2_AC=energy
 Emp2_corr_AC=(Emp2_AC)-(Escf_AC)
 
 set_dimerbc
 {hf
 start,atden}
 Escf_BC=energy
 mp2
 Emp2_BC=energy
 Emp2_corr_BC=(Emp2_BC)-(Escf_BC)
 
 E_int_ABC=Emp2_ABC-(Emp2_A+Emp2_B+Emp2_C)
 E_int_AB=Emp2_AB-(Emp2_A+Emp2_B)
 E_int_AC=Emp2_AC-(Emp2_A+Emp2_C)
 E_int_BC=Emp2_BC-(Emp2_B+Emp2_C)
 E_add=E_int_AB+E_int_AC+E_int_BC
 E_nonadd_MP2=E_int_ABC-(E_int_AB+E_int_AC+E_int_BC)
                                                                                 !!!!!Correlation part of interaction energy!!!!!!
 E_int_ABC_corr=Emp2_corr_ABC-(Emp2_corr_A+Emp2_corr_B+Emp2_corr_C)
 E_int_AB_corr=Emp2_corr_AB-(Emp2_corr_A+Emp2_corr_B)
 E_int_AC_corr=Emp2_corr_AC-(Emp2_corr_A+Emp2_corr_C)
 E_int_BC_corr=Emp2_corr_BC-(Emp2_corr_B+Emp2_corr_C)
 E_int_ABC_corr_add=E_int_AB_corr+E_int_AC_corr+E_int_BC_corr
 E_int_ABC_corr_nonadd=E_int_ABC_corr-E_int_ABC_corr_add
                                                                                 !!!!HF part of interaction energy!!!!
 E_int_ABC_HF=E_int_ABC-E_int_ABC_corr
 E_int_AB_HF=E_int_AB-E_int_AB_corr
 E_int_AC_HF=E_int_AC-E_int_AC_corr
 E_int_BC_HF=E_int_BC-E_int_BC_corr
 E_int_ABC_HF_add=E_int_AB_HF+E_int_AC_HF+E_int_BC_HF
 E_int_ABC_HF_nonadd=E_int_ABC_HF-E_int_ABC_HF_add
 
 text,results in millihartree
                                                                                 !!!!Interacion Energies!!!!!!
 show,E_int_ABC,E_int_AB,E_int_AC,E_int_BC,E_add,E_nonadd_MP2
                                                                                 !!!!Correlation Part!!!!!!!!
 show,E_int_ABC_corr,E_int_AB_corr,E_int_AC_corr,E_int_BC_corr,E_int_ABC_corr_add,E_int_ABC_corr_nonadd
                                                                                 !!!!SCF Part!!!!!
 show,E_int_ABC_HF,E_int_AB_HF,E_int_AC_HF,E_int_BC_HF,E_int_ABC_HF_add,E_int_ABC_HF_nonadd

 Variables initialized (889), CPU time= 0.00 sec
 Commands  initialized (702), CPU time= 0.01 sec, 572 directives.
 Default parameters read. Elapsed time= 0.27 sec

 Checking input...
 Passed
1


                                         ***  PROGRAM SYSTEM MOLPRO  ***
                                       Copyright, TTI GmbH Stuttgart, 2015
                                    Version 2015.1 linked Jul  2 2018 15:03:07


 **********************************************************************************************************************************
 LABEL *   MP2SD(T)                                                                      
  64 bit serial version                                                                  DATE: 23-Nov-18          TIME: 02:14:22  
 **********************************************************************************************************************************

 SHA1:             
 **********************************************************************************************************************************

 THRESHOLDS:

 ZERO    =  1.00D-12  ONEINT  =  1.00D-12  TWOINT  =  1.00D-19  PREFAC  =  1.00D-14  LOCALI  =  1.00D-09  EORDER  =  1.00D-04
 ENERGY  =  1.00D-08  ETEST   =  0.00D+00  EDENS   =  0.00D+00  THRDEDEF=  1.00D-06  GRADIENT=  1.00D-02  STEP    =  1.00D-03
 ORBITAL =  1.00D-08  CIVEC   =  1.00D-05  COEFF   =  1.00D-04  PRINTCI =  5.00D-02  PUNCHCI =  9.90D+01  OPTGRAD =  3.00D-04
 OPTENERG=  1.00D-06  OPTSTEP =  3.00D-04  THRGRAD =  1.00D-10  COMPRESS=  1.00D-11  VARMIN  =  1.00D-07  VARMAX  =  1.00D-03
 THRDOUB =  0.00D+00  THRDIV  =  1.00D-05  THRRED  =  1.00D-07  THRPSP  =  1.00D+00  THRDC   =  1.00D-10  THRCS   =  1.00D-10
 THRNRM  =  1.00D-08  THREQ   =  0.00D+00  THRDE   =  1.00D+00  THRREF  =  1.00D-05  SPARFAC =  1.00D+00  THRDLP  =  1.00D-07
 THRDIA  =  1.00D-10  THRDLS  =  1.00D-07  THRGPS  =  0.00D+00  THRKEX  =  0.00D+00  THRDIS  =  2.00D-01  THRVAR  =  1.00D-10
 THRLOC  =  1.00D-06  THRGAP  =  1.00D-06  THRLOCT = -1.00D+00  THRGAPT = -1.00D+00  THRORB  =  1.00D-06  THRMLTP =  0.00D+00
 THRCPQCI=  1.00D-10  KEXTA   =  0.00D+00  THRCOARS=  0.00D+00  SYMTOL  =  1.00D-06  GRADTOL =  1.00D-06  THROVL  =  1.00D-08
 THRORTH =  1.00D-08  GRID    =  1.00D-06  GRIDMAX =  1.00D-03  DTMAX   =  0.00D+00  THROCCDE=  1.00D-01  THROCCDE=  1.00D-01


 ZUNIT=ANG
 

Geometry recognized as XYZ

 SETTING NKERNA         =         1.00000000                                  
 SETTING NKERNB         =         1.00000000                                  
 SETTING NKERNC         =         1.00000000                                  
 SETTING NKERNAB        =         2.00000000                                  
 SETTING NKERNAC        =         2.00000000                                  
 SETTING NKERNBC        =         2.00000000                                  
 SETTING NKERNABC       =         3.00000000                                  

 Variable memory set to ********** words,  buffer space   230000 words

 SETTING BASIS          =    AVQZ

 Running procedure=SET_TRIMERABC


 Recomputing integrals since basis changed


 Using spherical harmonics

 Library entry C      S aug-cc-pVQZ          selected for orbital group  1
 Library entry C      P aug-cc-pVQZ          selected for orbital group  1
 Library entry C      D aug-cc-pVQZ          selected for orbital group  1
 Library entry C      F aug-cc-pVQZ          selected for orbital group  1
 Library entry C      G aug-cc-pVQZ          selected for orbital group  1
 Library entry H      S aug-cc-pVQZ          selected for orbital group  2
 Library entry H      P aug-cc-pVQZ          selected for orbital group  2
 Library entry H      D aug-cc-pVQZ          selected for orbital group  2
 Library entry H      F aug-cc-pVQZ          selected for orbital group  2
 Library entry O      S aug-cc-pVQZ          selected for orbital group  3
 Library entry O      P aug-cc-pVQZ          selected for orbital group  3
 Library entry O      D aug-cc-pVQZ          selected for orbital group  3
 Library entry O      F aug-cc-pVQZ          selected for orbital group  3
 Library entry O      G aug-cc-pVQZ          selected for orbital group  3


 PROGRAM * SEWARD (Integral evaluation for generally contracted gaussian basis sets)     Author: Roland Lindh, 1990

 Geometry written to block  1 of record 700


 Point group  C1  



 ATOMIC COORDINATES

 NR  ATOM    CHARGE       X              Y              Z

   1  C1      6.00   -6.193010455    2.801518980    2.403542658
   2  H1      1.00   -4.656285171    1.699997622    3.119937832
   3  H2      1.00   -5.973046335    4.726205038    2.982932688
   4  H3      1.00   -7.940251230    2.077186956    3.118237078
   5  H4      1.00   -6.176569838    2.685300823    0.384937212
   6  O1      8.00   -8.342762895    8.383580979    6.757282676
   7  H5      1.00   -7.349144898    9.034591629    5.278760956
   8  H6      1.00   -8.743006888    9.863803452    7.746365330
   9  O2      8.00  -11.361600379   -2.507477595    1.791460366
  10  H7      1.00   -9.723585774   -3.405286476    1.799586188
  11  H8      1.00  -12.627338937   -3.816112936    1.666171524

 Bond lengths in Bohr (Angstrom)

 1-2  2.021904040  1-3  2.022002335  1-4  2.021953343  1-5  2.022015060  6-7  1.896606987
     ( 1.069945541)     ( 1.069997556)     ( 1.069971630)     ( 1.070004290)     ( 1.003641196)

  6- 8  1.824702255   9-10  1.867945037   9-11  1.824915847
       ( 0.965590850)       ( 0.988473945)       ( 0.965703878)

 Bond angles

  2-1-3  109.53398059   2-1-4  109.65604535   2-1-5  108.43490854   3-1-4  109.49436728

  3- 1- 5  109.86987750   4- 1- 5  109.83468330   7- 6- 8  105.01239280  10- 9-11  105.29843553

 NUCLEAR CHARGE:                   30
 NUMBER OF PRIMITIVE AOS:         810
 NUMBER OF SYMMETRY AOS:          663
 NUMBER OF CONTRACTIONS:          608   ( 608A   )
 NUMBER OF CORE ORBITALS:           3   (   3A   )
 NUMBER OF VALENCE ORBITALS:       20   (  20A   )


 NUCLEAR REPULSION ENERGY   66.09085589


 Eigenvalues of metric

         1 0.110E-04 0.154E-04 0.256E-04 0.317E-04 0.576E-04 0.605E-04 0.643E-04 0.820E-04


 Contracted 2-electron integrals neglected if value below      1.0D-19
 AO integral compression algorithm  1   Integral accuracy      1.0D-19

     89348.899 MB (compressed) written to integral file ( 60.8%)


 NUMBER OF SORTED TWO-ELECTRON INTEGRALS:17137761816.     BUFFER LENGTH:  32768
 NUMBER OF SEGMENTS: 179  SEGMENT LENGTH:   95999835      RECORD LENGTH: 524288

 Memory used in sort:      96.56 MW

 SORT1 READ 18378851838. AND WROTE 12425735791. INTEGRALS IN  35645 RECORDS. CPU TIME:   163.70 SEC, REAL TIME:   690.22 SEC
 SORT2 READ 12425735791. AND WROTE 17137761816. INTEGRALS IN 340839 RECORDS. CPU TIME:   178.86 SEC, REAL TIME:  5529.36 SEC

 FILE SIZES:   FILE 1: 89382.5 MBYTE,  FILE 4:149506.0 MBYTE,   TOTAL: 238888.5 MBYTE

 OPERATOR DM      FOR CENTER  0  COORDINATES:    0.000000    0.000000    0.000000


 **********************************************************************************************************************************
 DATASETS  * FILE   NREC   LENGTH (MB)   RECORD NAMES
              1      19    82475.64       500      610      700      900      950      970     1000      129      960     1100   
                                          VAR    BASINP    GEOM    SYMINP    ZMAT    AOBASIS   BASIS     P2S    ABASIS      S 
                                         1400     1410     1200     1210     1080     1600     1650     1300     1700   
                                           T        V       H0       H01     AOSYM     SMH    MOLCAS    ERIS     OPER   

 PROGRAMS   *        TOTAL       INT
 CPU TIMES  *      1001.22   1001.06
 REAL TIME  *      7305.98 SEC
 DISK USED  *       238.89 GB      
 **********************************************************************************************************************************


 PROGRAM * RHF-SCF (CLOSED SHELL)       Authors: W. Meyer, H.-J. Werner


 NUMBER OF ELECTRONS:      15+   15-    SPACE SYMMETRY=1    SPIN SYMMETRY: Singlet 
 CONVERGENCE THRESHOLDS:    1.00E-08 (Density)    1.00E-09 (Energy)
 MAX. NUMBER OF ITERATIONS:       60
 INTERPOLATION TYPE:            DIIS
 INTERPOLATION STEPS:              2 (START)      1 (STEP)
 LEVEL SHIFTS:                  0.00 (CLOSED)  0.00 (OPEN) 



 Orbital guess generated from atomic densities. Full valence occupancy:   23

 Molecular orbital dump at record        2100.2

 Initial occupancy:  15

 ITERATION    DDIFF          GRAD             ENERGY        2-EL.EN.            DIPOLE MOMENTS         DIIS   ORB.
    1      0.000D+00      0.000D+00      -192.24310120    277.761065    0.50895   -0.04684   -0.32180    0    start
    2      0.000D+00      0.350D-02      -192.31443520    268.829660    0.19616   -0.04434   -0.13568    1    diag
    3      0.254D-02      0.214D-02      -192.34000209    272.612870    0.27138   -0.04489   -0.18144    2    diag
    4      0.913D-03      0.268D-03      -192.34087341    272.406078    0.26659   -0.04553   -0.17828    3    diag
    5      0.165D-03      0.778D-04      -192.34096726    272.414426    0.26442   -0.04506   -0.17713    4    diag
    6      0.662D-04      0.193D-04      -192.34097289    272.420858    0.26387   -0.04525   -0.17676    5    diag
    7      0.183D-04      0.467D-05      -192.34097332    272.418281    0.26378   -0.04508   -0.17672    6    diag
    8      0.574D-05      0.126D-05      -192.34097336    272.418506    0.26372   -0.04516   -0.17666    7    diag
    9      0.135D-05      0.546D-06      -192.34097336    272.418545    0.26371   -0.04510   -0.17665    8    diag
   10      0.359D-06      0.148D-06      -192.34097336    272.418512    0.26370   -0.04511   -0.17665    9    orth
   11      0.202D-06      0.173D-07      -192.34097336    272.418512    0.26370   -0.04511   -0.17664    9    diag
   12      0.206D-07      0.477D-08      -192.34097336    272.418514    0.26370   -0.04511   -0.17664    9    diag
   13      0.612D-08      0.985D-09      -192.34097336    272.418514    0.26370   -0.04511   -0.17664    0    orth

 Final occupancy:  15

 !RHF STATE 1.1 Energy               -192.340973364925
 Nuclear energy                        66.09085589
 One-electron energy                 -394.64108606
 Two-electron energy                  136.20925681
 Virial quotient                       -1.00127994
 !RHF STATE 1.1 Dipole moment           0.26369847    -0.04510815    -0.17664490
 Dipole moment /Debye                   0.67021077    -0.11464597    -0.44895714

 Orbital energies:

         1.1          2.1          3.1          4.1          5.1          6.1          7.1          8.1          9.1         10.1
    -20.565656   -20.564759   -11.184237    -1.339468    -1.335746    -0.938842    -0.705642    -0.700967    -0.577092    -0.575197

        11.1         12.1         13.1         14.1         15.1         16.1         17.1
     -0.540102    -0.536951    -0.536325    -0.505644    -0.504657     0.024045     0.030696

 HOMO     15.1    -0.504657 =     -13.7324eV
 LUMO     16.1     0.024045 =       0.6543eV
 LUMO-HOMO         0.528701 =      14.3867eV


 **********************************************************************************************************************************
 DATASETS  * FILE   NREC   LENGTH (MB)   RECORD NAMES
              1      19    82475.64       500      610      700      900      950      970     1000      129      960     1100   
                                          VAR    BASINP    GEOM    SYMINP    ZMAT    AOBASIS   BASIS     P2S    ABASIS      S 
                                         1400     1410     1200     1210     1080     1600     1650     1300     1700   
                                           T        V       H0       H01     AOSYM     SMH    MOLCAS    ERIS     OPER   

              2       5       12.24       200      700     1000      520     2100   
                                        OPTIONS   GEOM     BASIS   MCVARS     RHF  

 PROGRAMS   *        TOTAL        HF       INT
 CPU TIMES  *      3123.22   2122.00   1001.06
 REAL TIME  *     10630.49 SEC
 DISK USED  *       238.89 GB      
 **********************************************************************************************************************************
 SETTING ESCF_ABC       =      -192.34097336  AU                              


 PROGRAM * MP2 (Closed-shell)     Authors: C. Hampel, H.-J. Werner, 1991, M. Deegan, P.J. Knowles, 1992


 Convergence thresholds:  THRVAR = 1.00D-08  THRDEN = 1.00D-08

 Number of core orbitals:           3 (   3 )
 Number of closed-shell orbitals:  12 (  12 )
 Number of external orbitals:     593 ( 593 )

 Molecular orbitals read from record     2100.2  Type=RHF/CANONICAL (state 1.1)

 Number of N-1 electron functions:              12
 Number of N-2 electron functions:              78
 Number of singly external CSFs:              7116
 Number of doubly external CSFs:          25322286
 Total number of CSFs:                    25329403

 Length of J-op  integral file:               0.00 MB
 Length of K-op  integral file:              25.46 MB

 Integral transformation finished. Total CPU: 328.60 sec, npass=  1  Memory used:  55.97 MW

 Memory needed for MP2:                      1.83 MW

 SCS-MP2 correlation energy:           -0.794806935841   (PS=  1.200000  PT=  0.333333)
 SCS-MP2 total energy:               -193.135780300768


  Reference energy                   -192.340973364927
  MP2 singlet pair energy              -0.527384724599
  MP2 triplet pair energy              -0.260269178017
  MP2 correlation energy               -0.787653902616

 !MP2 total energy                   -193.128627267543


 **********************************************************************************************************************************
 DATASETS  * FILE   NREC   LENGTH (MB)   RECORD NAMES
              1      20    82828.14       500      610      700      900      950      970     1000      129      960     1100   
                                          VAR    BASINP    GEOM    SYMINP    ZMAT    AOBASIS   BASIS     P2S    ABASIS      S 
                                         1400     1410     1200     1210     1080     1600     1650     1300     1700     1380   
                                           T        V       H0       H01     AOSYM     SMH    MOLCAS    ERIS     OPER     JKOP   

              2       5       12.24       200      700     1000      520     2100   
                                        OPTIONS   GEOM     BASIS   MCVARS     RHF  

 PROGRAMS   *        TOTAL       MP2        HF       INT
 CPU TIMES  *      3456.84    333.61   2122.00   1001.06
 REAL TIME  *     11116.09 SEC
 DISK USED  *       238.89 GB      
 **********************************************************************************************************************************
 SETTING EMP2_ABC       =      -193.12862727  AU                              
 SETTING EMP2_CORR_ABC  =        -0.78765390  AU                              

 Running procedure=SET_MONOMERA

 Dummy atoms: O1  H5  H6  O2  H7  H8


 Recomputing one-electron integrals since nuclear charges changed


 PROGRAM * SEWARD (Integral evaluation for generally contracted gaussian basis sets)     Author: Roland Lindh, 1990

 Geometry written to block  1 of record 700


 Point group  C1  



 ATOMIC COORDINATES

 NR  ATOM    CHARGE       X              Y              Z

   1  C1      6.00   -6.193010455    2.801518980    2.403542658
   2  H1      1.00   -4.656285171    1.699997622    3.119937832
   3  H2      1.00   -5.973046335    4.726205038    2.982932688
   4  H3      1.00   -7.940251230    2.077186956    3.118237078
   5  H4      1.00   -6.176569838    2.685300823    0.384937212
   6  O1      0.00   -8.342762895    8.383580979    6.757282676
   7  H5      0.00   -7.349144898    9.034591629    5.278760956
   8  H6      0.00   -8.743006888    9.863803452    7.746365330
   9  O2      0.00  -11.361600379   -2.507477595    1.791460366
  10  H7      0.00   -9.723585774   -3.405286476    1.799586188
  11  H8      0.00  -12.627338937   -3.816112936    1.666171524

 Bond lengths in Bohr (Angstrom)

 1-2  2.021904040  1-3  2.022002335  1-4  2.021953343  1-5  2.022015060  6-7  1.896606987
     ( 1.069945541)     ( 1.069997556)     ( 1.069971630)     ( 1.070004290)     ( 1.003641196)

  6- 8  1.824702255   9-10  1.867945037   9-11  1.824915847
       ( 0.965590850)       ( 0.988473945)       ( 0.965703878)

 Bond angles

  2-1-3  109.53398059   2-1-4  109.65604535   2-1-5  108.43490854   3-1-4  109.49436728

  3- 1- 5  109.86987750   4- 1- 5  109.83468330   7- 6- 8  105.01239280  10- 9-11  105.29843553

 NUCLEAR CHARGE:                   10
 NUMBER OF PRIMITIVE AOS:         810
 NUMBER OF SYMMETRY AOS:          663
 NUMBER OF CONTRACTIONS:          608   ( 608A   )
 NUMBER OF CORE ORBITALS:           1   (   1A   )
 NUMBER OF VALENCE ORBITALS:        8   (   8A   )

 MOLECULE CHANGED: INITIALIZING OCCUPATION AND DUMP RECORDS


 NUCLEAR REPULSION ENERGY   13.68681606


 Eigenvalues of metric

         1 0.110E-04 0.154E-04 0.256E-04 0.317E-04 0.576E-04 0.605E-04 0.643E-04 0.820E-04


 Contracted 2-electron integrals neglected if value below      1.0D-19

 OPERATOR DM      FOR CENTER  0  COORDINATES:    0.000000    0.000000    0.000000


 **********************************************************************************************************************************
 DATASETS  * FILE   NREC   LENGTH (MB)   RECORD NAMES
              1      19    82475.64       500      610      700      900      950      970     1000      129      960     1100   
                                          VAR    BASINP    GEOM    SYMINP    ZMAT    AOBASIS   BASIS     P2S    ABASIS      S 
                                         1400     1410     1200     1210     1080     1600     1650     1300     1700   
                                           T        V       H0       H01     AOSYM     SMH    MOLCAS    ERIS     OPER   

              2       5       12.24       200      700     1000      520     2100   
                                        OPTIONS   GEOM     BASIS   MCVARS     RHF  

 PROGRAMS   *        TOTAL       INT       MP2        HF       INT
 CPU TIMES  *      3457.24      0.40    333.61   2122.00   1001.06
 REAL TIME  *     11126.02 SEC
 DISK USED  *       238.89 GB      
 **********************************************************************************************************************************


 PROGRAM * RHF-SCF (CLOSED SHELL)       Authors: W. Meyer, H.-J. Werner


 NUMBER OF ELECTRONS:       5+    5-    SPACE SYMMETRY=1    SPIN SYMMETRY: Singlet 
 CONVERGENCE THRESHOLDS:    1.00E-08 (Density)    1.00E-09 (Energy)
 MAX. NUMBER OF ITERATIONS:       60
 INTERPOLATION TYPE:            DIIS
 INTERPOLATION STEPS:              2 (START)      1 (STEP)
 LEVEL SHIFTS:                  0.00 (CLOSED)  0.00 (OPEN) 



 Orbital guess generated from atomic densities. Full valence occupancy:    9

 Molecular orbital dump at record        2101.2

 Initial occupancy:   5

 ITERATION    DDIFF          GRAD             ENERGY        2-EL.EN.            DIPOLE MOMENTS         DIIS   ORB.
    1      0.000D+00      0.000D+00       -40.19609784     53.506316    0.00411   -0.00276   -0.00131    0    start
    2      0.000D+00      0.217D-02       -40.21335225     52.217640    0.00129   -0.00089   -0.00039    1    diag
    3      0.114D-02      0.844D-03       -40.21562823     52.672102    0.00182   -0.00125   -0.00056    2    diag
    4      0.320D-03      0.211D-03       -40.21594770     52.617290    0.00162   -0.00111   -0.00049    3    diag
    5      0.119D-03      0.273D-04       -40.21595319     52.619438    0.00159   -0.00110   -0.00048    4    diag
    6      0.310D-04      0.223D-05       -40.21595324     52.619574    0.00159   -0.00110   -0.00048    5    diag
    7      0.422D-05      0.179D-06       -40.21595324     52.619535    0.00159   -0.00110   -0.00048    6    diag
    8      0.158D-06      0.144D-07       -40.21595324     52.619536    0.00159   -0.00110   -0.00048    7    diag
    9      0.600D-07      0.184D-08       -40.21595324     52.619536    0.00159   -0.00110   -0.00048    8    diag
   10      0.592D-08      0.503D-09       -40.21595324     52.619536    0.00159   -0.00110   -0.00048    0    orth

 Final occupancy:   5

 !RHF STATE 1.1 Energy                -40.215953236086
 Nuclear energy                        13.68681606
 One-electron energy                  -80.21253737
 Two-electron energy                   26.30976808
 Virial quotient                       -0.99838110
 !RHF STATE 1.1 Dipole moment           0.00159274    -0.00109545    -0.00047890
 Dipole moment /Debye                   0.00404808    -0.00278417    -0.00121716

 Orbital energies:

         1.1          2.1          3.1          4.1          5.1          6.1          7.1
    -11.196222    -0.950660    -0.551889    -0.549954    -0.547775     0.021638     0.030766

 HOMO      5.1    -0.547775 =     -14.9057eV
 LUMO      6.1     0.021638 =       0.5888eV
 LUMO-HOMO         0.569413 =      15.4945eV


 **********************************************************************************************************************************
 DATASETS  * FILE   NREC   LENGTH (MB)   RECORD NAMES
              1      19    82475.64       500      610      700      900      950      970     1000      129      960     1100   
                                          VAR    BASINP    GEOM    SYMINP    ZMAT    AOBASIS   BASIS     P2S    ABASIS      S 
                                         1400     1410     1200     1210     1080     1600     1650     1300     1700   
                                           T        V       H0       H01     AOSYM     SMH    MOLCAS    ERIS     OPER   

              2       6       29.55       200      700     1000      520     2100     2101   
                                        OPTIONS   GEOM     BASIS   MCVARS     RHF      RHF  

 PROGRAMS   *        TOTAL        HF       INT       MP2        HF       INT
 CPU TIMES  *      5047.65   1590.40      0.40    333.61   2122.00   1001.06
 REAL TIME  *     13565.14 SEC
 DISK USED  *       238.89 GB      
 **********************************************************************************************************************************
 SETTING ESCF_A         =       -40.21595324  AU                              


 PROGRAM * MP2 (Closed-shell)     Authors: C. Hampel, H.-J. Werner, 1991, M. Deegan, P.J. Knowles, 1992


 Convergence thresholds:  THRVAR = 1.00D-08  THRDEN = 1.00D-08

 Number of core orbitals:           1 (   1 )
 Number of closed-shell orbitals:   4 (   4 )
 Number of external orbitals:     603 ( 603 )

 Molecular orbitals read from record     2101.2  Type=RHF/CANONICAL (state 1.1)

 Number of N-1 electron functions:               4
 Number of N-2 electron functions:              10
 Number of singly external CSFs:              2412
 Number of doubly external CSFs:           2910078
 Total number of CSFs:                     2912491

 Length of J-op  integral file:               0.00 MB
 Length of K-op  integral file:              25.46 MB

 Integral transformation finished. Total CPU: 163.84 sec, npass=  1  Memory used:  13.76 MW

 Memory needed for MP2:                      1.84 MW

 SCS-MP2 correlation energy:           -0.220465429447   (PS=  1.200000  PT=  0.333333)
 SCS-MP2 total energy:                -40.436418665532


  Reference energy                    -40.215953236086
  MP2 singlet pair energy              -0.154443039507
  MP2 triplet pair energy              -0.056465006847
  MP2 correlation energy               -0.210908046354

 !MP2 total energy                    -40.426861282440


 **********************************************************************************************************************************
 DATASETS  * FILE   NREC   LENGTH (MB)   RECORD NAMES
              1      20    82526.00       500      610      700      900      950      970     1000      129      960     1100   
                                          VAR    BASINP    GEOM    SYMINP    ZMAT    AOBASIS   BASIS     P2S    ABASIS      S 
                                         1400     1410     1200     1210     1080     1600     1650     1300     1700     1380   
                                           T        V       H0       H01     AOSYM     SMH    MOLCAS    ERIS     OPER     JKOP   

              2       6       29.55       200      700     1000      520     2100     2101   
                                        OPTIONS   GEOM     BASIS   MCVARS     RHF      RHF  

 PROGRAMS   *        TOTAL       MP2        HF       INT       MP2        HF       INT
 CPU TIMES  *      5212.22    164.57   1590.40      0.40    333.61   2122.00   1001.06
 REAL TIME  *     13835.60 SEC
 DISK USED  *       238.89 GB      
 **********************************************************************************************************************************
 SETTING EMP2_A         =       -40.42686128  AU                              
 SETTING EMP2_CORR_A    =        -0.21090805  AU                              

 Running procedure=SET_MONOMERB

 Dummy atoms: C1  H1  H2  H3  H4  O2  H7  H8


 Recomputing one-electron integrals since nuclear charges changed


 PROGRAM * SEWARD (Integral evaluation for generally contracted gaussian basis sets)     Author: Roland Lindh, 1990

 Geometry written to block  1 of record 700


 Point group  C1  



 ATOMIC COORDINATES

 NR  ATOM    CHARGE       X              Y              Z

   1  C1      0.00   -6.193010455    2.801518980    2.403542658
   2  H1      0.00   -4.656285171    1.699997622    3.119937832
   3  H2      0.00   -5.973046335    4.726205038    2.982932688
   4  H3      0.00   -7.940251230    2.077186956    3.118237078
   5  H4      0.00   -6.176569838    2.685300823    0.384937212
   6  O1      8.00   -8.342762895    8.383580979    6.757282676
   7  H5      1.00   -7.349144898    9.034591629    5.278760956
   8  H6      1.00   -8.743006888    9.863803452    7.746365330
   9  O2      0.00  -11.361600379   -2.507477595    1.791460366
  10  H7      0.00   -9.723585774   -3.405286476    1.799586188
  11  H8      0.00  -12.627338937   -3.816112936    1.666171524

 Bond lengths in Bohr (Angstrom)

 1-2  2.021904040  1-3  2.022002335  1-4  2.021953343  1-5  2.022015060  6-7  1.896606987
     ( 1.069945541)     ( 1.069997556)     ( 1.069971630)     ( 1.070004290)     ( 1.003641196)

  6- 8  1.824702255   9-10  1.867945037   9-11  1.824915847
       ( 0.965590850)       ( 0.988473945)       ( 0.965703878)

 Bond angles

  2-1-3  109.53398059   2-1-4  109.65604535   2-1-5  108.43490854   3-1-4  109.49436728

  3- 1- 5  109.86987750   4- 1- 5  109.83468330   7- 6- 8  105.01239280  10- 9-11  105.29843553

 NUCLEAR CHARGE:                   10
 NUMBER OF PRIMITIVE AOS:         810
 NUMBER OF SYMMETRY AOS:          663
 NUMBER OF CONTRACTIONS:          608   ( 608A   )
 NUMBER OF CORE ORBITALS:           1   (   1A   )
 NUMBER OF VALENCE ORBITALS:        6   (   6A   )

 MOLECULE CHANGED: INITIALIZING OCCUPATION AND DUMP RECORDS


 NUCLEAR REPULSION ENERGY    8.94098799


 Eigenvalues of metric

         1 0.110E-04 0.154E-04 0.256E-04 0.317E-04 0.576E-04 0.605E-04 0.643E-04 0.820E-04


 Contracted 2-electron integrals neglected if value below      1.0D-19

 OPERATOR DM      FOR CENTER  0  COORDINATES:    0.000000    0.000000    0.000000


 **********************************************************************************************************************************
 DATASETS  * FILE   NREC   LENGTH (MB)   RECORD NAMES
              1      19    82475.64       500      610      700      900      950      970     1000      129      960     1100   
                                          VAR    BASINP    GEOM    SYMINP    ZMAT    AOBASIS   BASIS     P2S    ABASIS      S 
                                         1400     1410     1200     1210     1080     1600     1650     1300     1700   
                                           T        V       H0       H01     AOSYM     SMH    MOLCAS    ERIS     OPER   

              2       6       29.55       200      700     1000      520     2100     2101   
                                        OPTIONS   GEOM     BASIS   MCVARS     RHF      RHF  

 PROGRAMS   *        TOTAL       INT       MP2        HF       INT       MP2        HF       INT
 CPU TIMES  *      5212.60      0.37    164.57   1590.40      0.40    333.61   2122.00   1001.06
 REAL TIME  *     13861.69 SEC
 DISK USED  *       238.89 GB      
 **********************************************************************************************************************************


 PROGRAM * RHF-SCF (CLOSED SHELL)       Authors: W. Meyer, H.-J. Werner


 NUMBER OF ELECTRONS:       5+    5-    SPACE SYMMETRY=1    SPIN SYMMETRY: Singlet 
 CONVERGENCE THRESHOLDS:    1.00E-08 (Density)    1.00E-09 (Energy)
 MAX. NUMBER OF ITERATIONS:       60
 INTERPOLATION TYPE:            DIIS
 INTERPOLATION STEPS:              2 (START)      1 (STEP)
 LEVEL SHIFTS:                  0.00 (CLOSED)  0.00 (OPEN) 



 Orbital guess generated from atomic densities. Full valence occupancy:    7

 Molecular orbital dump at record        2102.2

 Initial occupancy:   5

 ITERATION    DDIFF          GRAD             ENERGY        2-EL.EN.            DIPOLE MOMENTS         DIIS   ORB.
    1      0.000D+00      0.000D+00       -76.02321633     77.330756    0.31040    1.08948   -0.26178    0    start
    2      0.000D+00      0.395D-02       -76.05006535     73.648000    0.17330    0.63122   -0.14097    1    diag
    3      0.159D-02      0.254D-02       -76.06187666     75.287313    0.20641    0.74653   -0.16909    2    diag
    4      0.606D-03      0.237D-03       -76.06207654     75.195689    0.20390    0.74224   -0.16595    3    diag
    5      0.757D-04      0.674D-04       -76.06209896     75.210318    0.20290    0.74066   -0.16468    4    diag
    6      0.242D-04      0.137D-04       -76.06210047     75.209214    0.20262    0.74032   -0.16429    5    diag
    7      0.629D-05      0.281D-05       -76.06210055     75.209361    0.20254    0.74021   -0.16419    6    diag
    8      0.172D-05      0.517D-06       -76.06210055     75.209344    0.20252    0.74017   -0.16417    7    diag
    9      0.312D-06      0.709D-07       -76.06210055     75.209335    0.20252    0.74017   -0.16417    8    diag
   10      0.380D-07      0.171D-07       -76.06210055     75.209338    0.20252    0.74017   -0.16417    9    orth
   11      0.996D-08      0.409D-08       -76.06210055     75.209338    0.20252    0.74017   -0.16417    0    orth

 Final occupancy:   5

 !RHF STATE 1.1 Energy                -76.062100547753
 Nuclear energy                         8.94098799
 One-electron energy                 -122.60775752
 Two-electron energy                   37.60466898
 Virial quotient                       -1.00223877
 !RHF STATE 1.1 Dipole moment           0.20252149     0.74016625    -0.16416965
 Dipole moment /Debye                   0.51472456     1.88119174    -0.41725031

 Orbital energies:

         1.1          2.1          3.1          4.1          5.1          6.1          7.1
    -20.569139    -1.339151    -0.704100    -0.578637    -0.508183     0.019757     0.030061

 HOMO      5.1    -0.508183 =     -13.8284eV
 LUMO      6.1     0.019757 =       0.5376eV
 LUMO-HOMO         0.527939 =      14.3660eV


 **********************************************************************************************************************************
 DATASETS  * FILE   NREC   LENGTH (MB)   RECORD NAMES
              1      19    82475.64       500      610      700      900      950      970     1000      129      960     1100   
                                          VAR    BASINP    GEOM    SYMINP    ZMAT    AOBASIS   BASIS     P2S    ABASIS      S 
                                         1400     1410     1200     1210     1080     1600     1650     1300     1700   
                                           T        V       H0       H01     AOSYM     SMH    MOLCAS    ERIS     OPER   

              2       7       46.85       200      700     1000      520     2100     2101     2102   
                                        OPTIONS   GEOM     BASIS   MCVARS     RHF      RHF      RHF  

 PROGRAMS   *        TOTAL        HF       INT       MP2        HF       INT       MP2        HF       INT
 CPU TIMES  *      6947.97   1735.37      0.37    164.57   1590.40      0.40    333.61   2122.00   1001.06
 REAL TIME  *     16469.68 SEC
 DISK USED  *       238.89 GB      
 **********************************************************************************************************************************
 SETTING ESCF_B         =       -76.06210055  AU                              


 PROGRAM * MP2 (Closed-shell)     Authors: C. Hampel, H.-J. Werner, 1991, M. Deegan, P.J. Knowles, 1992


 Convergence thresholds:  THRVAR = 1.00D-08  THRDEN = 1.00D-08

 Number of core orbitals:           1 (   1 )
 Number of closed-shell orbitals:   4 (   4 )
 Number of external orbitals:     603 ( 603 )

 Molecular orbitals read from record     2102.2  Type=RHF/CANONICAL (state 1.1)

 Number of N-1 electron functions:               4
 Number of N-2 electron functions:              10
 Number of singly external CSFs:              2412
 Number of doubly external CSFs:           2910078
 Total number of CSFs:                     2912491

 Length of J-op  integral file:               0.00 MB
 Length of K-op  integral file:              25.46 MB

 Integral transformation finished. Total CPU: 163.75 sec, npass=  1  Memory used:  13.76 MW

 Memory needed for MP2:                      1.84 MW

 SCS-MP2 correlation energy:           -0.286960904969   (PS=  1.200000  PT=  0.333333)
 SCS-MP2 total energy:                -76.349061452722


  Reference energy                    -76.062100547753
  MP2 singlet pair energy              -0.186488710724
  MP2 triplet pair energy              -0.101530369446
  MP2 correlation energy               -0.288019080170

 !MP2 total energy                    -76.350119627923


 **********************************************************************************************************************************
 DATASETS  * FILE   NREC   LENGTH (MB)   RECORD NAMES
              1      20    82526.00       500      610      700      900      950      970     1000      129      960     1100   
                                          VAR    BASINP    GEOM    SYMINP    ZMAT    AOBASIS   BASIS     P2S    ABASIS      S 
                                         1400     1410     1200     1210     1080     1600     1650     1300     1700     1380   
                                           T        V       H0       H01     AOSYM     SMH    MOLCAS    ERIS     OPER     JKOP   

              2       7       46.85       200      700     1000      520     2100     2101     2102   
                                        OPTIONS   GEOM     BASIS   MCVARS     RHF      RHF      RHF  

 PROGRAMS   *        TOTAL       MP2        HF       INT       MP2        HF       INT       MP2        HF       INT
 CPU TIMES  *      7112.47    164.50   1735.37      0.37    164.57   1590.40      0.40    333.61   2122.00   1001.06
 REAL TIME  *     16718.22 SEC
 DISK USED  *       238.89 GB      
 **********************************************************************************************************************************
 SETTING EMP2_B         =       -76.35011963  AU                              
 SETTING EMP2_CORR_B    =        -0.28801908  AU                              

 Running procedure=SET_MONOMERC

 Dummy atoms: C1  H1  H2  H3  H4  O1  H5  H6


 Recomputing one-electron integrals since nuclear charges changed


 PROGRAM * SEWARD (Integral evaluation for generally contracted gaussian basis sets)     Author: Roland Lindh, 1990

 Geometry written to block  1 of record 700


 Point group  C1  



 ATOMIC COORDINATES

 NR  ATOM    CHARGE       X              Y              Z

   1  C1      0.00   -6.193010455    2.801518980    2.403542658
   2  H1      0.00   -4.656285171    1.699997622    3.119937832
   3  H2      0.00   -5.973046335    4.726205038    2.982932688
   4  H3      0.00   -7.940251230    2.077186956    3.118237078
   5  H4      0.00   -6.176569838    2.685300823    0.384937212
   6  O1      0.00   -8.342762895    8.383580979    6.757282676
   7  H5      0.00   -7.349144898    9.034591629    5.278760956
   8  H6      0.00   -8.743006888    9.863803452    7.746365330
   9  O2      8.00  -11.361600379   -2.507477595    1.791460366
  10  H7      1.00   -9.723585774   -3.405286476    1.799586188
  11  H8      1.00  -12.627338937   -3.816112936    1.666171524

 Bond lengths in Bohr (Angstrom)

 1-2  2.021904040  1-3  2.022002335  1-4  2.021953343  1-5  2.022015060  6-7  1.896606987
     ( 1.069945541)     ( 1.069997556)     ( 1.069971630)     ( 1.070004290)     ( 1.003641196)

  6- 8  1.824702255   9-10  1.867945037   9-11  1.824915847
       ( 0.965590850)       ( 0.988473945)       ( 0.965703878)

 Bond angles

  2-1-3  109.53398059   2-1-4  109.65604535   2-1-5  108.43490854   3-1-4  109.49436728

  3- 1- 5  109.86987750   4- 1- 5  109.83468330   7- 6- 8  105.01239280  10- 9-11  105.29843553

 NUCLEAR CHARGE:                   10
 NUMBER OF PRIMITIVE AOS:         810
 NUMBER OF SYMMETRY AOS:          663
 NUMBER OF CONTRACTIONS:          608   ( 608A   )
 NUMBER OF CORE ORBITALS:           1   (   1A   )
 NUMBER OF VALENCE ORBITALS:        6   (   6A   )

 MOLECULE CHANGED: INITIALIZING OCCUPATION AND DUMP RECORDS


 NUCLEAR REPULSION ENERGY    9.00717880


 Eigenvalues of metric

         1 0.110E-04 0.154E-04 0.256E-04 0.317E-04 0.576E-04 0.605E-04 0.643E-04 0.820E-04


 Contracted 2-electron integrals neglected if value below      1.0D-19

 OPERATOR DM      FOR CENTER  0  COORDINATES:    0.000000    0.000000    0.000000


 **********************************************************************************************************************************
 DATASETS  * FILE   NREC   LENGTH (MB)   RECORD NAMES
              1      19    82475.64       500      610      700      900      950      970     1000      129      960     1100   
                                          VAR    BASINP    GEOM    SYMINP    ZMAT    AOBASIS   BASIS     P2S    ABASIS      S 
                                         1400     1410     1200     1210     1080     1600     1650     1300     1700   
                                           T        V       H0       H01     AOSYM     SMH    MOLCAS    ERIS     OPER   

              2       7       46.85       200      700     1000      520     2100     2101     2102   
                                        OPTIONS   GEOM     BASIS   MCVARS     RHF      RHF      RHF  

 PROGRAMS   *        TOTAL       INT       MP2        HF       INT       MP2        HF       INT       MP2        HF       INT
 CPU TIMES  *      7112.85      0.38    164.50   1735.37      0.37    164.57   1590.40      0.40    333.61   2122.00   1001.06
 REAL TIME  *     16718.76 SEC
 DISK USED  *       238.89 GB      
 **********************************************************************************************************************************


 PROGRAM * RHF-SCF (CLOSED SHELL)       Authors: W. Meyer, H.-J. Werner


 NUMBER OF ELECTRONS:       5+    5-    SPACE SYMMETRY=1    SPIN SYMMETRY: Singlet 
 CONVERGENCE THRESHOLDS:    1.00E-08 (Density)    1.00E-09 (Energy)
 MAX. NUMBER OF ITERATIONS:       60
 INTERPOLATION TYPE:            DIIS
 INTERPOLATION STEPS:              2 (START)      1 (STEP)
 LEVEL SHIFTS:                  0.00 (CLOSED)  0.00 (OPEN) 



 Orbital guess generated from atomic densities. Full valence occupancy:    7

 Molecular orbital dump at record        2103.2

 Initial occupancy:   5

 ITERATION    DDIFF          GRAD             ENERGY        2-EL.EN.            DIPOLE MOMENTS         DIIS   ORB.
    1      0.000D+00      0.000D+00       -76.02510803     77.423339    0.19841   -1.13017   -0.05974    0    start
    2      0.000D+00      0.395D-02       -76.05190464     73.771781    0.10829   -0.65790   -0.03506    1    diag
    3      0.159D-02      0.251D-02       -76.06343742     75.391355    0.12926   -0.77578   -0.04128    2    diag
    4      0.605D-03      0.235D-03       -76.06363145     75.300199    0.12708   -0.77128   -0.04109    3    diag
    5      0.768D-04      0.657D-04       -76.06365233     75.314472    0.12621   -0.76962   -0.04103    4    diag
    6      0.250D-04      0.131D-04       -76.06365368     75.313452    0.12596   -0.76926   -0.04102    5    diag
    7      0.650D-05      0.265D-05       -76.06365374     75.313597    0.12588   -0.76914   -0.04101    6    diag
    8      0.177D-05      0.500D-06       -76.06365375     75.313582    0.12587   -0.76910   -0.04101    7    diag
    9      0.334D-06      0.671D-07       -76.06365375     75.313574    0.12587   -0.76910   -0.04101    8    diag
   10      0.406D-07      0.154D-07       -76.06365375     75.313577    0.12587   -0.76910   -0.04101    9    orth
   11      0.104D-07      0.316D-08       -76.06365375     75.313576    0.12587   -0.76910   -0.04101    9    diag
   12      0.208D-08      0.622D-09       -76.06365375     75.313576    0.12587   -0.76910   -0.04101    0    orth

 Final occupancy:   5

 !RHF STATE 1.1 Energy                -76.063653746903
 Nuclear energy                         9.00717880
 One-electron energy                 -122.72762063
 Two-electron energy                   37.65678809
 Virial quotient                       -1.00192621
 !RHF STATE 1.1 Dipole moment           0.12586981    -0.76909817    -0.04100999
 Dipole moment /Debye                   0.31990819    -1.95472452    -0.10423018

 Orbital energies:

         1.1          2.1          3.1          4.1          5.1          6.1          7.1
    -20.567786    -1.342413    -0.708552    -0.579616    -0.508656     0.019568     0.030058

 HOMO      5.1    -0.508656 =     -13.8412eV
 LUMO      6.1     0.019568 =       0.5325eV
 LUMO-HOMO         0.528224 =      14.3737eV


 **********************************************************************************************************************************
 DATASETS  * FILE   NREC   LENGTH (MB)   RECORD NAMES
              1      19    82475.64       500      610      700      900      950      970     1000      129      960     1100   
                                          VAR    BASINP    GEOM    SYMINP    ZMAT    AOBASIS   BASIS     P2S    ABASIS      S 
                                         1400     1410     1200     1210     1080     1600     1650     1300     1700   
                                           T        V       H0       H01     AOSYM     SMH    MOLCAS    ERIS     OPER   

              2       8       64.16       200      700     1000      520     2100     2101     2102     2103   
                                        OPTIONS   GEOM     BASIS   MCVARS     RHF      RHF      RHF      RHF  

 PROGRAMS   *        TOTAL        HF       INT       MP2        HF       INT       MP2        HF       INT       MP2        HF
 CPU TIMES  *      8993.85   1881.00      0.38    164.50   1735.37      0.37    164.57   1590.40      0.40    333.61   2122.00
 REAL TIME  *     19537.71 SEC
 DISK USED  *       238.89 GB      
 **********************************************************************************************************************************
 SETTING ESCF_C         =       -76.06365375  AU                              


 PROGRAM * MP2 (Closed-shell)     Authors: C. Hampel, H.-J. Werner, 1991, M. Deegan, P.J. Knowles, 1992


 Convergence thresholds:  THRVAR = 1.00D-08  THRDEN = 1.00D-08

 Number of core orbitals:           1 (   1 )
 Number of closed-shell orbitals:   4 (   4 )
 Number of external orbitals:     603 ( 603 )

 Molecular orbitals read from record     2103.2  Type=RHF/CANONICAL (state 1.1)

 Number of N-1 electron functions:               4
 Number of N-2 electron functions:              10
 Number of singly external CSFs:              2412
 Number of doubly external CSFs:           2910078
 Total number of CSFs:                     2912491

 Length of J-op  integral file:               0.00 MB
 Length of K-op  integral file:              25.46 MB

 Integral transformation finished. Total CPU: 163.69 sec, npass=  1  Memory used:  13.76 MW

 Memory needed for MP2:                      1.84 MW

 SCS-MP2 correlation energy:           -0.286356084954   (PS=  1.200000  PT=  0.333333)
 SCS-MP2 total energy:                -76.350009831856


  Reference energy                    -76.063653746903
  MP2 singlet pair energy              -0.186090835106
  MP2 triplet pair energy              -0.101325668828
  MP2 correlation energy               -0.287416503934

 !MP2 total energy                    -76.351070250837


 **********************************************************************************************************************************
 DATASETS  * FILE   NREC   LENGTH (MB)   RECORD NAMES
              1      20    82526.00       500      610      700      900      950      970     1000      129      960     1100   
                                          VAR    BASINP    GEOM    SYMINP    ZMAT    AOBASIS   BASIS     P2S    ABASIS      S 
                                         1400     1410     1200     1210     1080     1600     1650     1300     1700     1380   
                                           T        V       H0       H01     AOSYM     SMH    MOLCAS    ERIS     OPER     JKOP   

              2       8       64.16       200      700     1000      520     2100     2101     2102     2103   
                                        OPTIONS   GEOM     BASIS   MCVARS     RHF      RHF      RHF      RHF  

 PROGRAMS   *        TOTAL       MP2        HF       INT       MP2        HF       INT       MP2        HF       INT       MP2
 CPU TIMES  *      9158.27    164.42   1881.00      0.38    164.50   1735.37      0.37    164.57   1590.40      0.40    333.61
 REAL TIME  *     19779.98 SEC
 DISK USED  *       238.89 GB      
 **********************************************************************************************************************************
 SETTING EMP2_C         =       -76.35107025  AU                              
 SETTING EMP2_CORR_C    =        -0.28741650  AU                              

 Running procedure=SET_DIMERAB

 Dummy atoms: O2  H7  H8


 Recomputing one-electron integrals since nuclear charges changed


 PROGRAM * SEWARD (Integral evaluation for generally contracted gaussian basis sets)     Author: Roland Lindh, 1990

 Geometry written to block  1 of record 700


 Point group  C1  



 ATOMIC COORDINATES

 NR  ATOM    CHARGE       X              Y              Z

   1  C1      6.00   -6.193010455    2.801518980    2.403542658
   2  H1      1.00   -4.656285171    1.699997622    3.119937832
   3  H2      1.00   -5.973046335    4.726205038    2.982932688
   4  H3      1.00   -7.940251230    2.077186956    3.118237078
   5  H4      1.00   -6.176569838    2.685300823    0.384937212
   6  O1      8.00   -8.342762895    8.383580979    6.757282676
   7  H5      1.00   -7.349144898    9.034591629    5.278760956
   8  H6      1.00   -8.743006888    9.863803452    7.746365330
   9  O2      0.00  -11.361600379   -2.507477595    1.791460366
  10  H7      0.00   -9.723585774   -3.405286476    1.799586188
  11  H8      0.00  -12.627338937   -3.816112936    1.666171524

 Bond lengths in Bohr (Angstrom)

 1-2  2.021904040  1-3  2.022002335  1-4  2.021953343  1-5  2.022015060  6-7  1.896606987
     ( 1.069945541)     ( 1.069997556)     ( 1.069971630)     ( 1.070004290)     ( 1.003641196)

  6- 8  1.824702255   9-10  1.867945037   9-11  1.824915847
       ( 0.965590850)       ( 0.988473945)       ( 0.965703878)

 Bond angles

  2-1-3  109.53398059   2-1-4  109.65604535   2-1-5  108.43490854   3-1-4  109.49436728

  3- 1- 5  109.86987750   4- 1- 5  109.83468330   7- 6- 8  105.01239280  10- 9-11  105.29843553

 NUCLEAR CHARGE:                   20
 NUMBER OF PRIMITIVE AOS:         810
 NUMBER OF SYMMETRY AOS:          663
 NUMBER OF CONTRACTIONS:          608   ( 608A   )
 NUMBER OF CORE ORBITALS:           2   (   2A   )
 NUMBER OF VALENCE ORBITALS:       14   (  14A   )

 MOLECULE CHANGED: INITIALIZING OCCUPATION AND DUMP RECORDS


 NUCLEAR REPULSION ENERGY   35.98231600


 Eigenvalues of metric

         1 0.110E-04 0.154E-04 0.256E-04 0.317E-04 0.576E-04 0.605E-04 0.643E-04 0.820E-04


 Contracted 2-electron integrals neglected if value below      1.0D-19

 OPERATOR DM      FOR CENTER  0  COORDINATES:    0.000000    0.000000    0.000000


 **********************************************************************************************************************************
 DATASETS  * FILE   NREC   LENGTH (MB)   RECORD NAMES
              1      19    82475.64       500      610      700      900      950      970     1000      129      960     1100   
                                          VAR    BASINP    GEOM    SYMINP    ZMAT    AOBASIS   BASIS     P2S    ABASIS      S 
                                         1400     1410     1200     1210     1080     1600     1650     1300     1700   
                                           T        V       H0       H01     AOSYM     SMH    MOLCAS    ERIS     OPER   

              2       8       64.16       200      700     1000      520     2100     2101     2102     2103   
                                        OPTIONS   GEOM     BASIS   MCVARS     RHF      RHF      RHF      RHF  

 PROGRAMS   *        TOTAL       INT       MP2        HF       INT       MP2        HF       INT       MP2        HF       INT
 CPU TIMES  *      9158.65      0.38    164.42   1881.00      0.38    164.50   1735.37      0.37    164.57   1590.40      0.40
 REAL TIME  *     19780.60 SEC
 DISK USED  *       238.89 GB      
 **********************************************************************************************************************************


 PROGRAM * RHF-SCF (CLOSED SHELL)       Authors: W. Meyer, H.-J. Werner


 NUMBER OF ELECTRONS:      10+   10-    SPACE SYMMETRY=1    SPIN SYMMETRY: Singlet 
 CONVERGENCE THRESHOLDS:    1.00E-08 (Density)    1.00E-09 (Energy)
 MAX. NUMBER OF ITERATIONS:       60
 INTERPOLATION TYPE:            DIIS
 INTERPOLATION STEPS:              2 (START)      1 (STEP)
 LEVEL SHIFTS:                  0.00 (CLOSED)  0.00 (OPEN) 



 Orbital guess generated from atomic densities. Full valence occupancy:   16

 Molecular orbital dump at record        2104.2

 Initial occupancy:  10

 ITERATION    DDIFF          GRAD             ENERGY        2-EL.EN.            DIPOLE MOMENTS         DIIS   ORB.
    1      0.000D+00      0.000D+00      -116.21851896    157.691821    0.31327    1.08547   -0.26155    0    start
    2      0.000D+00      0.321D-02      -116.26291821    152.635075    0.14453    0.62238   -0.09859    1    diag
    3      0.196D-02      0.190D-02      -116.27683594    154.738326    0.18673    0.74095   -0.13925    2    diag
    4      0.683D-03      0.281D-03      -116.27750530    154.624800    0.18320    0.73040   -0.13590    3    diag
    5      0.146D-03      0.829D-04      -116.27757614    154.620251    0.18255    0.73014   -0.13506    4    diag
    6      0.599D-04      0.201D-04      -116.27758009    154.625918    0.18227    0.72940   -0.13474    5    diag
    7      0.164D-04      0.405D-05      -116.27758033    154.624313    0.18225    0.72942   -0.13471    6    diag
    8      0.486D-05      0.105D-05      -116.27758035    154.624491    0.18222    0.72937   -0.13467    7    diag
    9      0.103D-05      0.245D-06      -116.27758035    154.624464    0.18221    0.72935   -0.13466    8    diag
   10      0.309D-06      0.283D-07      -116.27758035    154.624464    0.18221    0.72935   -0.13465    9    orth
   11      0.326D-07      0.660D-08      -116.27758035    154.624466    0.18221    0.72935   -0.13465    9    diag
   12      0.717D-08      0.176D-08      -116.27758035    154.624466    0.18221    0.72935   -0.13465    0    orth

 Final occupancy:  10

 !RHF STATE 1.1 Energy               -116.277580353995
 Nuclear energy                        35.98231600
 One-electron energy                 -229.57212914
 Two-electron energy                   77.31223279
 Virial quotient                       -1.00087957
 !RHF STATE 1.1 Dipole moment           0.18221035     0.72934698    -0.13465332
 Dipole moment /Debye                   0.46310219     1.85369369    -0.34223219

 Orbital energies:

         1.1          2.1          3.1          4.1          5.1          6.1          7.1          8.1          9.1         10.1
    -20.569610   -11.191396    -1.339726    -0.945649    -0.704964    -0.579326    -0.546457    -0.544926    -0.543096    -0.508681

        11.1         12.1
      0.023035     0.030907

 HOMO     10.1    -0.508681 =     -13.8419eV
 LUMO     11.1     0.023035 =       0.6268eV
 LUMO-HOMO         0.531716 =      14.4687eV


 **********************************************************************************************************************************
 DATASETS  * FILE   NREC   LENGTH (MB)   RECORD NAMES
              1      19    82475.64       500      610      700      900      950      970     1000      129      960     1100   
                                          VAR    BASINP    GEOM    SYMINP    ZMAT    AOBASIS   BASIS     P2S    ABASIS      S 
                                         1400     1410     1200     1210     1080     1600     1650     1300     1700   
                                           T        V       H0       H01     AOSYM     SMH    MOLCAS    ERIS     OPER   

              2       9       81.47       200      700     1000      520     2100     2101     2102     2103     2104   
                                        OPTIONS   GEOM     BASIS   MCVARS     RHF      RHF      RHF      RHF      RHF  

 PROGRAMS   *        TOTAL        HF       INT       MP2        HF       INT       MP2        HF       INT       MP2        HF
 CPU TIMES  *     11038.75   1880.10      0.38    164.42   1881.00      0.38    164.50   1735.37      0.37    164.57   1590.40
 REAL TIME  *     22644.49 SEC
 DISK USED  *       238.89 GB      
 **********************************************************************************************************************************
 SETTING ESCF_AB        =      -116.27758035  AU                              


 PROGRAM * MP2 (Closed-shell)     Authors: C. Hampel, H.-J. Werner, 1991, M. Deegan, P.J. Knowles, 1992


 Convergence thresholds:  THRVAR = 1.00D-08  THRDEN = 1.00D-08

 Number of core orbitals:           2 (   2 )
 Number of closed-shell orbitals:   8 (   8 )
 Number of external orbitals:     598 ( 598 )

 Molecular orbitals read from record     2104.2  Type=RHF/CANONICAL (state 1.1)

 Number of N-1 electron functions:               8
 Number of N-2 electron functions:              36
 Number of singly external CSFs:              4784
 Number of doubly external CSFs:          11445720
 Total number of CSFs:                    11450505

 Length of J-op  integral file:               0.00 MB
 Length of K-op  integral file:              25.46 MB

 Integral transformation finished. Total CPU: 227.45 sec, npass=  1  Memory used:  30.42 MW

 Memory needed for MP2:                      1.84 MW

 SCS-MP2 correlation energy:           -0.507954935307   (PS=  1.200000  PT=  0.333333)
 SCS-MP2 total energy:               -116.785535289305


  Reference energy                   -116.277580353998
  MP2 singlet pair energy              -0.341129648202
  MP2 triplet pair energy              -0.158463253068
  MP2 correlation energy               -0.499592901270

 !MP2 total energy                   -116.777173255269


 **********************************************************************************************************************************
 DATASETS  * FILE   NREC   LENGTH (MB)   RECORD NAMES
              1      20    82641.52       500      610      700      900      950      970     1000      129      960     1100   
                                          VAR    BASINP    GEOM    SYMINP    ZMAT    AOBASIS   BASIS     P2S    ABASIS      S 
                                         1400     1410     1200     1210     1080     1600     1650     1300     1700     1380   
                                           T        V       H0       H01     AOSYM     SMH    MOLCAS    ERIS     OPER     JKOP   

              2       9       81.47       200      700     1000      520     2100     2101     2102     2103     2104   
                                        OPTIONS   GEOM     BASIS   MCVARS     RHF      RHF      RHF      RHF      RHF  

 PROGRAMS   *        TOTAL       MP2        HF       INT       MP2        HF       INT       MP2        HF       INT       MP2
 CPU TIMES  *     11268.56    229.81   1880.10      0.38    164.42   1881.00      0.38    164.50   1735.37      0.37    164.57
 REAL TIME  *     22953.85 SEC
 DISK USED  *       238.89 GB      
 **********************************************************************************************************************************
 SETTING EMP2_AB        =      -116.77717326  AU                              
 SETTING EMP2_CORR_AB   =        -0.49959290  AU                              

 Running procedure=SET_DIMERAC

 Dummy atoms: O1  H5  H6


 Recomputing one-electron integrals since nuclear charges changed


 PROGRAM * SEWARD (Integral evaluation for generally contracted gaussian basis sets)     Author: Roland Lindh, 1990

 Geometry written to block  1 of record 700


 Point group  C1  



 ATOMIC COORDINATES

 NR  ATOM    CHARGE       X              Y              Z

   1  C1      6.00   -6.193010455    2.801518980    2.403542658
   2  H1      1.00   -4.656285171    1.699997622    3.119937832
   3  H2      1.00   -5.973046335    4.726205038    2.982932688
   4  H3      1.00   -7.940251230    2.077186956    3.118237078
   5  H4      1.00   -6.176569838    2.685300823    0.384937212
   6  O1      0.00   -8.342762895    8.383580979    6.757282676
   7  H5      0.00   -7.349144898    9.034591629    5.278760956
   8  H6      0.00   -8.743006888    9.863803452    7.746365330
   9  O2      8.00  -11.361600379   -2.507477595    1.791460366
  10  H7      1.00   -9.723585774   -3.405286476    1.799586188
  11  H8      1.00  -12.627338937   -3.816112936    1.666171524

 Bond lengths in Bohr (Angstrom)

 1-2  2.021904040  1-3  2.022002335  1-4  2.021953343  1-5  2.022015060  6-7  1.896606987
     ( 1.069945541)     ( 1.069997556)     ( 1.069971630)     ( 1.070004290)     ( 1.003641196)

  6- 8  1.824702255   9-10  1.867945037   9-11  1.824915847
       ( 0.965590850)       ( 0.988473945)       ( 0.965703878)

 Bond angles

  2-1-3  109.53398059   2-1-4  109.65604535   2-1-5  108.43490854   3-1-4  109.49436728

  3- 1- 5  109.86987750   4- 1- 5  109.83468330   7- 6- 8  105.01239280  10- 9-11  105.29843553

 NUCLEAR CHARGE:                   20
 NUMBER OF PRIMITIVE AOS:         810
 NUMBER OF SYMMETRY AOS:          663
 NUMBER OF CONTRACTIONS:          608   ( 608A   )
 NUMBER OF CORE ORBITALS:           2   (   2A   )
 NUMBER OF VALENCE ORBITALS:       14   (  14A   )

 MOLECULE CHANGED: INITIALIZING OCCUPATION AND DUMP RECORDS


 NUCLEAR REPULSION ENERGY   35.93228190


 Eigenvalues of metric

         1 0.110E-04 0.154E-04 0.256E-04 0.317E-04 0.576E-04 0.605E-04 0.643E-04 0.820E-04


 Contracted 2-electron integrals neglected if value below      1.0D-19

 OPERATOR DM      FOR CENTER  0  COORDINATES:    0.000000    0.000000    0.000000


 **********************************************************************************************************************************
 DATASETS  * FILE   NREC   LENGTH (MB)   RECORD NAMES
              1      19    82475.64       500      610      700      900      950      970     1000      129      960     1100   
                                          VAR    BASINP    GEOM    SYMINP    ZMAT    AOBASIS   BASIS     P2S    ABASIS      S 
                                         1400     1410     1200     1210     1080     1600     1650     1300     1700   
                                           T        V       H0       H01     AOSYM     SMH    MOLCAS    ERIS     OPER   

              2       9       81.47       200      700     1000      520     2100     2101     2102     2103     2104   
                                        OPTIONS   GEOM     BASIS   MCVARS     RHF      RHF      RHF      RHF      RHF  

 PROGRAMS   *        TOTAL       INT       MP2        HF       INT       MP2        HF       INT       MP2        HF       INT
 CPU TIMES  *     11268.95      0.38    229.81   1880.10      0.38    164.42   1881.00      0.38    164.50   1735.37      0.37
 REAL TIME  *     22954.49 SEC
 DISK USED  *       238.89 GB      
 **********************************************************************************************************************************


 PROGRAM * RHF-SCF (CLOSED SHELL)       Authors: W. Meyer, H.-J. Werner


 NUMBER OF ELECTRONS:      10+   10-    SPACE SYMMETRY=1    SPIN SYMMETRY: Singlet 
 CONVERGENCE THRESHOLDS:    1.00E-08 (Density)    1.00E-09 (Energy)
 MAX. NUMBER OF ITERATIONS:       60
 INTERPOLATION TYPE:            DIIS
 INTERPOLATION STEPS:              2 (START)      1 (STEP)
 LEVEL SHIFTS:                  0.00 (CLOSED)  0.00 (OPEN) 



 Orbital guess generated from atomic densities. Full valence occupancy:   16

 Molecular orbital dump at record        2105.2

 Initial occupancy:  10

 ITERATION    DDIFF          GRAD             ENERGY        2-EL.EN.            DIPOLE MOMENTS         DIIS   ORB.
    1      0.000D+00      0.000D+00      -116.22153294    157.608841    0.19979   -1.13507   -0.06156    0    start
    2      0.000D+00      0.319D-02      -116.26544590    152.575993    0.05562   -0.66711   -0.03878    1    diag
    3      0.196D-02      0.187D-02      -116.27897579    154.653335    0.08892   -0.78691   -0.04390    2    diag
    4      0.679D-03      0.278D-03      -116.27962786    154.539920    0.08586   -0.77626   -0.04303    3    diag
    5      0.145D-03      0.813D-04      -116.27969598    154.534735    0.08467   -0.77587   -0.04289    4    diag
    6      0.600D-04      0.197D-04      -116.27969980    154.540300    0.08427   -0.77507   -0.04279    5    diag
    7      0.167D-04      0.394D-05      -116.27970003    154.538702    0.08423   -0.77505   -0.04277    6    diag
    8      0.501D-05      0.992D-06      -116.27970004    154.538864    0.08419   -0.77498   -0.04276    7    diag
    9      0.108D-05      0.233D-06      -116.27970004    154.538837    0.08418   -0.77496   -0.04276    8    diag
   10      0.299D-06      0.277D-07      -116.27970004    154.538838    0.08418   -0.77496   -0.04276    9    orth
   11      0.333D-07      0.634D-08      -116.27970004    154.538839    0.08418   -0.77496   -0.04276    9    diag
   12      0.682D-08      0.162D-08      -116.27970004    154.538839    0.08418   -0.77496   -0.04276    0    orth

 Final occupancy:  10

 !RHF STATE 1.1 Energy               -116.279700044780
 Nuclear energy                        35.93228190
 One-electron energy                 -229.48140154
 Two-electron energy                   77.26941960
 Virial quotient                       -1.00068182
 !RHF STATE 1.1 Dipole moment           0.08417851    -0.77495719    -0.04276018
 Dipole moment /Debye                   0.21394642    -1.96961569    -0.10867842

 Orbital energies:

         1.1          2.1          3.1          4.1          5.1          6.1          7.1          8.1          9.1         10.1
    -20.568302   -11.188917    -1.343033    -0.943707    -0.709206    -0.580806    -0.545132    -0.541692    -0.541233    -0.509253

        11.1         12.1
      0.022403     0.031144

 HOMO     10.1    -0.509253 =     -13.8575eV
 LUMO     11.1     0.022403 =       0.6096eV
 LUMO-HOMO         0.531657 =      14.4671eV


 **********************************************************************************************************************************
 DATASETS  * FILE   NREC   LENGTH (MB)   RECORD NAMES
              1      19    82475.64       500      610      700      900      950      970     1000      129      960     1100   
                                          VAR    BASINP    GEOM    SYMINP    ZMAT    AOBASIS   BASIS     P2S    ABASIS      S 
                                         1400     1410     1200     1210     1080     1600     1650     1300     1700   
                                           T        V       H0       H01     AOSYM     SMH    MOLCAS    ERIS     OPER   

              2      10       98.78       200      700     1000      520     2100     2101     2102     2103     2104     2105   
                                        OPTIONS   GEOM     BASIS   MCVARS     RHF      RHF      RHF      RHF      RHF      RHF  

 PROGRAMS   *        TOTAL        HF       INT       MP2        HF       INT       MP2        HF       INT       MP2        HF
 CPU TIMES  *     13149.24   1880.29      0.38    229.81   1880.10      0.38    164.42   1881.00      0.38    164.50   1735.37
 REAL TIME  *     25790.41 SEC
 DISK USED  *       238.89 GB      
 **********************************************************************************************************************************
 SETTING ESCF_AC        =      -116.27970004  AU                              


 PROGRAM * MP2 (Closed-shell)     Authors: C. Hampel, H.-J. Werner, 1991, M. Deegan, P.J. Knowles, 1992


 Convergence thresholds:  THRVAR = 1.00D-08  THRDEN = 1.00D-08

 Number of core orbitals:           2 (   2 )
 Number of closed-shell orbitals:   8 (   8 )
 Number of external orbitals:     598 ( 598 )

 Molecular orbitals read from record     2105.2  Type=RHF/CANONICAL (state 1.1)

 Number of N-1 electron functions:               8
 Number of N-2 electron functions:              36
 Number of singly external CSFs:              4784
 Number of doubly external CSFs:          11445720
 Total number of CSFs:                    11450505

 Length of J-op  integral file:               0.00 MB
 Length of K-op  integral file:              25.46 MB

 Integral transformation finished. Total CPU: 227.30 sec, npass=  1  Memory used:  30.42 MW

 Memory needed for MP2:                      1.84 MW

 SCS-MP2 correlation energy:           -0.507266119516   (PS=  1.200000  PT=  0.333333)
 SCS-MP2 total energy:               -116.786966164297


  Reference energy                   -116.279700044781
  MP2 singlet pair energy              -0.340667350965
  MP2 triplet pair energy              -0.158247800931
  MP2 correlation energy               -0.498915151897

 !MP2 total energy                   -116.778615196678


 **********************************************************************************************************************************
 DATASETS  * FILE   NREC   LENGTH (MB)   RECORD NAMES
              1      20    82641.52       500      610      700      900      950      970     1000      129      960     1100   
                                          VAR    BASINP    GEOM    SYMINP    ZMAT    AOBASIS   BASIS     P2S    ABASIS      S 
                                         1400     1410     1200     1210     1080     1600     1650     1300     1700     1380   
                                           T        V       H0       H01     AOSYM     SMH    MOLCAS    ERIS     OPER     JKOP   

              2      10       98.78       200      700     1000      520     2100     2101     2102     2103     2104     2105   
                                        OPTIONS   GEOM     BASIS   MCVARS     RHF      RHF      RHF      RHF      RHF      RHF  

 PROGRAMS   *        TOTAL       MP2        HF       INT       MP2        HF       INT       MP2        HF       INT       MP2
 CPU TIMES  *     13378.89    229.65   1880.29      0.38    229.81   1880.10      0.38    164.42   1881.00      0.38    164.50
 REAL TIME  *     26104.40 SEC
 DISK USED  *       238.89 GB      
 **********************************************************************************************************************************
 SETTING EMP2_AC        =      -116.77861520  AU                              
 SETTING EMP2_CORR_AC   =        -0.49891515  AU                              

 Running procedure=SET_DIMERBC

 Dummy atoms: C1  H1  H2  H3  H4


 Recomputing one-electron integrals since nuclear charges changed


 PROGRAM * SEWARD (Integral evaluation for generally contracted gaussian basis sets)     Author: Roland Lindh, 1990

 Geometry written to block  1 of record 700


 Point group  C1  



 ATOMIC COORDINATES

 NR  ATOM    CHARGE       X              Y              Z

   1  C1      0.00   -6.193010455    2.801518980    2.403542658
   2  H1      0.00   -4.656285171    1.699997622    3.119937832
   3  H2      0.00   -5.973046335    4.726205038    2.982932688
   4  H3      0.00   -7.940251230    2.077186956    3.118237078
   5  H4      0.00   -6.176569838    2.685300823    0.384937212
   6  O1      8.00   -8.342762895    8.383580979    6.757282676
   7  H5      1.00   -7.349144898    9.034591629    5.278760956
   8  H6      1.00   -8.743006888    9.863803452    7.746365330
   9  O2      8.00  -11.361600379   -2.507477595    1.791460366
  10  H7      1.00   -9.723585774   -3.405286476    1.799586188
  11  H8      1.00  -12.627338937   -3.816112936    1.666171524

 Bond lengths in Bohr (Angstrom)

 1-2  2.021904040  1-3  2.022002335  1-4  2.021953343  1-5  2.022015060  6-7  1.896606987
     ( 1.069945541)     ( 1.069997556)     ( 1.069971630)     ( 1.070004290)     ( 1.003641196)

  6- 8  1.824702255   9-10  1.867945037   9-11  1.824915847
       ( 0.965590850)       ( 0.988473945)       ( 0.965703878)

 Bond angles

  2-1-3  109.53398059   2-1-4  109.65604535   2-1-5  108.43490854   3-1-4  109.49436728

  3- 1- 5  109.86987750   4- 1- 5  109.83468330   7- 6- 8  105.01239280  10- 9-11  105.29843553

 NUCLEAR CHARGE:                   20
 NUMBER OF PRIMITIVE AOS:         810
 NUMBER OF SYMMETRY AOS:          663
 NUMBER OF CONTRACTIONS:          608   ( 608A   )
 NUMBER OF CORE ORBITALS:           2   (   2A   )
 NUMBER OF VALENCE ORBITALS:       12   (  12A   )

 MOLECULE CHANGED: INITIALIZING OCCUPATION AND DUMP RECORDS


 NUCLEAR REPULSION ENERGY   25.81124084


 Eigenvalues of metric

         1 0.110E-04 0.154E-04 0.256E-04 0.317E-04 0.576E-04 0.605E-04 0.643E-04 0.820E-04


 Contracted 2-electron integrals neglected if value below      1.0D-19

 OPERATOR DM      FOR CENTER  0  COORDINATES:    0.000000    0.000000    0.000000


 **********************************************************************************************************************************
 DATASETS  * FILE   NREC   LENGTH (MB)   RECORD NAMES
              1      19    82475.64       500      610      700      900      950      970     1000      129      960     1100   
                                          VAR    BASINP    GEOM    SYMINP    ZMAT    AOBASIS   BASIS     P2S    ABASIS      S 
                                         1400     1410     1200     1210     1080     1600     1650     1300     1700   
                                           T        V       H0       H01     AOSYM     SMH    MOLCAS    ERIS     OPER   

              2      10       98.78       200      700     1000      520     2100     2101     2102     2103     2104     2105   
                                        OPTIONS   GEOM     BASIS   MCVARS     RHF      RHF      RHF      RHF      RHF      RHF  

 PROGRAMS   *        TOTAL       INT       MP2        HF       INT       MP2        HF       INT       MP2        HF       INT
 CPU TIMES  *     13379.28      0.38    229.65   1880.29      0.38    229.81   1880.10      0.38    164.42   1881.00      0.38
 REAL TIME  *     26104.98 SEC
 DISK USED  *       238.89 GB      
 **********************************************************************************************************************************


 PROGRAM * RHF-SCF (CLOSED SHELL)       Authors: W. Meyer, H.-J. Werner


 NUMBER OF ELECTRONS:      10+   10-    SPACE SYMMETRY=1    SPIN SYMMETRY: Singlet 
 CONVERGENCE THRESHOLDS:    1.00E-08 (Density)    1.00E-09 (Energy)
 MAX. NUMBER OF ITERATIONS:       60
 INTERPOLATION TYPE:            DIIS
 INTERPOLATION STEPS:              2 (START)      1 (STEP)
 LEVEL SHIFTS:                  0.00 (CLOSED)  0.00 (OPEN) 



 Orbital guess generated from atomic densities. Full valence occupancy:   14

 Molecular orbital dump at record        2106.2

 Initial occupancy:  10

 ITERATION    DDIFF          GRAD             ENERGY        2-EL.EN.            DIPOLE MOMENTS         DIIS   ORB.
    1      0.000D+00      0.000D+00      -152.04747295    170.720746    0.50881   -0.04069   -0.32152    0    start
    2      0.000D+00      0.398D-02      -152.10137093    163.267546    0.27886   -0.02708   -0.17472    1    diag
    3      0.226D-02      0.254D-02      -152.12491084    166.563856    0.33359   -0.02912   -0.20939    2    diag
    4      0.859D-03      0.238D-03      -152.12530627    166.379427    0.32876   -0.02955   -0.20594    3    diag
    5      0.108D-03      0.672D-04      -152.12534995    166.408118    0.32689   -0.02905   -0.20464    4    diag
    6      0.350D-04      0.137D-04      -152.12535283    166.405983    0.32633   -0.02940   -0.20421    5    diag
    7      0.917D-05      0.373D-05      -152.12535299    166.406101    0.32623   -0.02910   -0.20415    6    diag
    8      0.229D-05      0.177D-05      -152.12535301    166.406197    0.32617   -0.02921   -0.20410    7    diag
    9      0.104D-05      0.289D-06      -152.12535302    166.406162    0.32616   -0.02921   -0.20409    8    diag
   10      0.241D-06      0.388D-07      -152.12535302    166.406155    0.32615   -0.02921   -0.20409    9    orth
   11      0.328D-07      0.963D-08      -152.12535302    166.406159    0.32615   -0.02921   -0.20409    9    diag
   12      0.882D-08      0.179D-08      -152.12535302    166.406158    0.32615   -0.02921   -0.20409    0    orth

 Final occupancy:  10

 !RHF STATE 1.1 Energy               -152.125353016138
 Nuclear energy                        25.81124084
 One-electron energy                 -261.13967276
 Two-electron energy                   83.20307891
 Virial quotient                       -1.00207664
 !RHF STATE 1.1 Dipole moment           0.32615378    -0.02920751    -0.20408836
 Dipole moment /Debye                   0.82894593    -0.07423324    -0.51870689

 Orbital energies:

         1.1          2.1          3.1          4.1          5.1          6.1          7.1          8.1          9.1         10.1
    -20.565144   -20.564012    -1.338613    -1.335126    -0.704753    -0.700066    -0.575665    -0.574459    -0.504808    -0.504111

        11.1         12.1
      0.021435     0.030143

 HOMO     10.1    -0.504111 =     -13.7176eV
 LUMO     11.1     0.021435 =       0.5833eV
 LUMO-HOMO         0.525546 =      14.3008eV


 **********************************************************************************************************************************
 DATASETS  * FILE   NREC   LENGTH (MB)   RECORD NAMES
              1      19    82475.64       500      610      700      900      950      970     1000      129      960     1100   
                                          VAR    BASINP    GEOM    SYMINP    ZMAT    AOBASIS   BASIS     P2S    ABASIS      S 
                                         1400     1410     1200     1210     1080     1600     1650     1300     1700   
                                           T        V       H0       H01     AOSYM     SMH    MOLCAS    ERIS     OPER   

              2      11      116.08       200      700     1000      520     2100     2101     2102     2103     2104     2105   
                                        OPTIONS   GEOM     BASIS   MCVARS     RHF      RHF      RHF      RHF      RHF      RHF  
                                         2106   
                                          RHF  

 PROGRAMS   *        TOTAL        HF       INT       MP2        HF       INT       MP2        HF       INT       MP2        HF
 CPU TIMES  *     15259.81   1880.53      0.38    229.65   1880.29      0.38    229.81   1880.10      0.38    164.42   1881.00
 REAL TIME  *     28963.40 SEC
 DISK USED  *       238.89 GB      
 **********************************************************************************************************************************
 SETTING ESCF_BC        =      -152.12535302  AU                              


 PROGRAM * MP2 (Closed-shell)     Authors: C. Hampel, H.-J. Werner, 1991, M. Deegan, P.J. Knowles, 1992


 Convergence thresholds:  THRVAR = 1.00D-08  THRDEN = 1.00D-08

 Number of core orbitals:           2 (   2 )
 Number of closed-shell orbitals:   8 (   8 )
 Number of external orbitals:     598 ( 598 )

 Molecular orbitals read from record     2106.2  Type=RHF/CANONICAL (state 1.1)

 Number of N-1 electron functions:               8
 Number of N-2 electron functions:              36
 Number of singly external CSFs:              4784
 Number of doubly external CSFs:          11445720
 Total number of CSFs:                    11450505

 Length of J-op  integral file:               0.00 MB
 Length of K-op  integral file:              25.46 MB

 Integral transformation finished. Total CPU: 227.35 sec, npass=  1  Memory used:  30.42 MW

 Memory needed for MP2:                      1.84 MW

 SCS-MP2 correlation energy:           -0.573374290814   (PS=  1.200000  PT=  0.333333)
 SCS-MP2 total energy:               -152.698727306952


  Reference energy                   -152.125353016138
  MP2 singlet pair energy              -0.372614180775
  MP2 triplet pair energy              -0.202881333027
  MP2 correlation energy               -0.575495513802

 !MP2 total energy                   -152.700848529940


 **********************************************************************************************************************************
 DATASETS  * FILE   NREC   LENGTH (MB)   RECORD NAMES
              1      20    82641.52       500      610      700      900      950      970     1000      129      960     1100   
                                          VAR    BASINP    GEOM    SYMINP    ZMAT    AOBASIS   BASIS     P2S    ABASIS      S 
                                         1400     1410     1200     1210     1080     1600     1650     1300     1700     1380   
                                           T        V       H0       H01     AOSYM     SMH    MOLCAS    ERIS     OPER     JKOP   

              2      11      116.08       200      700     1000      520     2100     2101     2102     2103     2104     2105   
                                        OPTIONS   GEOM     BASIS   MCVARS     RHF      RHF      RHF      RHF      RHF      RHF  
                                         2106   
                                          RHF  

 PROGRAMS   *        TOTAL       MP2        HF       INT       MP2        HF       INT       MP2        HF       INT       MP2
 CPU TIMES  *     15489.50    229.69   1880.53      0.38    229.65   1880.29      0.38    229.81   1880.10      0.38    164.42
 REAL TIME  *     29273.17 SEC
 DISK USED  *       238.89 GB      
 **********************************************************************************************************************************
 SETTING EMP2_BC        =      -152.70084853  AU                              
 SETTING EMP2_CORR_BC   =        -0.57549551  AU                              
 SETTING E_INT_ABC      =        -0.00057611  AU                              
 SETTING E_INT_AB       =        -0.00019234  AU                              
 SETTING E_INT_AC       =        -0.00068366  AU                              
 SETTING E_INT_BC       =         0.00034135  AU                              
 SETTING E_ADD          =        -0.00053466  AU                              
 SETTING E_NONADD_MP2   =    -4.14468569D-05  AU                              
 SETTING E_INT_ABC_CORR =        -0.00131027  AU                              
 SETTING E_INT_AB_CORR  =        -0.00066577  AU                              
 SETTING E_INT_AC_CORR  =        -0.00059060  AU                              
 SETTING E_INT_BC_CORR  =    -5.99296980D-05  AU                              
 SETTING E_INT_ABC_CORR_ADD              =      -0.00131631  AU                              
 SETTING E_INT_ABC_CORR_NONADD           =   6.03389563D-06  AU                              
 SETTING E_INT_ABC_HF   =         0.00073417  AU                              
 SETTING E_INT_AB_HF    =         0.00047343  AU                              
 SETTING E_INT_AC_HF    =    -9.30617921D-05  AU                              
 SETTING E_INT_BC_HF    =         0.00040128  AU                              
 SETTING E_INT_ABC_HF_ADD                =       0.00078165  AU                              
 SETTING E_INT_ABC_HF_NONADD             =  -4.74807525D-05  AU                              

 *** results in millihartree
 E_INT_ABC        =        -0.00057611 AU
 E_INT_AB         =        -0.00019234 AU
 E_INT_AC         =        -0.00068366 AU
 E_INT_BC         =         0.00034135 AU
 E_ADD            =        -0.00053466 AU
 E_NONADD_MP2     =        -0.00004145 AU
 E_INT_ABC_CORR   =        -0.00131027 AU
 E_INT_AB_CORR    =        -0.00066577 AU
 E_INT_AC_CORR    =        -0.00059060 AU
 E_INT_BC_CORR    =        -0.00005993 AU
 E_INT_ABC_CORR_ADD       =        -0.00131631 AU
 E_INT_ABC_CORR_NONADD    =         0.00000603 AU
 E_INT_ABC_HF     =         0.00073417 AU
 E_INT_AB_HF      =         0.00047343 AU
 E_INT_AC_HF      =        -0.00009306 AU
 E_INT_BC_HF      =         0.00040128 AU
 E_INT_ABC_HF_ADD =         0.00078165 AU
 E_INT_ABC_HF_NONADD      =        -0.00004748 AU

 MP2/aug-cc-pVQZ energy=   -152.700848529940

        MP2             HF-SCF          MP2             HF-SCF          MP2             HF-SCF          MP2             HF-SCF  
   -152.70084853   -152.12535302   -116.77861520   -116.27970004   -116.77717326   -116.27758035    -76.35107025    -76.06365375
 **********************************************************************************************************************************
 Molpro calculation terminated
 Variable memory released
