 Converged energy                           -193.223233390814
 Converged energy                            -40.461929314324
 Converged energy                            -76.379576342454
 Converged energy                            -76.379460700225
 Converged energy                           -116.841950698925
 Converged energy                           -152.760622626666
 Converged energy                           -116.841765147970
 HF contribution (EtotHF)                          -1.9230037841E+002  
 Singles correction (EcSingles)                    -2.4857408626E-002  
 HF contribution (EtotHF)                          -1.9230037841E+002  
 Singles correction (EcSingles)                    -2.4857408626E-002  
 Direct RPA correlation (EcRPA)                    -1.2008380507E+000  
 HF contribution (EtotHF)                          -4.0204647386E+001  
 Singles correction (EcSingles)                    -7.4913976170E-003  
 HF contribution (EtotHF)                          -4.0204647386E+001  
 Singles correction (EcSingles)                    -7.4913976170E-003  
 Direct RPA correlation (EcRPA)                    -3.6269873156E-001  
 HF contribution (EtotHF)                          -7.6047623456E+001  
 Singles correction (EcSingles)                    -8.4973134288E-003  
 HF contribution (EtotHF)                          -7.6047623456E+001  
 Singles correction (EcSingles)                    -8.4973134288E-003  
 Direct RPA correlation (EcRPA)                    -4.1823047845E-001  
 HF contribution (EtotHF)                          -7.6047300156E+001  
 Singles correction (EcSingles)                    -8.5181136674E-003  
 HF contribution (EtotHF)                          -7.6047300156E+001  
 Singles correction (EcSingles)                    -8.5181136674E-003  
 Direct RPA correlation (EcRPA)                    -4.1851571813E-001  
 HF contribution (EtotHF)                          -1.1625214703E+002  
 Singles correction (EcSingles)                    -1.6101515802E-002  
 HF contribution (EtotHF)                          -1.1625214703E+002  
 Singles correction (EcSingles)                    -1.6101515802E-002  
 Direct RPA correlation (EcRPA)                    -7.8152022791E-001  
 HF contribution (EtotHF)                          -1.5209636669E+002  
 Singles correction (EcSingles)                    -1.7103596049E-002  
 HF contribution (EtotHF)                          -1.5209636669E+002  
 Singles correction (EcSingles)                    -1.7103596049E-002  
 Direct RPA correlation (EcRPA)                    -8.3675820902E-001  
 HF contribution (EtotHF)                          -1.1625149222E+002  
 Singles correction (EcSingles)                    -1.6181660307E-002  
 HF contribution (EtotHF)                          -1.1625149222E+002  
 Singles correction (EcSingles)                    -1.6181660307E-002  
 Direct RPA correlation (EcRPA)                    -7.8200487065E-001  
