 Converged energy                           -193.230497185682
 Converged energy                            -40.461919607487
 Converged energy                            -76.380333278816
 Converged energy                            -76.379783429029
 Converged energy                           -116.842795886793
 Converged energy                           -152.767985750221
 Converged energy                           -116.841913796570
 HF contribution (EtotHF)                          -1.9230478358E+002  
 Singles correction (EcSingles)                    -2.5928556777E-002  
 HF contribution (EtotHF)                          -1.9230478358E+002  
 Singles correction (EcSingles)                    -2.5928556777E-002  
 Direct RPA correlation (EcRPA)                    -1.2032180846E+000  
 HF contribution (EtotHF)                          -4.0204649316E+001  
 Singles correction (EcSingles)                    -7.4870722007E-003  
 HF contribution (EtotHF)                          -4.0204649316E+001  
 Singles correction (EcSingles)                    -7.4870722007E-003  
 Direct RPA correlation (EcRPA)                    -3.6268291905E-001  
 HF contribution (EtotHF)                          -7.6049218407E+001  
 Singles correction (EcSingles)                    -8.4362285119E-003  
 HF contribution (EtotHF)                          -7.6049218407E+001  
 Singles correction (EcSingles)                    -8.4362285119E-003  
 Direct RPA correlation (EcRPA)                    -4.1805536865E-001  
 HF contribution (EtotHF)                          -7.6048035479E+001  
 Singles correction (EcSingles)                    -8.4964998030E-003  
 HF contribution (EtotHF)                          -7.6048035479E+001  
 Singles correction (EcSingles)                    -8.4964998030E-003  
 Direct RPA correlation (EcRPA)                    -4.1882015492E-001  
 HF contribution (EtotHF)                          -1.1625341751E+002  
 Singles correction (EcSingles)                    -1.6180547854E-002  
 HF contribution (EtotHF)                          -1.1625341751E+002  
 Singles correction (EcSingles)                    -1.6180547854E-002  
 Direct RPA correlation (EcRPA)                    -7.8164756689E-001  
 HF contribution (EtotHF)                          -1.5210084674E+002  
 Singles correction (EcSingles)                    -1.8109339829E-002  
 HF contribution (EtotHF)                          -1.5210084674E+002  
 Singles correction (EcSingles)                    -1.8109339829E-002  
 Direct RPA correlation (EcRPA)                    -8.3908030708E-001  
 HF contribution (EtotHF)                          -1.1625236366E+002  
 Singles correction (EcSingles)                    -1.6101965441E-002  
 HF contribution (EtotHF)                          -1.1625236366E+002  
 Singles correction (EcSingles)                    -1.6101965441E-002  
 Direct RPA correlation (EcRPA)                    -7.8208275168E-001  
