 Converged energy                           -193.222204726131
 Converged energy                            -40.461917432033
 Converged energy                            -76.380061094612
 Converged energy                            -76.379966772317
 Converged energy                           -116.842122713489
 Converged energy                           -152.760070145274
 Converged energy                           -116.841966645475
 HF contribution (EtotHF)                          -1.9230024424E+002  
 Singles correction (EcSingles)                    -2.4821478331E-002  
 HF contribution (EtotHF)                          -1.9230024424E+002  
 Singles correction (EcSingles)                    -2.4821478331E-002  
 Direct RPA correlation (EcRPA)                    -1.2000071455E+000  
 HF contribution (EtotHF)                          -4.0204649188E+001  
 Singles correction (EcSingles)                    -7.4844953962E-003  
 HF contribution (EtotHF)                          -4.0204649188E+001  
 Singles correction (EcSingles)                    -7.4844953962E-003  
 Direct RPA correlation (EcRPA)                    -3.6269644027E-001  
 HF contribution (EtotHF)                          -7.6048915403E+001  
 Singles correction (EcSingles)                    -8.4271687202E-003  
 HF contribution (EtotHF)                          -7.6048915403E+001  
 Singles correction (EcSingles)                    -8.4271687202E-003  
 Direct RPA correlation (EcRPA)                    -4.1743314467E-001  
 HF contribution (EtotHF)                          -7.6048066593E+001  
 Singles correction (EcSingles)                    -8.4916666245E-003  
 HF contribution (EtotHF)                          -7.6048066593E+001  
 Singles correction (EcSingles)                    -8.4916666245E-003  
 Direct RPA correlation (EcRPA)                    -4.1820875086E-001  
 HF contribution (EtotHF)                          -1.1625311602E+002  
 Singles correction (EcSingles)                    -1.6039036189E-002  
 HF contribution (EtotHF)                          -1.1625311602E+002  
 Singles correction (EcSingles)                    -1.6039036189E-002  
 Direct RPA correlation (EcRPA)                    -7.8075268414E-001  
 HF contribution (EtotHF)                          -1.5209704046E+002  
 Singles correction (EcSingles)                    -1.6918729021E-002  
 HF contribution (EtotHF)                          -1.5209704046E+002  
 Singles correction (EcSingles)                    -1.6918729021E-002  
 Direct RPA correlation (EcRPA)                    -8.3563855891E-001  
 HF contribution (EtotHF)                          -1.1625172928E+002  
 Singles correction (EcSingles)                    -1.6268183492E-002  
 HF contribution (EtotHF)                          -1.1625172928E+002  
 Singles correction (EcSingles)                    -1.6268183492E-002  
 Direct RPA correlation (EcRPA)                    -7.8195115588E-001  
