 Converged energy                           -193.222406907447
 Converged energy                            -40.461924496631
 Converged energy                            -76.379570744557
 Converged energy                            -76.380266180158
 Converged energy                           -116.841940514970
 Converged energy                           -152.759948604475
 Converged energy                           -116.842302155612
 HF contribution (EtotHF)                          -1.9229993339E+002  
 Singles correction (EcSingles)                    -2.4909498473E-002  
 HF contribution (EtotHF)                          -1.9229993339E+002  
 Singles correction (EcSingles)                    -2.4909498473E-002  
 Direct RPA correlation (EcRPA)                    -1.2004520273E+000  
 HF contribution (EtotHF)                          -4.0204649514E+001  
 Singles correction (EcSingles)                    -7.4886001586E-003  
 HF contribution (EtotHF)                          -4.0204649514E+001  
 Singles correction (EcSingles)                    -7.4886001586E-003  
 Direct RPA correlation (EcRPA)                    -3.6270894342E-001  
 HF contribution (EtotHF)                          -7.6047616556E+001  
 Singles correction (EcSingles)                    -8.4977478417E-003  
 HF contribution (EtotHF)                          -7.6047616556E+001  
 Singles correction (EcSingles)                    -8.4977478417E-003  
 Direct RPA correlation (EcRPA)                    -4.1819477016E-001  
 HF contribution (EtotHF)                          -7.6048940902E+001  
 Singles correction (EcSingles)                    -8.4453300124E-003  
 HF contribution (EtotHF)                          -7.6048940902E+001  
 Singles correction (EcSingles)                    -8.4453300124E-003  
 Direct RPA correlation (EcRPA)                    -4.1777319969E-001  
 HF contribution (EtotHF)                          -1.1625214170E+002  
 Singles correction (EcSingles)                    -1.6099389282E-002  
 HF contribution (EtotHF)                          -1.1625214170E+002  
 Singles correction (EcSingles)                    -1.6099389282E-002  
 Direct RPA correlation (EcRPA)                    -7.8149386319E-001  
 HF contribution (EtotHF)                          -1.5209670085E+002  
 Singles correction (EcSingles)                    -1.6937757486E-002  
 HF contribution (EtotHF)                          -1.5209670085E+002  
 Singles correction (EcSingles)                    -1.6937757486E-002  
 Direct RPA correlation (EcRPA)                    -8.3593970810E-001  
 HF contribution (EtotHF)                          -1.1625232302E+002  
 Singles correction (EcSingles)                    -1.6303878043E-002  
 HF contribution (EtotHF)                          -1.1625232302E+002  
 Singles correction (EcSingles)                    -1.6303878043E-002  
 Direct RPA correlation (EcRPA)                    -7.8168945005E-001  
