 Converged energy                           -193.222977418403
 Converged energy                            -40.461931008231
 Converged energy                            -76.380314617931
 Converged energy                            -76.380266562106
 Converged energy                           -116.842565286216
 Converged energy                           -152.760636176484
 Converged energy                           -116.842308798808
 HF contribution (EtotHF)                          -1.9230020633E+002  
 Singles correction (EcSingles)                    -2.5182017867E-002  
 HF contribution (EtotHF)                          -1.9230020633E+002  
 Singles correction (EcSingles)                    -2.5182017867E-002  
 Direct RPA correlation (EcRPA)                    -1.2008161972E+000  
 HF contribution (EtotHF)                          -4.0204650193E+001  
 Singles correction (EcSingles)                    -7.4921554340E-003  
 HF contribution (EtotHF)                          -4.0204650193E+001  
 Singles correction (EcSingles)                    -7.4921554340E-003  
 Direct RPA correlation (EcRPA)                    -3.6278657731E-001  
 HF contribution (EtotHF)                          -7.6049197482E+001  
 Singles correction (EcSingles)                    -8.4293379635E-003  
 HF contribution (EtotHF)                          -7.6049197482E+001  
 Singles correction (EcSingles)                    -8.4293379635E-003  
 Direct RPA correlation (EcRPA)                    -4.1766468628E-001  
 HF contribution (EtotHF)                          -7.6048941397E+001  
 Singles correction (EcSingles)                    -8.4452810464E-003  
 HF contribution (EtotHF)                          -7.6048941397E+001  
 Singles correction (EcSingles)                    -8.4452810464E-003  
 Direct RPA correlation (EcRPA)                    -4.1777569338E-001  
 HF contribution (EtotHF)                          -1.1625249749E+002  
 Singles correction (EcSingles)                    -1.6364507036E-002  
 HF contribution (EtotHF)                          -1.1625249749E+002  
 Singles correction (EcSingles)                    -1.6364507036E-002  
 Direct RPA correlation (EcRPA)                    -7.8182182284E-001  
 HF contribution (EtotHF)                          -1.5209819689E+002  
 Singles correction (EcSingles)                    -1.6876019634E-002  
 HF contribution (EtotHF)                          -1.5209819689E+002  
 Singles correction (EcSingles)                    -1.6876019634E-002  
 Direct RPA correlation (EcRPA)                    -8.3544267251E-001  
 HF contribution (EtotHF)                          -1.1625232427E+002  
 Singles correction (EcSingles)                    -1.6307381809E-002  
 HF contribution (EtotHF)                          -1.1625232427E+002  
 Singles correction (EcSingles)                    -1.6307381809E-002  
 Direct RPA correlation (EcRPA)                    -7.8177033726E-001  
