 Converged energy                           -193.246566197409
 Converged energy                            -40.476697231499
 Converged energy                            -76.385010385034
 Converged energy                            -76.385179101116
 Converged energy                           -116.861760154400
 Converged energy                           -152.769780999175
 Converged energy                           -116.861874418791
 HF contribution (EtotHF)                          -1.9232747314E+002  
 Singles correction (EcSingles)                    -1.2980186151E-002  
 HF contribution (EtotHF)                          -1.9232747314E+002  
 Singles correction (EcSingles)                    -1.2980186151E-002  
 Direct RPA correlation (EcRPA)                    -1.1869985708E+000  
 HF contribution (EtotHF)                          -4.0211062025E+001  
 Singles correction (EcSingles)                    -4.3005672749E-003  
 HF contribution (EtotHF)                          -4.0211062025E+001  
 Singles correction (EcSingles)                    -4.3005672749E-003  
 Direct RPA correlation (EcRPA)                    -3.5209901643E-001  
 HF contribution (EtotHF)                          -7.6058937966E+001  
 Singles correction (EcSingles)                    -4.2122762214E-003  
 HF contribution (EtotHF)                          -7.6058937966E+001  
 Singles correction (EcSingles)                    -4.2122762214E-003  
 Direct RPA correlation (EcRPA)                    -4.1662251724E-001  
 HF contribution (EtotHF)                          -7.6059278525E+001  
 Singles correction (EcSingles)                    -4.2010718818E-003  
 HF contribution (EtotHF)                          -7.6059278525E+001  
 Singles correction (EcSingles)                    -4.2010718818E-003  
 Direct RPA correlation (EcRPA)                    -4.1644985034E-001  
 HF contribution (EtotHF)                          -1.1626942428E+002  
 Singles correction (EcSingles)                    -8.6314804834E-003  
 HF contribution (EtotHF)                          -1.1626942428E+002  
 Singles correction (EcSingles)                    -8.6314804834E-003  
 Direct RPA correlation (EcRPA)                    -7.6953350074E-001  
 HF contribution (EtotHF)                          -1.5211773340E+002  
 Singles correction (EcSingles)                    -8.4253209156E-003  
 HF contribution (EtotHF)                          -1.5211773340E+002  
 Singles correction (EcSingles)                    -8.4253209156E-003  
 Direct RPA correlation (EcRPA)                    -8.3317234895E-001  
 HF contribution (EtotHF)                          -1.1626955159E+002  
 Singles correction (EcSingles)                    -8.6387865329E-003  
 HF contribution (EtotHF)                          -1.1626955159E+002  
 Singles correction (EcSingles)                    -8.6387865329E-003  
 Direct RPA correlation (EcRPA)                    -7.6946765169E-001  
