 Converged energy                           -193.246969256876
 Converged energy                            -40.476697926353
 Converged energy                            -76.385057649077
 Converged energy                            -76.385179203830
 Converged energy                           -116.862012206280
 Converged energy                           -152.770010375652
 Converged energy                           -116.861874979676
 HF contribution (EtotHF)                          -1.9232784101E+002  
 Singles correction (EcSingles)                    -1.2976921956E-002  
 HF contribution (EtotHF)                          -1.9232784101E+002  
 Singles correction (EcSingles)                    -1.2976921956E-002  
 Direct RPA correlation (EcRPA)                    -1.1869853110E+000  
 HF contribution (EtotHF)                          -4.0211061648E+001  
 Singles correction (EcSingles)                    -4.3007260976E-003  
 HF contribution (EtotHF)                          -4.0211061648E+001  
 Singles correction (EcSingles)                    -4.3007260976E-003  
 Direct RPA correlation (EcRPA)                    -3.5210566574E-001  
 HF contribution (EtotHF)                          -7.6059031937E+001  
 Singles correction (EcSingles)                    -4.2093823641E-003  
 HF contribution (EtotHF)                          -7.6059031937E+001  
 Singles correction (EcSingles)                    -4.2093823641E-003  
 Direct RPA correlation (EcRPA)                    -4.1657825523E-001  
 HF contribution (EtotHF)                          -7.6059278273E+001  
 Singles correction (EcSingles)                    -4.2011447740E-003  
 HF contribution (EtotHF)                          -7.6059278273E+001  
 Singles correction (EcSingles)                    -4.2011447740E-003  
 Direct RPA correlation (EcRPA)                    -4.1644883616E-001  
 HF contribution (EtotHF)                          -1.1626960004E+002  
 Singles correction (EcSingles)                    -8.6351093244E-003  
 HF contribution (EtotHF)                          -1.1626960004E+002  
 Singles correction (EcSingles)                    -8.6351093244E-003  
 Direct RPA correlation (EcRPA)                    -7.6956370582E-001  
 HF contribution (EtotHF)                          -1.5211803995E+002  
 Singles correction (EcSingles)                    -8.4180602235E-003  
 HF contribution (EtotHF)                          -1.5211803995E+002  
 Singles correction (EcSingles)                    -8.4180602235E-003  
 Direct RPA correlation (EcRPA)                    -8.3308722171E-001  
 HF contribution (EtotHF)                          -1.1626955068E+002  
 Singles correction (EcSingles)                    -8.6390452748E-003  
 HF contribution (EtotHF)                          -1.1626955068E+002  
 Singles correction (EcSingles)                    -8.6390452748E-003  
 Direct RPA correlation (EcRPA)                    -7.6947333731E-001  
