 Converged energy                           -193.247577273109
 Converged energy                            -40.476696775510
 Converged energy                            -76.385013034084
 Converged energy                            -76.384016812311
 Converged energy                           -116.861762314338
 Converged energy                           -152.770684562895
 Converged energy                           -116.860971517734
 HF contribution (EtotHF)                          -1.9232816969E+002  
 Singles correction (EcSingles)                    -1.2955109782E-002  
 HF contribution (EtotHF)                          -1.9232816969E+002  
 Singles correction (EcSingles)                    -1.2955109782E-002  
 Direct RPA correlation (EcRPA)                    -1.1873751282E+000  
 HF contribution (EtotHF)                          -4.0211061503E+001  
 Singles correction (EcSingles)                    -4.3007775019E-003  
 HF contribution (EtotHF)                          -4.0211061503E+001  
 Singles correction (EcSingles)                    -4.3007775019E-003  
 Direct RPA correlation (EcRPA)                    -3.5209795755E-001  
 HF contribution (EtotHF)                          -7.6058938955E+001  
 Singles correction (EcSingles)                    -4.2131094159E-003  
 HF contribution (EtotHF)                          -7.6058938955E+001  
 Singles correction (EcSingles)                    -4.2131094159E-003  
 Direct RPA correlation (EcRPA)                    -4.1664156881E-001  
 HF contribution (EtotHF)                          -7.6057455077E+001  
 Singles correction (EcSingles)                    -4.2455404111E-003  
 HF contribution (EtotHF)                          -7.6057455077E+001  
 Singles correction (EcSingles)                    -4.2455404111E-003  
 Direct RPA correlation (EcRPA)                    -4.1716157189E-001  
 HF contribution (EtotHF)                          -1.1626942471E+002  
 Singles correction (EcSingles)                    -8.6325015617E-003  
 HF contribution (EtotHF)                          -1.1626942471E+002  
 Singles correction (EcSingles)                    -8.6325015617E-003  
 Direct RPA correlation (EcRPA)                    -7.6955167154E-001  
 HF contribution (EtotHF)                          -1.5211806351E+002  
 Singles correction (EcSingles)                    -8.4727758276E-003  
 HF contribution (EtotHF)                          -1.5211806351E+002  
 Singles correction (EcSingles)                    -8.4727758276E-003  
 Direct RPA correlation (EcRPA)                    -8.3377870894E-001  
 HF contribution (EtotHF)                          -1.1626819427E+002  
 Singles correction (EcSingles)                    -8.6199549239E-003  
 HF contribution (EtotHF)                          -1.1626819427E+002  
 Singles correction (EcSingles)                    -8.6199549239E-003  
 Direct RPA correlation (EcRPA)                    -7.6995443481E-001  
