 Converged energy                           -193.246716472808
 Converged energy                            -40.476697738162
 Converged energy                            -76.385236949830
 Converged energy                            -76.384430320363
 Converged energy                           -116.862090129607
 Converged energy                           -152.769789720332
 Converged energy                           -116.861228143778
 HF contribution (EtotHF)                          -1.9232737176E+002  
 Singles correction (EcSingles)                    -1.2977205532E-002  
 HF contribution (EtotHF)                          -1.9232737176E+002  
 Singles correction (EcSingles)                    -1.2977205532E-002  
 Direct RPA correlation (EcRPA)                    -1.1871141606E+000  
 HF contribution (EtotHF)                          -4.0211062207E+001  
 Singles correction (EcSingles)                    -4.3007034425E-003  
 HF contribution (EtotHF)                          -4.0211062207E+001  
 Singles correction (EcSingles)                    -4.3007034425E-003  
 Direct RPA correlation (EcRPA)                    -3.5210063488E-001  
 HF contribution (EtotHF)                          -7.6059323452E+001  
 Singles correction (EcSingles)                    -4.2034749808E-003  
 HF contribution (EtotHF)                          -7.6059323452E+001  
 Singles correction (EcSingles)                    -4.2034749808E-003  
 Direct RPA correlation (EcRPA)                    -4.1651982205E-001  
 HF contribution (EtotHF)                          -7.6058130795E+001  
 Singles correction (EcSingles)                    -4.2261956061E-003  
 HF contribution (EtotHF)                          -7.6058130795E+001  
 Singles correction (EcSingles)                    -4.2261956061E-003  
 Direct RPA correlation (EcRPA)                    -4.1682878380E-001  
 HF contribution (EtotHF)                          -1.1626935593E+002  
 Singles correction (EcSingles)                    -8.7035344763E-003  
 HF contribution (EtotHF)                          -1.1626935593E+002  
 Singles correction (EcSingles)                    -8.7035344763E-003  
 Direct RPA correlation (EcRPA)                    -7.6981171245E-001  
 HF contribution (EtotHF)                          -1.5211759771E+002  
 Singles correction (EcSingles)                    -8.4269503018E-003  
 HF contribution (EtotHF)                          -1.5211759771E+002  
 Singles correction (EcSingles)                    -8.4269503018E-003  
 Direct RPA correlation (EcRPA)                    -8.3332755851E-001  
 HF contribution (EtotHF)                          -1.1626896413E+002  
 Singles correction (EcSingles)                    -8.5768848862E-003  
 HF contribution (EtotHF)                          -1.1626896413E+002  
 Singles correction (EcSingles)                    -8.5768848862E-003  
 Direct RPA correlation (EcRPA)                    -7.6941818370E-001  
