 Converged energy                           -193.245050068823
 Converged energy                            -40.476697144090
 Converged energy                            -76.383926221381
 Converged energy                            -76.384608315788
 Converged energy                           -116.860568221378
 Converged energy                           -152.768402883151
 Converged energy                           -116.861252669575
 HF contribution (EtotHF)                          -1.9232517897E+002  
 Singles correction (EcSingles)                    -1.2990771944E-002  
 HF contribution (EtotHF)                          -1.9232517897E+002  
 Singles correction (EcSingles)                    -1.2990771944E-002  
 Direct RPA correlation (EcRPA)                    -1.1878099231E+000  
 HF contribution (EtotHF)                          -4.0211061155E+001  
 Singles correction (EcSingles)                    -4.3005955830E-003  
 HF contribution (EtotHF)                          -4.0211061155E+001  
 Singles correction (EcSingles)                    -4.3005955830E-003  
 Direct RPA correlation (EcRPA)                    -3.5209983097E-001  
 HF contribution (EtotHF)                          -7.6057344739E+001  
 Singles correction (EcSingles)                    -4.2463391678E-003  
 HF contribution (EtotHF)                          -7.6057344739E+001  
 Singles correction (EcSingles)                    -4.2463391678E-003  
 Direct RPA correlation (EcRPA)                    -4.1714671254E-001  
 HF contribution (EtotHF)                          -7.6058213481E+001  
 Singles correction (EcSingles)                    -4.2342929069E-003  
 HF contribution (EtotHF)                          -7.6058213481E+001  
 Singles correction (EcSingles)                    -4.2342929069E-003  
 Direct RPA correlation (EcRPA)                    -4.1695953128E-001  
 HF contribution (EtotHF)                          -1.1626782953E+002  
 Singles correction (EcSingles)                    -8.6205819726E-003  
 HF contribution (EtotHF)                          -1.1626782953E+002  
 Singles correction (EcSingles)                    -8.6205819726E-003  
 Direct RPA correlation (EcRPA)                    -7.6993239181E-001  
 HF contribution (EtotHF)                          -1.5211541086E+002  
 Singles correction (EcSingles)                    -8.4827269915E-003  
 HF contribution (EtotHF)                          -1.5211541086E+002  
 Singles correction (EcSingles)                    -8.4827269915E-003  
 Direct RPA correlation (EcRPA)                    -8.3412930995E-001  
 HF contribution (EtotHF)                          -1.1626849673E+002  
 Singles correction (EcSingles)                    -8.6693087327E-003  
 HF contribution (EtotHF)                          -1.1626849673E+002  
 Singles correction (EcSingles)                    -8.6693087327E-003  
 Direct RPA correlation (EcRPA)                    -7.6995961245E-001  
