 Converged energy                           -193.246624828647
 Converged energy                            -40.476695077576
 Converged energy                            -76.384948478500
 Converged energy                            -76.384979114872
 Converged energy                           -116.861934470372
 Converged energy                           -152.769572494851
 Converged energy                           -116.861703033389
 HF contribution (EtotHF)                          -1.9232832904E+002  
 Singles correction (EcSingles)                    -1.2807621554E-002  
 HF contribution (EtotHF)                          -1.9232832904E+002  
 Singles correction (EcSingles)                    -1.2807621554E-002  
 Direct RPA correlation (EcRPA)                    -1.1860422335E+000  
 HF contribution (EtotHF)                          -4.0211060066E+001  
 Singles correction (EcSingles)                    -4.3002520243E-003  
 HF contribution (EtotHF)                          -4.0211060066E+001  
 Singles correction (EcSingles)                    -4.3002520243E-003  
 Direct RPA correlation (EcRPA)                    -3.5207583621E-001  
 HF contribution (EtotHF)                          -7.6059005499E+001  
 Singles correction (EcSingles)                    -4.2012615036E-003  
 HF contribution (EtotHF)                          -7.6059005499E+001  
 Singles correction (EcSingles)                    -4.2012615036E-003  
 Direct RPA correlation (EcRPA)                    -4.1644770206E-001  
 HF contribution (EtotHF)                          -7.6059063763E+001  
 Singles correction (EcSingles)                    -4.1994183129E-003  
 HF contribution (EtotHF)                          -7.6059063763E+001  
 Singles correction (EcSingles)                    -4.1994183129E-003  
 Direct RPA correlation (EcRPA)                    -4.1641320630E-001  
 HF contribution (EtotHF)                          -1.1626998399E+002  
 Singles correction (EcSingles)                    -8.5474512783E-003  
 HF contribution (EtotHF)                          -1.1626998399E+002  
 Singles correction (EcSingles)                    -8.5474512783E-003  
 Direct RPA correlation (EcRPA)                    -7.6902686199E-001  
 HF contribution (EtotHF)                          -1.5211765733E+002  
 Singles correction (EcSingles)                    -8.4082091058E-003  
 HF contribution (EtotHF)                          -1.5211765733E+002  
 Singles correction (EcSingles)                    -8.4082091058E-003  
 Direct RPA correlation (EcRPA)                    -8.3293589322E-001  
 HF contribution (EtotHF)                          -1.1626977241E+002  
 Singles correction (EcSingles)                    -8.5543786487E-003  
 HF contribution (EtotHF)                          -1.1626977241E+002  
 Singles correction (EcSingles)                    -8.5543786487E-003  
 Direct RPA correlation (EcRPA)                    -7.6902388381E-001  
