 Converged energy                           -193.245637047410
 Converged energy                            -40.476696483806
 Converged energy                            -76.383926100515
 Converged energy                            -76.385121434585
 Converged energy                           -116.860567501982
 Converged energy                           -152.769061631910
 Converged energy                           -116.861770575748
 HF contribution (EtotHF)                          -1.9232590595E+002  
 Singles correction (EcSingles)                    -1.2999980137E-002  
 HF contribution (EtotHF)                          -1.9232590595E+002  
 Singles correction (EcSingles)                    -1.2999980137E-002  
 Direct RPA correlation (EcRPA)                    -1.1876283462E+000  
 HF contribution (EtotHF)                          -4.0211060227E+001  
 Singles correction (EcSingles)                    -4.3008617911E-003  
 HF contribution (EtotHF)                          -4.0211060227E+001  
 Singles correction (EcSingles)                    -4.3008617911E-003  
 Direct RPA correlation (EcRPA)                    -3.5210832556E-001  
 HF contribution (EtotHF)                          -7.6057344586E+001  
 Singles correction (EcSingles)                    -4.2462808066E-003  
 HF contribution (EtotHF)                          -7.6057344586E+001  
 Singles correction (EcSingles)                    -4.2462808066E-003  
 Direct RPA correlation (EcRPA)                    -4.1714662251E-001  
 HF contribution (EtotHF)                          -7.6059078233E+001  
 Singles correction (EcSingles)                    -4.2119340186E-003  
 HF contribution (EtotHF)                          -7.6059078233E+001  
 Singles correction (EcSingles)                    -4.2119340186E-003  
 Direct RPA correlation (EcRPA)                    -4.1663731876E-001  
 HF contribution (EtotHF)                          -1.1626782839E+002  
 Singles correction (EcSingles)                    -8.6208195615E-003  
 HF contribution (EtotHF)                          -1.1626782839E+002  
 Singles correction (EcSingles)                    -8.6208195615E-003  
 Direct RPA correlation (EcRPA)                    -7.6994076123E-001  
 HF contribution (EtotHF)                          -1.5211644481E+002  
 Singles correction (EcSingles)                    -8.4581223612E-003  
 HF contribution (EtotHF)                          -1.5211644481E+002  
 Singles correction (EcSingles)                    -8.4581223612E-003  
 Direct RPA correlation (EcRPA)                    -8.3378885297E-001  
 HF contribution (EtotHF)                          -1.1626913742E+002  
 Singles correction (EcSingles)                    -8.6802185231E-003  
 HF contribution (EtotHF)                          -1.1626913742E+002  
 Singles correction (EcSingles)                    -8.6802185231E-003  
 Direct RPA correlation (EcRPA)                    -7.6978617713E-001  
