 Converged energy                           -193.243782809965
 Converged energy                            -40.476696858355
 Converged energy                            -76.383925963222
 Converged energy                            -76.383224797786
 Converged energy                           -116.860567635228
 Converged energy                           -152.766843863937
 Converged energy                           -116.860158604820
 HF contribution (EtotHF)                          -1.9232367181E+002  
 Singles correction (EcSingles)                    -1.2947439588E-002  
 HF contribution (EtotHF)                          -1.9232367181E+002  
 Singles correction (EcSingles)                    -1.2947439588E-002  
 Direct RPA correlation (EcRPA)                    -1.1880372474E+000  
 HF contribution (EtotHF)                          -4.0211061737E+001  
 Singles correction (EcSingles)                    -4.3004598328E-003  
 HF contribution (EtotHF)                          -4.0211061737E+001  
 Singles correction (EcSingles)                    -4.3004598328E-003  
 Direct RPA correlation (EcRPA)                    -3.5208833733E-001  
 HF contribution (EtotHF)                          -7.6057344478E+001  
 Singles correction (EcSingles)                    -4.2462545688E-003  
 HF contribution (EtotHF)                          -7.6057344478E+001  
 Singles correction (EcSingles)                    -4.2462545688E-003  
 Direct RPA correlation (EcRPA)                    -4.1714513281E-001  
 HF contribution (EtotHF)                          -7.6056256551E+001  
 Singles correction (EcSingles)                    -4.2729004834E-003  
 HF contribution (EtotHF)                          -7.6056256551E+001  
 Singles correction (EcSingles)                    -4.2729004834E-003  
 Direct RPA correlation (EcRPA)                    -4.1754569683E-001  
 HF contribution (EtotHF)                          -1.1626782987E+002  
 Singles correction (EcSingles)                    -8.6203421364E-003  
 HF contribution (EtotHF)                          -1.1626782987E+002  
 Singles correction (EcSingles)                    -8.6203421364E-003  
 Direct RPA correlation (EcRPA)                    -7.6991924296E-001  
 HF contribution (EtotHF)                          -1.5211324401E+002  
 Singles correction (EcSingles)                    -8.5256739332E-003  
 HF contribution (EtotHF)                          -1.5211324401E+002  
 Singles correction (EcSingles)                    -8.5256739332E-003  
 Direct RPA correlation (EcRPA)                    -8.3475502252E-001  
 HF contribution (EtotHF)                          -1.1626719509E+002  
 Singles correction (EcSingles)                    -8.6220261985E-003  
 HF contribution (EtotHF)                          -1.1626719509E+002  
 Singles correction (EcSingles)                    -8.6220261985E-003  
 Direct RPA correlation (EcRPA)                    -7.7014968685E-001  
