 Converged energy                           -193.245576863325
 Converged energy                            -40.476697648526
 Converged energy                            -76.384631946201
 Converged energy                            -76.385015011294
 Converged energy                           -116.861210950098
 Converged energy                           -152.769049733104
 Converged energy                           -116.861765336768
 HF contribution (EtotHF)                          -1.9232580326E+002  
 Singles correction (EcSingles)                    -1.3067695731E-002  
 HF contribution (EtotHF)                          -1.9232580326E+002  
 Singles correction (EcSingles)                    -1.3067695731E-002  
 Direct RPA correlation (EcRPA)                    -1.1878801330E+000  
 HF contribution (EtotHF)                          -4.0211061832E+001  
 Singles correction (EcSingles)                    -4.3007506620E-003  
 HF contribution (EtotHF)                          -4.0211061832E+001  
 Singles correction (EcSingles)                    -4.3007506620E-003  
 Direct RPA correlation (EcRPA)                    -3.5210312930E-001  
 HF contribution (EtotHF)                          -7.6058236579E+001  
 Singles correction (EcSingles)                    -4.2353278113E-003  
 HF contribution (EtotHF)                          -7.6058236579E+001  
 Singles correction (EcSingles)                    -4.2353278113E-003  
 Direct RPA correlation (EcRPA)                    -4.1700189050E-001  
 HF contribution (EtotHF)                          -7.6058941617E+001  
 Singles correction (EcSingles)                    -4.2137604230E-003  
 HF contribution (EtotHF)                          -7.6058941617E+001  
 Singles correction (EcSingles)                    -4.2137604230E-003  
 Direct RPA correlation (EcRPA)                    -4.1666458626E-001  
 HF contribution (EtotHF)                          -1.1626840006E+002  
 Singles correction (EcSingles)                    -8.6779974906E-003  
 HF contribution (EtotHF)                          -1.1626840006E+002  
 Singles correction (EcSingles)                    -8.6779974906E-003  
 Direct RPA correlation (EcRPA)                    -7.7004207737E-001  
 HF contribution (EtotHF)                          -1.5211623291E+002  
 Singles correction (EcSingles)                    -8.5219380747E-003  
 HF contribution (EtotHF)                          -1.5211623291E+002  
 Singles correction (EcSingles)                    -8.5219380747E-003  
 Direct RPA correlation (EcRPA)                    -8.3404228089E-001  
 HF contribution (EtotHF)                          -1.1626942783E+002  
 Singles correction (EcSingles)                    -8.6330757702E-003  
 HF contribution (EtotHF)                          -1.1626942783E+002  
 Singles correction (EcSingles)                    -8.6330757702E-003  
 Direct RPA correlation (EcRPA)                    -7.6958033530E-001  
