 Converged energy                           -193.246530724920
 Converged energy                            -40.476696471542
 Converged energy                            -76.384948560287
 Converged energy                            -76.384203383661
 Converged energy                           -116.861935874372
 Converged energy                           -152.769254882596
 Converged energy                           -116.861249660159
 HF contribution (EtotHF)                          -1.9232776241E+002  
 Singles correction (EcSingles)                    -1.2829951734E-002  
 HF contribution (EtotHF)                          -1.9232776241E+002  
 Singles correction (EcSingles)                    -1.2829951734E-002  
 Direct RPA correlation (EcRPA)                    -1.1865221361E+000  
 HF contribution (EtotHF)                          -4.0211062006E+001  
 Singles correction (EcSingles)                    -4.3002241107E-003  
 HF contribution (EtotHF)                          -4.0211062006E+001  
 Singles correction (EcSingles)                    -4.3002241107E-003  
 Direct RPA correlation (EcRPA)                    -3.5207273429E-001  
 HF contribution (EtotHF)                          -7.6059005533E+001  
 Singles correction (EcSingles)                    -4.2012760632E-003  
 HF contribution (EtotHF)                          -7.6059005533E+001  
 Singles correction (EcSingles)                    -4.2012760632E-003  
 Direct RPA correlation (EcRPA)                    -4.1644809642E-001  
 HF contribution (EtotHF)                          -7.6057777535E+001  
 Singles correction (EcSingles)                    -4.2348642090E-003  
 HF contribution (EtotHF)                          -7.6057777535E+001  
 Singles correction (EcSingles)                    -4.2348642090E-003  
 Direct RPA correlation (EcRPA)                    -4.1696292421E-001  
 HF contribution (EtotHF)                          -1.1626998600E+002  
 Singles correction (EcSingles)                    -8.5474268467E-003  
 HF contribution (EtotHF)                          -1.1626998600E+002  
 Singles correction (EcSingles)                    -8.5474268467E-003  
 Direct RPA correlation (EcRPA)                    -7.6902415984E-001  
 HF contribution (EtotHF)                          -1.5211689163E+002  
 Singles correction (EcSingles)                    -8.4355173116E-003  
 HF contribution (EtotHF)                          -1.5211689163E+002  
 Singles correction (EcSingles)                    -8.4355173116E-003  
 Direct RPA correlation (EcRPA)                    -8.3340893346E-001  
 HF contribution (EtotHF)                          -1.1626880535E+002  
 Singles correction (EcSingles)                    -8.5812180727E-003  
 HF contribution (EtotHF)                          -1.1626880535E+002  
 Singles correction (EcSingles)                    -8.5812180727E-003  
 Direct RPA correlation (EcRPA)                    -7.6955562444E-001  
