 Converged energy                           -269.607597610167
 Converged energy                            -76.380258645481
 Converged energy                            -76.380370049126
 Converged energy                            -76.380093611891
 Converged energy                           -152.759160811455
 Converged energy                           -152.766697933563
 Converged energy                           -152.759971533226
 Converged energy                            -40.461932107373
 Converged energy                           -116.842327301648
 Converged energy                           -116.842844673658
 Converged energy                           -116.842524713334
 Converged energy                           -229.144728935159
 Converged energy                           -193.221654519935
 Converged energy                           -193.222532148555
 Converged energy                           -193.229534870693
 HF contribution (EtotHF)                          -2.6834664603E+002  
 Singles correction (EcSingles)                    -3.5375791637E-002  
 HF contribution (EtotHF)                          -2.6834664603E+002  
 Singles correction (EcSingles)                    -3.5375791637E-002  
 Direct RPA correlation (EcRPA)                    -1.6247401687E+000  
 HF contribution (EtotHF)                          -7.6049149453E+001  
 Singles correction (EcSingles)                    -8.4262477977E-003  
 HF contribution (EtotHF)                          -7.6049149453E+001  
 Singles correction (EcSingles)                    -8.4262477977E-003  
 Direct RPA correlation (EcRPA)                    -4.1759135389E-001  
 HF contribution (EtotHF)                          -7.6049259278E+001  
 Singles correction (EcSingles)                    -8.4431754731E-003  
 HF contribution (EtotHF)                          -7.6049259278E+001  
 Singles correction (EcSingles)                    -8.4431754731E-003  
 Direct RPA correlation (EcRPA)                    -4.1848642866E-001  
 HF contribution (EtotHF)                          -7.6048398162E+001  
 Singles correction (EcSingles)                    -8.4867930492E-003  
 HF contribution (EtotHF)                          -7.6048398162E+001  
 Singles correction (EcSingles)                    -8.4867930492E-003  
 Direct RPA correlation (EcRPA)                    -4.1874310309E-001  
 HF contribution (EtotHF)                          -1.5209588045E+002  
 Singles correction (EcSingles)                    -1.7148821417E-002  
 HF contribution (EtotHF)                          -1.5209588045E+002  
 Singles correction (EcSingles)                    -1.7148821417E-002  
 Direct RPA correlation (EcRPA)                    -8.3697033358E-001  
 HF contribution (EtotHF)                          -1.5209834025E+002  
 Singles correction (EcSingles)                    -1.8341978211E-002  
 HF contribution (EtotHF)                          -1.5209834025E+002  
 Singles correction (EcSingles)                    -1.8341978211E-002  
 Direct RPA correlation (EcRPA)                    -8.4012790688E-001  
 HF contribution (EtotHF)                          -1.5209703401E+002  
 Singles correction (EcSingles)                    -1.6943829507E-002  
 HF contribution (EtotHF)                          -1.5209703401E+002  
 Singles correction (EcSingles)                    -1.6943829507E-002  
 Direct RPA correlation (EcRPA)                    -8.3647663065E-001  
 HF contribution (EtotHF)                          -4.0204649471E+001  
 Singles correction (EcSingles)                    -7.4945365659E-003  
 HF contribution (EtotHF)                          -4.0204649471E+001  
 Singles correction (EcSingles)                    -7.4945365659E-003  
 Direct RPA correlation (EcRPA)                    -3.6285394909E-001  
 HF contribution (EtotHF)                          -1.1625279386E+002  
 Singles correction (EcSingles)                    -1.6222412347E-002  
 HF contribution (EtotHF)                          -1.1625279386E+002  
 Singles correction (EcSingles)                    -1.6222412347E-002  
 Direct RPA correlation (EcRPA)                    -7.8150997920E-001  
 HF contribution (EtotHF)                          -1.1625345854E+002  
 Singles correction (EcSingles)                    -1.6194620112E-002  
 HF contribution (EtotHF)                          -1.1625345854E+002  
 Singles correction (EcSingles)                    -1.6194620112E-002  
 Direct RPA correlation (EcRPA)                    -7.8226005234E-001  
 HF contribution (EtotHF)                          -1.1625194356E+002  
 Singles correction (EcSingles)                    -1.6404566882E-002  
 HF contribution (EtotHF)                          -1.1625194356E+002  
 Singles correction (EcSingles)                    -1.6404566882E-002  
 Direct RPA correlation (EcRPA)                    -7.8291952357E-001  
 HF contribution (EtotHF)                          -2.2814415248E+002  
 Singles correction (EcSingles)                    -2.7049059038E-002  
 HF contribution (EtotHF)                          -2.2814415248E+002  
 Singles correction (EcSingles)                    -2.7049059038E-002  
 Direct RPA correlation (EcRPA)                    -1.2587345825E+000  
 HF contribution (EtotHF)                          -1.9229913094E+002  
 Singles correction (EcSingles)                    -2.5150972794E-002  
 HF contribution (EtotHF)                          -1.9229913094E+002  
 Singles correction (EcSingles)                    -2.5150972794E-002  
 Direct RPA correlation (EcRPA)                    -1.2017730064E+000  
 HF contribution (EtotHF)                          -1.9229957670E+002  
 Singles correction (EcSingles)                    -2.5158296659E-002  
 HF contribution (EtotHF)                          -1.9229957670E+002  
 Singles correction (EcSingles)                    -2.5158296659E-002  
 Direct RPA correlation (EcRPA)                    -1.2017178444E+000  
 HF contribution (EtotHF)                          -1.9230178671E+002  
 Singles correction (EcSingles)                    -2.6412940559E-002  
 HF contribution (EtotHF)                          -1.9230178671E+002  
 Singles correction (EcSingles)                    -2.6412940559E-002  
 Direct RPA correlation (EcRPA)                    -1.2050980886E+000  
