 Converged energy                           -269.603491206608
 Converged energy                            -76.380252416186
 Converged energy                            -76.380190586008
 Converged energy                            -76.380060554621
 Converged energy                           -152.760066912904
 Converged energy                           -152.761360122851
 Converged energy                           -152.759932480403
 Converged energy                            -40.461933583309
 Converged energy                           -116.842322155514
 Converged energy                           -116.842304715353
 Converged energy                           -116.842492048954
 Converged energy                           -229.140874091727
 Converged energy                           -193.222348385513
 Converged energy                           -193.222492962843
 Converged energy                           -193.223821759766
 HF contribution (EtotHF)                          -2.6834799369E+002  
 Singles correction (EcSingles)                    -3.3949287191E-002  
 HF contribution (EtotHF)                          -2.6834799369E+002  
 Singles correction (EcSingles)                    -3.3949287191E-002  
 Direct RPA correlation (EcRPA)                    -1.6201162303E+000  
 HF contribution (EtotHF)                          -7.6049141777E+001  
 Singles correction (EcSingles)                    -8.4249489337E-003  
 HF contribution (EtotHF)                          -7.6049141777E+001  
 Singles correction (EcSingles)                    -8.4249489337E-003  
 Direct RPA correlation (EcRPA)                    -4.1751763343E-001  
 HF contribution (EtotHF)                          -7.6048806605E+001  
 Singles correction (EcSingles)                    -8.4489699830E-003  
 HF contribution (EtotHF)                          -7.6048806605E+001  
 Singles correction (EcSingles)                    -8.4489699830E-003  
 Direct RPA correlation (EcRPA)                    -4.1779235591E-001  
 HF contribution (EtotHF)                          -7.6048362335E+001  
 Singles correction (EcSingles)                    -8.4788614308E-003  
 HF contribution (EtotHF)                          -7.6048362335E+001  
 Singles correction (EcSingles)                    -8.4788614308E-003  
 Direct RPA correlation (EcRPA)                    -4.1822036148E-001  
 HF contribution (EtotHF)                          -1.5209744405E+002  
 Singles correction (EcSingles)                    -1.6903749852E-002  
 HF contribution (EtotHF)                          -1.5209744405E+002  
 Singles correction (EcSingles)                    -1.6903749852E-002  
 Direct RPA correlation (EcRPA)                    -8.3544690145E-001  
 HF contribution (EtotHF)                          -1.5209795302E+002  
 Singles correction (EcSingles)                    -1.7061113863E-002  
 HF contribution (EtotHF)                          -1.5209795302E+002  
 Singles correction (EcSingles)                    -1.7061113863E-002  
 Direct RPA correlation (EcRPA)                    -8.3618820019E-001  
 HF contribution (EtotHF)                          -1.5209699052E+002  
 Singles correction (EcSingles)                    -1.6934607004E-002  
 HF contribution (EtotHF)                          -1.5209699052E+002  
 Singles correction (EcSingles)                    -1.6934607004E-002  
 Direct RPA correlation (EcRPA)                    -8.3588000845E-001  
 HF contribution (EtotHF)                          -4.0204648919E+001  
 Singles correction (EcSingles)                    -7.4953454673E-003  
 HF contribution (EtotHF)                          -4.0204648919E+001  
 Singles correction (EcSingles)                    -7.4953454673E-003  
 Direct RPA correlation (EcRPA)                    -3.6286022261E-001  
 HF contribution (EtotHF)                          -1.1625278563E+002  
 Singles correction (EcSingles)                    -1.6221987751E-002  
 HF contribution (EtotHF)                          -1.1625278563E+002  
 Singles correction (EcSingles)                    -1.6221987751E-002  
 Direct RPA correlation (EcRPA)                    -7.8144177280E-001  
 HF contribution (EtotHF)                          -1.1625269443E+002  
 Singles correction (EcSingles)                    -1.6203295611E-002  
 HF contribution (EtotHF)                          -1.1625269443E+002  
 Singles correction (EcSingles)                    -1.6203295611E-002  
 Direct RPA correlation (EcRPA)                    -7.8160150614E-001  
 HF contribution (EtotHF)                          -1.1625190630E+002  
 Singles correction (EcSingles)                    -1.6397685235E-002  
 HF contribution (EtotHF)                          -1.1625190630E+002  
 Singles correction (EcSingles)                    -1.6397685235E-002  
 Direct RPA correlation (EcRPA)                    -7.8240108448E-001  
 HF contribution (EtotHF)                          -2.2814609755E+002  
 Singles correction (EcSingles)                    -2.5546201922E-002  
 HF contribution (EtotHF)                          -2.2814609755E+002  
 Singles correction (EcSingles)                    -2.5546201922E-002  
 Direct RPA correlation (EcRPA)                    -1.2539822028E+000  
 HF contribution (EtotHF)                          -1.9230037663E+002  
 Singles correction (EcSingles)                    -2.4952604102E-002  
 HF contribution (EtotHF)                          -1.9230037663E+002  
 Singles correction (EcSingles)                    -2.4952604102E-002  
 Direct RPA correlation (EcRPA)                    -1.2003113585E+000  
 HF contribution (EtotHF)                          -1.9229953181E+002  
 Singles correction (EcSingles)                    -2.5150167847E-002  
 HF contribution (EtotHF)                          -1.9229953181E+002  
 Singles correction (EcSingles)                    -2.5150167847E-002  
 Direct RPA correlation (EcRPA)                    -1.2011246824E+000  
 HF contribution (EtotHF)                          -1.9230080675E+002  
 Singles correction (EcSingles)                    -2.5174531938E-002  
 HF contribution (EtotHF)                          -1.9230080675E+002  
 Singles correction (EcSingles)                    -2.5174531938E-002  
 Direct RPA correlation (EcRPA)                    -1.2012668290E+000  
