 Converged energy                           -269.603240244077
 Converged energy                            -76.379459526071
 Converged energy                            -76.380299577609
 Converged energy                            -76.378886679318
 Converged energy                           -152.761421568869
 Converged energy                           -152.759197515373
 Converged energy                           -152.758245822450
 Converged energy                            -40.461933600929
 Converged energy                           -116.841768266890
 Converged energy                           -116.842775517828
 Converged energy                           -116.841078407942
 Converged energy                           -229.140214348524
 Converged energy                           -193.224181402807
 Converged energy                           -193.220823449611
 Converged energy                           -193.221929159118
 HF contribution (EtotHF)                          -2.6834771138E+002  
 Singles correction (EcSingles)                    -3.3545159420E-002  
 HF contribution (EtotHF)                          -2.6834771138E+002  
 Singles correction (EcSingles)                    -3.3545159420E-002  
 Direct RPA correlation (EcRPA)                    -1.6199496210E+000  
 HF contribution (EtotHF)                          -7.6047299294E+001  
 Singles correction (EcSingles)                    -8.5175516350E-003  
 HF contribution (EtotHF)                          -7.6047299294E+001  
 Singles correction (EcSingles)                    -8.5175516350E-003  
 Direct RPA correlation (EcRPA)                    -4.1849693484E-001  
 HF contribution (EtotHF)                          -7.6049180758E+001  
 Singles correction (EcSingles)                    -8.4274688657E-003  
 HF contribution (EtotHF)                          -7.6049180758E+001  
 Singles correction (EcSingles)                    -8.4274688657E-003  
 Direct RPA correlation (EcRPA)                    -4.1756569209E-001  
 HF contribution (EtotHF)                          -7.6046068995E+001  
 Singles correction (EcSingles)                    -8.5740859717E-003  
 HF contribution (EtotHF)                          -7.6046068995E+001  
 Singles correction (EcSingles)                    -8.5740859717E-003  
 Direct RPA correlation (EcRPA)                    -4.1900696371E-001  
 HF contribution (EtotHF)                          -1.5209828224E+002  
 Singles correction (EcSingles)                    -1.6954639422E-002  
 HF contribution (EtotHF)                          -1.5209828224E+002  
 Singles correction (EcSingles)                    -1.6954639422E-002  
 Direct RPA correlation (EcRPA)                    -8.3585495600E-001  
 HF contribution (EtotHF)                          -1.5209526094E+002  
 Singles correction (EcSingles)                    -1.7003810813E-002  
 HF contribution (EtotHF)                          -1.5209526094E+002  
 Singles correction (EcSingles)                    -1.7003810813E-002  
 Direct RPA correlation (EcRPA)                    -8.3658041738E-001  
 HF contribution (EtotHF)                          -1.5209323839E+002  
 Singles correction (EcSingles)                    -1.7096662029E-002  
 HF contribution (EtotHF)                          -1.5209323839E+002  
 Singles correction (EcSingles)                    -1.7096662029E-002  
 Direct RPA correlation (EcRPA)                    -8.3753817876E-001  
 HF contribution (EtotHF)                          -4.0204648751E+001  
 Singles correction (EcSingles)                    -7.4949715148E-003  
 HF contribution (EtotHF)                          -4.0204648751E+001  
 Singles correction (EcSingles)                    -7.4949715148E-003  
 Direct RPA correlation (EcRPA)                    -3.6278417074E-001  
 HF contribution (EtotHF)                          -1.1625149252E+002  
 Singles correction (EcSingles)                    -1.6184700578E-002  
 HF contribution (EtotHF)                          -1.1625149252E+002  
 Singles correction (EcSingles)                    -1.6184700578E-002  
 Direct RPA correlation (EcRPA)                    -7.8207255955E-001  
 HF contribution (EtotHF)                          -1.1625337913E+002  
 Singles correction (EcSingles)                    -1.6180179509E-002  
 HF contribution (EtotHF)                          -1.1625337913E+002  
 Singles correction (EcSingles)                    -1.6180179509E-002  
 Direct RPA correlation (EcRPA)                    -7.8125820321E-001  
 HF contribution (EtotHF)                          -1.1625045235E+002  
 Singles correction (EcSingles)                    -1.6183140817E-002  
 HF contribution (EtotHF)                          -1.1625045235E+002  
 Singles correction (EcSingles)                    -1.6183140817E-002  
 Direct RPA correlation (EcRPA)                    -7.8235562477E-001  
 HF contribution (EtotHF)                          -2.2814422705E+002  
 Singles correction (EcSingles)                    -2.5536164794E-002  
 HF contribution (EtotHF)                          -2.2814422705E+002  
 Singles correction (EcSingles)                    -2.5536164794E-002  
 Direct RPA correlation (EcRPA)                    -1.2549047636E+000  
 HF contribution (EtotHF)                          -1.9230201583E+002  
 Singles correction (EcSingles)                    -2.4853640087E-002  
 HF contribution (EtotHF)                          -1.9230201583E+002  
 Singles correction (EcSingles)                    -2.4853640087E-002  
 Direct RPA correlation (EcRPA)                    -1.2003363372E+000  
 HF contribution (EtotHF)                          -1.9229716687E+002  
 Singles correction (EcSingles)                    -2.4880482126E-002  
 HF contribution (EtotHF)                          -1.9229716687E+002  
 Singles correction (EcSingles)                    -2.4880482126E-002  
 Direct RPA correlation (EcRPA)                    -1.2016864042E+000  
 HF contribution (EtotHF)                          -1.9229920912E+002  
 Singles correction (EcSingles)                    -2.4864213245E-002  
 HF contribution (EtotHF)                          -1.9229920912E+002  
 Singles correction (EcSingles)                    -2.4864213245E-002  
 Direct RPA correlation (EcRPA)                    -1.2008285497E+000  
