 Converged energy                           -269.604217894326
 Converged energy                            -76.379459326322
 Converged energy                            -76.380300389974
 Converged energy                            -76.379986538484
 Converged energy                           -152.761422096345
 Converged energy                           -152.760329985705
 Converged energy                           -152.759411277116
 Converged energy                            -40.461931143243
 Converged energy                           -116.841765580536
 Converged energy                           -116.842773868084
 Converged energy                           -116.841944629153
 Converged energy                           -229.141417805264
 Converged energy                           -193.224179407693
 Converged energy                           -193.221767179224
 Converged energy                           -193.222824041836
 HF contribution (EtotHF)                          -2.6834899763E+002  
 Singles correction (EcSingles)                    -3.3657707621E-002  
 HF contribution (EtotHF)                          -2.6834899763E+002  
 Singles correction (EcSingles)                    -3.3657707621E-002  
 Direct RPA correlation (EcRPA)                    -1.6197459196E+000  
 HF contribution (EtotHF)                          -7.6047299086E+001  
 Singles correction (EcSingles)                    -8.5176510316E-003  
 HF contribution (EtotHF)                          -7.6047299086E+001  
 Singles correction (EcSingles)                    -8.5176510316E-003  
 Direct RPA correlation (EcRPA)                    -4.1849751723E-001  
 HF contribution (EtotHF)                          -7.6049181970E+001  
 Singles correction (EcSingles)                    -8.4275026229E-003  
 HF contribution (EtotHF)                          -7.6049181970E+001  
 Singles correction (EcSingles)                    -8.4275026229E-003  
 Direct RPA correlation (EcRPA)                    -4.1757422814E-001  
 HF contribution (EtotHF)                          -7.6048087410E+001  
 Singles correction (EcSingles)                    -8.4921678623E-003  
 HF contribution (EtotHF)                          -7.6048087410E+001  
 Singles correction (EcSingles)                    -8.4921678623E-003  
 Direct RPA correlation (EcRPA)                    -4.1822637849E-001  
 HF contribution (EtotHF)                          -1.5209828315E+002  
 Singles correction (EcSingles)                    -1.6954748980E-002  
 HF contribution (EtotHF)                          -1.5209828315E+002  
 Singles correction (EcSingles)                    -1.6954748980E-002  
 Direct RPA correlation (EcRPA)                    -8.3586411829E-001  
 HF contribution (EtotHF)                          -1.5209728395E+002  
 Singles correction (EcSingles)                    -1.6931693812E-002  
 HF contribution (EtotHF)                          -1.5209728395E+002  
 Singles correction (EcSingles)                    -1.6931693812E-002  
 Direct RPA correlation (EcRPA)                    -8.3583214096E-001  
 HF contribution (EtotHF)                          -1.5209535250E+002  
 Singles correction (EcSingles)                    -1.7009813616E-002  
 HF contribution (EtotHF)                          -1.5209535250E+002  
 Singles correction (EcSingles)                    -1.7009813616E-002  
 Direct RPA correlation (EcRPA)                    -8.3673184081E-001  
 HF contribution (EtotHF)                          -4.0204649908E+001  
 Singles correction (EcSingles)                    -7.4929265628E-003  
 HF contribution (EtotHF)                          -4.0204649908E+001  
 Singles correction (EcSingles)                    -7.4929265628E-003  
 Direct RPA correlation (EcRPA)                    -3.6282778735E-001  
 HF contribution (EtotHF)                          -1.1625149350E+002  
 Singles correction (EcSingles)                    -1.6182714116E-002  
 HF contribution (EtotHF)                          -1.1625149350E+002  
 Singles correction (EcSingles)                    -1.6182714116E-002  
 Direct RPA correlation (EcRPA)                    -7.8211693480E-001  
 HF contribution (EtotHF)                          -1.1625338167E+002  
 Singles correction (EcSingles)                    -1.6177995857E-002  
 HF contribution (EtotHF)                          -1.1625338167E+002  
 Singles correction (EcSingles)                    -1.6177995857E-002  
 Direct RPA correlation (EcRPA)                    -7.8131099256E-001  
 HF contribution (EtotHF)                          -1.1625161740E+002  
 Singles correction (EcSingles)                    -1.6294550301E-002  
 HF contribution (EtotHF)                          -1.1625161740E+002  
 Singles correction (EcSingles)                    -1.6294550301E-002  
 Direct RPA correlation (EcRPA)                    -7.8214395783E-001  
 HF contribution (EtotHF)                          -2.2814635001E+002  
 Singles correction (EcSingles)                    -2.5459483511E-002  
 HF contribution (EtotHF)                          -2.2814635001E+002  
 Singles correction (EcSingles)                    -2.5459483511E-002  
 Direct RPA correlation (EcRPA)                    -1.2541309871E+000  
 HF contribution (EtotHF)                          -1.9230201807E+002  
 Singles correction (EcSingles)                    -2.4851468305E-002  
 HF contribution (EtotHF)                          -1.9230201807E+002  
 Singles correction (EcSingles)                    -2.4851468305E-002  
 Direct RPA correlation (EcRPA)                    -1.2003899911E+000  
 HF contribution (EtotHF)                          -1.9229844407E+002  
 Singles correction (EcSingles)                    -2.4985716534E-002  
 HF contribution (EtotHF)                          -1.9229844407E+002  
 Singles correction (EcSingles)                    -2.4985716534E-002  
 Direct RPA correlation (EcRPA)                    -1.2014447873E+000  
 HF contribution (EtotHF)                          -1.9230037907E+002  
 Singles correction (EcSingles)                    -2.4982598156E-002  
 HF contribution (EtotHF)                          -1.9230037907E+002  
 Singles correction (EcSingles)                    -2.4982598156E-002  
 Direct RPA correlation (EcRPA)                    -1.2006546082E+000  
