 Converged energy                           -269.608777077645
 Converged energy                            -76.379508635541
 Converged energy                            -76.380192283268
 Converged energy                            -76.379381792100
 Converged energy                           -152.766006531485
 Converged energy                           -152.759944168945
 Converged energy                           -152.758991937803
 Converged energy                            -40.461932029251
 Converged energy                           -116.841816797380
 Converged energy                           -116.842687989985
 Converged energy                           -116.841396197108
 Converged energy                           -229.146013628366
 Converged energy                           -193.228809490847
 Converged energy                           -193.221331950255
 Converged energy                           -193.222477673732
 HF contribution (EtotHF)                          -2.6834711601E+002  
 Singles correction (EcSingles)                    -3.5032139143E-002  
 HF contribution (EtotHF)                          -2.6834711601E+002  
 Singles correction (EcSingles)                    -3.5032139143E-002  
 Direct RPA correlation (EcRPA)                    -1.6246736980E+000  
 HF contribution (EtotHF)                          -7.6047350637E+001  
 Singles correction (EcSingles)                    -8.5279270077E-003  
 HF contribution (EtotHF)                          -7.6047350637E+001  
 Singles correction (EcSingles)                    -8.5279270077E-003  
 Direct RPA correlation (EcRPA)                    -4.1918741083E-001  
 HF contribution (EtotHF)                          -7.6048768249E+001  
 Singles correction (EcSingles)                    -8.4699953401E-003  
 HF contribution (EtotHF)                          -7.6048768249E+001  
 Singles correction (EcSingles)                    -8.4699953401E-003  
 Direct RPA correlation (EcRPA)                    -4.1885986962E-001  
 HF contribution (EtotHF)                          -7.6047182824E+001  
 Singles correction (EcSingles)                    -8.5199224887E-003  
 HF contribution (EtotHF)                          -7.6047182824E+001  
 Singles correction (EcSingles)                    -8.5199224887E-003  
 Direct RPA correlation (EcRPA)                    -4.1846531077E-001  
 HF contribution (EtotHF)                          -1.5209602320E+002  
 Singles correction (EcSingles)                    -1.8506790557E-002  
 HF contribution (EtotHF)                          -1.5209602320E+002  
 Singles correction (EcSingles)                    -1.8506790557E-002  
 Direct RPA correlation (EcRPA)                    -8.4097854136E-001  
 HF contribution (EtotHF)                          -1.5209640470E+002  
 Singles correction (EcSingles)                    -1.6978348870E-002  
 HF contribution (EtotHF)                          -1.5209640470E+002  
 Singles correction (EcSingles)                    -1.6978348870E-002  
 Direct RPA correlation (EcRPA)                    -8.3724694985E-001  
 HF contribution (EtotHF)                          -1.5209464980E+002  
 Singles correction (EcSingles)                    -1.7046861896E-002  
 HF contribution (EtotHF)                          -1.5209464980E+002  
 Singles correction (EcSingles)                    -1.7046861896E-002  
 Direct RPA correlation (EcRPA)                    -8.3764375286E-001  
 HF contribution (EtotHF)                          -4.0204650475E+001  
 Singles correction (EcSingles)                    -7.4925345805E-003  
 HF contribution (EtotHF)                          -4.0204650475E+001  
 Singles correction (EcSingles)                    -7.4925345805E-003  
 Direct RPA correlation (EcRPA)                    -3.6282265668E-001  
 HF contribution (EtotHF)                          -1.1625154614E+002  
 Singles correction (EcSingles)                    -1.6192318889E-002  
 HF contribution (EtotHF)                          -1.1625154614E+002  
 Singles correction (EcSingles)                    -1.6192318889E-002  
 Direct RPA correlation (EcRPA)                    -7.8280410876E-001  
 HF contribution (EtotHF)                          -1.1625278378E+002  
 Singles correction (EcSingles)                    -1.6271406456E-002  
 HF contribution (EtotHF)                          -1.1625278378E+002  
 Singles correction (EcSingles)                    -1.6271406456E-002  
 Direct RPA correlation (EcRPA)                    -7.8276290911E-001  
 HF contribution (EtotHF)                          -1.1625113012E+002  
 Singles correction (EcSingles)                    -1.6180891958E-002  
 HF contribution (EtotHF)                          -1.1625113012E+002  
 Singles correction (EcSingles)                    -1.6180891958E-002  
 Direct RPA correlation (EcRPA)                    -7.8208575540E-001  
 HF contribution (EtotHF)                          -2.2814393822E+002  
 Singles correction (EcSingles)                    -2.7012513608E-002  
 HF contribution (EtotHF)                          -2.2814393822E+002  
 Singles correction (EcSingles)                    -2.7012513608E-002  
 Direct RPA correlation (EcRPA)                    -1.2593412464E+000  
 HF contribution (EtotHF)                          -1.9230001819E+002  
 Singles correction (EcSingles)                    -2.6362601519E-002  
 HF contribution (EtotHF)                          -1.9230001819E+002  
 Singles correction (EcSingles)                    -2.6362601519E-002  
 Direct RPA correlation (EcRPA)                    -1.2055008990E+000  
 HF contribution (EtotHF)                          -1.9229809220E+002  
 Singles correction (EcSingles)                    -2.4878733252E-002  
 HF contribution (EtotHF)                          -1.9229809220E+002  
 Singles correction (EcSingles)                    -2.4878733252E-002  
 Direct RPA correlation (EcRPA)                    -1.2020648081E+000  
 HF contribution (EtotHF)                          -1.9229967675E+002  
 Singles correction (EcSingles)                    -2.4944781898E-002  
 HF contribution (EtotHF)                          -1.9229967675E+002  
 Singles correction (EcSingles)                    -2.4944781898E-002  
 Direct RPA correlation (EcRPA)                    -1.2019551804E+000  
