 Converged energy                           -269.602138346897
 Converged energy                            -76.379457760495
 Converged energy                            -76.380276030836
 Converged energy                            -76.380058585086
 Converged energy                           -152.759424358085
 Converged energy                           -152.759861569627
 Converged energy                           -152.759876332371
 Converged energy                            -40.461938285315
 Converged energy                           -116.841771343637
 Converged energy                           -116.842325702444
 Converged energy                           -116.842495279772
 Converged energy                           -229.139371727849
 Converged energy                           -193.221899651618
 Converged energy                           -193.222645441875
 Converged energy                           -193.222242649350
 HF contribution (EtotHF)                          -2.6834546642E+002  
 Singles correction (EcSingles)                    -3.4020714988E-002  
 HF contribution (EtotHF)                          -2.6834546642E+002  
 Singles correction (EcSingles)                    -3.4020714988E-002  
 Direct RPA correlation (EcRPA)                    -1.6212305175E+000  
 HF contribution (EtotHF)                          -7.6047296603E+001  
 Singles correction (EcSingles)                    -8.5175659517E-003  
 HF contribution (EtotHF)                          -7.6047296603E+001  
 Singles correction (EcSingles)                    -8.5175659517E-003  
 Direct RPA correlation (EcRPA)                    -4.1847711667E-001  
 HF contribution (EtotHF)                          -7.6048954140E+001  
 Singles correction (EcSingles)                    -8.4469748361E-003  
 HF contribution (EtotHF)                          -7.6048954140E+001  
 Singles correction (EcSingles)                    -8.4469748361E-003  
 Direct RPA correlation (EcRPA)                    -4.1787150423E-001  
 HF contribution (EtotHF)                          -7.6048360789E+001  
 Singles correction (EcSingles)                    -8.4787129699E-003  
 HF contribution (EtotHF)                          -7.6048360789E+001  
 Singles correction (EcSingles)                    -8.4787129699E-003  
 Direct RPA correlation (EcRPA)                    -4.1823469830E-001  
 HF contribution (EtotHF)                          -1.5209586521E+002  
 Singles correction (EcSingles)                    -1.6979474396E-002  
 HF contribution (EtotHF)                          -1.5209586521E+002  
 Singles correction (EcSingles)                    -1.6979474396E-002  
 Direct RPA correlation (EcRPA)                    -8.3643656722E-001  
 HF contribution (EtotHF)                          -1.5209622082E+002  
 Singles correction (EcSingles)                    -1.7106811514E-002  
 HF contribution (EtotHF)                          -1.5209622082E+002  
 Singles correction (EcSingles)                    -1.7106811514E-002  
 Direct RPA correlation (EcRPA)                    -8.3659455359E-001  
 HF contribution (EtotHF)                          -1.5209609770E+002  
 Singles correction (EcSingles)                    -1.6984823494E-002  
 HF contribution (EtotHF)                          -1.5209609770E+002  
 Singles correction (EcSingles)                    -1.6984823494E-002  
 Direct RPA correlation (EcRPA)                    -8.3663662276E-001  
 HF contribution (EtotHF)                          -4.0204651275E+001  
 Singles correction (EcSingles)                    -7.4963424172E-003  
 HF contribution (EtotHF)                          -4.0204651275E+001  
 Singles correction (EcSingles)                    -7.4963424172E-003  
 Direct RPA correlation (EcRPA)                    -3.6287754360E-001  
 HF contribution (EtotHF)                          -1.1625149277E+002  
 Singles correction (EcSingles)                    -1.6185939967E-002  
 HF contribution (EtotHF)                          -1.1625149277E+002  
 Singles correction (EcSingles)                    -1.6185939967E-002  
 Direct RPA correlation (EcRPA)                    -7.8214531886E-001  
 HF contribution (EtotHF)                          -1.1625233843E+002  
 Singles correction (EcSingles)                    -1.6312907339E-002  
 HF contribution (EtotHF)                          -1.1625233843E+002  
 Singles correction (EcSingles)                    -1.6312907339E-002  
 Direct RPA correlation (EcRPA)                    -7.8195821869E-001  
 HF contribution (EtotHF)                          -1.1625190723E+002  
 Singles correction (EcSingles)                    -1.6398616000E-002  
 HF contribution (EtotHF)                          -1.1625190723E+002  
 Singles correction (EcSingles)                    -1.6398616000E-002  
 Direct RPA correlation (EcRPA)                    -7.8243183341E-001  
 HF contribution (EtotHF)                          -2.2814357791E+002  
 Singles correction (EcSingles)                    -2.5626367930E-002  
 HF contribution (EtotHF)                          -2.2814357791E+002  
 Singles correction (EcSingles)                    -2.5626367930E-002  
 Direct RPA correlation (EcRPA)                    -1.2550826665E+000  
 HF contribution (EtotHF)                          -1.9229887226E+002  
 Singles correction (EcSingles)                    -2.5008574202E-002  
 HF contribution (EtotHF)                          -1.9229887226E+002  
 Singles correction (EcSingles)                    -2.5008574202E-002  
 Direct RPA correlation (EcRPA)                    -1.2012950174E+000  
 HF contribution (EtotHF)                          -1.9229915256E+002  
 Singles correction (EcSingles)                    -2.5073296362E-002  
 HF contribution (EtotHF)                          -1.9229915256E+002  
 Singles correction (EcSingles)                    -2.5073296362E-002  
 Direct RPA correlation (EcRPA)                    -1.2016305167E+000  
 HF contribution (EtotHF)                          -1.9229852492E+002  
 Singles correction (EcSingles)                    -2.5339779020E-002  
 HF contribution (EtotHF)                          -1.9229852492E+002  
 Singles correction (EcSingles)                    -2.5339779020E-002  
 Direct RPA correlation (EcRPA)                    -1.2019631039E+000  
