 Converged energy                           -269.602218684511
 Converged energy                            -76.379457257612
 Converged energy                            -76.380267501055
 Converged energy                            -76.379986562182
 Converged energy                           -152.759415433541
 Converged energy                           -152.760629812894
 Converged energy                           -152.759409207819
 Converged energy                            -40.461932437195
 Converged energy                           -116.841764923828
 Converged energy                           -116.842311404227
 Converged energy                           -116.841945907777
 Converged energy                           -229.139739713402
 Converged energy                           -193.221884878470
 Converged energy                           -193.221766481226
 Converged energy                           -193.222660706371
 HF contribution (EtotHF)                          -2.6834620886E+002  
 Singles correction (EcSingles)                    -3.3800442782E-002  
 HF contribution (EtotHF)                          -2.6834620886E+002  
 Singles correction (EcSingles)                    -3.3800442782E-002  
 Direct RPA correlation (EcRPA)                    -1.6204726449E+000  
 HF contribution (EtotHF)                          -7.6047296359E+001  
 Singles correction (EcSingles)                    -8.5175405343E-003  
 HF contribution (EtotHF)                          -7.6047296359E+001  
 Singles correction (EcSingles)                    -8.5175405343E-003  
 Direct RPA correlation (EcRPA)                    -4.1847630887E-001  
 HF contribution (EtotHF)                          -7.6048942748E+001  
 Singles correction (EcSingles)                    -8.4455505758E-003  
 HF contribution (EtotHF)                          -7.6048942748E+001  
 Singles correction (EcSingles)                    -8.4455505758E-003  
 Direct RPA correlation (EcRPA)                    -4.1778714003E-001  
 HF contribution (EtotHF)                          -7.6048086900E+001  
 Singles correction (EcSingles)                    -8.4923583680E-003  
 HF contribution (EtotHF)                          -7.6048086900E+001  
 Singles correction (EcSingles)                    -8.4923583680E-003  
 Direct RPA correlation (EcRPA)                    -4.1822643359E-001  
 HF contribution (EtotHF)                          -1.5209585361E+002  
 Singles correction (EcSingles)                    -1.6978036173E-002  
 HF contribution (EtotHF)                          -1.5209585361E+002  
 Singles correction (EcSingles)                    -1.6978036173E-002  
 Direct RPA correlation (EcRPA)                    -8.3635141689E-001  
 HF contribution (EtotHF)                          -1.5209745420E+002  
 Singles correction (EcSingles)                    -1.6937544051E-002  
 HF contribution (EtotHF)                          -1.5209745420E+002  
 Singles correction (EcSingles)                    -1.6937544051E-002  
 Direct RPA correlation (EcRPA)                    -8.3596337822E-001  
 HF contribution (EtotHF)                          -1.5209534929E+002  
 Singles correction (EcSingles)                    -1.7009859279E-002  
 HF contribution (EtotHF)                          -1.5209534929E+002  
 Singles correction (EcSingles)                    -1.7009859279E-002  
 Direct RPA correlation (EcRPA)                    -8.3671066573E-001  
 HF contribution (EtotHF)                          -4.0204651574E+001  
 Singles correction (EcSingles)                    -7.4930054142E-003  
 HF contribution (EtotHF)                          -4.0204651574E+001  
 Singles correction (EcSingles)                    -7.4930054142E-003  
 Direct RPA correlation (EcRPA)                    -3.6285960926E-001  
 HF contribution (EtotHF)                          -1.1625149250E+002  
 Singles correction (EcSingles)                    -1.6182696626E-002  
 HF contribution (EtotHF)                          -1.1625149250E+002  
 Singles correction (EcSingles)                    -1.6182696626E-002  
 Direct RPA correlation (EcRPA)                    -7.8212677290E-001  
 HF contribution (EtotHF)                          -1.1625232727E+002  
 Singles correction (EcSingles)                    -1.6308379260E-002  
 HF contribution (EtotHF)                          -1.1625232727E+002  
 Singles correction (EcSingles)                    -1.6308379260E-002  
 Direct RPA correlation (EcRPA)                    -7.8185549971E-001  
 HF contribution (EtotHF)                          -1.1625161839E+002  
 Singles correction (EcSingles)                    -1.6294913324E-002  
 HF contribution (EtotHF)                          -1.1625161839E+002  
 Singles correction (EcSingles)                    -1.6294913324E-002  
 Direct RPA correlation (EcRPA)                    -7.8217622512E-001  
 HF contribution (EtotHF)                          -2.2814432852E+002  
 Singles correction (EcSingles)                    -2.5469644255E-002  
 HF contribution (EtotHF)                          -2.2814432852E+002  
 Singles correction (EcSingles)                    -2.5469644255E-002  
 Direct RPA correlation (EcRPA)                    -1.2545353364E+000  
 HF contribution (EtotHF)                          -1.9229886057E+002  
 Singles correction (EcSingles)                    -2.5004138470E-002  
 HF contribution (EtotHF)                          -1.9229886057E+002  
 Singles correction (EcSingles)                    -2.5004138470E-002  
 Direct RPA correlation (EcRPA)                    -1.2011917005E+000  
 HF contribution (EtotHF)                          -1.9229844251E+002  
 Singles correction (EcSingles)                    -2.4985860680E-002  
 HF contribution (EtotHF)                          -1.9229844251E+002  
 Singles correction (EcSingles)                    -2.4985860680E-002  
 Direct RPA correlation (EcRPA)                    -1.2014550729E+000  
 HF contribution (EtotHF)                          -1.9229969573E+002  
 Singles correction (EcSingles)                    -2.5103491145E-002  
 HF contribution (EtotHF)                          -1.9229969573E+002  
 Singles correction (EcSingles)                    -2.5103491145E-002  
 Direct RPA correlation (EcRPA)                    -1.2011247259E+000  
