 Converged energy                           -269.601603179777
 Converged energy                            -76.379462056583
 Converged energy                            -76.378897799437
 Converged energy                            -76.379381230675
 Converged energy                           -152.759811159361
 Converged energy                           -152.757992712893
 Converged energy                           -152.758944786555
 Converged energy                            -40.461936162673
 Converged energy                           -116.841773504038
 Converged energy                           -116.841173091913
 Converged energy                           -116.841399779594
 Converged energy                           -229.139010641046
 Converged energy                           -193.222313018356
 Converged energy                           -193.221288057363
 Converged energy                           -193.220408775172
 HF contribution (EtotHF)                          -2.6834479825E+002  
 Singles correction (EcSingles)                    -3.3657101935E-002  
 HF contribution (EtotHF)                          -2.6834479825E+002  
 Singles correction (EcSingles)                    -3.3657101935E-002  
 Direct RPA correlation (EcRPA)                    -1.6211433656E+000  
 HF contribution (EtotHF)                          -7.6047301803E+001  
 Singles correction (EcSingles)                    -8.5179768780E-003  
 HF contribution (EtotHF)                          -7.6047301803E+001  
 Singles correction (EcSingles)                    -8.5179768780E-003  
 Direct RPA correlation (EcRPA)                    -4.1852071726E-001  
 HF contribution (EtotHF)                          -7.6046087999E+001  
 Singles correction (EcSingles)                    -8.5732264811E-003  
 HF contribution (EtotHF)                          -7.6046087999E+001  
 Singles correction (EcSingles)                    -8.5732264811E-003  
 Direct RPA correlation (EcRPA)                    -4.1903984944E-001  
 HF contribution (EtotHF)                          -7.6047182650E+001  
 Singles correction (EcSingles)                    -8.5198308552E-003  
 HF contribution (EtotHF)                          -7.6047182650E+001  
 Singles correction (EcSingles)                    -8.5198308552E-003  
 Direct RPA correlation (EcRPA)                    -4.1846249232E-001  
 HF contribution (EtotHF)                          -1.5209460758E+002  
 Singles correction (EcSingles)                    -1.7204737500E-002  
 HF contribution (EtotHF)                          -1.5209460758E+002  
 Singles correction (EcSingles)                    -1.7204737500E-002  
 Direct RPA correlation (EcRPA)                    -8.3764211832E-001  
 HF contribution (EtotHF)                          -1.5209290639E+002  
 Singles correction (EcSingles)                    -1.7106231488E-002  
 HF contribution (EtotHF)                          -1.5209290639E+002  
 Singles correction (EcSingles)                    -1.7106231488E-002  
 Direct RPA correlation (EcRPA)                    -8.3758893584E-001  
 HF contribution (EtotHF)                          -1.5209460060E+002  
 Singles correction (EcSingles)                    -1.7036847051E-002  
 HF contribution (EtotHF)                          -1.5209460060E+002  
 Singles correction (EcSingles)                    -1.7036847051E-002  
 Direct RPA correlation (EcRPA)                    -8.3697429769E-001  
 HF contribution (EtotHF)                          -4.0204648547E+001  
 Singles correction (EcSingles)                    -7.4958632000E-003  
 HF contribution (EtotHF)                          -4.0204648547E+001  
 Singles correction (EcSingles)                    -7.4958632000E-003  
 Direct RPA correlation (EcRPA)                    -3.6279187104E-001  
 HF contribution (EtotHF)                          -1.1625149510E+002  
 Singles correction (EcSingles)                    -1.6185931021E-002  
 HF contribution (EtotHF)                          -1.1625149510E+002  
 Singles correction (EcSingles)                    -1.6185931021E-002  
 Direct RPA correlation (EcRPA)                    -7.8210360555E-001  
 HF contribution (EtotHF)                          -1.1625052142E+002  
 Singles correction (EcSingles)                    -1.6185945792E-002  
 HF contribution (EtotHF)                          -1.1625052142E+002  
 Singles correction (EcSingles)                    -1.6185945792E-002  
 Direct RPA correlation (EcRPA)                    -7.8242724301E-001  
 HF contribution (EtotHF)                          -1.1625112805E+002  
 Singles correction (EcSingles)                    -1.6184142102E-002  
 HF contribution (EtotHF)                          -1.1625112805E+002  
 Singles correction (EcSingles)                    -1.6184142102E-002  
 Direct RPA correlation (EcRPA)                    -7.8205196923E-001  
 HF contribution (EtotHF)                          -2.2814154741E+002  
 Singles correction (EcSingles)                    -2.5736160745E-002  
 HF contribution (EtotHF)                          -2.2814154741E+002  
 Singles correction (EcSingles)                    -2.5736160745E-002  
 Direct RPA correlation (EcRPA)                    -1.2561806191E+000  
 HF contribution (EtotHF)                          -1.9229854416E+002  
 Singles correction (EcSingles)                    -2.4959985147E-002  
 HF contribution (EtotHF)                          -1.9229854416E+002  
 Singles correction (EcSingles)                    -2.4959985147E-002  
 Direct RPA correlation (EcRPA)                    -1.2018115483E+000  
 HF contribution (EtotHF)                          -1.9229804088E+002  
 Singles correction (EcSingles)                    -2.4872247625E-002  
 HF contribution (EtotHF)                          -1.9229804088E+002  
 Singles correction (EcSingles)                    -2.4872247625E-002  
 Direct RPA correlation (EcRPA)                    -1.2013613964E+000  
 HF contribution (EtotHF)                          -1.9229670404E+002  
 Singles correction (EcSingles)                    -2.4885418491E-002  
 HF contribution (EtotHF)                          -1.9229670404E+002  
 Singles correction (EcSingles)                    -2.4885418491E-002  
 Direct RPA correlation (EcRPA)                    -1.2017630672E+000  
