 Converged energy                           -269.602700145890
 Converged energy                            -76.379462200678
 Converged energy                            -76.380191153037
 Converged energy                            -76.378886995446
 Converged energy                           -152.761310659300
 Converged energy                           -152.759076896048
 Converged energy                           -152.758248801894
 Converged energy                            -40.461934391445
 Converged energy                           -116.841771678455
 Converged energy                           -116.842305780573
 Converged energy                           -116.841079641806
 Converged energy                           -229.140103525259
 Converged energy                           -193.223652917818
 Converged energy                           -193.220827286146
 Converged energy                           -193.221436862636
 HF contribution (EtotHF)                          -2.6834679107E+002  
 Singles correction (EcSingles)                    -3.3616310579E-002  
 HF contribution (EtotHF)                          -2.6834679107E+002  
 Singles correction (EcSingles)                    -3.3616310579E-002  
 Direct RPA correlation (EcRPA)                    -1.6203930648E+000  
 HF contribution (EtotHF)                          -7.6047302840E+001  
 Singles correction (EcSingles)                    -8.5170967504E-003  
 HF contribution (EtotHF)                          -7.6047302840E+001  
 Singles correction (EcSingles)                    -8.5170967504E-003  
 Direct RPA correlation (EcRPA)                    -4.1851006898E-001  
 HF contribution (EtotHF)                          -7.6048806553E+001  
 Singles correction (EcSingles)                    -8.4492677331E-003  
 HF contribution (EtotHF)                          -7.6048806553E+001  
 Singles correction (EcSingles)                    -8.4492677331E-003  
 Direct RPA correlation (EcRPA)                    -4.1779029712E-001  
 HF contribution (EtotHF)                          -7.6046069044E+001  
 Singles correction (EcSingles)                    -8.5741727898E-003  
 HF contribution (EtotHF)                          -7.6046069044E+001  
 Singles correction (EcSingles)                    -8.5741727898E-003  
 Direct RPA correlation (EcRPA)                    -4.1900874047E-001  
 HF contribution (EtotHF)                          -1.5209771056E+002  
 Singles correction (EcSingles)                    -1.7028664933E-002  
 HF contribution (EtotHF)                          -1.5209771056E+002  
 Singles correction (EcSingles)                    -1.7028664933E-002  
 Direct RPA correlation (EcRPA)                    -8.3625649164E-001  
 HF contribution (EtotHF)                          -1.5209487943E+002  
 Singles correction (EcSingles)                    -1.7025585133E-002  
 HF contribution (EtotHF)                          -1.5209487943E+002  
 Singles correction (EcSingles)                    -1.7025585133E-002  
 Direct RPA correlation (EcRPA)                    -8.3680751315E-001  
 HF contribution (EtotHF)                          -1.5209324196E+002  
 Singles correction (EcSingles)                    -1.7096324697E-002  
 HF contribution (EtotHF)                          -1.5209324196E+002  
 Singles correction (EcSingles)                    -1.7096324697E-002  
 Direct RPA correlation (EcRPA)                    -8.3755307753E-001  
 HF contribution (EtotHF)                          -4.0204648433E+001  
 Singles correction (EcSingles)                    -7.4957304619E-003  
 HF contribution (EtotHF)                          -4.0204648433E+001  
 Singles correction (EcSingles)                    -7.4957304619E-003  
 Direct RPA correlation (EcRPA)                    -3.6279131040E-001  
 HF contribution (EtotHF)                          -1.1625149548E+002  
 Singles correction (EcSingles)                    -1.6185048914E-002  
 HF contribution (EtotHF)                          -1.1625149548E+002  
 Singles correction (EcSingles)                    -1.6185048914E-002  
 Direct RPA correlation (EcRPA)                    -7.8209284275E-001  
 HF contribution (EtotHF)                          -1.1625269372E+002  
 Singles correction (EcSingles)                    -1.6204046808E-002  
 HF contribution (EtotHF)                          -1.1625269372E+002  
 Singles correction (EcSingles)                    -1.6204046808E-002  
 Direct RPA correlation (EcRPA)                    -7.8152887272E-001  
 HF contribution (EtotHF)                          -1.1625045220E+002  
 Singles correction (EcSingles)                    -1.6184047910E-002  
 HF contribution (EtotHF)                          -1.1625045220E+002  
 Singles correction (EcSingles)                    -1.6184047910E-002  
 Direct RPA correlation (EcRPA)                    -7.8236457800E-001  
 HF contribution (EtotHF)                          -2.2814366087E+002  
 Singles correction (EcSingles)                    -2.5610261489E-002  
 HF contribution (EtotHF)                          -2.2814366087E+002  
 Singles correction (EcSingles)                    -2.5610261489E-002  
 Direct RPA correlation (EcRPA)                    -1.2553076193E+000  
 HF contribution (EtotHF)                          -1.9230111847E+002  
 Singles correction (EcSingles)                    -2.4919672954E-002  
 HF contribution (EtotHF)                          -1.9230111847E+002  
 Singles correction (EcSingles)                    -2.4919672954E-002  
 Direct RPA correlation (EcRPA)                    -1.2007666402E+000  
 HF contribution (EtotHF)                          -1.9229716995E+002  
 Singles correction (EcSingles)                    -2.4881016110E-002  
 HF contribution (EtotHF)                          -1.9229716995E+002  
 Singles correction (EcSingles)                    -2.4881016110E-002  
 Direct RPA correlation (EcRPA)                    -1.2017084958E+000  
 HF contribution (EtotHF)                          -1.9229848924E+002  
 Singles correction (EcSingles)                    -2.4893115775E-002  
 HF contribution (EtotHF)                          -1.9229848924E+002  
 Singles correction (EcSingles)                    -2.4893115775E-002  
 Direct RPA correlation (EcRPA)                    -1.2011133135E+000  
