 Converged energy                           -269.603482541837
 Converged energy                            -76.379461377327
 Converged energy                            -76.379577009379
 Converged energy                            -76.380045567488
 Converged energy                           -152.760624048003
 Converged energy                           -152.759723243696
 Converged energy                           -152.759233045735
 Converged energy                            -40.461932459739
 Converged energy                           -116.841768978528
 Converged energy                           -116.841954566875
 Converged energy                           -116.842364489009
 Converged energy                           -229.140491915620
 Converged energy                           -193.223238002370
 Converged energy                           -193.221973967159
 Converged energy                           -193.222429855722
 HF contribution (EtotHF)                          -2.6834879785E+002  
 Singles correction (EcSingles)                    -3.3417551485E-002  
 HF contribution (EtotHF)                          -2.6834879785E+002  
 Singles correction (EcSingles)                    -3.3417551485E-002  
 Direct RPA correlation (EcRPA)                    -1.6190682662E+000  
 HF contribution (EtotHF)                          -7.6047300921E+001  
 Singles correction (EcSingles)                    -8.5180303859E-003  
 HF contribution (EtotHF)                          -7.6047300921E+001  
 Singles correction (EcSingles)                    -8.5180303859E-003  
 Direct RPA correlation (EcRPA)                    -4.1852245039E-001  
 HF contribution (EtotHF)                          -7.6047624215E+001  
 Singles correction (EcSingles)                    -8.4973470115E-003  
 HF contribution (EtotHF)                          -7.6047624215E+001  
 Singles correction (EcSingles)                    -8.4973470115E-003  
 Direct RPA correlation (EcRPA)                    -4.1823752185E-001  
 HF contribution (EtotHF)                          -7.6048856350E+001  
 Singles correction (EcSingles)                    -8.4309172735E-003  
 HF contribution (EtotHF)                          -7.6048856350E+001  
 Singles correction (EcSingles)                    -8.4309172735E-003  
 Direct RPA correlation (EcRPA)                    -4.1748551320E-001  
 HF contribution (EtotHF)                          -1.5209636829E+002  
 Singles correction (EcSingles)                    -1.7103519718E-002  
 HF contribution (EtotHF)                          -1.5209636829E+002  
 Singles correction (EcSingles)                    -1.7103519718E-002  
 Direct RPA correlation (EcRPA)                    -8.3677210544E-001  
 HF contribution (EtotHF)                          -1.5209658936E+002  
 Singles correction (EcSingles)                    -1.6927568806E-002  
 HF contribution (EtotHF)                          -1.5209658936E+002  
 Singles correction (EcSingles)                    -1.6927568806E-002  
 Direct RPA correlation (EcRPA)                    -8.3571826528E-001  
 HF contribution (EtotHF)                          -1.5209580970E+002  
 Singles correction (EcSingles)                    -1.6961479124E-002  
 HF contribution (EtotHF)                          -1.5209580970E+002  
 Singles correction (EcSingles)                    -1.6961479124E-002  
 Direct RPA correlation (EcRPA)                    -8.3608941687E-001  
 HF contribution (EtotHF)                          -4.0204648344E+001  
 Singles correction (EcSingles)                    -7.4939737340E-003  
 HF contribution (EtotHF)                          -4.0204648344E+001  
 Singles correction (EcSingles)                    -7.4939737340E-003  
 Direct RPA correlation (EcRPA)                    -3.6276077103E-001  
 HF contribution (EtotHF)                          -1.1625149416E+002  
 Singles correction (EcSingles)                    -1.6184066936E-002  
 HF contribution (EtotHF)                          -1.1625149416E+002  
 Singles correction (EcSingles)                    -1.6184066936E-002  
 Direct RPA correlation (EcRPA)                    -7.8207385071E-001  
 HF contribution (EtotHF)                          -1.1625214861E+002  
 Singles correction (EcSingles)                    -1.6104148753E-002  
 HF contribution (EtotHF)                          -1.1625214861E+002  
 Singles correction (EcSingles)                    -1.6104148753E-002  
 Direct RPA correlation (EcRPA)                    -7.8158970073E-001  
 HF contribution (EtotHF)                          -1.1625333526E+002  
 Singles correction (EcSingles)                    -1.6036487894E-002  
 HF contribution (EtotHF)                          -1.1625333526E+002  
 Singles correction (EcSingles)                    -1.6036487894E-002  
 Direct RPA correlation (EcRPA)                    -7.8082083045E-001  
 HF contribution (EtotHF)                          -2.2814498402E+002  
 Singles correction (EcSingles)                    -2.5545305393E-002  
 HF contribution (EtotHF)                          -2.2814498402E+002  
 Singles correction (EcSingles)                    -2.5545305393E-002  
 Direct RPA correlation (EcRPA)                    -1.2543331548E+000  
 HF contribution (EtotHF)                          -1.9230038101E+002  
 Singles correction (EcSingles)                    -2.4859877619E-002  
 HF contribution (EtotHF)                          -1.9230038101E+002  
 Singles correction (EcSingles)                    -2.4859877619E-002  
 Direct RPA correlation (EcRPA)                    -1.2009145772E+000  
 HF contribution (EtotHF)                          -1.9229988186E+002  
 Singles correction (EcSingles)                    -2.4738879361E-002  
 HF contribution (EtotHF)                          -1.9229988186E+002  
 Singles correction (EcSingles)                    -2.4738879361E-002  
 Direct RPA correlation (EcRPA)                    -1.2002113378E+000  
 HF contribution (EtotHF)                          -1.9230086568E+002  
 Singles correction (EcSingles)                    -2.4650496664E-002  
 HF contribution (EtotHF)                          -1.9230086568E+002  
 Singles correction (EcSingles)                    -2.4650496664E-002  
 Direct RPA correlation (EcRPA)                    -1.1996671111E+000  
