 Converged energy                           -269.609033806767
 Converged energy                            -76.379783525950
 Converged energy                            -76.379976810093
 Converged energy                            -76.380348910129
 Converged energy                           -152.760576478699
 Converged energy                           -152.759823232549
 Converged energy                           -152.766766768086
 Converged energy                            -40.461931728782
 Converged energy                           -116.841925886174
 Converged energy                           -116.841991457645
 Converged energy                           -116.842392233748
 Converged energy                           -229.146997098318
 Converged energy                           -193.222732719408
 Converged energy                           -193.228900321940
 Converged energy                           -193.221790448760
 HF contribution (EtotHF)                          -2.6834762817E+002  
 Singles correction (EcSingles)                    -3.5279710409E-002  
 HF contribution (EtotHF)                          -2.6834762817E+002  
 Singles correction (EcSingles)                    -3.5279710409E-002  
 Direct RPA correlation (EcRPA)                    -1.6248981225E+000  
 HF contribution (EtotHF)                          -7.6048037618E+001  
 Singles correction (EcSingles)                    -8.4916338217E-003  
 HF contribution (EtotHF)                          -7.6048037618E+001  
 Singles correction (EcSingles)                    -8.4916338217E-003  
 Direct RPA correlation (EcRPA)                    -4.1875593404E-001  
 HF contribution (EtotHF)                          -7.6048079967E+001  
 Singles correction (EcSingles)                    -8.4930263019E-003  
 HF contribution (EtotHF)                          -7.6048079967E+001  
 Singles correction (EcSingles)                    -8.4930263019E-003  
 Direct RPA correlation (EcRPA)                    -4.1831794717E-001  
 HF contribution (EtotHF)                          -7.6049032523E+001  
 Singles correction (EcSingles)                    -8.4635709865E-003  
 HF contribution (EtotHF)                          -7.6049032523E+001  
 Singles correction (EcSingles)                    -8.4635709865E-003  
 Direct RPA correlation (EcRPA)                    -4.1884685743E-001  
 HF contribution (EtotHF)                          -1.5209663337E+002  
 Singles correction (EcSingles)                    -1.7102825017E-002  
 HF contribution (EtotHF)                          -1.5209663337E+002  
 Singles correction (EcSingles)                    -1.7102825017E-002  
 Direct RPA correlation (EcRPA)                    -8.3725393048E-001  
 HF contribution (EtotHF)                          -1.5209594301E+002  
 Singles correction (EcSingles)                    -1.7150535587E-002  
 HF contribution (EtotHF)                          -1.5209594301E+002  
 Singles correction (EcSingles)                    -1.7150535587E-002  
 Direct RPA correlation (EcRPA)                    -8.3769204481E-001  
 HF contribution (EtotHF)                          -1.5209776815E+002  
 Singles correction (EcSingles)                    -1.8386746715E-002  
 HF contribution (EtotHF)                          -1.5209776815E+002  
 Singles correction (EcSingles)                    -1.8386746715E-002  
 Direct RPA correlation (EcRPA)                    -8.4036971094E-001  
 HF contribution (EtotHF)                          -4.0204649026E+001  
 Singles correction (EcSingles)                    -7.4937258275E-003  
 HF contribution (EtotHF)                          -4.0204649026E+001  
 Singles correction (EcSingles)                    -7.4937258275E-003  
 Direct RPA correlation (EcRPA)                    -3.6282950399E-001  
 HF contribution (EtotHF)                          -1.1625236569E+002  
 Singles correction (EcSingles)                    -1.6103198806E-002  
 HF contribution (EtotHF)                          -1.1625236569E+002  
 Singles correction (EcSingles)                    -1.6103198806E-002  
 Direct RPA correlation (EcRPA)                    -7.8216521916E-001  
 HF contribution (EtotHF)                          -1.1625174295E+002  
 Singles correction (EcSingles)                    -1.6278805208E-002  
 HF contribution (EtotHF)                          -1.1625174295E+002  
 Singles correction (EcSingles)                    -1.6278805208E-002  
 Direct RPA correlation (EcRPA)                    -7.8219822704E-001  
 HF contribution (EtotHF)                          -1.1625241516E+002  
 Singles correction (EcSingles)                    -1.6326621106E-002  
 HF contribution (EtotHF)                          -1.1625241516E+002  
 Singles correction (EcSingles)                    -1.6326621106E-002  
 Direct RPA correlation (EcRPA)                    -7.8289462331E-001  
 HF contribution (EtotHF)                          -2.2814519966E+002  
 Singles correction (EcSingles)                    -2.7172235960E-002  
 HF contribution (EtotHF)                          -2.2814519966E+002  
 Singles correction (EcSingles)                    -2.7172235960E-002  
 Direct RPA correlation (EcRPA)                    -1.2594022066E+000  
 HF contribution (EtotHF)                          -1.9230002333E+002  
 Singles correction (EcSingles)                    -2.4972586984E-002  
 HF contribution (EtotHF)                          -1.9230002333E+002  
 Singles correction (EcSingles)                    -2.4972586984E-002  
 Direct RPA correlation (EcRPA)                    -1.2016951647E+000  
 HF contribution (EtotHF)                          -1.9230111114E+002  
 Singles correction (EcSingles)                    -2.6268181244E-002  
 HF contribution (EtotHF)                          -1.9230111114E+002  
 Singles correction (EcSingles)                    -2.6268181244E-002  
 Direct RPA correlation (EcRPA)                    -1.2048610113E+000  
 HF contribution (EtotHF)                          -1.9229839225E+002  
 Singles correction (EcSingles)                    -2.5246651535E-002  
 HF contribution (EtotHF)                          -1.9229839225E+002  
 Singles correction (EcSingles)                    -2.5246651535E-002  
 Direct RPA correlation (EcRPA)                    -1.2027498150E+000  
