 Converged energy                           -269.619794459882
 Converged energy                            -76.379790233603
 Converged energy                            -76.380396718878
 Converged energy                            -76.380095811696
 Converged energy                           -152.768055571562
 Converged energy                           -152.766729314065
 Converged energy                           -152.760714906630
 Converged energy                            -40.461932219236
 Converged energy                           -116.841933239912
 Converged energy                           -116.842871907880
 Converged energy                           -116.842527151376
 Converged energy                           -229.156935517511
 Converged energy                           -193.230579530957
 Converged energy                           -193.223280591148
 Converged energy                           -193.229567093151
 HF contribution (EtotHF)                          -2.6835536716E+002  
 Singles correction (EcSingles)                    -3.6272757341E-002  
 HF contribution (EtotHF)                          -2.6835536716E+002  
 Singles correction (EcSingles)                    -3.6272757341E-002  
 Direct RPA correlation (EcRPA)                    -1.6274198040E+000  
 HF contribution (EtotHF)                          -7.6048043960E+001  
 Singles correction (EcSingles)                    -8.4970827088E-003  
 HF contribution (EtotHF)                          -7.6048043960E+001  
 Singles correction (EcSingles)                    -8.4970827088E-003  
 Direct RPA correlation (EcRPA)                    -4.1888291430E-001  
 HF contribution (EtotHF)                          -7.6049287454E+001  
 Singles correction (EcSingles)                    -8.4495343728E-003  
 HF contribution (EtotHF)                          -7.6049287454E+001  
 Singles correction (EcSingles)                    -8.4495343728E-003  
 Direct RPA correlation (EcRPA)                    -4.1890094696E-001  
 HF contribution (EtotHF)                          -7.6048400191E+001  
 Singles correction (EcSingles)                    -8.4871310807E-003  
 HF contribution (EtotHF)                          -7.6048400191E+001  
 Singles correction (EcSingles)                    -8.4871310807E-003  
 Direct RPA correlation (EcRPA)                    -4.1876734971E-001  
 HF contribution (EtotHF)                          -1.5210092160E+002  
 Singles correction (EcSingles)                    -1.8122547136E-002  
 HF contribution (EtotHF)                          -1.5210092160E+002  
 Singles correction (EcSingles)                    -1.8122547136E-002  
 Direct RPA correlation (EcRPA)                    -8.4001640151E-001  
 HF contribution (EtotHF)                          -1.5209837374E+002  
 Singles correction (EcSingles)                    -1.8348898262E-002  
 HF contribution (EtotHF)                          -1.5209837374E+002  
 Singles correction (EcSingles)                    -1.8348898262E-002  
 Direct RPA correlation (EcRPA)                    -8.4056922657E-001  
 HF contribution (EtotHF)                          -1.5209699121E+002  
 Singles correction (EcSingles)                    -1.7096838849E-002  
 HF contribution (EtotHF)                          -1.5209699121E+002  
 Singles correction (EcSingles)                    -1.7096838849E-002  
 Direct RPA correlation (EcRPA)                    -8.3782460122E-001  
 HF contribution (EtotHF)                          -4.0204648592E+001  
 Singles correction (EcSingles)                    -7.4943705462E-003  
 HF contribution (EtotHF)                          -4.0204648592E+001  
 Singles correction (EcSingles)                    -7.4943705462E-003  
 Direct RPA correlation (EcRPA)                    -3.6281633285E-001  
 HF contribution (EtotHF)                          -1.1625237151E+002  
 Singles correction (EcSingles)                    -1.6109735645E-002  
 HF contribution (EtotHF)                          -1.1625237151E+002  
 Singles correction (EcSingles)                    -1.6109735645E-002  
 Direct RPA correlation (EcRPA)                    -7.8228051742E-001  
 HF contribution (EtotHF)                          -1.1625348588E+002  
 Singles correction (EcSingles)                    -1.6200603329E-002  
 HF contribution (EtotHF)                          -1.1625348588E+002  
 Singles correction (EcSingles)                    -1.6200603329E-002  
 Direct RPA correlation (EcRPA)                    -7.8263784537E-001  
 HF contribution (EtotHF)                          -1.1625194505E+002  
 Singles correction (EcSingles)                    -1.6404718389E-002  
 HF contribution (EtotHF)                          -1.1625194505E+002  
 Singles correction (EcSingles)                    -1.6404718389E-002  
 Direct RPA correlation (EcRPA)                    -7.8290613141E-001  
 HF contribution (EtotHF)                          -2.2815218446E+002  
 Singles correction (EcSingles)                    -2.8138554488E-002  
 HF contribution (EtotHF)                          -2.2815218446E+002  
 Singles correction (EcSingles)                    -2.8138554488E-002  
 Direct RPA correlation (EcRPA)                    -1.2619444800E+000  
 HF contribution (EtotHF)                          -1.9230485773E+002  
 Singles correction (EcSingles)                    -2.5948561145E-002  
 HF contribution (EtotHF)                          -1.9230485773E+002  
 Singles correction (EcSingles)                    -2.5948561145E-002  
 Direct RPA correlation (EcRPA)                    -1.2043004150E+000  
 HF contribution (EtotHF)                          -1.9230025002E+002  
 Singles correction (EcSingles)                    -2.5099773302E-002  
 HF contribution (EtotHF)                          -1.9230025002E+002  
 Singles correction (EcSingles)                    -2.5099773302E-002  
 Direct RPA correlation (EcRPA)                    -1.2025286775E+000  
 HF contribution (EtotHF)                          -1.9230181939E+002  
 Singles correction (EcSingles)                    -2.6419631486E-002  
 HF contribution (EtotHF)                          -1.9230181939E+002  
 Singles correction (EcSingles)                    -2.6419631486E-002  
 Direct RPA correlation (EcRPA)                    -1.2055028937E+000  
