 Converged energy                           -269.610860169723
 Converged energy                            -76.379784239510
 Converged energy                            -76.380334622235
 Converged energy                            -76.379986345146
 Converged energy                           -152.767988022177
 Converged energy                           -152.760364021588
 Converged energy                           -152.760014663856
 Converged energy                            -40.461924005886
 Converged energy                           -116.841919049574
 Converged energy                           -116.842801549691
 Converged energy                           -116.841937230199
 Converged energy                           -229.148373065242
 Converged energy                           -193.230503769220
 Converged energy                           -193.222142231446
 Converged energy                           -193.222851451551
 HF contribution (EtotHF)                          -2.6835214249E+002  
 Singles correction (EcSingles)                    -3.4729458939E-002  
 HF contribution (EtotHF)                          -2.6835214249E+002  
 Singles correction (EcSingles)                    -3.4729458939E-002  
 Direct RPA correlation (EcRPA)                    -1.6226349917E+000  
 HF contribution (EtotHF)                          -7.6048036654E+001  
 Singles correction (EcSingles)                    -8.4965744680E-003  
 HF contribution (EtotHF)                          -7.6048036654E+001  
 Singles correction (EcSingles)                    -8.4965744680E-003  
 Direct RPA correlation (EcRPA)                    -4.1882848686E-001  
 HF contribution (EtotHF)                          -7.6049220463E+001  
 Singles correction (EcSingles)                    -8.4362028274E-003  
 HF contribution (EtotHF)                          -7.6049220463E+001  
 Singles correction (EcSingles)                    -8.4362028274E-003  
 Direct RPA correlation (EcRPA)                    -4.1806858967E-001  
 HF contribution (EtotHF)                          -7.6048086993E+001  
 Singles correction (EcSingles)                    -8.4919706429E-003  
 HF contribution (EtotHF)                          -7.6048086993E+001  
 Singles correction (EcSingles)                    -8.4919706429E-003  
 Direct RPA correlation (EcRPA)                    -4.1822240688E-001  
 HF contribution (EtotHF)                          -1.5210085027E+002  
 Singles correction (EcSingles)                    -1.8109255767E-002  
 HF contribution (EtotHF)                          -1.5210085027E+002  
 Singles correction (EcSingles)                    -1.8109255767E-002  
 Direct RPA correlation (EcRPA)                    -8.3910245230E-001  
 HF contribution (EtotHF)                          -1.5209732213E+002  
 Singles correction (EcSingles)                    -1.6940201380E-002  
 HF contribution (EtotHF)                          -1.5209732213E+002  
 Singles correction (EcSingles)                    -1.6940201380E-002  
 Direct RPA correlation (EcRPA)                    -8.3632242033E-001  
 HF contribution (EtotHF)                          -1.5209642508E+002  
 Singles correction (EcSingles)                    -1.6979272583E-002  
 HF contribution (EtotHF)                          -1.5209642508E+002  
 Singles correction (EcSingles)                    -1.6979272583E-002  
 Direct RPA correlation (EcRPA)                    -8.3699772854E-001  
 HF contribution (EtotHF)                          -4.0204650607E+001  
 Singles correction (EcSingles)                    -7.4900076581E-003  
 HF contribution (EtotHF)                          -4.0204650607E+001  
 Singles correction (EcSingles)                    -7.4900076581E-003  
 Direct RPA correlation (EcRPA)                    -3.6278753947E-001  
 HF contribution (EtotHF)                          -1.1625236622E+002  
 Singles correction (EcSingles)                    -1.6104924540E-002  
 HF contribution (EtotHF)                          -1.1625236622E+002  
 Singles correction (EcSingles)                    -1.6104924540E-002  
 Direct RPA correlation (EcRPA)                    -7.8219638615E-001  
 HF contribution (EtotHF)                          -1.1625342093E+002  
 Singles correction (EcSingles)                    -1.6183378743E-002  
 HF contribution (EtotHF)                          -1.1625342093E+002  
 Singles correction (EcSingles)                    -1.6183378743E-002  
 Direct RPA correlation (EcRPA)                    -7.8176670501E-001  
 HF contribution (EtotHF)                          -1.1625161761E+002  
 Singles correction (EcSingles)                    -1.6291554756E-002  
 HF contribution (EtotHF)                          -1.1625161761E+002  
 Singles correction (EcSingles)                    -1.6291554756E-002  
 Direct RPA correlation (EcRPA)                    -7.8209946022E-001  
 HF contribution (EtotHF)                          -2.2814935313E+002  
 Singles correction (EcSingles)                    -2.6608985566E-002  
 HF contribution (EtotHF)                          -2.2814935313E+002  
 Singles correction (EcSingles)                    -2.6608985566E-002  
 Direct RPA correlation (EcRPA)                    -1.2573033006E+000  
 HF contribution (EtotHF)                          -1.9230478852E+002  
 Singles correction (EcSingles)                    -2.5931292720E-002  
 HF contribution (EtotHF)                          -1.9230478852E+002  
 Singles correction (EcSingles)                    -2.5931292720E-002  
 Direct RPA correlation (EcRPA)                    -1.2033467996E+000  
 HF contribution (EtotHF)                          -1.9229960209E+002  
 Singles correction (EcSingles)                    -2.4896342974E-002  
 HF contribution (EtotHF)                          -1.9229960209E+002  
 Singles correction (EcSingles)                    -2.4896342974E-002  
 Direct RPA correlation (EcRPA)                    -1.2014582495E+000  
 HF contribution (EtotHF)                          -1.9230041785E+002  
 Singles correction (EcSingles)                    -2.4987988375E-002  
 HF contribution (EtotHF)                          -1.9230041785E+002  
 Singles correction (EcSingles)                    -2.4987988375E-002  
 Direct RPA correlation (EcRPA)                    -1.2011058878E+000  
