 Converged energy                           -269.601982445732
 Converged energy                            -76.379966805832
 Converged energy                            -76.380306817553
 Converged energy                            -76.380191216461
 Converged energy                           -152.759893277222
 Converged energy                           -152.760049718788
 Converged energy                           -152.759910193792
 Converged energy                            -40.461924235640
 Converged energy                           -116.841973643708
 Converged energy                           -116.842773454059
 Converged energy                           -116.842295303002
 Converged energy                           -229.139383759308
 Converged energy                           -193.222441447324
 Converged energy                           -193.222140474094
 Converged energy                           -193.222522263964
 HF contribution (EtotHF)                          -2.6834672745E+002  
 Singles correction (EcSingles)                    -3.3823414009E-002  
 HF contribution (EtotHF)                          -2.6834672745E+002  
 Singles correction (EcSingles)                    -3.3823414009E-002  
 Direct RPA correlation (EcRPA)                    -1.6200481149E+000  
 HF contribution (EtotHF)                          -7.6048066844E+001  
 Singles correction (EcSingles)                    -8.4914793733E-003  
 HF contribution (EtotHF)                          -7.6048066844E+001  
 Singles correction (EcSingles)                    -8.4914793733E-003  
 Direct RPA correlation (EcRPA)                    -4.1821620097E-001  
 HF contribution (EtotHF)                          -7.6049190692E+001  
 Singles correction (EcSingles)                    -8.4292950974E-003  
 HF contribution (EtotHF)                          -7.6049190692E+001  
 Singles correction (EcSingles)                    -8.4292950974E-003  
 Direct RPA correlation (EcRPA)                    -4.1764117768E-001  
 HF contribution (EtotHF)                          -7.6048807166E+001  
 Singles correction (EcSingles)                    -8.4494506401E-003  
 HF contribution (EtotHF)                          -7.6048807166E+001  
 Singles correction (EcSingles)                    -8.4494506401E-003  
 Direct RPA correlation (EcRPA)                    -4.1781597919E-001  
 HF contribution (EtotHF)                          -1.5209674582E+002  
 Singles correction (EcSingles)                    -1.6951023083E-002  
 HF contribution (EtotHF)                          -1.5209674582E+002  
 Singles correction (EcSingles)                    -1.6951023083E-002  
 Direct RPA correlation (EcRPA)                    -8.3599762370E-001  
 HF contribution (EtotHF)                          -1.5209695418E+002  
 Singles correction (EcSingles)                    -1.7053207028E-002  
 HF contribution (EtotHF)                          -1.5209695418E+002  
 Singles correction (EcSingles)                    -1.7053207028E-002  
 Direct RPA correlation (EcRPA)                    -8.3592643785E-001  
 HF contribution (EtotHF)                          -1.5209655927E+002  
 Singles correction (EcSingles)                    -1.6954357554E-002  
 HF contribution (EtotHF)                          -1.5209655927E+002  
 Singles correction (EcSingles)                    -1.6954357554E-002  
 Direct RPA correlation (EcRPA)                    -8.3610709295E-001  
 HF contribution (EtotHF)                          -4.0204651266E+001  
 Singles correction (EcSingles)                    -7.4908840663E-003  
 HF contribution (EtotHF)                          -4.0204651266E+001  
 Singles correction (EcSingles)                    -7.4908840663E-003  
 Direct RPA correlation (EcRPA)                    -3.6282775082E-001  
 HF contribution (EtotHF)                          -1.1625173162E+002  
 Singles correction (EcSingles)                    -1.6274488156E-002  
 HF contribution (EtotHF)                          -1.1625173162E+002  
 Singles correction (EcSingles)                    -1.6274488156E-002  
 Direct RPA correlation (EcRPA)                    -7.8209096288E-001  
 HF contribution (EtotHF)                          -1.1625339191E+002  
 Singles correction (EcSingles)                    -1.6177646091E-002  
 HF contribution (EtotHF)                          -1.1625339191E+002  
 Singles correction (EcSingles)                    -1.6177646091E-002  
 Direct RPA correlation (EcRPA)                    -7.8137887179E-001  
 HF contribution (EtotHF)                          -1.1625269713E+002  
 Singles correction (EcSingles)                    -1.6199594878E-002  
 HF contribution (EtotHF)                          -1.1625269713E+002  
 Singles correction (EcSingles)                    -1.6199594878E-002  
 Direct RPA correlation (EcRPA)                    -7.8159206026E-001  
 HF contribution (EtotHF)                          -2.2814419058E+002  
 Singles correction (EcSingles)                    -2.5587835463E-002  
 HF contribution (EtotHF)                          -2.2814419058E+002  
 Singles correction (EcSingles)                    -2.5587835463E-002  
 Direct RPA correlation (EcRPA)                    -1.2543583556E+000  
 HF contribution (EtotHF)                          -1.9229997236E+002  
 Singles correction (EcSingles)                    -2.4985880853E-002  
 HF contribution (EtotHF)                          -1.9229997236E+002  
 Singles correction (EcSingles)                    -2.4985880853E-002  
 Direct RPA correlation (EcRPA)                    -1.2007799898E+000  
 HF contribution (EtotHF)                          -1.9229951602E+002  
 Singles correction (EcSingles)                    -2.4993816986E-002  
 HF contribution (EtotHF)                          -1.9229951602E+002  
 Singles correction (EcSingles)                    -2.4993816986E-002  
 Direct RPA correlation (EcRPA)                    -1.2009252961E+000  
 HF contribution (EtotHF)                          -1.9230041275E+002  
 Singles correction (EcSingles)                    -2.5004665110E-002  
 HF contribution (EtotHF)                          -1.9230041275E+002  
 Singles correction (EcSingles)                    -2.5004665110E-002  
 Direct RPA correlation (EcRPA)                    -1.2005761473E+000  
