 Converged energy                           -269.604842369837
 Converged energy                            -76.379973857616
 Converged energy                            -76.380118011914
 Converged energy                            -76.380046413672
 Converged energy                           -152.761732905896
 Converged energy                           -152.760065745116
 Converged energy                           -152.760414263445
 Converged energy                            -40.461922588446
 Converged energy                           -116.841979022539
 Converged energy                           -116.842604011969
 Converged energy                           -116.842355473945
 Converged energy                           -229.142080953051
 Converged energy                           -193.224136719798
 Converged energy                           -193.222741346154
 Converged energy                           -193.222976846635
 HF contribution (EtotHF)                          -2.6835027592E+002  
 Singles correction (EcSingles)                    -3.3616396746E-002  
 HF contribution (EtotHF)                          -2.6835027592E+002  
 Singles correction (EcSingles)                    -3.3616396746E-002  
 Direct RPA correlation (EcRPA)                    -1.6190644229E+000  
 HF contribution (EtotHF)                          -7.6048074910E+001  
 Singles correction (EcSingles)                    -8.4920874029E-003  
 HF contribution (EtotHF)                          -7.6048074910E+001  
 Singles correction (EcSingles)                    -8.4920874029E-003  
 Direct RPA correlation (EcRPA)                    -4.1825602316E-001  
 HF contribution (EtotHF)                          -7.6048690343E+001  
 Singles correction (EcSingles)                    -8.4525707966E-003  
 HF contribution (EtotHF)                          -7.6048690343E+001  
 Singles correction (EcSingles)                    -8.4525707966E-003  
 Direct RPA correlation (EcRPA)                    -4.1783702910E-001  
 HF contribution (EtotHF)                          -7.6048857658E+001  
 Singles correction (EcSingles)                    -8.4305718643E-003  
 HF contribution (EtotHF)                          -7.6048857658E+001  
 Singles correction (EcSingles)                    -8.4305718643E-003  
 Direct RPA correlation (EcRPA)                    -4.1749241548E-001  
 HF contribution (EtotHF)                          -1.5209818067E+002  
 Singles correction (EcSingles)                    -1.7052851943E-002  
 HF contribution (EtotHF)                          -1.5209818067E+002  
 Singles correction (EcSingles)                    -1.7052851943E-002  
 Direct RPA correlation (EcRPA)                    -8.3617734980E-001  
 HF contribution (EtotHF)                          -1.5209743309E+002  
 Singles correction (EcSingles)                    -1.6885836750E-002  
 HF contribution (EtotHF)                          -1.5209743309E+002  
 Singles correction (EcSingles)                    -1.6885836750E-002  
 Direct RPA correlation (EcRPA)                    -8.3535185050E-001  
 HF contribution (EtotHF)                          -1.5209741481E+002  
 Singles correction (EcSingles)                    -1.6910840120E-002  
 HF contribution (EtotHF)                          -1.5209741481E+002  
 Singles correction (EcSingles)                    -1.6910840120E-002  
 Direct RPA correlation (EcRPA)                    -8.3566537366E-001  
 HF contribution (EtotHF)                          -4.0204651210E+001  
 Singles correction (EcSingles)                    -7.4888206900E-003  
 HF contribution (EtotHF)                          -4.0204651210E+001  
 Singles correction (EcSingles)                    -7.4888206900E-003  
 Direct RPA correlation (EcRPA)                    -3.6279431140E-001  
 HF contribution (EtotHF)                          -1.1625173965E+002  
 Singles correction (EcSingles)                    -1.6272937764E-002  
 HF contribution (EtotHF)                          -1.1625173965E+002  
 Singles correction (EcSingles)                    -1.6272937764E-002  
 Direct RPA correlation (EcRPA)                    -7.8210003159E-001  
 HF contribution (EtotHF)                          -1.1625270686E+002  
 Singles correction (EcSingles)                    -1.6250850854E-002  
 HF contribution (EtotHF)                          -1.1625270686E+002  
 Singles correction (EcSingles)                    -1.6250850854E-002  
 Direct RPA correlation (EcRPA)                    -7.8170013519E-001  
 HF contribution (EtotHF)                          -1.1625333933E+002  
 Singles correction (EcSingles)                    -1.6031035304E-002  
 HF contribution (EtotHF)                          -1.1625333933E+002  
 Singles correction (EcSingles)                    -1.6031035304E-002  
 Direct RPA correlation (EcRPA)                    -7.8086177114E-001  
 HF contribution (EtotHF)                          -2.2814741080E+002  
 Singles correction (EcSingles)                    -2.5474688316E-002  
 HF contribution (EtotHF)                          -2.2814741080E+002  
 Singles correction (EcSingles)                    -2.5474688316E-002  
 Direct RPA correlation (EcRPA)                    -1.2536094405E+000  
 HF contribution (EtotHF)                          -1.9230124457E+002  
 Singles correction (EcSingles)                    -2.5085649020E-002  
 HF contribution (EtotHF)                          -1.9230124457E+002  
 Singles correction (EcSingles)                    -2.5085649020E-002  
 Direct RPA correlation (EcRPA)                    -1.2010482637E+000  
 HF contribution (EtotHF)                          -1.9230084255E+002  
 Singles correction (EcSingles)                    -2.4801454528E-002  
 HF contribution (EtotHF)                          -1.9230084255E+002  
 Singles correction (EcSingles)                    -2.4801454528E-002  
 Direct RPA correlation (EcRPA)                    -1.2000967927E+000  
 HF contribution (EtotHF)                          -1.9230132014E+002  
 Singles correction (EcSingles)                    -2.4795229067E-002  
 HF contribution (EtotHF)                          -1.9230132014E+002  
 Singles correction (EcSingles)                    -2.4795229067E-002  
 Direct RPA correlation (EcRPA)                    -1.1997868914E+000  
