 Converged energy                           -269.606509704512
 Converged energy                            -76.380061342975
 Converged energy                            -76.380277557642
 Converged energy                            -76.378947474680
 Converged energy                           -152.759836765723
 Converged energy                           -152.759222719157
 Converged energy                           -152.764550376437
 Converged energy                            -40.461930027118
 Converged energy                           -116.842074352654
 Converged energy                           -116.842318948758
 Converged energy                           -116.841217243104
 Converged energy                           -229.144215698585
 Converged energy                           -193.221802117495
 Converged energy                           -193.226911925520
 Converged energy                           -193.221586982865
 HF contribution (EtotHF)                          -2.6834312196E+002  
 Singles correction (EcSingles)                    -3.5457411238E-002  
 HF contribution (EtotHF)                          -2.6834312196E+002  
 Singles correction (EcSingles)                    -3.5457411238E-002  
 Direct RPA correlation (EcRPA)                    -1.6261859651E+000  
 HF contribution (EtotHF)                          -7.6048166136E+001  
 Singles correction (EcSingles)                    -8.5129213878E-003  
 HF contribution (EtotHF)                          -7.6048166136E+001  
 Singles correction (EcSingles)                    -8.5129213878E-003  
 Direct RPA correlation (EcRPA)                    -4.1943491172E-001  
 HF contribution (EtotHF)                          -7.6048955513E+001  
 Singles correction (EcSingles)                    -8.4472456769E-003  
 HF contribution (EtotHF)                          -7.6048955513E+001  
 Singles correction (EcSingles)                    -8.4472456769E-003  
 Direct RPA correlation (EcRPA)                    -4.1788519708E-001  
 HF contribution (EtotHF)                          -7.6046140489E+001  
 Singles correction (EcSingles)                    -8.5845839006E-003  
 HF contribution (EtotHF)                          -7.6046140489E+001  
 Singles correction (EcSingles)                    -8.5845839006E-003  
 Direct RPA correlation (EcRPA)                    -4.1977585600E-001  
 HF contribution (EtotHF)                          -1.5209595204E+002  
 Singles correction (EcSingles)                    -1.7154326557E-002  
 HF contribution (EtotHF)                          -1.5209595204E+002  
 Singles correction (EcSingles)                    -1.7154326557E-002  
 Direct RPA correlation (EcRPA)                    -8.3784594720E-001  
 HF contribution (EtotHF)                          -1.5209509629E+002  
 Singles correction (EcSingles)                    -1.7034714205E-002  
 HF contribution (EtotHF)                          -1.5209509629E+002  
 Singles correction (EcSingles)                    -1.7034714205E-002  
 Direct RPA correlation (EcRPA)                    -8.3767210865E-001  
 HF contribution (EtotHF)                          -1.5209286218E+002  
 Singles correction (EcSingles)                    -1.8692355802E-002  
 HF contribution (EtotHF)                          -1.5209286218E+002  
 Singles correction (EcSingles)                    -1.8692355802E-002  
 Direct RPA correlation (EcRPA)                    -8.4226049915E-001  
 HF contribution (EtotHF)                          -4.0204650008E+001  
 Singles correction (EcSingles)                    -7.4921521947E-003  
 HF contribution (EtotHF)                          -4.0204650008E+001  
 Singles correction (EcSingles)                    -7.4921521947E-003  
 Direct RPA correlation (EcRPA)                    -3.6281343730E-001  
 HF contribution (EtotHF)                          -1.1625183097E+002  
 Singles correction (EcSingles)                    -1.6296546554E-002  
 HF contribution (EtotHF)                          -1.1625183097E+002  
 Singles correction (EcSingles)                    -1.6296546554E-002  
 Direct RPA correlation (EcRPA)                    -7.8330720592E-001  
 HF contribution (EtotHF)                          -1.1625233835E+002  
 Singles correction (EcSingles)                    -1.6309127341E-002  
 HF contribution (EtotHF)                          -1.1625233835E+002  
 Singles correction (EcSingles)                    -1.6309127341E-002  
 Direct RPA correlation (EcRPA)                    -7.8190921300E-001  
 HF contribution (EtotHF)                          -1.1625057521E+002  
 Singles correction (EcSingles)                    -1.6193313745E-002  
 HF contribution (EtotHF)                          -1.1625057521E+002  
 Singles correction (EcSingles)                    -1.6193313745E-002  
 Direct RPA correlation (EcRPA)                    -7.8318770432E-001  
 HF contribution (EtotHF)                          -2.2814058214E+002  
 Singles correction (EcSingles)                    -2.7323443588E-002  
 HF contribution (EtotHF)                          -2.2814058214E+002  
 Singles correction (EcSingles)                    -2.7323443588E-002  
 Direct RPA correlation (EcRPA)                    -1.2606643476E+000  
 HF contribution (EtotHF)                          -1.9229840230E+002  
 Singles correction (EcSingles)                    -2.5248663970E-002  
 HF contribution (EtotHF)                          -1.9229840230E+002  
 Singles correction (EcSingles)                    -2.5248663970E-002  
 Direct RPA correlation (EcRPA)                    -1.2028878625E+000  
 HF contribution (EtotHF)                          -1.9229666481E+002  
 Singles correction (EcSingles)                    -2.6507168563E-002  
 HF contribution (EtotHF)                          -1.9229666481E+002  
 Singles correction (EcSingles)                    -2.6507168563E-002  
 Direct RPA correlation (EcRPA)                    -1.2066017738E+000  
 HF contribution (EtotHF)                          -1.9229824596E+002  
 Singles correction (EcSingles)                    -2.5011600244E-002  
 HF contribution (EtotHF)                          -1.9229824596E+002  
 Singles correction (EcSingles)                    -2.5011600244E-002  
 Direct RPA correlation (EcRPA)                    -1.2022991046E+000  
