 Converged energy                           -269.601089284571
 Converged energy                            -76.379974208278
 Converged energy                            -76.380276981631
 Converged energy                            -76.379382040018
 Converged energy                           -152.759749056093
 Converged energy                           -152.759671105784
 Converged energy                           -152.759231054443
 Converged energy                            -40.461931259538
 Converged energy                           -116.841988473075
 Converged energy                           -116.842319592813
 Converged energy                           -116.841395811363
 Converged energy                           -229.139005659205
 Converged energy                           -193.221715368608
 Converged energy                           -193.221384284917
 Converged energy                           -193.221775514186
 HF contribution (EtotHF)                          -2.6834468786E+002  
 Singles correction (EcSingles)                    -3.3920615746E-002  
 HF contribution (EtotHF)                          -2.6834468786E+002  
 Singles correction (EcSingles)                    -3.3920615746E-002  
 Direct RPA correlation (EcRPA)                    -1.6210504030E+000  
 HF contribution (EtotHF)                          -7.6048077051E+001  
 Singles correction (EcSingles)                    -8.4926808204E-003  
 HF contribution (EtotHF)                          -7.6048077051E+001  
 Singles correction (EcSingles)                    -8.4926808204E-003  
 Direct RPA correlation (EcRPA)                    -4.1829092798E-001  
 HF contribution (EtotHF)                          -7.6048955210E+001  
 Singles correction (EcSingles)                    -8.4470249947E-003  
 HF contribution (EtotHF)                          -7.6048955210E+001  
 Singles correction (EcSingles)                    -8.4470249947E-003  
 Direct RPA correlation (EcRPA)                    -4.1787437775E-001  
 HF contribution (EtotHF)                          -7.6047183763E+001  
 Singles correction (EcSingles)                    -8.5199404356E-003  
 HF contribution (EtotHF)                          -7.6047183763E+001  
 Singles correction (EcSingles)                    -8.5199404356E-003  
 Direct RPA correlation (EcRPA)                    -4.1846734819E-001  
 HF contribution (EtotHF)                          -1.5209586178E+002  
 Singles correction (EcSingles)                    -1.7134033979E-002  
 HF contribution (EtotHF)                          -1.5209586178E+002  
 Singles correction (EcSingles)                    -1.7134033979E-002  
 Direct RPA correlation (EcRPA)                    -8.3669190234E-001  
 HF contribution (EtotHF)                          -1.5209615716E+002  
 Singles correction (EcSingles)                    -1.6968911048E-002  
 HF contribution (EtotHF)                          -1.5209615716E+002  
 Singles correction (EcSingles)                    -1.6968911048E-002  
 Direct RPA correlation (EcRPA)                    -8.3634840255E-001  
 HF contribution (EtotHF)                          -1.5209511080E+002  
 Singles correction (EcSingles)                    -1.7016802510E-002  
 HF contribution (EtotHF)                          -1.5209511080E+002  
 Singles correction (EcSingles)                    -1.7016802510E-002  
 Direct RPA correlation (EcRPA)                    -8.3678989614E-001  
 HF contribution (EtotHF)                          -4.0204650626E+001  
 Singles correction (EcSingles)                    -7.4924303600E-003  
 HF contribution (EtotHF)                          -4.0204650626E+001  
 Singles correction (EcSingles)                    -7.4924303600E-003  
 Direct RPA correlation (EcRPA)                    -3.6283803607E-001  
 HF contribution (EtotHF)                          -1.1625174125E+002  
 Singles correction (EcSingles)                    -1.6277213883E-002  
 HF contribution (EtotHF)                          -1.1625174125E+002  
 Singles correction (EcSingles)                    -1.6277213883E-002  
 Direct RPA correlation (EcRPA)                    -7.8217859826E-001  
 HF contribution (EtotHF)                          -1.1625233876E+002  
 Singles correction (EcSingles)                    -1.6309009329E-002  
 HF contribution (EtotHF)                          -1.1625233876E+002  
 Singles correction (EcSingles)                    -1.6309009329E-002  
 Direct RPA correlation (EcRPA)                    -7.8192187425E-001  
 HF contribution (EtotHF)                          -1.1625113104E+002  
 Singles correction (EcSingles)                    -1.6180889376E-002  
 HF contribution (EtotHF)                          -1.1625113104E+002  
 Singles correction (EcSingles)                    -1.6180889376E-002  
 Direct RPA correlation (EcRPA)                    -7.8210324384E-001  
 HF contribution (EtotHF)                          -2.2814290281E+002  
 Singles correction (EcSingles)                    -2.5659099080E-002  
 HF contribution (EtotHF)                          -2.2814290281E+002  
 Singles correction (EcSingles)                    -2.5659099080E-002  
 Direct RPA correlation (EcRPA)                    -1.2551982224E+000  
 HF contribution (EtotHF)                          -1.9229831159E+002  
 Singles correction (EcSingles)                    -2.5229029656E-002  
 HF contribution (EtotHF)                          -1.9229831159E+002  
 Singles correction (EcSingles)                    -2.5229029656E-002  
 Direct RPA correlation (EcRPA)                    -1.2017479491E+000  
 HF contribution (EtotHF)                          -1.9229813303E+002  
 Singles correction (EcSingles)                    -2.4969111016E-002  
 HF contribution (EtotHF)                          -1.9229813303E+002  
 Singles correction (EcSingles)                    -2.4969111016E-002  
 Direct RPA correlation (EcRPA)                    -1.2014683766E+000  
 HF contribution (EtotHF)                          -1.9229881782E+002  
 Singles correction (EcSingles)                    -2.4997248237E-002  
 HF contribution (EtotHF)                          -1.9229881782E+002  
 Singles correction (EcSingles)                    -2.4997248237E-002  
 Direct RPA correlation (EcRPA)                    -1.2011980573E+000  
