 Converged energy                           -269.605995594392
 Converged energy                            -76.380055477107
 Converged energy                            -76.378946188965
 Converged energy                            -76.379381614851
 Converged energy                           -152.764543129768
 Converged energy                           -152.758041547137
 Converged energy                           -152.759311925013
 Converged energy                            -40.461927526526
 Converged energy                           -116.842066166215
 Converged energy                           -116.841213309410
 Converged energy                           -116.841391646384
 Converged energy                           -229.143409791676
 Converged energy                           -193.226902211235
 Converged energy                           -193.221461592904
 Converged energy                           -193.220449557690
 HF contribution (EtotHF)                          -2.6834268032E+002  
 Singles correction (EcSingles)                    -3.5207452257E-002  
 HF contribution (EtotHF)                          -2.6834268032E+002  
 Singles correction (EcSingles)                    -3.5207452257E-002  
 Direct RPA correlation (EcRPA)                    -1.6258680825E+000  
 HF contribution (EtotHF)                          -7.6048159036E+001  
 Singles correction (EcSingles)                    -8.5120147695E-003  
 HF contribution (EtotHF)                          -7.6048159036E+001  
 Singles correction (EcSingles)                    -8.5120147695E-003  
 Direct RPA correlation (EcRPA)                    -4.1937476686E-001  
 HF contribution (EtotHF)                          -7.6046139131E+001  
 Singles correction (EcSingles)                    -8.5844596506E-003  
 HF contribution (EtotHF)                          -7.6046139131E+001  
 Singles correction (EcSingles)                    -8.5844596506E-003  
 Direct RPA correlation (EcRPA)                    -4.1976527523E-001  
 HF contribution (EtotHF)                          -7.6047183296E+001  
 Singles correction (EcSingles)                    -8.5198913670E-003  
 HF contribution (EtotHF)                          -7.6047183296E+001  
 Singles correction (EcSingles)                    -8.5198913670E-003  
 Direct RPA correlation (EcRPA)                    -4.1846385844E-001  
 HF contribution (EtotHF)                          -1.5209285347E+002  
 Singles correction (EcSingles)                    -1.8691052274E-002  
 HF contribution (EtotHF)                          -1.5209285347E+002  
 Singles correction (EcSingles)                    -1.8691052274E-002  
 Direct RPA correlation (EcRPA)                    -8.4218907324E-001  
 HF contribution (EtotHF)                          -1.5209295808E+002  
 Singles correction (EcSingles)                    -1.7117601458E-002  
 HF contribution (EtotHF)                          -1.5209295808E+002  
 Singles correction (EcSingles)                    -1.7117601458E-002  
 Direct RPA correlation (EcRPA)                    -8.3831575242E-001  
 HF contribution (EtotHF)                          -1.5209519241E+002  
 Singles correction (EcSingles)                    -1.7036131769E-002  
 HF contribution (EtotHF)                          -1.5209519241E+002  
 Singles correction (EcSingles)                    -1.7036131769E-002  
 Direct RPA correlation (EcRPA)                    -8.3786967040E-001  
 HF contribution (EtotHF)                          -4.0204651084E+001  
 Singles correction (EcSingles)                    -7.4909623268E-003  
 HF contribution (EtotHF)                          -4.0204651084E+001  
 Singles correction (EcSingles)                    -7.4909623268E-003  
 Direct RPA correlation (EcRPA)                    -3.6279111896E-001  
 HF contribution (EtotHF)                          -1.1625182481E+002  
 Singles correction (EcSingles)                    -1.6294641761E-002  
 HF contribution (EtotHF)                          -1.1625182481E+002  
 Singles correction (EcSingles)                    -1.6294641761E-002  
 Direct RPA correlation (EcRPA)                    -7.8322301529E-001  
 HF contribution (EtotHF)                          -1.1625057501E+002  
 Singles correction (EcSingles)                    -1.6191994845E-002  
 HF contribution (EtotHF)                          -1.1625057501E+002  
 Singles correction (EcSingles)                    -1.6191994845E-002  
 Direct RPA correlation (EcRPA)                    -7.8315454187E-001  
 HF contribution (EtotHF)                          -1.1625113107E+002  
 Singles correction (EcSingles)                    -1.6179391992E-002  
 HF contribution (EtotHF)                          -1.1625113107E+002  
 Singles correction (EcSingles)                    -1.6179391992E-002  
 Direct RPA correlation (EcRPA)                    -7.8205259323E-001  
 HF contribution (EtotHF)                          -2.2813942173E+002  
 Singles correction (EcSingles)                    -2.7228102170E-002  
 HF contribution (EtotHF)                          -2.2813942173E+002  
 Singles correction (EcSingles)                    -2.7228102170E-002  
 Direct RPA correlation (EcRPA)                    -1.2607742806E+000  
 HF contribution (EtotHF)                          -1.9229665722E+002  
 Singles correction (EcSingles)                    -2.6504777172E-002  
 HF contribution (EtotHF)                          -1.9229665722E+002  
 Singles correction (EcSingles)                    -2.6504777172E-002  
 Direct RPA correlation (EcRPA)                    -1.2065060963E+000  
 HF contribution (EtotHF)                          -1.9229821614E+002  
 Singles correction (EcSingles)                    -2.4986636010E-002  
 HF contribution (EtotHF)                          -1.9229821614E+002  
 Singles correction (EcSingles)                    -2.4986636010E-002  
 Direct RPA correlation (EcRPA)                    -1.2025086140E+000  
 HF contribution (EtotHF)                          -1.9229675806E+002  
 Singles correction (EcSingles)                    -2.4891678288E-002  
 HF contribution (EtotHF)                          -1.9229675806E+002  
 Singles correction (EcSingles)                    -2.4891678288E-002  
 Direct RPA correlation (EcRPA)                    -1.2024917986E+000  
