 Converged energy                           -269.603917315625
 Converged energy                            -76.380066226321
 Converged energy                            -76.380121255674
 Converged energy                            -76.379384187604
 Converged energy                           -152.761967577175
 Converged energy                           -152.759875959099
 Converged energy                           -152.759124366261
 Converged energy                            -40.461924310432
 Converged energy                           -116.842134608451
 Converged energy                           -116.842608818909
 Converged energy                           -116.841390754609
 Converged energy                           -229.141402303773
 Converged energy                           -193.224499753015
 Converged energy                           -193.221221371565
 Converged energy                           -193.222401116674
 HF contribution (EtotHF)                          -2.6834927248E+002  
 Singles correction (EcSingles)                    -3.3553458131E-002  
 HF contribution (EtotHF)                          -2.6834927248E+002  
 Singles correction (EcSingles)                    -3.3553458131E-002  
 Direct RPA correlation (EcRPA)                    -1.6191735851E+000  
 HF contribution (EtotHF)                          -7.6048921674E+001  
 Singles correction (EcSingles)                    -8.4273882764E-003  
 HF contribution (EtotHF)                          -7.6048921674E+001  
 Singles correction (EcSingles)                    -8.4273882764E-003  
 Direct RPA correlation (EcRPA)                    -4.1749128962E-001  
 HF contribution (EtotHF)                          -7.6048694055E+001  
 Singles correction (EcSingles)                    -8.4527775755E-003  
 HF contribution (EtotHF)                          -7.6048694055E+001  
 Singles correction (EcSingles)                    -8.4527775755E-003  
 Direct RPA correlation (EcRPA)                    -4.1784840800E-001  
 HF contribution (EtotHF)                          -7.6047184877E+001  
 Singles correction (EcSingles)                    -8.5200352527E-003  
 HF contribution (EtotHF)                          -7.6047184877E+001  
 Singles correction (EcSingles)                    -8.5200352527E-003  
 Direct RPA correlation (EcRPA)                    -4.1848098380E-001  
 HF contribution (EtotHF)                          -1.5209928328E+002  
 Singles correction (EcSingles)                    -1.6960433401E-002  
 HF contribution (EtotHF)                          -1.5209928328E+002  
 Singles correction (EcSingles)                    -1.6960433401E-002  
 Direct RPA correlation (EcRPA)                    -8.3532627495E-001  
 HF contribution (EtotHF)                          -1.5209633290E+002  
 Singles correction (EcSingles)                    -1.6961233885E-002  
 HF contribution (EtotHF)                          -1.5209633290E+002  
 Singles correction (EcSingles)                    -1.6961233885E-002  
 Direct RPA correlation (EcRPA)                    -8.3625076438E-001  
 HF contribution (EtotHF)                          -1.5209553514E+002  
 Singles correction (EcSingles)                    -1.7010800358E-002  
 HF contribution (EtotHF)                          -1.5209553514E+002  
 Singles correction (EcSingles)                    -1.7010800358E-002  
 Direct RPA correlation (EcRPA)                    -8.3619096947E-001  
 HF contribution (EtotHF)                          -4.0204651092E+001  
 Singles correction (EcSingles)                    -7.4884693789E-003  
 HF contribution (EtotHF)                          -4.0204651092E+001  
 Singles correction (EcSingles)                    -7.4884693789E-003  
 Direct RPA correlation (EcRPA)                    -3.6280077616E-001  
 HF contribution (EtotHF)                          -1.1625312449E+002  
 Singles correction (EcSingles)                    -1.6042998799E-002  
 HF contribution (EtotHF)                          -1.1625312449E+002  
 Singles correction (EcSingles)                    -1.6042998799E-002  
 Direct RPA correlation (EcRPA)                    -7.8091741285E-001  
 HF contribution (EtotHF)                          -1.1625271043E+002  
 Singles correction (EcSingles)                    -1.6250578599E-002  
 HF contribution (EtotHF)                          -1.1625271043E+002  
 Singles correction (EcSingles)                    -1.6250578599E-002  
 Direct RPA correlation (EcRPA)                    -7.8171887980E-001  
 HF contribution (EtotHF)                          -1.1625113265E+002  
 Singles correction (EcSingles)                    -1.6176988194E-002  
 HF contribution (EtotHF)                          -1.1625113265E+002  
 Singles correction (EcSingles)                    -1.6176988194E-002  
 Direct RPA correlation (EcRPA)                    -7.8207991954E-001  
 HF contribution (EtotHF)                          -2.2814636317E+002  
 Singles correction (EcSingles)                    -2.5529896831E-002  
 HF contribution (EtotHF)                          -2.2814636317E+002  
 Singles correction (EcSingles)                    -2.5529896831E-002  
 Direct RPA correlation (EcRPA)                    -1.2539436096E+000  
 HF contribution (EtotHF)                          -1.9230290381E+002  
 Singles correction (EcSingles)                    -2.4843392492E-002  
 HF contribution (EtotHF)                          -1.9230290381E+002  
 Singles correction (EcSingles)                    -2.4843392492E-002  
 Direct RPA correlation (EcRPA)                    -1.1997817323E+000  
 HF contribution (EtotHF)                          -1.9229907234E+002  
 Singles correction (EcSingles)                    -2.4768825548E-002  
 HF contribution (EtotHF)                          -1.9229907234E+002  
 Singles correction (EcSingles)                    -2.4768825548E-002  
 Direct RPA correlation (EcRPA)                    -1.2003831210E+000  
 HF contribution (EtotHF)                          -1.9229960564E+002  
 Singles correction (EcSingles)                    -2.4924080617E-002  
 HF contribution (EtotHF)                          -1.9229960564E+002  
 Singles correction (EcSingles)                    -2.4924080617E-002  
 Direct RPA correlation (EcRPA)                    -1.2009268607E+000  
