 Converged energy                           -269.612436966953
 Converged energy                            -76.380119376814
 Converged energy                            -76.380227744037
 Converged energy                            -76.380319650302
 Converged energy                           -152.768303579537
 Converged energy                           -152.762144526198
 Converged energy                           -152.760366547781
 Converged energy                            -40.461933240270
 Converged energy                           -116.842197262045
 Converged energy                           -116.842341641518
 Converged energy                           -116.842572251321
 Converged energy                           -229.150241301838
 Converged energy                           -193.230280230532
 Converged energy                           -193.222799629972
 Converged energy                           -193.224435283793
 HF contribution (EtotHF)                          -2.6835437808E+002  
 Singles correction (EcSingles)                    -3.4810059809E-002  
 HF contribution (EtotHF)                          -2.6835437808E+002  
 Singles correction (EcSingles)                    -3.4810059809E-002  
 Direct RPA correlation (EcRPA)                    -1.6222409036E+000  
 HF contribution (EtotHF)                          -7.6048977676E+001  
 Singles correction (EcSingles)                    -8.4432523829E-003  
 HF contribution (EtotHF)                          -7.6048977676E+001  
 Singles correction (EcSingles)                    -8.4432523829E-003  
 Direct RPA correlation (EcRPA)                    -4.1824536470E-001  
 HF contribution (EtotHF)                          -7.6048847651E+001  
 Singles correction (EcSingles)                    -8.4576712441E-003  
 HF contribution (EtotHF)                          -7.6048847651E+001  
 Singles correction (EcSingles)                    -8.4576712441E-003  
 Direct RPA correlation (EcRPA)                    -4.1829369575E-001  
 HF contribution (EtotHF)                          -7.6049203867E+001  
 Singles correction (EcSingles)                    -8.4302843036E-003  
 HF contribution (EtotHF)                          -7.6049203867E+001  
 Singles correction (EcSingles)                    -8.4302843036E-003  
 Direct RPA correlation (EcRPA)                    -4.1771442077E-001  
 HF contribution (EtotHF)                          -1.5210164750E+002  
 Singles correction (EcSingles)                    -1.8045369085E-002  
 HF contribution (EtotHF)                          -1.5210164750E+002  
 Singles correction (EcSingles)                    -1.8045369085E-002  
 Direct RPA correlation (EcRPA)                    -8.3869318980E-001  
 HF contribution (EtotHF)                          -1.5209944554E+002  
 Singles correction (EcSingles)                    -1.6989247548E-002  
 HF contribution (EtotHF)                          -1.5209944554E+002  
 Singles correction (EcSingles)                    -1.6989247548E-002  
 Direct RPA correlation (EcRPA)                    -8.3607327858E-001  
 HF contribution (EtotHF)                          -1.5209807970E+002  
 Singles correction (EcSingles)                    -1.6881529647E-002  
 HF contribution (EtotHF)                          -1.5209807970E+002  
 Singles correction (EcSingles)                    -1.6881529647E-002  
 Direct RPA correlation (EcRPA)                    -8.3599960019E-001  
 HF contribution (EtotHF)                          -4.0204650118E+001  
 Singles correction (EcSingles)                    -7.4948421458E-003  
 HF contribution (EtotHF)                          -4.0204650118E+001  
 Singles correction (EcSingles)                    -7.4948421458E-003  
 Direct RPA correlation (EcRPA)                    -3.6283156063E-001  
 HF contribution (EtotHF)                          -1.1625317942E+002  
 Singles correction (EcSingles)                    -1.6065267503E-002  
 HF contribution (EtotHF)                          -1.1625317942E+002  
 Singles correction (EcSingles)                    -1.6065267503E-002  
 Direct RPA correlation (EcRPA)                    -7.8170918916E-001  
 HF contribution (EtotHF)                          -1.1625273661E+002  
 Singles correction (EcSingles)                    -1.6211305235E-002  
 HF contribution (EtotHF)                          -1.1625273661E+002  
 Singles correction (EcSingles)                    -1.6211305235E-002  
 Direct RPA correlation (EcRPA)                    -7.8207677920E-001  
 HF contribution (EtotHF)                          -1.1625250342E+002  
 Singles correction (EcSingles)                    -1.6368064232E-002  
 HF contribution (EtotHF)                          -1.1625250342E+002  
 Singles correction (EcSingles)                    -1.6368064232E-002  
 Direct RPA correlation (EcRPA)                    -7.8191717635E-001  
 HF contribution (EtotHF)                          -2.2815217137E+002  
 Singles correction (EcSingles)                    -2.6605961944E-002  
 HF contribution (EtotHF)                          -2.2815217137E+002  
 Singles correction (EcSingles)                    -2.6605961944E-002  
 Direct RPA correlation (EcRPA)                    -1.2565524999E+000  
 HF contribution (EtotHF)                          -1.9230509891E+002  
 Singles correction (EcSingles)                    -2.5867787647E-002  
 HF contribution (EtotHF)                          -1.9230509891E+002  
 Singles correction (EcSingles)                    -2.5867787647E-002  
 Direct RPA correlation (EcRPA)                    -1.2030588559E+000  
 HF contribution (EtotHF)                          -1.9230097670E+002  
 Singles correction (EcSingles)                    -2.4941821779E-002  
 HF contribution (EtotHF)                          -1.9230097670E+002  
 Singles correction (EcSingles)                    -2.4941821779E-002  
 Direct RPA correlation (EcRPA)                    -1.2008295608E+000  
 HF contribution (EtotHF)                          -1.9230203037E+002  
 Singles correction (EcSingles)                    -2.5130813920E-002  
 HF contribution (EtotHF)                          -1.9230203037E+002  
 Singles correction (EcSingles)                    -2.5130813920E-002  
 Direct RPA correlation (EcRPA)                    -1.2011880176E+000  
