 Converged energy                           -269.605370760833
 Converged energy                            -76.380301368402
 Converged energy                            -76.380272937752
 Converged energy                            -76.380025059207
 Converged energy                           -152.762118226747
 Converged energy                           -152.760664082890
 Converged energy                           -152.760221721600
 Converged energy                            -40.461928651527
 Converged energy                           -116.842772307944
 Converged energy                           -116.842312742042
 Converged energy                           -116.842499266294
 Converged energy                           -229.142410726661
 Converged energy                           -193.224561488072
 Converged energy                           -193.223279375241
 Converged energy                           -193.223182335581
 HF contribution (EtotHF)                          -2.6835148330E+002  
 Singles correction (EcSingles)                    -3.3582012806E-002  
 HF contribution (EtotHF)                          -2.6835148330E+002  
 Singles correction (EcSingles)                    -3.3582012806E-002  
 Direct RPA correlation (EcRPA)                    -1.6184662032E+000  
 HF contribution (EtotHF)                          -7.6049182958E+001  
 Singles correction (EcSingles)                    -8.4281671848E-003  
 HF contribution (EtotHF)                          -7.6049182958E+001  
 Singles correction (EcSingles)                    -8.4281671848E-003  
 Direct RPA correlation (EcRPA)                    -4.1757823874E-001  
 HF contribution (EtotHF)                          -7.6048948885E+001  
 Singles correction (EcSingles)                    -8.4458258705E-003  
 HF contribution (EtotHF)                          -7.6048948885E+001  
 Singles correction (EcSingles)                    -8.4458258705E-003  
 Direct RPA correlation (EcRPA)                    -4.1781705426E-001  
 HF contribution (EtotHF)                          -7.6048805942E+001  
 Singles correction (EcSingles)                    -8.4345031676E-003  
 HF contribution (EtotHF)                          -7.6048805942E+001  
 Singles correction (EcSingles)                    -8.4345031676E-003  
 Direct RPA correlation (EcRPA)                    -4.1755105033E-001  
 HF contribution (EtotHF)                          -1.5209949028E+002  
 Singles correction (EcSingles)                    -1.6969340769E-002  
 HF contribution (EtotHF)                          -1.5209949028E+002  
 Singles correction (EcSingles)                    -1.6969340769E-002  
 Direct RPA correlation (EcRPA)                    -8.3544953680E-001  
 HF contribution (EtotHF)                          -1.5209820094E+002  
 Singles correction (EcSingles)                    -1.6869991634E-002  
 HF contribution (EtotHF)                          -1.5209820094E+002  
 Singles correction (EcSingles)                    -1.6869991634E-002  
 Direct RPA correlation (EcRPA)                    -8.3529331792E-001  
 HF contribution (EtotHF)                          -1.5209786610E+002  
 Singles correction (EcSingles)                    -1.6865667186E-002  
 HF contribution (EtotHF)                          -1.5209786610E+002  
 Singles correction (EcSingles)                    -1.6865667186E-002  
 Direct RPA correlation (EcRPA)                    -8.3515343719E-001  
 HF contribution (EtotHF)                          -4.0204649950E+001  
 Singles correction (EcSingles)                    -7.4917853442E-003  
 HF contribution (EtotHF)                          -4.0204649950E+001  
 Singles correction (EcSingles)                    -7.4917853442E-003  
 Direct RPA correlation (EcRPA)                    -3.6280833196E-001  
 HF contribution (EtotHF)                          -1.1625338262E+002  
 Singles correction (EcSingles)                    -1.6177500705E-002  
 HF contribution (EtotHF)                          -1.1625338262E+002  
 Singles correction (EcSingles)                    -1.6177500705E-002  
 Direct RPA correlation (EcRPA)                    -7.8129489256E-001  
 HF contribution (EtotHF)                          -1.1625233145E+002  
 Singles correction (EcSingles)                    -1.6307548571E-002  
 HF contribution (EtotHF)                          -1.1625233145E+002  
 Singles correction (EcSingles)                    -1.6307548571E-002  
 Direct RPA correlation (EcRPA)                    -7.8183493639E-001  
 HF contribution (EtotHF)                          -1.1625337899E+002  
 Singles correction (EcSingles)                    -1.6047286995E-002  
 HF contribution (EtotHF)                          -1.1625337899E+002  
 Singles correction (EcSingles)                    -1.6047286995E-002  
 Direct RPA correlation (EcRPA)                    -7.8097615257E-001  
 HF contribution (EtotHF)                          -2.2814862478E+002  
 Singles correction (EcSingles)                    -2.5396758911E-002  
 HF contribution (EtotHF)                          -2.2814862478E+002  
 Singles correction (EcSingles)                    -2.5396758911E-002  
 Direct RPA correlation (EcRPA)                    -1.2529501106E+000  
 HF contribution (EtotHF)                          -1.9230245260E+002  
 Singles correction (EcSingles)                    -2.5036991509E-002  
 HF contribution (EtotHF)                          -1.9230245260E+002  
 Singles correction (EcSingles)                    -2.5036991509E-002  
 Direct RPA correlation (EcRPA)                    -1.2003406577E+000  
 HF contribution (EtotHF)                          -1.9230203279E+002  
 Singles correction (EcSingles)                    -2.4735307636E-002  
 HF contribution (EtotHF)                          -1.9230203279E+002  
 Singles correction (EcSingles)                    -2.4735307636E-002  
 Direct RPA correlation (EcRPA)                    -1.1994823614E+000  
 HF contribution (EtotHF)                          -1.9230143763E+002  
 Singles correction (EcSingles)                    -2.4850341576E-002  
 HF contribution (EtotHF)                          -1.9230143763E+002  
 Singles correction (EcSingles)                    -2.4850341576E-002  
 Direct RPA correlation (EcRPA)                    -1.1999408183E+000  
