 Converged energy                           -269.611179638702
 Converged energy                            -76.380364734104
 Converged energy                            -76.380098390214
 Converged energy                            -76.379991788939
 Converged energy                           -152.766697086909
 Converged energy                           -152.761760184676
 Converged energy                           -152.760399320649
 Converged energy                            -40.461931026964
 Converged energy                           -116.842838336150
 Converged energy                           -116.842528372169
 Converged energy                           -116.841950018899
 Converged energy                           -229.148498177398
 Converged energy                           -193.229532837755
 Converged energy                           -193.222893931824
 Converged energy                           -193.224031512118
 HF contribution (EtotHF)                          -2.6835026841E+002  
 Singles correction (EcSingles)                    -3.5294876778E-002  
 HF contribution (EtotHF)                          -2.6835026841E+002  
 Singles correction (EcSingles)                    -3.5294876778E-002  
 Direct RPA correlation (EcRPA)                    -1.6245452893E+000  
 HF contribution (EtotHF)                          -7.6049252087E+001  
 Singles correction (EcSingles)                    -8.4425088684E-003  
 HF contribution (EtotHF)                          -7.6049252087E+001  
 Singles correction (EcSingles)                    -8.4425088684E-003  
 Direct RPA correlation (EcRPA)                    -4.1842624361E-001  
 HF contribution (EtotHF)                          -7.6048403481E+001  
 Singles correction (EcSingles)                    -8.4869539863E-003  
 HF contribution (EtotHF)                          -7.6048403481E+001  
 Singles correction (EcSingles)                    -8.4869539863E-003  
 Direct RPA correlation (EcRPA)                    -4.1876994826E-001  
 HF contribution (EtotHF)                          -7.6048093702E+001  
 Singles correction (EcSingles)                    -8.4925472131E-003  
 HF contribution (EtotHF)                          -7.6048093702E+001  
 Singles correction (EcSingles)                    -8.4925472131E-003  
 Direct RPA correlation (EcRPA)                    -4.1826224049E-001  
 HF contribution (EtotHF)                          -1.5209833838E+002  
 Singles correction (EcSingles)                    -1.8341197140E-002  
 HF contribution (EtotHF)                          -1.5209833838E+002  
 Singles correction (EcSingles)                    -1.8341197140E-002  
 Direct RPA correlation (EcRPA)                    -8.4009571336E-001  
 HF contribution (EtotHF)                          -1.5209791827E+002  
 Singles correction (EcSingles)                    -1.7096777625E-002  
 HF contribution (EtotHF)                          -1.5209791827E+002  
 Singles correction (EcSingles)                    -1.7096777625E-002  
 Direct RPA correlation (EcRPA)                    -8.3712804127E-001  
 HF contribution (EtotHF)                          -1.5209736026E+002  
 Singles correction (EcSingles)                    -1.6947063658E-002  
 HF contribution (EtotHF)                          -1.5209736026E+002  
 Singles correction (EcSingles)                    -1.6947063658E-002  
 Direct RPA correlation (EcRPA)                    -8.3672047680E-001  
 HF contribution (EtotHF)                          -4.0204649862E+001  
 Singles correction (EcSingles)                    -7.4931206959E-003  
 HF contribution (EtotHF)                          -4.0204649862E+001  
 Singles correction (EcSingles)                    -7.4931206959E-003  
 Direct RPA correlation (EcRPA)                    -3.6285195684E-001  
 HF contribution (EtotHF)                          -1.1625345155E+002  
 Singles correction (EcSingles)                    -1.6192651401E-002  
 HF contribution (EtotHF)                          -1.1625345155E+002  
 Singles correction (EcSingles)                    -1.6192651401E-002  
 Direct RPA correlation (EcRPA)                    -7.8219698133E-001  
 HF contribution (EtotHF)                          -1.1625194946E+002  
 Singles correction (EcSingles)                    -1.6403193919E-002  
 HF contribution (EtotHF)                          -1.1625194946E+002  
 Singles correction (EcSingles)                    -1.6403193919E-002  
 Direct RPA correlation (EcRPA)                    -7.8294524108E-001  
 HF contribution (EtotHF)                          -1.1625162390E+002  
 Singles correction (EcSingles)                    -1.6295039369E-002  
 HF contribution (EtotHF)                          -1.1625162390E+002  
 Singles correction (EcSingles)                    -1.6295039369E-002  
 Direct RPA correlation (EcRPA)                    -7.8220554629E-001  
 HF contribution (EtotHF)                          -2.2814788909E+002  
 Singles correction (EcSingles)                    -2.6986074094E-002  
 HF contribution (EtotHF)                          -2.2814788909E+002  
 Singles correction (EcSingles)                    -2.6986074094E-002  
 Direct RPA correlation (EcRPA)                    -1.2585355501E+000  
 HF contribution (EtotHF)                          -1.9230178505E+002  
 Singles correction (EcSingles)                    -2.6410858959E-002  
 HF contribution (EtotHF)                          -1.9230178505E+002  
 Singles correction (EcSingles)                    -2.6410858959E-002  
 Direct RPA correlation (EcRPA)                    -1.2050640484E+000  
 HF contribution (EtotHF)                          -1.9230045544E+002  
 Singles correction (EcSingles)                    -2.4997525868E-002  
 HF contribution (EtotHF)                          -1.9230045544E+002  
 Singles correction (EcSingles)                    -2.4997525868E-002  
 Direct RPA correlation (EcRPA)                    -1.2015783768E+000  
 HF contribution (EtotHF)                          -1.9230037416E+002  
 Singles correction (EcSingles)                    -2.5258694312E-002  
 HF contribution (EtotHF)                          -1.9230037416E+002  
 Singles correction (EcSingles)                    -2.5258694312E-002  
 Direct RPA correlation (EcRPA)                    -1.2023504848E+000  
