 Converged energy                           -269.609124719354
 Converged energy                            -76.380298090937
 Converged energy                            -76.380377949364
 Converged energy                            -76.380030780022
 Converged energy                           -152.760436945387
 Converged energy                           -152.766660671116
 Converged energy                           -152.760371881738
 Converged energy                            -40.461933747638
 Converged energy                           -116.842774198533
 Converged energy                           -116.842631325222
 Converged energy                           -116.841992561789
 Converged energy                           -229.146617932858
 Converged energy                           -193.223284511040
 Converged energy                           -193.222869647610
 Converged energy                           -193.228559618914
 HF contribution (EtotHF)                          -2.6834887179E+002  
 Singles correction (EcSingles)                    -3.5156408695E-002  
 HF contribution (EtotHF)                          -2.6834887179E+002  
 Singles correction (EcSingles)                    -3.5156408695E-002  
 Direct RPA correlation (EcRPA)                    -1.6240583287E+000  
 HF contribution (EtotHF)                          -7.6049179071E+001  
 Singles correction (EcSingles)                    -8.4276471499E-003  
 HF contribution (EtotHF)                          -7.6049179071E+001  
 Singles correction (EcSingles)                    -8.4276471499E-003  
 Direct RPA correlation (EcRPA)                    -4.1755396926E-001  
 HF contribution (EtotHF)                          -7.6049267147E+001  
 Singles correction (EcSingles)                    -8.4434597328E-003  
 HF contribution (EtotHF)                          -7.6049267147E+001  
 Singles correction (EcSingles)                    -8.4434597328E-003  
 Direct RPA correlation (EcRPA)                    -4.1852792591E-001  
 HF contribution (EtotHF)                          -7.6048136098E+001  
 Singles correction (EcSingles)                    -8.5011070193E-003  
 HF contribution (EtotHF)                          -7.6048136098E+001  
 Singles correction (EcSingles)                    -8.5011070193E-003  
 Direct RPA correlation (EcRPA)                    -4.1880924591E-001  
 HF contribution (EtotHF)                          -1.5209814348E+002  
 Singles correction (EcSingles)                    -1.6883783918E-002  
 HF contribution (EtotHF)                          -1.5209814348E+002  
 Singles correction (EcSingles)                    -1.6883783918E-002  
 Direct RPA correlation (EcRPA)                    -8.3615271865E-001  
 HF contribution (EtotHF)                          -1.5209803794E+002  
 Singles correction (EcSingles)                    -1.8363437039E-002  
 HF contribution (EtotHF)                          -1.5209803794E+002  
 Singles correction (EcSingles)                    -1.8363437039E-002  
 Direct RPA correlation (EcRPA)                    -8.4033569325E-001  
 HF contribution (EtotHF)                          -1.5209732967E+002  
 Singles correction (EcSingles)                    -1.6940750041E-002  
 HF contribution (EtotHF)                          -1.5209732967E+002  
 Singles correction (EcSingles)                    -1.6940750041E-002  
 Direct RPA correlation (EcRPA)                    -8.3639483336E-001  
 HF contribution (EtotHF)                          -4.0204650364E+001  
 Singles correction (EcSingles)                    -7.4948733761E-003  
 HF contribution (EtotHF)                          -4.0204650364E+001  
 Singles correction (EcSingles)                    -7.4948733761E-003  
 Direct RPA correlation (EcRPA)                    -3.6286568776E-001  
 HF contribution (EtotHF)                          -1.1625337914E+002  
 Singles correction (EcSingles)                    -1.6179980190E-002  
 HF contribution (EtotHF)                          -1.1625337914E+002  
 Singles correction (EcSingles)                    -1.6179980190E-002  
 Direct RPA correlation (EcRPA)                    -7.8132819645E-001  
 HF contribution (EtotHF)                          -1.1625256760E+002  
 Singles correction (EcSingles)                    -1.6380851911E-002  
 HF contribution (EtotHF)                          -1.1625256760E+002  
 Singles correction (EcSingles)                    -1.6380851911E-002  
 Direct RPA correlation (EcRPA)                    -7.8277326021E-001  
 HF contribution (EtotHF)                          -1.1625166705E+002  
 Singles correction (EcSingles)                    -1.6305084775E-002  
 HF contribution (EtotHF)                          -1.1625166705E+002  
 Singles correction (EcSingles)                    -1.6305084775E-002  
 Direct RPA correlation (EcRPA)                    -7.8277073919E-001  
 HF contribution (EtotHF)                          -2.2814679033E+002  
 Singles correction (EcSingles)                    -2.6813331817E-002  
 HF contribution (EtotHF)                          -2.2814679033E+002  
 Singles correction (EcSingles)                    -2.6813331817E-002  
 Direct RPA correlation (EcRPA)                    -1.2579967468E+000  
 HF contribution (EtotHF)                          -1.9230105289E+002  
 Singles correction (EcSingles)                    -2.5077596375E-002  
 HF contribution (EtotHF)                          -1.9230105289E+002  
 Singles correction (EcSingles)                    -2.5077596375E-002  
 Direct RPA correlation (EcRPA)                    -1.2013020892E+000  
 HF contribution (EtotHF)                          -1.9230042558E+002  
 Singles correction (EcSingles)                    -2.4993236365E-002  
 HF contribution (EtotHF)                          -1.9230042558E+002  
 Singles correction (EcSingles)                    -2.4993236365E-002  
 Direct RPA correlation (EcRPA)                    -1.2012606426E+000  
 HF contribution (EtotHF)                          -1.9230047838E+002  
 Singles correction (EcSingles)                    -2.6458731303E-002  
 HF contribution (EtotHF)                          -1.9230047838E+002  
 Singles correction (EcSingles)                    -2.6458731303E-002  
 Direct RPA correlation (EcRPA)                    -1.2054984034E+000  
