 Converged energy                           -269.611361125524
 Converged energy                            -76.380153071223
 Converged energy                            -76.379636478825
 Converged energy                            -76.379384901748
 Converged energy                           -152.767639948563
 Converged energy                           -152.759927588591
 Converged energy                           -152.759908349744
 Converged energy                            -40.461926752499
 Converged energy                           -116.842644065555
 Converged energy                           -116.842008587100
 Converged energy                           -116.841393954132
 Converged energy                           -229.148608617111
 Converged energy                           -193.230372399572
 Converged energy                           -193.222437096737
 Converged energy                           -193.222369532033
 HF contribution (EtotHF)                          -2.6835166867E+002  
 Singles correction (EcSingles)                    -3.4784799603E-002  
 HF contribution (EtotHF)                          -2.6835166867E+002  
 Singles correction (EcSingles)                    -3.4784799603E-002  
 Direct RPA correlation (EcRPA)                    -1.6234264469E+000  
 HF contribution (EtotHF)                          -7.6048729087E+001  
 Singles correction (EcSingles)                    -8.4611759853E-003  
 HF contribution (EtotHF)                          -7.6048729087E+001  
 Singles correction (EcSingles)                    -8.4611759853E-003  
 Direct RPA correlation (EcRPA)                    -4.1834470750E-001  
 HF contribution (EtotHF)                          -7.6047686996E+001  
 Singles correction (EcSingles)                    -8.5144448471E-003  
 HF contribution (EtotHF)                          -7.6047686996E+001  
 Singles correction (EcSingles)                    -8.5144448471E-003  
 Direct RPA correlation (EcRPA)                    -4.1907707354E-001  
 HF contribution (EtotHF)                          -7.6047187204E+001  
 Singles correction (EcSingles)                    -8.5198992124E-003  
 HF contribution (EtotHF)                          -7.6047187204E+001  
 Singles correction (EcSingles)                    -8.5198992124E-003  
 Direct RPA correlation (EcRPA)                    -4.1848939580E-001  
 HF contribution (EtotHF)                          -1.5209969877E+002  
 Singles correction (EcSingles)                    -1.8200105144E-002  
 HF contribution (EtotHF)                          -1.5209969877E+002  
 Singles correction (EcSingles)                    -1.8200105144E-002  
 Direct RPA correlation (EcRPA)                    -8.3976186851E-001  
 HF contribution (EtotHF)                          -1.5209566445E+002  
 Singles correction (EcSingles)                    -1.7090277789E-002  
 HF contribution (EtotHF)                          -1.5209566445E+002  
 Singles correction (EcSingles)                    -1.7090277789E-002  
 Direct RPA correlation (EcRPA)                    -8.3761414382E-001  
 HF contribution (EtotHF)                          -1.5209637061E+002  
 Singles correction (EcSingles)                    -1.6969438538E-002  
 HF contribution (EtotHF)                          -1.5209637061E+002  
 Singles correction (EcSingles)                    -1.6969438538E-002  
 Direct RPA correlation (EcRPA)                    -8.3675555322E-001  
 HF contribution (EtotHF)                          -4.0204650153E+001  
 Singles correction (EcSingles)                    -7.4903080267E-003  
 HF contribution (EtotHF)                          -4.0204650153E+001  
 Singles correction (EcSingles)                    -7.4903080267E-003  
 Direct RPA correlation (EcRPA)                    -3.6279063319E-001  
 HF contribution (EtotHF)                          -1.1625274495E+002  
 Singles correction (EcSingles)                    -1.6260636867E-002  
 HF contribution (EtotHF)                          -1.1625274495E+002  
 Singles correction (EcSingles)                    -1.6260636867E-002  
 Direct RPA correlation (EcRPA)                    -7.8220684814E-001  
 HF contribution (EtotHF)                          -1.1625221322E+002  
 Singles correction (EcSingles)                    -1.6117468253E-002  
 HF contribution (EtotHF)                          -1.1625221322E+002  
 Singles correction (EcSingles)                    -1.6117468253E-002  
 Direct RPA correlation (EcRPA)                    -7.8246644037E-001  
 HF contribution (EtotHF)                          -1.1625113388E+002  
 Singles correction (EcSingles)                    -1.6178738710E-002  
 HF contribution (EtotHF)                          -1.1625113388E+002  
 Singles correction (EcSingles)                    -1.6178738710E-002  
 Direct RPA correlation (EcRPA)                    -7.8207862817E-001  
 HF contribution (EtotHF)                          -2.2814841203E+002  
 Singles correction (EcSingles)                    -2.6772802753E-002  
 HF contribution (EtotHF)                          -2.2814841203E+002  
 Singles correction (EcSingles)                    -2.6772802753E-002  
 Direct RPA correlation (EcRPA)                    -1.2582177392E+000  
 HF contribution (EtotHF)                          -1.9230366132E+002  
 Singles correction (EcSingles)                    -2.6060693244E-002  
 HF contribution (EtotHF)                          -1.9230366132E+002  
 Singles correction (EcSingles)                    -2.6060693244E-002  
 Direct RPA correlation (EcRPA)                    -1.2041761894E+000  
 HF contribution (EtotHF)                          -1.9229964262E+002  
 Singles correction (EcSingles)                    -2.4934028246E-002  
 HF contribution (EtotHF)                          -1.9229964262E+002  
 Singles correction (EcSingles)                    -2.4934028246E-002  
 Direct RPA correlation (EcRPA)                    -1.2014237370E+000  
 HF contribution (EtotHF)                          -1.9229954977E+002  
 Singles correction (EcSingles)                    -2.4841557753E-002  
 HF contribution (EtotHF)                          -1.9229954977E+002  
 Singles correction (EcSingles)                    -2.4841557753E-002  
 Direct RPA correlation (EcRPA)                    -1.2017813577E+000  
