 Converged energy                           -269.610506989865
 Converged energy                            -76.380267298879
 Converged energy                            -76.380079100297
 Converged energy                            -76.380346735212
 Converged energy                           -152.760711706503
 Converged energy                           -152.767234989064
 Converged energy                           -152.760668964297
 Converged energy                            -40.461935296368
 Converged energy                           -116.842313862361
 Converged energy                           -116.842560282894
 Converged energy                           -116.842602586373
 Converged energy                           -229.147862788392
 Converged energy                           -193.223237118929
 Converged energy                           -193.223015404732
 Converged energy                           -193.229851024952
 HF contribution (EtotHF)                          -2.6835212798E+002  
 Singles correction (EcSingles)                    -3.4850765802E-002  
 HF contribution (EtotHF)                          -2.6835212798E+002  
 Singles correction (EcSingles)                    -3.4850765802E-002  
 Direct RPA correlation (EcRPA)                    -1.6225333492E+000  
 HF contribution (EtotHF)                          -7.6048942373E+001  
 Singles correction (EcSingles)                    -8.4453834539E-003  
 HF contribution (EtotHF)                          -7.6048942373E+001  
 Singles correction (EcSingles)                    -8.4453834539E-003  
 Direct RPA correlation (EcRPA)                    -4.1778541297E-001  
 HF contribution (EtotHF)                          -7.6048862218E+001  
 Singles correction (EcSingles)                    -8.4496633229E-003  
 HF contribution (EtotHF)                          -7.6048862218E+001  
 Singles correction (EcSingles)                    -8.4496633229E-003  
 Direct RPA correlation (EcRPA)                    -4.1829674604E-001  
 HF contribution (EtotHF)                          -7.6049232486E+001  
 Singles correction (EcSingles)                    -8.4376999656E-003  
 HF contribution (EtotHF)                          -7.6049232486E+001  
 Singles correction (EcSingles)                    -8.4376999656E-003  
 Direct RPA correlation (EcRPA)                    -4.1814774125E-001  
 HF contribution (EtotHF)                          -1.5209825016E+002  
 Singles correction (EcSingles)                    -1.6884441771E-002  
 HF contribution (EtotHF)                          -1.5209825016E+002  
 Singles correction (EcSingles)                    -1.6884441771E-002  
 Direct RPA correlation (EcRPA)                    -8.3600757282E-001  
 HF contribution (EtotHF)                          -1.5210066561E+002  
 Singles correction (EcSingles)                    -1.8062319524E-002  
 HF contribution (EtotHF)                          -1.5210066561E+002  
 Singles correction (EcSingles)                    -1.8062319524E-002  
 Direct RPA correlation (EcRPA)                    -8.3881880906E-001  
 HF contribution (EtotHF)                          -1.5209823284E+002  
 Singles correction (EcSingles)                    -1.6884453618E-002  
 HF contribution (EtotHF)                          -1.5209823284E+002  
 Singles correction (EcSingles)                    -1.6884453618E-002  
 Direct RPA correlation (EcRPA)                    -8.3593544333E-001  
 HF contribution (EtotHF)                          -4.0204650423E+001  
 Singles correction (EcSingles)                    -7.4954249512E-003  
 HF contribution (EtotHF)                          -4.0204650423E+001  
 Singles correction (EcSingles)                    -7.4954249512E-003  
 Direct RPA correlation (EcRPA)                    -3.6285216032E-001  
 HF contribution (EtotHF)                          -1.1625232548E+002  
 Singles correction (EcSingles)                    -1.6310816782E-002  
 HF contribution (EtotHF)                          -1.1625232548E+002  
 Singles correction (EcSingles)                    -1.6310816782E-002  
 Direct RPA correlation (EcRPA)                    -7.8184644364E-001  
 HF contribution (EtotHF)                          -1.1625343587E+002  
 Singles correction (EcSingles)                    -1.6065725488E-002  
 HF contribution (EtotHF)                          -1.1625343587E+002  
 Singles correction (EcSingles)                    -1.6065725488E-002  
 Direct RPA correlation (EcRPA)                    -7.8177405196E-001  
 HF contribution (EtotHF)                          -1.1625253371E+002  
 Singles correction (EcSingles)                    -1.6375880559E-002  
 HF contribution (EtotHF)                          -1.1625253371E+002  
 Singles correction (EcSingles)                    -1.6375880559E-002  
 Direct RPA correlation (EcRPA)                    -7.8237446258E-001  
 HF contribution (EtotHF)                          -2.2815005945E+002  
 Singles correction (EcSingles)                    -2.6495002050E-002  
 HF contribution (EtotHF)                          -2.2815005945E+002  
 Singles correction (EcSingles)                    -2.6495002050E-002  
 Direct RPA correlation (EcRPA)                    -1.2565330707E+000  
 HF contribution (EtotHF)                          -1.9230148754E+002  
 Singles correction (EcSingles)                    -2.4868194426E-002  
 HF contribution (EtotHF)                          -1.9230148754E+002  
 Singles correction (EcSingles)                    -2.4868194426E-002  
 Direct RPA correlation (EcRPA)                    -1.2007065948E+000  
 HF contribution (EtotHF)                          -1.9230024343E+002  
 Singles correction (EcSingles)                    -2.5193602835E-002  
 HF contribution (EtotHF)                          -1.9230024343E+002  
 Singles correction (EcSingles)                    -2.5193602835E-002  
 Direct RPA correlation (EcRPA)                    -1.2013793047E+000  
 HF contribution (EtotHF)                          -1.9230408811E+002  
 Singles correction (EcSingles)                    -2.6049600263E-002  
 HF contribution (EtotHF)                          -1.9230408811E+002  
 Singles correction (EcSingles)                    -2.6049600263E-002  
 Direct RPA correlation (EcRPA)                    -1.2035908963E+000  
