 Converged energy                           -269.604113388941
 Converged energy                            -76.380267828954
 Converged energy                            -76.380027698140
 Converged energy                            -76.379989793414
 Converged energy                           -152.760661628404
 Converged energy                           -152.760681817077
 Converged energy                           -152.760633475900
 Converged energy                            -40.461928372446
 Converged energy                           -116.842307598968
 Converged energy                           -116.842501526410
 Converged energy                           -116.841945261662
 Converged energy                           -229.141684329958
 Converged energy                           -193.223179703915
 Converged energy                           -193.222660461974
 Converged energy                           -193.223104459202
 HF contribution (EtotHF)                          -2.6834938814E+002  
 Singles correction (EcSingles)                    -3.3657233505E-002  
 HF contribution (EtotHF)                          -2.6834938814E+002  
 Singles correction (EcSingles)                    -3.3657233505E-002  
 Direct RPA correlation (EcRPA)                    -1.6192955949E+000  
 HF contribution (EtotHF)                          -7.6048942968E+001  
 Singles correction (EcSingles)                    -8.4455542698E-003  
 HF contribution (EtotHF)                          -7.6048942968E+001  
 Singles correction (EcSingles)                    -8.4455542698E-003  
 Direct RPA correlation (EcRPA)                    -4.1778922161E-001  
 HF contribution (EtotHF)                          -7.6048808781E+001  
 Singles correction (EcSingles)                    -8.4350339328E-003  
 HF contribution (EtotHF)                          -7.6048808781E+001  
 Singles correction (EcSingles)                    -8.4350339328E-003  
 Direct RPA correlation (EcRPA)                    -4.1757387768E-001  
 HF contribution (EtotHF)                          -7.6048090956E+001  
 Singles correction (EcSingles)                    -8.4923062930E-003  
 HF contribution (EtotHF)                          -7.6048090956E+001  
 Singles correction (EcSingles)                    -8.4923062930E-003  
 Direct RPA correlation (EcRPA)                    -4.1824860414E-001  
 HF contribution (EtotHF)                          -1.5209819800E+002  
 Singles correction (EcSingles)                    -1.6870169893E-002  
 HF contribution (EtotHF)                          -1.5209819800E+002  
 Singles correction (EcSingles)                    -1.6870169893E-002  
 Direct RPA correlation (EcRPA)                    -8.3528832947E-001  
 HF contribution (EtotHF)                          -1.5209743359E+002  
 Singles correction (EcSingles)                    -1.6979449473E-002  
 HF contribution (EtotHF)                          -1.5209743359E+002  
 Singles correction (EcSingles)                    -1.6979449473E-002  
 Direct RPA correlation (EcRPA)                    -8.3590733185E-001  
 HF contribution (EtotHF)                          -1.5209745857E+002  
 Singles correction (EcSingles)                    -1.6937485910E-002  
 HF contribution (EtotHF)                          -1.5209745857E+002  
 Singles correction (EcSingles)                    -1.6937485910E-002  
 Direct RPA correlation (EcRPA)                    -8.3598769062E-001  
 HF contribution (EtotHF)                          -4.0204650340E+001  
 Singles correction (EcSingles)                    -7.4913302231E-003  
 HF contribution (EtotHF)                          -4.0204650340E+001  
 Singles correction (EcSingles)                    -7.4913302231E-003  
 Direct RPA correlation (EcRPA)                    -3.6282337583E-001  
 HF contribution (EtotHF)                          -1.1625232624E+002  
 Singles correction (EcSingles)                    -1.6306836387E-002  
 HF contribution (EtotHF)                          -1.1625232624E+002  
 Singles correction (EcSingles)                    -1.6306836387E-002  
 Direct RPA correlation (EcRPA)                    -7.8182154370E-001  
 HF contribution (EtotHF)                          -1.1625338232E+002  
 Singles correction (EcSingles)                    -1.6047149173E-002  
 HF contribution (EtotHF)                          -1.1625338232E+002  
 Singles correction (EcSingles)                    -1.6047149173E-002  
 Direct RPA correlation (EcRPA)                    -7.8101544994E-001  
 HF contribution (EtotHF)                          -1.1625162144E+002  
 Singles correction (EcSingles)                    -1.6293074317E-002  
 HF contribution (EtotHF)                          -1.1625162144E+002  
 Singles correction (EcSingles)                    -1.6293074317E-002  
 Direct RPA correlation (EcRPA)                    -7.8216258663E-001  
 HF contribution (EtotHF)                          -2.2814724277E+002  
 Singles correction (EcSingles)                    -2.5413008231E-002  
 HF contribution (EtotHF)                          -2.2814724277E+002  
 Singles correction (EcSingles)                    -2.5413008231E-002  
 Direct RPA correlation (EcRPA)                    -1.2535712434E+000  
 HF contribution (EtotHF)                          -1.9230143535E+002  
 Singles correction (EcSingles)                    -2.4849964893E-002  
 HF contribution (EtotHF)                          -1.9230143535E+002  
 Singles correction (EcSingles)                    -2.4849964893E-002  
 Direct RPA correlation (EcRPA)                    -1.1999516148E+000  
 HF contribution (EtotHF)                          -1.9229969904E+002  
 Singles correction (EcSingles)                    -2.5101861789E-002  
 HF contribution (EtotHF)                          -1.9229969904E+002  
 Singles correction (EcSingles)                    -2.5101861789E-002  
 Direct RPA correlation (EcRPA)                    -1.2011133821E+000  
 HF contribution (EtotHF)                          -1.9230093695E+002  
 Singles correction (EcSingles)                    -2.4861947455E-002  
 HF contribution (EtotHF)                          -1.9230093695E+002  
 Singles correction (EcSingles)                    -2.4861947455E-002  
 Direct RPA correlation (EcRPA)                    -1.2004073032E+000  
