 Converged energy                           -269.612376553038
 Converged energy                            -76.378900759386
 Converged energy                            -76.379741152886
 Converged energy                            -76.380285485043
 Converged energy                           -152.760202203664
 Converged energy                           -152.766689631091
 Converged energy                           -152.760828449713
 Converged energy                            -40.461930023804
 Converged energy                           -116.841169958366
 Converged energy                           -116.842252491237
 Converged energy                           -116.842582724191
 Converged energy                           -229.149410280882
 Converged energy                           -193.222919469526
 Converged energy                           -193.223311180506
 Converged energy                           -193.229610866491
 HF contribution (EtotHF)                          -2.6835115132E+002  
 Singles correction (EcSingles)                    -3.5030872596E-002  
 HF contribution (EtotHF)                          -2.6835115132E+002  
 Singles correction (EcSingles)                    -3.5030872596E-002  
 Direct RPA correlation (EcRPA)                    -1.6244085291E+000  
 HF contribution (EtotHF)                          -7.6046092457E+001  
 Singles correction (EcSingles)                    -8.5742339498E-003  
 HF contribution (EtotHF)                          -7.6046092457E+001  
 Singles correction (EcSingles)                    -8.5742339498E-003  
 Direct RPA correlation (EcRPA)                    -4.1909004058E-001  
 HF contribution (EtotHF)                          -7.6047957519E+001  
 Singles correction (EcSingles)                    -8.4954768545E-003  
 HF contribution (EtotHF)                          -7.6047957519E+001  
 Singles correction (EcSingles)                    -8.4954768545E-003  
 Direct RPA correlation (EcRPA)                    -4.1884821481E-001  
 HF contribution (EtotHF)                          -7.6048980566E+001  
 Singles correction (EcSingles)                    -8.4595395659E-003  
 HF contribution (EtotHF)                          -7.6048980566E+001  
 Singles correction (EcSingles)                    -8.4595395659E-003  
 Direct RPA correlation (EcRPA)                    -4.1872040420E-001  
 HF contribution (EtotHF)                          -1.5209547253E+002  
 Singles correction (EcSingles)                    -1.7155999088E-002  
 HF contribution (EtotHF)                          -1.5209547253E+002  
 Singles correction (EcSingles)                    -1.7155999088E-002  
 Direct RPA correlation (EcRPA)                    -8.3794881190E-001  
 HF contribution (EtotHF)                          -1.5209755848E+002  
 Singles correction (EcSingles)                    -1.8404281091E-002  
 HF contribution (EtotHF)                          -1.5209755848E+002  
 Singles correction (EcSingles)                    -1.8404281091E-002  
 Direct RPA correlation (EcRPA)                    -8.4039436866E-001  
 HF contribution (EtotHF)                          -1.5209666375E+002  
 Singles correction (EcSingles)                    -1.7095182342E-002  
 HF contribution (EtotHF)                          -1.5209666375E+002  
 Singles correction (EcSingles)                    -1.7095182342E-002  
 Direct RPA correlation (EcRPA)                    -8.3776551455E-001  
 HF contribution (EtotHF)                          -4.0204649093E+001  
 Singles correction (EcSingles)                    -7.4926427830E-003  
 HF contribution (EtotHF)                          -4.0204649093E+001  
 Singles correction (EcSingles)                    -7.4926427830E-003  
 Direct RPA correlation (EcRPA)                    -3.6278336242E-001  
 HF contribution (EtotHF)                          -1.1625052641E+002  
 Singles correction (EcSingles)                    -1.6183669332E-002  
 HF contribution (EtotHF)                          -1.1625052641E+002  
 Singles correction (EcSingles)                    -1.6183669332E-002  
 Direct RPA correlation (EcRPA)                    -7.8247010486E-001  
 HF contribution (EtotHF)                          -1.1625243434E+002  
 Singles correction (EcSingles)                    -1.6137659992E-002  
 HF contribution (EtotHF)                          -1.1625243434E+002  
 Singles correction (EcSingles)                    -1.6137659992E-002  
 Direct RPA correlation (EcRPA)                    -7.8235757333E-001  
 HF contribution (EtotHF)                          -1.1625293968E+002  
 Singles correction (EcSingles)                    -1.6226216930E-002  
 HF contribution (EtotHF)                          -1.1625293968E+002  
 Singles correction (EcSingles)                    -1.6226216930E-002  
 Direct RPA correlation (EcRPA)                    -7.8251760954E-001  
 HF contribution (EtotHF)                          -2.2814728115E+002  
 Singles correction (EcSingles)                    -2.7133500015E-002  
 HF contribution (EtotHF)                          -2.2814728115E+002  
 Singles correction (EcSingles)                    -2.7133500015E-002  
 Direct RPA correlation (EcRPA)                    -1.2594380619E+000  
 HF contribution (EtotHF)                          -1.9229966451E+002  
 Singles correction (EcSingles)                    -2.4895932799E-002  
 HF contribution (EtotHF)                          -1.9229966451E+002  
 Singles correction (EcSingles)                    -2.4895932799E-002  
 Direct RPA correlation (EcRPA)                    -1.2020626884E+000  
 HF contribution (EtotHF)                          -1.9230036342E+002  
 Singles correction (EcSingles)                    -2.4945744816E-002  
 HF contribution (EtotHF)                          -1.9230036342E+002  
 Singles correction (EcSingles)                    -2.4945744816E-002  
 Direct RPA correlation (EcRPA)                    -1.2021458062E+000  
 HF contribution (EtotHF)                          -1.9230179685E+002  
 Singles correction (EcSingles)                    -2.6226200391E-002  
 HF contribution (EtotHF)                          -1.9230179685E+002  
 Singles correction (EcSingles)                    -2.6226200391E-002  
 Direct RPA correlation (EcRPA)                    -1.2047695222E+000  
