 Converged energy                           -269.606402029612
 Converged energy                            -76.378891225249
 Converged energy                            -76.380263587518
 Converged energy                            -76.379623994423
 Converged energy                           -152.758837278988
 Converged energy                           -152.766340466509
 Converged energy                           -152.757302833125
 Converged energy                            -40.461927025030
 Converged energy                           -116.841157192002
 Converged energy                           -116.842370193856
 Converged energy                           -116.841996381174
 Converged energy                           -229.143373700584
 Converged energy                           -193.221335304595
 Converged energy                           -193.220044159610
 Converged energy                           -193.228937707149
 HF contribution (EtotHF)                          -2.6834460131E+002  
 Singles correction (EcSingles)                    -3.4999510191E-002  
 HF contribution (EtotHF)                          -2.6834460131E+002  
 Singles correction (EcSingles)                    -3.4999510191E-002  
 Direct RPA correlation (EcRPA)                    -1.6248675356E+000  
 HF contribution (EtotHF)                          -7.6046080792E+001  
 Singles correction (EcSingles)                    -8.5734636608E-003  
 HF contribution (EtotHF)                          -7.6046080792E+001  
 Singles correction (EcSingles)                    -8.5734636608E-003  
 Direct RPA correlation (EcRPA)                    -4.1901111206E-001  
 HF contribution (EtotHF)                          -7.6048882784E+001  
 Singles correction (EcSingles)                    -8.4662836042E-003  
 HF contribution (EtotHF)                          -7.6048882784E+001  
 Singles correction (EcSingles)                    -8.4662836042E-003  
 Direct RPA correlation (EcRPA)                    -4.1878253165E-001  
 HF contribution (EtotHF)                          -7.6047674003E+001  
 Singles correction (EcSingles)                    -8.5083273074E-003  
 HF contribution (EtotHF)                          -7.6047674003E+001  
 Singles correction (EcSingles)                    -8.5083273074E-003  
 Direct RPA correlation (EcRPA)                    -4.1892279970E-001  
 HF contribution (EtotHF)                          -1.5209456606E+002  
 Singles correction (EcSingles)                    -1.7055832519E-002  
 HF contribution (EtotHF)                          -1.5209456606E+002  
 Singles correction (EcSingles)                    -1.7055832519E-002  
 Direct RPA correlation (EcRPA)                    -8.3788500649E-001  
 HF contribution (EtotHF)                          -1.5209680652E+002  
 Singles correction (EcSingles)                    -1.8448665496E-002  
 HF contribution (EtotHF)                          -1.5209680652E+002  
 Singles correction (EcSingles)                    -1.8448665496E-002  
 Direct RPA correlation (EcRPA)                    -8.4056256821E-001  
 HF contribution (EtotHF)                          -1.5209208989E+002  
 Singles correction (EcSingles)                    -1.7172449185E-002  
 HF contribution (EtotHF)                          -1.5209208989E+002  
 Singles correction (EcSingles)                    -1.7172449185E-002  
 Direct RPA correlation (EcRPA)                    -8.3839433902E-001  
 HF contribution (EtotHF)                          -4.0204649154E+001  
 Singles correction (EcSingles)                    -7.4920435747E-003  
 HF contribution (EtotHF)                          -4.0204649154E+001  
 Singles correction (EcSingles)                    -7.4920435747E-003  
 Direct RPA correlation (EcRPA)                    -3.6275630622E-001  
 HF contribution (EtotHF)                          -1.1625051412E+002  
 Singles correction (EcSingles)                    -1.6182561208E-002  
 HF contribution (EtotHF)                          -1.1625051412E+002  
 Singles correction (EcSingles)                    -1.6182561208E-002  
 Direct RPA correlation (EcRPA)                    -7.8236235306E-001  
 HF contribution (EtotHF)                          -1.1625277171E+002  
 Singles correction (EcSingles)                    -1.6216790930E-002  
 HF contribution (EtotHF)                          -1.1625277171E+002  
 Singles correction (EcSingles)                    -1.6216790930E-002  
 Direct RPA correlation (EcRPA)                    -7.8249371194E-001  
 HF contribution (EtotHF)                          -1.1625219946E+002  
 Singles correction (EcSingles)                    -1.6112363459E-002  
 HF contribution (EtotHF)                          -1.1625219946E+002  
 Singles correction (EcSingles)                    -1.6112363459E-002  
 Direct RPA correlation (EcRPA)                    -7.8227359574E-001  
 HF contribution (EtotHF)                          -2.2814048011E+002  
 Singles correction (EcSingles)                    -2.7133036001E-002  
 HF contribution (EtotHF)                          -2.2814048011E+002  
 Singles correction (EcSingles)                    -2.7133036001E-002  
 Direct RPA correlation (EcRPA)                    -1.2601584935E+000  
 HF contribution (EtotHF)                          -1.9229832038E+002  
 Singles correction (EcSingles)                    -2.4913920570E-002  
 HF contribution (EtotHF)                          -1.9229832038E+002  
 Singles correction (EcSingles)                    -2.4913920570E-002  
 Direct RPA correlation (EcRPA)                    -1.2021700457E+000  
 HF contribution (EtotHF)                          -1.9229652453E+002  
 Singles correction (EcSingles)                    -2.4867340374E-002  
 HF contribution (EtotHF)                          -1.9229652453E+002  
 Singles correction (EcSingles)                    -2.4867340374E-002  
 Direct RPA correlation (EcRPA)                    -1.2022910270E+000  
 HF contribution (EtotHF)                          -1.9230093016E+002  
 Singles correction (EcSingles)                    -2.6232154424E-002  
 HF contribution (EtotHF)                          -1.9230093016E+002  
 Singles correction (EcSingles)                    -2.6232154424E-002  
 Direct RPA correlation (EcRPA)                    -1.2047489503E+000  
