 Converged energy                           -269.600114291356
 Converged energy                            -76.378890704141
 Converged energy                            -76.379573953234
 Converged energy                            -76.379384641104
 Converged energy                           -152.757252672582
 Converged energy                           -152.759863956669
 Converged energy                           -152.757989046721
 Converged energy                            -40.461928108657
 Converged energy                           -116.841157762635
 Converged energy                           -116.841946890296
 Converged energy                           -116.841395010232
 Converged energy                           -229.137246700805
 Converged energy                           -193.219994644436
 Converged energy                           -193.220396789254
 Converged energy                           -193.222306756843
 HF contribution (EtotHF)                          -2.6834349681E+002  
 Singles correction (EcSingles)                    -3.3592753465E-002  
 HF contribution (EtotHF)                          -2.6834349681E+002  
 Singles correction (EcSingles)                    -3.3592753465E-002  
 Direct RPA correlation (EcRPA)                    -1.6209931891E+000  
 HF contribution (EtotHF)                          -7.6046079812E+001  
 Singles correction (EcSingles)                    -8.5735067215E-003  
 HF contribution (EtotHF)                          -7.6046079812E+001  
 Singles correction (EcSingles)                    -8.5735067215E-003  
 Direct RPA correlation (EcRPA)                    -4.1900855646E-001  
 HF contribution (EtotHF)                          -7.6047619748E+001  
 Singles correction (EcSingles)                    -8.4980893172E-003  
 HF contribution (EtotHF)                          -7.6047619748E+001  
 Singles correction (EcSingles)                    -8.4980893172E-003  
 Direct RPA correlation (EcRPA)                    -4.1824598543E-001  
 HF contribution (EtotHF)                          -7.6047187074E+001  
 Singles correction (EcSingles)                    -8.5198662422E-003  
 HF contribution (EtotHF)                          -7.6047187074E+001  
 Singles correction (EcSingles)                    -8.5198662422E-003  
 Direct RPA correlation (EcRPA)                    -4.1848746619E-001  
 HF contribution (EtotHF)                          -1.5209203556E+002  
 Singles correction (EcSingles)                    -1.7161933006E-002  
 HF contribution (EtotHF)                          -1.5209203556E+002  
 Singles correction (EcSingles)                    -1.7161933006E-002  
 Direct RPA correlation (EcRPA)                    -8.3771446111E-001  
 HF contribution (EtotHF)                          -1.5209559673E+002  
 Singles correction (EcSingles)                    -1.7073909914E-002  
 HF contribution (EtotHF)                          -1.5209559673E+002  
 Singles correction (EcSingles)                    -1.7073909914E-002  
 Direct RPA correlation (EcRPA)                    -8.3677885457E-001  
 HF contribution (EtotHF)                          -1.5209290240E+002  
 Singles correction (EcSingles)                    -1.7106625065E-002  
 HF contribution (EtotHF)                          -1.5209290240E+002  
 Singles correction (EcSingles)                    -1.7106625065E-002  
 Direct RPA correlation (EcRPA)                    -8.3758271979E-001  
 HF contribution (EtotHF)                          -4.0204649372E+001  
 Singles correction (EcSingles)                    -7.4919014639E-003  
 HF contribution (EtotHF)                          -4.0204649372E+001  
 Singles correction (EcSingles)                    -7.4919014639E-003  
 Direct RPA correlation (EcRPA)                    -3.6275451127E-001  
 HF contribution (EtotHF)                          -1.1625051351E+002  
 Singles correction (EcSingles)                    -1.6182435488E-002  
 HF contribution (EtotHF)                          -1.1625051351E+002  
 Singles correction (EcSingles)                    -1.6182435488E-002  
 Direct RPA correlation (EcRPA)                    -7.8235778930E-001  
 HF contribution (EtotHF)                          -1.1625214493E+002  
 Singles correction (EcSingles)                    -1.6102703028E-002  
 HF contribution (EtotHF)                          -1.1625214493E+002  
 Singles correction (EcSingles)                    -1.6102703028E-002  
 Direct RPA correlation (EcRPA)                    -7.8159171453E-001  
 HF contribution (EtotHF)                          -1.1625113310E+002  
 Singles correction (EcSingles)                    -1.6180278216E-002  
 HF contribution (EtotHF)                          -1.1625113310E+002  
 Singles correction (EcSingles)                    -1.6180278216E-002  
 Direct RPA correlation (EcRPA)                    -7.8204047948E-001  
 HF contribution (EtotHF)                          -2.2813963882E+002  
 Singles correction (EcSingles)                    -2.5750719385E-002  
 HF contribution (EtotHF)                          -2.2813963882E+002  
 Singles correction (EcSingles)                    -2.5750719385E-002  
 Direct RPA correlation (EcRPA)                    -1.2563347825E+000  
 HF contribution (EtotHF)                          -1.9229647010E+002  
 Singles correction (EcSingles)                    -2.4857407117E-002  
 HF contribution (EtotHF)                          -1.9229647010E+002  
 Singles correction (EcSingles)                    -2.4857407117E-002  
 Direct RPA correlation (EcRPA)                    -1.2016058450E+000  
 HF contribution (EtotHF)                          -1.9229670027E+002  
 Singles correction (EcSingles)                    -2.4882025856E-002  
 HF contribution (EtotHF)                          -1.9229670027E+002  
 Singles correction (EcSingles)                    -2.4882025856E-002  
 Direct RPA correlation (EcRPA)                    -1.2017195649E+000  
 HF contribution (EtotHF)                          -1.9229948112E+002  
 Singles correction (EcSingles)                    -2.4826834583E-002  
 HF contribution (EtotHF)                          -1.9229948112E+002  
 Singles correction (EcSingles)                    -2.4826834583E-002  
 Direct RPA correlation (EcRPA)                    -1.2009023419E+000  
