 Converged energy                           -269.609068681124
 Converged energy                            -76.378962670415
 Converged energy                            -76.380045536340
 Converged energy                            -76.380069606069
 Converged energy                           -152.759140978299
 Converged energy                           -152.760358220227
 Converged energy                           -152.765451945369
 Converged energy                            -40.461923593288
 Converged energy                           -116.841225476594
 Converged energy                           -116.842355407612
 Converged energy                           -116.842538824540
 Converged energy                           -229.146003240492
 Converged energy                           -193.221733439247
 Converged energy                           -193.228248806662
 Converged energy                           -193.223159874995
 HF contribution (EtotHF)                          -2.6834957530E+002  
 Singles correction (EcSingles)                    -3.4646963915E-002  
 HF contribution (EtotHF)                          -2.6834957530E+002  
 Singles correction (EcSingles)                    -3.4646963915E-002  
 Direct RPA correlation (EcRPA)                    -1.6228693340E+000  
 HF contribution (EtotHF)                          -7.6046155147E+001  
 Singles correction (EcSingles)                    -8.5929179666E-003  
 HF contribution (EtotHF)                          -7.6046155147E+001  
 Singles correction (EcSingles)                    -8.5929179666E-003  
 Direct RPA correlation (EcRPA)                    -4.1995946830E-001  
 HF contribution (EtotHF)                          -7.6048856109E+001  
 Singles correction (EcSingles)                    -8.4307449162E-003  
 HF contribution (EtotHF)                          -7.6048856109E+001  
 Singles correction (EcSingles)                    -8.4307449162E-003  
 Direct RPA correlation (EcRPA)                    -4.1748199887E-001  
 HF contribution (EtotHF)                          -7.6048852114E+001  
 Singles correction (EcSingles)                    -8.4446345810E-003  
 HF contribution (EtotHF)                          -7.6048852114E+001  
 Singles correction (EcSingles)                    -8.4446345810E-003  
 Direct RPA correlation (EcRPA)                    -4.1816489747E-001  
 HF contribution (EtotHF)                          -1.5209516277E+002  
 Singles correction (EcSingles)                    -1.7021024631E-002  
 HF contribution (EtotHF)                          -1.5209516277E+002  
 Singles correction (EcSingles)                    -1.7021024631E-002  
 Direct RPA correlation (EcRPA)                    -8.3742621802E-001  
 HF contribution (EtotHF)                          -1.5209798495E+002  
 Singles correction (EcSingles)                    -1.6871494996E-002  
 HF contribution (EtotHF)                          -1.5209798495E+002  
 Singles correction (EcSingles)                    -1.6871494996E-002  
 Direct RPA correlation (EcRPA)                    -8.3561873329E-001  
 HF contribution (EtotHF)                          -1.5209592504E+002  
 Singles correction (EcSingles)                    -1.8418571090E-002  
 HF contribution (EtotHF)                          -1.5209592504E+002  
 Singles correction (EcSingles)                    -1.8418571090E-002  
 Direct RPA correlation (EcRPA)                    -8.4095148050E-001  
 HF contribution (EtotHF)                          -4.0204649411E+001  
 Singles correction (EcSingles)                    -7.4898559535E-003  
 HF contribution (EtotHF)                          -4.0204649411E+001  
 Singles correction (EcSingles)                    -7.4898559535E-003  
 Direct RPA correlation (EcRPA)                    -3.6272080597E-001  
 HF contribution (EtotHF)                          -1.1625058863E+002  
 Singles correction (EcSingles)                    -1.6199681642E-002  
 HF contribution (EtotHF)                          -1.1625058863E+002  
 Singles correction (EcSingles)                    -1.6199681642E-002  
 Direct RPA correlation (EcRPA)                    -7.8328099015E-001  
 HF contribution (EtotHF)                          -1.1625333575E+002  
 Singles correction (EcSingles)                    -1.6032308184E-002  
 HF contribution (EtotHF)                          -1.1625333575E+002  
 Singles correction (EcSingles)                    -1.6032308184E-002  
 Direct RPA correlation (EcRPA)                    -7.8077694771E-001  
 HF contribution (EtotHF)                          -1.1625342467E+002  
 Singles correction (EcSingles)                    -1.6055161703E-002  
 HF contribution (EtotHF)                          -1.1625342467E+002  
 Singles correction (EcSingles)                    -1.6055161703E-002  
 Direct RPA correlation (EcRPA)                    -7.8150456411E-001  
 HF contribution (EtotHF)                          -2.2814533409E+002  
 Singles correction (EcSingles)                    -2.6845151267E-002  
 HF contribution (EtotHF)                          -2.2814533409E+002  
 Singles correction (EcSingles)                    -2.6845151267E-002  
 Direct RPA correlation (EcRPA)                    -1.2583852949E+000  
 HF contribution (EtotHF)                          -1.9229934989E+002  
 Singles correction (EcSingles)                    -2.4743831440E-002  
 HF contribution (EtotHF)                          -1.9229934989E+002  
 Singles correction (EcSingles)                    -2.4743831440E-002  
 Direct RPA correlation (EcRPA)                    -1.2013431346E+000  
 HF contribution (EtotHF)                          -1.9230047597E+002  
 Singles correction (EcSingles)                    -2.6104864735E-002  
 HF contribution (EtotHF)                          -1.9230047597E+002  
 Singles correction (EcSingles)                    -2.6104864735E-002  
 Direct RPA correlation (EcRPA)                    -1.2048295452E+000  
 HF contribution (EtotHF)                          -1.9230232267E+002  
 Singles correction (EcSingles)                    -2.4595361802E-002  
 HF contribution (EtotHF)                          -1.9230232267E+002  
 Singles correction (EcSingles)                    -2.4595361802E-002  
 Direct RPA correlation (EcRPA)                    -1.1995477901E+000  
