 Converged energy                           -269.602166607135
 Converged energy                            -76.379686815112
 Converged energy                            -76.379570982874
 Converged energy                            -76.378890232228
 Converged energy                           -152.759287374337
 Converged energy                           -152.758459224782
 Converged energy                           -152.759413311829
 Converged energy                            -40.461928435727
 Converged energy                           -116.842195928082
 Converged energy                           -116.841944572699
 Converged energy                           -116.841076871234
 Converged energy                           -229.139007987906
 Converged energy                           -193.222217170812
 Converged energy                           -193.222161780036
 Converged energy                           -193.221078964297
 HF contribution (EtotHF)                          -2.6834641587E+002  
 Singles correction (EcSingles)                    -3.3467467194E-002  
 HF contribution (EtotHF)                          -2.6834641587E+002  
 Singles correction (EcSingles)                    -3.3467467194E-002  
 Direct RPA correlation (EcRPA)                    -1.6200901414E+000  
 HF contribution (EtotHF)                          -7.6047900071E+001  
 Singles correction (EcSingles)                    -8.4849400755E-003  
 HF contribution (EtotHF)                          -7.6047900071E+001  
 Singles correction (EcSingles)                    -8.4849400755E-003  
 Direct RPA correlation (EcRPA)                    -4.1814946373E-001  
 HF contribution (EtotHF)                          -7.6047616665E+001  
 Singles correction (EcSingles)                    -8.4975833517E-003  
 HF contribution (EtotHF)                          -7.6047616665E+001  
 Singles correction (EcSingles)                    -8.4975833517E-003  
 Direct RPA correlation (EcRPA)                    -4.1820114235E-001  
 HF contribution (EtotHF)                          -7.6046074147E+001  
 Singles correction (EcSingles)                    -8.5741221575E-003  
 HF contribution (EtotHF)                          -7.6046074147E+001  
 Singles correction (EcSingles)                    -8.5741221575E-003  
 Direct RPA correlation (EcRPA)                    -4.1902998752E-001  
 HF contribution (EtotHF)                          -1.5209554539E+002  
 Singles correction (EcSingles)                    -1.6983029975E-002  
 HF contribution (EtotHF)                          -1.5209554539E+002  
 Singles correction (EcSingles)                    -1.6983029975E-002  
 Direct RPA correlation (EcRPA)                    -8.3635542962E-001  
 HF contribution (EtotHF)                          -1.5209366647E+002  
 Singles correction (EcSingles)                    -1.7077967772E-002  
 HF contribution (EtotHF)                          -1.5209366647E+002  
 Singles correction (EcSingles)                    -1.7077967772E-002  
 Direct RPA correlation (EcRPA)                    -8.3726310619E-001  
 HF contribution (EtotHF)                          -1.5209469097E+002  
 Singles correction (EcSingles)                    -1.7114984576E-002  
 HF contribution (EtotHF)                          -1.5209469097E+002  
 Singles correction (EcSingles)                    -1.7114984576E-002  
 Direct RPA correlation (EcRPA)                    -8.3723237022E-001  
 HF contribution (EtotHF)                          -4.0204649424E+001  
 Singles correction (EcSingles)                    -7.4925108038E-003  
 HF contribution (EtotHF)                          -4.0204649424E+001  
 Singles correction (EcSingles)                    -7.4925108038E-003  
 Direct RPA correlation (EcRPA)                    -3.6275162177E-001  
 HF contribution (EtotHF)                          -1.1625237670E+002  
 Singles correction (EcSingles)                    -1.6127494741E-002  
 HF contribution (EtotHF)                          -1.1625237670E+002  
 Singles correction (EcSingles)                    -1.6127494741E-002  
 Direct RPA correlation (EcRPA)                    -7.8162336035E-001  
 HF contribution (EtotHF)                          -1.1625214221E+002  
 Singles correction (EcSingles)                    -1.6103002982E-002  
 HF contribution (EtotHF)                          -1.1625214221E+002  
 Singles correction (EcSingles)                    -1.6103002982E-002  
 Direct RPA correlation (EcRPA)                    -7.8154354188E-001  
 HF contribution (EtotHF)                          -1.1625045835E+002  
 Singles correction (EcSingles)                    -1.6180598408E-002  
 HF contribution (EtotHF)                          -1.1625045835E+002  
 Singles correction (EcSingles)                    -1.6180598408E-002  
 Direct RPA correlation (EcRPA)                    -7.8234679772E-001  
 HF contribution (EtotHF)                          -2.2814231076E+002  
 Singles correction (EcSingles)                    -2.5618546805E-002  
 HF contribution (EtotHF)                          -2.2814231076E+002  
 Singles correction (EcSingles)                    -2.5618546805E-002  
 Direct RPA correlation (EcRPA)                    -1.2554688563E+000  
 HF contribution (EtotHF)                          -1.9229986385E+002  
 Singles correction (EcSingles)                    -2.4740322619E-002  
 HF contribution (EtotHF)                          -1.9229986385E+002  
 Singles correction (EcSingles)                    -2.4740322619E-002  
 Direct RPA correlation (EcRPA)                    -1.2004313022E+000  
 HF contribution (EtotHF)                          -1.9229897555E+002  
 Singles correction (EcSingles)                    -2.4847503110E-002  
 HF contribution (EtotHF)                          -1.9229897555E+002  
 Singles correction (EcSingles)                    -2.4847503110E-002  
 Direct RPA correlation (EcRPA)                    -1.2012406905E+000  
 HF contribution (EtotHF)                          -1.9229790492E+002  
 Singles correction (EcSingles)                    -2.4798699667E-002  
 HF contribution (EtotHF)                          -1.9229790492E+002  
 Singles correction (EcSingles)                    -2.4798699667E-002  
 Direct RPA correlation (EcRPA)                    -1.2011815026E+000  
