 Converged energy                           -269.602358316438
 Converged energy                            -76.379688630306
 Converged energy                            -76.380056127681
 Converged energy                            -76.379385571233
 Converged energy                           -152.758696123743
 Converged energy                           -152.760834949756
 Converged energy                           -152.759200894206
 Converged energy                            -40.461929192386
 Converged energy                           -116.842198305857
 Converged energy                           -116.842371586214
 Converged energy                           -116.841396989559
 Converged energy                           -229.139593965595
 Converged energy                           -193.221586935797
 Converged energy                           -193.221738589506
 Converged energy                           -193.223075407049
 HF contribution (EtotHF)                          -2.6834730409E+002  
 Singles correction (EcSingles)                    -3.3526805638E-002  
 HF contribution (EtotHF)                          -2.6834730409E+002  
 Singles correction (EcSingles)                    -3.3526805638E-002  
 Direct RPA correlation (EcRPA)                    -1.6195622067E+000  
 HF contribution (EtotHF)                          -7.6047901426E+001  
 Singles correction (EcSingles)                    -8.4847376617E-003  
 HF contribution (EtotHF)                          -7.6047901426E+001  
 Singles correction (EcSingles)                    -8.4847376617E-003  
 Direct RPA correlation (EcRPA)                    -4.1814204568E-001  
 HF contribution (EtotHF)                          -7.6048867712E+001  
 Singles correction (EcSingles)                    -8.4309495067E-003  
 HF contribution (EtotHF)                          -7.6048867712E+001  
 Singles correction (EcSingles)                    -8.4309495067E-003  
 Direct RPA correlation (EcRPA)                    -4.1754869146E-001  
 HF contribution (EtotHF)                          -7.6047187534E+001  
 Singles correction (EcSingles)                    -8.5203773782E-003  
 HF contribution (EtotHF)                          -7.6047187534E+001  
 Singles correction (EcSingles)                    -8.5203773782E-003  
 Direct RPA correlation (EcRPA)                    -4.1850634488E-001  
 HF contribution (EtotHF)                          -1.5209521619E+002  
 Singles correction (EcSingles)                    -1.7040451857E-002  
 HF contribution (EtotHF)                          -1.5209521619E+002  
 Singles correction (EcSingles)                    -1.7040451857E-002  
 Direct RPA correlation (EcRPA)                    -8.3614330528E-001  
 HF contribution (EtotHF)                          -1.5209726122E+002  
 Singles correction (EcSingles)                    -1.7045722301E-002  
 HF contribution (EtotHF)                          -1.5209726122E+002  
 Singles correction (EcSingles)                    -1.7045722301E-002  
 Direct RPA correlation (EcRPA)                    -8.3611629712E-001  
 HF contribution (EtotHF)                          -1.5209523271E+002  
 Singles correction (EcSingles)                    -1.7002846679E-002  
 HF contribution (EtotHF)                          -1.5209523271E+002  
 Singles correction (EcSingles)                    -1.7002846679E-002  
 Direct RPA correlation (EcRPA)                    -8.3663463822E-001  
 HF contribution (EtotHF)                          -4.0204649603E+001  
 Singles correction (EcSingles)                    -7.4919088747E-003  
 HF contribution (EtotHF)                          -4.0204649603E+001  
 Singles correction (EcSingles)                    -7.4919088747E-003  
 Direct RPA correlation (EcRPA)                    -3.6278012812E-001  
 HF contribution (EtotHF)                          -1.1625237817E+002  
 Singles correction (EcSingles)                    -1.6126610599E-002  
 HF contribution (EtotHF)                          -1.1625237817E+002  
 Singles correction (EcSingles)                    -1.6126610599E-002  
 Direct RPA correlation (EcRPA)                    -7.8164488618E-001  
 HF contribution (EtotHF)                          -1.1625334858E+002  
 Singles correction (EcSingles)                    -1.6033918104E-002  
 HF contribution (EtotHF)                          -1.1625334858E+002  
 Singles correction (EcSingles)                    -1.6033918104E-002  
 Direct RPA correlation (EcRPA)                    -7.8090546772E-001  
 HF contribution (EtotHF)                          -1.1625113373E+002  
 Singles correction (EcSingles)                    -1.6180757424E-002  
 HF contribution (EtotHF)                          -1.1625113373E+002  
 Singles correction (EcSingles)                    -1.6180757424E-002  
 Direct RPA correlation (EcRPA)                    -7.8208442661E-001  
 HF contribution (EtotHF)                          -2.2814374777E+002  
 Singles correction (EcSingles)                    -2.5652085717E-002  
 HF contribution (EtotHF)                          -2.2814374777E+002  
 Singles correction (EcSingles)                    -2.5652085717E-002  
 Direct RPA correlation (EcRPA)                    -1.2546969255E+000  
 HF contribution (EtotHF)                          -1.9229961907E+002  
 Singles correction (EcSingles)                    -2.4765763518E-002  
 HF contribution (EtotHF)                          -1.9229961907E+002  
 Singles correction (EcSingles)                    -2.4765763518E-002  
 Direct RPA correlation (EcRPA)                    -1.2001902378E+000  
 HF contribution (EtotHF)                          -1.9229892964E+002  
 Singles correction (EcSingles)                    -2.4818326996E-002  
 HF contribution (EtotHF)                          -1.9229892964E+002  
 Singles correction (EcSingles)                    -2.4818326996E-002  
 Direct RPA correlation (EcRPA)                    -1.2009585293E+000  
 HF contribution (EtotHF)                          -1.9230096929E+002  
 Singles correction (EcSingles)                    -2.4792971868E-002  
 HF contribution (EtotHF)                          -1.9230096929E+002  
 Singles correction (EcSingles)                    -2.4792971868E-002  
 Direct RPA correlation (EcRPA)                    -1.2002686217E+000  
