 Converged energy                           -269.605131789024
 Converged energy                            -76.380058325818
 Converged energy                            -76.380027169935
 Converged energy                            -76.379993818900
 Converged energy                           -152.760074432061
 Converged energy                           -152.760685273848
 Converged energy                           -152.761722283733
 Converged energy                            -40.461930397496
 Converged energy                           -116.842486821103
 Converged energy                           -116.842503155585
 Converged energy                           -116.841951424882
 Converged energy                           -229.142364802847
 Converged energy                           -193.223074719494
 Converged energy                           -193.223992127296
 Converged energy                           -193.223110181126
 HF contribution (EtotHF)                          -2.6834963760E+002  
 Singles correction (EcSingles)                    -3.3815763563E-002  
 HF contribution (EtotHF)                          -2.6834963760E+002  
 Singles correction (EcSingles)                    -3.3815763563E-002  
 Direct RPA correlation (EcRPA)                    -1.6200198454E+000  
 HF contribution (EtotHF)                          -7.6048359557E+001  
 Singles correction (EcSingles)                    -8.4785133204E-003  
 HF contribution (EtotHF)                          -7.6048359557E+001  
 Singles correction (EcSingles)                    -8.4785133204E-003  
 Direct RPA correlation (EcRPA)                    -4.1820336182E-001  
 HF contribution (EtotHF)                          -7.6048807912E+001  
 Singles correction (EcSingles)                    -8.4352107235E-003  
 HF contribution (EtotHF)                          -7.6048807912E+001  
 Singles correction (EcSingles)                    -8.4352107235E-003  
 Direct RPA correlation (EcRPA)                    -4.1757078060E-001  
 HF contribution (EtotHF)                          -7.6048096102E+001  
 Singles correction (EcSingles)                    -8.4923934195E-003  
 HF contribution (EtotHF)                          -7.6048096102E+001  
 Singles correction (EcSingles)                    -8.4923934195E-003  
 Direct RPA correlation (EcRPA)                    -4.1827790448E-001  
 HF contribution (EtotHF)                          -1.5209715940E+002  
 Singles correction (EcSingles)                    -1.6913434635E-002  
 HF contribution (EtotHF)                          -1.5209715940E+002  
 Singles correction (EcSingles)                    -1.6913434635E-002  
 Direct RPA correlation (EcRPA)                    -8.3577753738E-001  
 HF contribution (EtotHF)                          -1.5209743781E+002  
 Singles correction (EcSingles)                    -1.6979803304E-002  
 HF contribution (EtotHF)                          -1.5209743781E+002  
 Singles correction (EcSingles)                    -1.6979803304E-002  
 Direct RPA correlation (EcRPA)                    -8.3593345520E-001  
 HF contribution (EtotHF)                          -1.5209787652E+002  
 Singles correction (EcSingles)                    -1.7088334868E-002  
 HF contribution (EtotHF)                          -1.5209787652E+002  
 Singles correction (EcSingles)                    -1.7088334868E-002  
 Direct RPA correlation (EcRPA)                    -8.3657666245E-001  
 HF contribution (EtotHF)                          -4.0204650162E+001  
 Singles correction (EcSingles)                    -7.4929592011E-003  
 HF contribution (EtotHF)                          -4.0204650162E+001  
 Singles correction (EcSingles)                    -7.4929592011E-003  
 Direct RPA correlation (EcRPA)                    -3.6283301818E-001  
 HF contribution (EtotHF)                          -1.1625190478E+002  
 Singles correction (EcSingles)                    -1.6395030229E-002  
 HF contribution (EtotHF)                          -1.1625190478E+002  
 Singles correction (EcSingles)                    -1.6395030229E-002  
 Direct RPA correlation (EcRPA)                    -7.8235575246E-001  
 HF contribution (EtotHF)                          -1.1625338146E+002  
 Singles correction (EcSingles)                    -1.6049021325E-002  
 HF contribution (EtotHF)                          -1.1625338146E+002  
 Singles correction (EcSingles)                    -1.6049021325E-002  
 Direct RPA correlation (EcRPA)                    -7.8102182906E-001  
 HF contribution (EtotHF)                          -1.1625162673E+002  
 Singles correction (EcSingles)                    -1.6294657638E-002  
 HF contribution (EtotHF)                          -1.1625162673E+002  
 Singles correction (EcSingles)                    -1.6294657638E-002  
 Direct RPA correlation (EcRPA)                    -7.8220251641E-001  
 HF contribution (EtotHF)                          -2.2814717361E+002  
 Singles correction (EcSingles)                    -2.5573765699E-002  
 HF contribution (EtotHF)                          -2.2814717361E+002  
 Singles correction (EcSingles)                    -2.5573765699E-002  
 Direct RPA correlation (EcRPA)                    -1.2542392474E+000  
 HF contribution (EtotHF)                          -1.9230066163E+002  
 Singles correction (EcSingles)                    -2.4948146820E-002  
 HF contribution (EtotHF)                          -1.9230066163E+002  
 Singles correction (EcSingles)                    -2.4948146820E-002  
 Direct RPA correlation (EcRPA)                    -1.2005433476E+000  
 HF contribution (EtotHF)                          -1.9230033182E+002  
 Singles correction (EcSingles)                    -2.5250425276E-002  
 HF contribution (EtotHF)                          -1.9230033182E+002  
 Singles correction (EcSingles)                    -2.5250425276E-002  
 Direct RPA correlation (EcRPA)                    -1.2017763680E+000  
 HF contribution (EtotHF)                          -1.9230094145E+002  
 Singles correction (EcSingles)                    -2.4863875246E-002  
 HF contribution (EtotHF)                          -1.9230094145E+002  
 Singles correction (EcSingles)                    -2.4863875246E-002  
 Direct RPA correlation (EcRPA)                    -1.2004438838E+000  
