 Converged energy                           -269.611017766415
 Converged energy                            -76.379630524444
 Converged energy                            -76.380211285440
 Converged energy                            -76.380356822934
 Converged energy                           -152.760209956557
 Converged energy                           -152.760109968198
 Converged energy                           -152.767894031894
 Converged energy                            -40.461937032498
 Converged energy                           -116.842013040034
 Converged energy                           -116.842515325417
 Converged energy                           -116.842613897551
 Converged energy                           -229.148355487079
 Converged energy                           -193.222922252333
 Converged energy                           -193.230416430506
 Converged energy                           -193.222555590858
 HF contribution (EtotHF)                          -2.6835167597E+002  
 Singles correction (EcSingles)                    -3.4983713587E-002  
 HF contribution (EtotHF)                          -2.6835167597E+002  
 Singles correction (EcSingles)                    -3.4983713587E-002  
 Direct RPA correlation (EcRPA)                    -1.6234120525E+000  
 HF contribution (EtotHF)                          -7.6047679583E+001  
 Singles correction (EcSingles)                    -8.5142787533E-003  
 HF contribution (EtotHF)                          -7.6047679583E+001  
 Singles correction (EcSingles)                    -8.5142787533E-003  
 Direct RPA correlation (EcRPA)                    -4.1901385643E-001  
 HF contribution (EtotHF)                          -7.6048901485E+001  
 Singles correction (EcSingles)                    -8.4427775883E-003  
 HF contribution (EtotHF)                          -7.6048901485E+001  
 Singles correction (EcSingles)                    -8.4427775883E-003  
 Direct RPA correlation (EcRPA)                    -4.1774843513E-001  
 HF contribution (EtotHF)                          -7.6049246216E+001  
 Singles correction (EcSingles)                    -8.4393553845E-003  
 HF contribution (EtotHF)                          -7.6049246216E+001  
 Singles correction (EcSingles)                    -8.4393553845E-003  
 Direct RPA correlation (EcRPA)                    -4.1825084354E-001  
 HF contribution (EtotHF)                          -1.5209703147E+002  
 Singles correction (EcSingles)                    -1.6945395680E-002  
 HF contribution (EtotHF)                          -1.5209703147E+002  
 Singles correction (EcSingles)                    -1.6945395680E-002  
 Direct RPA correlation (EcRPA)                    -8.3668763983E-001  
 HF contribution (EtotHF)                          -1.5209705388E+002  
 Singles correction (EcSingles)                    -1.7067801561E-002  
 HF contribution (EtotHF)                          -1.5209705388E+002  
 Singles correction (EcSingles)                    -1.7067801561E-002  
 Direct RPA correlation (EcRPA)                    -8.3650113823E-001  
 HF contribution (EtotHF)                          -1.5210052198E+002  
 Singles correction (EcSingles)                    -1.8143763702E-002  
 HF contribution (EtotHF)                          -1.5210052198E+002  
 Singles correction (EcSingles)                    -1.8143763702E-002  
 Direct RPA correlation (EcRPA)                    -8.3950309574E-001  
 HF contribution (EtotHF)                          -4.0204647503E+001  
 Singles correction (EcSingles)                    -7.4963524775E-003  
 HF contribution (EtotHF)                          -4.0204647503E+001  
 Singles correction (EcSingles)                    -7.4963524775E-003  
 Direct RPA correlation (EcRPA)                    -3.6283149088E-001  
 HF contribution (EtotHF)                          -1.1625220284E+002  
 Singles correction (EcSingles)                    -1.6123198238E-002  
 HF contribution (EtotHF)                          -1.1625220284E+002  
 Singles correction (EcSingles)                    -1.6123198238E-002  
 Direct RPA correlation (EcRPA)                    -7.8244384058E-001  
 HF contribution (EtotHF)                          -1.1625285903E+002  
 Singles correction (EcSingles)                    -1.6213697385E-002  
 HF contribution (EtotHF)                          -1.1625285903E+002  
 Singles correction (EcSingles)                    -1.6213697385E-002  
 Direct RPA correlation (EcRPA)                    -7.8158315484E-001  
 HF contribution (EtotHF)                          -1.1625254437E+002  
 Singles correction (EcSingles)                    -1.6378144531E-002  
 HF contribution (EtotHF)                          -1.1625254437E+002  
 Singles correction (EcSingles)                    -1.6378144531E-002  
 Direct RPA correlation (EcRPA)                    -7.8245688237E-001  
 HF contribution (EtotHF)                          -2.2814908436E+002  
 Singles correction (EcSingles)                    -2.6776220396E-002  
 HF contribution (EtotHF)                          -2.2814908436E+002  
 Singles correction (EcSingles)                    -2.6776220396E-002  
 Direct RPA correlation (EcRPA)                    -1.2576847908E+000  
 HF contribution (EtotHF)                          -1.9230082461E+002  
 Singles correction (EcSingles)                    -2.4827148484E-002  
 HF contribution (EtotHF)                          -1.9230082461E+002  
 Singles correction (EcSingles)                    -2.4827148484E-002  
 Direct RPA correlation (EcRPA)                    -1.2011314062E+000  
 HF contribution (EtotHF)                          -1.9230381001E+002  
 Singles correction (EcSingles)                    -2.6142194724E-002  
 HF contribution (EtotHF)                          -1.9230381001E+002  
 Singles correction (EcSingles)                    -2.6142194724E-002  
 Direct RPA correlation (EcRPA)                    -1.2042631861E+000  
 HF contribution (EtotHF)                          -1.9229969235E+002  
 Singles correction (EcSingles)                    -2.5221322381E-002  
 HF contribution (EtotHF)                          -1.9229969235E+002  
 Singles correction (EcSingles)                    -2.5221322381E-002  
 Direct RPA correlation (EcRPA)                    -1.2016707016E+000  
