 Converged energy                           -269.601754653871
 Converged energy                            -76.380054974896
 Converged energy                            -76.380221877886
 Converged energy                            -76.380324522272
 Converged energy                           -152.758857813700
 Converged energy                           -152.760088456000
 Converged energy                           -152.760656152287
 Converged energy                            -40.461933747163
 Converged energy                           -116.842374958066
 Converged energy                           -116.842522854016
 Converged energy                           -116.842577698706
 Converged energy                           -229.138954298325
 Converged energy                           -193.221513223213
 Converged energy                           -193.223297817679
 Converged energy                           -193.222530372650
 HF contribution (EtotHF)                          -2.6834667031E+002  
 Singles correction (EcSingles)                    -3.3875509199E-002  
 HF contribution (EtotHF)                          -2.6834667031E+002  
 Singles correction (EcSingles)                    -3.3875509199E-002  
 Direct RPA correlation (EcRPA)                    -1.6199696654E+000  
 HF contribution (EtotHF)                          -7.6048868572E+001  
 Singles correction (EcSingles)                    -8.4327158748E-003  
 HF contribution (EtotHF)                          -7.6048868572E+001  
 Singles correction (EcSingles)                    -8.4327158748E-003  
 Direct RPA correlation (EcRPA)                    -4.1759177247E-001  
 HF contribution (EtotHF)                          -7.6048915855E+001  
 Singles correction (EcSingles)                    -8.4447226764E-003  
 HF contribution (EtotHF)                          -7.6048915855E+001  
 Singles correction (EcSingles)                    -8.4447226764E-003  
 Direct RPA correlation (EcRPA)                    -4.1784766565E-001  
 HF contribution (EtotHF)                          -7.6049210762E+001  
 Singles correction (EcSingles)                    -8.4311354365E-003  
 HF contribution (EtotHF)                          -7.6049210762E+001  
 Singles correction (EcSingles)                    -8.4311354365E-003  
 Direct RPA correlation (EcRPA)                    -4.1776345068E-001  
 HF contribution (EtotHF)                          -1.5209567001E+002  
 Singles correction (EcSingles)                    -1.7048621226E-002  
 HF contribution (EtotHF)                          -1.5209567001E+002  
 Singles correction (EcSingles)                    -1.7048621226E-002  
 Direct RPA correlation (EcRPA)                    -8.3605799194E-001  
 HF contribution (EtotHF)                          -1.5209703284E+002  
 Singles correction (EcSingles)                    -1.7061466838E-002  
 HF contribution (EtotHF)                          -1.5209703284E+002  
 Singles correction (EcSingles)                    -1.7061466838E-002  
 Direct RPA correlation (EcRPA)                    -8.3611308315E-001  
 HF contribution (EtotHF)                          -1.5209840886E+002  
 Singles correction (EcSingles)                    -1.6858327906E-002  
 HF contribution (EtotHF)                          -1.5209840886E+002  
 Singles correction (EcSingles)                    -1.6858327906E-002  
 Direct RPA correlation (EcRPA)                    -8.3530877305E-001  
 HF contribution (EtotHF)                          -4.0204648878E+001  
 Singles correction (EcSingles)                    -7.4944881297E-003  
 HF contribution (EtotHF)                          -4.0204648878E+001  
 Singles correction (EcSingles)                    -7.4944881297E-003  
 Direct RPA correlation (EcRPA)                    -3.6282855572E-001  
 HF contribution (EtotHF)                          -1.1625334815E+002  
 Singles correction (EcSingles)                    -1.6038462467E-002  
 HF contribution (EtotHF)                          -1.1625334815E+002  
 Singles correction (EcSingles)                    -1.6038462467E-002  
 Direct RPA correlation (EcRPA)                    -7.8099623439E-001  
 HF contribution (EtotHF)                          -1.1625287495E+002  
 Singles correction (EcSingles)                    -1.6213478859E-002  
 HF contribution (EtotHF)                          -1.1625287495E+002  
 Singles correction (EcSingles)                    -1.6213478859E-002  
 Direct RPA correlation (EcRPA)                    -7.8168050866E-001  
 HF contribution (EtotHF)                          -1.1625250963E+002  
 Singles correction (EcSingles)                    -1.6368327287E-002  
 HF contribution (EtotHF)                          -1.1625250963E+002  
 Singles correction (EcSingles)                    -1.6368327287E-002  
 Direct RPA correlation (EcRPA)                    -7.8196421897E-001  
 HF contribution (EtotHF)                          -2.2814407911E+002  
 Singles correction (EcSingles)                    -2.5655576721E-002  
 HF contribution (EtotHF)                          -2.2814407911E+002  
 Singles correction (EcSingles)                    -2.5655576721E-002  
 Direct RPA correlation (EcRPA)                    -1.2542772129E+000  
 HF contribution (EtotHF)                          -1.9229956816E+002  
 Singles correction (EcSingles)                    -2.4889478920E-002  
 HF contribution (EtotHF)                          -1.9229956816E+002  
 Singles correction (EcSingles)                    -2.4889478920E-002  
 Direct RPA correlation (EcRPA)                    -1.2004257152E+000  
 HF contribution (EtotHF)                          -1.9230155548E+002  
 Singles correction (EcSingles)                    -2.4900792730E-002  
 HF contribution (EtotHF)                          -1.9230155548E+002  
 Singles correction (EcSingles)                    -2.4900792730E-002  
 Direct RPA correlation (EcRPA)                    -1.2000765635E+000  
 HF contribution (EtotHF)                          -1.9229967226E+002  
 Singles correction (EcSingles)                    -2.5213068477E-002  
 HF contribution (EtotHF)                          -1.9229967226E+002  
 Singles correction (EcSingles)                    -2.5213068477E-002  
 Direct RPA correlation (EcRPA)                    -1.2012782994E+000  
