 Converged energy                           -269.827408989176
 Converged energy                            -76.437209760147
 Converged energy                            -76.436525776287
 Converged energy                            -76.437001206070
 Converged energy                           -152.882586882857
 Converged energy                           -152.873059588005
 Converged energy                           -152.873613144860
 Converged energy                            -40.507937935022
 Converged energy                           -116.945472270625
 Converged energy                           -116.944717626826
 Converged energy                           -116.945104216915
 Converged energy                           -229.318776250971
 Converged energy                           -193.391040567890
 Converged energy                           -193.382057367264
 Converged energy                           -193.381429393151
 HF contribution (EtotHF)                          -2.6838534228E+002  
 Singles correction (EcSingles)                    -2.1418351220E-002  
 HF contribution (EtotHF)                          -2.6838534228E+002  
 Singles correction (EcSingles)                    -2.1418351220E-002  
 Direct RPA correlation (EcRPA)                    -1.6661258754E+000  
 HF contribution (EtotHF)                          -7.6058342928E+001  
 Singles correction (EcSingles)                    -5.0915847838E-003  
 HF contribution (EtotHF)                          -7.6058342928E+001  
 Singles correction (EcSingles)                    -5.0915847838E-003  
 Direct RPA correlation (EcRPA)                    -4.3083129431E-001  
 HF contribution (EtotHF)                          -7.6057184881E+001  
 Singles correction (EcSingles)                    -5.1364683149E-003  
 HF contribution (EtotHF)                          -7.6057184881E+001  
 Singles correction (EcSingles)                    -5.1364683149E-003  
 Direct RPA correlation (EcRPA)                    -4.3152791410E-001  
 HF contribution (EtotHF)                          -7.6058116914E+001  
 Singles correction (EcSingles)                    -5.0891370115E-003  
 HF contribution (EtotHF)                          -7.6058116914E+001  
 Singles correction (EcSingles)                    -5.0891370115E-003  
 Direct RPA correlation (EcRPA)                    -4.3060217521E-001  
 HF contribution (EtotHF)                          -1.5211963373E+002  
 Singles correction (EcSingles)                    -1.1140326272E-002  
 HF contribution (EtotHF)                          -1.5211963373E+002  
 Singles correction (EcSingles)                    -1.1140326272E-002  
 Direct RPA correlation (EcRPA)                    -8.6496698400E-001  
 HF contribution (EtotHF)                          -1.5211466532E+002  
 Singles correction (EcSingles)                    -1.0257728155E-002  
 HF contribution (EtotHF)                          -1.5211466532E+002  
 Singles correction (EcSingles)                    -1.0257728155E-002  
 Direct RPA correlation (EcRPA)                    -8.6233783210E-001  
 HF contribution (EtotHF)                          -1.5211536093E+002  
 Singles correction (EcSingles)                    -1.0307375292E-002  
 HF contribution (EtotHF)                          -1.5211536093E+002  
 Singles correction (EcSingles)                    -1.0307375292E-002  
 Direct RPA correlation (EcRPA)                    -8.6190351787E-001  
 HF contribution (EtotHF)                          -4.0210720806E+001  
 Singles correction (EcSingles)                    -4.6328350005E-003  
 HF contribution (EtotHF)                          -4.0210720806E+001  
 Singles correction (EcSingles)                    -4.6328350005E-003  
 Direct RPA correlation (EcRPA)                    -3.6763052376E-001  
 HF contribution (EtotHF)                          -1.1626814440E+002  
 Singles correction (EcSingles)                    -9.9528183728E-003  
 HF contribution (EtotHF)                          -1.1626814440E+002  
 Singles correction (EcSingles)                    -9.9528183728E-003  
 Direct RPA correlation (EcRPA)                    -7.9955071172E-001  
 HF contribution (EtotHF)                          -1.1626764517E+002  
 Singles correction (EcSingles)                    -9.8371677125E-003  
 HF contribution (EtotHF)                          -1.1626764517E+002  
 Singles correction (EcSingles)                    -9.8371677125E-003  
 Direct RPA correlation (EcRPA)                    -7.9971623590E-001  
 HF contribution (EtotHF)                          -1.1626845444E+002  
 Singles correction (EcSingles)                    -9.7949336378E-003  
 HF contribution (EtotHF)                          -1.1626845444E+002  
 Singles correction (EcSingles)                    -9.7949336378E-003  
 Direct RPA correlation (EcRPA)                    -7.9884374939E-001  
 HF contribution (EtotHF)                          -2.2817626785E+002  
 Singles correction (EcSingles)                    -1.6393133322E-002  
 HF contribution (EtotHF)                          -2.2817626785E+002  
 Singles correction (EcSingles)                    -1.6393133322E-002  
 Direct RPA correlation (EcRPA)                    -1.2962437834E+000  
 HF contribution (EtotHF)                          -1.9232913903E+002  
 Singles correction (EcSingles)                    -1.6079354076E-002  
 HF contribution (EtotHF)                          -1.9232913903E+002  
 Singles correction (EcSingles)                    -1.6079354076E-002  
 Direct RPA correlation (EcRPA)                    -1.2342362777E+000  
 HF contribution (EtotHF)                          -1.9232470203E+002  
 Singles correction (EcSingles)                    -1.5260832039E-002  
 HF contribution (EtotHF)                          -1.9232470203E+002  
 Singles correction (EcSingles)                    -1.5260832039E-002  
 Direct RPA correlation (EcRPA)                    -1.2312589449E+000  
 HF contribution (EtotHF)                          -1.9232477442E+002  
 Singles correction (EcSingles)                    -1.5029608881E-002  
 HF contribution (EtotHF)                          -1.9232477442E+002  
 Singles correction (EcSingles)                    -1.5029608881E-002  
 Direct RPA correlation (EcRPA)                    -1.2311174714E+000  
