 Converged energy                           -269.829799153964
 Converged energy                            -76.437207797278
 Converged energy                            -76.436524595766
 Converged energy                            -76.436930760900
 Converged energy                           -152.882583757734
 Converged energy                           -152.873139733785
 Converged energy                           -152.875678566198
 Converged energy                            -40.507939731491
 Converged energy                           -116.945472132927
 Converged energy                           -116.944718322853
 Converged energy                           -116.945625999636
 Converged energy                           -229.320565177864
 Converged energy                           -193.391039386917
 Converged energy                           -193.384661197884
 Converged energy                           -193.382141610470
 HF contribution (EtotHF)                          -2.6838730597E+002  
 Singles correction (EcSingles)                    -2.1477514341E-002  
 HF contribution (EtotHF)                          -2.6838730597E+002  
 Singles correction (EcSingles)                    -2.1477514341E-002  
 Direct RPA correlation (EcRPA)                    -1.6663072752E+000  
 HF contribution (EtotHF)                          -7.6058342193E+001  
 Singles correction (EcSingles)                    -5.0910970511E-003  
 HF contribution (EtotHF)                          -7.6058342193E+001  
 Singles correction (EcSingles)                    -5.0910970511E-003  
 Direct RPA correlation (EcRPA)                    -4.3081023452E-001  
 HF contribution (EtotHF)                          -7.6057183877E+001  
 Singles correction (EcSingles)                    -5.1363423176E-003  
 HF contribution (EtotHF)                          -7.6057183877E+001  
 Singles correction (EcSingles)                    -5.1363423176E-003  
 Direct RPA correlation (EcRPA)                    -4.3152019928E-001  
 HF contribution (EtotHF)                          -7.6057864672E+001  
 Singles correction (EcSingles)                    -5.1042100368E-003  
 HF contribution (EtotHF)                          -7.6057864672E+001  
 Singles correction (EcSingles)                    -5.1042100368E-003  
 Direct RPA correlation (EcRPA)                    -4.3083010054E-001  
 HF contribution (EtotHF)                          -1.5211963214E+002  
 Singles correction (EcSingles)                    -1.1139720497E-002  
 HF contribution (EtotHF)                          -1.5211963214E+002  
 Singles correction (EcSingles)                    -1.1139720497E-002  
 Direct RPA correlation (EcRPA)                    -8.6493791643E-001  
 HF contribution (EtotHF)                          -1.5211467764E+002  
 Singles correction (EcSingles)                    -1.0250008830E-002  
 HF contribution (EtotHF)                          -1.5211467764E+002  
 Singles correction (EcSingles)                    -1.0250008830E-002  
 Direct RPA correlation (EcRPA)                    -8.6242523042E-001  
 HF contribution (EtotHF)                          -1.5211760401E+002  
 Singles correction (EcSingles)                    -1.0248639630E-002  
 HF contribution (EtotHF)                          -1.5211760401E+002  
 Singles correction (EcSingles)                    -1.0248639630E-002  
 Direct RPA correlation (EcRPA)                    -8.6172096907E-001  
 HF contribution (EtotHF)                          -4.0210721948E+001  
 Singles correction (EcSingles)                    -4.6330397326E-003  
 HF contribution (EtotHF)                          -4.0210721948E+001  
 Singles correction (EcSingles)                    -4.6330397326E-003  
 Direct RPA correlation (EcRPA)                    -3.6764317817E-001  
 HF contribution (EtotHF)                          -1.1626814476E+002  
 Singles correction (EcSingles)                    -9.9525526634E-003  
 HF contribution (EtotHF)                          -1.1626814476E+002  
 Singles correction (EcSingles)                    -9.9525526634E-003  
 Direct RPA correlation (EcRPA)                    -7.9954253869E-001  
 HF contribution (EtotHF)                          -1.1626764527E+002  
 Singles correction (EcSingles)                    -9.8373174885E-003  
 HF contribution (EtotHF)                          -1.1626764527E+002  
 Singles correction (EcSingles)                    -9.8373174885E-003  
 Direct RPA correlation (EcRPA)                    -7.9972095188E-001  
 HF contribution (EtotHF)                          -1.1626804228E+002  
 Singles correction (EcSingles)                    -9.9704211633E-003  
 HF contribution (EtotHF)                          -1.1626804228E+002  
 Singles correction (EcSingles)                    -9.9704211633E-003  
 Direct RPA correlation (EcRPA)                    -7.9957423068E-001  
 HF contribution (EtotHF)                          -2.2817833868E+002  
 Singles correction (EcSingles)                    -1.6305937017E-002  
 HF contribution (EtotHF)                          -2.2817833868E+002  
 Singles correction (EcSingles)                    -1.6305937017E-002  
 Direct RPA correlation (EcRPA)                    -1.2959469518E+000  
 HF contribution (EtotHF)                          -1.9232913855E+002  
 Singles correction (EcSingles)                    -1.6078987625E-002  
 HF contribution (EtotHF)                          -1.9232913855E+002  
 Singles correction (EcSingles)                    -1.6078987625E-002  
 Direct RPA correlation (EcRPA)                    -1.2342198130E+000  
 HF contribution (EtotHF)                          -1.9232678274E+002  
 Singles correction (EcSingles)                    -1.5348052784E-002  
 HF contribution (EtotHF)                          -1.9232678274E+002  
 Singles correction (EcSingles)                    -1.5348052784E-002  
 Direct RPA correlation (EcRPA)                    -1.2315520697E+000  
 HF contribution (EtotHF)                          -1.9232466994E+002  
 Singles correction (EcSingles)                    -1.5178667220E-002  
 HF contribution (EtotHF)                          -1.9232466994E+002  
 Singles correction (EcSingles)                    -1.5178667220E-002  
 Direct RPA correlation (EcRPA)                    -1.2317096071E+000  
