 Converged energy                           -269.819460160092
 Converged energy                            -76.437193396205
 Converged energy                            -76.437251252007
 Converged energy                            -76.437077965821
 Converged energy                           -152.872900715558
 Converged energy                           -152.874477744705
 Converged energy                           -152.874050881596
 Converged energy                            -40.507941095353
 Converged energy                           -116.945459264249
 Converged energy                           -116.945899760538
 Converged energy                           -116.945614081161
 Converged energy                           -229.309902058834
 Converged energy                           -193.381893602223
 Converged energy                           -193.382913918154
 Converged energy                           -193.383686084781
 HF contribution (EtotHF)                          -2.6838097522E+002  
 Singles correction (EcSingles)                    -2.0779108312E-002  
 HF contribution (EtotHF)                          -2.6838097522E+002  
 Singles correction (EcSingles)                    -2.0779108312E-002  
 Direct RPA correlation (EcRPA)                    -1.6636248933E+000  
 HF contribution (EtotHF)                          -7.6058332704E+001  
 Singles correction (EcSingles)                    -5.0880170343E-003  
 HF contribution (EtotHF)                          -7.6058332704E+001  
 Singles correction (EcSingles)                    -5.0880170343E-003  
 Direct RPA correlation (EcRPA)                    -4.3061802317E-001  
 HF contribution (EtotHF)                          -7.6058365731E+001  
 Singles correction (EcSingles)                    -5.0912425328E-003  
 HF contribution (EtotHF)                          -7.6058365731E+001  
 Singles correction (EcSingles)                    -5.0912425328E-003  
 Direct RPA correlation (EcRPA)                    -4.3065260536E-001  
 HF contribution (EtotHF)                          -7.6058078704E+001  
 Singles correction (EcSingles)                    -5.0990780939E-003  
 HF contribution (EtotHF)                          -7.6058078704E+001  
 Singles correction (EcSingles)                    -5.0990780939E-003  
 Direct RPA correlation (EcRPA)                    -4.3073152718E-001  
 HF contribution (EtotHF)                          -1.5211423796E+002  
 Singles correction (EcSingles)                    -1.0394700128E-002  
 HF contribution (EtotHF)                          -1.5211423796E+002  
 Singles correction (EcSingles)                    -1.0394700128E-002  
 Direct RPA correlation (EcRPA)                    -8.6212131393E-001  
 HF contribution (EtotHF)                          -1.5211660984E+002  
 Singles correction (EcSingles)                    -1.0188360971E-002  
 HF contribution (EtotHF)                          -1.5211660984E+002  
 Singles correction (EcSingles)                    -1.0188360971E-002  
 Direct RPA correlation (EcRPA)                    -8.6136961741E-001  
 HF contribution (EtotHF)                          -1.5211613735E+002  
 Singles correction (EcSingles)                    -1.0197622600E-002  
 HF contribution (EtotHF)                          -1.5211613735E+002  
 Singles correction (EcSingles)                    -1.0197622600E-002  
 Direct RPA correlation (EcRPA)                    -8.6142007690E-001  
 HF contribution (EtotHF)                          -4.0210722520E+001  
 Singles correction (EcSingles)                    -4.6332759532E-003  
 HF contribution (EtotHF)                          -4.0210722520E+001  
 Singles correction (EcSingles)                    -4.6332759532E-003  
 Direct RPA correlation (EcRPA)                    -3.6765053895E-001  
 HF contribution (EtotHF)                          -1.1626813602E+002  
 Singles correction (EcSingles)                    -9.9495146957E-003  
 HF contribution (EtotHF)                          -1.1626813602E+002  
 Singles correction (EcSingles)                    -9.9495146957E-003  
 Direct RPA correlation (EcRPA)                    -7.9935648048E-001  
 HF contribution (EtotHF)                          -1.1626871024E+002  
 Singles correction (EcSingles)                    -9.9195492345E-003  
 HF contribution (EtotHF)                          -1.1626871024E+002  
 Singles correction (EcSingles)                    -9.9195492345E-003  
 Direct RPA correlation (EcRPA)                    -7.9923472076E-001  
 HF contribution (EtotHF)                          -1.1626818925E+002  
 Singles correction (EcSingles)                    -9.9395302895E-003  
 HF contribution (EtotHF)                          -1.1626818925E+002  
 Singles correction (EcSingles)                    -9.9395302895E-003  
 Direct RPA correlation (EcRPA)                    -7.9941666789E-001  
 HF contribution (EtotHF)                          -2.2817220411E+002  
 Singles correction (EcSingles)                    -1.5502138881E-002  
 HF contribution (EtotHF)                          -2.2817220411E+002  
 Singles correction (EcSingles)                    -1.5502138881E-002  
 Direct RPA correlation (EcRPA)                    -1.2929083366E+000  
 HF contribution (EtotHF)                          -1.9232363044E+002  
 Singles correction (EcSingles)                    -1.5468905242E-002  
 HF contribution (EtotHF)                          -1.9232363044E+002  
 Singles correction (EcSingles)                    -1.5468905242E-002  
 Direct RPA correlation (EcRPA)                    -1.2317996184E+000  
 HF contribution (EtotHF)                          -1.9232535052E+002  
 Singles correction (EcSingles)                    -1.5262008810E-002  
 HF contribution (EtotHF)                          -1.9232535052E+002  
 Singles correction (EcSingles)                    -1.5262008810E-002  
 Direct RPA correlation (EcRPA)                    -1.2311882765E+000  
 HF contribution (EtotHF)                          -1.9232630820E+002  
 Singles correction (EcSingles)                    -1.5223841619E-002  
 HF contribution (EtotHF)                          -1.9232630820E+002  
 Singles correction (EcSingles)                    -1.5223841619E-002  
 Direct RPA correlation (EcRPA)                    -1.2309948639E+000  
