 Converged energy                           -269.822033020188
 Converged energy                            -76.437195309196
 Converged energy                            -76.437158765776
 Converged energy                            -76.435365678088
 Converged energy                           -152.875923735242
 Converged energy                           -152.872521723897
 Converged energy                           -152.874415502302
 Converged energy                            -40.507940151387
 Converged energy                           -116.945460418327
 Converged energy                           -116.945353843000
 Converged energy                           -116.943710025189
 Converged energy                           -229.313160956772
 Converged energy                           -193.384390016733
 Converged energy                           -193.383094801073
 Converged energy                           -193.381115245029
 HF contribution (EtotHF)                          -2.6838337102E+002  
 Singles correction (EcSingles)                    -2.0709458449E-002  
 HF contribution (EtotHF)                          -2.6838337102E+002  
 Singles correction (EcSingles)                    -2.0709458449E-002  
 Direct RPA correlation (EcRPA)                    -1.6639729788E+000  
 HF contribution (EtotHF)                          -7.6058335784E+001  
 Singles correction (EcSingles)                    -5.0880633509E-003  
 HF contribution (EtotHF)                          -7.6058335784E+001  
 Singles correction (EcSingles)                    -5.0880633509E-003  
 Direct RPA correlation (EcRPA)                    -4.3062057968E-001  
 HF contribution (EtotHF)                          -7.6058124408E+001  
 Singles correction (EcSingles)                    -5.1047131217E-003  
 HF contribution (EtotHF)                          -7.6058124408E+001  
 Singles correction (EcSingles)                    -5.1047131217E-003  
 Direct RPA correlation (EcRPA)                    -4.3081770893E-001  
 HF contribution (EtotHF)                          -7.6055259766E+001  
 Singles correction (EcSingles)                    -5.2008180514E-003  
 HF contribution (EtotHF)                          -7.6055259766E+001  
 Singles correction (EcSingles)                    -5.2008180514E-003  
 Direct RPA correlation (EcRPA)                    -4.3194628128E-001  
 HF contribution (EtotHF)                          -1.5211790073E+002  
 Singles correction (EcSingles)                    -1.0244197281E-002  
 HF contribution (EtotHF)                          -1.5211790073E+002  
 Singles correction (EcSingles)                    -1.0244197281E-002  
 Direct RPA correlation (EcRPA)                    -8.6149974468E-001  
 HF contribution (EtotHF)                          -1.5211338916E+002  
 Singles correction (EcSingles)                    -1.0305583549E-002  
 HF contribution (EtotHF)                          -1.5211338916E+002  
 Singles correction (EcSingles)                    -1.0305583549E-002  
 Direct RPA correlation (EcRPA)                    -8.6277094082E-001  
 HF contribution (EtotHF)                          -1.5211539704E+002  
 Singles correction (EcSingles)                    -1.0329615922E-002  
 HF contribution (EtotHF)                          -1.5211539704E+002  
 Singles correction (EcSingles)                    -1.0329615922E-002  
 Direct RPA correlation (EcRPA)                    -8.6254569742E-001  
 HF contribution (EtotHF)                          -4.0210722363E+001  
 Singles correction (EcSingles)                    -4.6332371045E-003  
 HF contribution (EtotHF)                          -4.0210722363E+001  
 Singles correction (EcSingles)                    -4.6332371045E-003  
 Direct RPA correlation (EcRPA)                    -3.6765000907E-001  
 HF contribution (EtotHF)                          -1.1626813901E+002  
 Singles correction (EcSingles)                    -9.9495961294E-003  
 HF contribution (EtotHF)                          -1.1626813901E+002  
 Singles correction (EcSingles)                    -9.9495961294E-003  
 Direct RPA correlation (EcRPA)                    -7.9935930954E-001  
 HF contribution (EtotHF)                          -1.1626769110E+002  
 Singles correction (EcSingles)                    -1.0016454231E-002  
 HF contribution (EtotHF)                          -1.1626769110E+002  
 Singles correction (EcSingles)                    -1.0016454231E-002  
 Direct RPA correlation (EcRPA)                    -7.9969161839E-001  
 HF contribution (EtotHF)                          -1.1626582723E+002  
 Singles correction (EcSingles)                    -9.9006027234E-003  
 HF contribution (EtotHF)                          -1.1626582723E+002  
 Singles correction (EcSingles)                    -9.9006027234E-003  
 Direct RPA correlation (EcRPA)                    -8.0017401296E-001  
 HF contribution (EtotHF)                          -2.2817497295E+002  
 Singles correction (EcSingles)                    -1.5490589250E-002  
 HF contribution (EtotHF)                          -2.2817497295E+002  
 Singles correction (EcSingles)                    -1.5490589250E-002  
 Direct RPA correlation (EcRPA)                    -1.2934378275E+000  
 HF contribution (EtotHF)                          -1.9232649093E+002  
 Singles correction (EcSingles)                    -1.5387340465E-002  
 HF contribution (EtotHF)                          -1.9232649093E+002  
 Singles correction (EcSingles)                    -1.5387340465E-002  
 Direct RPA correlation (EcRPA)                    -1.2314595192E+000  
 HF contribution (EtotHF)                          -1.9232502981E+002  
 Singles correction (EcSingles)                    -1.5265094981E-002  
 HF contribution (EtotHF)                          -1.9232502981E+002  
 Singles correction (EcSingles)                    -1.5265094981E-002  
 Direct RPA correlation (EcRPA)                    -1.2318528579E+000  
 HF contribution (EtotHF)                          -1.9232277775E+002  
 Singles correction (EcSingles)                    -1.5286869730E-002  
 HF contribution (EtotHF)                          -1.9232277775E+002  
 Singles correction (EcSingles)                    -1.5286869730E-002  
 Direct RPA correlation (EcRPA)                    -1.2322311014E+000  
