 Converged energy                           -269.827379246267
 Converged energy                            -76.437189786309
 Converged energy                            -76.436451237986
 Converged energy                            -76.437117938483
 Converged energy                           -152.873129403338
 Converged energy                           -152.881368161979
 Converged energy                           -152.874087194425
 Converged energy                            -40.507940439411
 Converged energy                           -116.945455254734
 Converged energy                           -116.944950808012
 Converged energy                           -116.945653941006
 Converged energy                           -229.317651147034
 Converged energy                           -193.381971027241
 Converged energy                           -193.382950323080
 Converged energy                           -193.390768746577
 HF contribution (EtotHF)                          -2.6838293786E+002  
 Singles correction (EcSingles)                    -2.1666741059E-002  
 HF contribution (EtotHF)                          -2.6838293786E+002  
 Singles correction (EcSingles)                    -2.1666741059E-002  
 Direct RPA correlation (EcRPA)                    -1.6675014155E+000  
 HF contribution (EtotHF)                          -7.6058330431E+001  
 Singles correction (EcSingles)                    -5.0872698307E-003  
 HF contribution (EtotHF)                          -7.6058330431E+001  
 Singles correction (EcSingles)                    -5.0872698307E-003  
 Direct RPA correlation (EcRPA)                    -4.3058108545E-001  
 HF contribution (EtotHF)                          -7.6057087916E+001  
 Singles correction (EcSingles)                    -5.1370297409E-003  
 HF contribution (EtotHF)                          -7.6057087916E+001  
 Singles correction (EcSingles)                    -5.1370297409E-003  
 Direct RPA correlation (EcRPA)                    -4.3142154885E-001  
 HF contribution (EtotHF)                          -7.6058103883E+001  
 Singles correction (EcSingles)                    -5.1075060539E-003  
 HF contribution (EtotHF)                          -7.6058103883E+001  
 Singles correction (EcSingles)                    -5.1075060539E-003  
 Direct RPA correlation (EcRPA)                    -4.3135945918E-001  
 HF contribution (EtotHF)                          -1.5211469563E+002  
 Singles correction (EcSingles)                    -1.0264299986E-002  
 HF contribution (EtotHF)                          -1.5211469563E+002  
 Singles correction (EcSingles)                    -1.0264299986E-002  
 Direct RPA correlation (EcRPA)                    -8.6225096670E-001  
 HF contribution (EtotHF)                          -1.5211631884E+002  
 Singles correction (EcSingles)                    -1.1385675184E-002  
 HF contribution (EtotHF)                          -1.5211631884E+002  
 Singles correction (EcSingles)                    -1.1385675184E-002  
 Direct RPA correlation (EcRPA)                    -8.6620200468E-001  
 HF contribution (EtotHF)                          -1.5211616013E+002  
 Singles correction (EcSingles)                    -1.0205374823E-002  
 HF contribution (EtotHF)                          -1.5211616013E+002  
 Singles correction (EcSingles)                    -1.0205374823E-002  
 Direct RPA correlation (EcRPA)                    -8.6201077038E-001  
 HF contribution (EtotHF)                          -4.0210721098E+001  
 Singles correction (EcSingles)                    -4.6335629210E-003  
 HF contribution (EtotHF)                          -4.0210721098E+001  
 Singles correction (EcSingles)                    -4.6335629210E-003  
 Direct RPA correlation (EcRPA)                    -3.6765311856E-001  
 HF contribution (EtotHF)                          -1.1626813232E+002  
 Singles correction (EcSingles)                    -9.9491390204E-003  
 HF contribution (EtotHF)                          -1.1626813232E+002  
 Singles correction (EcSingles)                    -9.9491390204E-003  
 Direct RPA correlation (EcRPA)                    -7.9932195506E-001  
 HF contribution (EtotHF)                          -1.1626770582E+002  
 Singles correction (EcSingles)                    -9.8643739898E-003  
 HF contribution (EtotHF)                          -1.1626770582E+002  
 Singles correction (EcSingles)                    -9.8643739898E-003  
 Direct RPA correlation (EcRPA)                    -7.9979708066E-001  
 HF contribution (EtotHF)                          -1.1626821215E+002  
 Singles correction (EcSingles)                    -9.9489407193E-003  
 HF contribution (EtotHF)                          -1.1626821215E+002  
 Singles correction (EcSingles)                    -9.9489407193E-003  
 Direct RPA correlation (EcRPA)                    -8.0005391466E-001  
 HF contribution (EtotHF)                          -2.2817346232E+002  
 Singles correction (EcSingles)                    -1.6526497197E-002  
 HF contribution (EtotHF)                          -2.2817346232E+002  
 Singles correction (EcSingles)                    -1.6526497197E-002  
 Direct RPA correlation (EcRPA)                    -1.2971258245E+000  
 HF contribution (EtotHF)                          -1.9232443374E+002  
 Singles correction (EcSingles)                    -1.5216469596E-002  
 HF contribution (EtotHF)                          -1.9232443374E+002  
 Singles correction (EcSingles)                    -1.5216469596E-002  
 Direct RPA correlation (EcRPA)                    -1.2316894698E+000  
 HF contribution (EtotHF)                          -1.9232537122E+002  
 Singles correction (EcSingles)                    -1.5270653941E-002  
 HF contribution (EtotHF)                          -1.9232537122E+002  
 Singles correction (EcSingles)                    -1.5270653941E-002  
 Direct RPA correlation (EcRPA)                    -1.2317878147E+000  
 HF contribution (EtotHF)                          -1.9232666690E+002  
 Singles correction (EcSingles)                    -1.6304996201E-002  
 HF contribution (EtotHF)                          -1.9232666690E+002  
 Singles correction (EcSingles)                    -1.6304996201E-002  
 Direct RPA correlation (EcRPA)                    -1.2355185409E+000  
