 Converged energy                           -269.818235525581
 Converged energy                            -76.437188305484
 Converged energy                            -76.437036116862
 Converged energy                            -76.435356124348
 Converged energy                           -152.873828007694
 Converged energy                           -152.872390930488
 Converged energy                           -152.872510635302
 Converged energy                            -40.507939817201
 Converged energy                           -116.945453418688
 Converged energy                           -116.945416818067
 Converged energy                           -116.943606944504
 Converged energy                           -229.309146079771
 Converged energy                           -193.382581974287
 Converged energy                           -193.381112823665
 Converged energy                           -193.381080803395
 HF contribution (EtotHF)                          -2.6837999383E+002  
 Singles correction (EcSingles)                    -2.0538850489E-002  
 HF contribution (EtotHF)                          -2.6837999383E+002  
 Singles correction (EcSingles)                    -2.0538850489E-002  
 Direct RPA correlation (EcRPA)                    -1.6636628904E+000  
 HF contribution (EtotHF)                          -7.6058329522E+001  
 Singles correction (EcSingles)                    -5.0870508997E-003  
 HF contribution (EtotHF)                          -7.6058329522E+001  
 Singles correction (EcSingles)                    -5.0870508997E-003  
 Direct RPA correlation (EcRPA)                    -4.3057479727E-001  
 HF contribution (EtotHF)                          -7.6057982730E+001  
 Singles correction (EcSingles)                    -5.1039759647E-003  
 HF contribution (EtotHF)                          -7.6057982730E+001  
 Singles correction (EcSingles)                    -5.1039759647E-003  
 Direct RPA correlation (EcRPA)                    -4.3078867074E-001  
 HF contribution (EtotHF)                          -7.6055244004E+001  
 Singles correction (EcSingles)                    -5.2013417687E-003  
 HF contribution (EtotHF)                          -7.6055244004E+001  
 Singles correction (EcSingles)                    -5.2013417687E-003  
 Direct RPA correlation (EcRPA)                    -4.3192580540E-001  
 HF contribution (EtotHF)                          -1.5211582175E+002  
 Singles correction (EcSingles)                    -1.0208755118E-002  
 HF contribution (EtotHF)                          -1.5211582175E+002  
 Singles correction (EcSingles)                    -1.0208755118E-002  
 Direct RPA correlation (EcRPA)                    -8.6148280423E-001  
 HF contribution (EtotHF)                          -1.5211323497E+002  
 Singles correction (EcSingles)                    -1.0305025544E-002  
 HF contribution (EtotHF)                          -1.5211323497E+002  
 Singles correction (EcSingles)                    -1.0305025544E-002  
 Direct RPA correlation (EcRPA)                    -8.6271943987E-001  
 HF contribution (EtotHF)                          -1.5211353798E+002  
 Singles correction (EcSingles)                    -1.0288756805E-002  
 HF contribution (EtotHF)                          -1.5211353798E+002  
 Singles correction (EcSingles)                    -1.0288756805E-002  
 Direct RPA correlation (EcRPA)                    -8.6250827338E-001  
 HF contribution (EtotHF)                          -4.0210723280E+001  
 Singles correction (EcSingles)                    -4.6326515469E-003  
 HF contribution (EtotHF)                          -4.0210723280E+001  
 Singles correction (EcSingles)                    -4.6326515469E-003  
 Direct RPA correlation (EcRPA)                    -3.6763567083E-001  
 HF contribution (EtotHF)                          -1.1626813388E+002  
 Singles correction (EcSingles)                    -9.9479071438E-003  
 HF contribution (EtotHF)                          -1.1626813388E+002  
 Singles correction (EcSingles)                    -9.9479071438E-003  
 Direct RPA correlation (EcRPA)                    -7.9929749733E-001  
 HF contribution (EtotHF)                          -1.1626801141E+002  
 Singles correction (EcSingles)                    -9.9365007284E-003  
 HF contribution (EtotHF)                          -1.1626801141E+002  
 Singles correction (EcSingles)                    -9.9365007284E-003  
 Direct RPA correlation (EcRPA)                    -7.9939627116E-001  
 HF contribution (EtotHF)                          -1.1626576211E+002  
 Singles correction (EcSingles)                    -9.8986316215E-003  
 HF contribution (EtotHF)                          -1.1626576211E+002  
 Singles correction (EcSingles)                    -9.8986316215E-003  
 Direct RPA correlation (EcRPA)                    -8.0010648094E-001  
 HF contribution (EtotHF)                          -2.2817103534E+002  
 Singles correction (EcSingles)                    -1.5410128369E-002  
 HF contribution (EtotHF)                          -2.2817103534E+002  
 Singles correction (EcSingles)                    -1.5410128369E-002  
 Direct RPA correlation (EcRPA)                    -1.2934216507E+000  
 HF contribution (EtotHF)                          -1.9232496905E+002  
 Singles correction (EcSingles)                    -1.5271733197E-002  
 HF contribution (EtotHF)                          -1.9232496905E+002  
 Singles correction (EcSingles)                    -1.5271733197E-002  
 Direct RPA correlation (EcRPA)                    -1.2311773175E+000  
 HF contribution (EtotHF)                          -1.9232317106E+002  
 Singles correction (EcSingles)                    -1.5212279884E-002  
 HF contribution (EtotHF)                          -1.9232317106E+002  
 Singles correction (EcSingles)                    -1.5212279884E-002  
 Direct RPA correlation (EcRPA)                    -1.2317710991E+000  
 HF contribution (EtotHF)                          -1.9232304109E+002  
 Singles correction (EcSingles)                    -1.5205178010E-002  
 HF contribution (EtotHF)                          -1.9232304109E+002  
 Singles correction (EcSingles)                    -1.5205178010E-002  
 Direct RPA correlation (EcRPA)                    -1.2318785365E+000  
