 Converged energy                           -269.819152511214
 Converged energy                            -76.437188142261
 Converged energy                            -76.436278552231
 Converged energy                            -76.436019012582
 Converged energy                           -152.873351565639
 Converged energy                           -152.873177156092
 Converged energy                           -152.873171526968
 Converged energy                            -40.507939492608
 Converged energy                           -116.945452899267
 Converged energy                           -116.944711337253
 Converged energy                           -116.944044870523
 Converged energy                           -229.310216362599
 Converged energy                           -193.382154958305
 Converged energy                           -193.381537344688
 Converged energy                           -193.381728600158
 HF contribution (EtotHF)                          -2.6838133946E+002  
 Singles correction (EcSingles)                    -2.0450032200E-002  
 HF contribution (EtotHF)                          -2.6838133946E+002  
 Singles correction (EcSingles)                    -2.0450032200E-002  
 Direct RPA correlation (EcRPA)                    -1.6634316771E+000  
 HF contribution (EtotHF)                          -7.6058329393E+001  
 Singles correction (EcSingles)                    -5.0870686182E-003  
 HF contribution (EtotHF)                          -7.6058329393E+001  
 Singles correction (EcSingles)                    -5.0870686182E-003  
 Direct RPA correlation (EcRPA)                    -4.3057504357E-001  
 HF contribution (EtotHF)                          -7.6056805207E+001  
 Singles correction (EcSingles)                    -5.1419323142E-003  
 HF contribution (EtotHF)                          -7.6056805207E+001  
 Singles correction (EcSingles)                    -5.1419323142E-003  
 Direct RPA correlation (EcRPA)                    -4.3122645787E-001  
 HF contribution (EtotHF)                          -7.6056364396E+001  
 Singles correction (EcSingles)                    -5.1587812502E-003  
 HF contribution (EtotHF)                          -7.6056364396E+001  
 Singles correction (EcSingles)                    -5.1587812502E-003  
 Direct RPA correlation (EcRPA)                    -4.3144396487E-001  
 HF contribution (EtotHF)                          -1.5211498874E+002  
 Singles correction (EcSingles)                    -1.0234958700E-002  
 HF contribution (EtotHF)                          -1.5211498874E+002  
 Singles correction (EcSingles)                    -1.0234958700E-002  
 Direct RPA correlation (EcRPA)                    -8.6184858542E-001  
 HF contribution (EtotHF)                          -1.5211400544E+002  
 Singles correction (EcSingles)                    -1.0320437816E-002  
 HF contribution (EtotHF)                          -1.5211400544E+002  
 Singles correction (EcSingles)                    -1.0320437816E-002  
 Direct RPA correlation (EcRPA)                    -8.6271094135E-001  
 HF contribution (EtotHF)                          -1.5211465457E+002  
 Singles correction (EcSingles)                    -1.0246659519E-002  
 HF contribution (EtotHF)                          -1.5211465457E+002  
 Singles correction (EcSingles)                    -1.0246659519E-002  
 Direct RPA correlation (EcRPA)                    -8.6203027685E-001  
 HF contribution (EtotHF)                          -4.0210721867E+001  
 Singles correction (EcSingles)                    -4.6330528939E-003  
 HF contribution (EtotHF)                          -4.0210721867E+001  
 Singles correction (EcSingles)                    -4.6330528939E-003  
 Direct RPA correlation (EcRPA)                    -3.6763912152E-001  
 HF contribution (EtotHF)                          -1.1626813234E+002  
 Singles correction (EcSingles)                    -9.9483640038E-003  
 HF contribution (EtotHF)                          -1.1626813234E+002  
 Singles correction (EcSingles)                    -9.9483640038E-003  
 Direct RPA correlation (EcRPA)                    -7.9930136240E-001  
 HF contribution (EtotHF)                          -1.1626746292E+002  
 Singles correction (EcSingles)                    -9.8379745567E-003  
 HF contribution (EtotHF)                          -1.1626746292E+002  
 Singles correction (EcSingles)                    -9.8379745567E-003  
 Direct RPA correlation (EcRPA)                    -7.9944288215E-001  
 HF contribution (EtotHF)                          -1.1626645768E+002  
 Singles correction (EcSingles)                    -9.8984281364E-003  
 HF contribution (EtotHF)                          -1.1626645768E+002  
 Singles correction (EcSingles)                    -9.8984281364E-003  
 Direct RPA correlation (EcRPA)                    -7.9987138684E-001  
 HF contribution (EtotHF)                          -2.2817214934E+002  
 Singles correction (EcSingles)                    -1.5414761841E-002  
 HF contribution (EtotHF)                          -2.2817214934E+002  
 Singles correction (EcSingles)                    -1.5414761841E-002  
 Direct RPA correlation (EcRPA)                    -1.2933460188E+000  
 HF contribution (EtotHF)                          -1.9232477334E+002  
 Singles correction (EcSingles)                    -1.5158302613E-002  
 HF contribution (EtotHF)                          -1.9232477334E+002  
 Singles correction (EcSingles)                    -1.5158302613E-002  
 Direct RPA correlation (EcRPA)                    -1.2311472621E+000  
 HF contribution (EtotHF)                          -1.9232383387E+002  
 Singles correction (EcSingles)                    -1.5216120637E-002  
 HF contribution (EtotHF)                          -1.9232383387E+002  
 Singles correction (EcSingles)                    -1.5216120637E-002  
 Direct RPA correlation (EcRPA)                    -1.2315510125E+000  
 HF contribution (EtotHF)                          -1.9232406384E+002  
 Singles correction (EcSingles)                    -1.5126822534E-002  
 HF contribution (EtotHF)                          -1.9232406384E+002  
 Singles correction (EcSingles)                    -1.5126822534E-002  
 Direct RPA correlation (EcRPA)                    -1.2317087103E+000  
