 Converged energy                           -269.817334244531
 Converged energy                            -76.436106498706
 Converged energy                            -76.436429203787
 Converged energy                            -76.436017471116
 Converged energy                           -152.872228201137
 Converged energy                           -152.872576057505
 Converged energy                           -152.872227789566
 Converged energy                            -40.507939084627
 Converged energy                           -116.944380603399
 Converged energy                           -116.944927243362
 Converged energy                           -116.944042982740
 Converged energy                           -229.308478727101
 Converged energy                           -193.381100602249
 Converged energy                           -193.380537502885
 Converged energy                           -193.381107210346
 HF contribution (EtotHF)                          -2.6837933077E+002  
 Singles correction (EcSingles)                    -2.0402003511E-002  
 HF contribution (EtotHF)                          -2.6837933077E+002  
 Singles correction (EcSingles)                    -2.0402003511E-002  
 Direct RPA correlation (EcRPA)                    -1.6639891967E+000  
 HF contribution (EtotHF)                          -7.6056471383E+001  
 Singles correction (EcSingles)                    -5.1576266494E-003  
 HF contribution (EtotHF)                          -7.6056471383E+001  
 Singles correction (EcSingles)                    -5.1576266494E-003  
 Direct RPA correlation (EcRPA)                    -4.3142371102E-001  
 HF contribution (EtotHF)                          -7.6057074319E+001  
 Singles correction (EcSingles)                    -5.1317233888E-003  
 HF contribution (EtotHF)                          -7.6057074319E+001  
 Singles correction (EcSingles)                    -5.1317233888E-003  
 Direct RPA correlation (EcRPA)                    -4.3110570727E-001  
 HF contribution (EtotHF)                          -7.6056362977E+001  
 Singles correction (EcSingles)                    -5.1586280406E-003  
 HF contribution (EtotHF)                          -7.6056362977E+001  
 Singles correction (EcSingles)                    -5.1586280406E-003  
 Direct RPA correlation (EcRPA)                    -4.3142974512E-001  
 HF contribution (EtotHF)                          -1.5211317776E+002  
 Singles correction (EcSingles)                    -1.0299259805E-002  
 HF contribution (EtotHF)                          -1.5211317776E+002  
 Singles correction (EcSingles)                    -1.0299259805E-002  
 Direct RPA correlation (EcRPA)                    -8.6260937384E-001  
 HF contribution (EtotHF)                          -1.5211358070E+002  
 Singles correction (EcSingles)                    -1.0288199291E-002  
 HF contribution (EtotHF)                          -1.5211358070E+002  
 Singles correction (EcSingles)                    -1.0288199291E-002  
 Direct RPA correlation (EcRPA)                    -8.6252312058E-001  
 HF contribution (EtotHF)                          -1.5211295159E+002  
 Singles correction (EcSingles)                    -1.0314351276E-002  
 HF contribution (EtotHF)                          -1.5211295159E+002  
 Singles correction (EcSingles)                    -1.0314351276E-002  
 Direct RPA correlation (EcRPA)                    -8.6284503953E-001  
 HF contribution (EtotHF)                          -4.0210718952E+001  
 Singles correction (EcSingles)                    -4.6342745711E-003  
 HF contribution (EtotHF)                          -4.0210718952E+001  
 Singles correction (EcSingles)                    -4.6342745711E-003  
 Direct RPA correlation (EcRPA)                    -3.6765381686E-001  
 HF contribution (EtotHF)                          -1.1626680988E+002  
 Singles correction (EcSingles)                    -9.9034893046E-003  
 HF contribution (EtotHF)                          -1.1626680988E+002  
 Singles correction (EcSingles)                    -9.9034893046E-003  
 Direct RPA correlation (EcRPA)                    -7.9986436956E-001  
 HF contribution (EtotHF)                          -1.1626768952E+002  
 Singles correction (EcSingles)                    -9.8598599339E-003  
 HF contribution (EtotHF)                          -1.1626768952E+002  
 Singles correction (EcSingles)                    -9.8598599339E-003  
 Direct RPA correlation (EcRPA)                    -7.9948077212E-001  
 HF contribution (EtotHF)                          -1.1626645324E+002  
 Singles correction (EcSingles)                    -9.8995299162E-003  
 HF contribution (EtotHF)                          -1.1626645324E+002  
 Singles correction (EcSingles)                    -9.8995299162E-003  
 Direct RPA correlation (EcRPA)                    -7.9987145142E-001  
 HF contribution (EtotHF)                          -2.2816980154E+002  
 Singles correction (EcSingles)                    -1.5453777704E-002  
 HF contribution (EtotHF)                          -2.2816980154E+002  
 Singles correction (EcSingles)                    -1.5453777704E-002  
 Direct RPA correlation (EcRPA)                    -1.2940180416E+000  
 HF contribution (EtotHF)                          -1.9232346023E+002  
 Singles correction (EcSingles)                    -1.5136975385E-002  
 HF contribution (EtotHF)                          -1.9232346023E+002  
 Singles correction (EcSingles)                    -1.5136975385E-002  
 Direct RPA correlation (EcRPA)                    -1.2317641685E+000  
 HF contribution (EtotHF)                          -1.9232261044E+002  
 Singles correction (EcSingles)                    -1.5166807949E-002  
 HF contribution (EtotHF)                          -1.9232261044E+002  
 Singles correction (EcSingles)                    -1.5166807949E-002  
 Direct RPA correlation (EcRPA)                    -1.2320801256E+000  
 HF contribution (EtotHF)                          -1.9232349248E+002  
 Singles correction (EcSingles)                    -1.5126941530E-002  
 HF contribution (EtotHF)                          -1.9232349248E+002  
 Singles correction (EcSingles)                    -1.5126941530E-002  
 Direct RPA correlation (EcRPA)                    -1.2317083385E+000  
