 Converged energy                           -269.818792816359
 Converged energy                            -76.436495519313
 Converged energy                            -76.436664680551
 Converged energy                            -76.435356116146
 Converged energy                           -152.873954819484
 Converged energy                           -152.872395560653
 Converged energy                           -152.872201371399
 Converged energy                            -40.507939935802
 Converged energy                           -116.944689600943
 Converged energy                           -116.944932927809
 Converged energy                           -116.943606933893
 Converged energy                           -229.310024575628
 Converged energy                           -193.382505787625
 Converged energy                           -193.380662332565
 Converged energy                           -193.380923220729
 HF contribution (EtotHF)                          -2.6838030681E+002  
 Singles correction (EcSingles)                    -2.0520794989E-002  
 HF contribution (EtotHF)                          -2.6838030681E+002  
 Singles correction (EcSingles)                    -2.0520794989E-002  
 Direct RPA correlation (EcRPA)                    -1.6640793780E+000  
 HF contribution (EtotHF)                          -7.6057163793E+001  
 Singles correction (EcSingles)                    -5.1296287839E-003  
 HF contribution (EtotHF)                          -7.6057163793E+001  
 Singles correction (EcSingles)                    -5.1296287839E-003  
 Direct RPA correlation (EcRPA)                    -4.3107542980E-001  
 HF contribution (EtotHF)                          -7.6057247180E+001  
 Singles correction (EcSingles)                    -5.1368286033E-003  
 HF contribution (EtotHF)                          -7.6057247180E+001  
 Singles correction (EcSingles)                    -5.1368286033E-003  
 Direct RPA correlation (EcRPA)                    -4.3121082107E-001  
 HF contribution (EtotHF)                          -7.6055244047E+001  
 Singles correction (EcSingles)                    -5.2013650642E-003  
 HF contribution (EtotHF)                          -7.6055244047E+001  
 Singles correction (EcSingles)                    -5.2013650642E-003  
 Direct RPA correlation (EcRPA)                    -4.3192637378E-001  
 HF contribution (EtotHF)                          -1.5211498806E+002  
 Singles correction (EcSingles)                    -1.0337276606E-002  
 HF contribution (EtotHF)                          -1.5211498806E+002  
 Singles correction (EcSingles)                    -1.0337276606E-002  
 Direct RPA correlation (EcRPA)                    -8.6245250357E-001  
 HF contribution (EtotHF)                          -1.5211293522E+002  
 Singles correction (EcSingles)                    -1.0328031375E-002  
 HF contribution (EtotHF)                          -1.5211293522E+002  
 Singles correction (EcSingles)                    -1.0328031375E-002  
 Direct RPA correlation (EcRPA)                    -8.6306563318E-001  
 HF contribution (EtotHF)                          -1.5211281123E+002  
 Singles correction (EcSingles)                    -1.0322676150E-002  
 HF contribution (EtotHF)                          -1.5211281123E+002  
 Singles correction (EcSingles)                    -1.0322676150E-002  
 Direct RPA correlation (EcRPA)                    -8.6294685040E-001  
 HF contribution (EtotHF)                          -4.0210723663E+001  
 Singles correction (EcSingles)                    -4.6325674812E-003  
 HF contribution (EtotHF)                          -4.0210723663E+001  
 Singles correction (EcSingles)                    -4.6325674812E-003  
 Direct RPA correlation (EcRPA)                    -3.6762729576E-001  
 HF contribution (EtotHF)                          -1.1626762728E+002  
 Singles correction (EcSingles)                    -9.8298527320E-003  
 HF contribution (EtotHF)                          -1.1626762728E+002  
 Singles correction (EcSingles)                    -9.8298527320E-003  
 Direct RPA correlation (EcRPA)                    -7.9925806921E-001  
 HF contribution (EtotHF)                          -1.1626706419E+002  
 Singles correction (EcSingles)                    -9.9930637623E-003  
 HF contribution (EtotHF)                          -1.1626706419E+002  
 Singles correction (EcSingles)                    -9.9930637623E-003  
 Direct RPA correlation (EcRPA)                    -7.9991409756E-001  
 HF contribution (EtotHF)                          -1.1626576236E+002  
 Singles correction (EcSingles)                    -9.8986090598E-003  
 HF contribution (EtotHF)                          -1.1626576236E+002  
 Singles correction (EcSingles)                    -9.8986090598E-003  
 Direct RPA correlation (EcRPA)                    -8.0009860592E-001  
 HF contribution (EtotHF)                          -2.2817106914E+002  
 Singles correction (EcSingles)                    -1.5519772565E-002  
 HF contribution (EtotHF)                          -2.2817106914E+002  
 Singles correction (EcSingles)                    -1.5519772565E-002  
 Direct RPA correlation (EcRPA)                    -1.2942531630E+000  
 HF contribution (EtotHF)                          -1.9232452940E+002  
 Singles correction (EcSingles)                    -1.5273991689E-002  
 HF contribution (EtotHF)                          -1.9232452940E+002  
 Singles correction (EcSingles)                    -1.5273991689E-002  
 Direct RPA correlation (EcRPA)                    -1.2317189115E+000  
 HF contribution (EtotHF)                          -1.9232301769E+002  
 Singles correction (EcSingles)                    -1.5088965290E-002  
 HF contribution (EtotHF)                          -1.9232301769E+002  
 Singles correction (EcSingles)                    -1.5088965290E-002  
 Direct RPA correlation (EcRPA)                    -1.2316833497E+000  
 HF contribution (EtotHF)                          -1.9232249809E+002  
 Singles correction (EcSingles)                    -1.5247274956E-002  
 HF contribution (EtotHF)                          -1.9232249809E+002  
 Singles correction (EcSingles)                    -1.5247274956E-002  
 Direct RPA correlation (EcRPA)                    -1.2323198804E+000  
