 Converged energy                           -269.818357791093
 Converged energy                            -76.436492577270
 Converged energy                            -76.436932476262
 Converged energy                            -76.437264104331
 Converged energy                           -152.873109360342
 Converged energy                           -152.872657815796
 Converged energy                           -152.873875878040
 Converged energy                            -40.507939794209
 Converged energy                           -116.944686869192
 Converged energy                           -116.945628119285
 Converged energy                           -116.945623790222
 Converged energy                           -229.308954963005
 Converged energy                           -193.382112206763
 Converged energy                           -193.382465338893
 Converged energy                           -193.381776429567
 HF contribution (EtotHF)                          -2.6837940729E+002  
 Singles correction (EcSingles)                    -2.0827491253E-002  
 HF contribution (EtotHF)                          -2.6837940729E+002  
 Singles correction (EcSingles)                    -2.0827491253E-002  
 Direct RPA correlation (EcRPA)                    -1.6641807341E+000  
 HF contribution (EtotHF)                          -7.6057160607E+001  
 Singles correction (EcSingles)                    -5.1292567849E-003  
 HF contribution (EtotHF)                          -7.6057160607E+001  
 Singles correction (EcSingles)                    -5.1292567849E-003  
 Direct RPA correlation (EcRPA)                    -4.3105065959E-001  
 HF contribution (EtotHF)                          -7.6057865160E+001  
 Singles correction (EcSingles)                    -5.1046176232E-003  
 HF contribution (EtotHF)                          -7.6057865160E+001  
 Singles correction (EcSingles)                    -5.1046176232E-003  
 Direct RPA correlation (EcRPA)                    -4.3084883066E-001  
 HF contribution (EtotHF)                          -7.6058375344E+001  
 Singles correction (EcSingles)                    -5.0916976525E-003  
 HF contribution (EtotHF)                          -7.6058375344E+001  
 Singles correction (EcSingles)                    -5.0916976525E-003  
 Direct RPA correlation (EcRPA)                    -4.3068932577E-001  
 HF contribution (EtotHF)                          -1.5211465485E+002  
 Singles correction (EcSingles)                    -1.0243280913E-002  
 HF contribution (EtotHF)                          -1.5211465485E+002  
 Singles correction (EcSingles)                    -1.0243280913E-002  
 Direct RPA correlation (EcRPA)                    -8.6197474797E-001  
 HF contribution (EtotHF)                          -1.5211378410E+002  
 Singles correction (EcSingles)                    -1.0412566258E-002  
 HF contribution (EtotHF)                          -1.5211378410E+002  
 Singles correction (EcSingles)                    -1.0412566258E-002  
 Direct RPA correlation (EcRPA)                    -8.6239000720E-001  
 HF contribution (EtotHF)                          -1.5211568108E+002  
 Singles correction (EcSingles)                    -1.0216883229E-002  
 HF contribution (EtotHF)                          -1.5211568108E+002  
 Singles correction (EcSingles)                    -1.0216883229E-002  
 Direct RPA correlation (EcRPA)                    -8.6171362004E-001  
 HF contribution (EtotHF)                          -4.0210721372E+001  
 Singles correction (EcSingles)                    -4.6336012353E-003  
 HF contribution (EtotHF)                          -4.0210721372E+001  
 Singles correction (EcSingles)                    -4.6336012353E-003  
 Direct RPA correlation (EcRPA)                    -3.6765362465E-001  
 HF contribution (EtotHF)                          -1.1626762172E+002  
 Singles correction (EcSingles)                    -9.8305898295E-003  
 HF contribution (EtotHF)                          -1.1626762172E+002  
 Singles correction (EcSingles)                    -9.8305898295E-003  
 Direct RPA correlation (EcRPA)                    -7.9925887254E-001  
 HF contribution (EtotHF)                          -1.1626804212E+002  
 Singles correction (EcSingles)                    -9.9715533528E-003  
 HF contribution (EtotHF)                          -1.1626804212E+002  
 Singles correction (EcSingles)                    -9.9715533528E-003  
 Direct RPA correlation (EcRPA)                    -7.9960336136E-001  
 HF contribution (EtotHF)                          -1.1626788279E+002  
 Singles correction (EcSingles)                    -1.0059817581E-002  
 HF contribution (EtotHF)                          -1.1626788279E+002  
 Singles correction (EcSingles)                    -1.0059817581E-002  
 Direct RPA correlation (EcRPA)                    -7.9972340952E-001  
 HF contribution (EtotHF)                          -2.2817071972E+002  
 Singles correction (EcSingles)                    -1.5547177765E-002  
 HF contribution (EtotHF)                          -2.2817071972E+002  
 Singles correction (EcSingles)                    -1.5547177765E-002  
 Direct RPA correlation (EcRPA)                    -1.2934897435E+000  
 HF contribution (EtotHF)                          -1.9232464669E+002  
 Singles correction (EcSingles)                    -1.5172548621E-002  
 HF contribution (EtotHF)                          -1.9232464669E+002  
 Singles correction (EcSingles)                    -1.5172548621E-002  
 Direct RPA correlation (EcRPA)                    -1.2312665788E+000  
 HF contribution (EtotHF)                          -1.9232489807E+002  
 Singles correction (EcSingles)                    -1.5253335340E-002  
 HF contribution (EtotHF)                          -1.9232489807E+002  
 Singles correction (EcSingles)                    -1.5253335340E-002  
 Direct RPA correlation (EcRPA)                    -1.2313107141E+000  
 HF contribution (EtotHF)                          -1.9232268676E+002  
 Singles correction (EcSingles)                    -1.5629498446E-002  
 HF contribution (EtotHF)                          -1.9232268676E+002  
 Singles correction (EcSingles)                    -1.5629498446E-002  
 Direct RPA correlation (EcRPA)                    -1.2325346331E+000  
