 Converged energy                           -269.827249017049
 Converged energy                            -76.436492282329
 Converged energy                            -76.437077288357
 Converged energy                            -76.436299224250
 Converged energy                           -152.873945362105
 Converged energy                           -152.880987169211
 Converged energy                           -152.872826923013
 Converged energy                            -40.507938693452
 Converged energy                           -116.944685439901
 Converged energy                           -116.945458279821
 Converged energy                           -116.944731033406
 Converged energy                           -229.318012042731
 Converged energy                           -193.382553732166
 Converged energy                           -193.381495852742
 Converged energy                           -193.390029820358
 HF contribution (EtotHF)                          -2.6838324805E+002  
 Singles correction (EcSingles)                    -2.1494528922E-002  
 HF contribution (EtotHF)                          -2.6838324805E+002  
 Singles correction (EcSingles)                    -2.1494528922E-002  
 Direct RPA correlation (EcRPA)                    -1.6670884617E+000  
 HF contribution (EtotHF)                          -7.6057160395E+001  
 Singles correction (EcSingles)                    -5.1292505716E-003  
 HF contribution (EtotHF)                          -7.6057160395E+001  
 Singles correction (EcSingles)                    -5.1292505716E-003  
 Direct RPA correlation (EcRPA)                    -4.3104902448E-001  
 HF contribution (EtotHF)                          -7.6058008294E+001  
 Singles correction (EcSingles)                    -5.1125128938E-003  
 HF contribution (EtotHF)                          -7.6058008294E+001  
 Singles correction (EcSingles)                    -5.1125128938E-003  
 Direct RPA correlation (EcRPA)                    -4.3143334640E-001  
 HF contribution (EtotHF)                          -7.6056815698E+001  
 Singles correction (EcSingles)                    -5.1475640882E-003  
 HF contribution (EtotHF)                          -7.6056815698E+001  
 Singles correction (EcSingles)                    -5.1475640882E-003  
 Direct RPA correlation (EcRPA)                    -4.3153138750E-001  
 HF contribution (EtotHF)                          -1.5211561289E+002  
 Singles correction (EcSingles)                    -1.0231793939E-002  
 HF contribution (EtotHF)                          -1.5211561289E+002  
 Singles correction (EcSingles)                    -1.0231793939E-002  
 Direct RPA correlation (EcRPA)                    -8.6241305573E-001  
 HF contribution (EtotHF)                          -1.5211558497E+002  
 Singles correction (EcSingles)                    -1.1423128077E-002  
 HF contribution (EtotHF)                          -1.5211558497E+002  
 Singles correction (EcSingles)                    -1.1423128077E-002  
 Direct RPA correlation (EcRPA)                    -8.6644388295E-001  
 HF contribution (EtotHF)                          -1.5211401249E+002  
 Singles correction (EcSingles)                    -1.0276643353E-002  
 HF contribution (EtotHF)                          -1.5211401249E+002  
 Singles correction (EcSingles)                    -1.0276643353E-002  
 Direct RPA correlation (EcRPA)                    -8.6258296504E-001  
 HF contribution (EtotHF)                          -4.0210723323E+001  
 Singles correction (EcSingles)                    -4.6323496729E-003  
 HF contribution (EtotHF)                          -4.0210723323E+001  
 Singles correction (EcSingles)                    -4.6323496729E-003  
 Direct RPA correlation (EcRPA)                    -3.6762126763E-001  
 HF contribution (EtotHF)                          -1.1626762343E+002  
 Singles correction (EcSingles)                    -9.8293156491E-003  
 HF contribution (EtotHF)                          -1.1626762343E+002  
 Singles correction (EcSingles)                    -9.8293156491E-003  
 Direct RPA correlation (EcRPA)                    -7.9922461329E-001  
 HF contribution (EtotHF)                          -1.1626803724E+002  
 Singles correction (EcSingles)                    -9.9448177628E-003  
 HF contribution (EtotHF)                          -1.1626803724E+002  
 Singles correction (EcSingles)                    -9.9448177628E-003  
 Direct RPA correlation (EcRPA)                    -8.0003113504E-001  
 HF contribution (EtotHF)                          -1.1626747478E+002  
 Singles correction (EcSingles)                    -9.8429284396E-003  
 HF contribution (EtotHF)                          -1.1626747478E+002  
 Singles correction (EcSingles)                    -9.8429284396E-003  
 Direct RPA correlation (EcRPA)                    -7.9973095865E-001  
 HF contribution (EtotHF)                          -2.2817334483E+002  
 Singles correction (EcSingles)                    -1.6543190745E-002  
 HF contribution (EtotHF)                          -2.2817334483E+002  
 Singles correction (EcSingles)                    -1.6543190745E-002  
 Direct RPA correlation (EcRPA)                    -1.2974201673E+000  
 HF contribution (EtotHF)                          -1.9232535356E+002  
 Singles correction (EcSingles)                    -1.5131374329E-002  
 HF contribution (EtotHF)                          -1.9232535356E+002  
 Singles correction (EcSingles)                    -1.5131374329E-002  
 Direct RPA correlation (EcRPA)                    -1.2315715705E+000  
 HF contribution (EtotHF)                          -1.9232438808E+002  
 Singles correction (EcSingles)                    -1.5040731406E-002  
 HF contribution (EtotHF)                          -1.9232438808E+002  
 Singles correction (EcSingles)                    -1.5040731406E-002  
 Direct RPA correlation (EcRPA)                    -1.2313436730E+000  
 HF contribution (EtotHF)                          -1.9232581739E+002  
 Singles correction (EcSingles)                    -1.6305687724E-002  
 HF contribution (EtotHF)                          -1.9232581739E+002  
 Singles correction (EcSingles)                    -1.6305687724E-002  
 Direct RPA correlation (EcRPA)                    -1.2355430350E+000  
