 Converged energy                           -269.821679539500
 Converged energy                            -76.436495451832
 Converged energy                            -76.436806370672
 Converged energy                            -76.436682794752
 Converged energy                           -152.874115518953
 Converged energy                           -152.875157423572
 Converged energy                           -152.873431960018
 Converged energy                            -40.507940344266
 Converged energy                           -116.944690267287
 Converged energy                           -116.945362991866
 Converged energy                           -116.944850877105
 Converged energy                           -229.312718094397
 Converged energy                           -193.382931543911
 Converged energy                           -193.381822406965
 Converged energy                           -193.383891329630
 HF contribution (EtotHF)                          -2.6838268121E+002  
 Singles correction (EcSingles)                    -2.0789389123E-002  
 HF contribution (EtotHF)                          -2.6838268121E+002  
 Singles correction (EcSingles)                    -2.0789389123E-002  
 Direct RPA correlation (EcRPA)                    -1.6642776010E+000  
 HF contribution (EtotHF)                          -7.6057163882E+001  
 Singles correction (EcSingles)                    -5.1296397695E-003  
 HF contribution (EtotHF)                          -7.6057163882E+001  
 Singles correction (EcSingles)                    -5.1296397695E-003  
 Direct RPA correlation (EcRPA)                    -4.3107279250E-001  
 HF contribution (EtotHF)                          -7.6057522766E+001  
 Singles correction (EcSingles)                    -5.1260810274E-003  
 HF contribution (EtotHF)                          -7.6057522766E+001  
 Singles correction (EcSingles)                    -5.1260810274E-003  
 Direct RPA correlation (EcRPA)                    -4.3111687933E-001  
 HF contribution (EtotHF)                          -7.6057267591E+001  
 Singles correction (EcSingles)                    -5.1368841673E-003  
 HF contribution (EtotHF)                          -7.6057267591E+001  
 Singles correction (EcSingles)                    -5.1368841673E-003  
 Direct RPA correlation (EcRPA)                    -4.3121848262E-001  
 HF contribution (EtotHF)                          -1.5211529416E+002  
 Singles correction (EcSingles)                    -1.0323921794E-002  
 HF contribution (EtotHF)                          -1.5211529416E+002  
 Singles correction (EcSingles)                    -1.0323921794E-002  
 Direct RPA correlation (EcRPA)                    -8.6234365281E-001  
 HF contribution (EtotHF)                          -1.5211627920E+002  
 Singles correction (EcSingles)                    -1.0328181645E-002  
 HF contribution (EtotHF)                          -1.5211627920E+002  
 Singles correction (EcSingles)                    -1.0328181645E-002  
 Direct RPA correlation (EcRPA)                    -8.6242957864E-001  
 HF contribution (EtotHF)                          -1.5211473164E+002  
 Singles correction (EcSingles)                    -1.0259356979E-002  
 HF contribution (EtotHF)                          -1.5211473164E+002  
 Singles correction (EcSingles)                    -1.0259356979E-002  
 Direct RPA correlation (EcRPA)                    -8.6224259538E-001  
 HF contribution (EtotHF)                          -4.0210722291E+001  
 Singles correction (EcSingles)                    -4.6333091046E-003  
 HF contribution (EtotHF)                          -4.0210722291E+001  
 Singles correction (EcSingles)                    -4.6333091046E-003  
 Direct RPA correlation (EcRPA)                    -3.6765259366E-001  
 HF contribution (EtotHF)                          -1.1626762598E+002  
 Singles correction (EcSingles)                    -9.8306349370E-003  
 HF contribution (EtotHF)                          -1.1626762598E+002  
 Singles correction (EcSingles)                    -9.8306349370E-003  
 Direct RPA correlation (EcRPA)                    -7.9928043203E-001  
 HF contribution (EtotHF)                          -1.1626726865E+002  
 Singles correction (EcSingles)                    -1.0080366559E-002  
 HF contribution (EtotHF)                          -1.1626726865E+002  
 Singles correction (EcSingles)                    -1.0080366559E-002  
 Direct RPA correlation (EcRPA)                    -8.0010404034E-001  
 HF contribution (EtotHF)                          -1.1626695749E+002  
 Singles correction (EcSingles)                    -1.0005715690E-002  
 HF contribution (EtotHF)                          -1.1626695749E+002  
 Singles correction (EcSingles)                    -1.0005715690E-002  
 Direct RPA correlation (EcRPA)                    -7.9998809066E-001  
 HF contribution (EtotHF)                          -2.2817434655E+002  
 Singles correction (EcSingles)                    -1.5519155694E-002  
 HF contribution (EtotHF)                          -2.2817434655E+002  
 Singles correction (EcSingles)                    -1.5519155694E-002  
 Direct RPA correlation (EcRPA)                    -1.2936104438E+000  
 HF contribution (EtotHF)                          -1.9232475797E+002  
 Singles correction (EcSingles)                    -1.5354947967E-002  
 HF contribution (EtotHF)                          -1.9232475797E+002  
 Singles correction (EcSingles)                    -1.5354947967E-002  
 Direct RPA correlation (EcRPA)                    -1.2318929264E+000  
 HF contribution (EtotHF)                          -1.9232412802E+002  
 Singles correction (EcSingles)                    -1.5195895848E-002  
 HF contribution (EtotHF)                          -1.9232412802E+002  
 Singles correction (EcSingles)                    -1.5195895848E-002  
 Direct RPA correlation (EcRPA)                    -1.2315711151E+000  
 HF contribution (EtotHF)                          -1.9232492861E+002  
 Singles correction (EcSingles)                    -1.5521874514E-002  
 HF contribution (EtotHF)                          -1.9232492861E+002  
 Singles correction (EcSingles)                    -1.5521874514E-002  
 Direct RPA correlation (EcRPA)                    -1.2325310464E+000  
