 Converged energy                           -269.826913038440
 Converged energy                            -76.436492455702
 Converged energy                            -76.437293547501
 Converged energy                            -76.436699703938
 Converged energy                           -152.873905200245
 Converged energy                           -152.881213512758
 Converged energy                           -152.873445860381
 Converged energy                            -40.507940721644
 Converged energy                           -116.944687720999
 Converged energy                           -116.945654357979
 Converged energy                           -116.944868108041
 Converged energy                           -229.318107725952
 Converged energy                           -193.382495805776
 Converged energy                           -193.381836681434
 Converged energy                           -193.389824924562
 HF contribution (EtotHF)                          -2.6838269280E+002  
 Singles correction (EcSingles)                    -2.1700717116E-002  
 HF contribution (EtotHF)                          -2.6838269280E+002  
 Singles correction (EcSingles)                    -2.1700717116E-002  
 Direct RPA correlation (EcRPA)                    -1.6676495331E+000  
 HF contribution (EtotHF)                          -7.6057160524E+001  
 Singles correction (EcSingles)                    -5.1292364758E-003  
 HF contribution (EtotHF)                          -7.6057160524E+001  
 Singles correction (EcSingles)                    -5.1292364758E-003  
 Direct RPA correlation (EcRPA)                    -4.3104969767E-001  
 HF contribution (EtotHF)                          -7.6058393357E+001  
 Singles correction (EcSingles)                    -5.0982173780E-003  
 HF contribution (EtotHF)                          -7.6058393357E+001  
 Singles correction (EcSingles)                    -5.0982173780E-003  
 Direct RPA correlation (EcRPA)                    -4.3116570172E-001  
 HF contribution (EtotHF)                          -7.6057275085E+001  
 Singles correction (EcSingles)                    -5.1413407048E-003  
 HF contribution (EtotHF)                          -7.6057275085E+001  
 Singles correction (EcSingles)                    -5.1413407048E-003  
 Direct RPA correlation (EcRPA)                    -4.3145326668E-001  
 HF contribution (EtotHF)                          -1.5211569902E+002  
 Singles correction (EcSingles)                    -1.0223360540E-002  
 HF contribution (EtotHF)                          -1.5211569902E+002  
 Singles correction (EcSingles)                    -1.0223360540E-002  
 Direct RPA correlation (EcRPA)                    -8.6218912351E-001  
 HF contribution (EtotHF)                          -1.5211678943E+002  
 Singles correction (EcSingles)                    -1.1358982676E-002  
 HF contribution (EtotHF)                          -1.5211678943E+002  
 Singles correction (EcSingles)                    -1.1358982676E-002  
 Direct RPA correlation (EcRPA)                    -8.6607442107E-001  
 HF contribution (EtotHF)                          -1.5211473575E+002  
 Singles correction (EcSingles)                    -1.0263412967E-002  
 HF contribution (EtotHF)                          -1.5211473575E+002  
 Singles correction (EcSingles)                    -1.0263412967E-002  
 Direct RPA correlation (EcRPA)                    -8.6245424004E-001  
 HF contribution (EtotHF)                          -4.0210722090E+001  
 Singles correction (EcSingles)                    -4.6336253024E-003  
 HF contribution (EtotHF)                          -4.0210722090E+001  
 Singles correction (EcSingles)                    -4.6336253024E-003  
 Direct RPA correlation (EcRPA)                    -3.6765522187E-001  
 HF contribution (EtotHF)                          -1.1626762253E+002  
 Singles correction (EcSingles)                    -9.8305435048E-003  
 HF contribution (EtotHF)                          -1.1626762253E+002  
 Singles correction (EcSingles)                    -9.8305435048E-003  
 Direct RPA correlation (EcRPA)                    -7.9925953094E-001  
 HF contribution (EtotHF)                          -1.1626790097E+002  
 Singles correction (EcSingles)                    -1.0066815052E-002  
 HF contribution (EtotHF)                          -1.1626790097E+002  
 Singles correction (EcSingles)                    -1.0066815052E-002  
 Direct RPA correlation (EcRPA)                    -8.0020548617E-001  
 HF contribution (EtotHF)                          -1.1626696450E+002  
 Singles correction (EcSingles)                    -1.0010797816E-002  
 HF contribution (EtotHF)                          -1.1626696450E+002  
 Singles correction (EcSingles)                    -1.0010797816E-002  
 Direct RPA correlation (EcRPA)                    -8.0022655890E-001  
 HF contribution (EtotHF)                          -2.2817442222E+002  
 Singles correction (EcSingles)                    -1.6477032040E-002  
 HF contribution (EtotHF)                          -2.2817442222E+002  
 Singles correction (EcSingles)                    -1.6477032040E-002  
 Direct RPA correlation (EcRPA)                    -1.2970496973E+000  
 HF contribution (EtotHF)                          -1.9232491631E+002  
 Singles correction (EcSingles)                    -1.5260291388E-002  
 HF contribution (EtotHF)                          -1.9232491631E+002  
 Singles correction (EcSingles)                    -1.5260291388E-002  
 Direct RPA correlation (EcRPA)                    -1.2317919047E+000  
 HF contribution (EtotHF)                          -1.9232413178E+002  
 Singles correction (EcSingles)                    -1.5200539433E-002  
 HF contribution (EtotHF)                          -1.9232413178E+002  
 Singles correction (EcSingles)                    -1.5200539433E-002  
 Direct RPA correlation (EcRPA)                    -1.2317860116E+000  
 HF contribution (EtotHF)                          -1.9232538170E+002  
 Singles correction (EcSingles)                    -1.6515671497E-002  
 HF contribution (EtotHF)                          -1.9232538170E+002  
 Singles correction (EcSingles)                    -1.6515671497E-002  
 Direct RPA correlation (EcRPA)                    -1.2361114235E+000  
