 Converged energy                           -269.821302121650
 Converged energy                            -76.436666713184
 Converged energy                            -76.436995737342
 Converged energy                            -76.436937788667
 Converged energy                           -152.873706623482
 Converged energy                           -152.873679752930
 Converged energy                           -152.875496906193
 Converged energy                            -40.507938779623
 Converged energy                           -116.944933827769
 Converged energy                           -116.945099912825
 Converged energy                           -116.945420140138
 Converged energy                           -229.312282841743
 Converged energy                           -193.382140720429
 Converged energy                           -193.384346295233
 Converged energy                           -193.382330813426
 HF contribution (EtotHF)                          -2.6838435909E+002  
 Singles correction (EcSingles)                    -2.0376597616E-002  
 HF contribution (EtotHF)                          -2.6838435909E+002  
 Singles correction (EcSingles)                    -2.0376597616E-002  
 Direct RPA correlation (EcRPA)                    -1.6624035454E+000  
 HF contribution (EtotHF)                          -7.6057248780E+001  
 Singles correction (EcSingles)                    -5.1371599006E-003  
 HF contribution (EtotHF)                          -7.6057248780E+001  
 Singles correction (EcSingles)                    -5.1371599006E-003  
 Direct RPA correlation (EcRPA)                    -4.3122105337E-001  
 HF contribution (EtotHF)                          -7.6058110912E+001  
 Singles correction (EcSingles)                    -5.0884994030E-003  
 HF contribution (EtotHF)                          -7.6058110912E+001  
 Singles correction (EcSingles)                    -5.0884994030E-003  
 Direct RPA correlation (EcRPA)                    -4.3054703281E-001  
 HF contribution (EtotHF)                          -7.6057996983E+001  
 Singles correction (EcSingles)                    -5.0934012092E-003  
 HF contribution (EtotHF)                          -7.6057996983E+001  
 Singles correction (EcSingles)                    -5.0934012092E-003  
 Direct RPA correlation (EcRPA)                    -4.3064673089E-001  
 HF contribution (EtotHF)                          -1.5211542145E+002  
 Singles correction (EcSingles)                    -1.0223945852E-002  
 HF contribution (EtotHF)                          -1.5211542145E+002  
 Singles correction (EcSingles)                    -1.0223945852E-002  
 Direct RPA correlation (EcRPA)                    -8.6176285198E-001  
 HF contribution (EtotHF)                          -1.5211580651E+002  
 Singles correction (EcSingles)                    -1.0189528918E-002  
 HF contribution (EtotHF)                          -1.5211580651E+002  
 Singles correction (EcSingles)                    -1.0189528918E-002  
 Direct RPA correlation (EcRPA)                    -8.6125529861E-001  
 HF contribution (EtotHF)                          -1.5211706395E+002  
 Singles correction (EcSingles)                    -1.0271435571E-002  
 HF contribution (EtotHF)                          -1.5211706395E+002  
 Singles correction (EcSingles)                    -1.0271435571E-002  
 Direct RPA correlation (EcRPA)                    -8.6186725967E-001  
 HF contribution (EtotHF)                          -4.0210720674E+001  
 Singles correction (EcSingles)                    -4.6330505412E-003  
 HF contribution (EtotHF)                          -4.0210720674E+001  
 Singles correction (EcSingles)                    -4.6330505412E-003  
 Direct RPA correlation (EcRPA)                    -3.6763034804E-001  
 HF contribution (EtotHF)                          -1.1626706260E+002  
 Singles correction (EcSingles)                    -9.9939571420E-003  
 HF contribution (EtotHF)                          -1.1626706260E+002  
 Singles correction (EcSingles)                    -9.9939571420E-003  
 Direct RPA correlation (EcRPA)                    -7.9992769956E-001  
 HF contribution (EtotHF)                          -1.1626844875E+002  
 Singles correction (EcSingles)                    -9.7944092062E-003  
 HF contribution (EtotHF)                          -1.1626844875E+002  
 Singles correction (EcSingles)                    -9.7944092062E-003  
 Direct RPA correlation (EcRPA)                    -7.9878774452E-001  
 HF contribution (EtotHF)                          -1.1626870230E+002  
 Singles correction (EcSingles)                    -9.7964755543E-003  
 HF contribution (EtotHF)                          -1.1626870230E+002  
 Singles correction (EcSingles)                    -9.7964755543E-003  
 Direct RPA correlation (EcRPA)                    -7.9888609067E-001  
 HF contribution (EtotHF)                          -2.2817493564E+002  
 Singles correction (EcSingles)                    -1.5365577583E-002  
 HF contribution (EtotHF)                          -2.2817493564E+002  
 Singles correction (EcSingles)                    -1.5365577583E-002  
 Direct RPA correlation (EcRPA)                    -1.2924705447E+000  
 HF contribution (EtotHF)                          -1.9232483756E+002  
 Singles correction (EcSingles)                    -1.5156364194E-002  
 HF contribution (EtotHF)                          -1.9232483756E+002  
 Singles correction (EcSingles)                    -1.5156364194E-002  
 Direct RPA correlation (EcRPA)                    -1.2310867237E+000  
 HF contribution (EtotHF)                          -1.9232690150E+002  
 Singles correction (EcSingles)                    -1.5203307109E-002  
 HF contribution (EtotHF)                          -1.9232690150E+002  
 Singles correction (EcSingles)                    -1.5203307109E-002  
 Direct RPA correlation (EcRPA)                    -1.2311681725E+000  
 HF contribution (EtotHF)                          -1.9232611295E+002  
 Singles correction (EcSingles)                    -1.4968849669E-002  
 HF contribution (EtotHF)                          -1.9232611295E+002  
 Singles correction (EcSingles)                    -1.4968849669E-002  
 Direct RPA correlation (EcRPA)                    -1.2301201692E+000  
