 Converged energy                           -269.818698898868
 Converged energy                            -76.436662177247
 Converged energy                            -76.437040530982
 Converged energy                            -76.436684144440
 Converged energy                           -152.873444035113
 Converged energy                           -152.873224784696
 Converged energy                           -152.873498415339
 Converged energy                            -40.507941106142
 Converged energy                           -116.944931391817
 Converged energy                           -116.945422291005
 Converged energy                           -116.944852877057
 Converged energy                           -229.309784406610
 Converged energy                           -193.382195525207
 Converged energy                           -193.381940899890
 Converged energy                           -193.381822740534
 HF contribution (EtotHF)                          -2.6837936191E+002  
 Singles correction (EcSingles)                    -2.0824754446E-002  
 HF contribution (EtotHF)                          -2.6837936191E+002  
 Singles correction (EcSingles)                    -2.0824754446E-002  
 Direct RPA correlation (EcRPA)                    -1.6646216653E+000  
 HF contribution (EtotHF)                          -7.6057245442E+001  
 Singles correction (EcSingles)                    -5.1365101603E-003  
 HF contribution (EtotHF)                          -7.6057245442E+001  
 Singles correction (EcSingles)                    -5.1365101603E-003  
 Direct RPA correlation (EcRPA)                    -4.3119550102E-001  
 HF contribution (EtotHF)                          -7.6057986866E+001  
 Singles correction (EcSingles)                    -5.1046258461E-003  
 HF contribution (EtotHF)                          -7.6057986866E+001  
 Singles correction (EcSingles)                    -5.1046258461E-003  
 Direct RPA correlation (EcRPA)                    -4.3082825134E-001  
 HF contribution (EtotHF)                          -7.6057268252E+001  
 Singles correction (EcSingles)                    -5.1373267003E-003  
 HF contribution (EtotHF)                          -7.6057268252E+001  
 Singles correction (EcSingles)                    -5.1373267003E-003  
 Direct RPA correlation (EcRPA)                    -4.3123693667E-001  
 HF contribution (EtotHF)                          -1.5211492255E+002  
 Singles correction (EcSingles)                    -1.0249827501E-002  
 HF contribution (EtotHF)                          -1.5211492255E+002  
 Singles correction (EcSingles)                    -1.0249827501E-002  
 Direct RPA correlation (EcRPA)                    -8.6208954756E-001  
 HF contribution (EtotHF)                          -1.5211422390E+002  
 Singles correction (EcSingles)                    -1.0376358227E-002  
 HF contribution (EtotHF)                          -1.5211422390E+002  
 Singles correction (EcSingles)                    -1.0376358227E-002  
 Direct RPA correlation (EcRPA)                    -8.6254626575E-001  
 HF contribution (EtotHF)                          -1.5211468153E+002  
 Singles correction (EcSingles)                    -1.0272118340E-002  
 HF contribution (EtotHF)                          -1.5211468153E+002  
 Singles correction (EcSingles)                    -1.0272118340E-002  
 Direct RPA correlation (EcRPA)                    -8.6241945341E-001  
 HF contribution (EtotHF)                          -4.0210722270E+001  
 Singles correction (EcSingles)                    -4.6333133887E-003  
 HF contribution (EtotHF)                          -4.0210722270E+001  
 Singles correction (EcSingles)                    -4.6333133887E-003  
 Direct RPA correlation (EcRPA)                    -3.6765215359E-001  
 HF contribution (EtotHF)                          -1.1626706076E+002  
 Singles correction (EcSingles)                    -9.9935896427E-003  
 HF contribution (EtotHF)                          -1.1626706076E+002  
 Singles correction (EcSingles)                    -9.9935896427E-003  
 Direct RPA correlation (EcRPA)                    -7.9992318891E-001  
 HF contribution (EtotHF)                          -1.1626801449E+002  
 Singles correction (EcSingles)                    -9.9377828809E-003  
 HF contribution (EtotHF)                          -1.1626801449E+002  
 Singles correction (EcSingles)                    -9.9377828809E-003  
 Direct RPA correlation (EcRPA)                    -7.9945329595E-001  
 HF contribution (EtotHF)                          -1.1626695815E+002  
 Singles correction (EcSingles)                    -1.0006248633E-002  
 HF contribution (EtotHF)                          -1.1626695815E+002  
 Singles correction (EcSingles)                    -1.0006248633E-002  
 Direct RPA correlation (EcRPA)                    -8.0000625684E-001  
 HF contribution (EtotHF)                          -2.2817133208E+002  
 Singles correction (EcSingles)                    -1.5519813239E-002  
 HF contribution (EtotHF)                          -2.2817133208E+002  
 Singles correction (EcSingles)                    -1.5519813239E-002  
 Direct RPA correlation (EcRPA)                    -1.2937937850E+000  
 HF contribution (EtotHF)                          -1.9232409407E+002  
 Singles correction (EcSingles)                    -1.5305063900E-002  
 HF contribution (EtotHF)                          -1.9232409407E+002  
 Singles correction (EcSingles)                    -1.5305063900E-002  
 Direct RPA correlation (EcRPA)                    -1.2317868727E+000  
 HF contribution (EtotHF)                          -1.9232341321E+002  
 Singles correction (EcSingles)                    -1.5364187541E-002  
 HF contribution (EtotHF)                          -1.9232341321E+002  
 Singles correction (EcSingles)                    -1.5364187541E-002  
 Direct RPA correlation (EcRPA)                    -1.2322739516E+000  
 HF contribution (EtotHF)                          -1.9232316135E+002  
 Singles correction (EcSingles)                    -1.5459535992E-002  
 HF contribution (EtotHF)                          -1.9232316135E+002  
 Singles correction (EcSingles)                    -1.5459535992E-002  
 Direct RPA correlation (EcRPA)                    -1.2322918992E+000  
