 Converged energy                           -269.820452308503
 Converged energy                            -76.436665193359
 Converged energy                            -76.436973283750
 Converged energy                            -76.437085600823
 Converged energy                           -152.874046494567
 Converged energy                           -152.872554438833
 Converged energy                           -152.875374503866
 Converged energy                            -40.507940914369
 Converged energy                           -116.944934096674
 Converged energy                           -116.945330946075
 Converged energy                           -116.945621379568
 Converged energy                           -229.311229902717
 Converged energy                           -193.382673980896
 Converged energy                           -193.384172444167
 Converged energy                           -193.381574153941
 HF contribution (EtotHF)                          -2.6838227269E+002  
 Singles correction (EcSingles)                    -2.0624528047E-002  
 HF contribution (EtotHF)                          -2.6838227269E+002  
 Singles correction (EcSingles)                    -2.0624528047E-002  
 Direct RPA correlation (EcRPA)                    -1.6635278509E+000  
 HF contribution (EtotHF)                          -7.6057247861E+001  
 Singles correction (EcSingles)                    -5.1370229321E-003  
 HF contribution (EtotHF)                          -7.6057247861E+001  
 Singles correction (EcSingles)                    -5.1370229321E-003  
 Direct RPA correlation (EcRPA)                    -4.3121689992E-001  
 HF contribution (EtotHF)                          -7.6058055756E+001  
 Singles correction (EcSingles)                    -5.0922132821E-003  
 HF contribution (EtotHF)                          -7.6058055756E+001  
 Singles correction (EcSingles)                    -5.0922132821E-003  
 Direct RPA correlation (EcRPA)                    -4.3063585219E-001  
 HF contribution (EtotHF)                          -7.6058084863E+001  
 Singles correction (EcSingles)                    -5.1003745875E-003  
 HF contribution (EtotHF)                          -7.6058084863E+001  
 Singles correction (EcSingles)                    -5.1003745875E-003  
 Direct RPA correlation (EcRPA)                    -4.3079807172E-001  
 HF contribution (EtotHF)                          -1.5211578651E+002  
 Singles correction (EcSingles)                    -1.0218552423E-002  
 HF contribution (EtotHF)                          -1.5211578651E+002  
 Singles correction (EcSingles)                    -1.0218552423E-002  
 Direct RPA correlation (EcRPA)                    -8.6177628666E-001  
 HF contribution (EtotHF)                          -1.5211409529E+002  
 Singles correction (EcSingles)                    -1.0307593139E-002  
 HF contribution (EtotHF)                          -1.5211409529E+002  
 Singles correction (EcSingles)                    -1.0307593139E-002  
 Direct RPA correlation (EcRPA)                    -8.6200289029E-001  
 HF contribution (EtotHF)                          -1.5211680944E+002  
 Singles correction (EcSingles)                    -1.0293808624E-002  
 HF contribution (EtotHF)                          -1.5211680944E+002  
 Singles correction (EcSingles)                    -1.0293808624E-002  
 Direct RPA correlation (EcRPA)                    -8.6208762982E-001  
 HF contribution (EtotHF)                          -4.0210722318E+001  
 Singles correction (EcSingles)                    -4.6330350212E-003  
 HF contribution (EtotHF)                          -4.0210722318E+001  
 Singles correction (EcSingles)                    -4.6330350212E-003  
 Direct RPA correlation (EcRPA)                    -3.6764063415E-001  
 HF contribution (EtotHF)                          -1.1626706344E+002  
 Singles correction (EcSingles)                    -9.9936776317E-003  
 HF contribution (EtotHF)                          -1.1626706344E+002  
 Singles correction (EcSingles)                    -9.9936776317E-003  
 Direct RPA correlation (EcRPA)                    -7.9993390922E-001  
 HF contribution (EtotHF)                          -1.1626867068E+002  
 Singles correction (EcSingles)                    -9.7852795798E-003  
 HF contribution (EtotHF)                          -1.1626867068E+002  
 Singles correction (EcSingles)                    -9.7852795798E-003  
 Direct RPA correlation (EcRPA)                    -7.9883674296E-001  
 HF contribution (EtotHF)                          -1.1626819517E+002  
 Singles correction (EcSingles)                    -9.9406077457E-003  
 HF contribution (EtotHF)                          -1.1626819517E+002  
 Singles correction (EcSingles)                    -9.9406077457E-003  
 Direct RPA correlation (EcRPA)                    -7.9947488169E-001  
 HF contribution (EtotHF)                          -2.2817328993E+002  
 Singles correction (EcSingles)                    -1.5487667739E-002  
 HF contribution (EtotHF)                          -2.2817328993E+002  
 Singles correction (EcSingles)                    -1.5487667739E-002  
 Direct RPA correlation (EcRPA)                    -1.2932121801E+000  
 HF contribution (EtotHF)                          -1.9232542236E+002  
 Singles correction (EcSingles)                    -1.5137092389E-002  
 HF contribution (EtotHF)                          -1.9232542236E+002  
 Singles correction (EcSingles)                    -1.5137092389E-002  
 Direct RPA correlation (EcRPA)                    -1.2310677034E+000  
 HF contribution (EtotHF)                          -1.9232592371E+002  
 Singles correction (EcSingles)                    -1.5362808385E-002  
 HF contribution (EtotHF)                          -1.9232592371E+002  
 Singles correction (EcSingles)                    -1.5362808385E-002  
 Direct RPA correlation (EcRPA)                    -1.2318416764E+000  
 HF contribution (EtotHF)                          -1.9232414368E+002  
 Singles correction (EcSingles)                    -1.5214962291E-002  
 HF contribution (EtotHF)                          -1.9232414368E+002  
 Singles correction (EcSingles)                    -1.5214962291E-002  
 Direct RPA correlation (EcRPA)                    -1.2312279365E+000  
