 Converged energy                           -269.829484548998
 Converged energy                            -76.437025850260
 Converged energy                            -76.437264866241
 Converged energy                            -76.437158195947
 Converged energy                           -152.881922281084
 Converged energy                           -152.875958894633
 Converged energy                           -152.874152653778
 Converged energy                            -40.507938941316
 Converged energy                           -116.945129362574
 Converged energy                           -116.945911041548
 Converged energy                           -116.945352177116
 Converged energy                           -229.320392959007
 Converged energy                           -193.390793028594
 Converged energy                           -193.382526379927
 Converged energy                           -193.384808635372
 HF contribution (EtotHF)                          -2.6838776098E+002  
 Singles correction (EcSingles)                    -2.1439036570E-002  
 HF contribution (EtotHF)                          -2.6838776098E+002  
 Singles correction (EcSingles)                    -2.1439036570E-002  
 Direct RPA correlation (EcRPA)                    -1.6657487303E+000  
 HF contribution (EtotHF)                          -7.6058133673E+001  
 Singles correction (EcSingles)                    -5.0947213897E-003  
 HF contribution (EtotHF)                          -7.6058133673E+001  
 Singles correction (EcSingles)                    -5.0947213897E-003  
 Direct RPA correlation (EcRPA)                    -4.3096976935E-001  
 HF contribution (EtotHF)                          -7.6058373100E+001  
 Singles correction (EcSingles)                    -5.0942087926E-003  
 HF contribution (EtotHF)                          -7.6058373100E+001  
 Singles correction (EcSingles)                    -5.0942087926E-003  
 Direct RPA correlation (EcRPA)                    -4.3082633303E-001  
 HF contribution (EtotHF)                          -7.6058123073E+001  
 Singles correction (EcSingles)                    -5.1048113704E-003  
 HF contribution (EtotHF)                          -7.6058123073E+001  
 Singles correction (EcSingles)                    -5.1048113704E-003  
 Direct RPA correlation (EcRPA)                    -4.3081621606E-001  
 HF contribution (EtotHF)                          -1.5211958530E+002  
 Singles correction (EcSingles)                    -1.1098482383E-002  
 HF contribution (EtotHF)                          -1.5211958530E+002  
 Singles correction (EcSingles)                    -1.1098482383E-002  
 Direct RPA correlation (EcRPA)                    -8.6447307504E-001  
 HF contribution (EtotHF)                          -1.5211791596E+002  
 Singles correction (EcSingles)                    -1.0247062814E-002  
 HF contribution (EtotHF)                          -1.5211791596E+002  
 Singles correction (EcSingles)                    -1.0247062814E-002  
 Direct RPA correlation (EcRPA)                    -8.6169547805E-001  
 HF contribution (EtotHF)                          -1.5211622526E+002  
 Singles correction (EcSingles)                    -1.0200211973E-002  
 HF contribution (EtotHF)                          -1.5211622526E+002  
 Singles correction (EcSingles)                    -1.0200211973E-002  
 Direct RPA correlation (EcRPA)                    -8.6179519407E-001  
 HF contribution (EtotHF)                          -4.0210720364E+001  
 Singles correction (EcSingles)                    -4.6333167886E-003  
 HF contribution (EtotHF)                          -4.0210720364E+001  
 Singles correction (EcSingles)                    -4.6333167886E-003  
 Direct RPA correlation (EcRPA)                    -3.6764402861E-001  
 HF contribution (EtotHF)                          -1.1626847065E+002  
 Singles correction (EcSingles)                    -9.8011218830E-003  
 HF contribution (EtotHF)                          -1.1626847065E+002  
 Singles correction (EcSingles)                    -9.8011218830E-003  
 Direct RPA correlation (EcRPA)                    -7.9922768014E-001  
 HF contribution (EtotHF)                          -1.1626871556E+002  
 Singles correction (EcSingles)                    -9.9225603402E-003  
 HF contribution (EtotHF)                          -1.1626871556E+002  
 Singles correction (EcSingles)                    -9.9225603402E-003  
 Direct RPA correlation (EcRPA)                    -7.9940287761E-001  
 HF contribution (EtotHF)                          -1.1626768762E+002  
 Singles correction (EcSingles)                    -1.0016648059E-002  
 HF contribution (EtotHF)                          -1.1626768762E+002  
 Singles correction (EcSingles)                    -1.0016648059E-002  
 Direct RPA correlation (EcRPA)                    -7.9968386180E-001  
 HF contribution (EtotHF)                          -2.2817889576E+002  
 Singles correction (EcSingles)                    -1.6250394983E-002  
 HF contribution (EtotHF)                          -2.2817889576E+002  
 Singles correction (EcSingles)                    -1.6250394983E-002  
 Direct RPA correlation (EcRPA)                    -1.2953767332E+000  
 HF contribution (EtotHF)                          -1.9232962362E+002  
 Singles correction (EcSingles)                    -1.6006652982E-002  
 HF contribution (EtotHF)                          -1.9232962362E+002  
 Singles correction (EcSingles)                    -1.6006652982E-002  
 Direct RPA correlation (EcRPA)                    -1.2336316885E+000  
 HF contribution (EtotHF)                          -1.9232543616E+002  
 Singles correction (EcSingles)                    -1.5181459076E-002  
 HF contribution (EtotHF)                          -1.9232543616E+002  
 Singles correction (EcSingles)                    -1.5181459076E-002  
 Direct RPA correlation (EcRPA)                    -1.2312674032E+000  
 HF contribution (EtotHF)                          -1.9232705416E+002  
 Singles correction (EcSingles)                    -1.5359005683E-002  
 HF contribution (EtotHF)                          -1.9232705416E+002  
 Singles correction (EcSingles)                    -1.5359005683E-002  
 Direct RPA correlation (EcRPA)                    -1.2314957679E+000  
