 Converged energy                           -269.820219822343
 Converged energy                            -76.436998023304
 Converged energy                            -76.436930775402
 Converged energy                            -76.435355713164
 Converged energy                           -152.875709782838
 Converged energy                           -152.872242626622
 Converged energy                           -152.872373822944
 Converged energy                            -40.507939308258
 Converged energy                           -116.945102395135
 Converged energy                           -116.945625772430
 Converged energy                           -116.943606008797
 Converged energy                           -229.311040574439
 Converged energy                           -193.384592243753
 Converged energy                           -193.380767240577
 Converged energy                           -193.381256126642
 HF contribution (EtotHF)                          -2.6838246007E+002  
 Singles correction (EcSingles)                    -2.0442865625E-002  
 HF contribution (EtotHF)                          -2.6838246007E+002  
 Singles correction (EcSingles)                    -2.0442865625E-002  
 Direct RPA correlation (EcRPA)                    -1.6632230310E+000  
 HF contribution (EtotHF)                          -7.6058113448E+001  
 Singles correction (EcSingles)                    -5.0887165679E-003  
 HF contribution (EtotHF)                          -7.6058113448E+001  
 Singles correction (EcSingles)                    -5.0887165679E-003  
 Direct RPA correlation (EcRPA)                    -4.3056612733E-001  
 HF contribution (EtotHF)                          -7.6057864943E+001  
 Singles correction (EcSingles)                    -5.1041862032E-003  
 HF contribution (EtotHF)                          -7.6057864943E+001  
 Singles correction (EcSingles)                    -5.1041862032E-003  
 Direct RPA correlation (EcRPA)                    -4.3082815740E-001  
 HF contribution (EtotHF)                          -7.6055243874E+001  
 Singles correction (EcSingles)                    -5.2012151669E-003  
 HF contribution (EtotHF)                          -7.6055243874E+001  
 Singles correction (EcSingles)                    -5.2012151669E-003  
 Direct RPA correlation (EcRPA)                    -4.3192302264E-001  
 HF contribution (EtotHF)                          -1.5211770829E+002  
 Singles correction (EcSingles)                    -1.0227210311E-002  
 HF contribution (EtotHF)                          -1.5211770829E+002  
 Singles correction (EcSingles)                    -1.0227210311E-002  
 Direct RPA correlation (EcRPA)                    -8.6138251344E-001  
 HF contribution (EtotHF)                          -1.5211305793E+002  
 Singles correction (EcSingles)                    -1.0306777504E-002  
 HF contribution (EtotHF)                          -1.5211305793E+002  
 Singles correction (EcSingles)                    -1.0306777504E-002  
 Direct RPA correlation (EcRPA)                    -8.6276629598E-001  
 HF contribution (EtotHF)                          -1.5211337326E+002  
 Singles correction (EcSingles)                    -1.0290575624E-002  
 HF contribution (EtotHF)                          -1.5211337326E+002  
 Singles correction (EcSingles)                    -1.0290575624E-002  
 Direct RPA correlation (EcRPA)                    -8.6249737460E-001  
 HF contribution (EtotHF)                          -4.0210721638E+001  
 Singles correction (EcSingles)                    -4.6328988617E-003  
 HF contribution (EtotHF)                          -4.0210721638E+001  
 Singles correction (EcSingles)                    -4.6328988617E-003  
 Direct RPA correlation (EcRPA)                    -3.6763445402E-001  
 HF contribution (EtotHF)                          -1.1626845208E+002  
 Singles correction (EcSingles)                    -9.7944600092E-003  
 HF contribution (EtotHF)                          -1.1626845208E+002  
 Singles correction (EcSingles)                    -9.7944600092E-003  
 Direct RPA correlation (EcRPA)                    -7.9881113443E-001  
 HF contribution (EtotHF)                          -1.1626804240E+002  
 Singles correction (EcSingles)                    -9.9702241927E-003  
 HF contribution (EtotHF)                          -1.1626804240E+002  
 Singles correction (EcSingles)                    -9.9702241927E-003  
 Direct RPA correlation (EcRPA)                    -7.9956329719E-001  
 HF contribution (EtotHF)                          -1.1626576029E+002  
 Singles correction (EcSingles)                    -9.8987828354E-003  
 HF contribution (EtotHF)                          -1.1626576029E+002  
 Singles correction (EcSingles)                    -9.8987828354E-003  
 Direct RPA correlation (EcRPA)                    -8.0010257147E-001  
 HF contribution (EtotHF)                          -2.2817291599E+002  
 Singles correction (EcSingles)                    -1.5430451510E-002  
 HF contribution (EtotHF)                          -2.2817291599E+002  
 Singles correction (EcSingles)                    -1.5430451510E-002  
 Direct RPA correlation (EcRPA)                    -1.2933289017E+000  
 HF contribution (EtotHF)                          -1.9232748918E+002  
 Singles correction (EcSingles)                    -1.5172206051E-002  
 HF contribution (EtotHF)                          -1.9232748918E+002  
 Singles correction (EcSingles)                    -1.5172206051E-002  
 Direct RPA correlation (EcRPA)                    -1.2307171945E+000  
 HF contribution (EtotHF)                          -1.9232347689E+002  
 Singles correction (EcSingles)                    -1.5062402280E-002  
 HF contribution (EtotHF)                          -1.9232347689E+002  
 Singles correction (EcSingles)                    -1.5062402280E-002  
 Direct RPA correlation (EcRPA)                    -1.2312958634E+000  
 HF contribution (EtotHF)                          -1.9232302765E+002  
 Singles correction (EcSingles)                    -1.5238938545E-002  
 HF contribution (EtotHF)                          -1.9232302765E+002  
 Singles correction (EcSingles)                    -1.5238938545E-002  
 Direct RPA correlation (EcRPA)                    -1.2320529362E+000  
