 Converged energy                           -269.820227412222
 Converged energy                            -76.436995700251
 Converged energy                            -76.436936490506
 Converged energy                            -76.436681259502
 Converged energy                           -152.873678433337
 Converged energy                           -152.874257432502
 Converged energy                           -152.874048515063
 Converged energy                            -40.507939120655
 Converged energy                           -116.945100227703
 Converged energy                           -116.945419216744
 Converged energy                           -116.944847813033
 Converged energy                           -229.311360689856
 Converged energy                           -193.382329876863
 Converged energy                           -193.382355840192
 Converged energy                           -193.382979277019
 HF contribution (EtotHF)                          -2.6838332212E+002  
 Singles correction (EcSingles)                    -2.0349384343E-002  
 HF contribution (EtotHF)                          -2.6838332212E+002  
 Singles correction (EcSingles)                    -2.0349384343E-002  
 Direct RPA correlation (EcRPA)                    -1.6624346736E+000  
 HF contribution (EtotHF)                          -7.6058110850E+001  
 Singles correction (EcSingles)                    -5.0884851569E-003  
 HF contribution (EtotHF)                          -7.6058110850E+001  
 Singles correction (EcSingles)                    -5.0884851569E-003  
 Direct RPA correlation (EcRPA)                    -4.3054654433E-001  
 HF contribution (EtotHF)                          -7.6057994997E+001  
 Singles correction (EcSingles)                    -5.0933491226E-003  
 HF contribution (EtotHF)                          -7.6057994997E+001  
 Singles correction (EcSingles)                    -5.0933491226E-003  
 Direct RPA correlation (EcRPA)                    -4.3063724159E-001  
 HF contribution (EtotHF)                          -7.6057266198E+001  
 Singles correction (EcSingles)                    -5.1367097325E-003  
 HF contribution (EtotHF)                          -7.6057266198E+001  
 Singles correction (EcSingles)                    -5.1367097325E-003  
 Direct RPA correlation (EcRPA)                    -4.3120759229E-001  
 HF contribution (EtotHF)                          -1.5211580448E+002  
 Singles correction (EcSingles)                    -1.0189448550E-002  
 HF contribution (EtotHF)                          -1.5211580448E+002  
 Singles correction (EcSingles)                    -1.0189448550E-002  
 Direct RPA correlation (EcRPA)                    -8.6124533041E-001  
 HF contribution (EtotHF)                          -1.5211583662E+002  
 Singles correction (EcSingles)                    -1.0249839665E-002  
 HF contribution (EtotHF)                          -1.5211583662E+002  
 Singles correction (EcSingles)                    -1.0249839665E-002  
 Direct RPA correlation (EcRPA)                    -8.6191857354E-001  
 HF contribution (EtotHF)                          -1.5211581954E+002  
 Singles correction (EcSingles)                    -1.0214781058E-002  
 HF contribution (EtotHF)                          -1.5211581954E+002  
 Singles correction (EcSingles)                    -1.0214781058E-002  
 Direct RPA correlation (EcRPA)                    -8.6168129874E-001  
 HF contribution (EtotHF)                          -4.0210720526E+001  
 Singles correction (EcSingles)                    -4.6331568876E-003  
 HF contribution (EtotHF)                          -4.0210720526E+001  
 Singles correction (EcSingles)                    -4.6331568876E-003  
 Direct RPA correlation (EcRPA)                    -3.6763396719E-001  
 HF contribution (EtotHF)                          -1.1626844851E+002  
 Singles correction (EcSingles)                    -9.7944353539E-003  
 HF contribution (EtotHF)                          -1.1626844851E+002  
 Singles correction (EcSingles)                    -9.7944353539E-003  
 Direct RPA correlation (EcRPA)                    -7.9879081197E-001  
 HF contribution (EtotHF)                          -1.1626870006E+002  
 Singles correction (EcSingles)                    -9.7965738748E-003  
 HF contribution (EtotHF)                          -1.1626870006E+002  
 Singles correction (EcSingles)                    -9.7965738748E-003  
 Direct RPA correlation (EcRPA)                    -7.9888041734E-001  
 HF contribution (EtotHF)                          -1.1626695437E+002  
 Singles correction (EcSingles)                    -1.0005371736E-002  
 HF contribution (EtotHF)                          -1.1626695437E+002  
 Singles correction (EcSingles)                    -1.0005371736E-002  
 Direct RPA correlation (EcRPA)                    -7.9995809846E-001  
 HF contribution (EtotHF)                          -2.2817407864E+002  
 Singles correction (EcSingles)                    -1.5335360497E-002  
 HF contribution (EtotHF)                          -2.2817407864E+002  
 Singles correction (EcSingles)                    -1.5335360497E-002  
 Direct RPA correlation (EcRPA)                    -1.2924544899E+000  
 HF contribution (EtotHF)                          -1.9232611059E+002  
 Singles correction (EcSingles)                    -1.4968923226E-002  
 HF contribution (EtotHF)                          -1.9232611059E+002  
 Singles correction (EcSingles)                    -1.4968923226E-002  
 Direct RPA correlation (EcRPA)                    -1.2301138692E+000  
 HF contribution (EtotHF)                          -1.9232509685E+002  
 Singles correction (EcSingles)                    -1.5156180412E-002  
 HF contribution (EtotHF)                          -1.9232509685E+002  
 Singles correction (EcSingles)                    -1.5156180412E-002  
 Direct RPA correlation (EcRPA)                    -1.2310494913E+000  
 HF contribution (EtotHF)                          -1.9232550571E+002  
 Singles correction (EcSingles)                    -1.5187845674E-002  
 HF contribution (EtotHF)                          -1.9232550571E+002  
 Singles correction (EcSingles)                    -1.5187845674E-002  
 Direct RPA correlation (EcRPA)                    -1.2312664247E+000  
