 Converged energy                           -269.826223742858
 Converged energy                            -76.436995969912
 Converged energy                            -76.437095925994
 Converged energy                            -76.435389575564
 Converged energy                           -152.874204618743
 Converged energy                           -152.880009362946
 Converged energy                           -152.872405629975
 Converged energy                            -40.507939553075
 Converged energy                           -116.945101013685
 Converged energy                           -116.945630538276
 Converged energy                           -116.943639384289
 Converged energy                           -229.317202109128
 Converged energy                           -193.382891776312
 Converged energy                           -193.380798980104
 Converged energy                           -193.388918382096
 HF contribution (EtotHF)                          -2.6838337819E+002  
 Singles correction (EcSingles)                    -2.1431016158E-002  
 HF contribution (EtotHF)                          -2.6838337819E+002  
 Singles correction (EcSingles)                    -2.1431016158E-002  
 Direct RPA correlation (EcRPA)                    -1.6668442048E+000  
 HF contribution (EtotHF)                          -7.6058111040E+001  
 Singles correction (EcSingles)                    -5.0885175650E-003  
 HF contribution (EtotHF)                          -7.6058111040E+001  
 Singles correction (EcSingles)                    -5.0885175650E-003  
 Direct RPA correlation (EcRPA)                    -4.3054686637E-001  
 HF contribution (EtotHF)                          -7.6058088489E+001  
 Singles correction (EcSingles)                    -5.1032282235E-003  
 HF contribution (EtotHF)                          -7.6058088489E+001  
 Singles correction (EcSingles)                    -5.1032282235E-003  
 Direct RPA correlation (EcRPA)                    -4.3095289202E-001  
 HF contribution (EtotHF)                          -7.6055268030E+001  
 Singles correction (EcSingles)                    -5.2087457367E-003  
 HF contribution (EtotHF)                          -7.6055268030E+001  
 Singles correction (EcSingles)                    -5.2087457367E-003  
 Direct RPA correlation (EcRPA)                    -4.3241047223E-001  
 HF contribution (EtotHF)                          -1.5211633823E+002  
 Singles correction (EcSingles)                    -1.0187643173E-002  
 HF contribution (EtotHF)                          -1.5211633823E+002  
 Singles correction (EcSingles)                    -1.0187643173E-002  
 Direct RPA correlation (EcRPA)                    -8.6147339682E-001  
 HF contribution (EtotHF)                          -1.5211549687E+002  
 Singles correction (EcSingles)                    -1.1358798415E-002  
 HF contribution (EtotHF)                          -1.5211549687E+002  
 Singles correction (EcSingles)                    -1.1358798415E-002  
 Direct RPA correlation (EcRPA)                    -8.6651499310E-001  
 HF contribution (EtotHF)                          -1.5211339500E+002  
 Singles correction (EcSingles)                    -1.0297917078E-002  
 HF contribution (EtotHF)                          -1.5211339500E+002  
 Singles correction (EcSingles)                    -1.0297917078E-002  
 Direct RPA correlation (EcRPA)                    -8.6296565780E-001  
 HF contribution (EtotHF)                          -4.0210721269E+001  
 Singles correction (EcSingles)                    -4.6329199561E-003  
 HF contribution (EtotHF)                          -4.0210721269E+001  
 Singles correction (EcSingles)                    -4.6329199561E-003  
 Direct RPA correlation (EcRPA)                    -3.6762716333E-001  
 HF contribution (EtotHF)                          -1.1626844936E+002  
 Singles correction (EcSingles)                    -9.7943715185E-003  
 HF contribution (EtotHF)                          -1.1626844936E+002  
 Singles correction (EcSingles)                    -9.7943715185E-003  
 Direct RPA correlation (EcRPA)                    -7.9878411371E-001  
 HF contribution (EtotHF)                          -1.1626819772E+002  
 Singles correction (EcSingles)                    -9.9434359953E-003  
 HF contribution (EtotHF)                          -1.1626819772E+002  
 Singles correction (EcSingles)                    -9.9434359953E-003  
 Direct RPA correlation (EcRPA)                    -7.9961606957E-001  
 HF contribution (EtotHF)                          -1.1626578367E+002  
 Singles correction (EcSingles)                    -9.9064575622E-003  
 HF contribution (EtotHF)                          -1.1626578367E+002  
 Singles correction (EcSingles)                    -9.9064575622E-003  
 Direct RPA correlation (EcRPA)                    -8.0058628582E-001  
 HF contribution (EtotHF)                          -2.2817382263E+002  
 Singles correction (EcSingles)                    -1.6445158602E-002  
 HF contribution (EtotHF)                          -2.2817382263E+002  
 Singles correction (EcSingles)                    -1.6445158602E-002  
 Direct RPA correlation (EcRPA)                    -1.2970426445E+000  
 HF contribution (EtotHF)                          -1.9232604591E+002  
 Singles correction (EcSingles)                    -1.5101456851E-002  
 HF contribution (EtotHF)                          -1.9232604591E+002  
 Singles correction (EcSingles)                    -1.5101456851E-002  
 Direct RPA correlation (EcRPA)                    -1.2307524820E+000  
 HF contribution (EtotHF)                          -1.9232349794E+002  
 Singles correction (EcSingles)                    -1.5069942016E-002  
 HF contribution (EtotHF)                          -1.9232349794E+002  
 Singles correction (EcSingles)                    -1.5069942016E-002  
 Direct RPA correlation (EcRPA)                    -1.2317599289E+000  
 HF contribution (EtotHF)                          -1.9232549930E+002  
 Singles correction (EcSingles)                    -1.6270236452E-002  
 HF contribution (EtotHF)                          -1.9232549930E+002  
 Singles correction (EcSingles)                    -1.6270236452E-002  
 Direct RPA correlation (EcRPA)                    -1.2356925599E+000  
