 Converged energy                           -269.826910784130
 Converged energy                            -76.436997009618
 Converged energy                            -76.436050574172
 Converged energy                            -76.436698195581
 Converged energy                           -152.872677395772
 Converged energy                           -152.881423579684
 Converged energy                           -152.874066788719
 Converged energy                            -40.507938584744
 Converged energy                           -116.945100651506
 Converged energy                           -116.944075540668
 Converged energy                           -116.944864026920
 Converged energy                           -229.318645891258
 Converged energy                           -193.380857502726
 Converged energy                           -193.382373043041
 Converged energy                           -193.389572655511
 HF contribution (EtotHF)                          -2.6838421139E+002  
 Singles correction (EcSingles)                    -2.1423175907E-002  
 HF contribution (EtotHF)                          -2.6838421139E+002  
 Singles correction (EcSingles)                    -2.1423175907E-002  
 Direct RPA correlation (EcRPA)                    -1.6668492195E+000  
 HF contribution (EtotHF)                          -7.6058111884E+001  
 Singles correction (EcSingles)                    -5.0887220368E-003  
 HF contribution (EtotHF)                          -7.6058111884E+001  
 Singles correction (EcSingles)                    -5.0887220368E-003  
 Direct RPA correlation (EcRPA)                    -4.3055605514E-001  
 HF contribution (EtotHF)                          -7.6056387700E+001  
 Singles correction (EcSingles)                    -5.1655423045E-003  
 HF contribution (EtotHF)                          -7.6056387700E+001  
 Singles correction (EcSingles)                    -5.1655423045E-003  
 Direct RPA correlation (EcRPA)                    -4.3190782293E-001  
 HF contribution (EtotHF)                          -7.6057276325E+001  
 Singles correction (EcSingles)                    -5.1405521635E-003  
 HF contribution (EtotHF)                          -7.6057276325E+001  
 Singles correction (EcSingles)                    -5.1405521635E-003  
 Direct RPA correlation (EcRPA)                    -4.3142271081E-001  
 HF contribution (EtotHF)                          -1.5211396963E+002  
 Singles correction (EcSingles)                    -1.0285510009E-002  
 HF contribution (EtotHF)                          -1.5211396963E+002  
 Singles correction (EcSingles)                    -1.0285510009E-002  
 Direct RPA correlation (EcRPA)                    -8.6265571771E-001  
 HF contribution (EtotHF)                          -1.5211741757E+002  
 Singles correction (EcSingles)                    -1.1254171647E-002  
 HF contribution (EtotHF)                          -1.5211741757E+002  
 Singles correction (EcSingles)                    -1.1254171647E-002  
 Direct RPA correlation (EcRPA)                    -8.6603882709E-001  
 HF contribution (EtotHF)                          -1.5211583074E+002  
 Singles correction (EcSingles)                    -1.0218855634E-002  
 HF contribution (EtotHF)                          -1.5211583074E+002  
 Singles correction (EcSingles)                    -1.0218855634E-002  
 Direct RPA correlation (EcRPA)                    -8.6190595106E-001  
 HF contribution (EtotHF)                          -4.0210719265E+001  
 Singles correction (EcSingles)                    -4.6334429121E-003  
 HF contribution (EtotHF)                          -4.0210719265E+001  
 Singles correction (EcSingles)                    -4.6334429121E-003  
 Direct RPA correlation (EcRPA)                    -3.6764189005E-001  
 HF contribution (EtotHF)                          -1.1626844822E+002  
 Singles correction (EcSingles)                    -9.7949748418E-003  
 HF contribution (EtotHF)                          -1.1626844822E+002  
 Singles correction (EcSingles)                    -9.7949748418E-003  
 Direct RPA correlation (EcRPA)                    -7.9880853129E-001  
 HF contribution (EtotHF)                          -1.1626647811E+002  
 Singles correction (EcSingles)                    -9.9057816884E-003  
 HF contribution (EtotHF)                          -1.1626647811E+002  
 Singles correction (EcSingles)                    -9.9057816884E-003  
 Direct RPA correlation (EcRPA)                    -8.0034077114E-001  
 HF contribution (EtotHF)                          -1.1626696303E+002  
 Singles correction (EcSingles)                    -1.0009667510E-002  
 HF contribution (EtotHF)                          -1.1626696303E+002  
 Singles correction (EcSingles)                    -1.0009667510E-002  
 Direct RPA correlation (EcRPA)                    -8.0018240617E-001  
 HF contribution (EtotHF)                          -2.2817564501E+002  
 Singles correction (EcSingles)                    -1.6369020213E-002  
 HF contribution (EtotHF)                          -2.2817564501E+002  
 Singles correction (EcSingles)                    -1.6369020213E-002  
 Direct RPA correlation (EcRPA)                    -1.2967136683E+000  
 HF contribution (EtotHF)                          -1.9232368100E+002  
 Singles correction (EcSingles)                    -1.5096753399E-002  
 HF contribution (EtotHF)                          -1.9232368100E+002  
 Singles correction (EcSingles)                    -1.5096753399E-002  
 Direct RPA correlation (EcRPA)                    -1.2316798786E+000  
 HF contribution (EtotHF)                          -1.9232510656E+002  
 Singles correction (EcSingles)                    -1.5160661264E-002  
 HF contribution (EtotHF)                          -1.9232510656E+002  
 Singles correction (EcSingles)                    -1.5160661264E-002  
 Direct RPA correlation (EcRPA)                    -1.2312836126E+000  
 HF contribution (EtotHF)                          -1.9232641157E+002  
 Singles correction (EcSingles)                    -1.6236279231E-002  
 HF contribution (EtotHF)                          -1.9232641157E+002  
 Singles correction (EcSingles)                    -1.6236279231E-002  
 Direct RPA correlation (EcRPA)                    -1.2355712353E+000  
