 Converged energy                           -269.818530164110
 Converged energy                            -76.436931956972
 Converged energy                            -76.436939306818
 Converged energy                            -76.436017649219
 Converged energy                           -152.873220100467
 Converged energy                           -152.872613012724
 Converged energy                           -152.873333846528
 Converged energy                            -40.507938700157
 Converged energy                           -116.945626334193
 Converged energy                           -116.945421640415
 Converged energy                           -116.944042604313
 Converged energy                           -229.309281218288
 Converged energy                           -193.382388021144
 Converged energy                           -193.382068608164
 Converged energy                           -193.381220585078
 HF contribution (EtotHF)                          -2.6838050707E+002  
 Singles correction (EcSingles)                    -2.0543506068E-002  
 HF contribution (EtotHF)                          -2.6838050707E+002  
 Singles correction (EcSingles)                    -2.0543506068E-002  
 Direct RPA correlation (EcRPA)                    -1.6636259344E+000  
 HF contribution (EtotHF)                          -7.6057864728E+001  
 Singles correction (EcSingles)                    -5.1047242973E-003  
 HF contribution (EtotHF)                          -7.6057864728E+001  
 Singles correction (EcSingles)                    -5.1047242973E-003  
 Direct RPA correlation (EcRPA)                    -4.3084912641E-001  
 HF contribution (EtotHF)                          -7.6057998627E+001  
 Singles correction (EcSingles)                    -5.0935523253E-003  
 HF contribution (EtotHF)                          -7.6057998627E+001  
 Singles correction (EcSingles)                    -5.0935523253E-003  
 Direct RPA correlation (EcRPA)                    -4.3067029305E-001  
 HF contribution (EtotHF)                          -7.6056363116E+001  
 Singles correction (EcSingles)                    -5.1586110870E-003  
 HF contribution (EtotHF)                          -7.6056363116E+001  
 Singles correction (EcSingles)                    -5.1586110870E-003  
 Direct RPA correlation (EcRPA)                    -4.3143087646E-001  
 HF contribution (EtotHF)                          -1.5211468832E+002  
 Singles correction (EcSingles)                    -1.0330145245E-002  
 HF contribution (EtotHF)                          -1.5211468832E+002  
 Singles correction (EcSingles)                    -1.0330145245E-002  
 Direct RPA correlation (EcRPA)                    -8.6201179654E-001  
 HF contribution (EtotHF)                          -1.5211394740E+002  
 Singles correction (EcSingles)                    -1.0263520009E-002  
 HF contribution (EtotHF)                          -1.5211394740E+002  
 Singles correction (EcSingles)                    -1.0263520009E-002  
 Direct RPA correlation (EcRPA)                    -8.6219245700E-001  
 HF contribution (EtotHF)                          -1.5211468178E+002  
 Singles correction (EcSingles)                    -1.0253081688E-002  
 HF contribution (EtotHF)                          -1.5211468178E+002  
 Singles correction (EcSingles)                    -1.0253081688E-002  
 Direct RPA correlation (EcRPA)                    -8.6220809692E-001  
 HF contribution (EtotHF)                          -4.0210720570E+001  
 Singles correction (EcSingles)                    -4.6333324027E-003  
 HF contribution (EtotHF)                          -4.0210720570E+001  
 Singles correction (EcSingles)                    -4.6333324027E-003  
 Direct RPA correlation (EcRPA)                    -3.6764224106E-001  
 HF contribution (EtotHF)                          -1.1626804094E+002  
 Singles correction (EcSingles)                    -9.9713069065E-003  
 HF contribution (EtotHF)                          -1.1626804094E+002  
 Singles correction (EcSingles)                    -9.9713069065E-003  
 Direct RPA correlation (EcRPA)                    -7.9959207024E-001  
 HF contribution (EtotHF)                          -1.1626870399E+002  
 Singles correction (EcSingles)                    -9.7968199746E-003  
 HF contribution (EtotHF)                          -1.1626870399E+002  
 Singles correction (EcSingles)                    -9.7968199746E-003  
 Direct RPA correlation (EcRPA)                    -7.9892167600E-001  
 HF contribution (EtotHF)                          -1.1626645508E+002  
 Singles correction (EcSingles)                    -9.8984999748E-003  
 HF contribution (EtotHF)                          -1.1626645508E+002  
 Singles correction (EcSingles)                    -9.8984999748E-003  
 Direct RPA correlation (EcRPA)                    -7.9986113792E-001  
 HF contribution (EtotHF)                          -2.2817109665E+002  
 Singles correction (EcSingles)                    -1.5489136609E-002  
 HF contribution (EtotHF)                          -2.2817109665E+002  
 Singles correction (EcSingles)                    -1.5489136609E-002  
 Direct RPA correlation (EcRPA)                    -1.2934607992E+000  
 HF contribution (EtotHF)                          -1.9232471846E+002  
 Singles correction (EcSingles)                    -1.5281721556E-002  
 HF contribution (EtotHF)                          -1.9232471846E+002  
 Singles correction (EcSingles)                    -1.5281721556E-002  
 Direct RPA correlation (EcRPA)                    -1.2313927941E+000  
 HF contribution (EtotHF)                          -1.9232418642E+002  
 Singles correction (EcSingles)                    -1.5224820730E-002  
 HF contribution (EtotHF)                          -1.9232418642E+002  
 Singles correction (EcSingles)                    -1.5224820730E-002  
 Direct RPA correlation (EcRPA)                    -1.2317463581E+000  
 HF contribution (EtotHF)                          -1.9232407560E+002  
 Singles correction (EcSingles)                    -1.5070695799E-002  
 HF contribution (EtotHF)                          -1.9232407560E+002  
 Singles correction (EcSingles)                    -1.5070695799E-002  
 Direct RPA correlation (EcRPA)                    -1.2312200881E+000  
