 Converged energy                           -269.826305873901
 Converged energy                            -76.436927526644
 Converged energy                            -76.437095976678
 Converged energy                            -76.435389535855
 Converged energy                           -152.873626227957
 Converged energy                           -152.880009364893
 Converged energy                           -152.872273203266
 Converged energy                            -40.507940664042
 Converged energy                           -116.945623902341
 Converged energy                           -116.945631488923
 Converged energy                           -116.943640460008
 Converged energy                           -229.316592380976
 Converged energy                           -193.382967522428
 Converged energy                           -193.381287345920
 Converged energy                           -193.388919288122
 HF contribution (EtotHF)                          -2.6838240126E+002  
 Singles correction (EcSingles)                    -2.1631989580E-002  
 HF contribution (EtotHF)                          -2.6838240126E+002  
 Singles correction (EcSingles)                    -2.1631989580E-002  
 Direct RPA correlation (EcRPA)                    -1.6677519835E+000  
 HF contribution (EtotHF)                          -7.6057862432E+001  
 Singles correction (EcSingles)                    -5.1037161236E-003  
 HF contribution (EtotHF)                          -7.6057862432E+001  
 Singles correction (EcSingles)                    -5.1037161236E-003  
 Direct RPA correlation (EcRPA)                    -4.3080607042E-001  
 HF contribution (EtotHF)                          -7.6058088648E+001  
 Singles correction (EcSingles)                    -5.1032348988E-003  
 HF contribution (EtotHF)                          -7.6058088648E+001  
 Singles correction (EcSingles)                    -5.1032348988E-003  
 Direct RPA correlation (EcRPA)                    -4.3095396213E-001  
 HF contribution (EtotHF)                          -7.6055268015E+001  
 Singles correction (EcSingles)                    -5.2087471705E-003  
 HF contribution (EtotHF)                          -7.6055268015E+001  
 Singles correction (EcSingles)                    -5.2087471705E-003  
 Direct RPA correlation (EcRPA)                    -4.3241096830E-001  
 HF contribution (EtotHF)                          -1.5211545884E+002  
 Singles correction (EcSingles)                    -1.0224845510E-002  
 HF contribution (EtotHF)                          -1.5211545884E+002  
 Singles correction (EcSingles)                    -1.0224845510E-002  
 Direct RPA correlation (EcRPA)                    -8.6188033676E-001  
 HF contribution (EtotHF)                          -1.5211549697E+002  
 Singles correction (EcSingles)                    -1.1358809486E-002  
 HF contribution (EtotHF)                          -1.5211549697E+002  
 Singles correction (EcSingles)                    -1.1358809486E-002  
 Direct RPA correlation (EcRPA)                    -8.6651655405E-001  
 HF contribution (EtotHF)                          -1.5211307955E+002  
 Singles correction (EcSingles)                    -1.0313845248E-002  
 HF contribution (EtotHF)                          -1.5211307955E+002  
 Singles correction (EcSingles)                    -1.0313845248E-002  
 Direct RPA correlation (EcRPA)                    -8.6323230336E-001  
 HF contribution (EtotHF)                          -4.0210722338E+001  
 Singles correction (EcSingles)                    -4.6330838300E-003  
 HF contribution (EtotHF)                          -4.0210722338E+001  
 Singles correction (EcSingles)                    -4.6330838300E-003  
 Direct RPA correlation (EcRPA)                    -3.6764304281E-001  
 HF contribution (EtotHF)                          -1.1626804052E+002  
 Singles correction (EcSingles)                    -9.9700051687E-003  
 HF contribution (EtotHF)                          -1.1626804052E+002  
 Singles correction (EcSingles)                    -9.9700051687E-003  
 Direct RPA correlation (EcRPA)                    -7.9954946725E-001  
 HF contribution (EtotHF)                          -1.1626819896E+002  
 Singles correction (EcSingles)                    -9.9435092858E-003  
 HF contribution (EtotHF)                          -1.1626819896E+002  
 Singles correction (EcSingles)                    -9.9435092858E-003  
 Direct RPA correlation (EcRPA)                    -7.9963323757E-001  
 HF contribution (EtotHF)                          -1.1626578475E+002  
 Singles correction (EcSingles)                    -9.9066445230E-003  
 HF contribution (EtotHF)                          -1.1626578475E+002  
 Singles correction (EcSingles)                    -9.9066445230E-003  
 Direct RPA correlation (EcRPA)                    -8.0060287290E-001  
 HF contribution (EtotHF)                          -2.2817290407E+002  
 Singles correction (EcSingles)                    -1.6485921980E-002  
 HF contribution (EtotHF)                          -2.2817290407E+002  
 Singles correction (EcSingles)                    -1.6485921980E-002  
 Direct RPA correlation (EcRPA)                    -1.2974570001E+000  
 HF contribution (EtotHF)                          -1.9232506760E+002  
 Singles correction (EcSingles)                    -1.5300070682E-002  
 HF contribution (EtotHF)                          -1.9232506760E+002  
 Singles correction (EcSingles)                    -1.5300070682E-002  
 Direct RPA correlation (EcRPA)                    -1.2316576843E+000  
 HF contribution (EtotHF)                          -1.9232304952E+002  
 Singles correction (EcSingles)                    -1.5246414618E-002  
 HF contribution (EtotHF)                          -1.9232304952E+002  
 Singles correction (EcSingles)                    -1.5246414618E-002  
 Direct RPA correlation (EcRPA)                    -1.2325308893E+000  
 HF contribution (EtotHF)                          -1.9232550051E+002  
 Singles correction (EcSingles)                    -1.6270338954E-002  
 HF contribution (EtotHF)                          -1.9232550051E+002  
 Singles correction (EcSingles)                    -1.6270338954E-002  
 Direct RPA correlation (EcRPA)                    -1.2357103327E+000  
