 Converged energy                           -269.824726482077
 Converged energy                            -76.436927355328
 Converged energy                            -76.435379946897
 Converged energy                            -76.436724053006
 Converged energy                           -152.872263409245
 Converged energy                           -152.878962129164
 Converged energy                           -152.873250548695
 Converged energy                            -40.507940952193
 Converged energy                           -116.945624003414
 Converged energy                           -116.943631589050
 Converged energy                           -116.944893226221
 Converged energy                           -229.315313253270
 Converged energy                           -193.381278262331
 Converged energy                           -193.382204345984
 Converged energy                           -193.387570232872
 HF contribution (EtotHF)                          -2.6837805212E+002  
 Singles correction (EcSingles)                    -2.1908736175E-002  
 HF contribution (EtotHF)                          -2.6837805212E+002  
 Singles correction (EcSingles)                    -2.1908736175E-002  
 Direct RPA correlation (EcRPA)                    -1.6692659093E+000  
 HF contribution (EtotHF)                          -7.6057862293E+001  
 Singles correction (EcSingles)                    -5.1036661984E-003  
 HF contribution (EtotHF)                          -7.6057862293E+001  
 Singles correction (EcSingles)                    -5.1036661984E-003  
 Direct RPA correlation (EcRPA)                    -4.3080549351E-001  
 HF contribution (EtotHF)                          -7.6055257113E+001  
 Singles correction (EcSingles)                    -5.2077428386E-003  
 HF contribution (EtotHF)                          -7.6055257113E+001  
 Singles correction (EcSingles)                    -5.2077428386E-003  
 Direct RPA correlation (EcRPA)                    -4.3227834255E-001  
 HF contribution (EtotHF)                          -7.6057292085E+001  
 Singles correction (EcSingles)                    -5.1458852642E-003  
 HF contribution (EtotHF)                          -7.6057292085E+001  
 Singles correction (EcSingles)                    -5.1458852642E-003  
 Direct RPA correlation (EcRPA)                    -4.3193250712E-001  
 HF contribution (EtotHF)                          -1.5211306848E+002  
 Singles correction (EcSingles)                    -1.0312793759E-002  
 HF contribution (EtotHF)                          -1.5211306848E+002  
 Singles correction (EcSingles)                    -1.0312793759E-002  
 Direct RPA correlation (EcRPA)                    -8.6309899382E-001  
 HF contribution (EtotHF)                          -1.5211166565E+002  
 Singles correction (EcSingles)                    -1.1633864232E-002  
 HF contribution (EtotHF)                          -1.5211166565E+002  
 Singles correction (EcSingles)                    -1.1633864232E-002  
 Direct RPA correlation (EcRPA)                    -8.6798271725E-001  
 HF contribution (EtotHF)                          -1.5211465730E+002  
 Singles correction (EcSingles)                    -1.0267749702E-002  
 HF contribution (EtotHF)                          -1.5211465730E+002  
 Singles correction (EcSingles)                    -1.0267749702E-002  
 Direct RPA correlation (EcRPA)                    -8.6285920705E-001  
 HF contribution (EtotHF)                          -4.0210722567E+001  
 Singles correction (EcSingles)                    -4.6330994763E-003  
 HF contribution (EtotHF)                          -4.0210722567E+001  
 Singles correction (EcSingles)                    -4.6330994763E-003  
 Direct RPA correlation (EcRPA)                    -3.6764685039E-001  
 HF contribution (EtotHF)                          -1.1626804052E+002  
 Singles correction (EcSingles)                    -9.9699987021E-003  
 HF contribution (EtotHF)                          -1.1626804052E+002  
 Singles correction (EcSingles)                    -9.9699987021E-003  
 Direct RPA correlation (EcRPA)                    -7.9955266057E-001  
 HF contribution (EtotHF)                          -1.1626577446E+002  
 Singles correction (EcSingles)                    -9.9055710357E-003  
 HF contribution (EtotHF)                          -1.1626577446E+002  
 Singles correction (EcSingles)                    -9.9055710357E-003  
 Direct RPA correlation (EcRPA)                    -8.0047136682E-001  
 HF contribution (EtotHF)                          -1.1626698262E+002  
 Singles correction (EcSingles)                    -1.0014542079E-002  
 HF contribution (EtotHF)                          -1.1626698262E+002  
 Singles correction (EcSingles)                    -1.0014542079E-002  
 Direct RPA correlation (EcRPA)                    -8.0070124754E-001  
 HF contribution (EtotHF)                          -2.2816885191E+002  
 Singles correction (EcSingles)                    -1.6755410617E-002  
 HF contribution (EtotHF)                          -2.2816885191E+002  
 Singles correction (EcSingles)                    -1.6755410617E-002  
 Direct RPA correlation (EcRPA)                    -1.2989303728E+000  
 HF contribution (EtotHF)                          -1.9232303898E+002  
 Singles correction (EcSingles)                    -1.5245315295E-002  
 HF contribution (EtotHF)                          -1.9232303898E+002  
 Singles correction (EcSingles)                    -1.5245315295E-002  
 Direct RPA correlation (EcRPA)                    -1.2323987343E+000  
 HF contribution (EtotHF)                          -1.9232381347E+002  
 Singles correction (EcSingles)                    -1.5373743796E-002  
 HF contribution (EtotHF)                          -1.9232381347E+002  
 Singles correction (EcSingles)                    -1.5373743796E-002  
 Direct RPA correlation (EcRPA)                    -1.2327342763E+000  
 HF contribution (EtotHF)                          -1.9232139112E+002  
 Singles correction (EcSingles)                    -1.6547519995E-002  
 HF contribution (EtotHF)                          -1.9232139112E+002  
 Singles correction (EcSingles)                    -1.6547519995E-002  
 Direct RPA correlation (EcRPA)                    -1.2372066084E+000  
