 Converged energy                           -269.826904351672
 Converged energy                            -76.437173226061
 Converged energy                            -76.435365727520
 Converged energy                            -76.436463049700
 Converged energy                           -152.872536274357
 Converged energy                           -152.873373816024
 Converged energy                           -152.880978389767
 Converged energy                            -40.507939458772
 Converged energy                           -116.945367784100
 Converged energy                           -116.943709438048
 Converged energy                           -116.944961600786
 Converged energy                           -229.317735198276
 Converged energy                           -193.381129388420
 Converged energy                           -193.389831634718
 Converged energy                           -193.382201499018
 HF contribution (EtotHF)                          -2.6838315210E+002  
 Singles correction (EcSingles)                    -2.1572882077E-002  
 HF contribution (EtotHF)                          -2.6838315210E+002  
 Singles correction (EcSingles)                    -2.1572882077E-002  
 Direct RPA correlation (EcRPA)                    -1.6677798166E+000  
 HF contribution (EtotHF)                          -7.6058130023E+001  
 Singles correction (EcSingles)                    -5.1087151222E-003  
 HF contribution (EtotHF)                          -7.6058130023E+001  
 Singles correction (EcSingles)                    -5.1087151222E-003  
 Direct RPA correlation (EcRPA)                    -4.3102921943E-001  
 HF contribution (EtotHF)                          -7.6055259793E+001  
 Singles correction (EcSingles)                    -5.2008485424E-003  
 HF contribution (EtotHF)                          -7.6055259793E+001  
 Singles correction (EcSingles)                    -5.2008485424E-003  
 Direct RPA correlation (EcRPA)                    -4.3194661604E-001  
 HF contribution (EtotHF)                          -7.6057100369E+001  
 Singles correction (EcSingles)                    -5.1386878898E-003  
 HF contribution (EtotHF)                          -7.6057100369E+001  
 Singles correction (EcSingles)                    -5.1386878898E-003  
 Direct RPA correlation (EcRPA)                    -4.3159278547E-001  
 HF contribution (EtotHF)                          -1.5211339485E+002  
 Singles correction (EcSingles)                    -1.0309619749E-002  
 HF contribution (EtotHF)                          -1.5211339485E+002  
 Singles correction (EcSingles)                    -1.0309619749E-002  
 Direct RPA correlation (EcRPA)                    -8.6298276108E-001  
 HF contribution (EtotHF)                          -1.5211384363E+002  
 Singles correction (EcSingles)                    -1.0377585308E-002  
 HF contribution (EtotHF)                          -1.5211384363E+002  
 Singles correction (EcSingles)                    -1.0377585308E-002  
 Direct RPA correlation (EcRPA)                    -8.6354907877E-001  
 HF contribution (EtotHF)                          -1.5211729325E+002  
 Singles correction (EcSingles)                    -1.1265735464E-002  
 HF contribution (EtotHF)                          -1.5211729325E+002  
 Singles correction (EcSingles)                    -1.1265735464E-002  
 Direct RPA correlation (EcRPA)                    -8.6567414063E-001  
 HF contribution (EtotHF)                          -4.0210721692E+001  
 Singles correction (EcSingles)                    -4.6332332413E-003  
 HF contribution (EtotHF)                          -4.0210721692E+001  
 Singles correction (EcSingles)                    -4.6332332413E-003  
 Direct RPA correlation (EcRPA)                    -3.6764180205E-001  
 HF contribution (EtotHF)                          -1.1626769591E+002  
 Singles correction (EcSingles)                    -1.0020593965E-002  
 HF contribution (EtotHF)                          -1.1626769591E+002  
 Singles correction (EcSingles)                    -1.0020593965E-002  
 Direct RPA correlation (EcRPA)                    -7.9989556538E-001  
 HF contribution (EtotHF)                          -1.1626582650E+002  
 Singles correction (EcSingles)                    -9.9006228602E-003  
 HF contribution (EtotHF)                          -1.1626582650E+002  
 Singles correction (EcSingles)                    -9.9006228602E-003  
 Direct RPA correlation (EcRPA)                    -8.0016589846E-001  
 HF contribution (EtotHF)                          -1.1626771857E+002  
 Singles correction (EcSingles)                    -9.8659095146E-003  
 HF contribution (EtotHF)                          -1.1626771857E+002  
 Singles correction (EcSingles)                    -9.8659095146E-003  
 Direct RPA correlation (EcRPA)                    -7.9995940379E-001  
 HF contribution (EtotHF)                          -2.2817393079E+002  
 Singles correction (EcSingles)                    -1.6489582981E-002  
 HF contribution (EtotHF)                          -2.2817393079E+002  
 Singles correction (EcSingles)                    -1.6489582981E-002  
 Direct RPA correlation (EcRPA)                    -1.2976311658E+000  
 HF contribution (EtotHF)                          -1.9232278249E+002  
 Singles correction (EcSingles)                    -1.5291066917E-002  
 HF contribution (EtotHF)                          -1.9232278249E+002  
 Singles correction (EcSingles)                    -1.5291066917E-002  
 Direct RPA correlation (EcRPA)                    -1.2324351918E+000  
 HF contribution (EtotHF)                          -1.9232680266E+002  
 Singles correction (EcSingles)                    -1.6272260249E-002  
 HF contribution (EtotHF)                          -1.9232680266E+002  
 Singles correction (EcSingles)                    -1.6272260249E-002  
 Direct RPA correlation (EcRPA)                    -1.2352175348E+000  
 HF contribution (EtotHF)                          -1.9232419739E+002  
 Singles correction (EcSingles)                    -1.5181145302E-002  
 HF contribution (EtotHF)                          -1.9232419739E+002  
 Singles correction (EcSingles)                    -1.5181145302E-002  
 Direct RPA correlation (EcRPA)                    -1.2325152290E+000  
