 Converged energy                           -269.821234351970
 Converged energy                            -76.437162106576
 Converged energy                            -76.436804851767
 Converged energy                            -76.437082575994
 Converged energy                           -152.873439773922
 Converged energy                           -152.874022464218
 Converged energy                           -152.875409313756
 Converged energy                            -40.507940785695
 Converged energy                           -116.945357920472
 Converged energy                           -116.945361935720
 Converged energy                           -116.945618393276
 Converged energy                           -229.311895621942
 Converged energy                           -193.382213158834
 Converged energy                           -193.384236594310
 Converged energy                           -193.383113273241
 HF contribution (EtotHF)                          -2.6838168198E+002  
 Singles correction (EcSingles)                    -2.1002419719E-002  
 HF contribution (EtotHF)                          -2.6838168198E+002  
 Singles correction (EcSingles)                    -2.1002419719E-002  
 Direct RPA correlation (EcRPA)                    -1.6646008947E+000  
 HF contribution (EtotHF)                          -7.6058126368E+001  
 Singles correction (EcSingles)                    -5.1054606867E-003  
 HF contribution (EtotHF)                          -7.6058126368E+001  
 Singles correction (EcSingles)                    -5.1054606867E-003  
 Direct RPA correlation (EcRPA)                    -4.3085764523E-001  
 HF contribution (EtotHF)                          -7.6057521313E+001  
 Singles correction (EcSingles)                    -5.1260793302E-003  
 HF contribution (EtotHF)                          -7.6057521313E+001  
 Singles correction (EcSingles)                    -5.1260793302E-003  
 Direct RPA correlation (EcRPA)                    -4.3112003926E-001  
 HF contribution (EtotHF)                          -7.6058082806E+001  
 Singles correction (EcSingles)                    -5.0997297485E-003  
 HF contribution (EtotHF)                          -7.6058082806E+001  
 Singles correction (EcSingles)                    -5.0997297485E-003  
 Direct RPA correlation (EcRPA)                    -4.3076046285E-001  
 HF contribution (EtotHF)                          -1.5211461876E+002  
 Singles correction (EcSingles)                    -1.0358842437E-002  
 HF contribution (EtotHF)                          -1.5211461876E+002  
 Singles correction (EcSingles)                    -1.0358842437E-002  
 Direct RPA correlation (EcRPA)                    -8.6243780887E-001  
 HF contribution (EtotHF)                          -1.5211575504E+002  
 Singles correction (EcSingles)                    -1.0226296915E-002  
 HF contribution (EtotHF)                          -1.5211575504E+002  
 Singles correction (EcSingles)                    -1.0226296915E-002  
 Direct RPA correlation (EcRPA)                    -8.6187378388E-001  
 HF contribution (EtotHF)                          -1.5211715173E+002  
 Singles correction (EcSingles)                    -1.0283215229E-002  
 HF contribution (EtotHF)                          -1.5211715173E+002  
 Singles correction (EcSingles)                    -1.0283215229E-002  
 Direct RPA correlation (EcRPA)                    -8.6175236754E-001  
 HF contribution (EtotHF)                          -4.0210720863E+001  
 Singles correction (EcSingles)                    -4.6340386384E-003  
 HF contribution (EtotHF)                          -4.0210720863E+001  
 Singles correction (EcSingles)                    -4.6340386384E-003  
 Direct RPA correlation (EcRPA)                    -3.6767163975E-001  
 HF contribution (EtotHF)                          -1.1626769148E+002  
 Singles correction (EcSingles)                    -1.0018048694E-002  
 HF contribution (EtotHF)                          -1.1626769148E+002  
 Singles correction (EcSingles)                    -1.0018048694E-002  
 Direct RPA correlation (EcRPA)                    -7.9975331309E-001  
 HF contribution (EtotHF)                          -1.1626726568E+002  
 Singles correction (EcSingles)                    -1.0081208744E-002  
 HF contribution (EtotHF)                          -1.1626726568E+002  
 Singles correction (EcSingles)                    -1.0081208744E-002  
 Direct RPA correlation (EcRPA)                    -8.0012615372E-001  
 HF contribution (EtotHF)                          -1.1626819170E+002  
 Singles correction (EcSingles)                    -9.9409797335E-003  
 HF contribution (EtotHF)                          -1.1626819170E+002  
 Singles correction (EcSingles)                    -9.9409797335E-003  
 Direct RPA correlation (EcRPA)                    -7.9946798413E-001  
 HF contribution (EtotHF)                          -2.2817385744E+002  
 Singles correction (EcSingles)                    -1.5542627338E-002  
 HF contribution (EtotHF)                          -2.2817385744E+002  
 Singles correction (EcSingles)                    -1.5542627338E-002  
 Direct RPA correlation (EcRPA)                    -1.2933264271E+000  
 HF contribution (EtotHF)                          -1.9232314467E+002  
 Singles correction (EcSingles)                    -1.5601904197E-002  
 HF contribution (EtotHF)                          -1.9232314467E+002  
 Singles correction (EcSingles)                    -1.5601904197E-002  
 Direct RPA correlation (EcRPA)                    -1.2326705980E+000  
 HF contribution (EtotHF)                          -1.9232608821E+002  
 Singles correction (EcSingles)                    -1.5411876482E-002  
 HF contribution (EtotHF)                          -1.9232608821E+002  
 Singles correction (EcSingles)                    -1.5411876482E-002  
 Direct RPA correlation (EcRPA)                    -1.2316776626E+000  
 HF contribution (EtotHF)                          -1.9232481528E+002  
 Singles correction (EcSingles)                    -1.5390926447E-002  
 HF contribution (EtotHF)                          -1.9232481528E+002  
 Singles correction (EcSingles)                    -1.5390926447E-002  
 Direct RPA correlation (EcRPA)                    -1.2319300486E+000  
