 Converged energy                           -269.816757236192
 Converged energy                            -76.435363764641
 Converged energy                            -76.436278005926
 Converged energy                            -76.436968936240
 Converged energy                           -152.870345589895
 Converged energy                           -152.873349122632
 Converged energy                           -152.872468652662
 Converged energy                            -40.507939389444
 Converged energy                           -116.943707233975
 Converged energy                           -116.944710640526
 Converged energy                           -116.945325216936
 Converged energy                           -229.307551762410
 Converged energy                           -193.379242691178
 Converged energy                           -193.381173684537
 Converged energy                           -193.382142582271
 HF contribution (EtotHF)                          -2.6837909108E+002  
 Singles correction (EcSingles)                    -2.0309646676E-002  
 HF contribution (EtotHF)                          -2.6837909108E+002  
 Singles correction (EcSingles)                    -2.0309646676E-002  
 Direct RPA correlation (EcRPA)                    -1.6634533582E+000  
 HF contribution (EtotHF)                          -7.6055257376E+001  
 Singles correction (EcSingles)                    -5.2005830605E-003  
 HF contribution (EtotHF)                          -7.6055257376E+001  
 Singles correction (EcSingles)                    -5.2005830605E-003  
 Direct RPA correlation (EcRPA)                    -4.3192694359E-001  
 HF contribution (EtotHF)                          -7.6056803252E+001  
 Singles correction (EcSingles)                    -5.1421458357E-003  
 HF contribution (EtotHF)                          -7.6056803252E+001  
 Singles correction (EcSingles)                    -5.1421458357E-003  
 Direct RPA correlation (EcRPA)                    -4.3121887544E-001  
 HF contribution (EtotHF)                          -7.6058050744E+001  
 Singles correction (EcSingles)                    -5.0917087033E-003  
 HF contribution (EtotHF)                          -7.6058050744E+001  
 Singles correction (EcSingles)                    -5.0917087033E-003  
 Direct RPA correlation (EcRPA)                    -4.3058795272E-001  
 HF contribution (EtotHF)                          -1.5211043701E+002  
 Singles correction (EcSingles)                    -1.0397712811E-002  
 HF contribution (EtotHF)                          -1.5211043701E+002  
 Singles correction (EcSingles)                    -1.0397712811E-002  
 Direct RPA correlation (EcRPA)                    -8.6355521764E-001  
 HF contribution (EtotHF)                          -1.5211496309E+002  
 Singles correction (EcSingles)                    -1.0232846320E-002  
 HF contribution (EtotHF)                          -1.5211496309E+002  
 Singles correction (EcSingles)                    -1.0232846320E-002  
 Direct RPA correlation (EcRPA)                    -8.6180262670E-001  
 HF contribution (EtotHF)                          -1.5211345935E+002  
 Singles correction (EcSingles)                    -1.0289903066E-002  
 HF contribution (EtotHF)                          -1.5211345935E+002  
 Singles correction (EcSingles)                    -1.0289903066E-002  
 Direct RPA correlation (EcRPA)                    -8.6250097641E-001  
 HF contribution (EtotHF)                          -4.0210723825E+001  
 Singles correction (EcSingles)                    -4.6321250873E-003  
 HF contribution (EtotHF)                          -4.0210723825E+001  
 Singles correction (EcSingles)                    -4.6321250873E-003  
 Direct RPA correlation (EcRPA)                    -3.6761150819E-001  
 HF contribution (EtotHF)                          -1.1626582604E+002  
 Singles correction (EcSingles)                    -9.8992805991E-003  
 HF contribution (EtotHF)                          -1.1626582604E+002  
 Singles correction (EcSingles)                    -9.8992805991E-003  
 Direct RPA correlation (EcRPA)                    -8.0011586897E-001  
 HF contribution (EtotHF)                          -1.1626746274E+002  
 Singles correction (EcSingles)                    -9.8372844285E-003  
 HF contribution (EtotHF)                          -1.1626746274E+002  
 Singles correction (EcSingles)                    -9.8372844285E-003  
 Direct RPA correlation (EcRPA)                    -7.9940750243E-001  
 HF contribution (EtotHF)                          -1.1626866733E+002  
 Singles correction (EcSingles)                    -9.7838189874E-003  
 HF contribution (EtotHF)                          -1.1626866733E+002  
 Singles correction (EcSingles)                    -9.7838189874E-003  
 Direct RPA correlation (EcRPA)                    -7.9875883034E-001  
 HF contribution (EtotHF)                          -2.2816874733E+002  
 Singles correction (EcSingles)                    -1.5486031505E-002  
 HF contribution (EtotHF)                          -2.2816874733E+002  
 Singles correction (EcSingles)                    -1.5486031505E-002  
 Direct RPA correlation (EcRPA)                    -1.2941248804E+000  
 HF contribution (EtotHF)                          -1.9232103666E+002  
 Singles correction (EcSingles)                    -1.5154325961E-002  
 HF contribution (EtotHF)                          -1.9232103666E+002  
 Singles correction (EcSingles)                    -1.5154325961E-002  
 Direct RPA correlation (EcRPA)                    -1.2322839735E+000  
 HF contribution (EtotHF)                          -1.9232384543E+002  
 Singles correction (EcSingles)                    -1.5052150313E-002  
 HF contribution (EtotHF)                          -1.9232384543E+002  
 Singles correction (EcSingles)                    -1.5052150313E-002  
 Direct RPA correlation (EcRPA)                    -1.2312694206E+000  
 HF contribution (EtotHF)                          -1.9232543802E+002  
 Singles correction (EcSingles)                    -1.4991706250E-002  
 HF contribution (EtotHF)                          -1.9232543802E+002  
 Singles correction (EcSingles)                    -1.4991706250E-002  
 Direct RPA correlation (EcRPA)                    -1.2305718319E+000  
