 Converged energy                           -269.838920278873
 Converged energy                            -76.435403933875
 Converged energy                            -76.436983975649
 Converged energy                            -76.437097095660
 Converged energy                           -152.879813830663
 Converged energy                           -152.882923684637
 Converged energy                           -152.874149444163
 Converged energy                            -40.507938598591
 Converged energy                           -116.943746071497
 Converged energy                           -116.945465803454
 Converged energy                           -116.945630223829
 Converged energy                           -229.329567792616
 Converged energy                           -193.388792488228
 Converged energy                           -193.383004320511
 Converged energy                           -193.391909574314
 HF contribution (EtotHF)                          -2.6839044278E+002  
 Singles correction (EcSingles)                    -2.2465025938E-002  
 HF contribution (EtotHF)                          -2.6839044278E+002  
 Singles correction (EcSingles)                    -2.2465025938E-002  
 Direct RPA correlation (EcRPA)                    -1.6705272632E+000  
 HF contribution (EtotHF)                          -7.6055284580E+001  
 Singles correction (EcSingles)                    -5.2093898328E-003  
 HF contribution (EtotHF)                          -7.6055284580E+001  
 Singles correction (EcSingles)                    -5.2093898328E-003  
 Direct RPA correlation (EcRPA)                    -4.3252389248E-001  
 HF contribution (EtotHF)                          -7.6058028823E+001  
 Singles correction (EcSingles)                    -5.1026499975E-003  
 HF contribution (EtotHF)                          -7.6058028823E+001  
 Singles correction (EcSingles)                    -5.1026499975E-003  
 Direct RPA correlation (EcRPA)                    -4.3128320743E-001  
 HF contribution (EtotHF)                          -7.6058090487E+001  
 Singles correction (EcSingles)                    -5.1033182721E-003  
 HF contribution (EtotHF)                          -7.6058090487E+001  
 Singles correction (EcSingles)                    -5.1033182721E-003  
 Direct RPA correlation (EcRPA)                    -4.3097480296E-001  
 HF contribution (EtotHF)                          -1.5211471608E+002  
 Singles correction (EcSingles)                    -1.1396225493E-002  
 HF contribution (EtotHF)                          -1.5211471608E+002  
 Singles correction (EcSingles)                    -1.1396225493E-002  
 Direct RPA correlation (EcRPA)                    -8.6713824482E-001  
 HF contribution (EtotHF)                          -1.5212034105E+002  
 Singles correction (EcSingles)                    -1.1094891935E-002  
 HF contribution (EtotHF)                          -1.5212034105E+002  
 Singles correction (EcSingles)                    -1.1094891935E-002  
 Direct RPA correlation (EcRPA)                    -8.6480347388E-001  
 HF contribution (EtotHF)                          -1.5211502056E+002  
 Singles correction (EcSingles)                    -1.0334548288E-002  
 HF contribution (EtotHF)                          -1.5211502056E+002  
 Singles correction (EcSingles)                    -1.0334548288E-002  
 Direct RPA correlation (EcRPA)                    -8.6345732471E-001  
 HF contribution (EtotHF)                          -4.0210721573E+001  
 Singles correction (EcSingles)                    -4.6327308231E-003  
 HF contribution (EtotHF)                          -4.0210721573E+001  
 Singles correction (EcSingles)                    -4.6327308231E-003  
 Direct RPA correlation (EcRPA)                    -3.6762683219E-001  
 HF contribution (EtotHF)                          -1.1626585090E+002  
 Singles correction (EcSingles)                    -9.9088349507E-003  
 HF contribution (EtotHF)                          -1.1626585090E+002  
 Singles correction (EcSingles)                    -9.9088349507E-003  
 Direct RPA correlation (EcRPA)                    -8.0073140070E-001  
 HF contribution (EtotHF)                          -1.1626873485E+002  
 Singles correction (EcSingles)                    -9.8056263607E-003  
 HF contribution (EtotHF)                          -1.1626873485E+002  
 Singles correction (EcSingles)                    -9.8056263607E-003  
 Direct RPA correlation (EcRPA)                    -7.9952327600E-001  
 HF contribution (EtotHF)                          -1.1626819994E+002  
 Singles correction (EcSingles)                    -9.9433350405E-003  
 HF contribution (EtotHF)                          -1.1626819994E+002  
 Singles correction (EcSingles)                    -9.9433350405E-003  
 Direct RPA correlation (EcRPA)                    -7.9963801151E-001  
 HF contribution (EtotHF)                          -2.2818057260E+002  
 Singles correction (EcSingles)                    -1.7480323734E-002  
 HF contribution (EtotHF)                          -2.2818057260E+002  
 Singles correction (EcSingles)                    -1.7480323734E-002  
 Direct RPA correlation (EcRPA)                    -1.3007226818E+000  
 HF contribution (EtotHF)                          -1.9232539871E+002  
 Singles correction (EcSingles)                    -1.6169900763E-002  
 HF contribution (EtotHF)                          -1.9232539871E+002  
 Singles correction (EcSingles)                    -1.6169900763E-002  
 Direct RPA correlation (EcRPA)                    -1.2359228669E+000  
 HF contribution (EtotHF)                          -1.9232487620E+002  
 Singles correction (EcSingles)                    -1.5247837336E-002  
 HF contribution (EtotHF)                          -1.9232487620E+002  
 Singles correction (EcSingles)                    -1.5247837336E-002  
 Direct RPA correlation (EcRPA)                    -1.2327089890E+000  
 HF contribution (EtotHF)                          -1.9233036010E+002  
 Singles correction (EcSingles)                    -1.6008168682E-002  
 HF contribution (EtotHF)                          -1.9233036010E+002  
 Singles correction (EcSingles)                    -1.6008168682E-002  
 Direct RPA correlation (EcRPA)                    -1.2340570749E+000  
