 Converged energy                           -269.819137964289
 Converged energy                            -76.435365067930
 Converged energy                            -76.437080695010
 Converged energy                            -76.436017539550
 Converged energy                           -152.874095405723
 Converged energy                           -152.873479262305
 Converged energy                           -152.871083196803
 Converged energy                            -40.507939612488
 Converged energy                           -116.943708795730
 Converged energy                           -116.945615544194
 Converged energy                           -116.944043487170
 Converged energy                           -229.310195146333
 Converged energy                           -193.382952412014
 Converged energy                           -193.379572379563
 Converged energy                           -193.382041100053
 HF contribution (EtotHF)                          -2.6838066088E+002  
 Singles correction (EcSingles)                    -2.0500844170E-002  
 HF contribution (EtotHF)                          -2.6838066088E+002  
 Singles correction (EcSingles)                    -2.0500844170E-002  
 Direct RPA correlation (EcRPA)                    -1.6641381260E+000  
 HF contribution (EtotHF)                          -7.6055258670E+001  
 Singles correction (EcSingles)                    -5.2006443530E-003  
 HF contribution (EtotHF)                          -7.6055258670E+001  
 Singles correction (EcSingles)                    -5.2006443530E-003  
 Direct RPA correlation (EcRPA)                    -4.3194021968E-001  
 HF contribution (EtotHF)                          -7.6058081031E+001  
 Singles correction (EcSingles)                    -5.0995555405E-003  
 HF contribution (EtotHF)                          -7.6058081031E+001  
 Singles correction (EcSingles)                    -5.0995555405E-003  
 Direct RPA correlation (EcRPA)                    -4.3074867577E-001  
 HF contribution (EtotHF)                          -7.6056362947E+001  
 Singles correction (EcSingles)                    -5.1586529011E-003  
 HF contribution (EtotHF)                          -7.6056362947E+001  
 Singles correction (EcSingles)                    -5.1586529011E-003  
 Direct RPA correlation (EcRPA)                    -4.3143061847E-001  
 HF contribution (EtotHF)                          -1.5211498632E+002  
 Singles correction (EcSingles)                    -1.0321882476E-002  
 HF contribution (EtotHF)                          -1.5211498632E+002  
 Singles correction (EcSingles)                    -1.0321882476E-002  
 Direct RPA correlation (EcRPA)                    -8.6264246889E-001  
 HF contribution (EtotHF)                          -1.5211489417E+002  
 Singles correction (EcSingles)                    -1.0248539958E-002  
 HF contribution (EtotHF)                          -1.5211489417E+002  
 Singles correction (EcSingles)                    -1.0248539958E-002  
 Direct RPA correlation (EcRPA)                    -8.6210984996E-001  
 HF contribution (EtotHF)                          -1.5211126044E+002  
 Singles correction (EcSingles)                    -1.0369172106E-002  
 HF contribution (EtotHF)                          -1.5211126044E+002  
 Singles correction (EcSingles)                    -1.0369172106E-002  
 Direct RPA correlation (EcRPA)                    -8.6344833663E-001  
 HF contribution (EtotHF)                          -4.0210721699E+001  
 Singles correction (EcSingles)                    -4.6331994643E-003  
 HF contribution (EtotHF)                          -4.0210721699E+001  
 Singles correction (EcSingles)                    -4.6331994643E-003  
 Direct RPA correlation (EcRPA)                    -3.6764140128E-001  
 HF contribution (EtotHF)                          -1.1626582547E+002  
 Singles correction (EcSingles)                    -9.9003076551E-003  
 HF contribution (EtotHF)                          -1.1626582547E+002  
 Singles correction (EcSingles)                    -9.9003076551E-003  
 Direct RPA correlation (EcRPA)                    -8.0015974446E-001  
 HF contribution (EtotHF)                          -1.1626819091E+002  
 Singles correction (EcSingles)                    -9.9399140787E-003  
 HF contribution (EtotHF)                          -1.1626819091E+002  
 Singles correction (EcSingles)                    -9.9399140787E-003  
 Direct RPA correlation (EcRPA)                    -7.9942489136E-001  
 HF contribution (EtotHF)                          -1.1626645608E+002  
 Singles correction (EcSingles)                    -9.8984279905E-003  
 HF contribution (EtotHF)                          -1.1626645608E+002  
 Singles correction (EcSingles)                    -9.8984279905E-003  
 Direct RPA correlation (EcRPA)                    -7.9985994825E-001  
 HF contribution (EtotHF)                          -2.2817143973E+002  
 Singles correction (EcSingles)                    -1.5480459963E-002  
 HF contribution (EtotHF)                          -2.2817143973E+002  
 Singles correction (EcSingles)                    -1.5480459963E-002  
 Direct RPA correlation (EcRPA)                    -1.2940806484E+000  
 HF contribution (EtotHF)                          -1.9232484259E+002  
 Singles correction (EcSingles)                    -1.5235370405E-002  
 HF contribution (EtotHF)                          -1.9232484259E+002  
 Singles correction (EcSingles)                    -1.5235370405E-002  
 Direct RPA correlation (EcRPA)                    -1.2319046364E+000  
 HF contribution (EtotHF)                          -1.9232126579E+002  
 Singles correction (EcSingles)                    -1.5173585912E-002  
 HF contribution (EtotHF)                          -1.9232126579E+002  
 Singles correction (EcSingles)                    -1.5173585912E-002  
 Direct RPA correlation (EcRPA)                    -1.2324461148E+000  
 HF contribution (EtotHF)                          -1.9232430248E+002  
 Singles correction (EcSingles)                    -1.5197492354E-002  
 HF contribution (EtotHF)                          -1.9232430248E+002  
 Singles correction (EcSingles)                    -1.5197492354E-002  
 Direct RPA correlation (EcRPA)                    -1.2315908984E+000  
