 Converged energy                           -269.820091483350
 Converged energy                            -76.436801065168
 Converged energy                            -76.437082043969
 Converged energy                            -76.437264060076
 Converged energy                           -152.874018140483
 Converged energy                           -152.873839734584
 Converged energy                           -152.873841703672
 Converged energy                            -40.507941997514
 Converged energy                           -116.945359447766
 Converged energy                           -116.945619183012
 Converged energy                           -116.945625950724
 Converged energy                           -229.310549591205
 Converged energy                           -193.383110378098
 Converged energy                           -193.382838325598
 Converged energy                           -193.382806095028
 HF contribution (EtotHF)                          -2.6838063806E+002  
 Singles correction (EcSingles)                    -2.0969931993E-002  
 HF contribution (EtotHF)                          -2.6838063806E+002  
 Singles correction (EcSingles)                    -2.0969931993E-002  
 Direct RPA correlation (EcRPA)                    -1.6645244246E+000  
 HF contribution (EtotHF)                          -7.6057518656E+001  
 Singles correction (EcSingles)                    -5.1253483511E-003  
 HF contribution (EtotHF)                          -7.6057518656E+001  
 Singles correction (EcSingles)                    -5.1253483511E-003  
 Direct RPA correlation (EcRPA)                    -4.3108115144E-001  
 HF contribution (EtotHF)                          -7.6058081626E+001  
 Singles correction (EcSingles)                    -5.0998888899E-003  
 HF contribution (EtotHF)                          -7.6058081626E+001  
 Singles correction (EcSingles)                    -5.0998888899E-003  
 Direct RPA correlation (EcRPA)                    -4.3077174850E-001  
 HF contribution (EtotHF)                          -7.6058376100E+001  
 Singles correction (EcSingles)                    -5.0916972231E-003  
 HF contribution (EtotHF)                          -7.6058376100E+001  
 Singles correction (EcSingles)                    -5.0916972231E-003  
 Direct RPA correlation (EcRPA)                    -4.3069185185E-001  
 HF contribution (EtotHF)                          -1.5211575115E+002  
 Singles correction (EcSingles)                    -1.0225738867E-002  
 HF contribution (EtotHF)                          -1.5211575115E+002  
 Singles correction (EcSingles)                    -1.0225738867E-002  
 Direct RPA correlation (EcRPA)                    -8.6184616171E-001  
 HF contribution (EtotHF)                          -1.5211542811E+002  
 Singles correction (EcSingles)                    -1.0324174837E-002  
 HF contribution (EtotHF)                          -1.5211542811E+002  
 Singles correction (EcSingles)                    -1.0324174837E-002  
 Direct RPA correlation (EcRPA)                    -8.6193793764E-001  
 HF contribution (EtotHF)                          -1.5211561602E+002  
 Singles correction (EcSingles)                    -1.0227920240E-002  
 HF contribution (EtotHF)                          -1.5211561602E+002  
 Singles correction (EcSingles)                    -1.0227920240E-002  
 Direct RPA correlation (EcRPA)                    -8.6184555333E-001  
 HF contribution (EtotHF)                          -4.0210721653E+001  
 Singles correction (EcSingles)                    -4.6343072701E-003  
 HF contribution (EtotHF)                          -4.0210721653E+001  
 Singles correction (EcSingles)                    -4.6343072701E-003  
 Direct RPA correlation (EcRPA)                    -3.6767417607E-001  
 HF contribution (EtotHF)                          -1.1626726379E+002  
 Singles correction (EcSingles)                    -1.0080664161E-002  
 HF contribution (EtotHF)                          -1.1626726379E+002  
 Singles correction (EcSingles)                    -1.0080664161E-002  
 Direct RPA correlation (EcRPA)                    -8.0008953991E-001  
 HF contribution (EtotHF)                          -1.1626819120E+002  
 Singles correction (EcSingles)                    -9.9415495737E-003  
 HF contribution (EtotHF)                          -1.1626819120E+002  
 Singles correction (EcSingles)                    -9.9415495737E-003  
 Direct RPA correlation (EcRPA)                    -7.9948117353E-001  
 HF contribution (EtotHF)                          -1.1626788390E+002  
 Singles correction (EcSingles)                    -1.0060472706E-002  
 HF contribution (EtotHF)                          -1.1626788390E+002  
 Singles correction (EcSingles)                    -1.0060472706E-002  
 Direct RPA correlation (EcRPA)                    -7.9974686969E-001  
 HF contribution (EtotHF)                          -2.2817281707E+002  
 Singles correction (EcSingles)                    -1.5460916424E-002  
 HF contribution (EtotHF)                          -2.2817281707E+002  
 Singles correction (EcSingles)                    -1.5460916424E-002  
 Direct RPA correlation (EcRPA)                    -1.2930836025E+000  
 HF contribution (EtotHF)                          -1.9232481200E+002  
 Singles correction (EcSingles)                    -1.5390747530E-002  
 HF contribution (EtotHF)                          -1.9232481200E+002  
 Singles correction (EcSingles)                    -1.5390747530E-002  
 Direct RPA correlation (EcRPA)                    -1.2319039764E+000  
 HF contribution (EtotHF)                          -1.9232418485E+002  
 Singles correction (EcSingles)                    -1.5514860001E-002  
 HF contribution (EtotHF)                          -1.9232418485E+002  
 Singles correction (EcSingles)                    -1.5514860001E-002  
 Direct RPA correlation (EcRPA)                    -1.2322306722E+000  
 HF contribution (EtotHF)                          -1.9232425794E+002  
 Singles correction (EcSingles)                    -1.5513100907E-002  
 HF contribution (EtotHF)                          -1.9232425794E+002  
 Singles correction (EcSingles)                    -1.5513100907E-002  
 Direct RPA correlation (EcRPA)                    -1.2320346645E+000  
