 Converged energy                           -269.820110426992
 Converged energy                            -76.436971644557
 Converged energy                            -76.436935351874
 Converged energy                            -76.436019820760
 Converged energy                           -152.874155875977
 Converged energy                           -152.872611250032
 Converged energy                           -152.874362224759
 Converged energy                            -40.507937695161
 Converged energy                           -116.945326271957
 Converged energy                           -116.945416623057
 Converged energy                           -116.944043566948
 Converged energy                           -229.311206557611
 Converged energy                           -193.383002120296
 Converged energy                           -193.382734605554
 Converged energy                           -193.381217568780
 HF contribution (EtotHF)                          -2.6838339112E+002  
 Singles correction (EcSingles)                    -2.0274511021E-002  
 HF contribution (EtotHF)                          -2.6838339112E+002  
 Singles correction (EcSingles)                    -2.0274511021E-002  
 Direct RPA correlation (EcRPA)                    -1.6623993127E+000  
 HF contribution (EtotHF)                          -7.6058053348E+001  
 Singles correction (EcSingles)                    -5.0920688382E-003  
 HF contribution (EtotHF)                          -7.6058053348E+001  
 Singles correction (EcSingles)                    -5.0920688382E-003  
 Direct RPA correlation (EcRPA)                    -4.3060819830E-001  
 HF contribution (EtotHF)                          -7.6057993950E+001  
 Singles correction (EcSingles)                    -5.0931323589E-003  
 HF contribution (EtotHF)                          -7.6057993950E+001  
 Singles correction (EcSingles)                    -5.0931323589E-003  
 Direct RPA correlation (EcRPA)                    -4.3062605023E-001  
 HF contribution (EtotHF)                          -7.6056365698E+001  
 Singles correction (EcSingles)                    -5.1588666834E-003  
 HF contribution (EtotHF)                          -7.6056365698E+001  
 Singles correction (EcSingles)                    -5.1588666834E-003  
 Direct RPA correlation (EcRPA)                    -4.3144721586E-001  
 HF contribution (EtotHF)                          -1.5211632429E+002  
 Singles correction (EcSingles)                    -1.0181053311E-002  
 HF contribution (EtotHF)                          -1.5211632429E+002  
 Singles correction (EcSingles)                    -1.0181053311E-002  
 Direct RPA correlation (EcRPA)                    -8.6120902021E-001  
 HF contribution (EtotHF)                          -1.5211394531E+002  
 Singles correction (EcSingles)                    -1.0263374269E-002  
 HF contribution (EtotHF)                          -1.5211394531E+002  
 Singles correction (EcSingles)                    -1.0263374269E-002  
 Direct RPA correlation (EcRPA)                    -8.6216453750E-001  
 HF contribution (EtotHF)                          -1.5211568988E+002  
 Singles correction (EcSingles)                    -1.0294510601E-002  
 HF contribution (EtotHF)                          -1.5211568988E+002  
 Singles correction (EcSingles)                    -1.0294510601E-002  
 Direct RPA correlation (EcRPA)                    -8.6210939997E-001  
 HF contribution (EtotHF)                          -4.0210720914E+001  
 Singles correction (EcSingles)                    -4.6327890957E-003  
 HF contribution (EtotHF)                          -4.0210720914E+001  
 Singles correction (EcSingles)                    -4.6327890957E-003  
 Direct RPA correlation (EcRPA)                    -3.6762391609E-001  
 HF contribution (EtotHF)                          -1.1626866707E+002  
 Singles correction (EcSingles)                    -9.7848325604E-003  
 HF contribution (EtotHF)                          -1.1626866707E+002  
 Singles correction (EcSingles)                    -9.7848325604E-003  
 Direct RPA correlation (EcRPA)                    -7.9879205455E-001  
 HF contribution (EtotHF)                          -1.1626869940E+002  
 Singles correction (EcSingles)                    -9.7959355759E-003  
 HF contribution (EtotHF)                          -1.1626869940E+002  
 Singles correction (EcSingles)                    -9.7959355759E-003  
 Direct RPA correlation (EcRPA)                    -7.9885871721E-001  
 HF contribution (EtotHF)                          -1.1626645797E+002  
 Singles correction (EcSingles)                    -9.8982026299E-003  
 HF contribution (EtotHF)                          -1.1626645797E+002  
 Singles correction (EcSingles)                    -9.8982026299E-003  
 Direct RPA correlation (EcRPA)                    -7.9985934837E-001  
 HF contribution (EtotHF)                          -2.2817355257E+002  
 Singles correction (EcSingles)                    -1.5394456008E-002  
 HF contribution (EtotHF)                          -2.2817355257E+002  
 Singles correction (EcSingles)                    -1.5394456008E-002  
 Direct RPA correlation (EcRPA)                    -1.2927997922E+000  
 HF contribution (EtotHF)                          -1.9232685672E+002  
 Singles correction (EcSingles)                    -1.4946214838E-002  
 HF contribution (EtotHF)                          -1.9232685672E+002  
 Singles correction (EcSingles)                    -1.4946214838E-002  
 Direct RPA correlation (EcRPA)                    -1.2300169503E+000  
 HF contribution (EtotHF)                          -1.9232555750E+002  
 Singles correction (EcSingles)                    -1.5104855853E-002  
 HF contribution (EtotHF)                          -1.9232555750E+002  
 Singles correction (EcSingles)                    -1.5104855853E-002  
 Direct RPA correlation (EcRPA)                    -1.2310966923E+000  
 HF contribution (EtotHF)                          -1.9232407357E+002  
 Singles correction (EcSingles)                    -1.5070063928E-002  
 HF contribution (EtotHF)                          -1.9232407357E+002  
 Singles correction (EcSingles)                    -1.5070063928E-002  
 Direct RPA correlation (EcRPA)                    -1.2311736781E+000  
