
 Primary working directories    : /net/scratch/people/plgsirous
 Secondary working directories  : /net/scratch/people/plgsirous
 Wavefunction directory         : /net/people/plgsirous/wfu/
 Main file repository           : /net/scratch/people/plgsirous/

 SHA1      : 
 NAME      : 
 ARCHNAME  : linux/x86_64
 FC        : /net/software/local/intel/impi/2018.1.163/bin64/mpiifort
 BLASLIB   : -L/net/software/local/intel/compilers_and_libraries_2018.1.163/linux/mkl/lib/intel64 -lmkl_scalapack_ilp64 -lmkl_intel_ilp64 -lmkl_intel_thread -lmkl_core -lmkl_blacs_intelmpi_ilp64 -liomp5 -lpthread -lm -ldl
 id        : pl

 Nodes     nprocs
 p2098        1

 Using customized tuning parameters: mindgm=7; mindgv=20; mindgc=1; mindgr=1; noblas=0; minvec=7
 default implementation of scratch files=df  

 ***,MP2SD(T)
 memory,14000,m
 gthresh,orbital=1d-8,energy=1d-8,twoint=1.d-19
 angstrom
 geometry={
 C1        -3.2772    1.4825     1.2719
 H1        -2.4640    0.8996     1.6510
 H2        -3.1608    2.5010     1.5785
 H3        -4.2018    1.0992     1.6501
 H4        -3.2685    1.4210     0.2037
 O1        -4.4148    4.4364     3.5758
 H5        -3.8890    4.7809     2.7934
 H6        -4.6266    5.2197     4.0992
 O2        -0.3192    2.3411     3.7644
 H7        0.4075    2.5685     4.3585
 H8        -0.1530    1.4058     3.4959
   }
 
 nkerna=1
 nkernb=1
 nkernc=1
 nkernab=$nkerna+$nkernb
 nkernac=$nkerna+$nkernc
 nkernbc=$nkernb+$nkernc
 nkernabc=$nkerna+$nkernb+$nkernc
 
 proc set_monomera
 core,$nkerna
 dummy,6,7,8,9,10,11;
 endproc
 
 proc set_monomerb
 core,$nkernb
 dummy,1,2,3,4,5,9,10,11;
 endproc
 
 proc set_monomerc
 core,$nkernc
 dummy,1,2,3,4,5,6,7,8;
 endproc
 
 proc set_dimerab
 core,$nkerna+$nkernb
 dummy,9,10,11;
 endproc
 
 proc set_dimerac
 core,$nkerna+$nkernc
 dummy,6,7,8;
 endproc
 
 proc set_dimerbc
 core,$nkernb+$nkernc
 dummy,1,2,3,4,5;
 endproc
 
 proc set_trimerabc
 core,$nkerna+$nkernb+$nkernc
 endproc
 
 basis=avtz
 
 set_trimerabc
 hf
 Escf_ABC=energy
 mp2
 Emp2_ABC=energy
 Emp2_corr_ABC=(Emp2_ABC)-(Escf_ABC)
 
 set_monomera
 {hf
 start,atden}
 Escf_A=energy
 mp2
 Emp2_A=energy
 Emp2_corr_A=(Emp2_A)-(Escf_A)
 
 set_monomerb
 {hf
 start,atden}
 Escf_B=energy
 mp2
 Emp2_B=energy
 Emp2_corr_B=(Emp2_B)-(Escf_B)
 
 set_monomerc
 {hf
 start,atden}
 Escf_C=energy
 mp2
 Emp2_C=energy
 Emp2_corr_C=(Emp2_C)-(Escf_C)
 
 set_dimerab
 {hf
 start,atden}
 Escf_AB=energy
 mp2
 Emp2_AB=energy
 Emp2_corr_AB=(Emp2_AB)-(Escf_AB)
 
 set_dimerac
 {hf
 start,atden}
 Escf_AC=energy
 mp2
 Emp2_AC=energy
 Emp2_corr_AC=(Emp2_AC)-(Escf_AC)
 
 set_dimerbc
 {hf
 start,atden}
 Escf_BC=energy
 mp2
 Emp2_BC=energy
 Emp2_corr_BC=(Emp2_BC)-(Escf_BC)
 
 E_int_ABC=Emp2_ABC-(Emp2_A+Emp2_B+Emp2_C)
 E_int_AB=Emp2_AB-(Emp2_A+Emp2_B)
 E_int_AC=Emp2_AC-(Emp2_A+Emp2_C)
 E_int_BC=Emp2_BC-(Emp2_B+Emp2_C)
 E_add=E_int_AB+E_int_AC+E_int_BC
 E_nonadd_MP2=E_int_ABC-(E_int_AB+E_int_AC+E_int_BC)
                                                                                 !!!!!Correlation part of interaction energy!!!!!!
 E_int_ABC_corr=Emp2_corr_ABC-(Emp2_corr_A+Emp2_corr_B+Emp2_corr_C)
 E_int_AB_corr=Emp2_corr_AB-(Emp2_corr_A+Emp2_corr_B)
 E_int_AC_corr=Emp2_corr_AC-(Emp2_corr_A+Emp2_corr_C)
 E_int_BC_corr=Emp2_corr_BC-(Emp2_corr_B+Emp2_corr_C)
 E_int_ABC_corr_add=E_int_AB_corr+E_int_AC_corr+E_int_BC_corr
 E_int_ABC_corr_nonadd=E_int_ABC_corr-E_int_ABC_corr_add
                                                                                 !!!!HF part of interaction energy!!!!
 E_int_ABC_HF=E_int_ABC-E_int_ABC_corr
 E_int_AB_HF=E_int_AB-E_int_AB_corr
 E_int_AC_HF=E_int_AC-E_int_AC_corr
 E_int_BC_HF=E_int_BC-E_int_BC_corr
 E_int_ABC_HF_add=E_int_AB_HF+E_int_AC_HF+E_int_BC_HF
 E_int_ABC_HF_nonadd=E_int_ABC_HF-E_int_ABC_HF_add
 
 text,results in millihartree
                                                                                 !!!!Interacion Energies!!!!!!
 show,E_int_ABC,E_int_AB,E_int_AC,E_int_BC,E_add,E_nonadd_MP2
                                                                                 !!!!Correlation Part!!!!!!!!
 show,E_int_ABC_corr,E_int_AB_corr,E_int_AC_corr,E_int_BC_corr,E_int_ABC_corr_add,E_int_ABC_corr_nonadd
                                                                                 !!!!SCF Part!!!!!
 show,E_int_ABC_HF,E_int_AB_HF,E_int_AC_HF,E_int_BC_HF,E_int_ABC_HF_add,E_int_ABC_HF_nonadd

 Variables initialized (889), CPU time= 0.01 sec
 Commands  initialized (702), CPU time= 0.00 sec, 572 directives.
 Default parameters read. Elapsed time= 0.28 sec

 Checking input...
 Passed
1


                                         ***  PROGRAM SYSTEM MOLPRO  ***
                                       Copyright, TTI GmbH Stuttgart, 2015
                                    Version 2015.1 linked Jul  2 2018 15:03:07


 **********************************************************************************************************************************
 LABEL *   MP2SD(T)                                                                      
  64 bit serial version                                                                  DATE: 27-Nov-18          TIME: 03:58:41  
 **********************************************************************************************************************************

 SHA1:             
 **********************************************************************************************************************************

 THRESHOLDS:

 ZERO    =  1.00D-12  ONEINT  =  1.00D-12  TWOINT  =  1.00D-19  PREFAC  =  1.00D-14  LOCALI  =  1.00D-09  EORDER  =  1.00D-04
 ENERGY  =  1.00D-08  ETEST   =  0.00D+00  EDENS   =  0.00D+00  THRDEDEF=  1.00D-06  GRADIENT=  1.00D-02  STEP    =  1.00D-03
 ORBITAL =  1.00D-08  CIVEC   =  1.00D-05  COEFF   =  1.00D-04  PRINTCI =  5.00D-02  PUNCHCI =  9.90D+01  OPTGRAD =  3.00D-04
 OPTENERG=  1.00D-06  OPTSTEP =  3.00D-04  THRGRAD =  1.00D-10  COMPRESS=  1.00D-11  VARMIN  =  1.00D-07  VARMAX  =  1.00D-03
 THRDOUB =  0.00D+00  THRDIV  =  1.00D-05  THRRED  =  1.00D-07  THRPSP  =  1.00D+00  THRDC   =  1.00D-10  THRCS   =  1.00D-10
 THRNRM  =  1.00D-08  THREQ   =  0.00D+00  THRDE   =  1.00D+00  THRREF  =  1.00D-05  SPARFAC =  1.00D+00  THRDLP  =  1.00D-07
 THRDIA  =  1.00D-10  THRDLS  =  1.00D-07  THRGPS  =  0.00D+00  THRKEX  =  0.00D+00  THRDIS  =  2.00D-01  THRVAR  =  1.00D-10
 THRLOC  =  1.00D-06  THRGAP  =  1.00D-06  THRLOCT = -1.00D+00  THRGAPT = -1.00D+00  THRORB  =  1.00D-06  THRMLTP =  0.00D+00
 THRCPQCI=  1.00D-10  KEXTA   =  0.00D+00  THRCOARS=  0.00D+00  SYMTOL  =  1.00D-06  GRADTOL =  1.00D-06  THROVL  =  1.00D-08
 THRORTH =  1.00D-08  GRID    =  1.00D-06  GRIDMAX =  1.00D-03  DTMAX   =  0.00D+00  THROCCDE=  1.00D-01  THROCCDE=  1.00D-01


 ZUNIT=ANG
 

Geometry recognized as XYZ

 SETTING NKERNA         =         1.00000000                                  
 SETTING NKERNB         =         1.00000000                                  
 SETTING NKERNC         =         1.00000000                                  
 SETTING NKERNAB        =         2.00000000                                  
 SETTING NKERNAC        =         2.00000000                                  
 SETTING NKERNBC        =         2.00000000                                  
 SETTING NKERNABC       =         3.00000000                                  

 Variable memory set to ********** words,  buffer space   230000 words

 SETTING BASIS          =    AVTZ

 Running procedure=SET_TRIMERABC


 Recomputing integrals since basis changed


 Using spherical harmonics

 Library entry C      S aug-cc-pVTZ          selected for orbital group  1
 Library entry C      P aug-cc-pVTZ          selected for orbital group  1
 Library entry C      D aug-cc-pVTZ          selected for orbital group  1
 Library entry C      F aug-cc-pVTZ          selected for orbital group  1
 Library entry H      S aug-cc-pVTZ          selected for orbital group  2
 Library entry H      P aug-cc-pVTZ          selected for orbital group  2
 Library entry H      D aug-cc-pVTZ          selected for orbital group  2
 Library entry O      S aug-cc-pVTZ          selected for orbital group  3
 Library entry O      P aug-cc-pVTZ          selected for orbital group  3
 Library entry O      D aug-cc-pVTZ          selected for orbital group  3
 Library entry O      F aug-cc-pVTZ          selected for orbital group  3


 PROGRAM * SEWARD (Integral evaluation for generally contracted gaussian basis sets)     Author: Roland Lindh, 1990

 Geometry written to block  1 of record 700


 Point group  C1  



 ATOMIC COORDINATES

 NR  ATOM    CHARGE       X              Y              Z

   1  C1      6.00   -6.193010455    2.801518980    2.403542658
   2  H1      1.00   -4.656285171    1.699997622    3.119937832
   3  H2      1.00   -5.973046335    4.726205038    2.982932688
   4  H3      1.00   -7.940251230    2.077186956    3.118237078
   5  H4      1.00   -6.176569838    2.685300823    0.384937212
   6  O1      8.00   -8.342762895    8.383580979    6.757282676
   7  H5      1.00   -7.349144898    9.034591629    5.278760956
   8  H6      1.00   -8.743006888    9.863803452    7.746365330
   9  O2      8.00   -0.603200579    4.424037830    7.113685023
  10  H7      1.00    0.770063396    4.853761551    8.236371314
  11  H8      1.00   -0.289128097    2.656576986    6.606293559

 Bond lengths in Bohr (Angstrom)

 1-2  2.021904040  1-3  2.022002335  1-4  2.021953343  1-5  2.022015060  6-7  1.896606987
     ( 1.069945541)     ( 1.069997556)     ( 1.069971630)     ( 1.070004290)     ( 1.003641196)

  6- 8  1.824702255   9-10  1.825086553   9-11  1.865477274
       ( 0.965590850)       ( 0.965794212)       ( 0.987168061)

 Bond angles

  2-1-3  109.53398059   2-1-4  109.65604535   2-1-5  108.43490854   3-1-4  109.49436728

  3- 1- 5  109.86987750   4- 1- 5  109.83468330   7- 6- 8  105.01239280  10- 9-11  105.29057030

 NUCLEAR CHARGE:                   30
 NUMBER OF PRIMITIVE AOS:         417
 NUMBER OF SYMMETRY AOS:          374
 NUMBER OF CONTRACTIONS:          322   ( 322A   )
 NUMBER OF CORE ORBITALS:           3   (   3A   )
 NUMBER OF VALENCE ORBITALS:       20   (  20A   )


 NUCLEAR REPULSION ENERGY   69.26413068


 Eigenvalues of metric

         1 0.453E-04 0.661E-04 0.828E-04 0.993E-04 0.300E-03 0.323E-03 0.343E-03 0.346E-03


 Contracted 2-electron integrals neglected if value below      1.0D-19
 AO integral compression algorithm  1   Integral accuracy      1.0D-19

     9560.130 MB (compressed) written to integral file ( 80.2%)


 NUMBER OF SORTED TWO-ELECTRON INTEGRALS: 1352182006.     BUFFER LENGTH:  32768
 NUMBER OF SEGMENTS:  43  SEGMENT LENGTH:   31998710      RECORD LENGTH: 524288

 Memory used in sort:      32.56 MW

 SORT1 READ  1490287330. AND WROTE  1225833240. INTEGRALS IN   3530 RECORDS. CPU TIME:    15.00 SEC, REAL TIME:   267.62 SEC
 SORT2 READ  1225833240. AND WROTE  1352182006. INTEGRALS IN  36469 RECORDS. CPU TIME:    16.15 SEC, REAL TIME:    95.43 SEC

 FILE SIZES:   FILE 1:  9584.0 MBYTE,  FILE 4: 14805.9 MBYTE,   TOTAL:  24389.9 MBYTE

 OPERATOR DM      FOR CENTER  0  COORDINATES:    0.000000    0.000000    0.000000


 **********************************************************************************************************************************
 DATASETS  * FILE   NREC   LENGTH (MB)   RECORD NAMES
              1      19     8760.41       500      610      700      900      950      970     1000      129      960     1100   
                                          VAR    BASINP    GEOM    SYMINP    ZMAT    AOBASIS   BASIS     P2S    ABASIS      S 
                                         1400     1410     1200     1210     1080     1600     1650     1300     1700   
                                           T        V       H0       H01     AOSYM     SMH    MOLCAS    ERIS     OPER   

 PROGRAMS   *        TOTAL       INT
 CPU TIMES  *        70.63     70.48
 REAL TIME  *       443.41 SEC
 DISK USED  *        24.39 GB      
 **********************************************************************************************************************************


 PROGRAM * RHF-SCF (CLOSED SHELL)       Authors: W. Meyer, H.-J. Werner


 NUMBER OF ELECTRONS:      15+   15-    SPACE SYMMETRY=1    SPIN SYMMETRY: Singlet 
 CONVERGENCE THRESHOLDS:    1.00E-08 (Density)    1.00E-09 (Energy)
 MAX. NUMBER OF ITERATIONS:       60
 INTERPOLATION TYPE:            DIIS
 INTERPOLATION STEPS:              2 (START)      1 (STEP)
 LEVEL SHIFTS:                  0.00 (CLOSED)  0.00 (OPEN) 



 Orbital guess generated from atomic densities. Full valence occupancy:   23

 Molecular orbital dump at record        2100.2

 Initial occupancy:  15

 ITERATION    DDIFF          GRAD             ENERGY        2-EL.EN.            DIPOLE MOMENTS         DIIS   ORB.
    1      0.000D+00      0.000D+00      -192.22990862    284.163847    1.17609    0.39557    0.05058    0    start
    2      0.000D+00      0.482D-02      -192.30114103    275.204237    0.66817    0.25244    0.11247    1    diag
    3      0.509D-02      0.295D-02      -192.32641192    278.978839    0.79291    0.29209    0.09871    2    diag
    4      0.175D-02      0.367D-03      -192.32727738    278.775576    0.78399    0.28936    0.09920    3    diag
    5      0.327D-03      0.106D-03      -192.32736821    278.783282    0.78236    0.29008    0.10023    4    diag
    6      0.118D-03      0.265D-04      -192.32737363    278.790154    0.78178    0.28975    0.10043    5    diag
    7      0.336D-04      0.618D-05      -192.32737403    278.787725    0.78170    0.28990    0.10044    6    diag
    8      0.101D-04      0.167D-05      -192.32737407    278.787890    0.78165    0.28982    0.10049    7    diag
    9      0.212D-05      0.755D-06      -192.32737407    278.787924    0.78162    0.28986    0.10048    8    diag
   10      0.668D-06      0.186D-06      -192.32737407    278.787892    0.78161    0.28985    0.10049    9    orth
   11      0.329D-06      0.221D-07      -192.32737407    278.787892    0.78161    0.28985    0.10049    9    diag
   12      0.308D-07      0.656D-08      -192.32737407    278.787894    0.78161    0.28985    0.10049    9    diag
   13      0.129D-07      0.160D-08      -192.32737407    278.787893    0.78161    0.28985    0.10049    9    diag
   14      0.200D-08      0.551D-09      -192.32737407    278.787894    0.78161    0.28985    0.10049    0    orth

 Final occupancy:  15

 !RHF STATE 1.1 Energy               -192.327374071091
 Nuclear energy                        69.26413068
 One-electron energy                 -400.98545169
 Two-electron energy                  139.39394694
 Virial quotient                       -1.00165634
 !RHF STATE 1.1 Dipole moment           0.78161213     0.28984833     0.10048811
 Dipole moment /Debye                   1.98652976     0.73667272     0.25539858

 Orbital energies:

         1.1          2.1          3.1          4.1          5.1          6.1          7.1          8.1          9.1         10.1
    -20.567300   -20.563297   -11.186333    -1.340598    -1.331652    -0.939506    -0.706157    -0.696190    -0.576893    -0.570454

        11.1         12.1         13.1         14.1         15.1         16.1         17.1
     -0.540128    -0.537954    -0.537080    -0.505634    -0.499601     0.027348     0.037653

 HOMO     15.1    -0.499601 =     -13.5948eV
 LUMO     16.1     0.027348 =       0.7442eV
 LUMO-HOMO         0.526949 =      14.3390eV


 **********************************************************************************************************************************
 DATASETS  * FILE   NREC   LENGTH (MB)   RECORD NAMES
              1      19     8760.41       500      610      700      900      950      970     1000      129      960     1100   
                                          VAR    BASINP    GEOM    SYMINP    ZMAT    AOBASIS   BASIS     P2S    ABASIS      S 
                                         1400     1410     1200     1210     1080     1600     1650     1300     1700   
                                           T        V       H0       H01     AOSYM     SMH    MOLCAS    ERIS     OPER   

              2       5        6.86       200      700     1000      520     2100   
                                        OPTIONS   GEOM     BASIS   MCVARS     RHF  

 PROGRAMS   *        TOTAL        HF       INT
 CPU TIMES  *       245.90    175.27     70.48
 REAL TIME  *       741.50 SEC
 DISK USED  *        24.39 GB      
 **********************************************************************************************************************************
 SETTING ESCF_ABC       =      -192.32737407  AU                              


 PROGRAM * MP2 (Closed-shell)     Authors: C. Hampel, H.-J. Werner, 1991, M. Deegan, P.J. Knowles, 1992


 Convergence thresholds:  THRVAR = 1.00D-08  THRDEN = 1.00D-08

 Number of core orbitals:           3 (   3 )
 Number of closed-shell orbitals:  12 (  12 )
 Number of external orbitals:     307 ( 307 )

 Molecular orbitals read from record     2100.2  Type=RHF/CANONICAL (state 1.1)

 Number of N-1 electron functions:              12
 Number of N-2 electron functions:              78
 Number of singly external CSFs:              3684
 Number of doubly external CSFs:           6787770
 Total number of CSFs:                     6791455

 Length of J-op  integral file:               0.00 MB
 Length of K-op  integral file:               7.17 MB

 Integral transformation finished. Total CPU:  22.77 sec, npass=  1  Memory used:  15.72 MW

 Memory needed for MP2:                      0.51 MW

 SCS-MP2 correlation energy:           -0.744876818034   (PS=  1.200000  PT=  0.333333)
 SCS-MP2 total energy:               -193.072250889122


  Reference energy                   -192.327374071089
  MP2 singlet pair energy              -0.489731698066
  MP2 triplet pair energy              -0.252640896998
  MP2 correlation energy               -0.742372595064

 !MP2 total energy                   -193.069746666152


 **********************************************************************************************************************************
 DATASETS  * FILE   NREC   LENGTH (MB)   RECORD NAMES
              1      20     8859.43       500      610      700      900      950      970     1000      129      960     1100   
                                          VAR    BASINP    GEOM    SYMINP    ZMAT    AOBASIS   BASIS     P2S    ABASIS      S 
                                         1400     1410     1200     1210     1080     1600     1650     1300     1700     1380   
                                           T        V       H0       H01     AOSYM     SMH    MOLCAS    ERIS     OPER     JKOP   

              2       5        6.86       200      700     1000      520     2100   
                                        OPTIONS   GEOM     BASIS   MCVARS     RHF  

 PROGRAMS   *        TOTAL       MP2        HF       INT
 CPU TIMES  *       269.49     23.59    175.27     70.48
 REAL TIME  *       802.81 SEC
 DISK USED  *        24.39 GB      
 **********************************************************************************************************************************
 SETTING EMP2_ABC       =      -193.06974667  AU                              
 SETTING EMP2_CORR_ABC  =        -0.74237260  AU                              

 Running procedure=SET_MONOMERA

 Dummy atoms: O1  H5  H6  O2  H7  H8


 Recomputing one-electron integrals since nuclear charges changed


 PROGRAM * SEWARD (Integral evaluation for generally contracted gaussian basis sets)     Author: Roland Lindh, 1990

 Geometry written to block  1 of record 700


 Point group  C1  



 ATOMIC COORDINATES

 NR  ATOM    CHARGE       X              Y              Z

   1  C1      6.00   -6.193010455    2.801518980    2.403542658
   2  H1      1.00   -4.656285171    1.699997622    3.119937832
   3  H2      1.00   -5.973046335    4.726205038    2.982932688
   4  H3      1.00   -7.940251230    2.077186956    3.118237078
   5  H4      1.00   -6.176569838    2.685300823    0.384937212
   6  O1      0.00   -8.342762895    8.383580979    6.757282676
   7  H5      0.00   -7.349144898    9.034591629    5.278760956
   8  H6      0.00   -8.743006888    9.863803452    7.746365330
   9  O2      0.00   -0.603200579    4.424037830    7.113685023
  10  H7      0.00    0.770063396    4.853761551    8.236371314
  11  H8      0.00   -0.289128097    2.656576986    6.606293559

 Bond lengths in Bohr (Angstrom)

 1-2  2.021904040  1-3  2.022002335  1-4  2.021953343  1-5  2.022015060  6-7  1.896606987
     ( 1.069945541)     ( 1.069997556)     ( 1.069971630)     ( 1.070004290)     ( 1.003641196)

  6- 8  1.824702255   9-10  1.825086553   9-11  1.865477274
       ( 0.965590850)       ( 0.965794212)       ( 0.987168061)

 Bond angles

  2-1-3  109.53398059   2-1-4  109.65604535   2-1-5  108.43490854   3-1-4  109.49436728

  3- 1- 5  109.86987750   4- 1- 5  109.83468330   7- 6- 8  105.01239280  10- 9-11  105.29057030

 NUCLEAR CHARGE:                   10
 NUMBER OF PRIMITIVE AOS:         417
 NUMBER OF SYMMETRY AOS:          374
 NUMBER OF CONTRACTIONS:          322   ( 322A   )
 NUMBER OF CORE ORBITALS:           1   (   1A   )
 NUMBER OF VALENCE ORBITALS:        8   (   8A   )

 MOLECULE CHANGED: INITIALIZING OCCUPATION AND DUMP RECORDS


 NUCLEAR REPULSION ENERGY   13.68681606


 Eigenvalues of metric

         1 0.453E-04 0.661E-04 0.828E-04 0.993E-04 0.300E-03 0.323E-03 0.343E-03 0.346E-03


 Contracted 2-electron integrals neglected if value below      1.0D-19

 OPERATOR DM      FOR CENTER  0  COORDINATES:    0.000000    0.000000    0.000000


 **********************************************************************************************************************************
 DATASETS  * FILE   NREC   LENGTH (MB)   RECORD NAMES
              1      19     8760.41       500      610      700      900      950      970     1000      129      960     1100   
                                          VAR    BASINP    GEOM    SYMINP    ZMAT    AOBASIS   BASIS     P2S    ABASIS      S 
                                         1400     1410     1200     1210     1080     1600     1650     1300     1700   
                                           T        V       H0       H01     AOSYM     SMH    MOLCAS    ERIS     OPER   

              2       5        6.86       200      700     1000      520     2100   
                                        OPTIONS   GEOM     BASIS   MCVARS     RHF  

 PROGRAMS   *        TOTAL       INT       MP2        HF       INT
 CPU TIMES  *       269.61      0.11     23.59    175.27     70.48
 REAL TIME  *       803.35 SEC
 DISK USED  *        24.39 GB      
 **********************************************************************************************************************************


 PROGRAM * RHF-SCF (CLOSED SHELL)       Authors: W. Meyer, H.-J. Werner


 NUMBER OF ELECTRONS:       5+    5-    SPACE SYMMETRY=1    SPIN SYMMETRY: Singlet 
 CONVERGENCE THRESHOLDS:    1.00E-08 (Density)    1.00E-09 (Energy)
 MAX. NUMBER OF ITERATIONS:       60
 INTERPOLATION TYPE:            DIIS
 INTERPOLATION STEPS:              2 (START)      1 (STEP)
 LEVEL SHIFTS:                  0.00 (CLOSED)  0.00 (OPEN) 



 Orbital guess generated from atomic densities. Full valence occupancy:    9

 Molecular orbital dump at record        2101.2

 Initial occupancy:   5

 ITERATION    DDIFF          GRAD             ENERGY        2-EL.EN.            DIPOLE MOMENTS         DIIS   ORB.
    1      0.000D+00      0.000D+00       -40.19359102     53.494062    0.00410   -0.00275   -0.00130    0    start
    2      0.000D+00      0.298D-02       -40.21070905     52.213692    0.00129   -0.00087   -0.00037    1    diag
    3      0.233D-02      0.116D-02       -40.21295762     52.664872    0.00182   -0.00123   -0.00054    2    diag
    4      0.655D-03      0.288D-03       -40.21327310     52.609850    0.00162   -0.00110   -0.00047    3    diag
    5      0.219D-03      0.374D-04       -40.21327850     52.612187    0.00159   -0.00108   -0.00046    4    diag
    6      0.619D-04      0.291D-05       -40.21327854     52.612285    0.00159   -0.00108   -0.00046    5    diag
    7      0.519D-05      0.223D-06       -40.21327854     52.612250    0.00159   -0.00108   -0.00046    6    diag
    8      0.715D-06      0.187D-07       -40.21327854     52.612251    0.00159   -0.00108   -0.00046    7    diag
    9      0.132D-06      0.241D-08       -40.21327854     52.612251    0.00159   -0.00108   -0.00046    8    diag
   10      0.708D-08      0.673D-09       -40.21327854     52.612251    0.00159   -0.00108   -0.00046    0    orth

 Final occupancy:   5

 !RHF STATE 1.1 Energy                -40.213278537035
 Nuclear energy                        13.68681606
 One-electron energy                  -80.20622012
 Two-electron energy                   26.30612553
 Virial quotient                       -0.99869799
 !RHF STATE 1.1 Dipole moment           0.00158741    -0.00108175    -0.00045584
 Dipole moment /Debye                   0.00403452    -0.00274935    -0.00115856

 Orbital energies:

         1.1          2.1          3.1          4.1          5.1          6.1          7.1
    -11.197210    -0.950741    -0.551694    -0.549760    -0.547580     0.023356     0.037842

 HOMO      5.1    -0.547580 =     -14.9004eV
 LUMO      6.1     0.023356 =       0.6356eV
 LUMO-HOMO         0.570937 =      15.5360eV


 **********************************************************************************************************************************
 DATASETS  * FILE   NREC   LENGTH (MB)   RECORD NAMES
              1      19     8760.41       500      610      700      900      950      970     1000      129      960     1100   
                                          VAR    BASINP    GEOM    SYMINP    ZMAT    AOBASIS   BASIS     P2S    ABASIS      S 
                                         1400     1410     1200     1210     1080     1600     1650     1300     1700   
                                           T        V       H0       H01     AOSYM     SMH    MOLCAS    ERIS     OPER   

              2       6       13.52       200      700     1000      520     2100     2101   
                                        OPTIONS   GEOM     BASIS   MCVARS     RHF      RHF  

 PROGRAMS   *        TOTAL        HF       INT       MP2        HF       INT
 CPU TIMES  *       398.08    128.47      0.11     23.59    175.27     70.48
 REAL TIME  *      1026.70 SEC
 DISK USED  *        24.39 GB      
 **********************************************************************************************************************************
 SETTING ESCF_A         =       -40.21327854  AU                              


 PROGRAM * MP2 (Closed-shell)     Authors: C. Hampel, H.-J. Werner, 1991, M. Deegan, P.J. Knowles, 1992


 Convergence thresholds:  THRVAR = 1.00D-08  THRDEN = 1.00D-08

 Number of core orbitals:           1 (   1 )
 Number of closed-shell orbitals:   4 (   4 )
 Number of external orbitals:     317 ( 317 )

 Molecular orbitals read from record     2101.2  Type=RHF/CANONICAL (state 1.1)

 Number of N-1 electron functions:               4
 Number of N-2 electron functions:              10
 Number of singly external CSFs:              1268
 Number of doubly external CSFs:            804546
 Total number of CSFs:                      805815

 Length of J-op  integral file:               0.00 MB
 Length of K-op  integral file:               7.17 MB

 Integral transformation finished. Total CPU:  13.36 sec, npass=  1  Memory used:   3.87 MW

 Memory needed for MP2:                      0.52 MW

 SCS-MP2 correlation energy:           -0.208853033099   (PS=  1.200000  PT=  0.333333)
 SCS-MP2 total energy:                -40.422131570134


  Reference energy                    -40.213278537035
  MP2 singlet pair energy              -0.145489403040
  MP2 triplet pair energy              -0.055069954474
  MP2 correlation energy               -0.200559357514

 !MP2 total energy                    -40.413837894550


 **********************************************************************************************************************************
 DATASETS  * FILE   NREC   LENGTH (MB)   RECORD NAMES
              1      20     8774.56       500      610      700      900      950      970     1000      129      960     1100   
                                          VAR    BASINP    GEOM    SYMINP    ZMAT    AOBASIS   BASIS     P2S    ABASIS      S 
                                         1400     1410     1200     1210     1080     1600     1650     1300     1700     1380   
                                           T        V       H0       H01     AOSYM     SMH    MOLCAS    ERIS     OPER     JKOP   

              2       6       13.52       200      700     1000      520     2100     2101   
                                        OPTIONS   GEOM     BASIS   MCVARS     RHF      RHF  

 PROGRAMS   *        TOTAL       MP2        HF       INT       MP2        HF       INT
 CPU TIMES  *       411.61     13.53    128.47      0.11     23.59    175.27     70.48
 REAL TIME  *      1066.81 SEC
 DISK USED  *        24.39 GB      
 **********************************************************************************************************************************
 SETTING EMP2_A         =       -40.41383789  AU                              
 SETTING EMP2_CORR_A    =        -0.20055936  AU                              

 Running procedure=SET_MONOMERB

 Dummy atoms: C1  H1  H2  H3  H4  O2  H7  H8


 Recomputing one-electron integrals since nuclear charges changed


 PROGRAM * SEWARD (Integral evaluation for generally contracted gaussian basis sets)     Author: Roland Lindh, 1990

 Geometry written to block  1 of record 700


 Point group  C1  



 ATOMIC COORDINATES

 NR  ATOM    CHARGE       X              Y              Z

   1  C1      0.00   -6.193010455    2.801518980    2.403542658
   2  H1      0.00   -4.656285171    1.699997622    3.119937832
   3  H2      0.00   -5.973046335    4.726205038    2.982932688
   4  H3      0.00   -7.940251230    2.077186956    3.118237078
   5  H4      0.00   -6.176569838    2.685300823    0.384937212
   6  O1      8.00   -8.342762895    8.383580979    6.757282676
   7  H5      1.00   -7.349144898    9.034591629    5.278760956
   8  H6      1.00   -8.743006888    9.863803452    7.746365330
   9  O2      0.00   -0.603200579    4.424037830    7.113685023
  10  H7      0.00    0.770063396    4.853761551    8.236371314
  11  H8      0.00   -0.289128097    2.656576986    6.606293559

 Bond lengths in Bohr (Angstrom)

 1-2  2.021904040  1-3  2.022002335  1-4  2.021953343  1-5  2.022015060  6-7  1.896606987
     ( 1.069945541)     ( 1.069997556)     ( 1.069971630)     ( 1.070004290)     ( 1.003641196)

  6- 8  1.824702255   9-10  1.825086553   9-11  1.865477274
       ( 0.965590850)       ( 0.965794212)       ( 0.987168061)

 Bond angles

  2-1-3  109.53398059   2-1-4  109.65604535   2-1-5  108.43490854   3-1-4  109.49436728

  3- 1- 5  109.86987750   4- 1- 5  109.83468330   7- 6- 8  105.01239280  10- 9-11  105.29057030

 NUCLEAR CHARGE:                   10
 NUMBER OF PRIMITIVE AOS:         417
 NUMBER OF SYMMETRY AOS:          374
 NUMBER OF CONTRACTIONS:          322   ( 322A   )
 NUMBER OF CORE ORBITALS:           1   (   1A   )
 NUMBER OF VALENCE ORBITALS:        6   (   6A   )

 MOLECULE CHANGED: INITIALIZING OCCUPATION AND DUMP RECORDS


 NUCLEAR REPULSION ENERGY    8.94098799


 Eigenvalues of metric

         1 0.453E-04 0.661E-04 0.828E-04 0.993E-04 0.300E-03 0.323E-03 0.343E-03 0.346E-03


 Contracted 2-electron integrals neglected if value below      1.0D-19

 OPERATOR DM      FOR CENTER  0  COORDINATES:    0.000000    0.000000    0.000000


 **********************************************************************************************************************************
 DATASETS  * FILE   NREC   LENGTH (MB)   RECORD NAMES
              1      19     8760.41       500      610      700      900      950      970     1000      129      960     1100   
                                          VAR    BASINP    GEOM    SYMINP    ZMAT    AOBASIS   BASIS     P2S    ABASIS      S 
                                         1400     1410     1200     1210     1080     1600     1650     1300     1700   
                                           T        V       H0       H01     AOSYM     SMH    MOLCAS    ERIS     OPER   

              2       6       13.52       200      700     1000      520     2100     2101   
                                        OPTIONS   GEOM     BASIS   MCVARS     RHF      RHF  

 PROGRAMS   *        TOTAL       INT       MP2        HF       INT       MP2        HF       INT
 CPU TIMES  *       411.73      0.12     13.53    128.47      0.11     23.59    175.27     70.48
 REAL TIME  *      1067.29 SEC
 DISK USED  *        24.39 GB      
 **********************************************************************************************************************************


 PROGRAM * RHF-SCF (CLOSED SHELL)       Authors: W. Meyer, H.-J. Werner


 NUMBER OF ELECTRONS:       5+    5-    SPACE SYMMETRY=1    SPIN SYMMETRY: Singlet 
 CONVERGENCE THRESHOLDS:    1.00E-08 (Density)    1.00E-09 (Energy)
 MAX. NUMBER OF ITERATIONS:       60
 INTERPOLATION TYPE:            DIIS
 INTERPOLATION STEPS:              2 (START)      1 (STEP)
 LEVEL SHIFTS:                  0.00 (CLOSED)  0.00 (OPEN) 



 Orbital guess generated from atomic densities. Full valence occupancy:    7

 Molecular orbital dump at record        2102.2

 Initial occupancy:   5

 ITERATION    DDIFF          GRAD             ENERGY        2-EL.EN.            DIPOLE MOMENTS         DIIS   ORB.
    1      0.000D+00      0.000D+00       -76.01830779     77.298711    0.31039    1.08977   -0.26180    0    start
    2      0.000D+00      0.539D-02       -76.04501336     73.639850    0.17370    0.63267   -0.14139    1    diag
    3      0.318D-02      0.347D-02       -76.05663463     75.262549    0.20650    0.74708   -0.16923    2    diag
    4      0.115D-02      0.319D-03       -76.05683128     75.172910    0.20405    0.74304   -0.16613    3    diag
    5      0.147D-03      0.904D-04       -76.05685277     75.187363    0.20308    0.74152   -0.16488    4    diag
    6      0.466D-04      0.180D-04       -76.05685417     75.186406    0.20282    0.74124   -0.16452    5    diag
    7      0.122D-04      0.361D-05       -76.05685424     75.186535    0.20274    0.74113   -0.16442    6    diag
    8      0.320D-05      0.649D-06       -76.05685424     75.186518    0.20272    0.74109   -0.16440    7    diag
    9      0.499D-06      0.856D-07       -76.05685424     75.186509    0.20272    0.74109   -0.16440    8    diag
   10      0.660D-07      0.226D-07       -76.05685424     75.186512    0.20272    0.74109   -0.16440    9    orth
   11      0.172D-07      0.534D-08       -76.05685424     75.186512    0.20272    0.74109   -0.16440    9    diag
   12      0.483D-08      0.104D-08       -76.05685424     75.186511    0.20272    0.74109   -0.16440    0    orth

 Final occupancy:   5

 !RHF STATE 1.1 Energy                -76.056854237158
 Nuclear energy                         8.94098799
 One-electron energy                 -122.59109792
 Two-electron energy                   37.59325569
 Virial quotient                       -1.00264597
 !RHF STATE 1.1 Dipole moment           0.20272244     0.74108847    -0.16439705
 Dipole moment /Debye                   0.51523531     1.88353565    -0.41782825

 Orbital energies:

         1.1          2.1          3.1          4.1          5.1          6.1          7.1
    -20.571633    -1.339888    -0.704138    -0.578593    -0.508042     0.021358     0.035423

 HOMO      5.1    -0.508042 =     -13.8245eV
 LUMO      6.1     0.021358 =       0.5812eV
 LUMO-HOMO         0.529400 =      14.4057eV


 **********************************************************************************************************************************
 DATASETS  * FILE   NREC   LENGTH (MB)   RECORD NAMES
              1      19     8760.41       500      610      700      900      950      970     1000      129      960     1100   
                                          VAR    BASINP    GEOM    SYMINP    ZMAT    AOBASIS   BASIS     P2S    ABASIS      S 
                                         1400     1410     1200     1210     1080     1600     1650     1300     1700   
                                           T        V       H0       H01     AOSYM     SMH    MOLCAS    ERIS     OPER   

              2       7       20.17       200      700     1000      520     2100     2101     2102   
                                        OPTIONS   GEOM     BASIS   MCVARS     RHF      RHF      RHF  

 PROGRAMS   *        TOTAL        HF       INT       MP2        HF       INT       MP2        HF       INT
 CPU TIMES  *       564.52    152.78      0.12     13.53    128.47      0.11     23.59    175.27     70.48
 REAL TIME  *      1378.85 SEC
 DISK USED  *        24.39 GB      
 **********************************************************************************************************************************
 SETTING ESCF_B         =       -76.05685424  AU                              


 PROGRAM * MP2 (Closed-shell)     Authors: C. Hampel, H.-J. Werner, 1991, M. Deegan, P.J. Knowles, 1992


 Convergence thresholds:  THRVAR = 1.00D-08  THRDEN = 1.00D-08

 Number of core orbitals:           1 (   1 )
 Number of closed-shell orbitals:   4 (   4 )
 Number of external orbitals:     317 ( 317 )

 Molecular orbitals read from record     2102.2  Type=RHF/CANONICAL (state 1.1)

 Number of N-1 electron functions:               4
 Number of N-2 electron functions:              10
 Number of singly external CSFs:              1268
 Number of doubly external CSFs:            804546
 Total number of CSFs:                      805815

 Length of J-op  integral file:               0.00 MB
 Length of K-op  integral file:               7.17 MB

 Integral transformation finished. Total CPU:  13.22 sec, npass=  1  Memory used:   3.87 MW

 Memory needed for MP2:                      0.52 MW

 SCS-MP2 correlation energy:           -0.267847800973   (PS=  1.200000  PT=  0.333333)
 SCS-MP2 total energy:                -76.324702038131


  Reference energy                    -76.056854237158
  MP2 singlet pair energy              -0.172159190134
  MP2 triplet pair energy              -0.098448384876
  MP2 correlation energy               -0.270607575010

 !MP2 total energy                    -76.327461812168


 **********************************************************************************************************************************
 DATASETS  * FILE   NREC   LENGTH (MB)   RECORD NAMES
              1      20     8774.56       500      610      700      900      950      970     1000      129      960     1100   
                                          VAR    BASINP    GEOM    SYMINP    ZMAT    AOBASIS   BASIS     P2S    ABASIS      S 
                                         1400     1410     1200     1210     1080     1600     1650     1300     1700     1380   
                                           T        V       H0       H01     AOSYM     SMH    MOLCAS    ERIS     OPER     JKOP   

              2       7       20.17       200      700     1000      520     2100     2101     2102   
                                        OPTIONS   GEOM     BASIS   MCVARS     RHF      RHF      RHF  

 PROGRAMS   *        TOTAL       MP2        HF       INT       MP2        HF       INT       MP2        HF       INT
 CPU TIMES  *       577.90     13.37    152.78      0.12     13.53    128.47      0.11     23.59    175.27     70.48
 REAL TIME  *      1400.45 SEC
 DISK USED  *        24.39 GB      
 **********************************************************************************************************************************
 SETTING EMP2_B         =       -76.32746181  AU                              
 SETTING EMP2_CORR_B    =        -0.27060758  AU                              

 Running procedure=SET_MONOMERC

 Dummy atoms: C1  H1  H2  H3  H4  O1  H5  H6


 Recomputing one-electron integrals since nuclear charges changed


 PROGRAM * SEWARD (Integral evaluation for generally contracted gaussian basis sets)     Author: Roland Lindh, 1990

 Geometry written to block  1 of record 700


 Point group  C1  



 ATOMIC COORDINATES

 NR  ATOM    CHARGE       X              Y              Z

   1  C1      0.00   -6.193010455    2.801518980    2.403542658
   2  H1      0.00   -4.656285171    1.699997622    3.119937832
   3  H2      0.00   -5.973046335    4.726205038    2.982932688
   4  H3      0.00   -7.940251230    2.077186956    3.118237078
   5  H4      0.00   -6.176569838    2.685300823    0.384937212
   6  O1      0.00   -8.342762895    8.383580979    6.757282676
   7  H5      0.00   -7.349144898    9.034591629    5.278760956
   8  H6      0.00   -8.743006888    9.863803452    7.746365330
   9  O2      8.00   -0.603200579    4.424037830    7.113685023
  10  H7      1.00    0.770063396    4.853761551    8.236371314
  11  H8      1.00   -0.289128097    2.656576986    6.606293559

 Bond lengths in Bohr (Angstrom)

 1-2  2.021904040  1-3  2.022002335  1-4  2.021953343  1-5  2.022015060  6-7  1.896606987
     ( 1.069945541)     ( 1.069997556)     ( 1.069971630)     ( 1.070004290)     ( 1.003641196)

  6- 8  1.824702255   9-10  1.825086553   9-11  1.865477274
       ( 0.965590850)       ( 0.965794212)       ( 0.987168061)

 Bond angles

  2-1-3  109.53398059   2-1-4  109.65604535   2-1-5  108.43490854   3-1-4  109.49436728

  3- 1- 5  109.86987750   4- 1- 5  109.83468330   7- 6- 8  105.01239280  10- 9-11  105.29057030

 NUCLEAR CHARGE:                   10
 NUMBER OF PRIMITIVE AOS:         417
 NUMBER OF SYMMETRY AOS:          374
 NUMBER OF CONTRACTIONS:          322   ( 322A   )
 NUMBER OF CORE ORBITALS:           1   (   1A   )
 NUMBER OF VALENCE ORBITALS:        6   (   6A   )

 MOLECULE CHANGED: INITIALIZING OCCUPATION AND DUMP RECORDS


 NUCLEAR REPULSION ENERGY    9.01266574


 Eigenvalues of metric

         1 0.453E-04 0.661E-04 0.828E-04 0.993E-04 0.300E-03 0.323E-03 0.343E-03 0.346E-03


 Contracted 2-electron integrals neglected if value below      1.0D-19

 OPERATOR DM      FOR CENTER  0  COORDINATES:    0.000000    0.000000    0.000000


 **********************************************************************************************************************************
 DATASETS  * FILE   NREC   LENGTH (MB)   RECORD NAMES
              1      19     8760.41       500      610      700      900      950      970     1000      129      960     1100   
                                          VAR    BASINP    GEOM    SYMINP    ZMAT    AOBASIS   BASIS     P2S    ABASIS      S 
                                         1400     1410     1200     1210     1080     1600     1650     1300     1700   
                                           T        V       H0       H01     AOSYM     SMH    MOLCAS    ERIS     OPER   

              2       7       20.17       200      700     1000      520     2100     2101     2102   
                                        OPTIONS   GEOM     BASIS   MCVARS     RHF      RHF      RHF  

 PROGRAMS   *        TOTAL       INT       MP2        HF       INT       MP2        HF       INT       MP2        HF       INT
 CPU TIMES  *       578.01      0.12     13.37    152.78      0.12     13.53    128.47      0.11     23.59    175.27     70.48
 REAL TIME  *      1400.76 SEC
 DISK USED  *        24.39 GB      
 **********************************************************************************************************************************


 PROGRAM * RHF-SCF (CLOSED SHELL)       Authors: W. Meyer, H.-J. Werner


 NUMBER OF ELECTRONS:       5+    5-    SPACE SYMMETRY=1    SPIN SYMMETRY: Singlet 
 CONVERGENCE THRESHOLDS:    1.00E-08 (Density)    1.00E-09 (Energy)
 MAX. NUMBER OF ITERATIONS:       60
 INTERPOLATION TYPE:            DIIS
 INTERPOLATION STEPS:              2 (START)      1 (STEP)
 LEVEL SHIFTS:                  0.00 (CLOSED)  0.00 (OPEN) 



 Orbital guess generated from atomic densities. Full valence occupancy:    7

 Molecular orbital dump at record        2103.2

 Initial occupancy:   5

 ITERATION    DDIFF          GRAD             ENERGY        2-EL.EN.            DIPOLE MOMENTS         DIIS   ORB.
    1      0.000D+00      0.000D+00       -76.02029351     77.398409    0.86273   -0.69135    0.31157    0    start
    2      0.000D+00      0.539D-02       -76.04694258     73.773509    0.50511   -0.39792    0.18521    1    diag
    3      0.317D-02      0.343D-02       -76.05826665     75.375057    0.59426   -0.46958    0.21731    2    diag
    4      0.114D-02      0.316D-03       -76.05845723     75.285740    0.59136   -0.46591    0.21682    3    diag
    5      0.146D-03      0.879D-04       -76.05847713     75.299816    0.59028   -0.46450    0.21665    4    diag
    6      0.456D-04      0.171D-04       -76.05847837     75.298948    0.59011   -0.46418    0.21666    5    diag
    7      0.114D-04      0.338D-05       -76.05847842     75.299075    0.59003   -0.46407    0.21666    6    diag
    8      0.294D-05      0.626D-06       -76.05847843     75.299060    0.59001   -0.46405    0.21665    7    diag
    9      0.485D-06      0.800D-07       -76.05847843     75.299051    0.59000   -0.46404    0.21665    8    diag
   10      0.575D-07      0.200D-07       -76.05847843     75.299054    0.59000   -0.46404    0.21665    9    orth
   11      0.142D-07      0.414D-08       -76.05847843     75.299054    0.59000   -0.46404    0.21665    9    diag
   12      0.350D-08      0.774D-09       -76.05847843     75.299054    0.59000   -0.46404    0.21665    0    orth

 Final occupancy:   5

 !RHF STATE 1.1 Energy                -76.058478426520
 Nuclear energy                         9.01266574
 One-electron energy                 -122.72067107
 Two-electron energy                   37.64952690
 Virial quotient                       -1.00230183
 !RHF STATE 1.1 Dipole moment           0.59000259    -0.46404277     0.21664687
 Dipole moment /Debye                   1.49953878    -1.17940182     0.55062534

 Orbital energies:

         1.1          2.1          3.1          4.1          5.1          6.1          7.1
    -20.570179    -1.343444    -0.708900    -0.579709    -0.508577     0.022502     0.035495

 HOMO      5.1    -0.508577 =     -13.8391eV
 LUMO      6.1     0.022502 =       0.6123eV
 LUMO-HOMO         0.531079 =      14.4514eV


 **********************************************************************************************************************************
 DATASETS  * FILE   NREC   LENGTH (MB)   RECORD NAMES
              1      19     8760.41       500      610      700      900      950      970     1000      129      960     1100   
                                          VAR    BASINP    GEOM    SYMINP    ZMAT    AOBASIS   BASIS     P2S    ABASIS      S 
                                         1400     1410     1200     1210     1080     1600     1650     1300     1700   
                                           T        V       H0       H01     AOSYM     SMH    MOLCAS    ERIS     OPER   

              2       8       26.83       200      700     1000      520     2100     2101     2102     2103   
                                        OPTIONS   GEOM     BASIS   MCVARS     RHF      RHF      RHF      RHF  

 PROGRAMS   *        TOTAL        HF       INT       MP2        HF       INT       MP2        HF       INT       MP2        HF
 CPU TIMES  *       729.92    151.90      0.12     13.37    152.78      0.12     13.53    128.47      0.11     23.59    175.27
 REAL TIME  *      1663.35 SEC
 DISK USED  *        24.39 GB      
 **********************************************************************************************************************************
 SETTING ESCF_C         =       -76.05847843  AU                              


 PROGRAM * MP2 (Closed-shell)     Authors: C. Hampel, H.-J. Werner, 1991, M. Deegan, P.J. Knowles, 1992


 Convergence thresholds:  THRVAR = 1.00D-08  THRDEN = 1.00D-08

 Number of core orbitals:           1 (   1 )
 Number of closed-shell orbitals:   4 (   4 )
 Number of external orbitals:     317 ( 317 )

 Molecular orbitals read from record     2103.2  Type=RHF/CANONICAL (state 1.1)

 Number of N-1 electron functions:               4
 Number of N-2 electron functions:              10
 Number of singly external CSFs:              1268
 Number of doubly external CSFs:            804546
 Total number of CSFs:                      805815

 Length of J-op  integral file:               0.00 MB
 Length of K-op  integral file:               7.17 MB

 Integral transformation finished. Total CPU:  13.19 sec, npass=  1  Memory used:   3.87 MW

 Memory needed for MP2:                      0.52 MW

 SCS-MP2 correlation energy:           -0.267139907523   (PS=  1.200000  PT=  0.333333)
 SCS-MP2 total energy:                -76.325618334043


  Reference energy                    -76.058478426520
  MP2 singlet pair energy              -0.171688147811
  MP2 triplet pair energy              -0.098219137741
  MP2 correlation energy               -0.269907285552

 !MP2 total energy                    -76.328385712072


 **********************************************************************************************************************************
 DATASETS  * FILE   NREC   LENGTH (MB)   RECORD NAMES
              1      20     8774.56       500      610      700      900      950      970     1000      129      960     1100   
                                          VAR    BASINP    GEOM    SYMINP    ZMAT    AOBASIS   BASIS     P2S    ABASIS      S 
                                         1400     1410     1200     1210     1080     1600     1650     1300     1700     1380   
                                           T        V       H0       H01     AOSYM     SMH    MOLCAS    ERIS     OPER     JKOP   

              2       8       26.83       200      700     1000      520     2100     2101     2102     2103   
                                        OPTIONS   GEOM     BASIS   MCVARS     RHF      RHF      RHF      RHF  

 PROGRAMS   *        TOTAL       MP2        HF       INT       MP2        HF       INT       MP2        HF       INT       MP2
 CPU TIMES  *       743.29     13.37    151.90      0.12     13.37    152.78      0.12     13.53    128.47      0.11     23.59
 REAL TIME  *      1709.98 SEC
 DISK USED  *        24.39 GB      
 **********************************************************************************************************************************
 SETTING EMP2_C         =       -76.32838571  AU                              
 SETTING EMP2_CORR_C    =        -0.26990729  AU                              

 Running procedure=SET_DIMERAB

 Dummy atoms: O2  H7  H8


 Recomputing one-electron integrals since nuclear charges changed


 PROGRAM * SEWARD (Integral evaluation for generally contracted gaussian basis sets)     Author: Roland Lindh, 1990

 Geometry written to block  1 of record 700


 Point group  C1  



 ATOMIC COORDINATES

 NR  ATOM    CHARGE       X              Y              Z

   1  C1      6.00   -6.193010455    2.801518980    2.403542658
   2  H1      1.00   -4.656285171    1.699997622    3.119937832
   3  H2      1.00   -5.973046335    4.726205038    2.982932688
   4  H3      1.00   -7.940251230    2.077186956    3.118237078
   5  H4      1.00   -6.176569838    2.685300823    0.384937212
   6  O1      8.00   -8.342762895    8.383580979    6.757282676
   7  H5      1.00   -7.349144898    9.034591629    5.278760956
   8  H6      1.00   -8.743006888    9.863803452    7.746365330
   9  O2      0.00   -0.603200579    4.424037830    7.113685023
  10  H7      0.00    0.770063396    4.853761551    8.236371314
  11  H8      0.00   -0.289128097    2.656576986    6.606293559

 Bond lengths in Bohr (Angstrom)

 1-2  2.021904040  1-3  2.022002335  1-4  2.021953343  1-5  2.022015060  6-7  1.896606987
     ( 1.069945541)     ( 1.069997556)     ( 1.069971630)     ( 1.070004290)     ( 1.003641196)

  6- 8  1.824702255   9-10  1.825086553   9-11  1.865477274
       ( 0.965590850)       ( 0.965794212)       ( 0.987168061)

 Bond angles

  2-1-3  109.53398059   2-1-4  109.65604535   2-1-5  108.43490854   3-1-4  109.49436728

  3- 1- 5  109.86987750   4- 1- 5  109.83468330   7- 6- 8  105.01239280  10- 9-11  105.29057030

 NUCLEAR CHARGE:                   20
 NUMBER OF PRIMITIVE AOS:         417
 NUMBER OF SYMMETRY AOS:          374
 NUMBER OF CONTRACTIONS:          322   ( 322A   )
 NUMBER OF CORE ORBITALS:           2   (   2A   )
 NUMBER OF VALENCE ORBITALS:       14   (  14A   )

 MOLECULE CHANGED: INITIALIZING OCCUPATION AND DUMP RECORDS


 NUCLEAR REPULSION ENERGY   35.98231600


 Eigenvalues of metric

         1 0.453E-04 0.661E-04 0.828E-04 0.993E-04 0.300E-03 0.323E-03 0.343E-03 0.346E-03


 Contracted 2-electron integrals neglected if value below      1.0D-19

 OPERATOR DM      FOR CENTER  0  COORDINATES:    0.000000    0.000000    0.000000


 **********************************************************************************************************************************
 DATASETS  * FILE   NREC   LENGTH (MB)   RECORD NAMES
              1      19     8760.41       500      610      700      900      950      970     1000      129      960     1100   
                                          VAR    BASINP    GEOM    SYMINP    ZMAT    AOBASIS   BASIS     P2S    ABASIS      S 
                                         1400     1410     1200     1210     1080     1600     1650     1300     1700   
                                           T        V       H0       H01     AOSYM     SMH    MOLCAS    ERIS     OPER   

              2       8       26.83       200      700     1000      520     2100     2101     2102     2103   
                                        OPTIONS   GEOM     BASIS   MCVARS     RHF      RHF      RHF      RHF  

 PROGRAMS   *        TOTAL       INT       MP2        HF       INT       MP2        HF       INT       MP2        HF       INT
 CPU TIMES  *       743.41      0.12     13.37    151.90      0.12     13.37    152.78      0.12     13.53    128.47      0.11
 REAL TIME  *      1710.25 SEC
 DISK USED  *        24.39 GB      
 **********************************************************************************************************************************


 PROGRAM * RHF-SCF (CLOSED SHELL)       Authors: W. Meyer, H.-J. Werner


 NUMBER OF ELECTRONS:      10+   10-    SPACE SYMMETRY=1    SPIN SYMMETRY: Singlet 
 CONVERGENCE THRESHOLDS:    1.00E-08 (Density)    1.00E-09 (Energy)
 MAX. NUMBER OF ITERATIONS:       60
 INTERPOLATION TYPE:            DIIS
 INTERPOLATION STEPS:              2 (START)      1 (STEP)
 LEVEL SHIFTS:                  0.00 (CLOSED)  0.00 (OPEN) 



 Orbital guess generated from atomic densities. Full valence occupancy:   16

 Molecular orbital dump at record        2104.2

 Initial occupancy:  10

 ITERATION    DDIFF          GRAD             ENERGY        2-EL.EN.            DIPOLE MOMENTS         DIIS   ORB.
    1      0.000D+00      0.000D+00      -116.21110957    157.648186    0.31323    1.08583   -0.26153    0    start
    2      0.000D+00      0.440D-02      -116.25521994    152.623108    0.14490    0.62394   -0.09892    1    diag
    3      0.396D-02      0.260D-02      -116.26892421    154.706890    0.18676    0.74162   -0.13927    2    diag
    4      0.131D-02      0.383D-03      -116.26958554    154.594880    0.18330    0.73126   -0.13598    3    diag
    5      0.291D-03      0.113D-03      -116.26965413    154.590013    0.18268    0.73106   -0.13516    4    diag
    6      0.107D-03      0.275D-04      -116.26965797    154.595894    0.18240    0.73035   -0.13485    5    diag
    7      0.308D-04      0.535D-05      -116.26965820    154.594403    0.18239    0.73038   -0.13483    6    diag
    8      0.855D-05      0.138D-05      -116.26965822    154.594555    0.18236    0.73033   -0.13478    7    diag
    9      0.163D-05      0.311D-06      -116.26965822    154.594529    0.18235    0.73031   -0.13477    8    diag
   10      0.552D-06      0.351D-07      -116.26965822    154.594529    0.18235    0.73031   -0.13477    9    orth
   11      0.442D-07      0.873D-08      -116.26965822    154.594531    0.18235    0.73031   -0.13477    9    diag
   12      0.172D-07      0.230D-08      -116.26965822    154.594530    0.18235    0.73031   -0.13477    9    diag
   13      0.294D-08      0.599D-09      -116.26965822    154.594531    0.18235    0.73031   -0.13477    0    orth

 Final occupancy:  10

 !RHF STATE 1.1 Energy               -116.269658217898
 Nuclear energy                        35.98231600
 One-electron energy                 -229.54923957
 Two-electron energy                   77.29726536
 Virial quotient                       -1.00125523
 !RHF STATE 1.1 Dipole moment           0.18234534     0.73030800    -0.13476722
 Dipole moment /Debye                   0.46344528     1.85613620    -0.34252168

 Orbital energies:

         1.1          2.1          3.1          4.1          5.1          6.1          7.1          8.1          9.1         10.1
    -20.572106   -11.192371    -1.340466    -0.945718    -0.705005    -0.579283    -0.546250    -0.544721    -0.542891    -0.508543

        11.1         12.1
      0.024637     0.037551

 HOMO     10.1    -0.508543 =     -13.8382eV
 LUMO     11.1     0.024637 =       0.6704eV
 LUMO-HOMO         0.533180 =      14.5086eV


 **********************************************************************************************************************************
 DATASETS  * FILE   NREC   LENGTH (MB)   RECORD NAMES
              1      19     8760.41       500      610      700      900      950      970     1000      129      960     1100   
                                          VAR    BASINP    GEOM    SYMINP    ZMAT    AOBASIS   BASIS     P2S    ABASIS      S 
                                         1400     1410     1200     1210     1080     1600     1650     1300     1700   
                                           T        V       H0       H01     AOSYM     SMH    MOLCAS    ERIS     OPER   

              2       9       33.49       200      700     1000      520     2100     2101     2102     2103     2104   
                                        OPTIONS   GEOM     BASIS   MCVARS     RHF      RHF      RHF      RHF      RHF  

 PROGRAMS   *        TOTAL        HF       INT       MP2        HF       INT       MP2        HF       INT       MP2        HF
 CPU TIMES  *       907.04    163.63      0.12     13.37    151.90      0.12     13.37    152.78      0.12     13.53    128.47
 REAL TIME  *      1988.27 SEC
 DISK USED  *        24.39 GB      
 **********************************************************************************************************************************
 SETTING ESCF_AB        =      -116.26965822  AU                              


 PROGRAM * MP2 (Closed-shell)     Authors: C. Hampel, H.-J. Werner, 1991, M. Deegan, P.J. Knowles, 1992


 Convergence thresholds:  THRVAR = 1.00D-08  THRDEN = 1.00D-08

 Number of core orbitals:           2 (   2 )
 Number of closed-shell orbitals:   8 (   8 )
 Number of external orbitals:     312 ( 312 )

 Molecular orbitals read from record     2104.2  Type=RHF/CANONICAL (state 1.1)

 Number of N-1 electron functions:               8
 Number of N-2 electron functions:              36
 Number of singly external CSFs:              2496
 Number of doubly external CSFs:           3116256
 Total number of CSFs:                     3118753

 Length of J-op  integral file:               0.00 MB
 Length of K-op  integral file:               7.17 MB

 Integral transformation finished. Total CPU:  17.73 sec, npass=  1  Memory used:   8.54 MW

 Memory needed for MP2:                      0.51 MW

 SCS-MP2 correlation energy:           -0.477219061955   (PS=  1.200000  PT=  0.333333)
 SCS-MP2 total energy:               -116.746877279854


  Reference energy                   -116.269658217899
  MP2 singlet pair energy              -0.317842092896
  MP2 triplet pair energy              -0.153978027558
  MP2 correlation energy               -0.471820120454

 !MP2 total energy                   -116.741478338353


 **********************************************************************************************************************************
 DATASETS  * FILE   NREC   LENGTH (MB)   RECORD NAMES
              1      20     8807.01       500      610      700      900      950      970     1000      129      960     1100   
                                          VAR    BASINP    GEOM    SYMINP    ZMAT    AOBASIS   BASIS     P2S    ABASIS      S 
                                         1400     1410     1200     1210     1080     1600     1650     1300     1700     1380   
                                           T        V       H0       H01     AOSYM     SMH    MOLCAS    ERIS     OPER     JKOP   

              2       9       33.49       200      700     1000      520     2100     2101     2102     2103     2104   
                                        OPTIONS   GEOM     BASIS   MCVARS     RHF      RHF      RHF      RHF      RHF  

 PROGRAMS   *        TOTAL       MP2        HF       INT       MP2        HF       INT       MP2        HF       INT       MP2
 CPU TIMES  *       925.19     18.15    163.63      0.12     13.37    151.90      0.12     13.37    152.78      0.12     13.53
 REAL TIME  *      2078.64 SEC
 DISK USED  *        24.39 GB      
 **********************************************************************************************************************************
 SETTING EMP2_AB        =      -116.74147834  AU                              
 SETTING EMP2_CORR_AB   =        -0.47182012  AU                              

 Running procedure=SET_DIMERAC

 Dummy atoms: O1  H5  H6


 Recomputing one-electron integrals since nuclear charges changed


 PROGRAM * SEWARD (Integral evaluation for generally contracted gaussian basis sets)     Author: Roland Lindh, 1990

 Geometry written to block  1 of record 700


 Point group  C1  



 ATOMIC COORDINATES

 NR  ATOM    CHARGE       X              Y              Z

   1  C1      6.00   -6.193010455    2.801518980    2.403542658
   2  H1      1.00   -4.656285171    1.699997622    3.119937832
   3  H2      1.00   -5.973046335    4.726205038    2.982932688
   4  H3      1.00   -7.940251230    2.077186956    3.118237078
   5  H4      1.00   -6.176569838    2.685300823    0.384937212
   6  O1      0.00   -8.342762895    8.383580979    6.757282676
   7  H5      0.00   -7.349144898    9.034591629    5.278760956
   8  H6      0.00   -8.743006888    9.863803452    7.746365330
   9  O2      8.00   -0.603200579    4.424037830    7.113685023
  10  H7      1.00    0.770063396    4.853761551    8.236371314
  11  H8      1.00   -0.289128097    2.656576986    6.606293559

 Bond lengths in Bohr (Angstrom)

 1-2  2.021904040  1-3  2.022002335  1-4  2.021953343  1-5  2.022015060  6-7  1.896606987
     ( 1.069945541)     ( 1.069997556)     ( 1.069971630)     ( 1.070004290)     ( 1.003641196)

  6- 8  1.824702255   9-10  1.825086553   9-11  1.865477274
       ( 0.965590850)       ( 0.965794212)       ( 0.987168061)

 Bond angles

  2-1-3  109.53398059   2-1-4  109.65604535   2-1-5  108.43490854   3-1-4  109.49436728

  3- 1- 5  109.86987750   4- 1- 5  109.83468330   7- 6- 8  105.01239280  10- 9-11  105.29057030

 NUCLEAR CHARGE:                   20
 NUMBER OF PRIMITIVE AOS:         417
 NUMBER OF SYMMETRY AOS:          374
 NUMBER OF CONTRACTIONS:          322   ( 322A   )
 NUMBER OF CORE ORBITALS:           2   (   2A   )
 NUMBER OF VALENCE ORBITALS:       14   (  14A   )

 MOLECULE CHANGED: INITIALIZING OCCUPATION AND DUMP RECORDS


 NUCLEAR REPULSION ENERGY   35.83278858


 Eigenvalues of metric

         1 0.453E-04 0.661E-04 0.828E-04 0.993E-04 0.300E-03 0.323E-03 0.343E-03 0.346E-03


 Contracted 2-electron integrals neglected if value below      1.0D-19

 OPERATOR DM      FOR CENTER  0  COORDINATES:    0.000000    0.000000    0.000000


 **********************************************************************************************************************************
 DATASETS  * FILE   NREC   LENGTH (MB)   RECORD NAMES
              1      19     8760.41       500      610      700      900      950      970     1000      129      960     1100   
                                          VAR    BASINP    GEOM    SYMINP    ZMAT    AOBASIS   BASIS     P2S    ABASIS      S 
                                         1400     1410     1200     1210     1080     1600     1650     1300     1700   
                                           T        V       H0       H01     AOSYM     SMH    MOLCAS    ERIS     OPER   

              2       9       33.49       200      700     1000      520     2100     2101     2102     2103     2104   
                                        OPTIONS   GEOM     BASIS   MCVARS     RHF      RHF      RHF      RHF      RHF  

 PROGRAMS   *        TOTAL       INT       MP2        HF       INT       MP2        HF       INT       MP2        HF       INT
 CPU TIMES  *       925.30      0.11     18.15    163.63      0.12     13.37    151.90      0.12     13.37    152.78      0.12
 REAL TIME  *      2087.78 SEC
 DISK USED  *        24.39 GB      
 **********************************************************************************************************************************


 PROGRAM * RHF-SCF (CLOSED SHELL)       Authors: W. Meyer, H.-J. Werner


 NUMBER OF ELECTRONS:      10+   10-    SPACE SYMMETRY=1    SPIN SYMMETRY: Singlet 
 CONVERGENCE THRESHOLDS:    1.00E-08 (Density)    1.00E-09 (Energy)
 MAX. NUMBER OF ITERATIONS:       60
 INTERPOLATION TYPE:            DIIS
 INTERPOLATION STEPS:              2 (START)      1 (STEP)
 LEVEL SHIFTS:                  0.00 (CLOSED)  0.00 (OPEN) 



 Orbital guess generated from atomic densities. Full valence occupancy:   16

 Molecular orbital dump at record        2105.2

 Initial occupancy:  10

 ITERATION    DDIFF          GRAD             ENERGY        2-EL.EN.            DIPOLE MOMENTS         DIIS   ORB.
    1      0.000D+00      0.000D+00      -116.21330720    157.367799    0.86690   -0.69298    0.31079    0    start
    2      0.000D+00      0.440D-02      -116.25731216    152.345918    0.51581   -0.35588    0.20951    1    diag
    3      0.395D-02      0.258D-02      -116.27076173    154.414798    0.60470   -0.43925    0.23572    2    diag
    4      0.131D-02      0.380D-03      -116.27141147    154.302983    0.59646   -0.43221    0.23274    3    diag
    5      0.289D-03      0.111D-03      -116.27147766    154.297755    0.59626   -0.43134    0.23300    4    diag
    6      0.106D-03      0.270D-04      -116.27148132    154.303566    0.59572   -0.43077    0.23284    5    diag
    7      0.303D-04      0.511D-05      -116.27148152    154.302091    0.59572   -0.43076    0.23284    6    diag
    8      0.832D-05      0.127D-05      -116.27148154    154.302226    0.59568   -0.43071    0.23283    7    diag
    9      0.149D-05      0.294D-06      -116.27148154    154.302201    0.59566   -0.43069    0.23283    8    diag
   10      0.510D-06      0.336D-07      -116.27148154    154.302202    0.59566   -0.43069    0.23283    9    orth
   11      0.396D-07      0.805D-08      -116.27148154    154.302204    0.59566   -0.43069    0.23283    9    diag
   12      0.156D-07      0.209D-08      -116.27148154    154.302203    0.59566   -0.43069    0.23283    9    diag
   13      0.259D-08      0.561D-09      -116.27148154    154.302204    0.59566   -0.43069    0.23283    0    orth

 Final occupancy:  10

 !RHF STATE 1.1 Energy               -116.271481538305
 Nuclear energy                        35.83278858
 One-electron energy                 -229.25537190
 Two-electron energy                   77.15110177
 Virial quotient                       -1.00104059
 !RHF STATE 1.1 Dipole moment           0.59566323    -0.43069004     0.23282913
 Dipole moment /Debye                   1.51392575    -1.09463320     0.59175385

 Orbital energies:

         1.1          2.1          3.1          4.1          5.1          6.1          7.1          8.1          9.1         10.1
    -20.570301   -11.190907    -1.343615    -0.944271    -0.709156    -0.580063    -0.545548    -0.542416    -0.541593    -0.508714

        11.1         12.1
      0.025741     0.037727

 HOMO     10.1    -0.508714 =     -13.8428eV
 LUMO     11.1     0.025741 =       0.7005eV
 LUMO-HOMO         0.534456 =      14.5433eV


 **********************************************************************************************************************************
 DATASETS  * FILE   NREC   LENGTH (MB)   RECORD NAMES
              1      19     8760.41       500      610      700      900      950      970     1000      129      960     1100   
                                          VAR    BASINP    GEOM    SYMINP    ZMAT    AOBASIS   BASIS     P2S    ABASIS      S 
                                         1400     1410     1200     1210     1080     1600     1650     1300     1700   
                                           T        V       H0       H01     AOSYM     SMH    MOLCAS    ERIS     OPER   

              2      10       40.14       200      700     1000      520     2100     2101     2102     2103     2104     2105   
                                        OPTIONS   GEOM     BASIS   MCVARS     RHF      RHF      RHF      RHF      RHF      RHF  

 PROGRAMS   *        TOTAL        HF       INT       MP2        HF       INT       MP2        HF       INT       MP2        HF
 CPU TIMES  *      1089.05    163.74      0.11     18.15    163.63      0.12     13.37    151.90      0.12     13.37    152.78
 REAL TIME  *      2357.86 SEC
 DISK USED  *        24.39 GB      
 **********************************************************************************************************************************
 SETTING ESCF_AC        =      -116.27148154  AU                              


 PROGRAM * MP2 (Closed-shell)     Authors: C. Hampel, H.-J. Werner, 1991, M. Deegan, P.J. Knowles, 1992


 Convergence thresholds:  THRVAR = 1.00D-08  THRDEN = 1.00D-08

 Number of core orbitals:           2 (   2 )
 Number of closed-shell orbitals:   8 (   8 )
 Number of external orbitals:     312 ( 312 )

 Molecular orbitals read from record     2105.2  Type=RHF/CANONICAL (state 1.1)

 Number of N-1 electron functions:               8
 Number of N-2 electron functions:              36
 Number of singly external CSFs:              2496
 Number of doubly external CSFs:           3116256
 Total number of CSFs:                     3118753

 Length of J-op  integral file:               0.00 MB
 Length of K-op  integral file:               7.17 MB

 Integral transformation finished. Total CPU:  17.74 sec, npass=  1  Memory used:   8.54 MW

 Memory needed for MP2:                      0.51 MW

 SCS-MP2 correlation energy:           -0.476403767132   (PS=  1.200000  PT=  0.333333)
 SCS-MP2 total energy:               -116.747885305437


  Reference energy                   -116.271481538305
  MP2 singlet pair energy              -0.317330536342
  MP2 triplet pair energy              -0.153654305660
  MP2 correlation energy               -0.470984842002

 !MP2 total energy                   -116.742466380306


 **********************************************************************************************************************************
 DATASETS  * FILE   NREC   LENGTH (MB)   RECORD NAMES
              1      20     8807.01       500      610      700      900      950      970     1000      129      960     1100   
                                          VAR    BASINP    GEOM    SYMINP    ZMAT    AOBASIS   BASIS     P2S    ABASIS      S 
                                         1400     1410     1200     1210     1080     1600     1650     1300     1700     1380   
                                           T        V       H0       H01     AOSYM     SMH    MOLCAS    ERIS     OPER     JKOP   

              2      10       40.14       200      700     1000      520     2100     2101     2102     2103     2104     2105   
                                        OPTIONS   GEOM     BASIS   MCVARS     RHF      RHF      RHF      RHF      RHF      RHF  

 PROGRAMS   *        TOTAL       MP2        HF       INT       MP2        HF       INT       MP2        HF       INT       MP2
 CPU TIMES  *      1107.19     18.14    163.74      0.11     18.15    163.63      0.12     13.37    151.90      0.12     13.37
 REAL TIME  *      2383.71 SEC
 DISK USED  *        24.39 GB      
 **********************************************************************************************************************************
 SETTING EMP2_AC        =      -116.74246638  AU                              
 SETTING EMP2_CORR_AC   =        -0.47098484  AU                              

 Running procedure=SET_DIMERBC

 Dummy atoms: C1  H1  H2  H3  H4


 Recomputing one-electron integrals since nuclear charges changed


 PROGRAM * SEWARD (Integral evaluation for generally contracted gaussian basis sets)     Author: Roland Lindh, 1990

 Geometry written to block  1 of record 700


 Point group  C1  



 ATOMIC COORDINATES

 NR  ATOM    CHARGE       X              Y              Z

   1  C1      0.00   -6.193010455    2.801518980    2.403542658
   2  H1      0.00   -4.656285171    1.699997622    3.119937832
   3  H2      0.00   -5.973046335    4.726205038    2.982932688
   4  H3      0.00   -7.940251230    2.077186956    3.118237078
   5  H4      0.00   -6.176569838    2.685300823    0.384937212
   6  O1      8.00   -8.342762895    8.383580979    6.757282676
   7  H5      1.00   -7.349144898    9.034591629    5.278760956
   8  H6      1.00   -8.743006888    9.863803452    7.746365330
   9  O2      8.00   -0.603200579    4.424037830    7.113685023
  10  H7      1.00    0.770063396    4.853761551    8.236371314
  11  H8      1.00   -0.289128097    2.656576986    6.606293559

 Bond lengths in Bohr (Angstrom)

 1-2  2.021904040  1-3  2.022002335  1-4  2.021953343  1-5  2.022015060  6-7  1.896606987
     ( 1.069945541)     ( 1.069997556)     ( 1.069971630)     ( 1.070004290)     ( 1.003641196)

  6- 8  1.824702255   9-10  1.825086553   9-11  1.865477274
       ( 0.965590850)       ( 0.965794212)       ( 0.987168061)

 Bond angles

  2-1-3  109.53398059   2-1-4  109.65604535   2-1-5  108.43490854   3-1-4  109.49436728

  3- 1- 5  109.86987750   4- 1- 5  109.83468330   7- 6- 8  105.01239280  10- 9-11  105.29057030

 NUCLEAR CHARGE:                   20
 NUMBER OF PRIMITIVE AOS:         417
 NUMBER OF SYMMETRY AOS:          374
 NUMBER OF CONTRACTIONS:          322   ( 322A   )
 NUMBER OF CORE ORBITALS:           2   (   2A   )
 NUMBER OF VALENCE ORBITALS:       12   (  12A   )

 MOLECULE CHANGED: INITIALIZING OCCUPATION AND DUMP RECORDS


 NUCLEAR REPULSION ENERGY   29.08949588


 Eigenvalues of metric

         1 0.453E-04 0.661E-04 0.828E-04 0.993E-04 0.300E-03 0.323E-03 0.343E-03 0.346E-03


 Contracted 2-electron integrals neglected if value below      1.0D-19

 OPERATOR DM      FOR CENTER  0  COORDINATES:    0.000000    0.000000    0.000000


 **********************************************************************************************************************************
 DATASETS  * FILE   NREC   LENGTH (MB)   RECORD NAMES
              1      19     8760.41       500      610      700      900      950      970     1000      129      960     1100   
                                          VAR    BASINP    GEOM    SYMINP    ZMAT    AOBASIS   BASIS     P2S    ABASIS      S 
                                         1400     1410     1200     1210     1080     1600     1650     1300     1700   
                                           T        V       H0       H01     AOSYM     SMH    MOLCAS    ERIS     OPER   

              2      10       40.14       200      700     1000      520     2100     2101     2102     2103     2104     2105   
                                        OPTIONS   GEOM     BASIS   MCVARS     RHF      RHF      RHF      RHF      RHF      RHF  

 PROGRAMS   *        TOTAL       INT       MP2        HF       INT       MP2        HF       INT       MP2        HF       INT
 CPU TIMES  *      1107.30      0.11     18.14    163.74      0.11     18.15    163.63      0.12     13.37    151.90      0.12
 REAL TIME  *      2384.31 SEC
 DISK USED  *        24.39 GB      
 **********************************************************************************************************************************


 PROGRAM * RHF-SCF (CLOSED SHELL)       Authors: W. Meyer, H.-J. Werner


 NUMBER OF ELECTRONS:      10+   10-    SPACE SYMMETRY=1    SPIN SYMMETRY: Singlet 
 CONVERGENCE THRESHOLDS:    1.00E-08 (Density)    1.00E-09 (Energy)
 MAX. NUMBER OF ITERATIONS:       60
 INTERPOLATION TYPE:            DIIS
 INTERPOLATION STEPS:              2 (START)      1 (STEP)
 LEVEL SHIFTS:                  0.00 (CLOSED)  0.00 (OPEN) 



 Orbital guess generated from atomic densities. Full valence occupancy:   14

 Molecular orbital dump at record        2106.2

 Initial occupancy:  10

 ITERATION    DDIFF          GRAD             ENERGY        2-EL.EN.            DIPOLE MOMENTS         DIIS   ORB.
    1      0.000D+00      0.000D+00      -152.03769645    177.338616    1.17319    0.39838    0.04979    0    start
    2      0.000D+00      0.545D-02      -152.09129567    169.887981    0.68760    0.21807    0.04561    1    diag
    3      0.450D-02      0.349D-02      -152.11440990    173.160445    0.80697    0.26635    0.05035    2    diag
    4      0.163D-02      0.321D-03      -152.11479871    172.979632    0.80161    0.26564    0.05352    3    diag
    5      0.208D-03      0.904D-04      -152.11484051    173.007682    0.79950    0.26580    0.05453    4    diag
    6      0.656D-04      0.182D-04      -152.11484317    173.005867    0.79916    0.26553    0.05502    5    diag
    7      0.170D-04      0.517D-05      -152.11484331    173.005900    0.79898    0.26576    0.05500    6    diag
    8      0.406D-05      0.230D-05      -152.11484334    173.005995    0.79893    0.26567    0.05506    7    diag
    9      0.194D-05      0.364D-06      -152.11484334    173.005958    0.79891    0.26567    0.05506    8    diag
   10      0.374D-06      0.499D-07      -152.11484334    173.005951    0.79891    0.26567    0.05506    9    orth
   11      0.513D-07      0.142D-07      -152.11484334    173.005953    0.79891    0.26567    0.05506    9    diag
   12      0.150D-07      0.338D-08      -152.11484334    173.005953    0.79891    0.26567    0.05506    9    diag
   13      0.407D-08      0.684D-09      -152.11484334    173.005953    0.79891    0.26567    0.05506    0    orth

 Final occupancy:  10

 !RHF STATE 1.1 Energy               -152.114843339765
 Nuclear energy                        29.08949588
 One-electron energy                 -267.70731596
 Two-electron energy                   86.50297674
 Virial quotient                       -1.00246669
 !RHF STATE 1.1 Dipole moment           0.79890754     0.26566962     0.05505992
 Dipole moment /Debye                   2.03048743     0.67522058     0.13993919

 Orbital energies:

         1.1          2.1          3.1          4.1          5.1          6.1          7.1          8.1          9.1         10.1
    -20.567206   -20.562214    -1.340456    -1.330460    -0.705930    -0.694691    -0.576576    -0.569141    -0.505523    -0.498484

        11.1         12.1
      0.024745     0.036869

 HOMO     10.1    -0.498484 =     -13.5644eV
 LUMO     11.1     0.024745 =       0.6733eV
 LUMO-HOMO         0.523229 =      14.2378eV


 **********************************************************************************************************************************
 DATASETS  * FILE   NREC   LENGTH (MB)   RECORD NAMES
              1      19     8760.41       500      610      700      900      950      970     1000      129      960     1100   
                                          VAR    BASINP    GEOM    SYMINP    ZMAT    AOBASIS   BASIS     P2S    ABASIS      S 
                                         1400     1410     1200     1210     1080     1600     1650     1300     1700   
                                           T        V       H0       H01     AOSYM     SMH    MOLCAS    ERIS     OPER   

              2      11       46.80       200      700     1000      520     2100     2101     2102     2103     2104     2105   
                                        OPTIONS   GEOM     BASIS   MCVARS     RHF      RHF      RHF      RHF      RHF      RHF  
                                         2106   
                                          RHF  

 PROGRAMS   *        TOTAL        HF       INT       MP2        HF       INT       MP2        HF       INT       MP2        HF
 CPU TIMES  *      1270.93    163.63      0.11     18.14    163.74      0.11     18.15    163.63      0.12     13.37    151.90
 REAL TIME  *      2670.28 SEC
 DISK USED  *        24.39 GB      
 **********************************************************************************************************************************
 SETTING ESCF_BC        =      -152.11484334  AU                              


 PROGRAM * MP2 (Closed-shell)     Authors: C. Hampel, H.-J. Werner, 1991, M. Deegan, P.J. Knowles, 1992


 Convergence thresholds:  THRVAR = 1.00D-08  THRDEN = 1.00D-08

 Number of core orbitals:           2 (   2 )
 Number of closed-shell orbitals:   8 (   8 )
 Number of external orbitals:     312 ( 312 )

 Molecular orbitals read from record     2106.2  Type=RHF/CANONICAL (state 1.1)

 Number of N-1 electron functions:               8
 Number of N-2 electron functions:              36
 Number of singly external CSFs:              2496
 Number of doubly external CSFs:           3116256
 Total number of CSFs:                     3118753

 Length of J-op  integral file:               0.00 MB
 Length of K-op  integral file:               7.17 MB

 Integral transformation finished. Total CPU:  17.69 sec, npass=  1  Memory used:   8.54 MW

 Memory needed for MP2:                      0.51 MW

 SCS-MP2 correlation energy:           -0.535105311400   (PS=  1.200000  PT=  0.333333)
 SCS-MP2 total energy:               -152.649948651165


  Reference energy                   -152.114843339765
  MP2 singlet pair energy              -0.343900480804
  MP2 triplet pair energy              -0.196754037485
  MP2 correlation energy               -0.540654518289

 !MP2 total energy                   -152.655497858054


 **********************************************************************************************************************************
 DATASETS  * FILE   NREC   LENGTH (MB)   RECORD NAMES
              1      20     8807.01       500      610      700      900      950      970     1000      129      960     1100   
                                          VAR    BASINP    GEOM    SYMINP    ZMAT    AOBASIS   BASIS     P2S    ABASIS      S 
                                         1400     1410     1200     1210     1080     1600     1650     1300     1700     1380   
                                           T        V       H0       H01     AOSYM     SMH    MOLCAS    ERIS     OPER     JKOP   

              2      11       46.80       200      700     1000      520     2100     2101     2102     2103     2104     2105   
                                        OPTIONS   GEOM     BASIS   MCVARS     RHF      RHF      RHF      RHF      RHF      RHF  
                                         2106   
                                          RHF  

 PROGRAMS   *        TOTAL       MP2        HF       INT       MP2        HF       INT       MP2        HF       INT       MP2
 CPU TIMES  *      1289.04     18.11    163.63      0.11     18.14    163.74      0.11     18.15    163.63      0.12     13.37
 REAL TIME  *      2698.01 SEC
 DISK USED  *        24.39 GB      
 **********************************************************************************************************************************
 SETTING EMP2_BC        =      -152.65549786  AU                              
 SETTING EMP2_CORR_BC   =        -0.54065452  AU                              
 SETTING E_INT_ABC      =    -6.12473619D-05  AU                              
 SETTING E_INT_AB       =        -0.00017863  AU                              
 SETTING E_INT_AC       =        -0.00024277  AU                              
 SETTING E_INT_BC       =         0.00034967  AU                              
 SETTING E_ADD          =    -7.17391321D-05  AU                              
 SETTING E_NONADD_MP2   =     1.04917703D-05  AU                              
 SETTING E_INT_ABC_CORR =        -0.00129838  AU                              
 SETTING E_INT_AB_CORR  =        -0.00065319  AU                              
 SETTING E_INT_AC_CORR  =        -0.00051820  AU                              
 SETTING E_INT_BC_CORR  =        -0.00013966  AU                              
 SETTING E_INT_ABC_CORR_ADD              =      -0.00131104  AU                              
 SETTING E_INT_ABC_CORR_NONADD           =   1.26676072D-05  AU                              
 SETTING E_INT_ABC_HF   =         0.00123713  AU                              
 SETTING E_INT_AB_HF    =         0.00047456  AU                              
 SETTING E_INT_AC_HF    =         0.00027543  AU                              
 SETTING E_INT_BC_HF    =         0.00048932  AU                              
 SETTING E_INT_ABC_HF_ADD                =       0.00123931  AU                              
 SETTING E_INT_ABC_HF_NONADD             =  -2.17583690D-06  AU                              

 *** results in millihartree
 E_INT_ABC        =        -0.00006125 AU
 E_INT_AB         =        -0.00017863 AU
 E_INT_AC         =        -0.00024277 AU
 E_INT_BC         =         0.00034967 AU
 E_ADD            =        -0.00007174 AU
 E_NONADD_MP2     =         0.00001049 AU
 E_INT_ABC_CORR   =        -0.00129838 AU
 E_INT_AB_CORR    =        -0.00065319 AU
 E_INT_AC_CORR    =        -0.00051820 AU
 E_INT_BC_CORR    =        -0.00013966 AU
 E_INT_ABC_CORR_ADD       =        -0.00131104 AU
 E_INT_ABC_CORR_NONADD    =         0.00001267 AU
 E_INT_ABC_HF     =         0.00123713 AU
 E_INT_AB_HF      =         0.00047456 AU
 E_INT_AC_HF      =         0.00027543 AU
 E_INT_BC_HF      =         0.00048932 AU
 E_INT_ABC_HF_ADD =         0.00123931 AU
 E_INT_ABC_HF_NONADD      =        -0.00000218 AU

 MP2/aug-cc-pVTZ energy=   -152.655497858054

        MP2             HF-SCF          MP2             HF-SCF          MP2             HF-SCF          MP2             HF-SCF  
   -152.65549786   -152.11484334   -116.74246638   -116.27148154   -116.74147834   -116.26965822    -76.32838571    -76.05847843
 **********************************************************************************************************************************
 Molpro calculation terminated
 Variable memory released
