
 Primary working directories    : /net/scratch/people/plgsirous
 Secondary working directories  : /net/scratch/people/plgsirous
 Wavefunction directory         : /net/people/plgsirous/wfu/
 Main file repository           : /net/scratch/people/plgsirous/

 SHA1      : 
 NAME      : 
 ARCHNAME  : linux/x86_64
 FC        : /net/software/local/intel/impi/2018.1.163/bin64/mpiifort
 BLASLIB   : -L/net/software/local/intel/compilers_and_libraries_2018.1.163/linux/mkl/lib/intel64 -lmkl_scalapack_ilp64 -lmkl_intel_ilp64 -lmkl_intel_thread -lmkl_core -lmkl_blacs_intelmpi_ilp64 -liomp5 -lpthread -lm -ldl
 id        : pl

 Nodes     nprocs
 p2266        1

 Using customized tuning parameters: mindgm=7; mindgv=20; mindgc=1; mindgr=1; noblas=0; minvec=7
 default implementation of scratch files=df  

 ***,MP2SD(T)
 memory,14000,m
 gthresh,orbital=1d-8,energy=1d-8,twoint=1.d-19
 angstrom
 geometry={
 C1        -3.2772    1.4825     1.2719
 H1        -2.4640    0.8996     1.6510
 H2        -3.1608    2.5010     1.5785
 H3        -4.2018    1.0992     1.6501
 H4        -3.2685    1.4210     0.2037
 O1        -6.5618    3.0044     2.4378
 H5        -6.4278    2.0811     2.7596
 H6        -5.8760    3.5424     2.8824
 O2        -2.3087    -1.5137     3.3850
 H7        -2.7801    -1.8104     2.5808
 H8        -2.9573    -0.9957     3.9063
   }
 
 nkerna=1
 nkernb=1
 nkernc=1
 nkernab=$nkerna+$nkernb
 nkernac=$nkerna+$nkernc
 nkernbc=$nkernb+$nkernc
 nkernabc=$nkerna+$nkernb+$nkernc
 
 proc set_monomera
 core,$nkerna
 dummy,6,7,8,9,10,11;
 endproc
 
 proc set_monomerb
 core,$nkernb
 dummy,1,2,3,4,5,9,10,11;
 endproc
 
 proc set_monomerc
 core,$nkernc
 dummy,1,2,3,4,5,6,7,8;
 endproc
 
 proc set_dimerab
 core,$nkerna+$nkernb
 dummy,9,10,11;
 endproc
 
 proc set_dimerac
 core,$nkerna+$nkernc
 dummy,6,7,8;
 endproc
 
 proc set_dimerbc
 core,$nkernb+$nkernc
 dummy,1,2,3,4,5;
 endproc
 
 proc set_trimerabc
 core,$nkerna+$nkernb+$nkernc
 endproc
 
 basis=avtz
 
 set_trimerabc
 hf
 Escf_ABC=energy
 mp2
 Emp2_ABC=energy
 Emp2_corr_ABC=(Emp2_ABC)-(Escf_ABC)
 
 set_monomera
 {hf
 start,atden}
 Escf_A=energy
 mp2
 Emp2_A=energy
 Emp2_corr_A=(Emp2_A)-(Escf_A)
 
 set_monomerb
 {hf
 start,atden}
 Escf_B=energy
 mp2
 Emp2_B=energy
 Emp2_corr_B=(Emp2_B)-(Escf_B)
 
 set_monomerc
 {hf
 start,atden}
 Escf_C=energy
 mp2
 Emp2_C=energy
 Emp2_corr_C=(Emp2_C)-(Escf_C)
 
 set_dimerab
 {hf
 start,atden}
 Escf_AB=energy
 mp2
 Emp2_AB=energy
 Emp2_corr_AB=(Emp2_AB)-(Escf_AB)
 
 set_dimerac
 {hf
 start,atden}
 Escf_AC=energy
 mp2
 Emp2_AC=energy
 Emp2_corr_AC=(Emp2_AC)-(Escf_AC)
 
 set_dimerbc
 {hf
 start,atden}
 Escf_BC=energy
 mp2
 Emp2_BC=energy
 Emp2_corr_BC=(Emp2_BC)-(Escf_BC)
 
 E_int_ABC=Emp2_ABC-(Emp2_A+Emp2_B+Emp2_C)
 E_int_AB=Emp2_AB-(Emp2_A+Emp2_B)
 E_int_AC=Emp2_AC-(Emp2_A+Emp2_C)
 E_int_BC=Emp2_BC-(Emp2_B+Emp2_C)
 E_add=E_int_AB+E_int_AC+E_int_BC
 E_nonadd_MP2=E_int_ABC-(E_int_AB+E_int_AC+E_int_BC)
                                                                                 !!!!!Correlation part of interaction energy!!!!!!
 E_int_ABC_corr=Emp2_corr_ABC-(Emp2_corr_A+Emp2_corr_B+Emp2_corr_C)
 E_int_AB_corr=Emp2_corr_AB-(Emp2_corr_A+Emp2_corr_B)
 E_int_AC_corr=Emp2_corr_AC-(Emp2_corr_A+Emp2_corr_C)
 E_int_BC_corr=Emp2_corr_BC-(Emp2_corr_B+Emp2_corr_C)
 E_int_ABC_corr_add=E_int_AB_corr+E_int_AC_corr+E_int_BC_corr
 E_int_ABC_corr_nonadd=E_int_ABC_corr-E_int_ABC_corr_add
                                                                                 !!!!HF part of interaction energy!!!!
 E_int_ABC_HF=E_int_ABC-E_int_ABC_corr
 E_int_AB_HF=E_int_AB-E_int_AB_corr
 E_int_AC_HF=E_int_AC-E_int_AC_corr
 E_int_BC_HF=E_int_BC-E_int_BC_corr
 E_int_ABC_HF_add=E_int_AB_HF+E_int_AC_HF+E_int_BC_HF
 E_int_ABC_HF_nonadd=E_int_ABC_HF-E_int_ABC_HF_add
 
 text,results in millihartree
                                                                                 !!!!Interacion Energies!!!!!!
 show,E_int_ABC,E_int_AB,E_int_AC,E_int_BC,E_add,E_nonadd_MP2
                                                                                 !!!!Correlation Part!!!!!!!!
 show,E_int_ABC_corr,E_int_AB_corr,E_int_AC_corr,E_int_BC_corr,E_int_ABC_corr_add,E_int_ABC_corr_nonadd
                                                                                 !!!!SCF Part!!!!!
 show,E_int_ABC_HF,E_int_AB_HF,E_int_AC_HF,E_int_BC_HF,E_int_ABC_HF_add,E_int_ABC_HF_nonadd

 Variables initialized (889), CPU time= 0.00 sec
 Commands  initialized (702), CPU time= 0.00 sec, 572 directives.
 Default parameters read. Elapsed time= 0.32 sec

 Checking input...
 Passed
1


                                         ***  PROGRAM SYSTEM MOLPRO  ***
                                       Copyright, TTI GmbH Stuttgart, 2015
                                    Version 2015.1 linked Jul  2 2018 15:03:07


 **********************************************************************************************************************************
 LABEL *   MP2SD(T)                                                                      
  64 bit serial version                                                                  DATE: 25-Nov-18          TIME: 21:23:45  
 **********************************************************************************************************************************

 SHA1:             
 **********************************************************************************************************************************

 THRESHOLDS:

 ZERO    =  1.00D-12  ONEINT  =  1.00D-12  TWOINT  =  1.00D-19  PREFAC  =  1.00D-14  LOCALI  =  1.00D-09  EORDER  =  1.00D-04
 ENERGY  =  1.00D-08  ETEST   =  0.00D+00  EDENS   =  0.00D+00  THRDEDEF=  1.00D-06  GRADIENT=  1.00D-02  STEP    =  1.00D-03
 ORBITAL =  1.00D-08  CIVEC   =  1.00D-05  COEFF   =  1.00D-04  PRINTCI =  5.00D-02  PUNCHCI =  9.90D+01  OPTGRAD =  3.00D-04
 OPTENERG=  1.00D-06  OPTSTEP =  3.00D-04  THRGRAD =  1.00D-10  COMPRESS=  1.00D-11  VARMIN  =  1.00D-07  VARMAX  =  1.00D-03
 THRDOUB =  0.00D+00  THRDIV  =  1.00D-05  THRRED  =  1.00D-07  THRPSP  =  1.00D+00  THRDC   =  1.00D-10  THRCS   =  1.00D-10
 THRNRM  =  1.00D-08  THREQ   =  0.00D+00  THRDE   =  1.00D+00  THRREF  =  1.00D-05  SPARFAC =  1.00D+00  THRDLP  =  1.00D-07
 THRDIA  =  1.00D-10  THRDLS  =  1.00D-07  THRGPS  =  0.00D+00  THRKEX  =  0.00D+00  THRDIS  =  2.00D-01  THRVAR  =  1.00D-10
 THRLOC  =  1.00D-06  THRGAP  =  1.00D-06  THRLOCT = -1.00D+00  THRGAPT = -1.00D+00  THRORB  =  1.00D-06  THRMLTP =  0.00D+00
 THRCPQCI=  1.00D-10  KEXTA   =  0.00D+00  THRCOARS=  0.00D+00  SYMTOL  =  1.00D-06  GRADTOL =  1.00D-06  THROVL  =  1.00D-08
 THRORTH =  1.00D-08  GRID    =  1.00D-06  GRIDMAX =  1.00D-03  DTMAX   =  0.00D+00  THROCCDE=  1.00D-01  THROCCDE=  1.00D-01


 ZUNIT=ANG
 

Geometry recognized as XYZ

 SETTING NKERNA         =         1.00000000                                  
 SETTING NKERNB         =         1.00000000                                  
 SETTING NKERNC         =         1.00000000                                  
 SETTING NKERNAB        =         2.00000000                                  
 SETTING NKERNAC        =         2.00000000                                  
 SETTING NKERNBC        =         2.00000000                                  
 SETTING NKERNABC       =         3.00000000                                  

 Variable memory set to ********** words,  buffer space   230000 words

 SETTING BASIS          =    AVTZ

 Running procedure=SET_TRIMERABC


 Recomputing integrals since basis changed


 Using spherical harmonics

 Library entry C      S aug-cc-pVTZ          selected for orbital group  1
 Library entry C      P aug-cc-pVTZ          selected for orbital group  1
 Library entry C      D aug-cc-pVTZ          selected for orbital group  1
 Library entry C      F aug-cc-pVTZ          selected for orbital group  1
 Library entry H      S aug-cc-pVTZ          selected for orbital group  2
 Library entry H      P aug-cc-pVTZ          selected for orbital group  2
 Library entry H      D aug-cc-pVTZ          selected for orbital group  2
 Library entry O      S aug-cc-pVTZ          selected for orbital group  3
 Library entry O      P aug-cc-pVTZ          selected for orbital group  3
 Library entry O      D aug-cc-pVTZ          selected for orbital group  3
 Library entry O      F aug-cc-pVTZ          selected for orbital group  3


 PROGRAM * SEWARD (Integral evaluation for generally contracted gaussian basis sets)     Author: Roland Lindh, 1990

 Geometry written to block  1 of record 700


 Point group  C1  



 ATOMIC COORDINATES

 NR  ATOM    CHARGE       X              Y              Z

   1  C1      6.00   -6.193010455    2.801518980    2.403542658
   2  H1      1.00   -4.656285171    1.699997622    3.119937832
   3  H2      1.00   -5.973046335    4.726205038    2.982932688
   4  H3      1.00   -7.940251230    2.077186956    3.118237078
   5  H4      1.00   -6.176569838    2.685300823    0.384937212
   6  O1      8.00  -12.400004884    5.677493169    4.606774346
   7  H5      1.00  -12.146781583    3.932709038    5.214888213
   8  H6      1.00  -11.104030708    6.694165824    5.446946581
   9  O2      8.00   -4.362810704   -2.860478435    6.396722932
  10  H7      1.00   -5.253627599   -3.421160176    4.877005182
  11  H8      1.00   -5.588487068   -1.881600302    7.381837160

 Bond lengths in Bohr (Angstrom)

 1-2  2.021904040  1-3  2.022002335  1-4  2.021953343  1-5  2.022015060  6-7  1.864992273
     ( 1.069945541)     ( 1.069997556)     ( 1.069971630)     ( 1.070004290)     ( 0.986911409)

  6- 8  1.849070506   9-10  1.848637551   9-11  1.852278325
       ( 0.978485973)       ( 0.978256863)       ( 0.980183478)

 Bond angles

  2-1-3  109.53398059   2-1-4  109.65604535   2-1-5  108.43490854   3-1-4  109.49436728

  3- 1- 5  109.86987750   4- 1- 5  109.83468330   7- 6- 8  105.72790617  10- 9-11  106.17843926

 NUCLEAR CHARGE:                   30
 NUMBER OF PRIMITIVE AOS:         417
 NUMBER OF SYMMETRY AOS:          374
 NUMBER OF CONTRACTIONS:          322   ( 322A   )
 NUMBER OF CORE ORBITALS:           3   (   3A   )
 NUMBER OF VALENCE ORBITALS:       20   (  20A   )


 NUCLEAR REPULSION ENERGY   68.47422807


 Eigenvalues of metric

         1 0.578E-04 0.683E-04 0.799E-04 0.906E-04 0.321E-03 0.338E-03 0.372E-03 0.387E-03


 Contracted 2-electron integrals neglected if value below      1.0D-19
 AO integral compression algorithm  1   Integral accuracy      1.0D-19

     9612.034 MB (compressed) written to integral file ( 80.6%)


 NUMBER OF SORTED TWO-ELECTRON INTEGRALS: 1352182006.     BUFFER LENGTH:  32768
 NUMBER OF SEGMENTS:  43  SEGMENT LENGTH:   31998710      RECORD LENGTH: 524288

 Memory used in sort:      32.56 MW

 SORT1 READ  1490248914. AND WROTE  1215585057. INTEGRALS IN   3500 RECORDS. CPU TIME:    14.61 SEC, REAL TIME:   135.65 SEC
 SORT2 READ  1215585057. AND WROTE  1352182006. INTEGRALS IN  36667 RECORDS. CPU TIME:    15.96 SEC, REAL TIME:    87.89 SEC

 FILE SIZES:   FILE 1:  9635.9 MBYTE,  FILE 4: 14680.1 MBYTE,   TOTAL:  24316.0 MBYTE

 OPERATOR DM      FOR CENTER  0  COORDINATES:    0.000000    0.000000    0.000000


 **********************************************************************************************************************************
 DATASETS  * FILE   NREC   LENGTH (MB)   RECORD NAMES
              1      19     8814.60       500      610      700      900      950      970     1000      129      960     1100   
                                          VAR    BASINP    GEOM    SYMINP    ZMAT    AOBASIS   BASIS     P2S    ABASIS      S 
                                         1400     1410     1200     1210     1080     1600     1650     1300     1700   
                                           T        V       H0       H01     AOSYM     SMH    MOLCAS    ERIS     OPER   

 PROGRAMS   *        TOTAL       INT
 CPU TIMES  *        68.99     68.85
 REAL TIME  *       331.96 SEC
 DISK USED  *        24.32 GB      
 **********************************************************************************************************************************


 PROGRAM * RHF-SCF (CLOSED SHELL)       Authors: W. Meyer, H.-J. Werner


 NUMBER OF ELECTRONS:      15+   15-    SPACE SYMMETRY=1    SPIN SYMMETRY: Singlet 
 CONVERGENCE THRESHOLDS:    1.00E-08 (Density)    1.00E-09 (Energy)
 MAX. NUMBER OF ITERATIONS:       60
 INTERPOLATION TYPE:            DIIS
 INTERPOLATION STEPS:              2 (START)      1 (STEP)
 LEVEL SHIFTS:                  0.00 (CLOSED)  0.00 (OPEN) 



 Orbital guess generated from atomic densities. Full valence occupancy:   23

 Molecular orbital dump at record        2100.2

 Initial occupancy:  15

 ITERATION    DDIFF          GRAD             ENERGY        2-EL.EN.            DIPOLE MOMENTS         DIIS   ORB.
    1      0.000D+00      0.000D+00      -192.23168645    281.329042   -0.28649   -0.16647    0.46935    0    start
    2      0.000D+00      0.480D-02      -192.30216855    273.142113   -0.11881   -0.06800    0.21445    1    diag
    3      0.506D-02      0.292D-02      -192.32693875    276.690590   -0.15855   -0.09431    0.28177    2    diag
    4      0.174D-02      0.368D-03      -192.32780492    276.490428   -0.15683   -0.09421    0.28012    3    diag
    5      0.327D-03      0.106D-03      -192.32789617    276.497800   -0.15533   -0.09388    0.27915    4    diag
    6      0.116D-03      0.267D-04      -192.32790175    276.504945   -0.15507   -0.09382    0.27878    5    diag
    7      0.327D-04      0.620D-05      -192.32790217    276.502316   -0.15496   -0.09384    0.27879    6    diag
    8      0.994D-05      0.160D-05      -192.32790220    276.502584   -0.15496   -0.09381    0.27872    7    diag
    9      0.238D-05      0.527D-06      -192.32790221    276.502585   -0.15493   -0.09381    0.27873    8    diag
   10      0.576D-06      0.198D-06      -192.32790221    276.502561   -0.15493   -0.09381    0.27872    9    orth
   11      0.279D-06      0.239D-07      -192.32790221    276.502563   -0.15493   -0.09381    0.27872    9    diag
   12      0.321D-07      0.732D-08      -192.32790221    276.502564   -0.15493   -0.09381    0.27872    9    diag
   13      0.138D-07      0.169D-08      -192.32790221    276.502563   -0.15493   -0.09381    0.27872    9    diag
   14      0.233D-08      0.608D-09      -192.32790221    276.502564   -0.15493   -0.09381    0.27872    0    orth

 Final occupancy:  15

 !RHF STATE 1.1 Energy               -192.327902205458
 Nuclear energy                        68.47422807
 One-electron energy                 -399.05341222
 Two-electron energy                  138.25128195
 Virial quotient                       -1.00167379
 !RHF STATE 1.1 Dipole moment          -0.15493403    -0.09380657     0.27871757
 Dipole moment /Debye                  -0.39377722    -0.23841691     0.70838299

 Orbital energies:

         1.1          2.1          3.1          4.1          5.1          6.1          7.1          8.1          9.1         10.1
    -20.574134   -20.573969   -11.203326    -1.345464    -1.343355    -0.957380    -0.713015    -0.709766    -0.581987    -0.581609

        11.1         12.1         13.1         14.1         15.1         16.1         17.1
     -0.558944    -0.557224    -0.553952    -0.511238    -0.510062     0.019911     0.035556

 HOMO     15.1    -0.510062 =     -13.8795eV
 LUMO     16.1     0.019911 =       0.5418eV
 LUMO-HOMO         0.529972 =      14.4213eV


 **********************************************************************************************************************************
 DATASETS  * FILE   NREC   LENGTH (MB)   RECORD NAMES
              1      19     8814.60       500      610      700      900      950      970     1000      129      960     1100   
                                          VAR    BASINP    GEOM    SYMINP    ZMAT    AOBASIS   BASIS     P2S    ABASIS      S 
                                         1400     1410     1200     1210     1080     1600     1650     1300     1700   
                                           T        V       H0       H01     AOSYM     SMH    MOLCAS    ERIS     OPER   

              2       5        6.86       200      700     1000      520     2100   
                                        OPTIONS   GEOM     BASIS   MCVARS     RHF  

 PROGRAMS   *        TOTAL        HF       INT
 CPU TIMES  *       241.31    172.32     68.85
 REAL TIME  *       646.37 SEC
 DISK USED  *        24.32 GB      
 **********************************************************************************************************************************
 SETTING ESCF_ABC       =      -192.32790221  AU                              


 PROGRAM * MP2 (Closed-shell)     Authors: C. Hampel, H.-J. Werner, 1991, M. Deegan, P.J. Knowles, 1992


 Convergence thresholds:  THRVAR = 1.00D-08  THRDEN = 1.00D-08

 Number of core orbitals:           3 (   3 )
 Number of closed-shell orbitals:  12 (  12 )
 Number of external orbitals:     307 ( 307 )

 Molecular orbitals read from record     2100.2  Type=RHF/CANONICAL (state 1.1)

 Number of N-1 electron functions:              12
 Number of N-2 electron functions:              78
 Number of singly external CSFs:              3684
 Number of doubly external CSFs:           6787770
 Total number of CSFs:                     6791455

 Length of J-op  integral file:               0.00 MB
 Length of K-op  integral file:               7.17 MB

 Integral transformation finished. Total CPU:  22.50 sec, npass=  1  Memory used:  15.72 MW

 Memory needed for MP2:                      0.51 MW

 SCS-MP2 correlation energy:           -0.745180945275   (PS=  1.200000  PT=  0.333333)
 SCS-MP2 total energy:               -193.073083150733


  Reference energy                   -192.327902205458
  MP2 singlet pair energy              -0.489814319334
  MP2 triplet pair energy              -0.252970331905
  MP2 correlation energy               -0.742784651239

 !MP2 total energy                   -193.070686856697


 **********************************************************************************************************************************
 DATASETS  * FILE   NREC   LENGTH (MB)   RECORD NAMES
              1      20     8913.62       500      610      700      900      950      970     1000      129      960     1100   
                                          VAR    BASINP    GEOM    SYMINP    ZMAT    AOBASIS   BASIS     P2S    ABASIS      S 
                                         1400     1410     1200     1210     1080     1600     1650     1300     1700     1380   
                                           T        V       H0       H01     AOSYM     SMH    MOLCAS    ERIS     OPER     JKOP   

              2       5        6.86       200      700     1000      520     2100   
                                        OPTIONS   GEOM     BASIS   MCVARS     RHF  

 PROGRAMS   *        TOTAL       MP2        HF       INT
 CPU TIMES  *       264.61     23.30    172.32     68.85
 REAL TIME  *       677.89 SEC
 DISK USED  *        24.32 GB      
 **********************************************************************************************************************************
 SETTING EMP2_ABC       =      -193.07068686  AU                              
 SETTING EMP2_CORR_ABC  =        -0.74278465  AU                              

 Running procedure=SET_MONOMERA

 Dummy atoms: O1  H5  H6  O2  H7  H8


 Recomputing one-electron integrals since nuclear charges changed


 PROGRAM * SEWARD (Integral evaluation for generally contracted gaussian basis sets)     Author: Roland Lindh, 1990

 Geometry written to block  1 of record 700


 Point group  C1  



 ATOMIC COORDINATES

 NR  ATOM    CHARGE       X              Y              Z

   1  C1      6.00   -6.193010455    2.801518980    2.403542658
   2  H1      1.00   -4.656285171    1.699997622    3.119937832
   3  H2      1.00   -5.973046335    4.726205038    2.982932688
   4  H3      1.00   -7.940251230    2.077186956    3.118237078
   5  H4      1.00   -6.176569838    2.685300823    0.384937212
   6  O1      0.00  -12.400004884    5.677493169    4.606774346
   7  H5      0.00  -12.146781583    3.932709038    5.214888213
   8  H6      0.00  -11.104030708    6.694165824    5.446946581
   9  O2      0.00   -4.362810704   -2.860478435    6.396722932
  10  H7      0.00   -5.253627599   -3.421160176    4.877005182
  11  H8      0.00   -5.588487068   -1.881600302    7.381837160

 Bond lengths in Bohr (Angstrom)

 1-2  2.021904040  1-3  2.022002335  1-4  2.021953343  1-5  2.022015060  6-7  1.864992273
     ( 1.069945541)     ( 1.069997556)     ( 1.069971630)     ( 1.070004290)     ( 0.986911409)

  6- 8  1.849070506   9-10  1.848637551   9-11  1.852278325
       ( 0.978485973)       ( 0.978256863)       ( 0.980183478)

 Bond angles

  2-1-3  109.53398059   2-1-4  109.65604535   2-1-5  108.43490854   3-1-4  109.49436728

  3- 1- 5  109.86987750   4- 1- 5  109.83468330   7- 6- 8  105.72790617  10- 9-11  106.17843926

 NUCLEAR CHARGE:                   10
 NUMBER OF PRIMITIVE AOS:         417
 NUMBER OF SYMMETRY AOS:          374
 NUMBER OF CONTRACTIONS:          322   ( 322A   )
 NUMBER OF CORE ORBITALS:           1   (   1A   )
 NUMBER OF VALENCE ORBITALS:        8   (   8A   )

 MOLECULE CHANGED: INITIALIZING OCCUPATION AND DUMP RECORDS


 NUCLEAR REPULSION ENERGY   13.68681606


 Eigenvalues of metric

         1 0.578E-04 0.683E-04 0.799E-04 0.906E-04 0.321E-03 0.338E-03 0.372E-03 0.387E-03


 Contracted 2-electron integrals neglected if value below      1.0D-19

 OPERATOR DM      FOR CENTER  0  COORDINATES:    0.000000    0.000000    0.000000


 **********************************************************************************************************************************
 DATASETS  * FILE   NREC   LENGTH (MB)   RECORD NAMES
              1      19     8814.60       500      610      700      900      950      970     1000      129      960     1100   
                                          VAR    BASINP    GEOM    SYMINP    ZMAT    AOBASIS   BASIS     P2S    ABASIS      S 
                                         1400     1410     1200     1210     1080     1600     1650     1300     1700   
                                           T        V       H0       H01     AOSYM     SMH    MOLCAS    ERIS     OPER   

              2       5        6.86       200      700     1000      520     2100   
                                        OPTIONS   GEOM     BASIS   MCVARS     RHF  

 PROGRAMS   *        TOTAL       INT       MP2        HF       INT
 CPU TIMES  *       264.73      0.11     23.30    172.32     68.85
 REAL TIME  *       679.19 SEC
 DISK USED  *        24.32 GB      
 **********************************************************************************************************************************


 PROGRAM * RHF-SCF (CLOSED SHELL)       Authors: W. Meyer, H.-J. Werner


 NUMBER OF ELECTRONS:       5+    5-    SPACE SYMMETRY=1    SPIN SYMMETRY: Singlet 
 CONVERGENCE THRESHOLDS:    1.00E-08 (Density)    1.00E-09 (Energy)
 MAX. NUMBER OF ITERATIONS:       60
 INTERPOLATION TYPE:            DIIS
 INTERPOLATION STEPS:              2 (START)      1 (STEP)
 LEVEL SHIFTS:                  0.00 (CLOSED)  0.00 (OPEN) 



 Orbital guess generated from atomic densities. Full valence occupancy:    9

 Molecular orbital dump at record        2101.2

 Initial occupancy:   5

 ITERATION    DDIFF          GRAD             ENERGY        2-EL.EN.            DIPOLE MOMENTS         DIIS   ORB.
    1      0.000D+00      0.000D+00       -40.19359149     53.494050    0.00411   -0.00275   -0.00132    0    start
    2      0.000D+00      0.298D-02       -40.21071029     52.213654    0.00129   -0.00088   -0.00040    1    diag
    3      0.232D-02      0.116D-02       -40.21295904     52.664841    0.00182   -0.00124   -0.00057    2    diag
    4      0.655D-03      0.288D-03       -40.21327460     52.609816    0.00161   -0.00110   -0.00050    3    diag
    5      0.215D-03      0.374D-04       -40.21328000     52.612152    0.00159   -0.00109   -0.00049    4    diag
    6      0.607D-04      0.291D-05       -40.21328004     52.612250    0.00159   -0.00109   -0.00049    5    diag
    7      0.513D-05      0.223D-06       -40.21328004     52.612216    0.00158   -0.00108   -0.00049    6    diag
    8      0.701D-06      0.187D-07       -40.21328004     52.612217    0.00158   -0.00108   -0.00049    7    diag
    9      0.132D-06      0.241D-08       -40.21328004     52.612217    0.00158   -0.00108   -0.00049    8    diag
   10      0.730D-08      0.675D-09       -40.21328004     52.612217    0.00158   -0.00108   -0.00049    0    orth

 Final occupancy:   5

 !RHF STATE 1.1 Energy                -40.213280037475
 Nuclear energy                        13.68681606
 One-electron energy                  -80.20620437
 Two-electron energy                   26.30610828
 Virial quotient                       -0.99870152
 !RHF STATE 1.1 Dipole moment           0.00158409    -0.00108427    -0.00049155
 Dipole moment /Debye                   0.00402609    -0.00275575    -0.00124932

 Orbital energies:

         1.1          2.1          3.1          4.1          5.1          6.1          7.1
    -11.197217    -0.950741    -0.551695    -0.549760    -0.547582     0.025119     0.038463

 HOMO      5.1    -0.547582 =     -14.9005eV
 LUMO      6.1     0.025119 =       0.6835eV
 LUMO-HOMO         0.572701 =      15.5840eV


 **********************************************************************************************************************************
 DATASETS  * FILE   NREC   LENGTH (MB)   RECORD NAMES
              1      19     8814.60       500      610      700      900      950      970     1000      129      960     1100   
                                          VAR    BASINP    GEOM    SYMINP    ZMAT    AOBASIS   BASIS     P2S    ABASIS      S 
                                         1400     1410     1200     1210     1080     1600     1650     1300     1700   
                                           T        V       H0       H01     AOSYM     SMH    MOLCAS    ERIS     OPER   

              2       6       13.52       200      700     1000      520     2100     2101   
                                        OPTIONS   GEOM     BASIS   MCVARS     RHF      RHF  

 PROGRAMS   *        TOTAL        HF       INT       MP2        HF       INT
 CPU TIMES  *       390.85    126.12      0.11     23.30    172.32     68.85
 REAL TIME  *       895.29 SEC
 DISK USED  *        24.32 GB      
 **********************************************************************************************************************************
 SETTING ESCF_A         =       -40.21328004  AU                              


 PROGRAM * MP2 (Closed-shell)     Authors: C. Hampel, H.-J. Werner, 1991, M. Deegan, P.J. Knowles, 1992


 Convergence thresholds:  THRVAR = 1.00D-08  THRDEN = 1.00D-08

 Number of core orbitals:           1 (   1 )
 Number of closed-shell orbitals:   4 (   4 )
 Number of external orbitals:     317 ( 317 )

 Molecular orbitals read from record     2101.2  Type=RHF/CANONICAL (state 1.1)

 Number of N-1 electron functions:               4
 Number of N-2 electron functions:              10
 Number of singly external CSFs:              1268
 Number of doubly external CSFs:            804546
 Total number of CSFs:                      805815

 Length of J-op  integral file:               0.00 MB
 Length of K-op  integral file:               7.17 MB

 Integral transformation finished. Total CPU:  13.01 sec, npass=  1  Memory used:   3.87 MW

 Memory needed for MP2:                      0.52 MW

 SCS-MP2 correlation energy:           -0.208880442508   (PS=  1.200000  PT=  0.333333)
 SCS-MP2 total energy:                -40.422160479984


  Reference energy                    -40.213280037475
  MP2 singlet pair energy              -0.145510733137
  MP2 triplet pair energy              -0.055072868695
  MP2 correlation energy               -0.200583601833

 !MP2 total energy                    -40.413863639308


 **********************************************************************************************************************************
 DATASETS  * FILE   NREC   LENGTH (MB)   RECORD NAMES
              1      20     8828.75       500      610      700      900      950      970     1000      129      960     1100   
                                          VAR    BASINP    GEOM    SYMINP    ZMAT    AOBASIS   BASIS     P2S    ABASIS      S 
                                         1400     1410     1200     1210     1080     1600     1650     1300     1700     1380   
                                           T        V       H0       H01     AOSYM     SMH    MOLCAS    ERIS     OPER     JKOP   

              2       6       13.52       200      700     1000      520     2100     2101   
                                        OPTIONS   GEOM     BASIS   MCVARS     RHF      RHF  

 PROGRAMS   *        TOTAL       MP2        HF       INT       MP2        HF       INT
 CPU TIMES  *       404.01     13.16    126.12      0.11     23.30    172.32     68.85
 REAL TIME  *       915.96 SEC
 DISK USED  *        24.32 GB      
 **********************************************************************************************************************************
 SETTING EMP2_A         =       -40.41386364  AU                              
 SETTING EMP2_CORR_A    =        -0.20058360  AU                              

 Running procedure=SET_MONOMERB

 Dummy atoms: C1  H1  H2  H3  H4  O2  H7  H8


 Recomputing one-electron integrals since nuclear charges changed


 PROGRAM * SEWARD (Integral evaluation for generally contracted gaussian basis sets)     Author: Roland Lindh, 1990

 Geometry written to block  1 of record 700


 Point group  C1  



 ATOMIC COORDINATES

 NR  ATOM    CHARGE       X              Y              Z

   1  C1      0.00   -6.193010455    2.801518980    2.403542658
   2  H1      0.00   -4.656285171    1.699997622    3.119937832
   3  H2      0.00   -5.973046335    4.726205038    2.982932688
   4  H3      0.00   -7.940251230    2.077186956    3.118237078
   5  H4      0.00   -6.176569838    2.685300823    0.384937212
   6  O1      8.00  -12.400004884    5.677493169    4.606774346
   7  H5      1.00  -12.146781583    3.932709038    5.214888213
   8  H6      1.00  -11.104030708    6.694165824    5.446946581
   9  O2      0.00   -4.362810704   -2.860478435    6.396722932
  10  H7      0.00   -5.253627599   -3.421160176    4.877005182
  11  H8      0.00   -5.588487068   -1.881600302    7.381837160

 Bond lengths in Bohr (Angstrom)

 1-2  2.021904040  1-3  2.022002335  1-4  2.021953343  1-5  2.022015060  6-7  1.864992273
     ( 1.069945541)     ( 1.069997556)     ( 1.069971630)     ( 1.070004290)     ( 0.986911409)

  6- 8  1.849070506   9-10  1.848637551   9-11  1.852278325
       ( 0.978485973)       ( 0.978256863)       ( 0.980183478)

 Bond angles

  2-1-3  109.53398059   2-1-4  109.65604535   2-1-5  108.43490854   3-1-4  109.49436728

  3- 1- 5  109.86987750   4- 1- 5  109.83468330   7- 6- 8  105.72790617  10- 9-11  106.17843926

 NUCLEAR CHARGE:                   10
 NUMBER OF PRIMITIVE AOS:         417
 NUMBER OF SYMMETRY AOS:          374
 NUMBER OF CONTRACTIONS:          322   ( 322A   )
 NUMBER OF CORE ORBITALS:           1   (   1A   )
 NUMBER OF VALENCE ORBITALS:        6   (   6A   )

 MOLECULE CHANGED: INITIALIZING OCCUPATION AND DUMP RECORDS


 NUCLEAR REPULSION ENERGY    8.95379726


 Eigenvalues of metric

         1 0.578E-04 0.683E-04 0.799E-04 0.906E-04 0.321E-03 0.338E-03 0.372E-03 0.387E-03


 Contracted 2-electron integrals neglected if value below      1.0D-19

 OPERATOR DM      FOR CENTER  0  COORDINATES:    0.000000    0.000000    0.000000


 **********************************************************************************************************************************
 DATASETS  * FILE   NREC   LENGTH (MB)   RECORD NAMES
              1      19     8814.60       500      610      700      900      950      970     1000      129      960     1100   
                                          VAR    BASINP    GEOM    SYMINP    ZMAT    AOBASIS   BASIS     P2S    ABASIS      S 
                                         1400     1410     1200     1210     1080     1600     1650     1300     1700   
                                           T        V       H0       H01     AOSYM     SMH    MOLCAS    ERIS     OPER   

              2       6       13.52       200      700     1000      520     2100     2101   
                                        OPTIONS   GEOM     BASIS   MCVARS     RHF      RHF  

 PROGRAMS   *        TOTAL       INT       MP2        HF       INT       MP2        HF       INT
 CPU TIMES  *       404.13      0.11     13.16    126.12      0.11     23.30    172.32     68.85
 REAL TIME  *       916.20 SEC
 DISK USED  *        24.32 GB      
 **********************************************************************************************************************************


 PROGRAM * RHF-SCF (CLOSED SHELL)       Authors: W. Meyer, H.-J. Werner


 NUMBER OF ELECTRONS:       5+    5-    SPACE SYMMETRY=1    SPIN SYMMETRY: Singlet 
 CONVERGENCE THRESHOLDS:    1.00E-08 (Density)    1.00E-09 (Energy)
 MAX. NUMBER OF ITERATIONS:       60
 INTERPOLATION TYPE:            DIIS
 INTERPOLATION STEPS:              2 (START)      1 (STEP)
 LEVEL SHIFTS:                  0.00 (CLOSED)  0.00 (OPEN) 



 Orbital guess generated from atomic densities. Full valence occupancy:    7

 Molecular orbital dump at record        2102.2

 Initial occupancy:   5

 ITERATION    DDIFF          GRAD             ENERGY        2-EL.EN.            DIPOLE MOMENTS         DIIS   ORB.
    1      0.000D+00      0.000D+00       -76.01944192     77.318416    0.79410   -0.37649    0.74336    0    start
    2      0.000D+00      0.539D-02       -76.04602218     73.672715    0.46127   -0.21597    0.43149    1    diag
    3      0.318D-02      0.345D-02       -76.05750820     75.287341    0.54392   -0.25521    0.50877    2    diag
    4      0.116D-02      0.317D-03       -76.05770165     75.197819    0.54076   -0.25314    0.50569    3    diag
    5      0.147D-03      0.890D-04       -76.05772226     75.212051    0.53955   -0.25234    0.50450    4    diag
    6      0.462D-04      0.175D-04       -76.05772357     75.211137    0.53931   -0.25215    0.50426    5    diag
    7      0.124D-04      0.348D-05       -76.05772363     75.211268    0.53922   -0.25208    0.50417    6    diag
    8      0.344D-05      0.641D-06       -76.05772363     75.211252    0.53920   -0.25207    0.50415    7    diag
    9      0.553D-06      0.833D-07       -76.05772363     75.211243    0.53919   -0.25207    0.50415    8    diag
   10      0.618D-07      0.208D-07       -76.05772363     75.211246    0.53919   -0.25207    0.50415    9    orth
   11      0.165D-07      0.374D-08       -76.05772363     75.211246    0.53919   -0.25207    0.50415    9    diag
   12      0.354D-08      0.589D-09       -76.05772363     75.211246    0.53919   -0.25207    0.50414    0    orth

 Final occupancy:   5

 !RHF STATE 1.1 Energy                -76.057723631602
 Nuclear energy                         8.95379726
 One-electron energy                 -122.61714373
 Two-electron energy                   37.60562284
 Virial quotient                       -1.00261024
 !RHF STATE 1.1 Dipole moment           0.53919333    -0.25206717     0.50414499
 Dipole moment /Debye                   1.37040297    -0.64064887     1.28132483

 Orbital energies:

         1.1          2.1          3.1          4.1          5.1          6.1          7.1
    -20.571018    -1.339997    -0.706308    -0.577686    -0.507940     0.017190     0.035601

 HOMO      5.1    -0.507940 =     -13.8217eV
 LUMO      6.1     0.017190 =       0.4678eV
 LUMO-HOMO         0.525130 =      14.2895eV


 **********************************************************************************************************************************
 DATASETS  * FILE   NREC   LENGTH (MB)   RECORD NAMES
              1      19     8814.60       500      610      700      900      950      970     1000      129      960     1100   
                                          VAR    BASINP    GEOM    SYMINP    ZMAT    AOBASIS   BASIS     P2S    ABASIS      S 
                                         1400     1410     1200     1210     1080     1600     1650     1300     1700   
                                           T        V       H0       H01     AOSYM     SMH    MOLCAS    ERIS     OPER   

              2       7       20.17       200      700     1000      520     2100     2101     2102   
                                        OPTIONS   GEOM     BASIS   MCVARS     RHF      RHF      RHF  

 PROGRAMS   *        TOTAL        HF       INT       MP2        HF       INT       MP2        HF       INT
 CPU TIMES  *       553.34    149.21      0.11     13.16    126.12      0.11     23.30    172.32     68.85
 REAL TIME  *      1196.83 SEC
 DISK USED  *        24.32 GB      
 **********************************************************************************************************************************
 SETTING ESCF_B         =       -76.05772363  AU                              


 PROGRAM * MP2 (Closed-shell)     Authors: C. Hampel, H.-J. Werner, 1991, M. Deegan, P.J. Knowles, 1992


 Convergence thresholds:  THRVAR = 1.00D-08  THRDEN = 1.00D-08

 Number of core orbitals:           1 (   1 )
 Number of closed-shell orbitals:   4 (   4 )
 Number of external orbitals:     317 ( 317 )

 Molecular orbitals read from record     2102.2  Type=RHF/CANONICAL (state 1.1)

 Number of N-1 electron functions:               4
 Number of N-2 electron functions:              10
 Number of singly external CSFs:              1268
 Number of doubly external CSFs:            804546
 Total number of CSFs:                      805815

 Length of J-op  integral file:               0.00 MB
 Length of K-op  integral file:               7.17 MB

 Integral transformation finished. Total CPU:  13.03 sec, npass=  1  Memory used:   3.87 MW

 Memory needed for MP2:                      0.52 MW

 SCS-MP2 correlation energy:           -0.267667582954   (PS=  1.200000  PT=  0.333333)
 SCS-MP2 total energy:                -76.325391214557


  Reference energy                    -76.057723631602
  MP2 singlet pair energy              -0.172042314251
  MP2 triplet pair energy              -0.098384152264
  MP2 correlation energy               -0.270426466515

 !MP2 total energy                    -76.328150098117


 **********************************************************************************************************************************
 DATASETS  * FILE   NREC   LENGTH (MB)   RECORD NAMES
              1      20     8828.75       500      610      700      900      950      970     1000      129      960     1100   
                                          VAR    BASINP    GEOM    SYMINP    ZMAT    AOBASIS   BASIS     P2S    ABASIS      S 
                                         1400     1410     1200     1210     1080     1600     1650     1300     1700     1380   
                                           T        V       H0       H01     AOSYM     SMH    MOLCAS    ERIS     OPER     JKOP   

              2       7       20.17       200      700     1000      520     2100     2101     2102   
                                        OPTIONS   GEOM     BASIS   MCVARS     RHF      RHF      RHF  

 PROGRAMS   *        TOTAL       MP2        HF       INT       MP2        HF       INT       MP2        HF       INT
 CPU TIMES  *       566.55     13.18    149.21      0.11     13.16    126.12      0.11     23.30    172.32     68.85
 REAL TIME  *      1239.17 SEC
 DISK USED  *        24.32 GB      
 **********************************************************************************************************************************
 SETTING EMP2_B         =       -76.32815010  AU                              
 SETTING EMP2_CORR_B    =        -0.27042647  AU                              

 Running procedure=SET_MONOMERC

 Dummy atoms: C1  H1  H2  H3  H4  O1  H5  H6


 Recomputing one-electron integrals since nuclear charges changed


 PROGRAM * SEWARD (Integral evaluation for generally contracted gaussian basis sets)     Author: Roland Lindh, 1990

 Geometry written to block  1 of record 700


 Point group  C1  



 ATOMIC COORDINATES

 NR  ATOM    CHARGE       X              Y              Z

   1  C1      0.00   -6.193010455    2.801518980    2.403542658
   2  H1      0.00   -4.656285171    1.699997622    3.119937832
   3  H2      0.00   -5.973046335    4.726205038    2.982932688
   4  H3      0.00   -7.940251230    2.077186956    3.118237078
   5  H4      0.00   -6.176569838    2.685300823    0.384937212
   6  O1      0.00  -12.400004884    5.677493169    4.606774346
   7  H5      0.00  -12.146781583    3.932709038    5.214888213
   8  H6      0.00  -11.104030708    6.694165824    5.446946581
   9  O2      8.00   -4.362810704   -2.860478435    6.396722932
  10  H7      1.00   -5.253627599   -3.421160176    4.877005182
  11  H8      1.00   -5.588487068   -1.881600302    7.381837160

 Bond lengths in Bohr (Angstrom)

 1-2  2.021904040  1-3  2.022002335  1-4  2.021953343  1-5  2.022015060  6-7  1.864992273
     ( 1.069945541)     ( 1.069997556)     ( 1.069971630)     ( 1.070004290)     ( 0.986911409)

  6- 8  1.849070506   9-10  1.848637551   9-11  1.852278325
       ( 0.978485973)       ( 0.978256863)       ( 0.980183478)

 Bond angles

  2-1-3  109.53398059   2-1-4  109.65604535   2-1-5  108.43490854   3-1-4  109.49436728

  3- 1- 5  109.86987750   4- 1- 5  109.83468330   7- 6- 8  105.72790617  10- 9-11  106.17843926

 NUCLEAR CHARGE:                   10
 NUMBER OF PRIMITIVE AOS:         417
 NUMBER OF SYMMETRY AOS:          374
 NUMBER OF CONTRACTIONS:          322   ( 322A   )
 NUMBER OF CORE ORBITALS:           1   (   1A   )
 NUMBER OF VALENCE ORBITALS:        6   (   6A   )

 MOLECULE CHANGED: INITIALIZING OCCUPATION AND DUMP RECORDS


 NUCLEAR REPULSION ENERGY    8.98445179


 Eigenvalues of metric

         1 0.578E-04 0.683E-04 0.799E-04 0.906E-04 0.321E-03 0.338E-03 0.372E-03 0.387E-03


 Contracted 2-electron integrals neglected if value below      1.0D-19

 OPERATOR DM      FOR CENTER  0  COORDINATES:    0.000000    0.000000    0.000000


 **********************************************************************************************************************************
 DATASETS  * FILE   NREC   LENGTH (MB)   RECORD NAMES
              1      19     8814.60       500      610      700      900      950      970     1000      129      960     1100   
                                          VAR    BASINP    GEOM    SYMINP    ZMAT    AOBASIS   BASIS     P2S    ABASIS      S 
                                         1400     1410     1200     1210     1080     1600     1650     1300     1700   
                                           T        V       H0       H01     AOSYM     SMH    MOLCAS    ERIS     OPER   

              2       7       20.17       200      700     1000      520     2100     2101     2102   
                                        OPTIONS   GEOM     BASIS   MCVARS     RHF      RHF      RHF  

 PROGRAMS   *        TOTAL       INT       MP2        HF       INT       MP2        HF       INT       MP2        HF       INT
 CPU TIMES  *       566.66      0.10     13.18    149.21      0.11     13.16    126.12      0.11     23.30    172.32     68.85
 REAL TIME  *      1239.54 SEC
 DISK USED  *        24.32 GB      
 **********************************************************************************************************************************


 PROGRAM * RHF-SCF (CLOSED SHELL)       Authors: W. Meyer, H.-J. Werner


 NUMBER OF ELECTRONS:       5+    5-    SPACE SYMMETRY=1    SPIN SYMMETRY: Singlet 
 CONVERGENCE THRESHOLDS:    1.00E-08 (Density)    1.00E-09 (Energy)
 MAX. NUMBER OF ITERATIONS:       60
 INTERPOLATION TYPE:            DIIS
 INTERPOLATION STEPS:              2 (START)      1 (STEP)
 LEVEL SHIFTS:                  0.00 (CLOSED)  0.00 (OPEN) 



 Orbital guess generated from atomic densities. Full valence occupancy:    7

 Molecular orbital dump at record        2103.2

 Initial occupancy:   5

 ITERATION    DDIFF          GRAD             ENERGY        2-EL.EN.            DIPOLE MOMENTS         DIIS   ORB.
    1      0.000D+00      0.000D+00       -76.02016701     77.364953   -1.08707    0.21510   -0.27400    0    start
    2      0.000D+00      0.538D-02       -76.04670710     73.731359   -0.63325    0.12498   -0.16013    1    diag
    3      0.318D-02      0.343D-02       -76.05806300     75.337090   -0.74534    0.14719   -0.18837    2    diag
    4      0.115D-02      0.316D-03       -76.05825431     75.247843   -0.74094    0.14626   -0.18736    3    diag
    5      0.145D-03      0.880D-04       -76.05827430     75.261846   -0.73923    0.14590   -0.18698    4    diag
    6      0.442D-04      0.172D-04       -76.05827555     75.260964   -0.73890    0.14583   -0.18690    5    diag
    7      0.113D-04      0.340D-05       -76.05827561     75.261094   -0.73877    0.14580   -0.18688    6    diag
    8      0.304D-05      0.636D-06       -76.05827561     75.261079   -0.73873    0.14579   -0.18687    7    diag
    9      0.507D-06      0.826D-07       -76.05827561     75.261070   -0.73873    0.14579   -0.18687    8    diag
   10      0.668D-07      0.205D-07       -76.05827561     75.261074   -0.73873    0.14579   -0.18687    9    orth
   11      0.185D-07      0.356D-08       -76.05827561     75.261073   -0.73873    0.14579   -0.18687    9    diag
   12      0.359D-08      0.518D-09       -76.05827561     75.261073   -0.73873    0.14579   -0.18687    0    orth

 Final occupancy:   5

 !RHF STATE 1.1 Energy                -76.058275611433
 Nuclear energy                         8.98445179
 One-electron energy                 -122.67326387
 Two-electron energy                   37.63053647
 Virial quotient                       -1.00246111
 !RHF STATE 1.1 Dipole moment          -0.73872621     0.14579081    -0.18686548
 Dipole moment /Debye                  -1.87753176     0.37053901    -0.47493357

 Orbital energies:

         1.1          2.1          3.1          4.1          5.1          6.1          7.1
    -20.570210    -1.341357    -0.708977    -0.577481    -0.508071     0.017146     0.035534

 HOMO      5.1    -0.508071 =     -13.8253eV
 LUMO      6.1     0.017146 =       0.4666eV
 LUMO-HOMO         0.525217 =      14.2919eV


 **********************************************************************************************************************************
 DATASETS  * FILE   NREC   LENGTH (MB)   RECORD NAMES
              1      19     8814.60       500      610      700      900      950      970     1000      129      960     1100   
                                          VAR    BASINP    GEOM    SYMINP    ZMAT    AOBASIS   BASIS     P2S    ABASIS      S 
                                         1400     1410     1200     1210     1080     1600     1650     1300     1700   
                                           T        V       H0       H01     AOSYM     SMH    MOLCAS    ERIS     OPER   

              2       8       26.83       200      700     1000      520     2100     2101     2102     2103   
                                        OPTIONS   GEOM     BASIS   MCVARS     RHF      RHF      RHF      RHF  

 PROGRAMS   *        TOTAL        HF       INT       MP2        HF       INT       MP2        HF       INT       MP2        HF
 CPU TIMES  *       715.72    149.07      0.10     13.18    149.21      0.11     13.16    126.12      0.11     23.30    172.32
 REAL TIME  *      1489.81 SEC
 DISK USED  *        24.32 GB      
 **********************************************************************************************************************************
 SETTING ESCF_C         =       -76.05827561  AU                              


 PROGRAM * MP2 (Closed-shell)     Authors: C. Hampel, H.-J. Werner, 1991, M. Deegan, P.J. Knowles, 1992


 Convergence thresholds:  THRVAR = 1.00D-08  THRDEN = 1.00D-08

 Number of core orbitals:           1 (   1 )
 Number of closed-shell orbitals:   4 (   4 )
 Number of external orbitals:     317 ( 317 )

 Molecular orbitals read from record     2103.2  Type=RHF/CANONICAL (state 1.1)

 Number of N-1 electron functions:               4
 Number of N-2 electron functions:              10
 Number of singly external CSFs:              1268
 Number of doubly external CSFs:            804546
 Total number of CSFs:                      805815

 Length of J-op  integral file:               0.00 MB
 Length of K-op  integral file:               7.17 MB

 Integral transformation finished. Total CPU:  12.96 sec, npass=  1  Memory used:   3.87 MW

 Memory needed for MP2:                      0.52 MW

 SCS-MP2 correlation energy:           -0.267365842579   (PS=  1.200000  PT=  0.333333)
 SCS-MP2 total energy:                -76.325641454012


  Reference energy                    -76.058275611433
  MP2 singlet pair energy              -0.171846021479
  MP2 triplet pair energy              -0.098277777006
  MP2 correlation energy               -0.270123798485

 !MP2 total energy                    -76.328399409918


 **********************************************************************************************************************************
 DATASETS  * FILE   NREC   LENGTH (MB)   RECORD NAMES
              1      20     8828.75       500      610      700      900      950      970     1000      129      960     1100   
                                          VAR    BASINP    GEOM    SYMINP    ZMAT    AOBASIS   BASIS     P2S    ABASIS      S 
                                         1400     1410     1200     1210     1080     1600     1650     1300     1700     1380   
                                           T        V       H0       H01     AOSYM     SMH    MOLCAS    ERIS     OPER     JKOP   

              2       8       26.83       200      700     1000      520     2100     2101     2102     2103   
                                        OPTIONS   GEOM     BASIS   MCVARS     RHF      RHF      RHF      RHF  

 PROGRAMS   *        TOTAL       MP2        HF       INT       MP2        HF       INT       MP2        HF       INT       MP2
 CPU TIMES  *       728.83     13.11    149.07      0.10     13.18    149.21      0.11     13.16    126.12      0.11     23.30
 REAL TIME  *      1511.71 SEC
 DISK USED  *        24.32 GB      
 **********************************************************************************************************************************
 SETTING EMP2_C         =       -76.32839941  AU                              
 SETTING EMP2_CORR_C    =        -0.27012380  AU                              

 Running procedure=SET_DIMERAB

 Dummy atoms: O2  H7  H8


 Recomputing one-electron integrals since nuclear charges changed


 PROGRAM * SEWARD (Integral evaluation for generally contracted gaussian basis sets)     Author: Roland Lindh, 1990

 Geometry written to block  1 of record 700


 Point group  C1  



 ATOMIC COORDINATES

 NR  ATOM    CHARGE       X              Y              Z

   1  C1      6.00   -6.193010455    2.801518980    2.403542658
   2  H1      1.00   -4.656285171    1.699997622    3.119937832
   3  H2      1.00   -5.973046335    4.726205038    2.982932688
   4  H3      1.00   -7.940251230    2.077186956    3.118237078
   5  H4      1.00   -6.176569838    2.685300823    0.384937212
   6  O1      8.00  -12.400004884    5.677493169    4.606774346
   7  H5      1.00  -12.146781583    3.932709038    5.214888213
   8  H6      1.00  -11.104030708    6.694165824    5.446946581
   9  O2      0.00   -4.362810704   -2.860478435    6.396722932
  10  H7      0.00   -5.253627599   -3.421160176    4.877005182
  11  H8      0.00   -5.588487068   -1.881600302    7.381837160

 Bond lengths in Bohr (Angstrom)

 1-2  2.021904040  1-3  2.022002335  1-4  2.021953343  1-5  2.022015060  6-7  1.864992273
     ( 1.069945541)     ( 1.069997556)     ( 1.069971630)     ( 1.070004290)     ( 0.986911409)

  6- 8  1.849070506   9-10  1.848637551   9-11  1.852278325
       ( 0.978485973)       ( 0.978256863)       ( 0.980183478)

 Bond angles

  2-1-3  109.53398059   2-1-4  109.65604535   2-1-5  108.43490854   3-1-4  109.49436728

  3- 1- 5  109.86987750   4- 1- 5  109.83468330   7- 6- 8  105.72790617  10- 9-11  106.17843926

 NUCLEAR CHARGE:                   20
 NUMBER OF PRIMITIVE AOS:         417
 NUMBER OF SYMMETRY AOS:          374
 NUMBER OF CONTRACTIONS:          322   ( 322A   )
 NUMBER OF CORE ORBITALS:           2   (   2A   )
 NUMBER OF VALENCE ORBITALS:       14   (  14A   )

 MOLECULE CHANGED: INITIALIZING OCCUPATION AND DUMP RECORDS


 NUCLEAR REPULSION ENERGY   36.69183171


 Eigenvalues of metric

         1 0.578E-04 0.683E-04 0.799E-04 0.906E-04 0.321E-03 0.338E-03 0.372E-03 0.387E-03


 Contracted 2-electron integrals neglected if value below      1.0D-19

 OPERATOR DM      FOR CENTER  0  COORDINATES:    0.000000    0.000000    0.000000


 **********************************************************************************************************************************
 DATASETS  * FILE   NREC   LENGTH (MB)   RECORD NAMES
              1      19     8814.60       500      610      700      900      950      970     1000      129      960     1100   
                                          VAR    BASINP    GEOM    SYMINP    ZMAT    AOBASIS   BASIS     P2S    ABASIS      S 
                                         1400     1410     1200     1210     1080     1600     1650     1300     1700   
                                           T        V       H0       H01     AOSYM     SMH    MOLCAS    ERIS     OPER   

              2       8       26.83       200      700     1000      520     2100     2101     2102     2103   
                                        OPTIONS   GEOM     BASIS   MCVARS     RHF      RHF      RHF      RHF  

 PROGRAMS   *        TOTAL       INT       MP2        HF       INT       MP2        HF       INT       MP2        HF       INT
 CPU TIMES  *       728.94      0.11     13.11    149.07      0.10     13.18    149.21      0.11     13.16    126.12      0.11
 REAL TIME  *      1511.97 SEC
 DISK USED  *        24.32 GB      
 **********************************************************************************************************************************


 PROGRAM * RHF-SCF (CLOSED SHELL)       Authors: W. Meyer, H.-J. Werner


 NUMBER OF ELECTRONS:      10+   10-    SPACE SYMMETRY=1    SPIN SYMMETRY: Singlet 
 CONVERGENCE THRESHOLDS:    1.00E-08 (Density)    1.00E-09 (Energy)
 MAX. NUMBER OF ITERATIONS:       60
 INTERPOLATION TYPE:            DIIS
 INTERPOLATION STEPS:              2 (START)      1 (STEP)
 LEVEL SHIFTS:                  0.00 (CLOSED)  0.00 (OPEN) 



 Orbital guess generated from atomic densities. Full valence occupancy:   16

 Molecular orbital dump at record        2104.2

 Initial occupancy:  10

 ITERATION    DDIFF          GRAD             ENERGY        2-EL.EN.            DIPOLE MOMENTS         DIIS   ORB.
    1      0.000D+00      0.000D+00      -116.21218043    158.771714    0.79887   -0.37775    0.74020    0    start
    2      0.000D+00      0.439D-02      -116.25610387    153.956329    0.47263   -0.21050    0.38406    1    diag
    3      0.394D-02      0.258D-02      -116.26956702    155.970595    0.55484   -0.25193    0.47597    2    diag
    4      0.132D-02      0.383D-03      -116.27022762    155.859745    0.54678   -0.24804    0.47009    3    diag
    5      0.289D-03      0.112D-03      -116.27029551    155.853930    0.54669   -0.24796    0.46956    4    diag
    6      0.105D-03      0.274D-04      -116.27029932    155.859873    0.54618   -0.24779    0.46903    5    diag
    7      0.305D-04      0.529D-05      -116.27029954    155.858296    0.54619   -0.24781    0.46905    6    diag
    8      0.857D-05      0.135D-05      -116.27029956    155.858449    0.54615   -0.24780    0.46899    7    diag
    9      0.174D-05      0.305D-06      -116.27029956    155.858422    0.54614   -0.24779    0.46898    8    diag
   10      0.566D-06      0.364D-07      -116.27029956    155.858424    0.54614   -0.24779    0.46898    9    orth
   11      0.411D-07      0.977D-08      -116.27029956    155.858425    0.54614   -0.24779    0.46898    9    diag
   12      0.174D-07      0.269D-08      -116.27029956    155.858425    0.54614   -0.24779    0.46898    9    diag
   13      0.352D-08      0.716D-09      -116.27029956    155.858425    0.54614   -0.24779    0.46898    0    orth

 Final occupancy:  10

 !RHF STATE 1.1 Energy               -116.270299557773
 Nuclear energy                        36.69183171
 One-electron energy                 -230.89134371
 Two-electron energy                   77.92921244
 Virial quotient                       -1.00121530
 !RHF STATE 1.1 Dipole moment           0.54613826    -0.24778930     0.46897730
 Dipole moment /Debye                   1.38805408    -0.62977633     1.19194331

 Orbital energies:

         1.1          2.1          3.1          4.1          5.1          6.1          7.1          8.1          9.1         10.1
    -20.570077   -11.201241    -1.339337    -0.954651    -0.705745    -0.577797    -0.555921    -0.554118    -0.551008    -0.506566

        11.1         12.1
      0.022472     0.037313

 HOMO     10.1    -0.506566 =     -13.7844eV
 LUMO     11.1     0.022472 =       0.6115eV
 LUMO-HOMO         0.529037 =      14.3958eV


 **********************************************************************************************************************************
 DATASETS  * FILE   NREC   LENGTH (MB)   RECORD NAMES
              1      19     8814.60       500      610      700      900      950      970     1000      129      960     1100   
                                          VAR    BASINP    GEOM    SYMINP    ZMAT    AOBASIS   BASIS     P2S    ABASIS      S 
                                         1400     1410     1200     1210     1080     1600     1650     1300     1700   
                                           T        V       H0       H01     AOSYM     SMH    MOLCAS    ERIS     OPER   

              2       9       33.49       200      700     1000      520     2100     2101     2102     2103     2104   
                                        OPTIONS   GEOM     BASIS   MCVARS     RHF      RHF      RHF      RHF      RHF  

 PROGRAMS   *        TOTAL        HF       INT       MP2        HF       INT       MP2        HF       INT       MP2        HF
 CPU TIMES  *       889.26    160.32      0.11     13.11    149.07      0.10     13.18    149.21      0.11     13.16    126.12
 REAL TIME  *      1778.53 SEC
 DISK USED  *        24.32 GB      
 **********************************************************************************************************************************
 SETTING ESCF_AB        =      -116.27029956  AU                              


 PROGRAM * MP2 (Closed-shell)     Authors: C. Hampel, H.-J. Werner, 1991, M. Deegan, P.J. Knowles, 1992


 Convergence thresholds:  THRVAR = 1.00D-08  THRDEN = 1.00D-08

 Number of core orbitals:           2 (   2 )
 Number of closed-shell orbitals:   8 (   8 )
 Number of external orbitals:     312 ( 312 )

 Molecular orbitals read from record     2104.2  Type=RHF/CANONICAL (state 1.1)

 Number of N-1 electron functions:               8
 Number of N-2 electron functions:              36
 Number of singly external CSFs:              2496
 Number of doubly external CSFs:           3116256
 Total number of CSFs:                     3118753

 Length of J-op  integral file:               0.00 MB
 Length of K-op  integral file:               7.17 MB

 Integral transformation finished. Total CPU:  17.41 sec, npass=  1  Memory used:   8.54 MW

 Memory needed for MP2:                      0.51 MW

 SCS-MP2 correlation energy:           -0.477141934982   (PS=  1.200000  PT=  0.333333)
 SCS-MP2 total energy:               -116.747441492753


  Reference energy                   -116.270299557771
  MP2 singlet pair energy              -0.317762089035
  MP2 triplet pair energy              -0.154008366653
  MP2 correlation energy               -0.471770455688

 !MP2 total energy                   -116.742070013460


 **********************************************************************************************************************************
 DATASETS  * FILE   NREC   LENGTH (MB)   RECORD NAMES
              1      20     8861.20       500      610      700      900      950      970     1000      129      960     1100   
                                          VAR    BASINP    GEOM    SYMINP    ZMAT    AOBASIS   BASIS     P2S    ABASIS      S 
                                         1400     1410     1200     1210     1080     1600     1650     1300     1700     1380   
                                           T        V       H0       H01     AOSYM     SMH    MOLCAS    ERIS     OPER     JKOP   

              2       9       33.49       200      700     1000      520     2100     2101     2102     2103     2104   
                                        OPTIONS   GEOM     BASIS   MCVARS     RHF      RHF      RHF      RHF      RHF  

 PROGRAMS   *        TOTAL       MP2        HF       INT       MP2        HF       INT       MP2        HF       INT       MP2
 CPU TIMES  *       907.07     17.81    160.32      0.11     13.11    149.07      0.10     13.18    149.21      0.11     13.16
 REAL TIME  *      1834.50 SEC
 DISK USED  *        24.32 GB      
 **********************************************************************************************************************************
 SETTING EMP2_AB        =      -116.74207001  AU                              
 SETTING EMP2_CORR_AB   =        -0.47177046  AU                              

 Running procedure=SET_DIMERAC

 Dummy atoms: O1  H5  H6


 Recomputing one-electron integrals since nuclear charges changed


 PROGRAM * SEWARD (Integral evaluation for generally contracted gaussian basis sets)     Author: Roland Lindh, 1990

 Geometry written to block  1 of record 700


 Point group  C1  



 ATOMIC COORDINATES

 NR  ATOM    CHARGE       X              Y              Z

   1  C1      6.00   -6.193010455    2.801518980    2.403542658
   2  H1      1.00   -4.656285171    1.699997622    3.119937832
   3  H2      1.00   -5.973046335    4.726205038    2.982932688
   4  H3      1.00   -7.940251230    2.077186956    3.118237078
   5  H4      1.00   -6.176569838    2.685300823    0.384937212
   6  O1      0.00  -12.400004884    5.677493169    4.606774346
   7  H5      0.00  -12.146781583    3.932709038    5.214888213
   8  H6      0.00  -11.104030708    6.694165824    5.446946581
   9  O2      8.00   -4.362810704   -2.860478435    6.396722932
  10  H7      1.00   -5.253627599   -3.421160176    4.877005182
  11  H8      1.00   -5.588487068   -1.881600302    7.381837160

 Bond lengths in Bohr (Angstrom)

 1-2  2.021904040  1-3  2.022002335  1-4  2.021953343  1-5  2.022015060  6-7  1.864992273
     ( 1.069945541)     ( 1.069997556)     ( 1.069971630)     ( 1.070004290)     ( 0.986911409)

  6- 8  1.849070506   9-10  1.848637551   9-11  1.852278325
       ( 0.978485973)       ( 0.978256863)       ( 0.980183478)

 Bond angles

  2-1-3  109.53398059   2-1-4  109.65604535   2-1-5  108.43490854   3-1-4  109.49436728

  3- 1- 5  109.86987750   4- 1- 5  109.83468330   7- 6- 8  105.72790617  10- 9-11  106.17843926

 NUCLEAR CHARGE:                   20
 NUMBER OF PRIMITIVE AOS:         417
 NUMBER OF SYMMETRY AOS:          374
 NUMBER OF CONTRACTIONS:          322   ( 322A   )
 NUMBER OF CORE ORBITALS:           2   (   2A   )
 NUMBER OF VALENCE ORBITALS:       14   (  14A   )

 MOLECULE CHANGED: INITIALIZING OCCUPATION AND DUMP RECORDS


 NUCLEAR REPULSION ENERGY   36.78088270


 Eigenvalues of metric

         1 0.578E-04 0.683E-04 0.799E-04 0.906E-04 0.321E-03 0.338E-03 0.372E-03 0.387E-03


 Contracted 2-electron integrals neglected if value below      1.0D-19

 OPERATOR DM      FOR CENTER  0  COORDINATES:    0.000000    0.000000    0.000000


 **********************************************************************************************************************************
 DATASETS  * FILE   NREC   LENGTH (MB)   RECORD NAMES
              1      19     8814.60       500      610      700      900      950      970     1000      129      960     1100   
                                          VAR    BASINP    GEOM    SYMINP    ZMAT    AOBASIS   BASIS     P2S    ABASIS      S 
                                         1400     1410     1200     1210     1080     1600     1650     1300     1700   
                                           T        V       H0       H01     AOSYM     SMH    MOLCAS    ERIS     OPER   

              2       9       33.49       200      700     1000      520     2100     2101     2102     2103     2104   
                                        OPTIONS   GEOM     BASIS   MCVARS     RHF      RHF      RHF      RHF      RHF  

 PROGRAMS   *        TOTAL       INT       MP2        HF       INT       MP2        HF       INT       MP2        HF       INT
 CPU TIMES  *       907.19      0.11     17.81    160.32      0.11     13.11    149.07      0.10     13.18    149.21      0.11
 REAL TIME  *      1834.85 SEC
 DISK USED  *        24.32 GB      
 **********************************************************************************************************************************


 PROGRAM * RHF-SCF (CLOSED SHELL)       Authors: W. Meyer, H.-J. Werner


 NUMBER OF ELECTRONS:      10+   10-    SPACE SYMMETRY=1    SPIN SYMMETRY: Singlet 
 CONVERGENCE THRESHOLDS:    1.00E-08 (Density)    1.00E-09 (Energy)
 MAX. NUMBER OF ITERATIONS:       60
 INTERPOLATION TYPE:            DIIS
 INTERPOLATION STEPS:              2 (START)      1 (STEP)
 LEVEL SHIFTS:                  0.00 (CLOSED)  0.00 (OPEN) 



 Orbital guess generated from atomic densities. Full valence occupancy:   16

 Molecular orbital dump at record        2105.2

 Initial occupancy:  10

 ITERATION    DDIFF          GRAD             ENERGY        2-EL.EN.            DIPOLE MOMENTS         DIIS   ORB.
    1      0.000D+00      0.000D+00      -116.21409968    158.939436   -1.08125    0.20853   -0.27217    0    start
    2      0.000D+00      0.437D-02      -116.25748891    154.166633   -0.59460    0.13873   -0.16391    1    diag
    3      0.391D-02      0.255D-02      -116.27062469    156.156160   -0.71557    0.15427   -0.18968    2    diag
    4      0.130D-02      0.380D-03      -116.27127335    156.044958   -0.70464    0.15098   -0.18646    3    diag
    5      0.288D-03      0.111D-03      -116.27134007    156.038975   -0.70370    0.15124   -0.18650    4    diag
    6      0.103D-03      0.273D-04      -116.27134392    156.044844   -0.70276    0.15117   -0.18638    5    diag
    7      0.290D-04      0.537D-05      -116.27134415    156.043274   -0.70275    0.15119   -0.18640    6    diag
    8      0.802D-05      0.138D-05      -116.27134417    156.043426   -0.70267    0.15120   -0.18639    7    diag
    9      0.168D-05      0.305D-06      -116.27134417    156.043400   -0.70265    0.15120   -0.18639    8    diag
   10      0.543D-06      0.368D-07      -116.27134417    156.043402   -0.70265    0.15120   -0.18639    9    orth
   11      0.444D-07      0.969D-08      -116.27134417    156.043403   -0.70265    0.15120   -0.18639    9    diag
   12      0.176D-07      0.250D-08      -116.27134417    156.043403   -0.70265    0.15120   -0.18639    9    diag
   13      0.355D-08      0.635D-09      -116.27134417    156.043403   -0.70265    0.15120   -0.18639    0    orth

 Final occupancy:  10

 !RHF STATE 1.1 Energy               -116.271344166600
 Nuclear energy                        36.78088270
 One-electron energy                 -231.07392842
 Two-electron energy                   78.02170156
 Virial quotient                       -1.00111090
 !RHF STATE 1.1 Dipole moment          -0.70264882     0.15119927    -0.18639115
 Dipole moment /Debye                  -1.78583818     0.38428503    -0.47372802

 Orbital energies:

         1.1          2.1          3.1          4.1          5.1          6.1          7.1          8.1          9.1         10.1
    -20.569657   -11.199405    -1.341188    -0.953572    -0.708750    -0.577729    -0.554707    -0.553066    -0.550582    -0.506607

        11.1         12.1
      0.022497     0.037487

 HOMO     10.1    -0.506607 =     -13.7855eV
 LUMO     11.1     0.022497 =       0.6122eV
 LUMO-HOMO         0.529104 =      14.3977eV


 **********************************************************************************************************************************
 DATASETS  * FILE   NREC   LENGTH (MB)   RECORD NAMES
              1      19     8814.60       500      610      700      900      950      970     1000      129      960     1100   
                                          VAR    BASINP    GEOM    SYMINP    ZMAT    AOBASIS   BASIS     P2S    ABASIS      S 
                                         1400     1410     1200     1210     1080     1600     1650     1300     1700   
                                           T        V       H0       H01     AOSYM     SMH    MOLCAS    ERIS     OPER   

              2      10       40.14       200      700     1000      520     2100     2101     2102     2103     2104     2105   
                                        OPTIONS   GEOM     BASIS   MCVARS     RHF      RHF      RHF      RHF      RHF      RHF  

 PROGRAMS   *        TOTAL        HF       INT       MP2        HF       INT       MP2        HF       INT       MP2        HF
 CPU TIMES  *      1067.58    160.38      0.11     17.81    160.32      0.11     13.11    149.07      0.10     13.18    149.21
 REAL TIME  *      2097.54 SEC
 DISK USED  *        24.32 GB      
 **********************************************************************************************************************************
 SETTING ESCF_AC        =      -116.27134417  AU                              


 PROGRAM * MP2 (Closed-shell)     Authors: C. Hampel, H.-J. Werner, 1991, M. Deegan, P.J. Knowles, 1992


 Convergence thresholds:  THRVAR = 1.00D-08  THRDEN = 1.00D-08

 Number of core orbitals:           2 (   2 )
 Number of closed-shell orbitals:   8 (   8 )
 Number of external orbitals:     312 ( 312 )

 Molecular orbitals read from record     2105.2  Type=RHF/CANONICAL (state 1.1)

 Number of N-1 electron functions:               8
 Number of N-2 electron functions:              36
 Number of singly external CSFs:              2496
 Number of doubly external CSFs:           3116256
 Total number of CSFs:                     3118753

 Length of J-op  integral file:               0.00 MB
 Length of K-op  integral file:               7.17 MB

 Integral transformation finished. Total CPU:  17.46 sec, npass=  1  Memory used:   8.54 MW

 Memory needed for MP2:                      0.51 MW

 SCS-MP2 correlation energy:           -0.476844655599   (PS=  1.200000  PT=  0.333333)
 SCS-MP2 total energy:               -116.748188822199


  Reference energy                   -116.271344166600
  MP2 singlet pair energy              -0.317519359690
  MP2 triplet pair energy              -0.153998717095
  MP2 correlation energy               -0.471518076786

 !MP2 total energy                   -116.742862243386


 **********************************************************************************************************************************
 DATASETS  * FILE   NREC   LENGTH (MB)   RECORD NAMES
              1      20     8861.20       500      610      700      900      950      970     1000      129      960     1100   
                                          VAR    BASINP    GEOM    SYMINP    ZMAT    AOBASIS   BASIS     P2S    ABASIS      S 
                                         1400     1410     1200     1210     1080     1600     1650     1300     1700     1380   
                                           T        V       H0       H01     AOSYM     SMH    MOLCAS    ERIS     OPER     JKOP   

              2      10       40.14       200      700     1000      520     2100     2101     2102     2103     2104     2105   
                                        OPTIONS   GEOM     BASIS   MCVARS     RHF      RHF      RHF      RHF      RHF      RHF  

 PROGRAMS   *        TOTAL       MP2        HF       INT       MP2        HF       INT       MP2        HF       INT       MP2
 CPU TIMES  *      1085.43     17.86    160.38      0.11     17.81    160.32      0.11     13.11    149.07      0.10     13.18
 REAL TIME  *      2123.25 SEC
 DISK USED  *        24.32 GB      
 **********************************************************************************************************************************
 SETTING EMP2_AC        =      -116.74286224  AU                              
 SETTING EMP2_CORR_AC   =        -0.47151808  AU                              

 Running procedure=SET_DIMERBC

 Dummy atoms: C1  H1  H2  H3  H4


 Recomputing one-electron integrals since nuclear charges changed


 PROGRAM * SEWARD (Integral evaluation for generally contracted gaussian basis sets)     Author: Roland Lindh, 1990

 Geometry written to block  1 of record 700


 Point group  C1  



 ATOMIC COORDINATES

 NR  ATOM    CHARGE       X              Y              Z

   1  C1      0.00   -6.193010455    2.801518980    2.403542658
   2  H1      0.00   -4.656285171    1.699997622    3.119937832
   3  H2      0.00   -5.973046335    4.726205038    2.982932688
   4  H3      0.00   -7.940251230    2.077186956    3.118237078
   5  H4      0.00   -6.176569838    2.685300823    0.384937212
   6  O1      8.00  -12.400004884    5.677493169    4.606774346
   7  H5      1.00  -12.146781583    3.932709038    5.214888213
   8  H6      1.00  -11.104030708    6.694165824    5.446946581
   9  O2      8.00   -4.362810704   -2.860478435    6.396722932
  10  H7      1.00   -5.253627599   -3.421160176    4.877005182
  11  H8      1.00   -5.588487068   -1.881600302    7.381837160

 Bond lengths in Bohr (Angstrom)

 1-2  2.021904040  1-3  2.022002335  1-4  2.021953343  1-5  2.022015060  6-7  1.864992273
     ( 1.069945541)     ( 1.069997556)     ( 1.069971630)     ( 1.070004290)     ( 0.986911409)

  6- 8  1.849070506   9-10  1.848637551   9-11  1.852278325
       ( 0.978485973)       ( 0.978256863)       ( 0.980183478)

 Bond angles

  2-1-3  109.53398059   2-1-4  109.65604535   2-1-5  108.43490854   3-1-4  109.49436728

  3- 1- 5  109.86987750   4- 1- 5  109.83468330   7- 6- 8  105.72790617  10- 9-11  106.17843926

 NUCLEAR CHARGE:                   20
 NUMBER OF PRIMITIVE AOS:         417
 NUMBER OF SYMMETRY AOS:          374
 NUMBER OF CONTRACTIONS:          322   ( 322A   )
 NUMBER OF CORE ORBITALS:           2   (   2A   )
 NUMBER OF VALENCE ORBITALS:       12   (  12A   )

 MOLECULE CHANGED: INITIALIZING OCCUPATION AND DUMP RECORDS


 NUCLEAR REPULSION ENERGY   26.62657875


 Eigenvalues of metric

         1 0.578E-04 0.683E-04 0.799E-04 0.906E-04 0.321E-03 0.338E-03 0.372E-03 0.387E-03


 Contracted 2-electron integrals neglected if value below      1.0D-19

 OPERATOR DM      FOR CENTER  0  COORDINATES:    0.000000    0.000000    0.000000


 **********************************************************************************************************************************
 DATASETS  * FILE   NREC   LENGTH (MB)   RECORD NAMES
              1      19     8814.60       500      610      700      900      950      970     1000      129      960     1100   
                                          VAR    BASINP    GEOM    SYMINP    ZMAT    AOBASIS   BASIS     P2S    ABASIS      S 
                                         1400     1410     1200     1210     1080     1600     1650     1300     1700   
                                           T        V       H0       H01     AOSYM     SMH    MOLCAS    ERIS     OPER   

              2      10       40.14       200      700     1000      520     2100     2101     2102     2103     2104     2105   
                                        OPTIONS   GEOM     BASIS   MCVARS     RHF      RHF      RHF      RHF      RHF      RHF  

 PROGRAMS   *        TOTAL       INT       MP2        HF       INT       MP2        HF       INT       MP2        HF       INT
 CPU TIMES  *      1085.54      0.11     17.86    160.38      0.11     17.81    160.32      0.11     13.11    149.07      0.10
 REAL TIME  *      2123.57 SEC
 DISK USED  *        24.32 GB      
 **********************************************************************************************************************************


 PROGRAM * RHF-SCF (CLOSED SHELL)       Authors: W. Meyer, H.-J. Werner


 NUMBER OF ELECTRONS:      10+   10-    SPACE SYMMETRY=1    SPIN SYMMETRY: Singlet 
 CONVERGENCE THRESHOLDS:    1.00E-08 (Density)    1.00E-09 (Energy)
 MAX. NUMBER OF ITERATIONS:       60
 INTERPOLATION TYPE:            DIIS
 INTERPOLATION STEPS:              2 (START)      1 (STEP)
 LEVEL SHIFTS:                  0.00 (CLOSED)  0.00 (OPEN) 



 Orbital guess generated from atomic densities. Full valence occupancy:   14

 Molecular orbital dump at record        2106.2

 Initial occupancy:  10

 ITERATION    DDIFF          GRAD             ENERGY        2-EL.EN.            DIPOLE MOMENTS         DIIS   ORB.
    1      0.000D+00      0.000D+00      -152.03859463    171.794323   -0.29297   -0.16139    0.46936    0    start
    2      0.000D+00      0.544D-02      -152.09201672    164.612557   -0.16760   -0.08821    0.26545    1    diag
    3      0.450D-02      0.348D-02      -152.11509203    167.817490   -0.19797   -0.10603    0.31615    2    diag
    4      0.164D-02      0.320D-03      -152.11547894    167.639042   -0.19693   -0.10479    0.31387    3    diag
    5      0.206D-03      0.898D-04      -152.11552007    167.667893   -0.19623   -0.10436    0.31310    4    diag
    6      0.644D-04      0.177D-04      -152.11552267    167.666194   -0.19629   -0.10419    0.31285    5    diag
    7      0.170D-04      0.390D-05      -152.11552279    167.666428   -0.19610   -0.10421    0.31288    6    diag
    8      0.436D-05      0.184D-05      -152.11552280    167.666476   -0.19617   -0.10417    0.31282    7    diag
    9      0.127D-05      0.376D-06      -152.11552281    167.666452   -0.19616   -0.10417    0.31281    8    diag
   10      0.389D-06      0.486D-07      -152.11552281    167.666446   -0.19616   -0.10417    0.31281    9    orth
   11      0.519D-07      0.135D-07      -152.11552281    167.666449   -0.19616   -0.10417    0.31281    9    diag
   12      0.148D-07      0.299D-08      -152.11552281    167.666449   -0.19616   -0.10417    0.31281    9    diag
   13      0.371D-08      0.674D-09      -152.11552281    167.666449   -0.19616   -0.10417    0.31281    0    orth

 Final occupancy:  10

 !RHF STATE 1.1 Energy               -152.115522805759
 Nuclear energy                        26.62657875
 One-electron energy                 -262.57532620
 Two-electron energy                   83.83322464
 Virial quotient                       -1.00252880
 !RHF STATE 1.1 Dipole moment          -0.19615641    -0.10417267     0.31281338
 Dipole moment /Debye                  -0.49854722    -0.26476317     0.79504023

 Orbital energies:

         1.1          2.1          3.1          4.1          5.1          6.1          7.1          8.1          9.1         10.1
    -20.575568   -20.574886    -1.345992    -1.344501    -0.713593    -0.710809    -0.582099    -0.581963    -0.512644    -0.512383

        11.1         12.1
      0.014509     0.033585

 HOMO     10.1    -0.512383 =     -13.9427eV
 LUMO     11.1     0.014509 =       0.3948eV
 LUMO-HOMO         0.526893 =      14.3375eV


 **********************************************************************************************************************************
 DATASETS  * FILE   NREC   LENGTH (MB)   RECORD NAMES
              1      19     8814.60       500      610      700      900      950      970     1000      129      960     1100   
                                          VAR    BASINP    GEOM    SYMINP    ZMAT    AOBASIS   BASIS     P2S    ABASIS      S 
                                         1400     1410     1200     1210     1080     1600     1650     1300     1700   
                                           T        V       H0       H01     AOSYM     SMH    MOLCAS    ERIS     OPER   

              2      11       46.80       200      700     1000      520     2100     2101     2102     2103     2104     2105   
                                        OPTIONS   GEOM     BASIS   MCVARS     RHF      RHF      RHF      RHF      RHF      RHF  
                                         2106   
                                          RHF  

 PROGRAMS   *        TOTAL        HF       INT       MP2        HF       INT       MP2        HF       INT       MP2        HF
 CPU TIMES  *      1246.07    160.52      0.11     17.86    160.38      0.11     17.81    160.32      0.11     13.11    149.07
 REAL TIME  *      2389.71 SEC
 DISK USED  *        24.32 GB      
 **********************************************************************************************************************************
 SETTING ESCF_BC        =      -152.11552281  AU                              


 PROGRAM * MP2 (Closed-shell)     Authors: C. Hampel, H.-J. Werner, 1991, M. Deegan, P.J. Knowles, 1992


 Convergence thresholds:  THRVAR = 1.00D-08  THRDEN = 1.00D-08

 Number of core orbitals:           2 (   2 )
 Number of closed-shell orbitals:   8 (   8 )
 Number of external orbitals:     312 ( 312 )

 Molecular orbitals read from record     2106.2  Type=RHF/CANONICAL (state 1.1)

 Number of N-1 electron functions:               8
 Number of N-2 electron functions:              36
 Number of singly external CSFs:              2496
 Number of doubly external CSFs:           3116256
 Total number of CSFs:                     3118753

 Length of J-op  integral file:               0.00 MB
 Length of K-op  integral file:               7.17 MB

 Integral transformation finished. Total CPU:  17.42 sec, npass=  1  Memory used:   8.54 MW

 Memory needed for MP2:                      0.51 MW

 SCS-MP2 correlation energy:           -0.535110279942   (PS=  1.200000  PT=  0.333333)
 SCS-MP2 total energy:               -152.650633085700


  Reference energy                   -152.115522805758
  MP2 singlet pair energy              -0.343934226318
  MP2 triplet pair energy              -0.196696942008
  MP2 correlation energy               -0.540631168325

 !MP2 total energy                   -152.656153974084


 **********************************************************************************************************************************
 DATASETS  * FILE   NREC   LENGTH (MB)   RECORD NAMES
              1      20     8861.20       500      610      700      900      950      970     1000      129      960     1100   
                                          VAR    BASINP    GEOM    SYMINP    ZMAT    AOBASIS   BASIS     P2S    ABASIS      S 
                                         1400     1410     1200     1210     1080     1600     1650     1300     1700     1380   
                                           T        V       H0       H01     AOSYM     SMH    MOLCAS    ERIS     OPER     JKOP   

              2      11       46.80       200      700     1000      520     2100     2101     2102     2103     2104     2105   
                                        OPTIONS   GEOM     BASIS   MCVARS     RHF      RHF      RHF      RHF      RHF      RHF  
                                         2106   
                                          RHF  

 PROGRAMS   *        TOTAL       MP2        HF       INT       MP2        HF       INT       MP2        HF       INT       MP2
 CPU TIMES  *      1263.89     17.83    160.52      0.11     17.86    160.38      0.11     17.81    160.32      0.11     13.11
 REAL TIME  *      2416.34 SEC
 DISK USED  *        24.32 GB      
 **********************************************************************************************************************************
 SETTING EMP2_BC        =      -152.65615397  AU                              
 SETTING EMP2_CORR_BC   =        -0.54063117  AU                              
 SETTING E_INT_ABC      =        -0.00027371  AU                              
 SETTING E_INT_AB       =    -5.62760348D-05  AU                              
 SETTING E_INT_AC       =        -0.00059919  AU                              
 SETTING E_INT_BC       =         0.00039553  AU                              
 SETTING E_ADD          =        -0.00025994  AU                              
 SETTING E_NONADD_MP2   =    -1.37731107D-05  AU                              
 SETTING E_INT_ABC_CORR =        -0.00165078  AU                              
 SETTING E_INT_AB_CORR  =        -0.00076039  AU                              
 SETTING E_INT_AC_CORR  =        -0.00081068  AU                              
 SETTING E_INT_BC_CORR  =    -8.09033242D-05  AU                              
 SETTING E_INT_ABC_CORR_ADD              =      -0.00165197  AU                              
 SETTING E_INT_ABC_CORR_NONADD           =   1.18272695D-06  AU                              
 SETTING E_INT_ABC_HF   =         0.00137708  AU                              
 SETTING E_INT_AB_HF    =         0.00070411  AU                              
 SETTING E_INT_AC_HF    =         0.00021148  AU                              
 SETTING E_INT_BC_HF    =         0.00047644  AU                              
 SETTING E_INT_ABC_HF_ADD                =       0.00139203  AU                              
 SETTING E_INT_ABC_HF_NONADD             =  -1.49558377D-05  AU                              

 *** results in millihartree
 E_INT_ABC        =        -0.00027371 AU
 E_INT_AB         =        -0.00005628 AU
 E_INT_AC         =        -0.00059919 AU
 E_INT_BC         =         0.00039553 AU
 E_ADD            =        -0.00025994 AU
 E_NONADD_MP2     =        -0.00001377 AU
 E_INT_ABC_CORR   =        -0.00165078 AU
 E_INT_AB_CORR    =        -0.00076039 AU
 E_INT_AC_CORR    =        -0.00081068 AU
 E_INT_BC_CORR    =        -0.00008090 AU
 E_INT_ABC_CORR_ADD       =        -0.00165197 AU
 E_INT_ABC_CORR_NONADD    =         0.00000118 AU
 E_INT_ABC_HF     =         0.00137708 AU
 E_INT_AB_HF      =         0.00070411 AU
 E_INT_AC_HF      =         0.00021148 AU
 E_INT_BC_HF      =         0.00047644 AU
 E_INT_ABC_HF_ADD =         0.00139203 AU
 E_INT_ABC_HF_NONADD      =        -0.00001496 AU

 MP2/aug-cc-pVTZ energy=   -152.656153974084

        MP2             HF-SCF          MP2             HF-SCF          MP2             HF-SCF          MP2             HF-SCF  
   -152.65615397   -152.11552281   -116.74286224   -116.27134417   -116.74207001   -116.27029956    -76.32839941    -76.05827561
 **********************************************************************************************************************************
 Molpro calculation terminated
 Variable memory released
