
 Primary working directories    : /net/scratch/people/plgsirous
 Secondary working directories  : /net/scratch/people/plgsirous
 Wavefunction directory         : /net/people/plgsirous/wfu/
 Main file repository           : /net/scratch/people/plgsirous/

 SHA1      : 
 NAME      : 
 ARCHNAME  : linux/x86_64
 FC        : /net/software/local/intel/impi/2018.1.163/bin64/mpiifort
 BLASLIB   : -L/net/software/local/intel/compilers_and_libraries_2018.1.163/linux/mkl/lib/intel64 -lmkl_scalapack_ilp64 -lmkl_intel_ilp64 -lmkl_intel_thread -lmkl_core -lmkl_blacs_intelmpi_ilp64 -liomp5 -lpthread -lm -ldl
 id        : pl

 Nodes     nprocs
 p2264        1

 Using customized tuning parameters: mindgm=7; mindgv=20; mindgc=1; mindgr=1; noblas=0; minvec=7
 default implementation of scratch files=df  

 ***,MP2SD(T)
 memory,14000,m
 gthresh,orbital=1d-8,energy=1d-8,twoint=1.d-19
 angstrom
 geometry={
 C1        -3.2772    1.4825     1.2719
 H1        -2.4640    0.8996     1.6510
 H2        -3.1608    2.5010     1.5785
 H3        -4.2018    1.0992     1.6501
 H4        -3.2685    1.4210     0.2037
 O1        -6.5618    3.0044     2.4378
 H5        -6.4278    2.0811     2.7596
 H6        -5.8760    3.5424     2.8824
 O2        -3.5189    -2.4195     0.9913
 H7        -3.3889    -3.3718     0.8933
 H8        -2.9907    -2.0102     0.2310
   }
 
 nkerna=1
 nkernb=1
 nkernc=1
 nkernab=$nkerna+$nkernb
 nkernac=$nkerna+$nkernc
 nkernbc=$nkernb+$nkernc
 nkernabc=$nkerna+$nkernb+$nkernc
 
 proc set_monomera
 core,$nkerna
 dummy,6,7,8,9,10,11;
 endproc
 
 proc set_monomerb
 core,$nkernb
 dummy,1,2,3,4,5,9,10,11;
 endproc
 
 proc set_monomerc
 core,$nkernc
 dummy,1,2,3,4,5,6,7,8;
 endproc
 
 proc set_dimerab
 core,$nkerna+$nkernb
 dummy,9,10,11;
 endproc
 
 proc set_dimerac
 core,$nkerna+$nkernc
 dummy,6,7,8;
 endproc
 
 proc set_dimerbc
 core,$nkernb+$nkernc
 dummy,1,2,3,4,5;
 endproc
 
 proc set_trimerabc
 core,$nkerna+$nkernb+$nkernc
 endproc
 
 basis=avtz
 
 set_trimerabc
 hf
 Escf_ABC=energy
 mp2
 Emp2_ABC=energy
 Emp2_corr_ABC=(Emp2_ABC)-(Escf_ABC)
 
 set_monomera
 {hf
 start,atden}
 Escf_A=energy
 mp2
 Emp2_A=energy
 Emp2_corr_A=(Emp2_A)-(Escf_A)
 
 set_monomerb
 {hf
 start,atden}
 Escf_B=energy
 mp2
 Emp2_B=energy
 Emp2_corr_B=(Emp2_B)-(Escf_B)
 
 set_monomerc
 {hf
 start,atden}
 Escf_C=energy
 mp2
 Emp2_C=energy
 Emp2_corr_C=(Emp2_C)-(Escf_C)
 
 set_dimerab
 {hf
 start,atden}
 Escf_AB=energy
 mp2
 Emp2_AB=energy
 Emp2_corr_AB=(Emp2_AB)-(Escf_AB)
 
 set_dimerac
 {hf
 start,atden}
 Escf_AC=energy
 mp2
 Emp2_AC=energy
 Emp2_corr_AC=(Emp2_AC)-(Escf_AC)
 
 set_dimerbc
 {hf
 start,atden}
 Escf_BC=energy
 mp2
 Emp2_BC=energy
 Emp2_corr_BC=(Emp2_BC)-(Escf_BC)
 
 E_int_ABC=Emp2_ABC-(Emp2_A+Emp2_B+Emp2_C)
 E_int_AB=Emp2_AB-(Emp2_A+Emp2_B)
 E_int_AC=Emp2_AC-(Emp2_A+Emp2_C)
 E_int_BC=Emp2_BC-(Emp2_B+Emp2_C)
 E_add=E_int_AB+E_int_AC+E_int_BC
 E_nonadd_MP2=E_int_ABC-(E_int_AB+E_int_AC+E_int_BC)
                                                                                 !!!!!Correlation part of interaction energy!!!!!!
 E_int_ABC_corr=Emp2_corr_ABC-(Emp2_corr_A+Emp2_corr_B+Emp2_corr_C)
 E_int_AB_corr=Emp2_corr_AB-(Emp2_corr_A+Emp2_corr_B)
 E_int_AC_corr=Emp2_corr_AC-(Emp2_corr_A+Emp2_corr_C)
 E_int_BC_corr=Emp2_corr_BC-(Emp2_corr_B+Emp2_corr_C)
 E_int_ABC_corr_add=E_int_AB_corr+E_int_AC_corr+E_int_BC_corr
 E_int_ABC_corr_nonadd=E_int_ABC_corr-E_int_ABC_corr_add
                                                                                 !!!!HF part of interaction energy!!!!
 E_int_ABC_HF=E_int_ABC-E_int_ABC_corr
 E_int_AB_HF=E_int_AB-E_int_AB_corr
 E_int_AC_HF=E_int_AC-E_int_AC_corr
 E_int_BC_HF=E_int_BC-E_int_BC_corr
 E_int_ABC_HF_add=E_int_AB_HF+E_int_AC_HF+E_int_BC_HF
 E_int_ABC_HF_nonadd=E_int_ABC_HF-E_int_ABC_HF_add
 
 text,results in millihartree
                                                                                 !!!!Interacion Energies!!!!!!
 show,E_int_ABC,E_int_AB,E_int_AC,E_int_BC,E_add,E_nonadd_MP2
                                                                                 !!!!Correlation Part!!!!!!!!
 show,E_int_ABC_corr,E_int_AB_corr,E_int_AC_corr,E_int_BC_corr,E_int_ABC_corr_add,E_int_ABC_corr_nonadd
                                                                                 !!!!SCF Part!!!!!
 show,E_int_ABC_HF,E_int_AB_HF,E_int_AC_HF,E_int_BC_HF,E_int_ABC_HF_add,E_int_ABC_HF_nonadd

 Variables initialized (889), CPU time= 0.01 sec
 Commands  initialized (702), CPU time= 0.00 sec, 572 directives.
 Default parameters read. Elapsed time= 0.33 sec

 Checking input...
 Passed
1


                                         ***  PROGRAM SYSTEM MOLPRO  ***
                                       Copyright, TTI GmbH Stuttgart, 2015
                                    Version 2015.1 linked Jul  2 2018 15:03:07


 **********************************************************************************************************************************
 LABEL *   MP2SD(T)                                                                      
  64 bit serial version                                                                  DATE: 21-Nov-18          TIME: 13:34:50  
 **********************************************************************************************************************************

 SHA1:             
 **********************************************************************************************************************************

 THRESHOLDS:

 ZERO    =  1.00D-12  ONEINT  =  1.00D-12  TWOINT  =  1.00D-19  PREFAC  =  1.00D-14  LOCALI  =  1.00D-09  EORDER  =  1.00D-04
 ENERGY  =  1.00D-08  ETEST   =  0.00D+00  EDENS   =  0.00D+00  THRDEDEF=  1.00D-06  GRADIENT=  1.00D-02  STEP    =  1.00D-03
 ORBITAL =  1.00D-08  CIVEC   =  1.00D-05  COEFF   =  1.00D-04  PRINTCI =  5.00D-02  PUNCHCI =  9.90D+01  OPTGRAD =  3.00D-04
 OPTENERG=  1.00D-06  OPTSTEP =  3.00D-04  THRGRAD =  1.00D-10  COMPRESS=  1.00D-11  VARMIN  =  1.00D-07  VARMAX  =  1.00D-03
 THRDOUB =  0.00D+00  THRDIV  =  1.00D-05  THRRED  =  1.00D-07  THRPSP  =  1.00D+00  THRDC   =  1.00D-10  THRCS   =  1.00D-10
 THRNRM  =  1.00D-08  THREQ   =  0.00D+00  THRDE   =  1.00D+00  THRREF  =  1.00D-05  SPARFAC =  1.00D+00  THRDLP  =  1.00D-07
 THRDIA  =  1.00D-10  THRDLS  =  1.00D-07  THRGPS  =  0.00D+00  THRKEX  =  0.00D+00  THRDIS  =  2.00D-01  THRVAR  =  1.00D-10
 THRLOC  =  1.00D-06  THRGAP  =  1.00D-06  THRLOCT = -1.00D+00  THRGAPT = -1.00D+00  THRORB  =  1.00D-06  THRMLTP =  0.00D+00
 THRCPQCI=  1.00D-10  KEXTA   =  0.00D+00  THRCOARS=  0.00D+00  SYMTOL  =  1.00D-06  GRADTOL =  1.00D-06  THROVL  =  1.00D-08
 THRORTH =  1.00D-08  GRID    =  1.00D-06  GRIDMAX =  1.00D-03  DTMAX   =  0.00D+00  THROCCDE=  1.00D-01  THROCCDE=  1.00D-01


 ZUNIT=ANG
 

Geometry recognized as XYZ

 SETTING NKERNA         =         1.00000000                                  
 SETTING NKERNB         =         1.00000000                                  
 SETTING NKERNC         =         1.00000000                                  
 SETTING NKERNAB        =         2.00000000                                  
 SETTING NKERNAC        =         2.00000000                                  
 SETTING NKERNBC        =         2.00000000                                  
 SETTING NKERNABC       =         3.00000000                                  

 Variable memory set to ********** words,  buffer space   230000 words

 SETTING BASIS          =    AVTZ

 Running procedure=SET_TRIMERABC


 Recomputing integrals since basis changed


 Using spherical harmonics

 Library entry C      S aug-cc-pVTZ          selected for orbital group  1
 Library entry C      P aug-cc-pVTZ          selected for orbital group  1
 Library entry C      D aug-cc-pVTZ          selected for orbital group  1
 Library entry C      F aug-cc-pVTZ          selected for orbital group  1
 Library entry H      S aug-cc-pVTZ          selected for orbital group  2
 Library entry H      P aug-cc-pVTZ          selected for orbital group  2
 Library entry H      D aug-cc-pVTZ          selected for orbital group  2
 Library entry O      S aug-cc-pVTZ          selected for orbital group  3
 Library entry O      P aug-cc-pVTZ          selected for orbital group  3
 Library entry O      D aug-cc-pVTZ          selected for orbital group  3
 Library entry O      F aug-cc-pVTZ          selected for orbital group  3


 PROGRAM * SEWARD (Integral evaluation for generally contracted gaussian basis sets)     Author: Roland Lindh, 1990

 Geometry written to block  1 of record 700


 Point group  C1  



 ATOMIC COORDINATES

 NR  ATOM    CHARGE       X              Y              Z

   1  C1      6.00   -6.193010455    2.801518980    2.403542658
   2  H1      1.00   -4.656285171    1.699997622    3.119937832
   3  H2      1.00   -5.973046335    4.726205038    2.982932688
   4  H3      1.00   -7.940251230    2.077186956    3.118237078
   5  H4      1.00   -6.176569838    2.685300823    0.384937212
   6  O1      8.00  -12.400004884    5.677493169    4.606774346
   7  H5      1.00  -12.146781583    3.932709038    5.214888213
   8  H6      1.00  -11.104030708    6.694165824    5.446946581
   9  O2      8.00   -6.649757260   -4.572192358    1.873285507
  10  H7      1.00   -6.404092864   -6.371778547    1.688092347
  11  H8      1.00   -5.651603921   -3.798727456    0.436526735

 Bond lengths in Bohr (Angstrom)

 1-2  2.021904040  1-3  2.022002335  1-4  2.021953343  1-5  2.022015060  6-7  1.864992273
     ( 1.069945541)     ( 1.069997556)     ( 1.069971630)     ( 1.070004290)     ( 0.986911409)

  6- 8  1.849070506   9-10  1.825693827   9-11  1.912807835
       ( 0.978485973)       ( 0.966115568)       ( 1.012214315)

 Bond angles

  2-1-3  109.53398059   2-1-4  109.65604535   2-1-5  108.43490854   3-1-4  109.49436728

  3- 1- 5  109.86987750   4- 1- 5  109.83468330   7- 6- 8  105.72790617  10- 9-11  104.60595341

 NUCLEAR CHARGE:                   30
 NUMBER OF PRIMITIVE AOS:         417
 NUMBER OF SYMMETRY AOS:          374
 NUMBER OF CONTRACTIONS:          322   ( 322A   )
 NUMBER OF CORE ORBITALS:           3   (   3A   )
 NUMBER OF VALENCE ORBITALS:       20   (  20A   )


 NUCLEAR REPULSION ENERGY   67.12077296


 Eigenvalues of metric

         1 0.454E-04 0.585E-04 0.756E-04 0.963E-04 0.323E-03 0.339E-03 0.366E-03 0.369E-03


 Contracted 2-electron integrals neglected if value below      1.0D-19
 AO integral compression algorithm  1   Integral accuracy      1.0D-19

     9052.881 MB (compressed) written to integral file ( 75.9%)


 NUMBER OF SORTED TWO-ELECTRON INTEGRALS: 1352182006.     BUFFER LENGTH:  32768
 NUMBER OF SEGMENTS:  43  SEGMENT LENGTH:   31998710      RECORD LENGTH: 524288

 Memory used in sort:      32.56 MW

 SORT1 READ  1490022954. AND WROTE  1171576768. INTEGRALS IN   3374 RECORDS. CPU TIME:    14.45 SEC, REAL TIME:    96.55 SEC
 SORT2 READ  1171576768. AND WROTE  1352182006. INTEGRALS IN  34534 RECORDS. CPU TIME:    15.54 SEC, REAL TIME:    92.89 SEC

 FILE SIZES:   FILE 1:  9076.8 MBYTE,  FILE 4: 14151.6 MBYTE,   TOTAL:  23228.4 MBYTE

 OPERATOR DM      FOR CENTER  0  COORDINATES:    0.000000    0.000000    0.000000


 **********************************************************************************************************************************
 DATASETS  * FILE   NREC   LENGTH (MB)   RECORD NAMES
              1      19     8278.57       500      610      700      900      950      970     1000      129      960     1100   
                                          VAR    BASINP    GEOM    SYMINP    ZMAT    AOBASIS   BASIS     P2S    ABASIS      S 
                                         1400     1410     1200     1210     1080     1600     1650     1300     1700   
                                           T        V       H0       H01     AOSYM     SMH    MOLCAS    ERIS     OPER   

 PROGRAMS   *        TOTAL       INT
 CPU TIMES  *        67.82     67.67
 REAL TIME  *       330.95 SEC
 DISK USED  *        23.23 GB      
 **********************************************************************************************************************************


 PROGRAM * RHF-SCF (CLOSED SHELL)       Authors: W. Meyer, H.-J. Werner


 NUMBER OF ELECTRONS:      15+   15-    SPACE SYMMETRY=1    SPIN SYMMETRY: Singlet 
 CONVERGENCE THRESHOLDS:    1.00E-08 (Density)    1.00E-09 (Energy)
 MAX. NUMBER OF ITERATIONS:       60
 INTERPOLATION TYPE:            DIIS
 INTERPOLATION STEPS:              2 (START)      1 (STEP)
 LEVEL SHIFTS:                  0.00 (CLOSED)  0.00 (OPEN) 



 Orbital guess generated from atomic densities. Full valence occupancy:   23

 Molecular orbital dump at record        2100.2

 Initial occupancy:  15

 ITERATION    DDIFF          GRAD             ENERGY        2-EL.EN.            DIPOLE MOMENTS         DIIS   ORB.
    1      0.000D+00      0.000D+00      -192.22989753    279.292881    1.44037   -0.89074   -0.09767    0    start
    2      0.000D+00      0.479D-02      -192.30039572    270.686979    0.81597   -0.55408   -0.06499    1    diag
    3      0.508D-02      0.294D-02      -192.32547445    274.360077    0.97125   -0.63874   -0.07036    2    diag
    4      0.175D-02      0.367D-03      -192.32634463    274.159080    0.96028   -0.63378   -0.06604    3    diag
    5      0.334D-03      0.106D-03      -192.32643666    274.166340    0.95861   -0.63419   -0.06588    4    diag
    6      0.115D-03      0.270D-04      -192.32644231    274.173299    0.95781   -0.63415   -0.06538    5    diag
    7      0.323D-04      0.639D-05      -192.32644275    274.170802    0.95775   -0.63426   -0.06543    6    diag
    8      0.979D-05      0.179D-05      -192.32644278    274.170949    0.95767   -0.63427   -0.06534    7    diag
    9      0.230D-05      0.827D-06      -192.32644279    274.171022    0.95764   -0.63427   -0.06537    8    diag
   10      0.749D-06      0.185D-06      -192.32644279    274.170989    0.95762   -0.63426   -0.06537    9    orth
   11      0.331D-06      0.226D-07      -192.32644279    274.170990    0.95762   -0.63426   -0.06537    9    diag
   12      0.308D-07      0.683D-08      -192.32644279    274.170992    0.95762   -0.63426   -0.06537    9    diag
   13      0.132D-07      0.139D-08      -192.32644279    274.170991    0.95762   -0.63426   -0.06537    9    diag
   14      0.200D-08      0.442D-09      -192.32644279    274.170992    0.95762   -0.63426   -0.06537    0    orth

 Final occupancy:  15

 !RHF STATE 1.1 Energy               -192.326442787369
 Nuclear energy                        67.12077296
 One-electron energy                 -396.53271158
 Two-electron energy                  137.08549584
 Virial quotient                       -1.00184916
 !RHF STATE 1.1 Dipole moment           0.95762452    -0.63426182    -0.06536634
 Dipole moment /Debye                   2.43387932    -1.61202716    -0.16613377

 Orbital energies:

         1.1          2.1          3.1          4.1          5.1          6.1          7.1          8.1          9.1         10.1
    -20.574544   -20.565940   -11.196486    -1.340192    -1.335229    -0.949940    -0.703144    -0.701618    -0.580801    -0.573750

        11.1         12.1         13.1         14.1         15.1         16.1         17.1
     -0.551657    -0.548674    -0.546501    -0.509902    -0.502483     0.024270     0.034695

 HOMO     15.1    -0.502483 =     -13.6733eV
 LUMO     16.1     0.024270 =       0.6604eV
 LUMO-HOMO         0.526753 =      14.3337eV


 **********************************************************************************************************************************
 DATASETS  * FILE   NREC   LENGTH (MB)   RECORD NAMES
              1      19     8278.57       500      610      700      900      950      970     1000      129      960     1100   
                                          VAR    BASINP    GEOM    SYMINP    ZMAT    AOBASIS   BASIS     P2S    ABASIS      S 
                                         1400     1410     1200     1210     1080     1600     1650     1300     1700   
                                           T        V       H0       H01     AOSYM     SMH    MOLCAS    ERIS     OPER   

              2       5        6.86       200      700     1000      520     2100   
                                        OPTIONS   GEOM     BASIS   MCVARS     RHF  

 PROGRAMS   *        TOTAL        HF       INT
 CPU TIMES  *       239.43    171.61     67.67
 REAL TIME  *       706.39 SEC
 DISK USED  *        23.23 GB      
 **********************************************************************************************************************************
 SETTING ESCF_ABC       =      -192.32644279  AU                              


 PROGRAM * MP2 (Closed-shell)     Authors: C. Hampel, H.-J. Werner, 1991, M. Deegan, P.J. Knowles, 1992


 Convergence thresholds:  THRVAR = 1.00D-08  THRDEN = 1.00D-08

 Number of core orbitals:           3 (   3 )
 Number of closed-shell orbitals:  12 (  12 )
 Number of external orbitals:     307 ( 307 )

 Molecular orbitals read from record     2100.2  Type=RHF/CANONICAL (state 1.1)

 Number of N-1 electron functions:              12
 Number of N-2 electron functions:              78
 Number of singly external CSFs:              3684
 Number of doubly external CSFs:           6787770
 Total number of CSFs:                     6791455

 Length of J-op  integral file:               0.00 MB
 Length of K-op  integral file:               7.17 MB

 Integral transformation finished. Total CPU:  22.26 sec, npass=  1  Memory used:  15.72 MW

 Memory needed for MP2:                      0.51 MW

 SCS-MP2 correlation energy:           -0.745707734426   (PS=  1.200000  PT=  0.333333)
 SCS-MP2 total energy:               -193.072150521795


  Reference energy                   -192.326442787369
  MP2 singlet pair energy              -0.490254217795
  MP2 triplet pair energy              -0.252968581722
  MP2 correlation energy               -0.743222799518

 !MP2 total energy                   -193.069665586887


 **********************************************************************************************************************************
 DATASETS  * FILE   NREC   LENGTH (MB)   RECORD NAMES
              1      20     8377.58       500      610      700      900      950      970     1000      129      960     1100   
                                          VAR    BASINP    GEOM    SYMINP    ZMAT    AOBASIS   BASIS     P2S    ABASIS      S 
                                         1400     1410     1200     1210     1080     1600     1650     1300     1700     1380   
                                           T        V       H0       H01     AOSYM     SMH    MOLCAS    ERIS     OPER     JKOP   

              2       5        6.86       200      700     1000      520     2100   
                                        OPTIONS   GEOM     BASIS   MCVARS     RHF  

 PROGRAMS   *        TOTAL       MP2        HF       INT
 CPU TIMES  *       262.50     23.07    171.61     67.67
 REAL TIME  *       752.90 SEC
 DISK USED  *        23.23 GB      
 **********************************************************************************************************************************
 SETTING EMP2_ABC       =      -193.06966559  AU                              
 SETTING EMP2_CORR_ABC  =        -0.74322280  AU                              

 Running procedure=SET_MONOMERA

 Dummy atoms: O1  H5  H6  O2  H7  H8


 Recomputing one-electron integrals since nuclear charges changed


 PROGRAM * SEWARD (Integral evaluation for generally contracted gaussian basis sets)     Author: Roland Lindh, 1990

 Geometry written to block  1 of record 700


 Point group  C1  



 ATOMIC COORDINATES

 NR  ATOM    CHARGE       X              Y              Z

   1  C1      6.00   -6.193010455    2.801518980    2.403542658
   2  H1      1.00   -4.656285171    1.699997622    3.119937832
   3  H2      1.00   -5.973046335    4.726205038    2.982932688
   4  H3      1.00   -7.940251230    2.077186956    3.118237078
   5  H4      1.00   -6.176569838    2.685300823    0.384937212
   6  O1      0.00  -12.400004884    5.677493169    4.606774346
   7  H5      0.00  -12.146781583    3.932709038    5.214888213
   8  H6      0.00  -11.104030708    6.694165824    5.446946581
   9  O2      0.00   -6.649757260   -4.572192358    1.873285507
  10  H7      0.00   -6.404092864   -6.371778547    1.688092347
  11  H8      0.00   -5.651603921   -3.798727456    0.436526735

 Bond lengths in Bohr (Angstrom)

 1-2  2.021904040  1-3  2.022002335  1-4  2.021953343  1-5  2.022015060  6-7  1.864992273
     ( 1.069945541)     ( 1.069997556)     ( 1.069971630)     ( 1.070004290)     ( 0.986911409)

  6- 8  1.849070506   9-10  1.825693827   9-11  1.912807835
       ( 0.978485973)       ( 0.966115568)       ( 1.012214315)

 Bond angles

  2-1-3  109.53398059   2-1-4  109.65604535   2-1-5  108.43490854   3-1-4  109.49436728

  3- 1- 5  109.86987750   4- 1- 5  109.83468330   7- 6- 8  105.72790617  10- 9-11  104.60595341

 NUCLEAR CHARGE:                   10
 NUMBER OF PRIMITIVE AOS:         417
 NUMBER OF SYMMETRY AOS:          374
 NUMBER OF CONTRACTIONS:          322   ( 322A   )
 NUMBER OF CORE ORBITALS:           1   (   1A   )
 NUMBER OF VALENCE ORBITALS:        8   (   8A   )

 MOLECULE CHANGED: INITIALIZING OCCUPATION AND DUMP RECORDS


 NUCLEAR REPULSION ENERGY   13.68681606


 Eigenvalues of metric

         1 0.454E-04 0.585E-04 0.756E-04 0.963E-04 0.323E-03 0.339E-03 0.366E-03 0.369E-03


 Contracted 2-electron integrals neglected if value below      1.0D-19

 OPERATOR DM      FOR CENTER  0  COORDINATES:    0.000000    0.000000    0.000000


 **********************************************************************************************************************************
 DATASETS  * FILE   NREC   LENGTH (MB)   RECORD NAMES
              1      19     8278.57       500      610      700      900      950      970     1000      129      960     1100   
                                          VAR    BASINP    GEOM    SYMINP    ZMAT    AOBASIS   BASIS     P2S    ABASIS      S 
                                         1400     1410     1200     1210     1080     1600     1650     1300     1700   
                                           T        V       H0       H01     AOSYM     SMH    MOLCAS    ERIS     OPER   

              2       5        6.86       200      700     1000      520     2100   
                                        OPTIONS   GEOM     BASIS   MCVARS     RHF  

 PROGRAMS   *        TOTAL       INT       MP2        HF       INT
 CPU TIMES  *       262.61      0.11     23.07    171.61     67.67
 REAL TIME  *       753.17 SEC
 DISK USED  *        23.23 GB      
 **********************************************************************************************************************************


 PROGRAM * RHF-SCF (CLOSED SHELL)       Authors: W. Meyer, H.-J. Werner


 NUMBER OF ELECTRONS:       5+    5-    SPACE SYMMETRY=1    SPIN SYMMETRY: Singlet 
 CONVERGENCE THRESHOLDS:    1.00E-08 (Density)    1.00E-09 (Energy)
 MAX. NUMBER OF ITERATIONS:       60
 INTERPOLATION TYPE:            DIIS
 INTERPOLATION STEPS:              2 (START)      1 (STEP)
 LEVEL SHIFTS:                  0.00 (CLOSED)  0.00 (OPEN) 



 Orbital guess generated from atomic densities. Full valence occupancy:    9

 Molecular orbital dump at record        2101.2

 Initial occupancy:   5

 ITERATION    DDIFF          GRAD             ENERGY        2-EL.EN.            DIPOLE MOMENTS         DIIS   ORB.
    1      0.000D+00      0.000D+00       -40.19359247     53.494056    0.00411   -0.00274   -0.00131    0    start
    2      0.000D+00      0.298D-02       -40.21071117     52.213660    0.00129   -0.00085   -0.00040    1    diag
    3      0.233D-02      0.116D-02       -40.21295993     52.664848    0.00182   -0.00121   -0.00057    2    diag
    4      0.665D-03      0.288D-03       -40.21327549     52.609822    0.00162   -0.00108   -0.00050    3    diag
    5      0.220D-03      0.374D-04       -40.21328089     52.612158    0.00159   -0.00106   -0.00050    4    diag
    6      0.558D-04      0.291D-05       -40.21328093     52.612256    0.00159   -0.00106   -0.00050    5    diag
    7      0.491D-05      0.223D-06       -40.21328093     52.612222    0.00159   -0.00106   -0.00049    6    diag
    8      0.671D-06      0.187D-07       -40.21328093     52.612223    0.00159   -0.00106   -0.00049    7    diag
    9      0.135D-06      0.242D-08       -40.21328093     52.612223    0.00159   -0.00106   -0.00049    8    diag
   10      0.853D-08      0.678D-09       -40.21328093     52.612223    0.00159   -0.00106   -0.00049    0    orth

 Final occupancy:   5

 !RHF STATE 1.1 Energy                -40.213280932868
 Nuclear energy                        13.68681606
 One-electron energy                  -80.20620831
 Two-electron energy                   26.30611132
 Virial quotient                       -0.99869991
 !RHF STATE 1.1 Dipole moment           0.00158992    -0.00105821    -0.00049471
 Dipole moment /Debye                   0.00404091    -0.00268952    -0.00125734

 Orbital energies:

         1.1          2.1          3.1          4.1          5.1          6.1          7.1
    -11.197216    -0.950740    -0.551695    -0.549761    -0.547580     0.024424     0.035067

 HOMO      5.1    -0.547580 =     -14.9004eV
 LUMO      6.1     0.024424 =       0.6646eV
 LUMO-HOMO         0.572005 =      15.5650eV


 **********************************************************************************************************************************
 DATASETS  * FILE   NREC   LENGTH (MB)   RECORD NAMES
              1      19     8278.57       500      610      700      900      950      970     1000      129      960     1100   
                                          VAR    BASINP    GEOM    SYMINP    ZMAT    AOBASIS   BASIS     P2S    ABASIS      S 
                                         1400     1410     1200     1210     1080     1600     1650     1300     1700   
                                           T        V       H0       H01     AOSYM     SMH    MOLCAS    ERIS     OPER   

              2       6       13.52       200      700     1000      520     2100     2101   
                                        OPTIONS   GEOM     BASIS   MCVARS     RHF      RHF  

 PROGRAMS   *        TOTAL        HF       INT       MP2        HF       INT
 CPU TIMES  *       388.21    125.60      0.11     23.07    171.61     67.67
 REAL TIME  *       961.72 SEC
 DISK USED  *        23.23 GB      
 **********************************************************************************************************************************
 SETTING ESCF_A         =       -40.21328093  AU                              


 PROGRAM * MP2 (Closed-shell)     Authors: C. Hampel, H.-J. Werner, 1991, M. Deegan, P.J. Knowles, 1992


 Convergence thresholds:  THRVAR = 1.00D-08  THRDEN = 1.00D-08

 Number of core orbitals:           1 (   1 )
 Number of closed-shell orbitals:   4 (   4 )
 Number of external orbitals:     317 ( 317 )

 Molecular orbitals read from record     2101.2  Type=RHF/CANONICAL (state 1.1)

 Number of N-1 electron functions:               4
 Number of N-2 electron functions:              10
 Number of singly external CSFs:              1268
 Number of doubly external CSFs:            804546
 Total number of CSFs:                      805815

 Length of J-op  integral file:               0.00 MB
 Length of K-op  integral file:               7.17 MB

 Integral transformation finished. Total CPU:  12.91 sec, npass=  1  Memory used:   3.87 MW

 Memory needed for MP2:                      0.52 MW

 SCS-MP2 correlation energy:           -0.208856883309   (PS=  1.200000  PT=  0.333333)
 SCS-MP2 total energy:                -40.422137816176


  Reference energy                    -40.213280932867
  MP2 singlet pair energy              -0.145492381453
  MP2 triplet pair energy              -0.055070398230
  MP2 correlation energy               -0.200562779683

 !MP2 total energy                    -40.413843712550


 **********************************************************************************************************************************
 DATASETS  * FILE   NREC   LENGTH (MB)   RECORD NAMES
              1      20     8292.71       500      610      700      900      950      970     1000      129      960     1100   
                                          VAR    BASINP    GEOM    SYMINP    ZMAT    AOBASIS   BASIS     P2S    ABASIS      S 
                                         1400     1410     1200     1210     1080     1600     1650     1300     1700     1380   
                                           T        V       H0       H01     AOSYM     SMH    MOLCAS    ERIS     OPER     JKOP   

              2       6       13.52       200      700     1000      520     2100     2101   
                                        OPTIONS   GEOM     BASIS   MCVARS     RHF      RHF  

 PROGRAMS   *        TOTAL       MP2        HF       INT       MP2        HF       INT
 CPU TIMES  *       401.29     13.08    125.60      0.11     23.07    171.61     67.67
 REAL TIME  *       999.82 SEC
 DISK USED  *        23.23 GB      
 **********************************************************************************************************************************
 SETTING EMP2_A         =       -40.41384371  AU                              
 SETTING EMP2_CORR_A    =        -0.20056278  AU                              

 Running procedure=SET_MONOMERB

 Dummy atoms: C1  H1  H2  H3  H4  O2  H7  H8


 Recomputing one-electron integrals since nuclear charges changed


 PROGRAM * SEWARD (Integral evaluation for generally contracted gaussian basis sets)     Author: Roland Lindh, 1990

 Geometry written to block  1 of record 700


 Point group  C1  



 ATOMIC COORDINATES

 NR  ATOM    CHARGE       X              Y              Z

   1  C1      0.00   -6.193010455    2.801518980    2.403542658
   2  H1      0.00   -4.656285171    1.699997622    3.119937832
   3  H2      0.00   -5.973046335    4.726205038    2.982932688
   4  H3      0.00   -7.940251230    2.077186956    3.118237078
   5  H4      0.00   -6.176569838    2.685300823    0.384937212
   6  O1      8.00  -12.400004884    5.677493169    4.606774346
   7  H5      1.00  -12.146781583    3.932709038    5.214888213
   8  H6      1.00  -11.104030708    6.694165824    5.446946581
   9  O2      0.00   -6.649757260   -4.572192358    1.873285507
  10  H7      0.00   -6.404092864   -6.371778547    1.688092347
  11  H8      0.00   -5.651603921   -3.798727456    0.436526735

 Bond lengths in Bohr (Angstrom)

 1-2  2.021904040  1-3  2.022002335  1-4  2.021953343  1-5  2.022015060  6-7  1.864992273
     ( 1.069945541)     ( 1.069997556)     ( 1.069971630)     ( 1.070004290)     ( 0.986911409)

  6- 8  1.849070506   9-10  1.825693827   9-11  1.912807835
       ( 0.978485973)       ( 0.966115568)       ( 1.012214315)

 Bond angles

  2-1-3  109.53398059   2-1-4  109.65604535   2-1-5  108.43490854   3-1-4  109.49436728

  3- 1- 5  109.86987750   4- 1- 5  109.83468330   7- 6- 8  105.72790617  10- 9-11  104.60595341

 NUCLEAR CHARGE:                   10
 NUMBER OF PRIMITIVE AOS:         417
 NUMBER OF SYMMETRY AOS:          374
 NUMBER OF CONTRACTIONS:          322   ( 322A   )
 NUMBER OF CORE ORBITALS:           1   (   1A   )
 NUMBER OF VALENCE ORBITALS:        6   (   6A   )

 MOLECULE CHANGED: INITIALIZING OCCUPATION AND DUMP RECORDS


 NUCLEAR REPULSION ENERGY    8.95379726


 Eigenvalues of metric

         1 0.454E-04 0.585E-04 0.756E-04 0.963E-04 0.323E-03 0.339E-03 0.366E-03 0.369E-03


 Contracted 2-electron integrals neglected if value below      1.0D-19

 OPERATOR DM      FOR CENTER  0  COORDINATES:    0.000000    0.000000    0.000000


 **********************************************************************************************************************************
 DATASETS  * FILE   NREC   LENGTH (MB)   RECORD NAMES
              1      19     8278.57       500      610      700      900      950      970     1000      129      960     1100   
                                          VAR    BASINP    GEOM    SYMINP    ZMAT    AOBASIS   BASIS     P2S    ABASIS      S 
                                         1400     1410     1200     1210     1080     1600     1650     1300     1700   
                                           T        V       H0       H01     AOSYM     SMH    MOLCAS    ERIS     OPER   

              2       6       13.52       200      700     1000      520     2100     2101   
                                        OPTIONS   GEOM     BASIS   MCVARS     RHF      RHF  

 PROGRAMS   *        TOTAL       INT       MP2        HF       INT       MP2        HF       INT
 CPU TIMES  *       401.41      0.11     13.08    125.60      0.11     23.07    171.61     67.67
 REAL TIME  *      1007.04 SEC
 DISK USED  *        23.23 GB      
 **********************************************************************************************************************************


 PROGRAM * RHF-SCF (CLOSED SHELL)       Authors: W. Meyer, H.-J. Werner


 NUMBER OF ELECTRONS:       5+    5-    SPACE SYMMETRY=1    SPIN SYMMETRY: Singlet 
 CONVERGENCE THRESHOLDS:    1.00E-08 (Density)    1.00E-09 (Energy)
 MAX. NUMBER OF ITERATIONS:       60
 INTERPOLATION TYPE:            DIIS
 INTERPOLATION STEPS:              2 (START)      1 (STEP)
 LEVEL SHIFTS:                  0.00 (CLOSED)  0.00 (OPEN) 



 Orbital guess generated from atomic densities. Full valence occupancy:    7

 Molecular orbital dump at record        2102.2

 Initial occupancy:   5

 ITERATION    DDIFF          GRAD             ENERGY        2-EL.EN.            DIPOLE MOMENTS         DIIS   ORB.
    1      0.000D+00      0.000D+00       -76.01944157     77.318392    0.79410   -0.37649    0.74338    0    start
    2      0.000D+00      0.539D-02       -76.04602182     73.672710    0.46126   -0.21597    0.43151    1    diag
    3      0.318D-02      0.345D-02       -76.05750774     75.287329    0.54392   -0.25521    0.50879    2    diag
    4      0.116D-02      0.317D-03       -76.05770119     75.197806    0.54075   -0.25314    0.50571    3    diag
    5      0.147D-03      0.890D-04       -76.05772180     75.212038    0.53954   -0.25233    0.50452    4    diag
    6      0.462D-04      0.175D-04       -76.05772311     75.211123    0.53931   -0.25214    0.50429    5    diag
    7      0.124D-04      0.348D-05       -76.05772317     75.211255    0.53922   -0.25208    0.50420    6    diag
    8      0.347D-05      0.641D-06       -76.05772318     75.211238    0.53919   -0.25207    0.50417    7    diag
    9      0.555D-06      0.833D-07       -76.05772318     75.211229    0.53919   -0.25206    0.50417    8    diag
   10      0.623D-07      0.208D-07       -76.05772318     75.211233    0.53919   -0.25206    0.50417    9    orth
   11      0.166D-07      0.374D-08       -76.05772318     75.211232    0.53919   -0.25206    0.50417    9    diag
   12      0.353D-08      0.589D-09       -76.05772318     75.211232    0.53919   -0.25206    0.50417    0    orth

 Final occupancy:   5

 !RHF STATE 1.1 Energy                -76.057723175392
 Nuclear energy                         8.95379726
 One-electron energy                 -122.61713652
 Two-electron energy                   37.60561608
 Virial quotient                       -1.00261017
 !RHF STATE 1.1 Dipole moment           0.53918697    -0.25206327     0.50416855
 Dipole moment /Debye                   1.37038682    -0.64063896     1.28138470

 Orbital energies:

         1.1          2.1          3.1          4.1          5.1          6.1          7.1
    -20.571019    -1.339998    -0.706309    -0.577686    -0.507940     0.017679     0.032152

 HOMO      5.1    -0.507940 =     -13.8217eV
 LUMO      6.1     0.017679 =       0.4811eV
 LUMO-HOMO         0.525619 =      14.3028eV


 **********************************************************************************************************************************
 DATASETS  * FILE   NREC   LENGTH (MB)   RECORD NAMES
              1      19     8278.57       500      610      700      900      950      970     1000      129      960     1100   
                                          VAR    BASINP    GEOM    SYMINP    ZMAT    AOBASIS   BASIS     P2S    ABASIS      S 
                                         1400     1410     1200     1210     1080     1600     1650     1300     1700   
                                           T        V       H0       H01     AOSYM     SMH    MOLCAS    ERIS     OPER   

              2       7       20.17       200      700     1000      520     2100     2101     2102   
                                        OPTIONS   GEOM     BASIS   MCVARS     RHF      RHF      RHF  

 PROGRAMS   *        TOTAL        HF       INT       MP2        HF       INT       MP2        HF       INT
 CPU TIMES  *       549.82    148.41      0.11     13.08    125.60      0.11     23.07    171.61     67.67
 REAL TIME  *      1250.41 SEC
 DISK USED  *        23.23 GB      
 **********************************************************************************************************************************
 SETTING ESCF_B         =       -76.05772318  AU                              


 PROGRAM * MP2 (Closed-shell)     Authors: C. Hampel, H.-J. Werner, 1991, M. Deegan, P.J. Knowles, 1992


 Convergence thresholds:  THRVAR = 1.00D-08  THRDEN = 1.00D-08

 Number of core orbitals:           1 (   1 )
 Number of closed-shell orbitals:   4 (   4 )
 Number of external orbitals:     317 ( 317 )

 Molecular orbitals read from record     2102.2  Type=RHF/CANONICAL (state 1.1)

 Number of N-1 electron functions:               4
 Number of N-2 electron functions:              10
 Number of singly external CSFs:              1268
 Number of doubly external CSFs:            804546
 Total number of CSFs:                      805815

 Length of J-op  integral file:               0.00 MB
 Length of K-op  integral file:               7.17 MB

 Integral transformation finished. Total CPU:  12.93 sec, npass=  1  Memory used:   3.87 MW

 Memory needed for MP2:                      0.52 MW

 SCS-MP2 correlation energy:           -0.267666327306   (PS=  1.200000  PT=  0.333333)
 SCS-MP2 total energy:                -76.325389502698


  Reference energy                    -76.057723175392
  MP2 singlet pair energy              -0.172041333157
  MP2 triplet pair energy              -0.098384026368
  MP2 correlation energy               -0.270425359525

 !MP2 total energy                    -76.328148534917


 **********************************************************************************************************************************
 DATASETS  * FILE   NREC   LENGTH (MB)   RECORD NAMES
              1      20     8292.71       500      610      700      900      950      970     1000      129      960     1100   
                                          VAR    BASINP    GEOM    SYMINP    ZMAT    AOBASIS   BASIS     P2S    ABASIS      S 
                                         1400     1410     1200     1210     1080     1600     1650     1300     1700     1380   
                                           T        V       H0       H01     AOSYM     SMH    MOLCAS    ERIS     OPER     JKOP   

              2       7       20.17       200      700     1000      520     2100     2101     2102   
                                        OPTIONS   GEOM     BASIS   MCVARS     RHF      RHF      RHF  

 PROGRAMS   *        TOTAL       MP2        HF       INT       MP2        HF       INT       MP2        HF       INT
 CPU TIMES  *       562.92     13.09    148.41      0.11     13.08    125.60      0.11     23.07    171.61     67.67
 REAL TIME  *      1277.40 SEC
 DISK USED  *        23.23 GB      
 **********************************************************************************************************************************
 SETTING EMP2_B         =       -76.32814853  AU                              
 SETTING EMP2_CORR_B    =        -0.27042536  AU                              

 Running procedure=SET_MONOMERC

 Dummy atoms: C1  H1  H2  H3  H4  O1  H5  H6


 Recomputing one-electron integrals since nuclear charges changed


 PROGRAM * SEWARD (Integral evaluation for generally contracted gaussian basis sets)     Author: Roland Lindh, 1990

 Geometry written to block  1 of record 700


 Point group  C1  



 ATOMIC COORDINATES

 NR  ATOM    CHARGE       X              Y              Z

   1  C1      0.00   -6.193010455    2.801518980    2.403542658
   2  H1      0.00   -4.656285171    1.699997622    3.119937832
   3  H2      0.00   -5.973046335    4.726205038    2.982932688
   4  H3      0.00   -7.940251230    2.077186956    3.118237078
   5  H4      0.00   -6.176569838    2.685300823    0.384937212
   6  O1      0.00  -12.400004884    5.677493169    4.606774346
   7  H5      0.00  -12.146781583    3.932709038    5.214888213
   8  H6      0.00  -11.104030708    6.694165824    5.446946581
   9  O2      8.00   -6.649757260   -4.572192358    1.873285507
  10  H7      1.00   -6.404092864   -6.371778547    1.688092347
  11  H8      1.00   -5.651603921   -3.798727456    0.436526735

 Bond lengths in Bohr (Angstrom)

 1-2  2.021904040  1-3  2.022002335  1-4  2.021953343  1-5  2.022015060  6-7  1.864992273
     ( 1.069945541)     ( 1.069997556)     ( 1.069971630)     ( 1.070004290)     ( 0.986911409)

  6- 8  1.849070506   9-10  1.825693827   9-11  1.912807835
       ( 0.978485973)       ( 0.966115568)       ( 1.012214315)

 Bond angles

  2-1-3  109.53398059   2-1-4  109.65604535   2-1-5  108.43490854   3-1-4  109.49436728

  3- 1- 5  109.86987750   4- 1- 5  109.83468330   7- 6- 8  105.72790617  10- 9-11  104.60595341

 NUCLEAR CHARGE:                   10
 NUMBER OF PRIMITIVE AOS:         417
 NUMBER OF SYMMETRY AOS:          374
 NUMBER OF CONTRACTIONS:          322   ( 322A   )
 NUMBER OF CORE ORBITALS:           1   (   1A   )
 NUMBER OF VALENCE ORBITALS:        6   (   6A   )

 MOLECULE CHANGED: INITIALIZING OCCUPATION AND DUMP RECORDS


 NUCLEAR REPULSION ENERGY    8.90222806


 Eigenvalues of metric

         1 0.454E-04 0.585E-04 0.756E-04 0.963E-04 0.323E-03 0.339E-03 0.366E-03 0.369E-03


 Contracted 2-electron integrals neglected if value below      1.0D-19

 OPERATOR DM      FOR CENTER  0  COORDINATES:    0.000000    0.000000    0.000000


 **********************************************************************************************************************************
 DATASETS  * FILE   NREC   LENGTH (MB)   RECORD NAMES
              1      19     8278.57       500      610      700      900      950      970     1000      129      960     1100   
                                          VAR    BASINP    GEOM    SYMINP    ZMAT    AOBASIS   BASIS     P2S    ABASIS      S 
                                         1400     1410     1200     1210     1080     1600     1650     1300     1700   
                                           T        V       H0       H01     AOSYM     SMH    MOLCAS    ERIS     OPER   

              2       7       20.17       200      700     1000      520     2100     2101     2102   
                                        OPTIONS   GEOM     BASIS   MCVARS     RHF      RHF      RHF  

 PROGRAMS   *        TOTAL       INT       MP2        HF       INT       MP2        HF       INT       MP2        HF       INT
 CPU TIMES  *       563.04      0.12     13.09    148.41      0.11     13.08    125.60      0.11     23.07    171.61     67.67
 REAL TIME  *      1277.66 SEC
 DISK USED  *        23.23 GB      
 **********************************************************************************************************************************


 PROGRAM * RHF-SCF (CLOSED SHELL)       Authors: W. Meyer, H.-J. Werner


 NUMBER OF ELECTRONS:       5+    5-    SPACE SYMMETRY=1    SPIN SYMMETRY: Singlet 
 CONVERGENCE THRESHOLDS:    1.00E-08 (Density)    1.00E-09 (Energy)
 MAX. NUMBER OF ITERATIONS:       60
 INTERPOLATION TYPE:            DIIS
 INTERPOLATION STEPS:              2 (START)      1 (STEP)
 LEVEL SHIFTS:                  0.00 (CLOSED)  0.00 (OPEN) 



 Orbital guess generated from atomic densities. Full valence occupancy:    7

 Molecular orbital dump at record        2103.2

 Initial occupancy:   5

 ITERATION    DDIFF          GRAD             ENERGY        2-EL.EN.            DIPOLE MOMENTS         DIIS   ORB.
    1      0.000D+00      0.000D+00       -76.01701025     77.243278    0.64194   -0.51286   -0.83851    0    start
    2      0.000D+00      0.540D-02       -76.04377699     73.564455    0.36501   -0.30690   -0.47537    1    diag
    3      0.317D-02      0.349D-02       -76.05558642     75.199880    0.43333   -0.36096   -0.56471    2    diag
    4      0.116D-02      0.321D-03       -76.05578684     75.110038    0.42968   -0.36114   -0.55968    3    diag
    5      0.148D-03      0.919D-04       -76.05580936     75.124757    0.42825   -0.36131   -0.55771    4    diag
    6      0.490D-04      0.185D-04       -76.05581086     75.123745    0.42791   -0.36147   -0.55722    5    diag
    7      0.127D-04      0.374D-05       -76.05581093     75.123875    0.42780   -0.36149   -0.55707    6    diag
    8      0.326D-05      0.660D-06       -76.05581094     75.123857    0.42778   -0.36148   -0.55704    7    diag
    9      0.502D-06      0.884D-07       -76.05581094     75.123847    0.42777   -0.36148   -0.55703    8    diag
   10      0.643D-07      0.240D-07       -76.05581094     75.123850    0.42777   -0.36148   -0.55703    9    orth
   11      0.171D-07      0.593D-08       -76.05581094     75.123850    0.42777   -0.36148   -0.55703    9    diag
   12      0.509D-08      0.114D-08       -76.05581094     75.123850    0.42777   -0.36148   -0.55703    0    orth

 Final occupancy:   5

 !RHF STATE 1.1 Energy                -76.055810936364
 Nuclear energy                         8.90222806
 One-electron energy                 -122.51996382
 Two-electron energy                   37.56192483
 Virial quotient                       -1.00282257
 !RHF STATE 1.1 Dipole moment           0.42777459    -0.36148149    -0.55703260
 Dipole moment /Debye                   1.08722335    -0.91873414    -1.41574290

 Orbital energies:

         1.1          2.1          3.1          4.1          5.1          6.1          7.1
    -20.572563    -1.338137    -0.701075    -0.578438    -0.507844     0.021420     0.033617

 HOMO      5.1    -0.507844 =     -13.8192eV
 LUMO      6.1     0.021420 =       0.5829eV
 LUMO-HOMO         0.529264 =      14.4020eV


 **********************************************************************************************************************************
 DATASETS  * FILE   NREC   LENGTH (MB)   RECORD NAMES
              1      19     8278.57       500      610      700      900      950      970     1000      129      960     1100   
                                          VAR    BASINP    GEOM    SYMINP    ZMAT    AOBASIS   BASIS     P2S    ABASIS      S 
                                         1400     1410     1200     1210     1080     1600     1650     1300     1700   
                                           T        V       H0       H01     AOSYM     SMH    MOLCAS    ERIS     OPER   

              2       8       26.83       200      700     1000      520     2100     2101     2102     2103   
                                        OPTIONS   GEOM     BASIS   MCVARS     RHF      RHF      RHF      RHF  

 PROGRAMS   *        TOTAL        HF       INT       MP2        HF       INT       MP2        HF       INT       MP2        HF
 CPU TIMES  *       712.17    149.14      0.12     13.09    148.41      0.11     13.08    125.60      0.11     23.07    171.61
 REAL TIME  *      1609.92 SEC
 DISK USED  *        23.23 GB      
 **********************************************************************************************************************************
 SETTING ESCF_C         =       -76.05581094  AU                              


 PROGRAM * MP2 (Closed-shell)     Authors: C. Hampel, H.-J. Werner, 1991, M. Deegan, P.J. Knowles, 1992


 Convergence thresholds:  THRVAR = 1.00D-08  THRDEN = 1.00D-08

 Number of core orbitals:           1 (   1 )
 Number of closed-shell orbitals:   4 (   4 )
 Number of external orbitals:     317 ( 317 )

 Molecular orbitals read from record     2103.2  Type=RHF/CANONICAL (state 1.1)

 Number of N-1 electron functions:               4
 Number of N-2 electron functions:              10
 Number of singly external CSFs:              1268
 Number of doubly external CSFs:            804546
 Total number of CSFs:                      805815

 Length of J-op  integral file:               0.00 MB
 Length of K-op  integral file:               7.17 MB

 Integral transformation finished. Total CPU:  13.01 sec, npass=  1  Memory used:   3.87 MW

 Memory needed for MP2:                      0.52 MW

 SCS-MP2 correlation energy:           -0.268222386372   (PS=  1.200000  PT=  0.333333)
 SCS-MP2 total energy:                -76.324033322736


  Reference energy                    -76.055810936364
  MP2 singlet pair energy              -0.172403488067
  MP2 triplet pair energy              -0.098579251112
  MP2 correlation energy               -0.270982739179

 !MP2 total energy                    -76.326793675543


 **********************************************************************************************************************************
 DATASETS  * FILE   NREC   LENGTH (MB)   RECORD NAMES
              1      20     8292.71       500      610      700      900      950      970     1000      129      960     1100   
                                          VAR    BASINP    GEOM    SYMINP    ZMAT    AOBASIS   BASIS     P2S    ABASIS      S 
                                         1400     1410     1200     1210     1080     1600     1650     1300     1700     1380   
                                           T        V       H0       H01     AOSYM     SMH    MOLCAS    ERIS     OPER     JKOP   

              2       8       26.83       200      700     1000      520     2100     2101     2102     2103   
                                        OPTIONS   GEOM     BASIS   MCVARS     RHF      RHF      RHF      RHF  

 PROGRAMS   *        TOTAL       MP2        HF       INT       MP2        HF       INT       MP2        HF       INT       MP2
 CPU TIMES  *       725.34     13.17    149.14      0.12     13.09    148.41      0.11     13.08    125.60      0.11     23.07
 REAL TIME  *      1641.61 SEC
 DISK USED  *        23.23 GB      
 **********************************************************************************************************************************
 SETTING EMP2_C         =       -76.32679368  AU                              
 SETTING EMP2_CORR_C    =        -0.27098274  AU                              

 Running procedure=SET_DIMERAB

 Dummy atoms: O2  H7  H8


 Recomputing one-electron integrals since nuclear charges changed


 PROGRAM * SEWARD (Integral evaluation for generally contracted gaussian basis sets)     Author: Roland Lindh, 1990

 Geometry written to block  1 of record 700


 Point group  C1  



 ATOMIC COORDINATES

 NR  ATOM    CHARGE       X              Y              Z

   1  C1      6.00   -6.193010455    2.801518980    2.403542658
   2  H1      1.00   -4.656285171    1.699997622    3.119937832
   3  H2      1.00   -5.973046335    4.726205038    2.982932688
   4  H3      1.00   -7.940251230    2.077186956    3.118237078
   5  H4      1.00   -6.176569838    2.685300823    0.384937212
   6  O1      8.00  -12.400004884    5.677493169    4.606774346
   7  H5      1.00  -12.146781583    3.932709038    5.214888213
   8  H6      1.00  -11.104030708    6.694165824    5.446946581
   9  O2      0.00   -6.649757260   -4.572192358    1.873285507
  10  H7      0.00   -6.404092864   -6.371778547    1.688092347
  11  H8      0.00   -5.651603921   -3.798727456    0.436526735

 Bond lengths in Bohr (Angstrom)

 1-2  2.021904040  1-3  2.022002335  1-4  2.021953343  1-5  2.022015060  6-7  1.864992273
     ( 1.069945541)     ( 1.069997556)     ( 1.069971630)     ( 1.070004290)     ( 0.986911409)

  6- 8  1.849070506   9-10  1.825693827   9-11  1.912807835
       ( 0.978485973)       ( 0.966115568)       ( 1.012214315)

 Bond angles

  2-1-3  109.53398059   2-1-4  109.65604535   2-1-5  108.43490854   3-1-4  109.49436728

  3- 1- 5  109.86987750   4- 1- 5  109.83468330   7- 6- 8  105.72790617  10- 9-11  104.60595341

 NUCLEAR CHARGE:                   20
 NUMBER OF PRIMITIVE AOS:         417
 NUMBER OF SYMMETRY AOS:          374
 NUMBER OF CONTRACTIONS:          322   ( 322A   )
 NUMBER OF CORE ORBITALS:           2   (   2A   )
 NUMBER OF VALENCE ORBITALS:       14   (  14A   )

 MOLECULE CHANGED: INITIALIZING OCCUPATION AND DUMP RECORDS


 NUCLEAR REPULSION ENERGY   36.69183171


 Eigenvalues of metric

         1 0.454E-04 0.585E-04 0.756E-04 0.963E-04 0.323E-03 0.339E-03 0.366E-03 0.369E-03


 Contracted 2-electron integrals neglected if value below      1.0D-19

 OPERATOR DM      FOR CENTER  0  COORDINATES:    0.000000    0.000000    0.000000


 **********************************************************************************************************************************
 DATASETS  * FILE   NREC   LENGTH (MB)   RECORD NAMES
              1      19     8278.57       500      610      700      900      950      970     1000      129      960     1100   
                                          VAR    BASINP    GEOM    SYMINP    ZMAT    AOBASIS   BASIS     P2S    ABASIS      S 
                                         1400     1410     1200     1210     1080     1600     1650     1300     1700   
                                           T        V       H0       H01     AOSYM     SMH    MOLCAS    ERIS     OPER   

              2       8       26.83       200      700     1000      520     2100     2101     2102     2103   
                                        OPTIONS   GEOM     BASIS   MCVARS     RHF      RHF      RHF      RHF  

 PROGRAMS   *        TOTAL       INT       MP2        HF       INT       MP2        HF       INT       MP2        HF       INT
 CPU TIMES  *       725.46      0.12     13.17    149.14      0.12     13.09    148.41      0.11     13.08    125.60      0.11
 REAL TIME  *      1644.34 SEC
 DISK USED  *        23.23 GB      
 **********************************************************************************************************************************


 PROGRAM * RHF-SCF (CLOSED SHELL)       Authors: W. Meyer, H.-J. Werner


 NUMBER OF ELECTRONS:      10+   10-    SPACE SYMMETRY=1    SPIN SYMMETRY: Singlet 
 CONVERGENCE THRESHOLDS:    1.00E-08 (Density)    1.00E-09 (Energy)
 MAX. NUMBER OF ITERATIONS:       60
 INTERPOLATION TYPE:            DIIS
 INTERPOLATION STEPS:              2 (START)      1 (STEP)
 LEVEL SHIFTS:                  0.00 (CLOSED)  0.00 (OPEN) 



 Orbital guess generated from atomic densities. Full valence occupancy:   16

 Molecular orbital dump at record        2104.2

 Initial occupancy:  10

 ITERATION    DDIFF          GRAD             ENERGY        2-EL.EN.            DIPOLE MOMENTS         DIIS   ORB.
    1      0.000D+00      0.000D+00      -116.21218083    158.771706    0.79887   -0.37773    0.74023    0    start
    2      0.000D+00      0.439D-02      -116.25610416    153.956340    0.47261   -0.21047    0.38408    1    diag
    3      0.396D-02      0.258D-02      -116.26956720    155.970601    0.55484   -0.25190    0.47599    2    diag
    4      0.132D-02      0.383D-03      -116.27022780    155.859749    0.54678   -0.24801    0.47011    3    diag
    5      0.296D-03      0.112D-03      -116.27029570    155.853935    0.54668   -0.24793    0.46958    4    diag
    6      0.102D-03      0.274D-04      -116.27029950    155.859878    0.54618   -0.24776    0.46905    5    diag
    7      0.291D-04      0.529D-05      -116.27029972    155.858301    0.54619   -0.24779    0.46907    6    diag
    8      0.813D-05      0.135D-05      -116.27029974    155.858453    0.54615   -0.24777    0.46901    7    diag
    9      0.175D-05      0.305D-06      -116.27029974    155.858427    0.54614   -0.24776    0.46900    8    diag
   10      0.549D-06      0.364D-07      -116.27029974    155.858428    0.54614   -0.24776    0.46900    9    orth
   11      0.411D-07      0.977D-08      -116.27029974    155.858429    0.54614   -0.24776    0.46900    9    diag
   12      0.173D-07      0.269D-08      -116.27029974    155.858429    0.54614   -0.24776    0.46900    9    diag
   13      0.357D-08      0.716D-09      -116.27029974    155.858429    0.54614   -0.24776    0.46900    0    orth

 Final occupancy:  10

 !RHF STATE 1.1 Energy               -116.270299742976
 Nuclear energy                        36.69183171
 One-electron energy                 -230.89134620
 Two-electron energy                   77.92921475
 Virial quotient                       -1.00121467
 !RHF STATE 1.1 Dipole moment           0.54613742    -0.24776346     0.46899819
 Dipole moment /Debye                   1.38805195    -0.62971065     1.19199643

 Orbital energies:

         1.1          2.1          3.1          4.1          5.1          6.1          7.1          8.1          9.1         10.1
    -20.570077   -11.201241    -1.339337    -0.954650    -0.705745    -0.577797    -0.555921    -0.554118    -0.551007    -0.506565

        11.1         12.1
      0.022882     0.034130

 HOMO     10.1    -0.506565 =     -13.7843eV
 LUMO     11.1     0.022882 =       0.6227eV
 LUMO-HOMO         0.529447 =      14.4070eV


 **********************************************************************************************************************************
 DATASETS  * FILE   NREC   LENGTH (MB)   RECORD NAMES
              1      19     8278.57       500      610      700      900      950      970     1000      129      960     1100   
                                          VAR    BASINP    GEOM    SYMINP    ZMAT    AOBASIS   BASIS     P2S    ABASIS      S 
                                         1400     1410     1200     1210     1080     1600     1650     1300     1700   
                                           T        V       H0       H01     AOSYM     SMH    MOLCAS    ERIS     OPER   

              2       9       33.49       200      700     1000      520     2100     2101     2102     2103     2104   
                                        OPTIONS   GEOM     BASIS   MCVARS     RHF      RHF      RHF      RHF      RHF  

 PROGRAMS   *        TOTAL        HF       INT       MP2        HF       INT       MP2        HF       INT       MP2        HF
 CPU TIMES  *       886.17    160.71      0.12     13.17    149.14      0.12     13.09    148.41      0.11     13.08    125.60
 REAL TIME  *      1948.41 SEC
 DISK USED  *        23.23 GB      
 **********************************************************************************************************************************
 SETTING ESCF_AB        =      -116.27029974  AU                              


 PROGRAM * MP2 (Closed-shell)     Authors: C. Hampel, H.-J. Werner, 1991, M. Deegan, P.J. Knowles, 1992


 Convergence thresholds:  THRVAR = 1.00D-08  THRDEN = 1.00D-08

 Number of core orbitals:           2 (   2 )
 Number of closed-shell orbitals:   8 (   8 )
 Number of external orbitals:     312 ( 312 )

 Molecular orbitals read from record     2104.2  Type=RHF/CANONICAL (state 1.1)

 Number of N-1 electron functions:               8
 Number of N-2 electron functions:              36
 Number of singly external CSFs:              2496
 Number of doubly external CSFs:           3116256
 Total number of CSFs:                     3118753

 Length of J-op  integral file:               0.00 MB
 Length of K-op  integral file:               7.17 MB

 Integral transformation finished. Total CPU:  17.29 sec, npass=  1  Memory used:   8.54 MW

 Memory needed for MP2:                      0.51 MW

 SCS-MP2 correlation energy:           -0.477117063986   (PS=  1.200000  PT=  0.333333)
 SCS-MP2 total energy:               -116.747416806963


  Reference energy                   -116.270299742977
  MP2 singlet pair energy              -0.317742738708
  MP2 triplet pair energy              -0.154005713899
  MP2 correlation energy               -0.471748452606

 !MP2 total energy                   -116.742048195584


 **********************************************************************************************************************************
 DATASETS  * FILE   NREC   LENGTH (MB)   RECORD NAMES
              1      20     8325.16       500      610      700      900      950      970     1000      129      960     1100   
                                          VAR    BASINP    GEOM    SYMINP    ZMAT    AOBASIS   BASIS     P2S    ABASIS      S 
                                         1400     1410     1200     1210     1080     1600     1650     1300     1700     1380   
                                           T        V       H0       H01     AOSYM     SMH    MOLCAS    ERIS     OPER     JKOP   

              2       9       33.49       200      700     1000      520     2100     2101     2102     2103     2104   
                                        OPTIONS   GEOM     BASIS   MCVARS     RHF      RHF      RHF      RHF      RHF  

 PROGRAMS   *        TOTAL       MP2        HF       INT       MP2        HF       INT       MP2        HF       INT       MP2
 CPU TIMES  *       903.86     17.69    160.71      0.12     13.17    149.14      0.12     13.09    148.41      0.11     13.08
 REAL TIME  *      2002.73 SEC
 DISK USED  *        23.23 GB      
 **********************************************************************************************************************************
 SETTING EMP2_AB        =      -116.74204820  AU                              
 SETTING EMP2_CORR_AB   =        -0.47174845  AU                              

 Running procedure=SET_DIMERAC

 Dummy atoms: O1  H5  H6


 Recomputing one-electron integrals since nuclear charges changed


 PROGRAM * SEWARD (Integral evaluation for generally contracted gaussian basis sets)     Author: Roland Lindh, 1990

 Geometry written to block  1 of record 700


 Point group  C1  



 ATOMIC COORDINATES

 NR  ATOM    CHARGE       X              Y              Z

   1  C1      6.00   -6.193010455    2.801518980    2.403542658
   2  H1      1.00   -4.656285171    1.699997622    3.119937832
   3  H2      1.00   -5.973046335    4.726205038    2.982932688
   4  H3      1.00   -7.940251230    2.077186956    3.118237078
   5  H4      1.00   -6.176569838    2.685300823    0.384937212
   6  O1      0.00  -12.400004884    5.677493169    4.606774346
   7  H5      0.00  -12.146781583    3.932709038    5.214888213
   8  H6      0.00  -11.104030708    6.694165824    5.446946581
   9  O2      8.00   -6.649757260   -4.572192358    1.873285507
  10  H7      1.00   -6.404092864   -6.371778547    1.688092347
  11  H8      1.00   -5.651603921   -3.798727456    0.436526735

 Bond lengths in Bohr (Angstrom)

 1-2  2.021904040  1-3  2.022002335  1-4  2.021953343  1-5  2.022015060  6-7  1.864992273
     ( 1.069945541)     ( 1.069997556)     ( 1.069971630)     ( 1.070004290)     ( 0.986911409)

  6- 8  1.849070506   9-10  1.825693827   9-11  1.912807835
       ( 0.978485973)       ( 0.966115568)       ( 1.012214315)

 Bond angles

  2-1-3  109.53398059   2-1-4  109.65604535   2-1-5  108.43490854   3-1-4  109.49436728

  3- 1- 5  109.86987750   4- 1- 5  109.83468330   7- 6- 8  105.72790617  10- 9-11  104.60595341

 NUCLEAR CHARGE:                   20
 NUMBER OF PRIMITIVE AOS:         417
 NUMBER OF SYMMETRY AOS:          374
 NUMBER OF CONTRACTIONS:          322   ( 322A   )
 NUMBER OF CORE ORBITALS:           2   (   2A   )
 NUMBER OF VALENCE ORBITALS:       14   (  14A   )

 MOLECULE CHANGED: INITIALIZING OCCUPATION AND DUMP RECORDS


 NUCLEAR REPULSION ENERGY   35.88176990


 Eigenvalues of metric

         1 0.454E-04 0.585E-04 0.756E-04 0.963E-04 0.323E-03 0.339E-03 0.366E-03 0.369E-03


 Contracted 2-electron integrals neglected if value below      1.0D-19

 OPERATOR DM      FOR CENTER  0  COORDINATES:    0.000000    0.000000    0.000000


 **********************************************************************************************************************************
 DATASETS  * FILE   NREC   LENGTH (MB)   RECORD NAMES
              1      19     8278.57       500      610      700      900      950      970     1000      129      960     1100   
                                          VAR    BASINP    GEOM    SYMINP    ZMAT    AOBASIS   BASIS     P2S    ABASIS      S 
                                         1400     1410     1200     1210     1080     1600     1650     1300     1700   
                                           T        V       H0       H01     AOSYM     SMH    MOLCAS    ERIS     OPER   

              2       9       33.49       200      700     1000      520     2100     2101     2102     2103     2104   
                                        OPTIONS   GEOM     BASIS   MCVARS     RHF      RHF      RHF      RHF      RHF  

 PROGRAMS   *        TOTAL       INT       MP2        HF       INT       MP2        HF       INT       MP2        HF       INT
 CPU TIMES  *       903.97      0.11     17.69    160.71      0.12     13.17    149.14      0.12     13.09    148.41      0.11
 REAL TIME  *      2010.53 SEC
 DISK USED  *        23.23 GB      
 **********************************************************************************************************************************


 PROGRAM * RHF-SCF (CLOSED SHELL)       Authors: W. Meyer, H.-J. Werner


 NUMBER OF ELECTRONS:      10+   10-    SPACE SYMMETRY=1    SPIN SYMMETRY: Singlet 
 CONVERGENCE THRESHOLDS:    1.00E-08 (Density)    1.00E-09 (Energy)
 MAX. NUMBER OF ITERATIONS:       60
 INTERPOLATION TYPE:            DIIS
 INTERPOLATION STEPS:              2 (START)      1 (STEP)
 LEVEL SHIFTS:                  0.00 (CLOSED)  0.00 (OPEN) 



 Orbital guess generated from atomic densities. Full valence occupancy:   16

 Molecular orbital dump at record        2105.2

 Initial occupancy:  10

 ITERATION    DDIFF          GRAD             ENERGY        2-EL.EN.            DIPOLE MOMENTS         DIIS   ORB.
    1      0.000D+00      0.000D+00      -116.21041113    157.493113    0.64561   -0.51576   -0.83921    0    start
    2      0.000D+00      0.440D-02      -116.25439566    152.436827    0.34103   -0.33065   -0.44462    1    diag
    3      0.396D-02      0.262D-02      -116.26830511    154.533878    0.41858   -0.38067   -0.54323    2    diag
    4      0.133D-02      0.383D-03      -116.26896679    154.421871    0.41192   -0.37788   -0.53362    3    diag
    5      0.298D-03      0.114D-03      -116.26903655    154.416301    0.41124   -0.37880   -0.53256    4    diag
    6      0.104D-03      0.278D-04      -116.26904055    154.422193    0.41069   -0.37883   -0.53177    5    diag
    7      0.288D-04      0.560D-05      -116.26904080    154.420623    0.41067   -0.37894   -0.53172    6    diag
    8      0.799D-05      0.148D-05      -116.26904082    154.420781    0.41061   -0.37896   -0.53164    7    diag
    9      0.172D-05      0.317D-06      -116.26904082    154.420754    0.41060   -0.37895   -0.53163    8    diag
   10      0.542D-06      0.359D-07      -116.26904082    154.420755    0.41059   -0.37895   -0.53163    9    orth
   11      0.429D-07      0.915D-08      -116.26904082    154.420757    0.41059   -0.37895   -0.53163    9    diag
   12      0.168D-07      0.234D-08      -116.26904082    154.420756    0.41059   -0.37895   -0.53163    9    diag
   13      0.282D-08      0.615D-09      -116.26904082    154.420757    0.41059   -0.37895   -0.53163    0    orth

 Final occupancy:  10

 !RHF STATE 1.1 Energy               -116.269040823290
 Nuclear energy                        35.88176990
 One-electron energy                 -229.36118908
 Two-electron energy                   77.21037836
 Virial quotient                       -1.00138452
 !RHF STATE 1.1 Dipole moment           0.41059457    -0.37895414    -0.53162532
 Dipole moment /Debye                   1.04355894    -0.96314226    -1.35116829

 Orbital energies:

         1.1          2.1          3.1          4.1          5.1          6.1          7.1          8.1          9.1         10.1
    -20.572286   -11.192464    -1.337901    -0.946034    -0.700853    -0.578333    -0.547535    -0.544225    -0.543015    -0.507571

        11.1         12.1
      0.025207     0.035648

 HOMO     10.1    -0.507571 =     -13.8117eV
 LUMO     11.1     0.025207 =       0.6859eV
 LUMO-HOMO         0.532778 =      14.4976eV


 **********************************************************************************************************************************
 DATASETS  * FILE   NREC   LENGTH (MB)   RECORD NAMES
              1      19     8278.57       500      610      700      900      950      970     1000      129      960     1100   
                                          VAR    BASINP    GEOM    SYMINP    ZMAT    AOBASIS   BASIS     P2S    ABASIS      S 
                                         1400     1410     1200     1210     1080     1600     1650     1300     1700   
                                           T        V       H0       H01     AOSYM     SMH    MOLCAS    ERIS     OPER   

              2      10       40.14       200      700     1000      520     2100     2101     2102     2103     2104     2105   
                                        OPTIONS   GEOM     BASIS   MCVARS     RHF      RHF      RHF      RHF      RHF      RHF  

 PROGRAMS   *        TOTAL        HF       INT       MP2        HF       INT       MP2        HF       INT       MP2        HF
 CPU TIMES  *      1063.87    159.90      0.11     17.69    160.71      0.12     13.17    149.14      0.12     13.09    148.41
 REAL TIME  *      2278.67 SEC
 DISK USED  *        23.23 GB      
 **********************************************************************************************************************************
 SETTING ESCF_AC        =      -116.26904082  AU                              


 PROGRAM * MP2 (Closed-shell)     Authors: C. Hampel, H.-J. Werner, 1991, M. Deegan, P.J. Knowles, 1992


 Convergence thresholds:  THRVAR = 1.00D-08  THRDEN = 1.00D-08

 Number of core orbitals:           2 (   2 )
 Number of closed-shell orbitals:   8 (   8 )
 Number of external orbitals:     312 ( 312 )

 Molecular orbitals read from record     2105.2  Type=RHF/CANONICAL (state 1.1)

 Number of N-1 electron functions:               8
 Number of N-2 electron functions:              36
 Number of singly external CSFs:              2496
 Number of doubly external CSFs:           3116256
 Total number of CSFs:                     3118753

 Length of J-op  integral file:               0.00 MB
 Length of K-op  integral file:               7.17 MB

 Integral transformation finished. Total CPU:  17.29 sec, npass=  1  Memory used:   8.54 MW

 Memory needed for MP2:                      0.51 MW

 SCS-MP2 correlation energy:           -0.477484178905   (PS=  1.200000  PT=  0.333333)
 SCS-MP2 total energy:               -116.746525002195


  Reference energy                   -116.269040823290
  MP2 singlet pair energy              -0.318032241861
  MP2 triplet pair energy              -0.154037392509
  MP2 correlation energy               -0.472069634370

 !MP2 total energy                   -116.741110457660


 **********************************************************************************************************************************
 DATASETS  * FILE   NREC   LENGTH (MB)   RECORD NAMES
              1      20     8325.16       500      610      700      900      950      970     1000      129      960     1100   
                                          VAR    BASINP    GEOM    SYMINP    ZMAT    AOBASIS   BASIS     P2S    ABASIS      S 
                                         1400     1410     1200     1210     1080     1600     1650     1300     1700     1380   
                                           T        V       H0       H01     AOSYM     SMH    MOLCAS    ERIS     OPER     JKOP   

              2      10       40.14       200      700     1000      520     2100     2101     2102     2103     2104     2105   
                                        OPTIONS   GEOM     BASIS   MCVARS     RHF      RHF      RHF      RHF      RHF      RHF  

 PROGRAMS   *        TOTAL       MP2        HF       INT       MP2        HF       INT       MP2        HF       INT       MP2
 CPU TIMES  *      1081.56     17.69    159.90      0.11     17.69    160.71      0.12     13.17    149.14      0.12     13.09
 REAL TIME  *      2304.26 SEC
 DISK USED  *        23.23 GB      
 **********************************************************************************************************************************
 SETTING EMP2_AC        =      -116.74111046  AU                              
 SETTING EMP2_CORR_AC   =        -0.47206963  AU                              

 Running procedure=SET_DIMERBC

 Dummy atoms: C1  H1  H2  H3  H4


 Recomputing one-electron integrals since nuclear charges changed


 PROGRAM * SEWARD (Integral evaluation for generally contracted gaussian basis sets)     Author: Roland Lindh, 1990

 Geometry written to block  1 of record 700


 Point group  C1  



 ATOMIC COORDINATES

 NR  ATOM    CHARGE       X              Y              Z

   1  C1      0.00   -6.193010455    2.801518980    2.403542658
   2  H1      0.00   -4.656285171    1.699997622    3.119937832
   3  H2      0.00   -5.973046335    4.726205038    2.982932688
   4  H3      0.00   -7.940251230    2.077186956    3.118237078
   5  H4      0.00   -6.176569838    2.685300823    0.384937212
   6  O1      8.00  -12.400004884    5.677493169    4.606774346
   7  H5      1.00  -12.146781583    3.932709038    5.214888213
   8  H6      1.00  -11.104030708    6.694165824    5.446946581
   9  O2      8.00   -6.649757260   -4.572192358    1.873285507
  10  H7      1.00   -6.404092864   -6.371778547    1.688092347
  11  H8      1.00   -5.651603921   -3.798727456    0.436526735

 Bond lengths in Bohr (Angstrom)

 1-2  2.021904040  1-3  2.022002335  1-4  2.021953343  1-5  2.022015060  6-7  1.864992273
     ( 1.069945541)     ( 1.069997556)     ( 1.069971630)     ( 1.070004290)     ( 0.986911409)

  6- 8  1.849070506   9-10  1.825693827   9-11  1.912807835
       ( 0.978485973)       ( 0.966115568)       ( 1.012214315)

 Bond angles

  2-1-3  109.53398059   2-1-4  109.65604535   2-1-5  108.43490854   3-1-4  109.49436728

  3- 1- 5  109.86987750   4- 1- 5  109.83468330   7- 6- 8  105.72790617  10- 9-11  104.60595341

 NUCLEAR CHARGE:                   20
 NUMBER OF PRIMITIVE AOS:         417
 NUMBER OF SYMMETRY AOS:          374
 NUMBER OF CONTRACTIONS:          322   ( 322A   )
 NUMBER OF CORE ORBITALS:           2   (   2A   )
 NUMBER OF VALENCE ORBITALS:       12   (  12A   )

 MOLECULE CHANGED: INITIALIZING OCCUPATION AND DUMP RECORDS


 NUCLEAR REPULSION ENERGY   26.09001272


 Eigenvalues of metric

         1 0.454E-04 0.585E-04 0.756E-04 0.963E-04 0.323E-03 0.339E-03 0.366E-03 0.369E-03


 Contracted 2-electron integrals neglected if value below      1.0D-19

 OPERATOR DM      FOR CENTER  0  COORDINATES:    0.000000    0.000000    0.000000


 **********************************************************************************************************************************
 DATASETS  * FILE   NREC   LENGTH (MB)   RECORD NAMES
              1      19     8278.57       500      610      700      900      950      970     1000      129      960     1100   
                                          VAR    BASINP    GEOM    SYMINP    ZMAT    AOBASIS   BASIS     P2S    ABASIS      S 
                                         1400     1410     1200     1210     1080     1600     1650     1300     1700   
                                           T        V       H0       H01     AOSYM     SMH    MOLCAS    ERIS     OPER   

              2      10       40.14       200      700     1000      520     2100     2101     2102     2103     2104     2105   
                                        OPTIONS   GEOM     BASIS   MCVARS     RHF      RHF      RHF      RHF      RHF      RHF  

 PROGRAMS   *        TOTAL       INT       MP2        HF       INT       MP2        HF       INT       MP2        HF       INT
 CPU TIMES  *      1081.68      0.11     17.69    159.90      0.11     17.69    160.71      0.12     13.17    149.14      0.12
 REAL TIME  *      2304.52 SEC
 DISK USED  *        23.23 GB      
 **********************************************************************************************************************************


 PROGRAM * RHF-SCF (CLOSED SHELL)       Authors: W. Meyer, H.-J. Werner


 NUMBER OF ELECTRONS:      10+   10-    SPACE SYMMETRY=1    SPIN SYMMETRY: Singlet 
 CONVERGENCE THRESHOLDS:    1.00E-08 (Density)    1.00E-09 (Energy)
 MAX. NUMBER OF ITERATIONS:       60
 INTERPOLATION TYPE:            DIIS
 INTERPOLATION STEPS:              2 (START)      1 (STEP)
 LEVEL SHIFTS:                  0.00 (CLOSED)  0.00 (OPEN) 



 Orbital guess generated from atomic densities. Full valence occupancy:   14

 Molecular orbital dump at record        2106.2

 Initial occupancy:  10

 ITERATION    DDIFF          GRAD             ENERGY        2-EL.EN.            DIPOLE MOMENTS         DIIS   ORB.
    1      0.000D+00      0.000D+00      -152.03735829    171.083827    1.43604   -0.88935   -0.09513    0    start
    2      0.000D+00      0.542D-02      -152.09043853    163.751931    0.83012   -0.53662   -0.04876    1    diag
    3      0.449D-02      0.349D-02      -152.11353910    166.996698    0.97988   -0.62578   -0.05983    2    diag
    4      0.164D-02      0.321D-03      -152.11393114    166.817894    0.97318   -0.62374   -0.05744    3    diag
    5      0.209D-03      0.908D-04      -152.11397384    166.846675    0.97054   -0.62320   -0.05700    4    diag
    6      0.670D-04      0.184D-04      -152.11397660    166.844804    0.97000   -0.62315   -0.05649    5    diag
    7      0.177D-04      0.503D-05      -152.11397674    166.844931    0.96984   -0.62314   -0.05665    6    diag
    8      0.424D-05      0.234D-05      -152.11397677    166.845021    0.96976   -0.62312   -0.05655    7    diag
    9      0.199D-05      0.367D-06      -152.11397677    166.844987    0.96973   -0.62310   -0.05654    8    diag
   10      0.387D-06      0.487D-07      -152.11397677    166.844981    0.96973   -0.62310   -0.05654    9    orth
   11      0.512D-07      0.134D-07      -152.11397677    166.844984    0.96973   -0.62310   -0.05654    9    diag
   12      0.142D-07      0.284D-08      -152.11397677    166.844984    0.96973   -0.62310   -0.05654    9    diag
   13      0.340D-08      0.682D-09      -152.11397677    166.844984    0.96973   -0.62310   -0.05654    0    orth

 Final occupancy:  10

 !RHF STATE 1.1 Energy               -152.113976768357
 Nuclear energy                        26.09001272
 One-electron energy                 -261.62648162
 Two-electron energy                   83.42249214
 Virial quotient                       -1.00272275
 !RHF STATE 1.1 Dipole moment           0.96972793    -0.62310197    -0.05654402
 Dipole moment /Debye                   2.46464112    -1.58366351    -0.14371115

 Orbital energies:

         1.1          2.1          3.1          4.1          5.1          6.1          7.1          8.1          9.1         10.1
    -20.574833   -20.566564    -1.340443    -1.335580    -0.703376    -0.701875    -0.580934    -0.573381    -0.510192    -0.503572

        11.1         12.1
      0.020435     0.032077

 HOMO     10.1    -0.503572 =     -13.7029eV
 LUMO     11.1     0.020435 =       0.5561eV
 LUMO-HOMO         0.524006 =      14.2589eV


 **********************************************************************************************************************************
 DATASETS  * FILE   NREC   LENGTH (MB)   RECORD NAMES
              1      19     8278.57       500      610      700      900      950      970     1000      129      960     1100   
                                          VAR    BASINP    GEOM    SYMINP    ZMAT    AOBASIS   BASIS     P2S    ABASIS      S 
                                         1400     1410     1200     1210     1080     1600     1650     1300     1700   
                                           T        V       H0       H01     AOSYM     SMH    MOLCAS    ERIS     OPER   

              2      11       46.80       200      700     1000      520     2100     2101     2102     2103     2104     2105   
                                        OPTIONS   GEOM     BASIS   MCVARS     RHF      RHF      RHF      RHF      RHF      RHF  
                                         2106   
                                          RHF  

 PROGRAMS   *        TOTAL        HF       INT       MP2        HF       INT       MP2        HF       INT       MP2        HF
 CPU TIMES  *      1241.69    160.01      0.11     17.69    159.90      0.11     17.69    160.71      0.12     13.17    149.14
 REAL TIME  *      2606.39 SEC
 DISK USED  *        23.23 GB      
 **********************************************************************************************************************************
 SETTING ESCF_BC        =      -152.11397677  AU                              


 PROGRAM * MP2 (Closed-shell)     Authors: C. Hampel, H.-J. Werner, 1991, M. Deegan, P.J. Knowles, 1992


 Convergence thresholds:  THRVAR = 1.00D-08  THRDEN = 1.00D-08

 Number of core orbitals:           2 (   2 )
 Number of closed-shell orbitals:   8 (   8 )
 Number of external orbitals:     312 ( 312 )

 Molecular orbitals read from record     2106.2  Type=RHF/CANONICAL (state 1.1)

 Number of N-1 electron functions:               8
 Number of N-2 electron functions:              36
 Number of singly external CSFs:              2496
 Number of doubly external CSFs:           3116256
 Total number of CSFs:                     3118753

 Length of J-op  integral file:               0.00 MB
 Length of K-op  integral file:               7.17 MB

 Integral transformation finished. Total CPU:  17.36 sec, npass=  1  Memory used:   8.54 MW

 Memory needed for MP2:                      0.51 MW

 SCS-MP2 correlation energy:           -0.535848523458   (PS=  1.200000  PT=  0.333333)
 SCS-MP2 total energy:               -152.649825291816


  Reference energy                   -152.113976768358
  MP2 singlet pair energy              -0.344412580322
  MP2 triplet pair energy              -0.196960864937
  MP2 correlation energy               -0.541373445259

 !MP2 total energy                   -152.655350213617


 **********************************************************************************************************************************
 DATASETS  * FILE   NREC   LENGTH (MB)   RECORD NAMES
              1      20     8325.16       500      610      700      900      950      970     1000      129      960     1100   
                                          VAR    BASINP    GEOM    SYMINP    ZMAT    AOBASIS   BASIS     P2S    ABASIS      S 
                                         1400     1410     1200     1210     1080     1600     1650     1300     1700     1380   
                                           T        V       H0       H01     AOSYM     SMH    MOLCAS    ERIS     OPER     JKOP   

              2      11       46.80       200      700     1000      520     2100     2101     2102     2103     2104     2105   
                                        OPTIONS   GEOM     BASIS   MCVARS     RHF      RHF      RHF      RHF      RHF      RHF  
                                         2106   
                                          RHF  

 PROGRAMS   *        TOTAL       MP2        HF       INT       MP2        HF       INT       MP2        HF       INT       MP2
 CPU TIMES  *      1259.47     17.78    160.01      0.11     17.69    159.90      0.11     17.69    160.71      0.12     13.17
 REAL TIME  *      2658.14 SEC
 DISK USED  *        23.23 GB      
 **********************************************************************************************************************************
 SETTING EMP2_BC        =      -152.65535021  AU                              
 SETTING EMP2_CORR_BC   =        -0.54137345  AU                              
 SETTING E_INT_ABC      =        -0.00087966  AU                              
 SETTING E_INT_AB       =    -5.59481162D-05  AU                              
 SETTING E_INT_AC       =        -0.00047307  AU                              
 SETTING E_INT_BC       =        -0.00040800  AU                              
 SETTING E_ADD          =        -0.00093702  AU                              
 SETTING E_NONADD_MP2   =     5.73569633D-05  AU                              
 SETTING E_INT_ABC_CORR =        -0.00125192  AU                              
 SETTING E_INT_AB_CORR  =        -0.00076031  AU                              
 SETTING E_INT_AC_CORR  =        -0.00052412  AU                              
 SETTING E_INT_BC_CORR  =     3.46534443D-05  AU                              
 SETTING E_INT_ABC_CORR_ADD              =      -0.00124978  AU                              
 SETTING E_INT_ABC_CORR_NONADD           =  -2.14566673D-06  AU                              
 SETTING E_INT_ABC_HF   =         0.00037226  AU                              
 SETTING E_INT_AB_HF    =         0.00070437  AU                              
 SETTING E_INT_AC_HF    =     5.10459420D-05  AU                              
 SETTING E_INT_BC_HF    =        -0.00044266  AU                              
 SETTING E_INT_ABC_HF_ADD                =       0.00031275  AU                              
 SETTING E_INT_ABC_HF_NONADD             =   5.95026300D-05  AU                              

 *** results in millihartree
 E_INT_ABC        =        -0.00087966 AU
 E_INT_AB         =        -0.00005595 AU
 E_INT_AC         =        -0.00047307 AU
 E_INT_BC         =        -0.00040800 AU
 E_ADD            =        -0.00093702 AU
 E_NONADD_MP2     =         0.00005736 AU
 E_INT_ABC_CORR   =        -0.00125192 AU
 E_INT_AB_CORR    =        -0.00076031 AU
 E_INT_AC_CORR    =        -0.00052412 AU
 E_INT_BC_CORR    =         0.00003465 AU
 E_INT_ABC_CORR_ADD       =        -0.00124978 AU
 E_INT_ABC_CORR_NONADD    =        -0.00000215 AU
 E_INT_ABC_HF     =         0.00037226 AU
 E_INT_AB_HF      =         0.00070437 AU
 E_INT_AC_HF      =         0.00005105 AU
 E_INT_BC_HF      =        -0.00044266 AU
 E_INT_ABC_HF_ADD =         0.00031275 AU
 E_INT_ABC_HF_NONADD      =         0.00005950 AU

 MP2/aug-cc-pVTZ energy=   -152.655350213617

        MP2             HF-SCF          MP2             HF-SCF          MP2             HF-SCF          MP2             HF-SCF  
   -152.65535021   -152.11397677   -116.74111046   -116.26904082   -116.74204820   -116.27029974    -76.32679368    -76.05581094
 **********************************************************************************************************************************
 Molpro calculation terminated
 Variable memory released
