 Converged energy                           -193.369129910146
 Converged energy                            -40.505083617816
 Converged energy                            -76.431512847374
 Converged energy                            -76.431793983071
 Converged energy                           -116.937014713656
 Converged energy                           -152.862889990821
 Converged energy                           -116.937582636413
 HF contribution (EtotHF)                          -1.9231368903E+002  
 Singles correction (EcSingles)                    -1.4304522440E-002  
 HF contribution (EtotHF)                          -1.9231368903E+002  
 Singles correction (EcSingles)                    -1.4304522440E-002  
 Direct RPA correlation (EcRPA)                    -1.1494884203E+000  
 HF contribution (EtotHF)                          -4.0208262304E+001  
 Singles correction (EcSingles)                    -4.4284389671E-003  
 HF contribution (EtotHF)                          -4.0208262304E+001  
 Singles correction (EcSingles)                    -4.4284389671E-003  
 Direct RPA correlation (EcRPA)                    -3.4808546170E-001  
 HF contribution (EtotHF)                          -7.6053056420E+001  
 Singles correction (EcSingles)                    -4.7995120214E-003  
 HF contribution (EtotHF)                          -7.6053056420E+001  
 Singles correction (EcSingles)                    -4.7995120214E-003  
 Direct RPA correlation (EcRPA)                    -3.9984971831E-001  
 HF contribution (EtotHF)                          -7.6053377514E+001  
 Singles correction (EcSingles)                    -4.7980560170E-003  
 HF contribution (EtotHF)                          -7.6053377514E+001  
 Singles correction (EcSingles)                    -4.7980560170E-003  
 Direct RPA correlation (EcRPA)                    -3.9991376425E-001  
 HF contribution (EtotHF)                          -1.1626121375E+002  
 Singles correction (EcSingles)                    -9.2857985850E-003  
 HF contribution (EtotHF)                          -1.1626121375E+002  
 Singles correction (EcSingles)                    -9.2857985850E-003  
 Direct RPA correlation (EcRPA)                    -7.4848785582E-001  
 HF contribution (EtotHF)                          -1.5210585296E+002  
 Singles correction (EcSingles)                    -9.6303982165E-003  
 HF contribution (EtotHF)                          -1.5210585296E+002  
 Singles correction (EcSingles)                    -9.6303982165E-003  
 Direct RPA correlation (EcRPA)                    -7.9997101214E-001  
 HF contribution (EtotHF)                          -1.1626126667E+002  
 Singles correction (EcSingles)                    -9.4181756229E-003  
 HF contribution (EtotHF)                          -1.1626126667E+002  
 Singles correction (EcSingles)                    -9.4181756229E-003  
 Direct RPA correlation (EcRPA)                    -7.4890518891E-001  
