 Converged energy                           -193.368781383708
 Converged energy                            -40.505088185059
 Converged energy                            -76.431591173334
 Converged energy                            -76.431000566974
 Converged energy                           -116.937108294559
 Converged energy                           -152.862709949624
 Converged energy                           -116.936656415161
 HF contribution (EtotHF)                          -1.9231271629E+002  
 Singles correction (EcSingles)                    -1.4364203164E-002  
 HF contribution (EtotHF)                          -1.9231271629E+002  
 Singles correction (EcSingles)                    -1.4364203164E-002  
 Direct RPA correlation (EcRPA)                    -1.1502634631E+000  
 HF contribution (EtotHF)                          -4.0208263680E+001  
 Singles correction (EcSingles)                    -4.4300737677E-003  
 HF contribution (EtotHF)                          -4.0208263680E+001  
 Singles correction (EcSingles)                    -4.4300737677E-003  
 Direct RPA correlation (EcRPA)                    -3.4811542402E-001  
 HF contribution (EtotHF)                          -7.6053005488E+001  
 Singles correction (EcSingles)                    -4.8107049554E-003  
 HF contribution (EtotHF)                          -7.6053005488E+001  
 Singles correction (EcSingles)                    -4.8107049554E-003  
 Direct RPA correlation (EcRPA)                    -4.0007493690E-001  
 HF contribution (EtotHF)                          -7.6052113135E+001  
 Singles correction (EcSingles)                    -4.8388864056E-003  
 HF contribution (EtotHF)                          -7.6052113135E+001  
 Singles correction (EcSingles)                    -4.8388864056E-003  
 Direct RPA correlation (EcRPA)                    -4.0043283236E-001  
 HF contribution (EtotHF)                          -1.1626057647E+002  
 Singles correction (EcSingles)                    -9.4372067350E-003  
 HF contribution (EtotHF)                          -1.1626057647E+002  
 Singles correction (EcSingles)                    -9.4372067350E-003  
 Direct RPA correlation (EcRPA)                    -7.4914855377E-001  
 HF contribution (EtotHF)                          -1.5210526252E+002  
 Singles correction (EcSingles)                    -9.6455514433E-003  
 HF contribution (EtotHF)                          -1.5210526252E+002  
 Singles correction (EcSingles)                    -9.6455514433E-003  
 Direct RPA correlation (EcRPA)                    -8.0047987012E-001  
 HF contribution (EtotHF)                          -1.1626027644E+002  
 Singles correction (EcSingles)                    -9.3605930625E-003  
 HF contribution (EtotHF)                          -1.1626027644E+002  
 Singles correction (EcSingles)                    -9.3605930625E-003  
 Direct RPA correlation (EcRPA)                    -7.4925394322E-001  
