 Converged energy                           -193.367417794601
 Converged energy                            -40.505086661421
 Converged energy                            -76.430595663656
 Converged energy                            -76.431000190267
 Converged energy                           -116.935773825369
 Converged energy                           -152.861725553619
 Converged energy                           -116.936654304532
 HF contribution (EtotHF)                          -1.9231112337E+002  
 Singles correction (EcSingles)                    -1.4332210037E-002  
 HF contribution (EtotHF)                          -1.9231112337E+002  
 Singles correction (EcSingles)                    -1.4332210037E-002  
 Direct RPA correlation (EcRPA)                    -1.1508036544E+000  
 HF contribution (EtotHF)                          -4.0208263039E+001  
 Singles correction (EcSingles)                    -4.4297019636E-003  
 HF contribution (EtotHF)                          -4.0208263039E+001  
 Singles correction (EcSingles)                    -4.4297019636E-003  
 Direct RPA correlation (EcRPA)                    -3.4811790090E-001  
 HF contribution (EtotHF)                          -7.6051407403E+001  
 Singles correction (EcSingles)                    -4.8653971299E-003  
 HF contribution (EtotHF)                          -7.6051407403E+001  
 Singles correction (EcSingles)                    -4.8653971299E-003  
 Direct RPA correlation (EcRPA)                    -4.0075444384E-001  
 HF contribution (EtotHF)                          -7.6052112656E+001  
 Singles correction (EcSingles)                    -4.8388896594E-003  
 HF contribution (EtotHF)                          -7.6052112656E+001  
 Singles correction (EcSingles)                    -4.8388896594E-003  
 Direct RPA correlation (EcRPA)                    -4.0042987817E-001  
 HF contribution (EtotHF)                          -1.1625904237E+002  
 Singles correction (EcSingles)                    -9.3999608671E-003  
 HF contribution (EtotHF)                          -1.1625904237E+002  
 Singles correction (EcSingles)                    -9.3999608671E-003  
 Direct RPA correlation (EcRPA)                    -7.4965890588E-001  
 HF contribution (EtotHF)                          -1.5210366372E+002  
 Singles correction (EcSingles)                    -9.7021572379E-003  
 HF contribution (EtotHF)                          -1.5210366372E+002  
 Singles correction (EcSingles)                    -9.7021572379E-003  
 Direct RPA correlation (EcRPA)                    -8.0117037579E-001  
 HF contribution (EtotHF)                          -1.1626027522E+002  
 Singles correction (EcSingles)                    -9.3601556189E-003  
 HF contribution (EtotHF)                          -1.1626027522E+002  
 Singles correction (EcSingles)                    -9.3601556189E-003  
 Direct RPA correlation (EcRPA)                    -7.4925365179E-001  
