 Converged energy                           -193.370909756979
 Converged energy                            -40.505093629716
 Converged energy                            -76.431816796490
 Converged energy                            -76.431598525615
 Converged energy                           -116.937336152531
 Converged energy                           -152.864998796644
 Converged energy                           -116.937120816900
 HF contribution (EtotHF)                          -1.9231420319E+002  
 Singles correction (EcSingles)                    -1.4627733791E-002  
 HF contribution (EtotHF)                          -1.9231420319E+002  
 Singles correction (EcSingles)                    -1.4627733791E-002  
 Direct RPA correlation (EcRPA)                    -1.1506843880E+000  
 HF contribution (EtotHF)                          -4.0208267200E+001  
 Singles correction (EcSingles)                    -4.4316478329E-003  
 HF contribution (EtotHF)                          -4.0208267200E+001  
 Singles correction (EcSingles)                    -4.4316478329E-003  
 Direct RPA correlation (EcRPA)                    -3.4816720608E-001  
 HF contribution (EtotHF)                          -7.6053401599E+001  
 Singles correction (EcSingles)                    -4.7994408700E-003  
 HF contribution (EtotHF)                          -7.6053401599E+001  
 Singles correction (EcSingles)                    -4.7994408700E-003  
 Direct RPA correlation (EcRPA)                    -4.0005558843E-001  
 HF contribution (EtotHF)                          -7.6053014707E+001  
 Singles correction (EcSingles)                    -4.8109608241E-003  
 HF contribution (EtotHF)                          -7.6053014707E+001  
 Singles correction (EcSingles)                    -4.8109608241E-003  
 Direct RPA correlation (EcRPA)                    -4.0011440821E-001  
 HF contribution (EtotHF)                          -1.1626045594E+002  
 Singles correction (EcSingles)                    -9.5629630960E-003  
 HF contribution (EtotHF)                          -1.1626045594E+002  
 Singles correction (EcSingles)                    -9.5629630960E-003  
 Direct RPA correlation (EcRPA)                    -7.4956722570E-001  
 HF contribution (EtotHF)                          -1.5210787927E+002  
 Singles correction (EcSingles)                    -9.6623369107E-003  
 HF contribution (EtotHF)                          -1.5210787927E+002  
 Singles correction (EcSingles)                    -9.6623369107E-003  
 Direct RPA correlation (EcRPA)                    -8.0021697943E-001  
 HF contribution (EtotHF)                          -1.1626058896E+002  
 Singles correction (EcSingles)                    -9.4391852649E-003  
 HF contribution (EtotHF)                          -1.1626058896E+002  
 Singles correction (EcSingles)                    -9.4391852649E-003  
 Direct RPA correlation (EcRPA)                    -7.4924232396E-001  
