 Converged energy                           -193.368028286162
 Converged energy                            -40.505086274915
 Converged energy                            -76.430599112119
 Converged energy                            -76.430847832169
 Converged energy                           -116.935776518991
 Converged energy                           -152.862323709479
 Converged energy                           -116.936428756630
 HF contribution (EtotHF)                          -1.9231169050E+002  
 Singles correction (EcSingles)                    -1.4333511721E-002  
 HF contribution (EtotHF)                          -1.9231169050E+002  
 Singles correction (EcSingles)                    -1.4333511721E-002  
 Direct RPA correlation (EcRPA)                    -1.1507898563E+000  
 HF contribution (EtotHF)                          -4.0208262647E+001  
 Singles correction (EcSingles)                    -4.4295333115E-003  
 HF contribution (EtotHF)                          -4.0208262647E+001  
 Singles correction (EcSingles)                    -4.4295333115E-003  
 Direct RPA correlation (EcRPA)                    -3.4809106278E-001  
 HF contribution (EtotHF)                          -7.6051411632E+001  
 Singles correction (EcSingles)                    -4.8655817725E-003  
 HF contribution (EtotHF)                          -7.6051411632E+001  
 Singles correction (EcSingles)                    -4.8655817725E-003  
 Direct RPA correlation (EcRPA)                    -4.0077907975E-001  
 HF contribution (EtotHF)                          -7.6051837257E+001  
 Singles correction (EcSingles)                    -4.8491730745E-003  
 HF contribution (EtotHF)                          -7.6051837257E+001  
 Singles correction (EcSingles)                    -4.8491730745E-003  
 Direct RPA correlation (EcRPA)                    -4.0054274360E-001  
 HF contribution (EtotHF)                          -1.1625904624E+002  
 Singles correction (EcSingles)                    -9.3999186630E-003  
 HF contribution (EtotHF)                          -1.1625904624E+002  
 Singles correction (EcSingles)                    -9.3999186630E-003  
 Direct RPA correlation (EcRPA)                    -7.4965770044E-001  
 HF contribution (EtotHF)                          -1.5210408765E+002  
 Singles correction (EcSingles)                    -9.7345469611E-003  
 HF contribution (EtotHF)                          -1.5210408765E+002  
 Singles correction (EcSingles)                    -9.7345469611E-003  
 Direct RPA correlation (EcRPA)                    -8.0135189748E-001  
 HF contribution (EtotHF)                          -1.1626003844E+002  
 Singles correction (EcSingles)                    -9.3397008819E-003  
 HF contribution (EtotHF)                          -1.1626003844E+002  
 Singles correction (EcSingles)                    -9.3397008819E-003  
 Direct RPA correlation (EcRPA)                    -7.4920199614E-001  
