 Converged energy                           -193.367547201352
 Converged energy                            -40.505092549876
 Converged energy                            -76.431814453624
 Converged energy                            -76.430596702637
 Converged energy                           -116.937332987491
 Converged energy                           -152.861930964862
 Converged energy                           -116.935780464471
 HF contribution (EtotHF)                          -1.9231059306E+002  
 Singles correction (EcSingles)                    -1.4567327572E-002  
 HF contribution (EtotHF)                          -1.9231059306E+002  
 Singles correction (EcSingles)                    -1.4567327572E-002  
 Direct RPA correlation (EcRPA)                    -1.1513173307E+000  
 HF contribution (EtotHF)                          -4.0208266130E+001  
 Singles correction (EcSingles)                    -4.4316158469E-003  
 HF contribution (EtotHF)                          -4.0208266130E+001  
 Singles correction (EcSingles)                    -4.4316158469E-003  
 Direct RPA correlation (EcRPA)                    -3.4816487915E-001  
 HF contribution (EtotHF)                          -7.6053398193E+001  
 Singles correction (EcSingles)                    -4.7991476894E-003  
 HF contribution (EtotHF)                          -7.6053398193E+001  
 Singles correction (EcSingles)                    -4.7991476894E-003  
 Direct RPA correlation (EcRPA)                    -4.0002859467E-001  
 HF contribution (EtotHF)                          -7.6051408557E+001  
 Singles correction (EcSingles)                    -4.8654892670E-003  
 HF contribution (EtotHF)                          -7.6051408557E+001  
 Singles correction (EcSingles)                    -4.8654892670E-003  
 Direct RPA correlation (EcRPA)                    -4.0076535079E-001  
 HF contribution (EtotHF)                          -1.1626045186E+002  
 Singles correction (EcSingles)                    -9.5626347018E-003  
 HF contribution (EtotHF)                          -1.1626045186E+002  
 Singles correction (EcSingles)                    -9.5626347018E-003  
 Direct RPA correlation (EcRPA)                    -7.4953758012E-001  
 HF contribution (EtotHF)                          -1.5210412199E+002  
 Singles correction (EcSingles)                    -9.7042182762E-003  
 HF contribution (EtotHF)                          -1.5210412199E+002  
 Singles correction (EcSingles)                    -9.7042182762E-003  
 Direct RPA correlation (EcRPA)                    -8.0104592147E-001  
 HF contribution (EtotHF)                          -1.1625904666E+002  
 Singles correction (EcSingles)                    -9.4019863724E-003  
 HF contribution (EtotHF)                          -1.1625904666E+002  
 Singles correction (EcSingles)                    -9.4019863724E-003  
 Direct RPA correlation (EcRPA)                    -7.4971737725E-001  
