 Converged energy                           -269.631811374574
 Converged energy                            -76.386361462916
 Converged energy                            -76.385552416174
 Converged energy                            -76.386398177996
 Converged energy                           -152.780058070009
 Converged energy                           -152.771582471641
 Converged energy                           -152.772802839413
 Converged energy                            -40.465278167396
 Converged energy                           -116.851775162241
 Converged energy                           -116.851210317111
 Converged energy                           -116.851998469271
 Converged energy                           -229.166057323910
 Converged energy                           -193.245489341611
 Converged energy                           -193.238527114242
 Converged energy                           -193.237574413641
 HF contribution (EtotHF)                          -2.6836766681E+002  
 Singles correction (EcSingles)                    -3.6778946755E-002  
 HF contribution (EtotHF)                          -2.6836766681E+002  
 Singles correction (EcSingles)                    -3.6778946755E-002  
 Direct RPA correlation (EcRPA)                    -1.7377564917E+000  
 HF contribution (EtotHF)                          -7.6053931199E+001  
 Singles correction (EcSingles)                    -8.9202876431E-003  
 HF contribution (EtotHF)                          -7.6053931199E+001  
 Singles correction (EcSingles)                    -8.9202876431E-003  
 Direct RPA correlation (EcRPA)                    -4.4933451803E-001  
 HF contribution (EtotHF)                          -7.6052058408E+001  
 Singles correction (EcSingles)                    -9.0199711509E-003  
 HF contribution (EtotHF)                          -7.6052058408E+001  
 Singles correction (EcSingles)                    -9.0199711509E-003  
 Direct RPA correlation (EcRPA)                    -4.5049600415E-001  
 HF contribution (EtotHF)                          -7.6053971471E+001  
 Singles correction (EcSingles)                    -8.9157832337E-003  
 HF contribution (EtotHF)                          -7.6053971471E+001  
 Singles correction (EcSingles)                    -8.9157832337E-003  
 Direct RPA correlation (EcRPA)                    -4.4920055838E-001  
 HF contribution (EtotHF)                          -1.5211010174E+002  
 Singles correction (EcSingles)                    -1.9082487786E-002  
 HF contribution (EtotHF)                          -1.5211010174E+002  
 Singles correction (EcSingles)                    -1.9082487786E-002  
 Direct RPA correlation (EcRPA)                    -9.0234138227E-001  
 HF contribution (EtotHF)                          -1.5210556597E+002  
 Singles correction (EcSingles)                    -1.7955566807E-002  
 HF contribution (EtotHF)                          -1.5210556597E+002  
 Singles correction (EcSingles)                    -1.7955566807E-002  
 Direct RPA correlation (EcRPA)                    -8.9980350100E-001  
 HF contribution (EtotHF)                          -1.5210794555E+002  
 Singles correction (EcSingles)                    -1.7838015025E-002  
 HF contribution (EtotHF)                          -1.5210794555E+002  
 Singles correction (EcSingles)                    -1.7838015025E-002  
 Direct RPA correlation (EcRPA)                    -8.9854070873E-001  
 HF contribution (EtotHF)                          -4.0206842720E+001  
 Singles correction (EcSingles)                    -7.9318612035E-003  
 HF contribution (EtotHF)                          -4.0206842720E+001  
 Singles correction (EcSingles)                    -7.9318612035E-003  
 Direct RPA correlation (EcRPA)                    -3.8282453401E-001  
 HF contribution (EtotHF)                          -1.1625977318E+002  
 Singles correction (EcSingles)                    -1.7150560527E-002  
 HF contribution (EtotHF)                          -1.1625977318E+002  
 Singles correction (EcSingles)                    -1.7150560527E-002  
 Direct RPA correlation (EcRPA)                    -8.3325962674E-001  
 HF contribution (EtotHF)                          -1.1625844579E+002  
 Singles correction (EcSingles)                    -1.7124173459E-002  
 HF contribution (EtotHF)                          -1.1625844579E+002  
 Singles correction (EcSingles)                    -1.7124173459E-002  
 Direct RPA correlation (EcRPA)                    -8.3413560298E-001  
 HF contribution (EtotHF)                          -1.1625946953E+002  
 Singles correction (EcSingles)                    -1.7287181972E-002  
 HF contribution (EtotHF)                          -1.1625946953E+002  
 Singles correction (EcSingles)                    -1.7287181972E-002  
 Direct RPA correlation (EcRPA)                    -8.3344796451E-001  
 HF contribution (EtotHF)                          -2.2816358603E+002  
 Singles correction (EcSingles)                    -2.8016820854E-002  
 HF contribution (EtotHF)                          -2.2816358603E+002  
 Singles correction (EcSingles)                    -2.8016820854E-002  
 Direct RPA correlation (EcRPA)                    -1.3516545169E+000  
 HF contribution (EtotHF)                          -1.9231553066E+002  
 Singles correction (EcSingles)                    -2.7406336202E-002  
 HF contribution (EtotHF)                          -1.9231553066E+002  
 Singles correction (EcSingles)                    -2.7406336202E-002  
 Direct RPA correlation (EcRPA)                    -1.2870079130E+000  
 HF contribution (EtotHF)                          -1.9231242962E+002  
 Singles correction (EcSingles)                    -2.6509079264E-002  
 HF contribution (EtotHF)                          -1.9231242962E+002  
 Singles correction (EcSingles)                    -2.6509079264E-002  
 Direct RPA correlation (EcRPA)                    -1.2838962022E+000  
 HF contribution (EtotHF)                          -1.9231061276E+002  
 Singles correction (EcSingles)                    -2.6498631095E-002  
 HF contribution (EtotHF)                          -1.9231061276E+002  
 Singles correction (EcSingles)                    -2.6498631095E-002  
 Direct RPA correlation (EcRPA)                    -1.2848748100E+000  
