 Converged energy                           -269.633092604069
 Converged energy                            -76.386386086375
 Converged energy                            -76.386061277364
 Converged energy                            -76.386110533199
 Converged energy                           -152.778765662481
 Converged energy                           -152.774048950184
 Converged energy                           -152.772752490838
 Converged energy                            -40.465277738545
 Converged energy                           -116.851799500442
 Converged energy                           -116.851419992415
 Converged energy                           -116.851935131688
 Converged energy                           -229.167248261348
 Converged energy                           -193.244044952961
 Converged energy                           -193.238742681028
 Converged energy                           -193.239918040034
 HF contribution (EtotHF)                          -2.6836848225E+002  
 Singles correction (EcSingles)                    -3.6861953105E-002  
 HF contribution (EtotHF)                          -2.6836848225E+002  
 Singles correction (EcSingles)                    -3.6861953105E-002  
 Direct RPA correlation (EcRPA)                    -1.7379104637E+000  
 HF contribution (EtotHF)                          -7.6053937934E+001  
 Singles correction (EcSingles)                    -8.9312352736E-003  
 HF contribution (EtotHF)                          -7.6053937934E+001  
 Singles correction (EcSingles)                    -8.9312352736E-003  
 Direct RPA correlation (EcRPA)                    -4.4970226415E-001  
 HF contribution (EtotHF)                          -7.6052831094E+001  
 Singles correction (EcSingles)                    -8.9909299329E-003  
 HF contribution (EtotHF)                          -7.6052831094E+001  
 Singles correction (EcSingles)                    -8.9909299329E-003  
 Direct RPA correlation (EcRPA)                    -4.5008705212E-001  
 HF contribution (EtotHF)                          -7.6053597146E+001  
 Singles correction (EcSingles)                    -8.9175498963E-003  
 HF contribution (EtotHF)                          -7.6053597146E+001  
 Singles correction (EcSingles)                    -8.9175498963E-003  
 Direct RPA correlation (EcRPA)                    -4.4920164804E-001  
 HF contribution (EtotHF)                          -1.5210746139E+002  
 Singles correction (EcSingles)                    -1.9347128890E-002  
 HF contribution (EtotHF)                          -1.5210746139E+002  
 Singles correction (EcSingles)                    -1.9347128890E-002  
 Direct RPA correlation (EcRPA)                    -9.0323750521E-001  
 HF contribution (EtotHF)                          -1.5210818014E+002  
 Singles correction (EcSingles)                    -1.7994233290E-002  
 HF contribution (EtotHF)                          -1.5210818014E+002  
 Singles correction (EcSingles)                    -1.7994233290E-002  
 Direct RPA correlation (EcRPA)                    -8.9930753004E-001  
 HF contribution (EtotHF)                          -1.5210783899E+002  
 Singles correction (EcSingles)                    -1.7843931361E-002  
 HF contribution (EtotHF)                          -1.5210783899E+002  
 Singles correction (EcSingles)                    -1.7843931361E-002  
 Direct RPA correlation (EcRPA)                    -8.9886671343E-001  
 HF contribution (EtotHF)                          -4.0206843138E+001  
 Singles correction (EcSingles)                    -7.9312361157E-003  
 HF contribution (EtotHF)                          -4.0206843138E+001  
 Singles correction (EcSingles)                    -7.9312361157E-003  
 Direct RPA correlation (EcRPA)                    -3.8280456978E-001  
 HF contribution (EtotHF)                          -1.1625977999E+002  
 Singles correction (EcSingles)                    -1.7161029049E-002  
 HF contribution (EtotHF)                          -1.1625977999E+002  
 Singles correction (EcSingles)                    -1.7161029049E-002  
 Direct RPA correlation (EcRPA)                    -8.3361054808E-001  
 HF contribution (EtotHF)                          -1.1625869481E+002  
 Singles correction (EcSingles)                    -1.7210576060E-002  
 HF contribution (EtotHF)                          -1.1625869481E+002  
 Singles correction (EcSingles)                    -1.7210576060E-002  
 Direct RPA correlation (EcRPA)                    -8.3397234011E-001  
 HF contribution (EtotHF)                          -1.1626036387E+002  
 Singles correction (EcSingles)                    -1.6968156160E-002  
 HF contribution (EtotHF)                          -1.1626036387E+002  
 Singles correction (EcSingles)                    -1.6968156160E-002  
 Direct RPA correlation (EcRPA)                    -8.3264588260E-001  
 HF contribution (EtotHF)                          -2.2816327626E+002  
 Singles correction (EcSingles)                    -2.8372120341E-002  
 HF contribution (EtotHF)                          -2.2816327626E+002  
 Singles correction (EcSingles)                    -2.8372120341E-002  
 Direct RPA correlation (EcRPA)                    -1.3524586779E+000  
 HF contribution (EtotHF)                          -1.9231256937E+002  
 Singles correction (EcSingles)                    -2.7760979920E-002  
 HF contribution (EtotHF)                          -1.9231256937E+002  
 Singles correction (EcSingles)                    -2.7760979920E-002  
 Direct RPA correlation (EcRPA)                    -1.2881065807E+000  
 HF contribution (EtotHF)                          -1.9231364888E+002  
 Singles correction (EcSingles)                    -2.6188652006E-002  
 HF contribution (EtotHF)                          -1.9231364888E+002  
 Singles correction (EcSingles)                    -2.6188652006E-002  
 Direct RPA correlation (EcRPA)                    -1.2834039409E+000  
 HF contribution (EtotHF)                          -1.9231406559E+002  
 Singles correction (EcSingles)                    -2.6295862936E-002  
 HF contribution (EtotHF)                          -1.9231406559E+002  
 Singles correction (EcSingles)                    -2.6295862936E-002  
 Direct RPA correlation (EcRPA)                    -1.2837920787E+000  
