 Converged energy                           -269.624110124977
 Converged energy                            -76.386346673175
 Converged energy                            -76.385751296006
 Converged energy                            -76.386114257652
 Converged energy                           -152.771636468476
 Converged energy                           -152.772216533691
 Converged energy                           -152.772080701073
 Converged energy                            -40.465277745033
 Converged energy                           -116.851759753394
 Converged energy                           -116.851613616518
 Converged energy                           -116.851892632697
 Converged energy                           -229.157715565258
 Converged energy                           -193.237595192815
 Converged energy                           -193.237987406512
 Converged energy                           -193.238517827053
 HF contribution (EtotHF)                          -2.6836343087E+002  
 Singles correction (EcSingles)                    -3.5696445081E-002  
 HF contribution (EtotHF)                          -2.6836343087E+002  
 Singles correction (EcSingles)                    -3.5696445081E-002  
 Direct RPA correlation (EcRPA)                    -1.7348689016E+000  
 HF contribution (EtotHF)                          -7.6053929251E+001  
 Singles correction (EcSingles)                    -8.9125576365E-003  
 HF contribution (EtotHF)                          -7.6053929251E+001  
 Singles correction (EcSingles)                    -8.9125576365E-003  
 Direct RPA correlation (EcRPA)                    -4.4913314935E-001  
 HF contribution (EtotHF)                          -7.6052662907E+001  
 Singles correction (EcSingles)                    -8.9674638025E-003  
 HF contribution (EtotHF)                          -7.6052662907E+001  
 Singles correction (EcSingles)                    -8.9674638025E-003  
 Direct RPA correlation (EcRPA)                    -4.4970122689E-001  
 HF contribution (EtotHF)                          -7.6053102587E+001  
 Singles correction (EcSingles)                    -8.9635370653E-003  
 HF contribution (EtotHF)                          -7.6053102587E+001  
 Singles correction (EcSingles)                    -8.9635370653E-003  
 Direct RPA correlation (EcRPA)                    -4.4966908084E-001  
 HF contribution (EtotHF)                          -1.5210582580E+002  
 Singles correction (EcSingles)                    -1.7955829811E-002  
 HF contribution (EtotHF)                          -1.5210582580E+002  
 Singles correction (EcSingles)                    -1.7955829811E-002  
 Direct RPA correlation (EcRPA)                    -8.9911060269E-001  
 HF contribution (EtotHF)                          -1.5210619375E+002  
 Singles correction (EcSingles)                    -1.7920910721E-002  
 HF contribution (EtotHF)                          -1.5210619375E+002  
 Singles correction (EcSingles)                    -1.7920910721E-002  
 Direct RPA correlation (EcRPA)                    -8.9930397091E-001  
 HF contribution (EtotHF)                          -1.5210651893E+002  
 Singles correction (EcSingles)                    -1.7907100100E-002  
 HF contribution (EtotHF)                          -1.5210651893E+002  
 Singles correction (EcSingles)                    -1.7907100100E-002  
 Direct RPA correlation (EcRPA)                    -8.9893720577E-001  
 HF contribution (EtotHF)                          -4.0206842673E+001  
 Singles correction (EcSingles)                    -7.9316682524E-003  
 HF contribution (EtotHF)                          -4.0206842673E+001  
 Singles correction (EcSingles)                    -7.9316682524E-003  
 Direct RPA correlation (EcRPA)                    -3.8282416101E-001  
 HF contribution (EtotHF)                          -1.1625977111E+002  
 Singles correction (EcSingles)                    -1.7142790677E-002  
 HF contribution (EtotHF)                          -1.1625977111E+002  
 Singles correction (EcSingles)                    -1.7142790677E-002  
 Direct RPA correlation (EcRPA)                    -8.3305612742E-001  
 HF contribution (EtotHF)                          -1.1625933255E+002  
 Singles correction (EcSingles)                    -1.7048754800E-002  
 HF contribution (EtotHF)                          -1.1625933255E+002  
 Singles correction (EcSingles)                    -1.7048754800E-002  
 Direct RPA correlation (EcRPA)                    -8.3327355890E-001  
 HF contribution (EtotHF)                          -1.1625884528E+002  
 Singles correction (EcSingles)                    -1.7315222695E-002  
 HF contribution (EtotHF)                          -1.1625884528E+002  
 Singles correction (EcSingles)                    -1.7315222695E-002  
 Direct RPA correlation (EcRPA)                    -8.3386735615E-001  
 HF contribution (EtotHF)                          -2.2815883747E+002  
 Singles correction (EcSingles)                    -2.6939969972E-002  
 HF contribution (EtotHF)                          -2.2815883747E+002  
 Singles correction (EcSingles)                    -2.6939969972E-002  
 Direct RPA correlation (EcRPA)                    -1.3488495008E+000  
 HF contribution (EtotHF)                          -1.9231158235E+002  
 Singles correction (EcSingles)                    -2.6297957021E-002  
 HF contribution (EtotHF)                          -1.9231158235E+002  
 Singles correction (EcSingles)                    -2.6297957021E-002  
 Direct RPA correlation (EcRPA)                    -1.2837377513E+000  
 HF contribution (EtotHF)                          -1.9231126337E+002  
 Singles correction (EcSingles)                    -2.6552278170E-002  
 HF contribution (EtotHF)                          -1.9231126337E+002  
 Singles correction (EcSingles)                    -2.6552278170E-002  
 Direct RPA correlation (EcRPA)                    -1.2842360941E+000  
 HF contribution (EtotHF)                          -1.9231169441E+002  
 Singles correction (EcSingles)                    -2.6421190571E-002  
 HF contribution (EtotHF)                          -1.9231169441E+002  
 Singles correction (EcSingles)                    -2.6421190571E-002  
 Direct RPA correlation (EcRPA)                    -1.2842672669E+000  
