 Converged energy                           -269.623612105615
 Converged energy                            -76.386346845244
 Converged energy                            -76.385750985704
 Converged energy                            -76.385636364424
 Converged energy                           -152.771636345404
 Converged energy                           -152.771416861520
 Converged energy                           -152.771875203974
 Converged energy                            -40.465276656639
 Converged energy                           -116.851758694238
 Converged energy                           -116.851611969881
 Converged energy                           -116.851356942421
 Converged energy                           -229.157197858536
 Converged energy                           -193.237593606291
 Converged energy                           -193.237769183702
 Converged energy                           -193.237697440451
 HF contribution (EtotHF)                          -2.6836374660E+002  
 Singles correction (EcSingles)                    -3.5394699385E-002  
 HF contribution (EtotHF)                          -2.6836374660E+002  
 Singles correction (EcSingles)                    -3.5394699385E-002  
 Direct RPA correlation (EcRPA)                    -1.7341868904E+000  
 HF contribution (EtotHF)                          -7.6053928991E+001  
 Singles correction (EcSingles)                    -8.9127144013E-003  
 HF contribution (EtotHF)                          -7.6053928991E+001  
 Singles correction (EcSingles)                    -8.9127144013E-003  
 Direct RPA correlation (EcRPA)                    -4.4913187048E-001  
 HF contribution (EtotHF)                          -7.6052662660E+001  
 Singles correction (EcSingles)                    -8.9675160765E-003  
 HF contribution (EtotHF)                          -7.6052662660E+001  
 Singles correction (EcSingles)                    -8.9675160765E-003  
 Direct RPA correlation (EcRPA)                    -4.4969938403E-001  
 HF contribution (EtotHF)                          -7.6052388885E+001  
 Singles correction (EcSingles)                    -8.9789397132E-003  
 HF contribution (EtotHF)                          -7.6052388885E+001  
 Singles correction (EcSingles)                    -8.9789397132E-003  
 Direct RPA correlation (EcRPA)                    -4.4980712808E-001  
 HF contribution (EtotHF)                          -1.5210582530E+002  
 Singles correction (EcSingles)                    -1.7956048744E-002  
 HF contribution (EtotHF)                          -1.5210582530E+002  
 Singles correction (EcSingles)                    -1.7956048744E-002  
 Direct RPA correlation (EcRPA)                    -8.9910744147E-001  
 HF contribution (EtotHF)                          -1.5210508018E+002  
 Singles correction (EcSingles)                    -1.7946950697E-002  
 HF contribution (EtotHF)                          -1.5210508018E+002  
 Singles correction (EcSingles)                    -1.7946950697E-002  
 Direct RPA correlation (EcRPA)                    -8.9951146883E-001  
 HF contribution (EtotHF)                          -1.5210616634E+002  
 Singles correction (EcSingles)                    -1.7902416117E-002  
 HF contribution (EtotHF)                          -1.5210616634E+002  
 Singles correction (EcSingles)                    -1.7902416117E-002  
 Direct RPA correlation (EcRPA)                    -8.9899144130E-001  
 HF contribution (EtotHF)                          -4.0206843709E+001  
 Singles correction (EcSingles)                    -7.9308483553E-003  
 HF contribution (EtotHF)                          -4.0206843709E+001  
 Singles correction (EcSingles)                    -7.9308483553E-003  
 Direct RPA correlation (EcRPA)                    -3.8280043142E-001  
 HF contribution (EtotHF)                          -1.1625977188E+002  
 Singles correction (EcSingles)                    -1.7142096264E-002  
 HF contribution (EtotHF)                          -1.1625977188E+002  
 Singles correction (EcSingles)                    -1.7142096264E-002  
 Direct RPA correlation (EcRPA)                    -8.3303104656E-001  
 HF contribution (EtotHF)                          -1.1625933351E+002  
 Singles correction (EcSingles)                    -1.7047794045E-002  
 HF contribution (EtotHF)                          -1.1625933351E+002  
 Singles correction (EcSingles)                    -1.7047794045E-002  
 Direct RPA correlation (EcRPA)                    -8.3324801135E-001  
 HF contribution (EtotHF)                          -1.1625911002E+002  
 Singles correction (EcSingles)                    -1.7020574987E-002  
 HF contribution (EtotHF)                          -1.1625911002E+002  
 Singles correction (EcSingles)                    -1.7020574987E-002  
 Direct RPA correlation (EcRPA)                    -8.3321648620E-001  
 HF contribution (EtotHF)                          -2.2815809496E+002  
 Singles correction (EcSingles)                    -2.6946119529E-002  
 HF contribution (EtotHF)                          -2.2815809496E+002  
 Singles correction (EcSingles)                    -2.6946119529E-002  
 Direct RPA correlation (EcRPA)                    -1.3489719613E+000  
 HF contribution (EtotHF)                          -1.9231158301E+002  
 Singles correction (EcSingles)                    -2.6297167713E-002  
 HF contribution (EtotHF)                          -1.9231158301E+002  
 Singles correction (EcSingles)                    -2.6297167713E-002  
 Direct RPA correlation (EcRPA)                    -1.2837108096E+000  
 HF contribution (EtotHF)                          -1.9231193825E+002  
 Singles correction (EcSingles)                    -2.6237226140E-002  
 HF contribution (EtotHF)                          -1.9231193825E+002  
 Singles correction (EcSingles)                    -2.6237226140E-002  
 Direct RPA correlation (EcRPA)                    -1.2834914867E+000  
 HF contribution (EtotHF)                          -1.9231159423E+002  
 Singles correction (EcSingles)                    -2.6139936230E-002  
 HF contribution (EtotHF)                          -1.9231159423E+002  
 Singles correction (EcSingles)                    -2.6139936230E-002  
 Direct RPA correlation (EcRPA)                    -1.2836799767E+000  
