 Converged energy                           -269.623365308189
 Converged energy                            -76.386346792288
 Converged energy                            -76.385752695876
 Converged energy                            -76.386135697640
 Converged energy                           -152.771637903799
 Converged energy                           -152.770837388948
 Converged energy                           -152.772823797735
 Converged energy                            -40.465276007646
 Converged energy                           -116.851758011694
 Converged energy                           -116.851613084490
 Converged energy                           -116.851797481489
 Converged energy                           -229.157060307717
 Converged energy                           -193.237594603159
 Converged energy                           -193.238587638249
 Converged energy                           -193.237078548992
 HF contribution (EtotHF)                          -2.6836400909E+002  
 Singles correction (EcSingles)                    -3.5401817213E-002  
 HF contribution (EtotHF)                          -2.6836400909E+002  
 Singles correction (EcSingles)                    -3.5401817213E-002  
 Direct RPA correlation (EcRPA)                    -1.7338074852E+000  
 HF contribution (EtotHF)                          -7.6053928962E+001  
 Singles correction (EcSingles)                    -8.9125106126E-003  
 HF contribution (EtotHF)                          -7.6053928962E+001  
 Singles correction (EcSingles)                    -8.9125106126E-003  
 Direct RPA correlation (EcRPA)                    -4.4913098717E-001  
 HF contribution (EtotHF)                          -7.6052664647E+001  
 Singles correction (EcSingles)                    -8.9677126197E-003  
 HF contribution (EtotHF)                          -7.6052664647E+001  
 Singles correction (EcSingles)                    -8.9677126197E-003  
 Direct RPA correlation (EcRPA)                    -4.4971383089E-001  
 HF contribution (EtotHF)                          -7.6053656227E+001  
 Singles correction (EcSingles)                    -8.9133182344E-003  
 HF contribution (EtotHF)                          -7.6053656227E+001  
 Singles correction (EcSingles)                    -8.9133182344E-003  
 Direct RPA correlation (EcRPA)                    -4.4915233241E-001  
 HF contribution (EtotHF)                          -1.5210582708E+002  
 Singles correction (EcSingles)                    -1.7956068818E-002  
 HF contribution (EtotHF)                          -1.5210582708E+002  
 Singles correction (EcSingles)                    -1.7956068818E-002  
 Direct RPA correlation (EcRPA)                    -8.9912101443E-001  
 HF contribution (EtotHF)                          -1.5210477362E+002  
 Singles correction (EcSingles)                    -1.8004765077E-002  
 HF contribution (EtotHF)                          -1.5210477362E+002  
 Singles correction (EcSingles)                    -1.8004765077E-002  
 Direct RPA correlation (EcRPA)                    -8.9930408031E-001  
 HF contribution (EtotHF)                          -1.5210800490E+002  
 Singles correction (EcSingles)                    -1.7814409557E-002  
 HF contribution (EtotHF)                          -1.5210800490E+002  
 Singles correction (EcSingles)                    -1.7814409557E-002  
 Direct RPA correlation (EcRPA)                    -8.9821563422E-001  
 HF contribution (EtotHF)                          -4.0206842784E+001  
 Singles correction (EcSingles)                    -7.9309351342E-003  
 HF contribution (EtotHF)                          -4.0206842784E+001  
 Singles correction (EcSingles)                    -7.9309351342E-003  
 Direct RPA correlation (EcRPA)                    -3.8279817839E-001  
 HF contribution (EtotHF)                          -1.1625977092E+002  
 Singles correction (EcSingles)                    -1.7141999055E-002  
 HF contribution (EtotHF)                          -1.1625977092E+002  
 Singles correction (EcSingles)                    -1.7141999055E-002  
 Direct RPA correlation (EcRPA)                    -8.3302775570E-001  
 HF contribution (EtotHF)                          -1.1625933459E+002  
 Singles correction (EcSingles)                    -1.7048123654E-002  
 HF contribution (EtotHF)                          -1.1625933459E+002  
 Singles correction (EcSingles)                    -1.7048123654E-002  
 Direct RPA correlation (EcRPA)                    -8.3326039263E-001  
 HF contribution (EtotHF)                          -1.1626033127E+002  
 Singles correction (EcSingles)                    -1.6953690267E-002  
 HF contribution (EtotHF)                          -1.1626033127E+002  
 Singles correction (EcSingles)                    -1.6953690267E-002  
 Direct RPA correlation (EcRPA)                    -8.3254167850E-001  
 HF contribution (EtotHF)                          -2.2815835728E+002  
 Singles correction (EcSingles)                    -2.6980022919E-002  
 HF contribution (EtotHF)                          -2.2815835728E+002  
 Singles correction (EcSingles)                    -2.6980022919E-002  
 Direct RPA correlation (EcRPA)                    -1.3486416109E+000  
 HF contribution (EtotHF)                          -1.9231158388E+002  
 Singles correction (EcSingles)                    -2.6297346160E-002  
 HF contribution (EtotHF)                          -1.9231158388E+002  
 Singles correction (EcSingles)                    -2.6297346160E-002  
 Direct RPA correlation (EcRPA)                    -1.2837221315E+000  
 HF contribution (EtotHF)                          -1.9231365200E+002  
 Singles correction (EcSingles)                    -2.6149590480E-002  
 HF contribution (EtotHF)                          -1.9231365200E+002  
 Singles correction (EcSingles)                    -2.6149590480E-002  
 Direct RPA correlation (EcRPA)                    -1.2827063524E+000  
 HF contribution (EtotHF)                          -1.9231136958E+002  
 Singles correction (EcSingles)                    -2.6167630702E-002  
 HF contribution (EtotHF)                          -1.9231136958E+002  
 Singles correction (EcSingles)                    -2.6167630702E-002  
 Direct RPA correlation (EcRPA)                    -1.2834114375E+000  
