 Converged energy                           -269.624551327098
 Converged energy                            -76.386344717759
 Converged energy                            -76.386114276236
 Converged energy                            -76.386398281456
 Converged energy                           -152.772078771975
 Converged energy                           -152.772302888004
 Converged energy                           -152.772786209488
 Converged energy                            -40.465279727437
 Converged energy                           -116.851759704633
 Converged energy                           -116.851894569121
 Converged energy                           -116.852000093401
 Converged energy                           -229.158310940128
 Converged energy                           -193.237987322852
 Converged energy                           -193.238511728506
 Converged energy                           -193.238426080385
 HF contribution (EtotHF)                          -2.6836367605E+002  
 Singles correction (EcSingles)                    -3.5922863484E-002  
 HF contribution (EtotHF)                          -2.6836367605E+002  
 Singles correction (EcSingles)                    -3.5922863484E-002  
 Direct RPA correlation (EcRPA)                    -1.7349558209E+000  
 HF contribution (EtotHF)                          -7.6053928108E+001  
 Singles correction (EcSingles)                    -8.9120716311E-003  
 HF contribution (EtotHF)                          -7.6053928108E+001  
 Singles correction (EcSingles)                    -8.9120716311E-003  
 Direct RPA correlation (EcRPA)                    -4.4912431536E-001  
 HF contribution (EtotHF)                          -7.6053102086E+001  
 Singles correction (EcSingles)                    -8.9635775801E-003  
 HF contribution (EtotHF)                          -7.6053102086E+001  
 Singles correction (EcSingles)                    -8.9635775801E-003  
 Direct RPA correlation (EcRPA)                    -4.4967014908E-001  
 HF contribution (EtotHF)                          -7.6053971167E+001  
 Singles correction (EcSingles)                    -8.9159694554E-003  
 HF contribution (EtotHF)                          -7.6053971167E+001  
 Singles correction (EcSingles)                    -8.9159694554E-003  
 Direct RPA correlation (EcRPA)                    -4.4920286007E-001  
 HF contribution (EtotHF)                          -1.5210651728E+002  
 Singles correction (EcSingles)                    -1.7906658462E-002  
 HF contribution (EtotHF)                          -1.5210651728E+002  
 Singles correction (EcSingles)                    -1.7906658462E-002  
 Direct RPA correlation (EcRPA)                    -8.9892945397E-001  
 HF contribution (EtotHF)                          -1.5210678320E+002  
 Singles correction (EcSingles)                    -1.7900140103E-002  
 HF contribution (EtotHF)                          -1.5210678320E+002  
 Singles correction (EcSingles)                    -1.7900140103E-002  
 Direct RPA correlation (EcRPA)                    -8.9895404147E-001  
 HF contribution (EtotHF)                          -1.5210794213E+002  
 Singles correction (EcSingles)                    -1.7830014962E-002  
 HF contribution (EtotHF)                          -1.5210794213E+002  
 Singles correction (EcSingles)                    -1.7830014962E-002  
 Direct RPA correlation (EcRPA)                    -8.9833281656E-001  
 HF contribution (EtotHF)                          -4.0206843802E+001  
 Singles correction (EcSingles)                    -7.9320114611E-003  
 HF contribution (EtotHF)                          -4.0206843802E+001  
 Singles correction (EcSingles)                    -7.9320114611E-003  
 Direct RPA correlation (EcRPA)                    -3.8283902234E-001  
 HF contribution (EtotHF)                          -1.1625977094E+002  
 Singles correction (EcSingles)                    -1.7142723611E-002  
 HF contribution (EtotHF)                          -1.1625977094E+002  
 Singles correction (EcSingles)                    -1.7142723611E-002  
 Direct RPA correlation (EcRPA)                    -8.3306199830E-001  
 HF contribution (EtotHF)                          -1.1625884589E+002  
 Singles correction (EcSingles)                    -1.7315596691E-002  
 HF contribution (EtotHF)                          -1.1625884589E+002  
 Singles correction (EcSingles)                    -1.7315596691E-002  
 Direct RPA correlation (EcRPA)                    -8.3388327698E-001  
 HF contribution (EtotHF)                          -1.1625947017E+002  
 Singles correction (EcSingles)                    -1.7287537254E-002  
 HF contribution (EtotHF)                          -1.1625947017E+002  
 Singles correction (EcSingles)                    -1.7287537254E-002  
 Direct RPA correlation (EcRPA)                    -8.3346490417E-001  
 HF contribution (EtotHF)                          -2.2816024217E+002  
 Singles correction (EcSingles)                    -2.6844978306E-002  
 HF contribution (EtotHF)                          -2.2816024217E+002  
 Singles correction (EcSingles)                    -2.6844978306E-002  
 Direct RPA correlation (EcRPA)                    -1.3482186485E+000  
 HF contribution (EtotHF)                          -1.9231126265E+002  
 Singles correction (EcSingles)                    -2.6552269695E-002  
 HF contribution (EtotHF)                          -1.9231126265E+002  
 Singles correction (EcSingles)                    -2.6552269695E-002  
 Direct RPA correlation (EcRPA)                    -1.2842430200E+000  
 HF contribution (EtotHF)                          -1.9231242683E+002  
 Singles correction (EcSingles)                    -2.6501582401E-002  
 HF contribution (EtotHF)                          -1.9231242683E+002  
 Singles correction (EcSingles)                    -2.6501582401E-002  
 Direct RPA correlation (EcRPA)                    -1.2837009208E+000  
 HF contribution (EtotHF)                          -1.9231122899E+002  
 Singles correction (EcSingles)                    -2.6682884093E-002  
 HF contribution (EtotHF)                          -1.9231122899E+002  
 Singles correction (EcSingles)                    -2.6682884093E-002  
 Direct RPA correlation (EcRPA)                    -1.2845831384E+000  
