 Converged energy                           -269.624310663278
 Converged energy                            -76.386345378434
 Converged energy                            -76.385638414655
 Converged energy                            -76.386109372151
 Converged energy                           -152.771875780011
 Converged energy                           -152.771365637568
 Converged energy                           -152.772710656279
 Converged energy                            -40.465276520565
 Converged energy                           -116.851756988264
 Converged energy                           -116.851358860275
 Converged energy                           -116.851932588890
 Converged energy                           -229.157854658215
 Converged energy                           -193.237769541023
 Converged energy                           -193.238698828993
 Converged energy                           -193.237617973815
 HF contribution (EtotHF)                          -2.6836525406E+002  
 Singles correction (EcSingles)                    -3.5301095187E-002  
 HF contribution (EtotHF)                          -2.6836525406E+002  
 Singles correction (EcSingles)                    -3.5301095187E-002  
 Direct RPA correlation (EcRPA)                    -1.7334489452E+000  
 HF contribution (EtotHF)                          -7.6053928026E+001  
 Singles correction (EcSingles)                    -8.9123049539E-003  
 HF contribution (EtotHF)                          -7.6053928026E+001  
 Singles correction (EcSingles)                    -8.9123049539E-003  
 Direct RPA correlation (EcRPA)                    -4.4912490464E-001  
 HF contribution (EtotHF)                          -7.6052388731E+001  
 Singles correction (EcSingles)                    -8.9800162520E-003  
 HF contribution (EtotHF)                          -7.6052388731E+001  
 Singles correction (EcSingles)                    -8.9800162520E-003  
 Direct RPA correlation (EcRPA)                    -4.4981777625E-001  
 HF contribution (EtotHF)                          -7.6053595904E+001  
 Singles correction (EcSingles)                    -8.9167673924E-003  
 HF contribution (EtotHF)                          -7.6053595904E+001  
 Singles correction (EcSingles)                    -8.9167673924E-003  
 Direct RPA correlation (EcRPA)                    -4.4918676490E-001  
 HF contribution (EtotHF)                          -1.5210616515E+002  
 Singles correction (EcSingles)                    -1.7903116024E-002  
 HF contribution (EtotHF)                          -1.5210616515E+002  
 Singles correction (EcSingles)                    -1.7903116024E-002  
 Direct RPA correlation (EcRPA)                    -8.9899514335E-001  
 HF contribution (EtotHF)                          -1.5210535207E+002  
 Singles correction (EcSingles)                    -1.7960345001E-002  
 HF contribution (EtotHF)                          -1.5210535207E+002  
 Singles correction (EcSingles)                    -1.7960345001E-002  
 Direct RPA correlation (EcRPA)                    -8.9923072707E-001  
 HF contribution (EtotHF)                          -1.5210782782E+002  
 Singles correction (EcSingles)                    -1.7824229898E-002  
 HF contribution (EtotHF)                          -1.5210782782E+002  
 Singles correction (EcSingles)                    -1.7824229898E-002  
 Direct RPA correlation (EcRPA)                    -8.9827390671E-001  
 HF contribution (EtotHF)                          -4.0206844113E+001  
 Singles correction (EcSingles)                    -7.9307108789E-003  
 HF contribution (EtotHF)                          -4.0206844113E+001  
 Singles correction (EcSingles)                    -7.9307108789E-003  
 Direct RPA correlation (EcRPA)                    -3.8279007694E-001  
 HF contribution (EtotHF)                          -1.1625977117E+002  
 Singles correction (EcSingles)                    -1.7141616886E-002  
 HF contribution (EtotHF)                          -1.1625977117E+002  
 Singles correction (EcSingles)                    -1.7141616886E-002  
 Direct RPA correlation (EcRPA)                    -8.3301337224E-001  
 HF contribution (EtotHF)                          -1.1625911031E+002  
 Singles correction (EcSingles)                    -1.7021392235E-002  
 HF contribution (EtotHF)                          -1.1625911031E+002  
 Singles correction (EcSingles)                    -1.7021392235E-002  
 Direct RPA correlation (EcRPA)                    -8.3321689879E-001  
 HF contribution (EtotHF)                          -1.1626036364E+002  
 Singles correction (EcSingles)                    -1.6966782698E-002  
 HF contribution (EtotHF)                          -1.1626036364E+002  
 Singles correction (EcSingles)                    -1.6966782698E-002  
 Direct RPA correlation (EcRPA)                    -8.3261636162E-001  
 HF contribution (EtotHF)                          -2.2815942887E+002  
 Singles correction (EcSingles)                    -2.6878250512E-002  
 HF contribution (EtotHF)                          -2.2815942887E+002  
 Singles correction (EcSingles)                    -2.6878250512E-002  
 Direct RPA correlation (EcRPA)                    -1.3483704938E+000  
 HF contribution (EtotHF)                          -1.9231193733E+002  
 Singles correction (EcSingles)                    -2.6237771181E-002  
 HF contribution (EtotHF)                          -1.9231193733E+002  
 Singles correction (EcSingles)                    -2.6237771181E-002  
 Direct RPA correlation (EcRPA)                    -1.2834845639E+000  
 HF contribution (EtotHF)                          -1.9231363866E+002  
 Singles correction (EcSingles)                    -2.6168548423E-002  
 HF contribution (EtotHF)                          -1.9231363866E+002  
 Singles correction (EcSingles)                    -2.6168548423E-002  
 Direct RPA correlation (EcRPA)                    -1.2827909913E+000  
 HF contribution (EtotHF)                          -1.9231208347E+002  
 Singles correction (EcSingles)                    -2.6093650166E-002  
 HF contribution (EtotHF)                          -1.9231208347E+002  
 Singles correction (EcSingles)                    -2.6093650166E-002  
 Direct RPA correlation (EcRPA)                    -1.2832295426E+000  
