 Converged energy                           -269.625422486305
 Converged energy                            -76.385518396283
 Converged energy                            -76.384936349061
 Converged energy                            -76.386270370014
 Converged energy                           -152.771893892230
 Converged energy                           -152.770889671509
 Converged energy                           -152.773436065565
 Converged energy                            -40.465277835978
 Converged energy                           -116.851175357116
 Converged energy                           -116.850550259978
 Converged energy                           -116.851721282723
 Converged energy                           -229.159493480780
 Converged energy                           -193.237739465265
 Converged energy                           -193.239119678380
 Converged energy                           -193.236728557357
 HF contribution (EtotHF)                          -2.6836432041E+002  
 Singles correction (EcSingles)                    -3.5575750237E-002  
 HF contribution (EtotHF)                          -2.6836432041E+002  
 Singles correction (EcSingles)                    -3.5575750237E-002  
 Direct RPA correlation (EcRPA)                    -1.7353343175E+000  
 HF contribution (EtotHF)                          -7.6052055951E+001  
 Singles correction (EcSingles)                    -9.0009508883E-003  
 HF contribution (EtotHF)                          -7.6052055951E+001  
 Singles correction (EcSingles)                    -9.0009508883E-003  
 Direct RPA correlation (EcRPA)                    -4.5006885045E-001  
 HF contribution (EtotHF)                          -7.6050825289E+001  
 Singles correction (EcSingles)                    -9.0558424091E-003  
 HF contribution (EtotHF)                          -7.6050825289E+001  
 Singles correction (EcSingles)                    -9.0558424091E-003  
 Direct RPA correlation (EcRPA)                    -4.5058865500E-001  
 HF contribution (EtotHF)                          -7.6053574673E+001  
 Singles correction (EcSingles)                    -8.9363962211E-003  
 HF contribution (EtotHF)                          -7.6053574673E+001  
 Singles correction (EcSingles)                    -8.9363962211E-003  
 Direct RPA correlation (EcRPA)                    -4.4937300429E-001  
 HF contribution (EtotHF)                          -1.5210409947E+002  
 Singles correction (EcSingles)                    -1.8166225024E-002  
 HF contribution (EtotHF)                          -1.5210409947E+002  
 Singles correction (EcSingles)                    -1.8166225024E-002  
 Direct RPA correlation (EcRPA)                    -9.0075464380E-001  
 HF contribution (EtotHF)                          -1.5210400265E+002  
 Singles correction (EcSingles)                    -1.8008612948E-002  
 HF contribution (EtotHF)                          -1.5210400265E+002  
 Singles correction (EcSingles)                    -1.8008612948E-002  
 Direct RPA correlation (EcRPA)                    -9.0004942632E-001  
 HF contribution (EtotHF)                          -1.5210723159E+002  
 Singles correction (EcSingles)                    -1.7996093129E-002  
 HF contribution (EtotHF)                          -1.5210723159E+002  
 Singles correction (EcSingles)                    -1.7996093129E-002  
 Direct RPA correlation (EcRPA)                    -8.9941856838E-001  
 HF contribution (EtotHF)                          -4.0206844427E+001  
 Singles correction (EcSingles)                    -7.9314053260E-003  
 HF contribution (EtotHF)                          -4.0206844427E+001  
 Singles correction (EcSingles)                    -7.9314053260E-003  
 Direct RPA correlation (EcRPA)                    -3.8279618853E-001  
 HF contribution (EtotHF)                          -1.1625844485E+002  
 Singles correction (EcSingles)                    -1.7104711959E-002  
 HF contribution (EtotHF)                          -1.1625844485E+002  
 Singles correction (EcSingles)                    -1.7104711959E-002  
 Direct RPA correlation (EcRPA)                    -8.3367750239E-001  
 HF contribution (EtotHF)                          -1.1625745689E+002  
 Singles correction (EcSingles)                    -1.7101817252E-002  
 HF contribution (EtotHF)                          -1.1625745689E+002  
 Singles correction (EcSingles)                    -1.7101817252E-002  
 Direct RPA correlation (EcRPA)                    -8.3399316023E-001  
 HF contribution (EtotHF)                          -1.1625966488E+002  
 Singles correction (EcSingles)                    -1.7122225945E-002  
 HF contribution (EtotHF)                          -1.1625966488E+002  
 Singles correction (EcSingles)                    -1.7122225945E-002  
 Direct RPA correlation (EcRPA)                    -8.3314215984E-001  
 HF contribution (EtotHF)                          -2.2815888837E+002  
 Singles correction (EcSingles)                    -2.7173238730E-002  
 HF contribution (EtotHF)                          -2.2815888837E+002  
 Singles correction (EcSingles)                    -2.7173238730E-002  
 Direct RPA correlation (EcRPA)                    -1.3501883256E+000  
 HF contribution (EtotHF)                          -1.9231023289E+002  
 Singles correction (EcSingles)                    -2.6356064160E-002  
 HF contribution (EtotHF)                          -1.9231023289E+002  
 Singles correction (EcSingles)                    -2.6356064160E-002  
 Direct RPA correlation (EcRPA)                    -1.2849646504E+000  
 HF contribution (EtotHF)                          -1.9231284150E+002  
 Singles correction (EcSingles)                    -2.6319404910E-002  
 HF contribution (EtotHF)                          -1.9231284150E+002  
 Singles correction (EcSingles)                    -2.6319404910E-002  
 Direct RPA correlation (EcRPA)                    -1.2839821557E+000  
 HF contribution (EtotHF)                          -1.9230996115E+002  
 Singles correction (EcSingles)                    -2.6299312706E-002  
 HF contribution (EtotHF)                          -1.9230996115E+002  
 Singles correction (EcSingles)                    -2.6299312706E-002  
 Direct RPA correlation (EcRPA)                    -1.2844063066E+000  
