 Converged energy                           -269.623161547021
 Converged energy                            -76.385514738208
 Converged energy                            -76.385750595582
 Converged energy                            -76.384930755434
 Converged energy                           -152.770971625144
 Converged energy                           -152.771511966064
 Converged energy                           -152.770345248538
 Converged energy                            -40.465276918199
 Converged energy                           -116.851170692659
 Converged energy                           -116.851611875952
 Converged energy                           -116.850462679134
 Converged energy                           -229.156636019648
 Converged energy                           -193.237250630102
 Converged energy                           -193.236267122728
 Converged energy                           -193.237609624199
 HF contribution (EtotHF)                          -2.6836182250E+002  
 Singles correction (EcSingles)                    -3.5437563619E-002  
 HF contribution (EtotHF)                          -2.6836182250E+002  
 Singles correction (EcSingles)                    -3.5437563619E-002  
 Direct RPA correlation (EcRPA)                    -1.7354025365E+000  
 HF contribution (EtotHF)                          -7.6052051926E+001  
 Singles correction (EcSingles)                    -8.9998604921E-003  
 HF contribution (EtotHF)                          -7.6052051926E+001  
 Singles correction (EcSingles)                    -8.9998604921E-003  
 Direct RPA correlation (EcRPA)                    -4.5002945265E-001  
 HF contribution (EtotHF)                          -7.6052664066E+001  
 Singles correction (EcSingles)                    -8.9672225426E-003  
 HF contribution (EtotHF)                          -7.6052664066E+001  
 Singles correction (EcSingles)                    -8.9672225426E-003  
 Direct RPA correlation (EcRPA)                    -4.4970502978E-001  
 HF contribution (EtotHF)                          -7.6050812587E+001  
 Singles correction (EcSingles)                    -9.0562231546E-003  
 HF contribution (EtotHF)                          -7.6050812587E+001  
 Singles correction (EcSingles)                    -9.0562231546E-003  
 Direct RPA correlation (EcRPA)                    -4.5058314132E-001  
 HF contribution (EtotHF)                          -1.5210434379E+002  
 Singles correction (EcSingles)                    -1.7981758683E-002  
 HF contribution (EtotHF)                          -1.5210434379E+002  
 Singles correction (EcSingles)                    -1.7981758683E-002  
 Direct RPA correlation (EcRPA)                    -8.9981977810E-001  
 HF contribution (EtotHF)                          -1.5210419444E+002  
 Singles correction (EcSingles)                    -1.8076980468E-002  
 HF contribution (EtotHF)                          -1.5210419444E+002  
 Singles correction (EcSingles)                    -1.8076980468E-002  
 Direct RPA correlation (EcRPA)                    -9.0035085645E-001  
 HF contribution (EtotHF)                          -1.5210273472E+002  
 Singles correction (EcSingles)                    -1.8061264251E-002  
 HF contribution (EtotHF)                          -1.5210273472E+002  
 Singles correction (EcSingles)                    -1.8061264251E-002  
 Direct RPA correlation (EcRPA)                    -9.0064496095E-001  
 HF contribution (EtotHF)                          -4.0206842675E+001  
 Singles correction (EcSingles)                    -7.9314127535E-003  
 HF contribution (EtotHF)                          -4.0206842675E+001  
 Singles correction (EcSingles)                    -7.9314127535E-003  
 Direct RPA correlation (EcRPA)                    -3.8280039332E-001  
 HF contribution (EtotHF)                          -1.1625843890E+002  
 Singles correction (EcSingles)                    -1.7103696483E-002  
 HF contribution (EtotHF)                          -1.1625843890E+002  
 Singles correction (EcSingles)                    -1.7103696483E-002  
 Direct RPA correlation (EcRPA)                    -8.3364167448E-001  
 HF contribution (EtotHF)                          -1.1625933395E+002  
 Singles correction (EcSingles)                    -1.7048105781E-002  
 HF contribution (EtotHF)                          -1.1625933395E+002  
 Singles correction (EcSingles)                    -1.7048105781E-002  
 Direct RPA correlation (EcRPA)                    -8.3325355082E-001  
 HF contribution (EtotHF)                          -1.1625739330E+002  
 Singles correction (EcSingles)                    -1.7099431949E-002  
 HF contribution (EtotHF)                          -1.1625739330E+002  
 Singles correction (EcSingles)                    -1.7099431949E-002  
 Direct RPA correlation (EcRPA)                    -8.3395763459E-001  
 HF contribution (EtotHF)                          -2.2815574743E+002  
 Singles correction (EcSingles)                    -2.7096834592E-002  
 HF contribution (EtotHF)                          -2.2815574743E+002  
 Singles correction (EcSingles)                    -2.7096834592E-002  
 Direct RPA correlation (EcRPA)                    -1.3504977004E+000  
 HF contribution (EtotHF)                          -1.9231060729E+002  
 Singles correction (EcSingles)                    -2.6231726808E-002  
 HF contribution (EtotHF)                          -1.9231060729E+002  
 Singles correction (EcSingles)                    -2.6231726808E-002  
 Direct RPA correlation (EcRPA)                    -1.2841720517E+000  
 HF contribution (EtotHF)                          -1.9230886040E+002  
 Singles correction (EcSingles)                    -2.6279481478E-002  
 HF contribution (EtotHF)                          -1.9230886040E+002  
 Singles correction (EcSingles)                    -2.6279481478E-002  
 Direct RPA correlation (EcRPA)                    -1.2848395976E+000  
 HF contribution (EtotHF)                          -1.9231067483E+002  
 Singles correction (EcSingles)                    -2.6246241559E-002  
 HF contribution (EtotHF)                          -1.9231067483E+002  
 Singles correction (EcSingles)                    -2.6246241559E-002  
 Direct RPA correlation (EcRPA)                    -1.2844444525E+000  
