 Converged energy                           -269.624150154234
 Converged energy                            -76.385797969729
 Converged energy                            -76.386151409623
 Converged energy                            -76.386290666198
 Converged energy                           -152.771528394516
 Converged energy                           -152.772549329427
 Converged energy                           -152.772366422884
 Converged energy                            -40.465277564527
 Converged energy                           -116.851283489133
 Converged energy                           -116.851573321478
 Converged energy                           -116.851932730679
 Converged energy                           -229.158201494882
 Converged energy                           -193.237141252261
 Converged energy                           -193.238202887749
 Converged energy                           -193.238320816545
 HF contribution (EtotHF)                          -2.6836536569E+002  
 Singles correction (EcSingles)                    -3.5271132769E-002  
 HF contribution (EtotHF)                          -2.6836536569E+002  
 Singles correction (EcSingles)                    -3.5271132769E-002  
 Direct RPA correlation (EcRPA)                    -1.7332109659E+000  
 HF contribution (EtotHF)                          -7.6052751807E+001  
 Singles correction (EcSingles)                    -8.9625241429E-003  
 HF contribution (EtotHF)                          -7.6052751807E+001  
 Singles correction (EcSingles)                    -8.9625241429E-003  
 Direct RPA correlation (EcRPA)                    -4.4963712190E-001  
 HF contribution (EtotHF)                          -7.6053716803E+001  
 Singles correction (EcSingles)                    -8.9089596088E-003  
 HF contribution (EtotHF)                          -7.6053716803E+001  
 Singles correction (EcSingles)                    -8.9089596088E-003  
 Direct RPA correlation (EcRPA)                    -4.4909986179E-001  
 HF contribution (EtotHF)                          -7.6053672558E+001  
 Singles correction (EcSingles)                    -8.9287947478E-003  
 HF contribution (EtotHF)                          -7.6053672558E+001  
 Singles correction (EcSingles)                    -8.9287947478E-003  
 Direct RPA correlation (EcRPA)                    -4.4929468771E-001  
 HF contribution (EtotHF)                          -1.5210579368E+002  
 Singles correction (EcSingles)                    -1.7934917093E-002  
 HF contribution (EtotHF)                          -1.5210579368E+002  
 Singles correction (EcSingles)                    -1.7934917093E-002  
 Direct RPA correlation (EcRPA)                    -8.9896799748E-001  
 HF contribution (EtotHF)                          -1.5210752903E+002  
 Singles correction (EcSingles)                    -1.7832120233E-002  
 HF contribution (EtotHF)                          -1.5210752903E+002  
 Singles correction (EcSingles)                    -1.7832120233E-002  
 Direct RPA correlation (EcRPA)                    -8.9836750495E-001  
 HF contribution (EtotHF)                          -1.5210675199E+002  
 Singles correction (EcSingles)                    -1.7886595870E-002  
 HF contribution (EtotHF)                          -1.5210675199E+002  
 Singles correction (EcSingles)                    -1.7886595870E-002  
 Direct RPA correlation (EcRPA)                    -8.9889156211E-001  
 HF contribution (EtotHF)                          -4.0206842912E+001  
 Singles correction (EcSingles)                    -7.9311796516E-003  
 HF contribution (EtotHF)                          -4.0206842912E+001  
 Singles correction (EcSingles)                    -7.9311796516E-003  
 Direct RPA correlation (EcRPA)                    -3.8278909007E-001  
 HF contribution (EtotHF)                          -1.1625927668E+002  
 Singles correction (EcSingles)                    -1.7010090782E-002  
 HF contribution (EtotHF)                          -1.1625927668E+002  
 Singles correction (EcSingles)                    -1.7010090782E-002  
 Direct RPA correlation (EcRPA)                    -8.3300711748E-001  
 HF contribution (EtotHF)                          -1.1626011369E+002  
 Singles correction (EcSingles)                    -1.6966066187E-002  
 HF contribution (EtotHF)                          -1.1626011369E+002  
 Singles correction (EcSingles)                    -1.6966066187E-002  
 Direct RPA correlation (EcRPA)                    -8.3252235791E-001  
 HF contribution (EtotHF)                          -1.1625982914E+002  
 Singles correction (EcSingles)                    -1.7131071670E-002  
 HF contribution (EtotHF)                          -1.1625982914E+002  
 Singles correction (EcSingles)                    -1.7131071670E-002  
 Direct RPA correlation (EcRPA)                    -8.3312683815E-001  
 HF contribution (EtotHF)                          -2.2815993104E+002  
 Singles correction (EcSingles)                    -2.6853247360E-002  
 HF contribution (EtotHF)                          -2.2815993104E+002  
 Singles correction (EcSingles)                    -2.6853247360E-002  
 Direct RPA correlation (EcRPA)                    -1.3481953656E+000  
 HF contribution (EtotHF)                          -1.9231193291E+002  
 Singles correction (EcSingles)                    -2.6086323988E-002  
 HF contribution (EtotHF)                          -1.9231193291E+002  
 Singles correction (EcSingles)                    -2.6086323988E-002  
 Direct RPA correlation (EcRPA)                    -1.2829414388E+000  
 HF contribution (EtotHF)                          -1.9231259162E+002  
 Singles correction (EcSingles)                    -2.6199883745E-002  
 HF contribution (EtotHF)                          -1.9231259162E+002  
 Singles correction (EcSingles)                    -2.6199883745E-002  
 Direct RPA correlation (EcRPA)                    -1.2832981425E+000  
 HF contribution (EtotHF)                          -1.9231322079E+002  
 Singles correction (EcSingles)                    -2.6160968918E-002  
 HF contribution (EtotHF)                          -1.9231322079E+002  
 Singles correction (EcSingles)                    -2.6160968918E-002  
 Direct RPA correlation (EcRPA)                    -1.2828385607E+000  
