 Converged energy                           -269.630889328477
 Converged energy                            -76.385796451308
 Converged energy                            -76.386315424936
 Converged energy                            -76.385661815873
 Converged energy                           -152.772473801320
 Converged energy                           -152.778487379717
 Converged energy                           -152.771493453361
 Converged energy                            -40.465276952405
 Converged energy                           -116.851280954064
 Converged energy                           -116.851765974080
 Converged energy                           -116.851383004162
 Converged energy                           -229.164800885850
 Converged energy                           -193.238104803065
 Converged energy                           -193.237404643696
 Converged energy                           -193.244428874956
 HF contribution (EtotHF)                          -2.6836556839E+002  
 Singles correction (EcSingles)                    -3.6709665841E-002  
 HF contribution (EtotHF)                          -2.6836556839E+002  
 Singles correction (EcSingles)                    -3.6709665841E-002  
 Direct RPA correlation (EcRPA)                    -1.7381155933E+000  
 HF contribution (EtotHF)                          -7.6052751357E+001  
 Singles correction (EcSingles)                    -8.9619464204E-003  
 HF contribution (EtotHF)                          -7.6052751357E+001  
 Singles correction (EcSingles)                    -8.9619464204E-003  
 Direct RPA correlation (EcRPA)                    -4.4962863768E-001  
 HF contribution (EtotHF)                          -7.6053584861E+001  
 Singles correction (EcSingles)                    -8.9563056377E-003  
 HF contribution (EtotHF)                          -7.6053584861E+001  
 Singles correction (EcSingles)                    -8.9563056377E-003  
 Direct RPA correlation (EcRPA)                    -4.5004224685E-001  
 HF contribution (EtotHF)                          -7.6052392418E+001  
 Singles correction (EcSingles)                    -8.9922631216E-003  
 HF contribution (EtotHF)                          -7.6052392418E+001  
 Singles correction (EcSingles)                    -8.9922631216E-003  
 Direct RPA correlation (EcRPA)                    -4.5014088087E-001  
 HF contribution (EtotHF)                          -1.5210678028E+002  
 Singles correction (EcSingles)                    -1.7906452908E-002  
 HF contribution (EtotHF)                          -1.5210678028E+002  
 Singles correction (EcSingles)                    -1.7906452908E-002  
 Direct RPA correlation (EcRPA)                    -8.9960058190E-001  
 HF contribution (EtotHF)                          -1.5210627707E+002  
 Singles correction (EcSingles)                    -1.9424881076E-002  
 HF contribution (EtotHF)                          -1.5210627707E+002  
 Singles correction (EcSingles)                    -1.9424881076E-002  
 Direct RPA correlation (EcRPA)                    -9.0371407188E-001  
 HF contribution (EtotHF)                          -1.5210517995E+002  
 Singles correction (EcSingles)                    -1.7954360060E-002  
 HF contribution (EtotHF)                          -1.5210517995E+002  
 Singles correction (EcSingles)                    -1.7954360060E-002  
 Direct RPA correlation (EcRPA)                    -8.9977265059E-001  
 HF contribution (EtotHF)                          -4.0206844828E+001  
 Singles correction (EcSingles)                    -7.9306760646E-003  
 HF contribution (EtotHF)                          -4.0206844828E+001  
 Singles correction (EcSingles)                    -7.9306760646E-003  
 Direct RPA correlation (EcRPA)                    -3.8278112888E-001  
 HF contribution (EtotHF)                          -1.1625927782E+002  
 Singles correction (EcSingles)                    -1.7009168113E-002  
 HF contribution (EtotHF)                          -1.1625927782E+002  
 Singles correction (EcSingles)                    -1.7009168113E-002  
 Direct RPA correlation (EcRPA)                    -8.3299016597E-001  
 HF contribution (EtotHF)                          -1.1625967584E+002  
 Singles correction (EcSingles)                    -1.7141437579E-002  
 HF contribution (EtotHF)                          -1.1625967584E+002  
 Singles correction (EcSingles)                    -1.7141437579E-002  
 Direct RPA correlation (EcRPA)                    -8.3380027385E-001  
 HF contribution (EtotHF)                          -1.1625911487E+002  
 Singles correction (EcSingles)                    -1.7033491750E-002  
 HF contribution (EtotHF)                          -1.1625911487E+002  
 Singles correction (EcSingles)                    -1.7033491750E-002  
 Direct RPA correlation (EcRPA)                    -8.3353206225E-001  
 HF contribution (EtotHF)                          -2.2815962886E+002  
 Singles correction (EcSingles)                    -2.8375326456E-002  
 HF contribution (EtotHF)                          -2.2815962886E+002  
 Singles correction (EcSingles)                    -2.8375326456E-002  
 Direct RPA correlation (EcRPA)                    -1.3532689906E+000  
 HF contribution (EtotHF)                          -1.9231252783E+002  
 Singles correction (EcSingles)                    -2.6205595379E-002  
 HF contribution (EtotHF)                          -1.9231252783E+002  
 Singles correction (EcSingles)                    -2.6205595379E-002  
 Direct RPA correlation (EcRPA)                    -1.2839447760E+000  
 HF contribution (EtotHF)                          -1.9231156049E+002  
 Singles correction (EcSingles)                    -2.6113370832E-002  
 HF contribution (EtotHF)                          -1.9231156049E+002  
 Singles correction (EcSingles)                    -2.6113370832E-002  
 Direct RPA correlation (EcRPA)                    -1.2837512088E+000  
 HF contribution (EtotHF)                          -1.9231260227E+002  
 Singles correction (EcSingles)                    -2.7642670515E-002  
 HF contribution (EtotHF)                          -1.9231260227E+002  
 Singles correction (EcSingles)                    -2.7642670515E-002  
 Direct RPA correlation (EcRPA)                    -1.2879657505E+000  
