 Converged energy                           -269.623151967402
 Converged energy                            -76.385796502513
 Converged energy                            -76.385441076421
 Converged energy                            -76.386399337778
 Converged energy                           -152.771238748222
 Converged energy                           -152.771415661161
 Converged energy                           -152.772309610758
 Converged energy                            -40.465277489861
 Converged energy                           -116.851281861657
 Converged energy                           -116.850804153784
 Converged energy                           -116.851998937986
 Converged energy                           -229.157322665176
 Converged energy                           -193.236805607822
 Converged energy                           -193.238091002290
 Converged energy                           -193.237066509804
 HF contribution (EtotHF)                          -2.6836258752E+002  
 Singles correction (EcSingles)                    -3.5577345670E-002  
 HF contribution (EtotHF)                          -2.6836258752E+002  
 Singles correction (EcSingles)                    -3.5577345670E-002  
 Direct RPA correlation (EcRPA)                    -1.7347602939E+000  
 HF contribution (EtotHF)                          -7.6052751964E+001  
 Singles correction (EcSingles)                    -8.9617147669E-003  
 HF contribution (EtotHF)                          -7.6052751964E+001  
 Singles correction (EcSingles)                    -8.9617147669E-003  
 Direct RPA correlation (EcRPA)                    -4.4963095986E-001  
 HF contribution (EtotHF)                          -7.6051942219E+001  
 Singles correction (EcSingles)                    -9.0025997109E-003  
 HF contribution (EtotHF)                          -7.6051942219E+001  
 Singles correction (EcSingles)                    -9.0025997109E-003  
 Direct RPA correlation (EcRPA)                    -4.5004750138E-001  
 HF contribution (EtotHF)                          -7.6053972316E+001  
 Singles correction (EcSingles)                    -8.9162324471E-003  
 HF contribution (EtotHF)                          -7.6053972316E+001  
 Singles correction (EcSingles)                    -8.9162324471E-003  
 Direct RPA correlation (EcRPA)                    -4.4920607835E-001  
 HF contribution (EtotHF)                          -1.5210467218E+002  
 Singles correction (EcSingles)                    -1.7970643197E-002  
 HF contribution (EtotHF)                          -1.5210467218E+002  
 Singles correction (EcSingles)                    -1.7970643197E-002  
 Direct RPA correlation (EcRPA)                    -8.9971073267E-001  
 HF contribution (EtotHF)                          -1.5210518737E+002  
 Singles correction (EcSingles)                    -1.7994264817E-002  
 HF contribution (EtotHF)                          -1.5210518737E+002  
 Singles correction (EcSingles)                    -1.7994264817E-002  
 Direct RPA correlation (EcRPA)                    -8.9952625886E-001  
 HF contribution (EtotHF)                          -1.5210687031E+002  
 Singles correction (EcSingles)                    -1.7872411937E-002  
 HF contribution (EtotHF)                          -1.5210687031E+002  
 Singles correction (EcSingles)                    -1.7872411937E-002  
 Direct RPA correlation (EcRPA)                    -8.9881000943E-001  
 HF contribution (EtotHF)                          -4.0206843273E+001  
 Singles correction (EcSingles)                    -7.9314668592E-003  
 HF contribution (EtotHF)                          -4.0206843273E+001  
 Singles correction (EcSingles)                    -7.9314668592E-003  
 Direct RPA correlation (EcRPA)                    -3.8281049096E-001  
 HF contribution (EtotHF)                          -1.1625927696E+002  
 Singles correction (EcSingles)                    -1.7009707660E-002  
 HF contribution (EtotHF)                          -1.1625927696E+002  
 Singles correction (EcSingles)                    -1.7009707660E-002  
 Direct RPA correlation (EcRPA)                    -8.3302237653E-001  
 HF contribution (EtotHF)                          -1.1625808344E+002  
 Singles correction (EcSingles)                    -1.7102287540E-002  
 HF contribution (EtotHF)                          -1.1625808344E+002  
 Singles correction (EcSingles)                    -1.7102287540E-002  
 Direct RPA correlation (EcRPA)                    -8.3366796995E-001  
 HF contribution (EtotHF)                          -1.1625947102E+002  
 Singles correction (EcSingles)                    -1.7287132342E-002  
 HF contribution (EtotHF)                          -1.1625947102E+002  
 Singles correction (EcSingles)                    -1.7287132342E-002  
 Direct RPA correlation (EcRPA)                    -8.3343937259E-001  
 HF contribution (EtotHF)                          -2.2815805992E+002  
 Singles correction (EcSingles)                    -2.6956487272E-002  
 HF contribution (EtotHF)                          -2.2815805992E+002  
 Singles correction (EcSingles)                    -2.6956487272E-002  
 Direct RPA correlation (EcRPA)                    -1.3491620132E+000  
 HF contribution (EtotHF)                          -1.9231048460E+002  
 Singles correction (EcSingles)                    -2.6188004012E-002  
 HF contribution (EtotHF)                          -1.9231048460E+002  
 Singles correction (EcSingles)                    -2.6188004012E-002  
 Direct RPA correlation (EcRPA)                    -1.2839192807E+000  
 HF contribution (EtotHF)                          -1.9231202024E+002  
 Singles correction (EcSingles)                    -2.6360485726E-002  
 HF contribution (EtotHF)                          -1.9231202024E+002  
 Singles correction (EcSingles)                    -2.6360485726E-002  
 Direct RPA correlation (EcRPA)                    -1.2836325370E+000  
 HF contribution (EtotHF)                          -1.9231007322E+002  
 Singles correction (EcSingles)                    -2.6496912867E-002  
 HF contribution (EtotHF)                          -1.9231007322E+002  
 Singles correction (EcSingles)                    -2.6496912867E-002  
 Direct RPA correlation (EcRPA)                    -1.2845284338E+000  
