 Converged energy                           -269.623719064709
 Converged energy                            -76.385796370027
 Converged energy                            -76.385442508677
 Converged energy                            -76.384931790490
 Converged energy                           -152.771240039899
 Converged energy                           -152.771920405847
 Converged energy                           -152.771066498663
 Converged energy                            -40.465276677372
 Converged energy                           -116.851280742033
 Converged energy                           -116.850804696240
 Converged energy                           -116.850463533981
 Converged energy                           -229.158072569372
 Converged energy                           -193.236805839291
 Converged energy                           -193.236760199304
 Converged energy                           -193.237410962341
 HF contribution (EtotHF)                          -2.6836276206E+002  
 Singles correction (EcSingles)                    -3.5413063036E-002  
 HF contribution (EtotHF)                          -2.6836276206E+002  
 Singles correction (EcSingles)                    -3.5413063036E-002  
 Direct RPA correlation (EcRPA)                    -1.7350544296E+000  
 HF contribution (EtotHF)                          -7.6052751779E+001  
 Singles correction (EcSingles)                    -8.9615819863E-003  
 HF contribution (EtotHF)                          -7.6052751779E+001  
 Singles correction (EcSingles)                    -8.9615819863E-003  
 Direct RPA correlation (EcRPA)                    -4.4962927922E-001  
 HF contribution (EtotHF)                          -7.6051944115E+001  
 Singles correction (EcSingles)                    -9.0027977225E-003  
 HF contribution (EtotHF)                          -7.6051944115E+001  
 Singles correction (EcSingles)                    -9.0027977225E-003  
 Direct RPA correlation (EcRPA)                    -4.5006284290E-001  
 HF contribution (EtotHF)                          -7.6050813113E+001  
 Singles correction (EcSingles)                    -9.0568515581E-003  
 HF contribution (EtotHF)                          -7.6050813113E+001  
 Singles correction (EcSingles)                    -9.0568515581E-003  
 Direct RPA correlation (EcRPA)                    -4.5058898133E-001  
 HF contribution (EtotHF)                          -1.5210467389E+002  
 Singles correction (EcSingles)                    -1.7970731920E-002  
 HF contribution (EtotHF)                          -1.5210467389E+002  
 Singles correction (EcSingles)                    -1.7970731920E-002  
 Direct RPA correlation (EcRPA)                    -8.9972436151E-001  
 HF contribution (EtotHF)                          -1.5210417214E+002  
 Singles correction (EcSingles)                    -1.8143643465E-002  
 HF contribution (EtotHF)                          -1.5210417214E+002  
 Singles correction (EcSingles)                    -1.8143643465E-002  
 Direct RPA correlation (EcRPA)                    -9.0068262603E-001  
 HF contribution (EtotHF)                          -1.5210396894E+002  
 Singles correction (EcSingles)                    -1.8008619248E-002  
 HF contribution (EtotHF)                          -1.5210396894E+002  
 Singles correction (EcSingles)                    -1.8008619248E-002  
 Direct RPA correlation (EcRPA)                    -9.0016204478E-001  
 HF contribution (EtotHF)                          -4.0206844114E+001  
 Singles correction (EcSingles)                    -7.9310002190E-003  
 HF contribution (EtotHF)                          -4.0206844114E+001  
 Singles correction (EcSingles)                    -7.9310002190E-003  
 Direct RPA correlation (EcRPA)                    -3.8278316913E-001  
 HF contribution (EtotHF)                          -1.1625927768E+002  
 Singles correction (EcSingles)                    -1.7009028133E-002  
 HF contribution (EtotHF)                          -1.1625927768E+002  
 Singles correction (EcSingles)                    -1.7009028133E-002  
 Direct RPA correlation (EcRPA)                    -8.3299308809E-001  
 HF contribution (EtotHF)                          -1.1625808612E+002  
 Singles correction (EcSingles)                    -1.7101989388E-002  
 HF contribution (EtotHF)                          -1.1625808612E+002  
 Singles correction (EcSingles)                    -1.7101989388E-002  
 Direct RPA correlation (EcRPA)                    -8.3365616830E-001  
 HF contribution (EtotHF)                          -1.1625739525E+002  
 Singles correction (EcSingles)                    -1.7099623707E-002  
 HF contribution (EtotHF)                          -1.1625739525E+002  
 Singles correction (EcSingles)                    -1.7099623707E-002  
 Direct RPA correlation (EcRPA)                    -8.3394577769E-001  
 HF contribution (EtotHF)                          -2.2815731937E+002  
 Singles correction (EcSingles)                    -2.7103191969E-002  
 HF contribution (EtotHF)                          -2.2815731937E+002  
 Singles correction (EcSingles)                    -2.7103191969E-002  
 Direct RPA correlation (EcRPA)                    -1.3502879845E+000  
 HF contribution (EtotHF)                          -1.9231048716E+002  
 Singles correction (EcSingles)                    -2.6187523996E-002  
 HF contribution (EtotHF)                          -1.9231048716E+002  
 Singles correction (EcSingles)                    -2.6187523996E-002  
 Direct RPA correlation (EcRPA)                    -1.2839054231E+000  
 HF contribution (EtotHF)                          -1.9231018217E+002  
 Singles correction (EcSingles)                    -2.6168499393E-002  
 HF contribution (EtotHF)                          -1.9231018217E+002  
 Singles correction (EcSingles)                    -2.6168499393E-002  
 Direct RPA correlation (EcRPA)                    -1.2841082150E+000  
 HF contribution (EtotHF)                          -1.9230999474E+002  
 Singles correction (EcSingles)                    -2.6335753544E-002  
 HF contribution (EtotHF)                          -1.9230999474E+002  
 Singles correction (EcSingles)                    -2.6335753544E-002  
 Direct RPA correlation (EcRPA)                    -1.2848529923E+000  
