 Converged energy                           -269.622997233026
 Converged energy                            -76.386152831333
 Converged energy                            -76.384934795070
 Converged energy                            -76.385640642384
 Converged energy                           -152.771062750891
 Converged energy                           -152.769363239554
 Converged energy                           -152.773224197120
 Converged energy                            -40.465276405662
 Converged energy                           -116.851573574151
 Converged energy                           -116.850547478091
 Converged energy                           -116.851360864020
 Converged energy                           -229.156898681216
 Converged energy                           -193.236809201181
 Converged energy                           -193.238963595648
 Converged energy                           -193.235449045160
 HF contribution (EtotHF)                          -2.6836256846E+002  
 Singles correction (EcSingles)                    -3.5370957645E-002  
 HF contribution (EtotHF)                          -2.6836256846E+002  
 Singles correction (EcSingles)                    -3.5370957645E-002  
 Direct RPA correlation (EcRPA)                    -1.7346612799E+000  
 HF contribution (EtotHF)                          -7.6053717156E+001  
 Singles correction (EcSingles)                    -8.9093780080E-003  
 HF contribution (EtotHF)                          -7.6053717156E+001  
 Singles correction (EcSingles)                    -8.9093780080E-003  
 Direct RPA correlation (EcRPA)                    -4.4911253654E-001  
 HF contribution (EtotHF)                          -7.6050825162E+001  
 Singles correction (EcSingles)                    -9.0550471680E-003  
 HF contribution (EtotHF)                          -7.6050825162E+001  
 Singles correction (EcSingles)                    -9.0550471680E-003  
 Direct RPA correlation (EcRPA)                    -4.5057382986E-001  
 HF contribution (EtotHF)                          -7.6052390346E+001  
 Singles correction (EcSingles)                    -8.9812090832E-003  
 HF contribution (EtotHF)                          -7.6052390346E+001  
 Singles correction (EcSingles)                    -8.9812090832E-003  
 Direct RPA correlation (EcRPA)                    -4.4983458999E-001  
 HF contribution (EtotHF)                          -1.5210447826E+002  
 Singles correction (EcSingles)                    -1.7973852873E-002  
 HF contribution (EtotHF)                          -1.5210447826E+002  
 Singles correction (EcSingles)                    -1.7973852873E-002  
 Direct RPA correlation (EcRPA)                    -8.9973332278E-001  
 HF contribution (EtotHF)                          -1.5210155299E+002  
 Singles correction (EcSingles)                    -1.8127838540E-002  
 HF contribution (EtotHF)                          -1.5210155299E+002  
 Singles correction (EcSingles)                    -1.8127838540E-002  
 Direct RPA correlation (EcRPA)                    -9.0084881599E-001  
 HF contribution (EtotHF)                          -1.5210737734E+002  
 Singles correction (EcSingles)                    -1.7977846079E-002  
 HF contribution (EtotHF)                          -1.5210737734E+002  
 Singles correction (EcSingles)                    -1.7977846079E-002  
 Direct RPA correlation (EcRPA)                    -8.9900946741E-001  
 HF contribution (EtotHF)                          -4.0206843797E+001  
 Singles correction (EcSingles)                    -7.9307406726E-003  
 HF contribution (EtotHF)                          -4.0206843797E+001  
 Singles correction (EcSingles)                    -7.9307406726E-003  
 Direct RPA correlation (EcRPA)                    -3.8277705872E-001  
 HF contribution (EtotHF)                          -1.1626011483E+002  
 Singles correction (EcSingles)                    -1.6966139604E-002  
 HF contribution (EtotHF)                          -1.1626011483E+002  
 Singles correction (EcSingles)                    -1.6966139604E-002  
 Direct RPA correlation (EcRPA)                    -8.3252304080E-001  
 HF contribution (EtotHF)                          -1.1625745602E+002  
 Singles correction (EcSingles)                    -1.7100336153E-002  
 HF contribution (EtotHF)                          -1.1625745602E+002  
 Singles correction (EcSingles)                    -1.7100336153E-002  
 Direct RPA correlation (EcRPA)                    -8.3395879641E-001  
 HF contribution (EtotHF)                          -1.1625911163E+002  
 Singles correction (EcSingles)                    -1.7022517189E-002  
 HF contribution (EtotHF)                          -1.1625911163E+002  
 Singles correction (EcSingles)                    -1.7022517189E-002  
 Direct RPA correlation (EcRPA)                    -8.3322071216E-001  
 HF contribution (EtotHF)                          -2.2815645841E+002  
 Singles correction (EcSingles)                    -2.7131548259E-002  
 HF contribution (EtotHF)                          -2.2815645841E+002  
 Singles correction (EcSingles)                    -2.7131548259E-002  
 Direct RPA correlation (EcRPA)                    -1.3500695835E+000  
 HF contribution (EtotHF)                          -1.9231064289E+002  
 Singles correction (EcSingles)                    -2.6146929546E-002  
 HF contribution (EtotHF)                          -1.9231064289E+002  
 Singles correction (EcSingles)                    -2.6146929546E-002  
 Direct RPA correlation (EcRPA)                    -1.2837614100E+000  
 HF contribution (EtotHF)                          -1.9231359425E+002  
 Singles correction (EcSingles)                    -2.6126078571E-002  
 HF contribution (EtotHF)                          -1.9231359425E+002  
 Singles correction (EcSingles)                    -2.6126078571E-002  
 Direct RPA correlation (EcRPA)                    -1.2830312728E+000  
 HF contribution (EtotHF)                          -1.9230818546E+002  
 Singles correction (EcSingles)                    -2.6257824380E-002  
 HF contribution (EtotHF)                          -1.9230818546E+002  
 Singles correction (EcSingles)                    -2.6257824380E-002  
 Direct RPA correlation (EcRPA)                    -1.2847953168E+000  
