 Converged energy                           -269.625279172358
 Converged energy                            -76.386152759851
 Converged energy                            -76.385749685122
 Converged energy                            -76.385638740301
 Converged energy                           -152.771897624311
 Converged energy                           -152.771417923387
 Converged energy                           -152.773222193990
 Converged energy                            -40.465275654419
 Converged energy                           -116.851572805748
 Converged energy                           -116.851609504082
 Converged energy                           -116.851358289641
 Converged energy                           -229.159003569799
 Converged energy                           -193.237879525661
 Converged energy                           -193.238960954375
 Converged energy                           -193.237697317986
 HF contribution (EtotHF)                          -2.6836603567E+002  
 Singles correction (EcSingles)                    -3.5248452439E-002  
 HF contribution (EtotHF)                          -2.6836603567E+002  
 Singles correction (EcSingles)                    -3.5248452439E-002  
 Direct RPA correlation (EcRPA)                    -1.7335117606E+000  
 HF contribution (EtotHF)                          -7.6053717059E+001  
 Singles correction (EcSingles)                    -8.9094497181E-003  
 HF contribution (EtotHF)                          -7.6053717059E+001  
 Singles correction (EcSingles)                    -8.9094497181E-003  
 Direct RPA correlation (EcRPA)                    -4.4911155353E-001  
 HF contribution (EtotHF)                          -7.6052662392E+001  
 Singles correction (EcSingles)                    -8.9668899849E-003  
 HF contribution (EtotHF)                          -7.6052662392E+001  
 Singles correction (EcSingles)                    -8.9668899849E-003  
 Direct RPA correlation (EcRPA)                    -4.4969123217E-001  
 HF contribution (EtotHF)                          -7.6052390392E+001  
 Singles correction (EcSingles)                    -8.9801750764E-003  
 HF contribution (EtotHF)                          -7.6052390392E+001  
 Singles correction (EcSingles)                    -8.9801750764E-003  
 Direct RPA correlation (EcRPA)                    -4.4982608378E-001  
 HF contribution (EtotHF)                          -1.5210636452E+002  
 Singles correction (EcSingles)                    -1.7878431426E-002  
 HF contribution (EtotHF)                          -1.5210636452E+002  
 Singles correction (EcSingles)                    -1.7878431426E-002  
 Direct RPA correlation (EcRPA)                    -8.9881656051E-001  
 HF contribution (EtotHF)                          -1.5210508139E+002  
 Singles correction (EcSingles)                    -1.7947569647E-002  
 HF contribution (EtotHF)                          -1.5210508139E+002  
 Singles correction (EcSingles)                    -1.7947569647E-002  
 Direct RPA correlation (EcRPA)                    -8.9952227823E-001  
 HF contribution (EtotHF)                          -1.5210737734E+002  
 Singles correction (EcSingles)                    -1.7976876486E-002  
 HF contribution (EtotHF)                          -1.5210737734E+002  
 Singles correction (EcSingles)                    -1.7976876486E-002  
 Direct RPA correlation (EcRPA)                    -8.9899991060E-001  
 HF contribution (EtotHF)                          -4.0206842537E+001  
 Singles correction (EcSingles)                    -7.9307492299E-003  
 HF contribution (EtotHF)                          -4.0206842537E+001  
 Singles correction (EcSingles)                    -7.9307492299E-003  
 Direct RPA correlation (EcRPA)                    -3.8278771543E-001  
 HF contribution (EtotHF)                          -1.1626011350E+002  
 Singles correction (EcSingles)                    -1.6966181032E-002  
 HF contribution (EtotHF)                          -1.1626011350E+002  
 Singles correction (EcSingles)                    -1.6966181032E-002  
 Direct RPA correlation (EcRPA)                    -8.3253274342E-001  
 HF contribution (EtotHF)                          -1.1625933215E+002  
 Singles correction (EcSingles)                    -1.7047007750E-002  
 HF contribution (EtotHF)                          -1.1625933215E+002  
 Singles correction (EcSingles)                    -1.7047007750E-002  
 Direct RPA correlation (EcRPA)                    -8.3322694069E-001  
 HF contribution (EtotHF)                          -1.1625911061E+002  
 Singles correction (EcSingles)                    -1.7021536946E-002  
 HF contribution (EtotHF)                          -1.1625911061E+002  
 Singles correction (EcSingles)                    -1.7021536946E-002  
 Direct RPA correlation (EcRPA)                    -8.3322282604E-001  
 HF contribution (EtotHF)                          -2.2816006012E+002  
 Singles correction (EcSingles)                    -2.6946713225E-002  
 HF contribution (EtotHF)                          -2.2816006012E+002  
 Singles correction (EcSingles)                    -2.6946713225E-002  
 Direct RPA correlation (EcRPA)                    -1.3487091968E+000  
 HF contribution (EtotHF)                          -1.9231255486E+002  
 Singles correction (EcSingles)                    -2.6086930390E-002  
 HF contribution (EtotHF)                          -1.9231255486E+002  
 Singles correction (EcSingles)                    -2.6086930390E-002  
 Direct RPA correlation (EcRPA)                    -1.2829972340E+000  
 HF contribution (EtotHF)                          -1.9231359324E+002  
 Singles correction (EcSingles)                    -2.6125102423E-002  
 HF contribution (EtotHF)                          -1.9231359324E+002  
 Singles correction (EcSingles)                    -2.6125102423E-002  
 Direct RPA correlation (EcRPA)                    -1.2830323593E+000  
 HF contribution (EtotHF)                          -1.9231159456E+002  
 Singles correction (EcSingles)                    -2.6140271983E-002  
 HF contribution (EtotHF)                          -1.9231159456E+002  
 Singles correction (EcSingles)                    -2.6140271983E-002  
 Direct RPA correlation (EcRPA)                    -1.2836779158E+000  
