 Converged energy                           -269.625042058918
 Converged energy                            -76.386191468993
 Converged energy                            -76.386276095593
 Converged energy                            -76.386058970578
 Converged energy                           -152.774100741872
 Converged energy                           -152.771874027306
 Converged energy                           -152.771870258520
 Converged energy                            -40.465278849587
 Converged energy                           -116.852033259213
 Converged energy                           -116.851728660209
 Converged energy                           -116.851364148614
 Converged energy                           -229.159306355352
 Converged energy                           -193.239957598847
 Converged energy                           -193.237748096626
 Converged energy                           -193.237192970489
 HF contribution (EtotHF)                          -2.6836412349E+002  
 Singles correction (EcSingles)                    -3.5862647165E-002  
 HF contribution (EtotHF)                          -2.6836412349E+002  
 Singles correction (EcSingles)                    -3.5862647165E-002  
 Direct RPA correlation (EcRPA)                    -1.7353596428E+000  
 HF contribution (EtotHF)                          -7.6053451385E+001  
 Singles correction (EcSingles)                    -8.9396402801E-003  
 HF contribution (EtotHF)                          -7.6053451385E+001  
 Singles correction (EcSingles)                    -8.9396402801E-003  
 Direct RPA correlation (EcRPA)                    -4.4940738746E-001  
 HF contribution (EtotHF)                          -7.6053578088E+001  
 Singles correction (EcSingles)                    -8.9392887590E-003  
 HF contribution (EtotHF)                          -7.6053578088E+001  
 Singles correction (EcSingles)                    -8.9392887590E-003  
 Direct RPA correlation (EcRPA)                    -4.4942547983E-001  
 HF contribution (EtotHF)                          -7.6052846520E+001  
 Singles correction (EcSingles)                    -8.9808717554E-003  
 HF contribution (EtotHF)                          -7.6052846520E+001  
 Singles correction (EcSingles)                    -8.9808717554E-003  
 Direct RPA correlation (EcRPA)                    -4.4983808794E-001  
 HF contribution (EtotHF)                          -1.5210845000E+002  
 Singles correction (EcSingles)                    -1.7984015056E-002  
 HF contribution (EtotHF)                          -1.5210845000E+002  
 Singles correction (EcSingles)                    -1.7984015056E-002  
 Direct RPA correlation (EcRPA)                    -8.9892985538E-001  
 HF contribution (EtotHF)                          -1.5210533246E+002  
 Singles correction (EcSingles)                    -1.8106778080E-002  
 HF contribution (EtotHF)                          -1.5210533246E+002  
 Singles correction (EcSingles)                    -1.8106778080E-002  
 Direct RPA correlation (EcRPA)                    -8.9976377402E-001  
 HF contribution (EtotHF)                          -1.5210578804E+002  
 Singles correction (EcSingles)                    -1.7950870540E-002  
 HF contribution (EtotHF)                          -1.5210578804E+002  
 Singles correction (EcSingles)                    -1.7950870540E-002  
 Direct RPA correlation (EcRPA)                    -8.9937782871E-001  
 HF contribution (EtotHF)                          -4.0206843195E+001  
 Singles correction (EcSingles)                    -7.9317975121E-003  
 HF contribution (EtotHF)                          -4.0206843195E+001  
 Singles correction (EcSingles)                    -7.9317975121E-003  
 Direct RPA correlation (EcRPA)                    -3.8281900956E-001  
 HF contribution (EtotHF)                          -1.1625966327E+002  
 Singles correction (EcSingles)                    -1.7177012620E-002  
 HF contribution (EtotHF)                          -1.1625966327E+002  
 Singles correction (EcSingles)                    -1.7177012620E-002  
 Direct RPA correlation (EcRPA)                    -8.3334575844E-001  
 HF contribution (EtotHF)                          -1.1625966730E+002  
 Singles correction (EcSingles)                    -1.7125442527E-002  
 HF contribution (EtotHF)                          -1.1625966730E+002  
 Singles correction (EcSingles)                    -1.7125442527E-002  
 Direct RPA correlation (EcRPA)                    -8.3321911151E-001  
 HF contribution (EtotHF)                          -1.1625857586E+002  
 Singles correction (EcSingles)                    -1.7219194951E-002  
 HF contribution (EtotHF)                          -1.1625857586E+002  
 Singles correction (EcSingles)                    -1.7219194951E-002  
 Direct RPA correlation (EcRPA)                    -8.3377955353E-001  
 HF contribution (EtotHF)                          -2.2815969616E+002  
 Singles correction (EcSingles)                    -2.7175740408E-002  
 HF contribution (EtotHF)                          -2.2815969616E+002  
 Singles correction (EcSingles)                    -2.7175740408E-002  
 Direct RPA correlation (EcRPA)                    -1.3493976979E+000  
 HF contribution (EtotHF)                          -1.9231393989E+002  
 Singles correction (EcSingles)                    -2.6420769798E-002  
 HF contribution (EtotHF)                          -1.9231393989E+002  
 Singles correction (EcSingles)                    -2.6420769798E-002  
 Direct RPA correlation (EcRPA)                    -1.2838047656E+000  
 HF contribution (EtotHF)                          -1.9231090831E+002  
 Singles correction (EcSingles)                    -2.6489169018E-002  
 HF contribution (EtotHF)                          -1.9231090831E+002  
 Singles correction (EcSingles)                    -2.6489169018E-002  
 Direct RPA correlation (EcRPA)                    -1.2844376722E+000  
 HF contribution (EtotHF)                          -1.9231034150E+002  
 Singles correction (EcSingles)                    -2.6544922641E-002  
 HF contribution (EtotHF)                          -1.9231034150E+002  
 Singles correction (EcSingles)                    -2.6544922641E-002  
 Direct RPA correlation (EcRPA)                    -1.2846444578E+000  
