 Converged energy                           -269.631246601148
 Converged energy                            -76.386187330744
 Converged energy                            -76.385477963985
 Converged energy                            -76.386073920835
 Converged energy                           -152.772035195737
 Converged energy                           -152.779362893635
 Converged energy                           -152.771881122910
 Converged energy                            -40.465278084401
 Converged energy                           -116.852028240024
 Converged energy                           -116.850841802993
 Converged energy                           -116.851378678487
 Converged energy                           -229.165631600174
 Converged energy                           -193.237917350848
 Converged energy                           -193.237758387449
 Converged energy                           -193.244467746266
 HF contribution (EtotHF)                          -2.6836601001E+002  
 Singles correction (EcSingles)                    -3.6835933317E-002  
 HF contribution (EtotHF)                          -2.6836601001E+002  
 Singles correction (EcSingles)                    -3.6835933317E-002  
 Direct RPA correlation (EcRPA)                    -1.7385944967E+000  
 HF contribution (EtotHF)                          -7.6053450800E+001  
 Singles correction (EcSingles)                    -8.9375572435E-003  
 HF contribution (EtotHF)                          -7.6053450800E+001  
 Singles correction (EcSingles)                    -8.9375572435E-003  
 Direct RPA correlation (EcRPA)                    -4.4938087643E-001  
 HF contribution (EtotHF)                          -7.6051950441E+001  
 Singles correction (EcSingles)                    -9.0216572552E-003  
 HF contribution (EtotHF)                          -7.6051950441E+001  
 Singles correction (EcSingles)                    -9.0216572552E-003  
 Direct RPA correlation (EcRPA)                    -4.5054592766E-001  
 HF contribution (EtotHF)                          -7.6052849212E+001  
 Singles correction (EcSingles)                    -8.9883754570E-003  
 HF contribution (EtotHF)                          -7.6052849212E+001  
 Singles correction (EcSingles)                    -8.9883754570E-003  
 Direct RPA correlation (EcRPA)                    -4.5003022435E-001  
 HF contribution (EtotHF)                          -1.5210585473E+002  
 Singles correction (EcSingles)                    -1.7947331994E-002  
 HF contribution (EtotHF)                          -1.5210585473E+002  
 Singles correction (EcSingles)                    -1.7947331994E-002  
 Direct RPA correlation (EcRPA)                    -8.9985457070E-001  
 HF contribution (EtotHF)                          -1.5210813990E+002  
 Singles correction (EcSingles)                    -1.9235610448E-002  
 HF contribution (EtotHF)                          -1.5210813990E+002  
 Singles correction (EcSingles)                    -1.9235610448E-002  
 Direct RPA correlation (EcRPA)                    -9.0332987309E-001  
 HF contribution (EtotHF)                          -1.5210579018E+002  
 Singles correction (EcSingles)                    -1.7956296397E-002  
 HF contribution (EtotHF)                          -1.5210579018E+002  
 Singles correction (EcSingles)                    -1.7956296397E-002  
 Direct RPA correlation (EcRPA)                    -8.9954340124E-001  
 HF contribution (EtotHF)                          -4.0206841848E+001  
 Singles correction (EcSingles)                    -7.9318068295E-003  
 HF contribution (EtotHF)                          -4.0206841848E+001  
 Singles correction (EcSingles)                    -7.9318068295E-003  
 Direct RPA correlation (EcRPA)                    -3.8281718630E-001  
 HF contribution (EtotHF)                          -1.1625966123E+002  
 Singles correction (EcSingles)                    -1.7174958476E-002  
 HF contribution (EtotHF)                          -1.1625966123E+002  
 Singles correction (EcSingles)                    -1.7174958476E-002  
 Direct RPA correlation (EcRPA)                    -8.3331695140E-001  
 HF contribution (EtotHF)                          -1.1625809039E+002  
 Singles correction (EcSingles)                    -1.7121572290E-002  
 HF contribution (EtotHF)                          -1.1625809039E+002  
 Singles correction (EcSingles)                    -1.7121572290E-002  
 Direct RPA correlation (EcRPA)                    -8.3417579507E-001  
 HF contribution (EtotHF)                          -1.1625857739E+002  
 Singles correction (EcSingles)                    -1.7226524187E-002  
 HF contribution (EtotHF)                          -1.1625857739E+002  
 Singles correction (EcSingles)                    -1.7226524187E-002  
 Direct RPA correlation (EcRPA)                    -8.3397095760E-001  
 HF contribution (EtotHF)                          -2.2816161552E+002  
 Singles correction (EcSingles)                    -2.8195543958E-002  
 HF contribution (EtotHF)                          -2.2816161552E+002  
 Singles correction (EcSingles)                    -2.8195543958E-002  
 Direct RPA correlation (EcRPA)                    -1.3527725376E+000  
 HF contribution (EtotHF)                          -1.9231132311E+002  
 Singles correction (EcSingles)                    -2.6349403453E-002  
 HF contribution (EtotHF)                          -1.9231132311E+002  
 Singles correction (EcSingles)                    -2.6349403453E-002  
 Direct RPA correlation (EcRPA)                    -1.2846101051E+000  
 HF contribution (EtotHF)                          -1.9231090917E+002  
 Singles correction (EcSingles)                    -2.6494427004E-002  
 HF contribution (EtotHF)                          -1.9231090917E+002  
 Singles correction (EcSingles)                    -2.6494427004E-002  
 Direct RPA correlation (EcRPA)                    -1.2846020486E+000  
 HF contribution (EtotHF)                          -1.9231319663E+002  
 Singles correction (EcSingles)                    -2.7580631756E-002  
 HF contribution (EtotHF)                          -1.9231319663E+002  
 Singles correction (EcSingles)                    -2.7580631756E-002  
 Direct RPA correlation (EcRPA)                    -1.2880298332E+000  
