 Converged energy                           -269.622278377105
 Converged energy                            -76.386350514502
 Converged energy                            -76.384933756499
 Converged energy                            -76.385439627731
 Converged energy                           -152.771282069085
 Converged energy                           -152.770087558660
 Converged energy                           -152.771802120588
 Converged energy                            -40.465277517150
 Converged energy                           -116.851740449782
 Converged energy                           -116.850547765265
 Converged energy                           -116.850802782595
 Converged energy                           -229.156444182269
 Converged energy                           -193.236991747736
 Converged energy                           -193.237257338453
 Converged energy                           -193.235845601864
 HF contribution (EtotHF)                          -2.6836082961E+002  
 Singles correction (EcSingles)                    -3.5583959868E-002  
 HF contribution (EtotHF)                          -2.6836082961E+002  
 Singles correction (EcSingles)                    -3.5583959868E-002  
 Direct RPA correlation (EcRPA)                    -1.7355343949E+000  
 HF contribution (EtotHF)                          -7.6053716700E+001  
 Singles correction (EcSingles)                    -8.9326311848E-003  
 HF contribution (EtotHF)                          -7.6053716700E+001  
 Singles correction (EcSingles)                    -8.9326311848E-003  
 Direct RPA correlation (EcRPA)                    -4.4935711669E-001  
 HF contribution (EtotHF)                          -7.6050823491E+001  
 Singles correction (EcSingles)                    -9.0550821114E-003  
 HF contribution (EtotHF)                          -7.6050823491E+001  
 Singles correction (EcSingles)                    -9.0550821114E-003  
 Direct RPA correlation (EcRPA)                    -4.5056625327E-001  
 HF contribution (EtotHF)                          -7.6051942133E+001  
 Singles correction (EcSingles)                    -9.0019918920E-003  
 HF contribution (EtotHF)                          -7.6051942133E+001  
 Singles correction (EcSingles)                    -9.0019918920E-003  
 Direct RPA correlation (EcRPA)                    -4.5003901638E-001  
 HF contribution (EtotHF)                          -1.5210454048E+002  
 Singles correction (EcSingles)                    -1.7990669074E-002  
 HF contribution (EtotHF)                          -1.5210454048E+002  
 Singles correction (EcSingles)                    -1.7990669074E-002  
 Direct RPA correlation (EcRPA)                    -8.9993420981E-001  
 HF contribution (EtotHF)                          -1.5210240165E+002  
 Singles correction (EcSingles)                    -1.8070696402E-002  
 HF contribution (EtotHF)                          -1.5210240165E+002  
 Singles correction (EcSingles)                    -1.8070696402E-002  
 Direct RPA correlation (EcRPA)                    -9.0068694577E-001  
 HF contribution (EtotHF)                          -1.5210567683E+002  
 Singles correction (EcSingles)                    -1.7936722362E-002  
 HF contribution (EtotHF)                          -1.5210567683E+002  
 Singles correction (EcSingles)                    -1.7936722362E-002  
 Direct RPA correlation (EcRPA)                    -8.9940324435E-001  
 HF contribution (EtotHF)                          -4.0206843004E+001  
 Singles correction (EcSingles)                    -7.9314524192E-003  
 HF contribution (EtotHF)                          -4.0206843004E+001  
 Singles correction (EcSingles)                    -7.9314524192E-003  
 Direct RPA correlation (EcRPA)                    -3.8280665864E-001  
 HF contribution (EtotHF)                          -1.1625929809E+002  
 Singles correction (EcSingles)                    -1.7230883591E-002  
 HF contribution (EtotHF)                          -1.1625929809E+002  
 Singles correction (EcSingles)                    -1.7230883591E-002  
 Direct RPA correlation (EcRPA)                    -8.3341095417E-001  
 HF contribution (EtotHF)                          -1.1625745365E+002  
 Singles correction (EcSingles)                    -1.7101244662E-002  
 HF contribution (EtotHF)                          -1.1625745365E+002  
 Singles correction (EcSingles)                    -1.7101244662E-002  
 Direct RPA correlation (EcRPA)                    -8.3398065662E-001  
 HF contribution (EtotHF)                          -1.1625808303E+002  
 Singles correction (EcSingles)                    -1.7101656688E-002  
 HF contribution (EtotHF)                          -1.1625808303E+002  
 Singles correction (EcSingles)                    -1.7101656688E-002  
 Direct RPA correlation (EcRPA)                    -8.3365533525E-001  
 HF contribution (EtotHF)                          -2.2815613327E+002  
 Singles correction (EcSingles)                    -2.7008097355E-002  
 HF contribution (EtotHF)                          -2.2815613327E+002  
 Singles correction (EcSingles)                    -2.7008097355E-002  
 Direct RPA correlation (EcRPA)                    -1.3500622489E+000  
 HF contribution (EtotHF)                          -1.9230989142E+002  
 Singles correction (EcSingles)                    -2.6401995085E-002  
 HF contribution (EtotHF)                          -1.9230989142E+002  
 Singles correction (EcSingles)                    -2.6401995085E-002  
 Direct RPA correlation (EcRPA)                    -1.2846012897E+000  
 HF contribution (EtotHF)                          -1.9231053695E+002  
 Singles correction (EcSingles)                    -2.6400871849E-002  
 HF contribution (EtotHF)                          -1.9231053695E+002  
 Singles correction (EcSingles)                    -2.6400871849E-002  
 Direct RPA correlation (EcRPA)                    -1.2842718256E+000  
 HF contribution (EtotHF)                          -1.9230839697E+002  
 Singles correction (EcSingles)                    -2.6283064014E-002  
 HF contribution (EtotHF)                          -1.9230839697E+002  
 Singles correction (EcSingles)                    -2.6283064014E-002  
 Direct RPA correlation (EcRPA)                    -1.2849008809E+000  
