 Converged energy                           -269.623810124529
 Converged energy                            -76.386351937662
 Converged energy                            -76.384933667176
 Converged energy                            -76.384931586370
 Converged energy                           -152.771283376314
 Converged energy                           -152.769984654542
 Converged energy                           -152.772927157671
 Converged energy                            -40.465278303234
 Converged energy                           -116.851742632788
 Converged energy                           -116.850548410569
 Converged energy                           -116.850464929796
 Converged energy                           -229.157989183220
 Converged energy                           -193.236993771044
 Converged energy                           -193.238476401207
 Converged energy                           -193.235807216988
 HF contribution (EtotHF)                          -2.6836233623E+002  
 Singles correction (EcSingles)                    -3.5546746320E-002  
 HF contribution (EtotHF)                          -2.6836233623E+002  
 Singles correction (EcSingles)                    -3.5546746320E-002  
 Direct RPA correlation (EcRPA)                    -1.7355563546E+000  
 HF contribution (EtotHF)                          -7.6053717796E+001  
 Singles correction (EcSingles)                    -8.9333424211E-003  
 HF contribution (EtotHF)                          -7.6053717796E+001  
 Singles correction (EcSingles)                    -8.9333424211E-003  
 Direct RPA correlation (EcRPA)                    -4.4936848307E-001  
 HF contribution (EtotHF)                          -7.6050823700E+001  
 Singles correction (EcSingles)                    -9.0549178122E-003  
 HF contribution (EtotHF)                          -7.6050823700E+001  
 Singles correction (EcSingles)                    -9.0549178122E-003  
 Direct RPA correlation (EcRPA)                    -4.5056668357E-001  
 HF contribution (EtotHF)                          -7.6050812202E+001  
 Singles correction (EcSingles)                    -9.0566410122E-003  
 HF contribution (EtotHF)                          -7.6050812202E+001  
 Singles correction (EcSingles)                    -9.0566410122E-003  
 Direct RPA correlation (EcRPA)                    -4.5058686292E-001  
 HF contribution (EtotHF)                          -1.5210454181E+002  
 Singles correction (EcSingles)                    -1.7991199578E-002  
 HF contribution (EtotHF)                          -1.5210454181E+002  
 Singles correction (EcSingles)                    -1.7991199578E-002  
 Direct RPA correlation (EcRPA)                    -8.9994599184E-001  
 HF contribution (EtotHF)                          -1.5210177757E+002  
 Singles correction (EcSingles)                    -1.8109194877E-002  
 HF contribution (EtotHF)                          -1.5210177757E+002  
 Singles correction (EcSingles)                    -1.8109194877E-002  
 Direct RPA correlation (EcRPA)                    -9.0113849879E-001  
 HF contribution (EtotHF)                          -1.5210631693E+002  
 Singles correction (EcSingles)                    -1.7998100030E-002  
 HF contribution (EtotHF)                          -1.5210631693E+002  
 Singles correction (EcSingles)                    -1.7998100030E-002  
 Direct RPA correlation (EcRPA)                    -8.9977250252E-001  
 HF contribution (EtotHF)                          -4.0206844354E+001  
 Singles correction (EcSingles)                    -7.9314723241E-003  
 HF contribution (EtotHF)                          -4.0206844354E+001  
 Singles correction (EcSingles)                    -7.9314723241E-003  
 Direct RPA correlation (EcRPA)                    -3.8279374471E-001  
 HF contribution (EtotHF)                          -1.1625930050E+002  
 Singles correction (EcSingles)                    -1.7231584758E-002  
 HF contribution (EtotHF)                          -1.1625930050E+002  
 Singles correction (EcSingles)                    -1.7231584758E-002  
 Direct RPA correlation (EcRPA)                    -8.3340958989E-001  
 HF contribution (EtotHF)                          -1.1625745524E+002  
 Singles correction (EcSingles)                    -1.7101031682E-002  
 HF contribution (EtotHF)                          -1.1625745524E+002  
 Singles correction (EcSingles)                    -1.7101031682E-002  
 Direct RPA correlation (EcRPA)                    -8.3396799770E-001  
 HF contribution (EtotHF)                          -1.1625739463E+002  
 Singles correction (EcSingles)                    -1.7099863679E-002  
 HF contribution (EtotHF)                          -1.1625739463E+002  
 Singles correction (EcSingles)                    -1.7099863679E-002  
 Direct RPA correlation (EcRPA)                    -8.3395468497E-001  
 HF contribution (EtotHF)                          -2.2815729381E+002  
 Singles correction (EcSingles)                    -2.7053701223E-002  
 HF contribution (EtotHF)                          -2.2815729381E+002  
 Singles correction (EcSingles)                    -2.7053701223E-002  
 Direct RPA correlation (EcRPA)                    -1.3503339230E+000  
 HF contribution (EtotHF)                          -1.9230989399E+002  
 Singles correction (EcSingles)                    -2.6402551305E-002  
 HF contribution (EtotHF)                          -1.9230989399E+002  
 Singles correction (EcSingles)                    -2.6402551305E-002  
 Direct RPA correlation (EcRPA)                    -1.2846000989E+000  
 HF contribution (EtotHF)                          -1.9231163800E+002  
 Singles correction (EcSingles)                    -2.6379366515E-002  
 HF contribution (EtotHF)                          -1.9231163800E+002  
 Singles correction (EcSingles)                    -2.6379366515E-002  
 Direct RPA correlation (EcRPA)                    -1.2843756458E+000  
 HF contribution (EtotHF)                          -1.9230809925E+002  
 Singles correction (EcSingles)                    -2.6265935045E-002  
 HF contribution (EtotHF)                          -1.9230809925E+002  
 Singles correction (EcSingles)                    -2.6265935045E-002  
 Direct RPA correlation (EcRPA)                    -1.2851202826E+000  
