 Converged energy                           -269.631020576434
 Converged energy                            -76.386373537914
 Converged energy                            -76.385787011555
 Converged energy                            -76.386119175104
 Converged energy                           -152.778667926243
 Converged energy                           -152.772257120282
 Converged energy                           -152.772010020259
 Converged energy                            -40.465277923758
 Converged energy                           -116.851764301088
 Converged energy                           -116.851649888765
 Converged energy                           -116.851897875799
 Converged energy                           -229.165045038528
 Converged energy                           -193.244379727005
 Converged energy                           -193.237736599459
 Converged energy                           -193.238559158430
 HF contribution (EtotHF)                          -2.6836526802E+002  
 Singles correction (EcSingles)                    -3.7113926341E-002  
 HF contribution (EtotHF)                          -2.6836526802E+002  
 Singles correction (EcSingles)                    -3.7113926341E-002  
 Direct RPA correlation (EcRPA)                    -1.7391364694E+000  
 HF contribution (EtotHF)                          -7.6053720054E+001  
 Singles correction (EcSingles)                    -8.9435488579E-003  
 HF contribution (EtotHF)                          -7.6053720054E+001  
 Singles correction (EcSingles)                    -8.9435488579E-003  
 Direct RPA correlation (EcRPA)                    -4.4962579903E-001  
 HF contribution (EtotHF)                          -7.6052672068E+001  
 Singles correction (EcSingles)                    -8.9856127010E-003  
 HF contribution (EtotHF)                          -7.6052672068E+001  
 Singles correction (EcSingles)                    -8.9856127010E-003  
 Direct RPA correlation (EcRPA)                    -4.5019785869E-001  
 HF contribution (EtotHF)                          -7.6053103295E+001  
 Singles correction (EcSingles)                    -8.9656955984E-003  
 HF contribution (EtotHF)                          -7.6053103295E+001  
 Singles correction (EcSingles)                    -8.9656955984E-003  
 Direct RPA correlation (EcRPA)                    -4.4970898422E-001  
 HF contribution (EtotHF)                          -1.5210804386E+002  
 Singles correction (EcSingles)                    -1.9233208376E-002  
 HF contribution (EtotHF)                          -1.5210804386E+002  
 Singles correction (EcSingles)                    -1.9233208376E-002  
 Direct RPA correlation (EcRPA)                    -9.0292158102E-001  
 HF contribution (EtotHF)                          -1.5210620357E+002  
 Singles correction (EcSingles)                    -1.7941134314E-002  
 HF contribution (EtotHF)                          -1.5210620357E+002  
 Singles correction (EcSingles)                    -1.7941134314E-002  
 Direct RPA correlation (EcRPA)                    -8.9984136019E-001  
 HF contribution (EtotHF)                          -1.5210573353E+002  
 Singles correction (EcSingles)                    -1.8088577199E-002  
 HF contribution (EtotHF)                          -1.5210573353E+002  
 Singles correction (EcSingles)                    -1.8088577199E-002  
 Direct RPA correlation (EcRPA)                    -8.9981424995E-001  
 HF contribution (EtotHF)                          -4.0206842111E+001  
 Singles correction (EcSingles)                    -7.9319606272E-003  
 HF contribution (EtotHF)                          -4.0206842111E+001  
 Singles correction (EcSingles)                    -7.9319606272E-003  
 Direct RPA correlation (EcRPA)                    -3.8282657993E-001  
 HF contribution (EtotHF)                          -1.1625930067E+002  
 Singles correction (EcSingles)                    -1.7242223553E-002  
 HF contribution (EtotHF)                          -1.1625930067E+002  
 Singles correction (EcSingles)                    -1.7242223553E-002  
 Direct RPA correlation (EcRPA)                    -8.3370214125E-001  
 HF contribution (EtotHF)                          -1.1625934165E+002  
 Singles correction (EcSingles)                    -1.7066993066E-002  
 HF contribution (EtotHF)                          -1.1625934165E+002  
 Singles correction (EcSingles)                    -1.7066993066E-002  
 Direct RPA correlation (EcRPA)                    -8.3377623778E-001  
 HF contribution (EtotHF)                          -1.1625884563E+002  
 Singles correction (EcSingles)                    -1.7317556193E-002  
 HF contribution (EtotHF)                          -1.1625884563E+002  
 Singles correction (EcSingles)                    -1.7317556193E-002  
 Direct RPA correlation (EcRPA)                    -8.3391005105E-001  
 HF contribution (EtotHF)                          -2.2816084229E+002  
 Singles correction (EcSingles)                    -2.8384106870E-002  
 HF contribution (EtotHF)                          -2.2816084229E+002  
 Singles correction (EcSingles)                    -2.8384106870E-002  
 Direct RPA correlation (EcRPA)                    -1.3530468738E+000  
 HF contribution (EtotHF)                          -1.9231360884E+002  
 Singles correction (EcSingles)                    -2.7603290255E-002  
 HF contribution (EtotHF)                          -1.9231360884E+002  
 Singles correction (EcSingles)                    -2.7603290255E-002  
 Direct RPA correlation (EcRPA)                    -1.2876619823E+000  
 HF contribution (EtotHF)                          -1.9231023707E+002  
 Singles correction (EcSingles)                    -2.6752311906E-002  
 HF contribution (EtotHF)                          -1.9231023707E+002  
 Singles correction (EcSingles)                    -2.6752311906E-002  
 Direct RPA correlation (EcRPA)                    -1.2852315232E+000  
 HF contribution (EtotHF)                          -1.9231170426E+002  
 Singles correction (EcSingles)                    -2.6441495848E-002  
 HF contribution (EtotHF)                          -1.9231170426E+002  
 Singles correction (EcSingles)                    -2.6441495848E-002  
 Direct RPA correlation (EcRPA)                    -1.2848109748E+000  
