 Converged energy                           -269.625691378851
 Converged energy                            -76.386350369025
 Converged energy                            -76.386110116039
 Converged energy                            -76.386056262334
 Converged energy                           -152.772826229248
 Converged energy                           -152.772826762487
 Converged energy                           -152.772781590998
 Converged energy                            -40.465278121478
 Converged energy                           -116.851740924379
 Converged energy                           -116.851935002853
 Converged energy                           -116.851360387314
 Converged energy                           -229.159910500171
 Converged energy                           -193.238696712072
 Converged energy                           -193.238158413926
 Converged energy                           -193.238599735680
 HF contribution (EtotHF)                          -2.6836590639E+002  
 Singles correction (EcSingles)                    -3.5544998456E-002  
 HF contribution (EtotHF)                          -2.6836590639E+002  
 Singles correction (EcSingles)                    -3.5544998456E-002  
 Direct RPA correlation (EcRPA)                    -1.7341402978E+000  
 HF contribution (EtotHF)                          -7.6053716284E+001  
 Singles correction (EcSingles)                    -8.9327715228E-003  
 HF contribution (EtotHF)                          -7.6053716284E+001  
 Singles correction (EcSingles)                    -8.9327715228E-003  
 Direct RPA correlation (EcRPA)                    -4.4935632968E-001  
 HF contribution (EtotHF)                          -7.6053595609E+001  
 Singles correction (EcSingles)                    -8.9172344773E-003  
 HF contribution (EtotHF)                          -7.6053595609E+001  
 Singles correction (EcSingles)                    -8.9172344773E-003  
 Direct RPA correlation (EcRPA)                    -4.4919241919E-001  
 HF contribution (EtotHF)                          -7.6052845600E+001  
 Singles correction (EcSingles)                    -8.9795386918E-003  
 HF contribution (EtotHF)                          -7.6052845600E+001  
 Singles correction (EcSingles)                    -8.9795386918E-003  
 Direct RPA correlation (EcRPA)                    -4.4980926064E-001  
 HF contribution (EtotHF)                          -1.5210775752E+002  
 Singles correction (EcSingles)                    -1.7839472930E-002  
 HF contribution (EtotHF)                          -1.5210775752E+002  
 Singles correction (EcSingles)                    -1.7839472930E-002  
 Direct RPA correlation (EcRPA)                    -8.9847936386E-001  
 HF contribution (EtotHF)                          -1.5210697672E+002  
 Singles correction (EcSingles)                    -1.7946969571E-002  
 HF contribution (EtotHF)                          -1.5210697672E+002  
 Singles correction (EcSingles)                    -1.7946969571E-002  
 Direct RPA correlation (EcRPA)                    -8.9909242559E-001  
 HF contribution (EtotHF)                          -1.5210698534E+002  
 Singles correction (EcSingles)                    -1.7911935160E-002  
 HF contribution (EtotHF)                          -1.5210698534E+002  
 Singles correction (EcSingles)                    -1.7911935160E-002  
 Direct RPA correlation (EcRPA)                    -8.9911995424E-001  
 HF contribution (EtotHF)                          -4.0206842844E+001  
 Singles correction (EcSingles)                    -7.9316313552E-003  
 HF contribution (EtotHF)                          -4.0206842844E+001  
 Singles correction (EcSingles)                    -7.9316313552E-003  
 Direct RPA correlation (EcRPA)                    -3.8281374341E-001  
 HF contribution (EtotHF)                          -1.1625929750E+002  
 Singles correction (EcSingles)                    -1.7231192370E-002  
 HF contribution (EtotHF)                          -1.1625929750E+002  
 Singles correction (EcSingles)                    -1.7231192370E-002  
 Direct RPA correlation (EcRPA)                    -8.3341728229E-001  
 HF contribution (EtotHF)                          -1.1626036187E+002  
 Singles correction (EcSingles)                    -1.6968266941E-002  
 HF contribution (EtotHF)                          -1.1626036187E+002  
 Singles correction (EcSingles)                    -1.6968266941E-002  
 Direct RPA correlation (EcRPA)                    -8.3264618658E-001  
 HF contribution (EtotHF)                          -1.1625857459E+002  
 Singles correction (EcSingles)                    -1.7217580276E-002  
 HF contribution (EtotHF)                          -1.1625857459E+002  
 Singles correction (EcSingles)                    -1.7217580276E-002  
 Direct RPA correlation (EcRPA)                    -8.3374476782E-001  
 HF contribution (EtotHF)                          -2.2816155732E+002  
 Singles correction (EcSingles)                    -2.6867663967E-002  
 HF contribution (EtotHF)                          -2.2816155732E+002  
 Singles correction (EcSingles)                    -2.6867663967E-002  
 Direct RPA correlation (EcRPA)                    -1.3483333537E+000  
 HF contribution (EtotHF)                          -1.9231319352E+002  
 Singles correction (EcSingles)                    -2.6254869065E-002  
 HF contribution (EtotHF)                          -1.9231319352E+002  
 Singles correction (EcSingles)                    -2.6254869065E-002  
 Direct RPA correlation (EcRPA)                    -1.2831929091E+000  
 HF contribution (EtotHF)                          -1.9231143008E+002  
 Singles correction (EcSingles)                    -2.6510314704E-002  
 HF contribution (EtotHF)                          -1.9231143008E+002  
 Singles correction (EcSingles)                    -2.6510314704E-002  
 Direct RPA correlation (EcRPA)                    -1.2843054333E+000  
 HF contribution (EtotHF)                          -1.9231267761E+002  
 Singles correction (EcSingles)                    -2.6265945971E-002  
 HF contribution (EtotHF)                          -1.9231267761E+002  
 Singles correction (EcSingles)                    -2.6265945971E-002  
 Direct RPA correlation (EcRPA)                    -1.2836370345E+000  
