 Converged energy                           -269.625515119059
 Converged energy                            -76.386353793881
 Converged energy                            -76.386299251748
 Converged energy                            -76.386402259472
 Converged energy                           -152.773806986241
 Converged energy                           -152.772233887238
 Converged energy                           -152.772810794081
 Converged energy                            -40.465279779035
 Converged energy                           -116.851746123480
 Converged energy                           -116.851944026415
 Converged energy                           -116.852004332877
 Converged energy                           -229.159774763192
 Converged energy                           -193.239420798558
 Converged energy                           -193.238504761352
 Converged energy                           -193.238026007392
 HF contribution (EtotHF)                          -2.6836483891E+002  
 Singles correction (EcSingles)                    -3.5976878413E-002  
 HF contribution (EtotHF)                          -2.6836483891E+002  
 Singles correction (EcSingles)                    -3.5976878413E-002  
 Direct RPA correlation (EcRPA)                    -1.7351000847E+000  
 HF contribution (EtotHF)                          -7.6053717771E+001  
 Singles correction (EcSingles)                    -8.9337569432E-003  
 HF contribution (EtotHF)                          -7.6053717771E+001  
 Singles correction (EcSingles)                    -8.9337569432E-003  
 Direct RPA correlation (EcRPA)                    -4.4937647493E-001  
 HF contribution (EtotHF)                          -7.6053675318E+001  
 Singles correction (EcSingles)                    -8.9327571489E-003  
 HF contribution (EtotHF)                          -7.6053675318E+001  
 Singles correction (EcSingles)                    -8.9327571489E-003  
 Direct RPA correlation (EcRPA)                    -4.4936390582E-001  
 HF contribution (EtotHF)                          -7.6053972726E+001  
 Singles correction (EcSingles)                    -8.9181137860E-003  
 HF contribution (EtotHF)                          -7.6053972726E+001  
 Singles correction (EcSingles)                    -8.9181137860E-003  
 Direct RPA correlation (EcRPA)                    -4.4924331902E-001  
 HF contribution (EtotHF)                          -1.5210827814E+002  
 Singles correction (EcSingles)                    -1.7986035592E-002  
 HF contribution (EtotHF)                          -1.5210827814E+002  
 Singles correction (EcSingles)                    -1.7986035592E-002  
 Direct RPA correlation (EcRPA)                    -8.9888897246E-001  
 HF contribution (EtotHF)                          -1.5210655821E+002  
 Singles correction (EcSingles)                    -1.8034855823E-002  
 HF contribution (EtotHF)                          -1.5210655821E+002  
 Singles correction (EcSingles)                    -1.8034855823E-002  
 Direct RPA correlation (EcRPA)                    -8.9909979201E-001  
 HF contribution (EtotHF)                          -1.5210774836E+002  
 Singles correction (EcSingles)                    -1.7853248327E-002  
 HF contribution (EtotHF)                          -1.5210774836E+002  
 Singles correction (EcSingles)                    -1.7853248327E-002  
 Direct RPA correlation (EcRPA)                    -8.9862212782E-001  
 HF contribution (EtotHF)                          -4.0206842625E+001  
 Singles correction (EcSingles)                    -7.9324006381E-003  
 HF contribution (EtotHF)                          -4.0206842625E+001  
 Singles correction (EcSingles)                    -7.9324006381E-003  
 Direct RPA correlation (EcRPA)                    -3.8283519205E-001  
 HF contribution (EtotHF)                          -1.1625929857E+002  
 Singles correction (EcSingles)                    -1.7233013800E-002  
 HF contribution (EtotHF)                          -1.1625929857E+002  
 Singles correction (EcSingles)                    -1.7233013800E-002  
 Direct RPA correlation (EcRPA)                    -8.3345933962E-001  
 HF contribution (EtotHF)                          -1.1625983170E+002  
 Singles correction (EcSingles)                    -1.7136199011E-002  
 HF contribution (EtotHF)                          -1.1625983170E+002  
 Singles correction (EcSingles)                    -1.7136199011E-002  
 Direct RPA correlation (EcRPA)                    -8.3324422989E-001  
 HF contribution (EtotHF)                          -1.1625947083E+002  
 Singles correction (EcSingles)                    -1.7289910677E-002  
 HF contribution (EtotHF)                          -1.1625947083E+002  
 Singles correction (EcSingles)                    -1.7289910677E-002  
 Direct RPA correlation (EcRPA)                    -8.3350206689E-001  
 HF contribution (EtotHF)                          -2.2816120933E+002  
 Singles correction (EcSingles)                    -2.7084441983E-002  
 HF contribution (EtotHF)                          -2.2816120933E+002  
 Singles correction (EcSingles)                    -2.7084441983E-002  
 Direct RPA correlation (EcRPA)                    -1.3486230402E+000  
 HF contribution (EtotHF)                          -1.9231325323E+002  
 Singles correction (EcSingles)                    -2.6493969820E-002  
 HF contribution (EtotHF)                          -1.9231325323E+002  
 Singles correction (EcSingles)                    -2.6493969820E-002  
 Direct RPA correlation (EcRPA)                    -1.2839664131E+000  
 HF contribution (EtotHF)                          -1.9231196146E+002  
 Singles correction (EcSingles)                    -2.6592802712E-002  
 HF contribution (EtotHF)                          -1.9231196146E+002  
 Singles correction (EcSingles)                    -2.6592802712E-002  
 Direct RPA correlation (EcRPA)                    -1.2841373388E+000  
 HF contribution (EtotHF)                          -1.9231139735E+002  
 Singles correction (EcSingles)                    -2.6620138079E-002  
 HF contribution (EtotHF)                          -1.9231139735E+002  
 Singles correction (EcSingles)                    -2.6620138079E-002  
 Direct RPA correlation (EcRPA)                    -1.2843701662E+000  
