 Converged energy                           -269.623668468726
 Converged energy                            -76.384935899824
 Converged energy                            -76.385751852241
 Converged energy                            -76.385439493049
 Converged energy                           -152.772237120514
 Converged energy                           -152.771317705647
 Converged energy                           -152.770089551427
 Converged energy                            -40.465277091269
 Converged energy                           -116.850549413322
 Converged energy                           -116.851613299338
 Converged energy                           -116.850802179782
 Converged energy                           -229.157512068462
 Converged energy                           -193.238302072481
 Converged energy                           -193.235847064137
 Converged energy                           -193.237210812382
 HF contribution (EtotHF)                          -2.6836230789E+002  
 Singles correction (EcSingles)                    -3.5467242600E-002  
 HF contribution (EtotHF)                          -2.6836230789E+002  
 Singles correction (EcSingles)                    -3.5467242600E-002  
 Direct RPA correlation (EcRPA)                    -1.7354170756E+000  
 HF contribution (EtotHF)                          -7.6050825628E+001  
 Singles correction (EcSingles)                    -9.0558961559E-003  
 HF contribution (EtotHF)                          -7.6050825628E+001  
 Singles correction (EcSingles)                    -9.0558961559E-003  
 Direct RPA correlation (EcRPA)                    -4.5058442936E-001  
 HF contribution (EtotHF)                          -7.6052664967E+001  
 Singles correction (EcSingles)                    -8.9671820701E-003  
 HF contribution (EtotHF)                          -7.6052664967E+001  
 Singles correction (EcSingles)                    -8.9671820701E-003  
 Direct RPA correlation (EcRPA)                    -4.4971251908E-001  
 HF contribution (EtotHF)                          -7.6051941901E+001  
 Singles correction (EcSingles)                    -9.0020129135E-003  
 HF contribution (EtotHF)                          -7.6051941901E+001  
 Singles correction (EcSingles)                    -9.0020129135E-003  
 Direct RPA correlation (EcRPA)                    -4.5003813260E-001  
 HF contribution (EtotHF)                          -1.5210491220E+002  
 Singles correction (EcSingles)                    -1.8106324776E-002  
 HF contribution (EtotHF)                          -1.5210491220E+002  
 Singles correction (EcSingles)                    -1.8106324776E-002  
 Direct RPA correlation (EcRPA)                    -9.0032422594E-001  
 HF contribution (EtotHF)                          -1.5210475036E+002  
 Singles correction (EcSingles)                    -1.7966840226E-002  
 HF contribution (EtotHF)                          -1.5210475036E+002  
 Singles correction (EcSingles)                    -1.7966840226E-002  
 Direct RPA correlation (EcRPA)                    -8.9973829143E-001  
 HF contribution (EtotHF)                          -1.5210240354E+002  
 Singles correction (EcSingles)                    -1.8071551767E-002  
 HF contribution (EtotHF)                          -1.5210240354E+002  
 Singles correction (EcSingles)                    -1.8071551767E-002  
 Direct RPA correlation (EcRPA)                    -9.0070421771E-001  
 HF contribution (EtotHF)                          -4.0206842909E+001  
 Singles correction (EcSingles)                    -7.9313525365E-003  
 HF contribution (EtotHF)                          -4.0206842909E+001  
 Singles correction (EcSingles)                    -7.9313525365E-003  
 Direct RPA correlation (EcRPA)                    -3.8279917034E-001  
 HF contribution (EtotHF)                          -1.1625745574E+002  
 Singles correction (EcSingles)                    -1.7101892589E-002  
 HF contribution (EtotHF)                          -1.1625745574E+002  
 Singles correction (EcSingles)                    -1.7101892589E-002  
 Direct RPA correlation (EcRPA)                    -8.3399144541E-001  
 HF contribution (EtotHF)                          -1.1625933516E+002  
 Singles correction (EcSingles)                    -1.7047957284E-002  
 HF contribution (EtotHF)                          -1.1625933516E+002  
 Singles correction (EcSingles)                    -1.7047957284E-002  
 Direct RPA correlation (EcRPA)                    -8.3326006487E-001  
 HF contribution (EtotHF)                          -1.1625808278E+002  
 Singles correction (EcSingles)                    -1.7101599788E-002  
 HF contribution (EtotHF)                          -1.1625808278E+002  
 Singles correction (EcSingles)                    -1.7101599788E-002  
 Direct RPA correlation (EcRPA)                    -8.3364689998E-001  
 HF contribution (EtotHF)                          -2.2815663094E+002  
 Singles correction (EcSingles)                    -2.7118701892E-002  
 HF contribution (EtotHF)                          -2.2815663094E+002  
 Singles correction (EcSingles)                    -2.7118701892E-002  
 Direct RPA correlation (EcRPA)                    -1.3504307089E+000  
 HF contribution (EtotHF)                          -1.9231129934E+002  
 Singles correction (EcSingles)                    -2.6283284780E-002  
 HF contribution (EtotHF)                          -1.9231129934E+002  
 Singles correction (EcSingles)                    -2.6283284780E-002  
 Direct RPA correlation (EcRPA)                    -1.2844884425E+000  
 HF contribution (EtotHF)                          -1.9230839886E+002  
 Singles correction (EcSingles)                    -2.6283786927E-002  
 HF contribution (EtotHF)                          -1.9230839886E+002  
 Singles correction (EcSingles)                    -2.6283786927E-002  
 Direct RPA correlation (EcRPA)                    -1.2849107016E+000  
 HF contribution (EtotHF)                          -1.9231064236E+002  
 Singles correction (EcSingles)                    -2.6220967498E-002  
 HF contribution (EtotHF)                          -1.9231064236E+002  
 Singles correction (EcSingles)                    -2.6220967498E-002  
 Direct RPA correlation (EcRPA)                    -1.2841179899E+000  
