 Converged energy                           -269.629909494801
 Converged energy                            -76.384978829033
 Converged energy                            -76.386267205735
 Converged energy                            -76.386128253572
 Converged energy                           -152.770928967485
 Converged energy                           -152.772370741082
 Converged energy                           -152.777590774551
 Converged energy                            -40.465276061277
 Converged energy                           -116.850591494218
 Converged energy                           -116.851716277015
 Converged energy                           -116.851951158457
 Converged energy                           -229.163508458040
 Converged energy                           -193.236766541964
 Converged energy                           -193.243739071416
 Converged energy                           -193.238394685906
 HF contribution (EtotHF)                          -2.6836467993E+002  
 Singles correction (EcSingles)                    -3.6701772636E-002  
 HF contribution (EtotHF)                          -2.6836467993E+002  
 Singles correction (EcSingles)                    -3.6701772636E-002  
 Direct RPA correlation (EcRPA)                    -1.7383379660E+000  
 HF contribution (EtotHF)                          -7.6050833329E+001  
 Singles correction (EcSingles)                    -9.0773515951E-003  
 HF contribution (EtotHF)                          -7.6050833329E+001  
 Singles correction (EcSingles)                    -9.0773515951E-003  
 Direct RPA correlation (EcRPA)                    -4.5117492239E-001  
 HF contribution (EtotHF)                          -7.6053574202E+001  
 Singles correction (EcSingles)                    -8.9348810040E-003  
 HF contribution (EtotHF)                          -7.6053574202E+001  
 Singles correction (EcSingles)                    -8.9348810040E-003  
 Direct RPA correlation (EcRPA)                    -4.4935187874E-001  
 HF contribution (EtotHF)                          -7.6053599732E+001  
 Singles correction (EcSingles)                    -8.9261108166E-003  
 HF contribution (EtotHF)                          -7.6053599732E+001  
 Singles correction (EcSingles)                    -8.9261108166E-003  
 Direct RPA correlation (EcRPA)                    -4.4944778326E-001  
 HF contribution (EtotHF)                          -1.5210401017E+002  
 Singles correction (EcSingles)                    -1.8028634199E-002  
 HF contribution (EtotHF)                          -1.5210401017E+002  
 Singles correction (EcSingles)                    -1.8028634199E-002  
 Direct RPA correlation (EcRPA)                    -9.0061428085E-001  
 HF contribution (EtotHF)                          -1.5210714532E+002  
 Singles correction (EcSingles)                    -1.7864237466E-002  
 HF contribution (EtotHF)                          -1.5210714532E+002  
 Singles correction (EcSingles)                    -1.7864237466E-002  
 Direct RPA correlation (EcRPA)                    -8.9881143186E-001  
 HF contribution (EtotHF)                          -1.5210540912E+002  
 Singles correction (EcSingles)                    -1.9387335059E-002  
 HF contribution (EtotHF)                          -1.5210540912E+002  
 Singles correction (EcSingles)                    -1.9387335059E-002  
 Direct RPA correlation (EcRPA)                    -9.0398326778E-001  
 HF contribution (EtotHF)                          -4.0206844444E+001  
 Singles correction (EcSingles)                    -7.9306039355E-003  
 HF contribution (EtotHF)                          -4.0206844444E+001  
 Singles correction (EcSingles)                    -7.9306039355E-003  
 Direct RPA correlation (EcRPA)                    -3.8277988924E-001  
 HF contribution (EtotHF)                          -1.1625746496E+002  
 Singles correction (EcSingles)                    -1.7122428553E-002  
 HF contribution (EtotHF)                          -1.1625746496E+002  
 Singles correction (EcSingles)                    -1.7122428553E-002  
 Direct RPA correlation (EcRPA)                    -8.3456531502E-001  
 HF contribution (EtotHF)                          -1.1625966433E+002  
 Singles correction (EcSingles)                    -1.7119968037E-002  
 HF contribution (EtotHF)                          -1.1625966433E+002  
 Singles correction (EcSingles)                    -1.7119968037E-002  
 Direct RPA correlation (EcRPA)                    -8.3310437432E-001  
 HF contribution (EtotHF)                          -1.1626036776E+002  
 Singles correction (EcSingles)                    -1.6976020081E-002  
 HF contribution (EtotHF)                          -1.1626036776E+002  
 Singles correction (EcSingles)                    -1.6976020081E-002  
 Direct RPA correlation (EcRPA)                    -8.3286794286E-001  
 HF contribution (EtotHF)                          -2.2815855942E+002  
 Singles correction (EcSingles)                    -2.8338704286E-002  
 HF contribution (EtotHF)                          -2.2815855942E+002  
 Singles correction (EcSingles)                    -2.8338704286E-002  
 Direct RPA correlation (EcRPA)                    -1.3534282426E+000  
 HF contribution (EtotHF)                          -1.9230996859E+002  
 Singles correction (EcSingles)                    -2.6318534782E-002  
 HF contribution (EtotHF)                          -1.9230996859E+002  
 Singles correction (EcSingles)                    -2.6318534782E-002  
 Direct RPA correlation (EcRPA)                    -1.2849566960E+000  
 HF contribution (EtotHF)                          -1.9231215772E+002  
 Singles correction (EcSingles)                    -2.7511190306E-002  
 HF contribution (EtotHF)                          -1.9231215772E+002  
 Singles correction (EcSingles)                    -2.7511190306E-002  
 Direct RPA correlation (EcRPA)                    -1.2879551258E+000  
 HF contribution (EtotHF)                          -1.9231321289E+002  
 Singles correction (EcSingles)                    -2.6160411765E-002  
 HF contribution (EtotHF)                          -1.9231321289E+002  
 Singles correction (EcSingles)                    -2.6160411765E-002  
 Direct RPA correlation (EcRPA)                    -1.2831868292E+000  
