 Converged energy                           -269.628416193712
 Converged energy                            -76.384933104735
 Converged energy                            -76.386286942531
 Converged energy                            -76.385478694346
 Converged energy                           -152.770902976827
 Converged energy                           -152.778355020977
 Converged energy                           -152.770125952827
 Converged energy                            -40.465277045727
 Converged energy                           -116.850546326090
 Converged energy                           -116.851737684769
 Converged energy                           -116.850841726970
 Converged energy                           -229.162623161942
 Converged energy                           -193.236741789077
 Converged energy                           -193.235883546571
 Converged energy                           -193.243695557545
 HF contribution (EtotHF)                          -2.6836253610E+002  
 Singles correction (EcSingles)                    -3.6777567819E-002  
 HF contribution (EtotHF)                          -2.6836253610E+002  
 Singles correction (EcSingles)                    -3.6777567819E-002  
 Direct RPA correlation (EcRPA)                    -1.7391911557E+000  
 HF contribution (EtotHF)                          -7.6050823883E+001  
 Singles correction (EcSingles)                    -9.0545336646E-003  
 HF contribution (EtotHF)                          -7.6050823883E+001  
 Singles correction (EcSingles)                    -9.0545336646E-003  
 Direct RPA correlation (EcRPA)                    -4.5056315653E-001  
 HF contribution (EtotHF)                          -7.6053578006E+001  
 Singles correction (EcSingles)                    -8.9444702450E-003  
 HF contribution (EtotHF)                          -7.6053578006E+001  
 Singles correction (EcSingles)                    -8.9444702450E-003  
 Direct RPA correlation (EcRPA)                    -4.4959383620E-001  
 HF contribution (EtotHF)                          -7.6051950452E+001  
 Singles correction (EcSingles)                    -9.0220031628E-003  
 HF contribution (EtotHF)                          -7.6051950452E+001  
 Singles correction (EcSingles)                    -9.0220031628E-003  
 Direct RPA correlation (EcRPA)                    -4.5057023719E-001  
 HF contribution (EtotHF)                          -1.5210400458E+002  
 Singles correction (EcSingles)                    -1.8015357646E-002  
 HF contribution (EtotHF)                          -1.5210400458E+002  
 Singles correction (EcSingles)                    -1.8015357646E-002  
 Direct RPA correlation (EcRPA)                    -9.0024478513E-001  
 HF contribution (EtotHF)                          -1.5210704628E+002  
 Singles correction (EcSingles)                    -1.9304753183E-002  
 HF contribution (EtotHF)                          -1.5210704628E+002  
 Singles correction (EcSingles)                    -1.9304753183E-002  
 Direct RPA correlation (EcRPA)                    -9.0338104840E-001  
 HF contribution (EtotHF)                          -1.5210241030E+002  
 Singles correction (EcSingles)                    -1.8090235192E-002  
 HF contribution (EtotHF)                          -1.5210241030E+002  
 Singles correction (EcSingles)                    -1.8090235192E-002  
 Direct RPA correlation (EcRPA)                    -9.0121470766E-001  
 HF contribution (EtotHF)                          -4.0206844193E+001  
 Singles correction (EcSingles)                    -7.9308511825E-003  
 HF contribution (EtotHF)                          -4.0206844193E+001  
 Singles correction (EcSingles)                    -7.9308511825E-003  
 Direct RPA correlation (EcRPA)                    -3.8279388022E-001  
 HF contribution (EtotHF)                          -1.1625745518E+002  
 Singles correction (EcSingles)                    -1.7100010268E-002  
 HF contribution (EtotHF)                          -1.1625745518E+002  
 Singles correction (EcSingles)                    -1.7100010268E-002  
 Direct RPA correlation (EcRPA)                    -8.3396473036E-001  
 HF contribution (EtotHF)                          -1.1625966820E+002  
 Singles correction (EcSingles)                    -1.7129557515E-002  
 HF contribution (EtotHF)                          -1.1625966820E+002  
 Singles correction (EcSingles)                    -1.7129557515E-002  
 Direct RPA correlation (EcRPA)                    -8.3336257509E-001  
 HF contribution (EtotHF)                          -1.1625809264E+002  
 Singles correction (EcSingles)                    -1.7121084508E-002  
 HF contribution (EtotHF)                          -1.1625809264E+002  
 Singles correction (EcSingles)                    -1.7121084508E-002  
 Direct RPA correlation (EcRPA)                    -8.3417709219E-001  
 HF contribution (EtotHF)                          -2.2815705542E+002  
 Singles correction (EcSingles)                    -2.8387676867E-002  
 HF contribution (EtotHF)                          -2.2815705542E+002  
 Singles correction (EcSingles)                    -2.8387676867E-002  
 Direct RPA correlation (EcRPA)                    -1.3541101481E+000  
 HF contribution (EtotHF)                          -1.9230996303E+002  
 Singles correction (EcSingles)                    -2.6305361777E-002  
 HF contribution (EtotHF)                          -1.9230996303E+002  
 Singles correction (EcSingles)                    -2.6305361777E-002  
 Direct RPA correlation (EcRPA)                    -1.2846006024E+000  
 HF contribution (EtotHF)                          -1.9230840689E+002  
 Singles correction (EcSingles)                    -2.6301885822E-002  
 HF contribution (EtotHF)                          -1.9230840689E+002  
 Singles correction (EcSingles)                    -2.6301885822E-002  
 Direct RPA correlation (EcRPA)                    -1.2854191848E+000  
 HF contribution (EtotHF)                          -1.9231258588E+002  
 Singles correction (EcSingles)                    -2.7592000071E-002  
 HF contribution (EtotHF)                          -1.9231258588E+002  
 Singles correction (EcSingles)                    -2.7592000071E-002  
 Direct RPA correlation (EcRPA)                    -1.2878854548E+000  
