 Converged energy                           -269.631526770822
 Converged energy                            -76.386315524393
 Converged energy                            -76.385662113089
 Converged energy                            -76.386289779991
 Converged energy                           -152.778487797680
 Converged energy                           -152.772320011791
 Converged energy                           -152.772662468341
 Converged energy                            -40.465278572774
 Converged energy                           -116.851767944892
 Converged energy                           -116.851384923425
 Converged energy                           -116.851932844590
 Converged energy                           -229.165289700715
 Converged energy                           -193.244431114261
 Converged energy                           -193.238451217127
 Converged energy                           -193.238370076263
 HF contribution (EtotHF)                          -2.6836610825E+002  
 Singles correction (EcSingles)                    -3.6831631189E-002  
 HF contribution (EtotHF)                          -2.6836610825E+002  
 Singles correction (EcSingles)                    -3.6831631189E-002  
 Direct RPA correlation (EcRPA)                    -1.7382697470E+000  
 HF contribution (EtotHF)                          -7.6053584963E+001  
 Singles correction (EcSingles)                    -8.9563224815E-003  
 HF contribution (EtotHF)                          -7.6053584963E+001  
 Singles correction (EcSingles)                    -8.9563224815E-003  
 Direct RPA correlation (EcRPA)                    -4.5004299749E-001  
 HF contribution (EtotHF)                          -7.6052392465E+001  
 Singles correction (EcSingles)                    -8.9923741377E-003  
 HF contribution (EtotHF)                          -7.6052392465E+001  
 Singles correction (EcSingles)                    -8.9923741377E-003  
 Direct RPA correlation (EcRPA)                    -4.5014325788E-001  
 HF contribution (EtotHF)                          -7.6053672238E+001  
 Singles correction (EcSingles)                    -8.9286484584E-003  
 HF contribution (EtotHF)                          -7.6053672238E+001  
 Singles correction (EcSingles)                    -8.9286484584E-003  
 Direct RPA correlation (EcRPA)                    -4.4929270608E-001  
 HF contribution (EtotHF)                          -1.5210627725E+002  
 Singles correction (EcSingles)                    -1.9424991817E-002  
 HF contribution (EtotHF)                          -1.5210627725E+002  
 Singles correction (EcSingles)                    -1.9424991817E-002  
 Direct RPA correlation (EcRPA)                    -9.0371734989E-001  
 HF contribution (EtotHF)                          -1.5210651465E+002  
 Singles correction (EcSingles)                    -1.7909478957E-002  
 HF contribution (EtotHF)                          -1.5210651465E+002  
 Singles correction (EcSingles)                    -1.7909478957E-002  
 Direct RPA correlation (EcRPA)                    -8.9936550243E-001  
 HF contribution (EtotHF)                          -1.5210731701E+002  
 Singles correction (EcSingles)                    -1.7886591533E-002  
 HF contribution (EtotHF)                          -1.5210731701E+002  
 Singles correction (EcSingles)                    -1.7886591533E-002  
 Direct RPA correlation (EcRPA)                    -8.9933871423E-001  
 HF contribution (EtotHF)                          -4.0206844570E+001  
 Singles correction (EcSingles)                    -7.9310530218E-003  
 HF contribution (EtotHF)                          -4.0206844570E+001  
 Singles correction (EcSingles)                    -7.9310530218E-003  
 Direct RPA correlation (EcRPA)                    -3.8279772238E-001  
 HF contribution (EtotHF)                          -1.1625967568E+002  
 Singles correction (EcSingles)                    -1.7141851451E-002  
 HF contribution (EtotHF)                          -1.1625967568E+002  
 Singles correction (EcSingles)                    -1.7141851451E-002  
 Direct RPA correlation (EcRPA)                    -8.3381775177E-001  
 HF contribution (EtotHF)                          -1.1625911452E+002  
 Singles correction (EcSingles)                    -1.7033989228E-002  
 HF contribution (EtotHF)                          -1.1625911452E+002  
 Singles correction (EcSingles)                    -1.7033989228E-002  
 Direct RPA correlation (EcRPA)                    -8.3355121288E-001  
 HF contribution (EtotHF)                          -1.1625983045E+002  
 Singles correction (EcSingles)                    -1.7130833324E-002  
 HF contribution (EtotHF)                          -1.1625983045E+002  
 Singles correction (EcSingles)                    -1.7130833324E-002  
 Direct RPA correlation (EcRPA)                    -8.3313336228E-001  
 HF contribution (EtotHF)                          -2.2816053988E+002  
 Singles correction (EcSingles)                    -2.8344597771E-002  
 HF contribution (EtotHF)                          -2.2816053988E+002  
 Singles correction (EcSingles)                    -2.8344597771E-002  
 Direct RPA correlation (EcRPA)                    -1.3529429785E+000  
 HF contribution (EtotHF)                          -1.9231260204E+002  
 Singles correction (EcSingles)                    -2.7643169958E-002  
 HF contribution (EtotHF)                          -1.9231260204E+002  
 Singles correction (EcSingles)                    -2.7643169958E-002  
 Direct RPA correlation (EcRPA)                    -1.2879858929E+000  
 HF contribution (EtotHF)                          -1.9231269253E+002  
 Singles correction (EcSingles)                    -2.6343174891E-002  
 HF contribution (EtotHF)                          -1.9231269253E+002  
 Singles correction (EcSingles)                    -2.6343174891E-002  
 Direct RPA correlation (EcRPA)                    -1.2841639481E+000  
 HF contribution (EtotHF)                          -1.9231251050E+002  
 Singles correction (EcSingles)                    -2.6220302445E-002  
 HF contribution (EtotHF)                          -1.9231251050E+002  
 Singles correction (EcSingles)                    -2.6220302445E-002  
 Direct RPA correlation (EcRPA)                    -1.2838265805E+000  
