 Converged energy                           -269.633263901580
 Converged energy                            -76.386131272881
 Converged energy                            -76.386170820801
 Converged energy                            -76.386108207062
 Converged energy                           -152.780376515579
 Converged energy                           -152.772521646626
 Converged energy                           -152.772228603344
 Converged energy                            -40.465276483113
 Converged energy                           -116.851908496369
 Converged energy                           -116.851833521534
 Converged energy                           -116.851931278430
 Converged energy                           -229.166777061898
 Converged energy                           -193.246355665748
 Converged energy                           -193.238578598954
 Converged energy                           -193.238677310940
 HF contribution (EtotHF)                          -2.6837032603E+002  
 Singles correction (EcSingles)                    -3.6470037956E-002  
 HF contribution (EtotHF)                          -2.6837032603E+002  
 Singles correction (EcSingles)                    -3.6470037956E-002  
 Direct RPA correlation (EcRPA)                    -1.7364939739E+000  
 HF contribution (EtotHF)                          -7.6053104297E+001  
 Singles correction (EcSingles)                    -8.9721481540E-003  
 HF contribution (EtotHF)                          -7.6053104297E+001  
 Singles correction (EcSingles)                    -8.9721481540E-003  
 Direct RPA correlation (EcRPA)                    -4.4988308482E-001  
 HF contribution (EtotHF)                          -7.6053661261E+001  
 Singles correction (EcSingles)                    -8.9324469581E-003  
 HF contribution (EtotHF)                          -7.6053661261E+001  
 Singles correction (EcSingles)                    -8.9324469581E-003  
 Direct RPA correlation (EcRPA)                    -4.4960164562E-001  
 HF contribution (EtotHF)                          -7.6053594572E+001  
 Singles correction (EcSingles)                    -8.9166214279E-003  
 HF contribution (EtotHF)                          -7.6053594572E+001  
 Singles correction (EcSingles)                    -8.9166214279E-003  
 Direct RPA correlation (EcRPA)                    -4.4917666121E-001  
 HF contribution (EtotHF)                          -1.5211085034E+002  
 Singles correction (EcSingles)                    -1.9031118696E-002  
 HF contribution (EtotHF)                          -1.5211085034E+002  
 Singles correction (EcSingles)                    -1.9031118696E-002  
 Direct RPA correlation (EcRPA)                    -9.0196499736E-001  
 HF contribution (EtotHF)                          -1.5210753214E+002  
 Singles correction (EcSingles)                    -1.7844994506E-002  
 HF contribution (EtotHF)                          -1.5210753214E+002  
 Singles correction (EcSingles)                    -1.7844994506E-002  
 Direct RPA correlation (EcRPA)                    -8.9875340568E-001  
 HF contribution (EtotHF)                          -1.5210669094E+002  
 Singles correction (EcSingles)                    -1.7888518978E-002  
 HF contribution (EtotHF)                          -1.5210669094E+002  
 Singles correction (EcSingles)                    -1.7888518978E-002  
 Direct RPA correlation (EcRPA)                    -8.9906316905E-001  
 HF contribution (EtotHF)                          -4.0206843336E+001  
 Singles correction (EcSingles)                    -7.9308547525E-003  
 HF contribution (EtotHF)                          -4.0206843336E+001  
 Singles correction (EcSingles)                    -7.9308547525E-003  
 Direct RPA correlation (EcRPA)                    -3.8279613801E-001  
 HF contribution (EtotHF)                          -1.1625884788E+002  
 Singles correction (EcSingles)                    -1.7322886133E-002  
 HF contribution (EtotHF)                          -1.1625884788E+002  
 Singles correction (EcSingles)                    -1.7322886133E-002  
 Direct RPA correlation (EcRPA)                    -8.3405450424E-001  
 HF contribution (EtotHF)                          -1.1626033675E+002  
 Singles correction (EcSingles)                    -1.6972654730E-002  
 HF contribution (EtotHF)                          -1.1626033675E+002  
 Singles correction (EcSingles)                    -1.6972654730E-002  
 Direct RPA correlation (EcRPA)                    -8.3299202243E-001  
 HF contribution (EtotHF)                          -1.1626036127E+002  
 Singles correction (EcSingles)                    -1.6966893477E-002  
 HF contribution (EtotHF)                          -1.1626036127E+002  
 Singles correction (EcSingles)                    -1.6966893477E-002  
 Direct RPA correlation (EcRPA)                    -8.3261212572E-001  
 HF contribution (EtotHF)                          -2.2816477100E+002  
 Singles correction (EcSingles)                    -2.7944749204E-002  
 HF contribution (EtotHF)                          -2.2816477100E+002  
 Singles correction (EcSingles)                    -2.7944749204E-002  
 Direct RPA correlation (EcRPA)                    -1.3511178588E+000  
 HF contribution (EtotHF)                          -1.9231652571E+002  
 Singles correction (EcSingles)                    -2.7437670064E-002  
 HF contribution (EtotHF)                          -1.9231652571E+002  
 Singles correction (EcSingles)                    -2.7437670064E-002  
 Direct RPA correlation (EcRPA)                    -1.2866893703E+000  
 HF contribution (EtotHF)                          -1.9231239148E+002  
 Singles correction (EcSingles)                    -2.6355977623E-002  
 HF contribution (EtotHF)                          -1.9231239148E+002  
 Singles correction (EcSingles)                    -2.6355977623E-002  
 Direct RPA correlation (EcRPA)                    -1.2838697779E+000  
 HF contribution (EtotHF)                          -1.9231406620E+002  
 Singles correction (EcSingles)                    -2.6006261238E-002  
 HF contribution (EtotHF)                          -1.9231406620E+002  
 Singles correction (EcSingles)                    -2.6006261238E-002  
 Direct RPA correlation (EcRPA)                    -1.2827979002E+000  
