 Converged energy                           -269.631934659626
 Converged energy                            -76.386117793165
 Converged energy                            -76.386310541249
 Converged energy                            -76.384971426827
 Converged energy                           -152.772563214776
 Converged energy                           -152.777997632414
 Converged energy                           -152.772722113906
 Converged energy                            -40.465278553273
 Converged energy                           -116.851896949247
 Converged energy                           -116.851954002881
 Converged energy                           -116.850505364479
 Converged energy                           -229.165842546284
 Converged energy                           -193.238637005487
 Converged energy                           -193.238621222520
 Converged energy                           -193.243797324660
 HF contribution (EtotHF)                          -2.6836593398E+002  
 Singles correction (EcSingles)                    -3.7011371950E-002  
 HF contribution (EtotHF)                          -2.6836593398E+002  
 Singles correction (EcSingles)                    -3.7011371950E-002  
 Direct RPA correlation (EcRPA)                    -1.7392311245E+000  
 HF contribution (EtotHF)                          -7.6053102262E+001  
 Singles correction (EcSingles)                    -8.9655442791E-003  
 HF contribution (EtotHF)                          -7.6053102262E+001  
 Singles correction (EcSingles)                    -8.9655442791E-003  
 Direct RPA correlation (EcRPA)                    -4.4969162947E-001  
 HF contribution (EtotHF)                          -7.6053674198E+001  
 Singles correction (EcSingles)                    -8.9391475584E-003  
 HF contribution (EtotHF)                          -7.6053674198E+001  
 Singles correction (EcSingles)                    -8.9391475584E-003  
 Direct RPA correlation (EcRPA)                    -4.4953010347E-001  
 HF contribution (EtotHF)                          -7.6050819625E+001  
 Singles correction (EcSingles)                    -9.0777980507E-003  
 HF contribution (EtotHF)                          -7.6050819625E+001  
 Singles correction (EcSingles)                    -9.0777980507E-003  
 Direct RPA correlation (EcRPA)                    -4.5110916491E-001  
 HF contribution (EtotHF)                          -1.5210691877E+002  
 Singles correction (EcSingles)                    -1.7911080360E-002  
 HF contribution (EtotHF)                          -1.5210691877E+002  
 Singles correction (EcSingles)                    -1.7911080360E-002  
 Direct RPA correlation (EcRPA)                    -8.9921985040E-001  
 HF contribution (EtotHF)                          -1.5210621899E+002  
 Singles correction (EcSingles)                    -1.9353565892E-002  
 HF contribution (EtotHF)                          -1.5210621899E+002  
 Singles correction (EcSingles)                    -1.9353565892E-002  
 Direct RPA correlation (EcRPA)                    -9.0384183658E-001  
 HF contribution (EtotHF)                          -1.5210550721E+002  
 Singles correction (EcSingles)                    -1.8103214975E-002  
 HF contribution (EtotHF)                          -1.5210550721E+002  
 Singles correction (EcSingles)                    -1.8103214975E-002  
 Direct RPA correlation (EcRPA)                    -9.0077803877E-001  
 HF contribution (EtotHF)                          -4.0206843640E+001  
 Singles correction (EcSingles)                    -7.9315601941E-003  
 HF contribution (EtotHF)                          -4.0206843640E+001  
 Singles correction (EcSingles)                    -7.9315601941E-003  
 Direct RPA correlation (EcRPA)                    -3.8281074223E-001  
 HF contribution (EtotHF)                          -1.1625884603E+002  
 Singles correction (EcSingles)                    -1.7317093453E-002  
 HF contribution (EtotHF)                          -1.1625884603E+002  
 Singles correction (EcSingles)                    -1.7317093453E-002  
 Direct RPA correlation (EcRPA)                    -8.3387645129E-001  
 HF contribution (EtotHF)                          -1.1625983132E+002  
 Singles correction (EcSingles)                    -1.7141859005E-002  
 HF contribution (EtotHF)                          -1.1625983132E+002  
 Singles correction (EcSingles)                    -1.7141859005E-002  
 Direct RPA correlation (EcRPA)                    -8.3338585716E-001  
 HF contribution (EtotHF)                          -1.1625740119E+002  
 Singles correction (EcSingles)                    -1.7121123637E-002  
 HF contribution (EtotHF)                          -1.1625740119E+002  
 Singles correction (EcSingles)                    -1.7121123637E-002  
 Direct RPA correlation (EcRPA)                    -8.3449683630E-001  
 HF contribution (EtotHF)                          -2.2816105653E+002  
 Singles correction (EcSingles)                    -2.8366224302E-002  
 HF contribution (EtotHF)                          -2.2816105653E+002  
 Singles correction (EcSingles)                    -2.8366224302E-002  
 Direct RPA correlation (EcRPA)                    -1.3534933873E+000  
 HF contribution (EtotHF)                          -1.9231191407E+002  
 Singles correction (EcSingles)                    -2.6528581241E-002  
 HF contribution (EtotHF)                          -1.9231191407E+002  
 Singles correction (EcSingles)                    -2.6528581241E-002  
 Direct RPA correlation (EcRPA)                    -1.2844592409E+000  
 HF contribution (EtotHF)                          -1.9231096015E+002  
 Singles correction (EcSingles)                    -2.6534923306E-002  
 HF contribution (EtotHF)                          -1.9231096015E+002  
 Singles correction (EcSingles)                    -2.6534923306E-002  
 Direct RPA correlation (EcRPA)                    -1.2855266066E+000  
 HF contribution (EtotHF)                          -1.9231230131E+002  
 Singles correction (EcSingles)                    -2.7610564124E-002  
 HF contribution (EtotHF)                          -1.9231230131E+002  
 Singles correction (EcSingles)                    -2.7610564124E-002  
 Direct RPA correlation (EcRPA)                    -1.2882090801E+000  
