 Converged energy                           -269.624347040924
 Converged energy                            -76.385637613438
 Converged energy                            -76.385444644358
 Converged energy                            -76.384931655869
 Converged energy                           -152.771981532687
 Converged energy                           -152.771922431807
 Converged energy                           -152.770567386024
 Converged energy                            -40.465277020960
 Converged energy                           -116.851358550306
 Converged energy                           -116.850807105424
 Converged energy                           -116.850463835318
 Converged energy                           -229.158435244654
 Converged energy                           -193.237775287214
 Converged energy                           -193.236531630387
 Converged energy                           -193.237413332761
 HF contribution (EtotHF)                          -2.6836306488E+002  
 Singles correction (EcSingles)                    -3.5462183108E-002  
 HF contribution (EtotHF)                          -2.6836306488E+002  
 Singles correction (EcSingles)                    -3.5462183108E-002  
 Direct RPA correlation (EcRPA)                    -1.7353755844E+000  
 HF contribution (EtotHF)                          -7.6052390129E+001  
 Singles correction (EcSingles)                    -8.9798434857E-003  
 HF contribution (EtotHF)                          -7.6052390129E+001  
 Singles correction (EcSingles)                    -8.9798434857E-003  
 Direct RPA correlation (EcRPA)                    -4.4982141127E-001  
 HF contribution (EtotHF)                          -7.6051944981E+001  
 Singles correction (EcSingles)                    -9.0036215996E-003  
 HF contribution (EtotHF)                          -7.6051944981E+001  
 Singles correction (EcSingles)                    -9.0036215996E-003  
 Direct RPA correlation (EcRPA)                    -4.5007969227E-001  
 HF contribution (EtotHF)                          -7.6050813285E+001  
 Singles correction (EcSingles)                    -9.0566612533E-003  
 HF contribution (EtotHF)                          -7.6050813285E+001  
 Singles correction (EcSingles)                    -9.0566612533E-003  
 Direct RPA correlation (EcRPA)                    -4.5058826274E-001  
 HF contribution (EtotHF)                          -1.5210512566E+002  
 Singles correction (EcSingles)                    -1.8036825599E-002  
 HF contribution (EtotHF)                          -1.5210512566E+002  
 Singles correction (EcSingles)                    -1.8036825599E-002  
 Direct RPA correlation (EcRPA)                    -8.9995804090E-001  
 HF contribution (EtotHF)                          -1.5210417311E+002  
 Singles correction (EcSingles)                    -1.8144317717E-002  
 HF contribution (EtotHF)                          -1.5210417311E+002  
 Singles correction (EcSingles)                    -1.8144317717E-002  
 Direct RPA correlation (EcRPA)                    -9.0069893673E-001  
 HF contribution (EtotHF)                          -1.5210317934E+002  
 Singles correction (EcSingles)                    -1.8042840746E-002  
 HF contribution (EtotHF)                          -1.5210317934E+002  
 Singles correction (EcSingles)                    -1.8042840746E-002  
 Direct RPA correlation (EcRPA)                    -9.0044088371E-001  
 HF contribution (EtotHF)                          -4.0206844372E+001  
 Singles correction (EcSingles)                    -7.9309572724E-003  
 HF contribution (EtotHF)                          -4.0206844372E+001  
 Singles correction (EcSingles)                    -7.9309572724E-003  
 Direct RPA correlation (EcRPA)                    -3.8278455205E-001  
 HF contribution (EtotHF)                          -1.1625911216E+002  
 Singles correction (EcSingles)                    -1.7021408894E-002  
 HF contribution (EtotHF)                          -1.1625911216E+002  
 Singles correction (EcSingles)                    -1.7021408894E-002  
 Direct RPA correlation (EcRPA)                    -8.3321467206E-001  
 HF contribution (EtotHF)                          -1.1625808714E+002  
 Singles correction (EcSingles)                    -1.7102775517E-002  
 HF contribution (EtotHF)                          -1.1625808714E+002  
 Singles correction (EcSingles)                    -1.7102775517E-002  
 Direct RPA correlation (EcRPA)                    -8.3367470418E-001  
 HF contribution (EtotHF)                          -1.1625739580E+002  
 Singles correction (EcSingles)                    -1.7099387584E-002  
 HF contribution (EtotHF)                          -1.1625739580E+002  
 Singles correction (EcSingles)                    -1.7099387584E-002  
 Direct RPA correlation (EcRPA)                    -8.3394646179E-001  
 HF contribution (EtotHF)                          -2.2815732407E+002  
 Singles correction (EcSingles)                    -2.7177348398E-002  
 HF contribution (EtotHF)                          -2.2815732407E+002  
 Singles correction (EcSingles)                    -2.7177348398E-002  
 Direct RPA correlation (EcRPA)                    -1.3506031043E+000  
 HF contribution (EtotHF)                          -1.9231120725E+002  
 Singles correction (EcSingles)                    -2.6226888988E-002  
 HF contribution (EtotHF)                          -1.9231120725E+002  
 Singles correction (EcSingles)                    -2.6226888988E-002  
 Direct RPA correlation (EcRPA)                    -1.2841428440E+000  
 HF contribution (EtotHF)                          -1.9230961750E+002  
 Singles correction (EcSingles)                    -2.6197605560E-002  
 HF contribution (EtotHF)                          -1.9230961750E+002  
 Singles correction (EcSingles)                    -2.6197605560E-002  
 Direct RPA correlation (EcRPA)                    -1.2844186402E+000  
 HF contribution (EtotHF)                          -1.9230999601E+002  
 Singles correction (EcSingles)                    -2.6336348994E-002  
 HF contribution (EtotHF)                          -1.9230999601E+002  
 Singles correction (EcSingles)                    -2.6336348994E-002  
 Direct RPA correlation (EcRPA)                    -1.2848710345E+000  
