 Converged energy                           -269.640461423111
 Converged energy                            -76.386156926688
 Converged energy                            -76.384994822923
 Converged energy                            -76.386110243104
 Converged energy                           -152.777710716587
 Converged energy                           -152.776748953782
 Converged energy                           -152.774117110498
 Converged energy                            -40.465276204107
 Converged energy                           -116.851819043484
 Converged energy                           -116.850527223754
 Converged energy                           -116.851413363023
 Converged energy                           -229.174494325627
 Converged energy                           -193.243599905766
 Converged energy                           -193.239769255903
 Converged energy                           -193.242286628585
 HF contribution (EtotHF)                          -2.6836789008E+002  
 Singles correction (EcSingles)                    -3.8377862391E-002  
 HF contribution (EtotHF)                          -2.6836789008E+002  
 Singles correction (EcSingles)                    -3.8377862391E-002  
 Direct RPA correlation (EcRPA)                    -1.7435894145E+000  
 HF contribution (EtotHF)                          -7.6053659464E+001  
 Singles correction (EcSingles)                    -8.9242063553E-003  
 HF contribution (EtotHF)                          -7.6053659464E+001  
 Singles correction (EcSingles)                    -8.9242063553E-003  
 Direct RPA correlation (EcRPA)                    -4.4944443341E-001  
 HF contribution (EtotHF)                          -7.6050829403E+001  
 Singles correction (EcSingles)                    -9.0853784940E-003  
 HF contribution (EtotHF)                          -7.6050829403E+001  
 Singles correction (EcSingles)                    -9.0853784940E-003  
 Direct RPA correlation (EcRPA)                    -4.5143665811E-001  
 HF contribution (EtotHF)                          -7.6052855677E+001  
 Singles correction (EcSingles)                    -9.0034309440E-003  
 HF contribution (EtotHF)                          -7.6052855677E+001  
 Singles correction (EcSingles)                    -9.0034309440E-003  
 Direct RPA correlation (EcRPA)                    -4.5061918111E-001  
 HF contribution (EtotHF)                          -1.5210563807E+002  
 Singles correction (EcSingles)                    -1.9377613640E-002  
 HF contribution (EtotHF)                          -1.5210563807E+002  
 Singles correction (EcSingles)                    -1.9377613640E-002  
 Direct RPA correlation (EcRPA)                    -9.0418695284E-001  
 HF contribution (EtotHF)                          -1.5210232923E+002  
 Singles correction (EcSingles)                    -1.9686674730E-002  
 HF contribution (EtotHF)                          -1.5210232923E+002  
 Singles correction (EcSingles)                    -1.9686674730E-002  
 Direct RPA correlation (EcRPA)                    -9.0590717980E-001  
 HF contribution (EtotHF)                          -1.5210822905E+002  
 Singles correction (EcSingles)                    -1.8016740872E-002  
 HF contribution (EtotHF)                          -1.5210822905E+002  
 Singles correction (EcSingles)                    -1.8016740872E-002  
 Direct RPA correlation (EcRPA)                    -9.0009327704E-001  
 HF contribution (EtotHF)                          -4.0206843336E+001  
 Singles correction (EcSingles)                    -7.9307497775E-003  
 HF contribution (EtotHF)                          -4.0206843336E+001  
 Singles correction (EcSingles)                    -7.9307497775E-003  
 Direct RPA correlation (EcRPA)                    -3.8278990919E-001  
 HF contribution (EtotHF)                          -1.1626033488E+002  
 Singles correction (EcSingles)                    -1.6964367633E-002  
 HF contribution (EtotHF)                          -1.1626033488E+002  
 Singles correction (EcSingles)                    -1.6964367633E-002  
 Direct RPA correlation (EcRPA)                    -8.3282635748E-001  
 HF contribution (EtotHF)                          -1.1625741111E+002  
 Singles correction (EcSingles)                    -1.7127789830E-002  
 HF contribution (EtotHF)                          -1.1625741111E+002  
 Singles correction (EcSingles)                    -1.7127789830E-002  
 Direct RPA correlation (EcRPA)                    -8.3480398723E-001  
 HF contribution (EtotHF)                          -1.1625858533E+002  
 Singles correction (EcSingles)                    -1.7240666604E-002  
 HF contribution (EtotHF)                          -1.1625858533E+002  
 Singles correction (EcSingles)                    -1.7240666604E-002  
 Direct RPA correlation (EcRPA)                    -8.3453557075E-001  
 HF contribution (EtotHF)                          -2.2816200774E+002  
 Singles correction (EcSingles)                    -3.0052210574E-002  
 HF contribution (EtotHF)                          -2.2816200774E+002  
 Singles correction (EcSingles)                    -3.0052210574E-002  
 Direct RPA correlation (EcRPA)                    -1.3587037035E+000  
 HF contribution (EtotHF)                          -1.9231220690E+002  
 Singles correction (EcSingles)                    -2.7492359624E-002  
 HF contribution (EtotHF)                          -1.9231220690E+002  
 Singles correction (EcSingles)                    -2.7492359624E-002  
 Direct RPA correlation (EcRPA)                    -1.2880946952E+000  
 HF contribution (EtotHF)                          -1.9231388643E+002  
 Singles correction (EcSingles)                    -2.6326217909E-002  
 HF contribution (EtotHF)                          -1.9231388643E+002  
 Singles correction (EcSingles)                    -2.6326217909E-002  
 Direct RPA correlation (EcRPA)                    -1.2845636161E+000  
 HF contribution (EtotHF)                          -1.9230812777E+002  
 Singles correction (EcSingles)                    -2.7949335605E-002  
 HF contribution (EtotHF)                          -1.9230812777E+002  
 Singles correction (EcSingles)                    -2.7949335605E-002  
 Direct RPA correlation (EcRPA)                    -1.2902718175E+000  
