 Converged energy                           -193.382576932017
 Converged energy                            -40.507936390620
 Converged energy                            -76.437035184368
 Converged energy                            -76.437187795765
 Converged energy                           -116.945412330260
 Converged energy                           -152.873826549260
 Converged energy                           -116.945449432480
 HF contribution (EtotHF)                          -1.9232496419E+002  
 Singles correction (EcSingles)                    -1.5271068180E-002  
 HF contribution (EtotHF)                          -1.9232496419E+002  
 Singles correction (EcSingles)                    -1.5271068180E-002  
 Direct RPA correlation (EcRPA)                    -1.2311366848E+000  
 HF contribution (EtotHF)                          -4.0210719952E+001  
 Singles correction (EcSingles)                    -4.6323147789E-003  
 HF contribution (EtotHF)                          -4.0210719952E+001  
 Singles correction (EcSingles)                    -4.6323147789E-003  
 Direct RPA correlation (EcRPA)                    -3.6760869693E-001  
 HF contribution (EtotHF)                          -7.6057981643E+001  
 Singles correction (EcSingles)                    -5.1038216893E-003  
 HF contribution (EtotHF)                          -7.6057981643E+001  
 Singles correction (EcSingles)                    -5.1038216893E-003  
 Direct RPA correlation (EcRPA)                    -4.3078027754E-001  
 HF contribution (EtotHF)                          -7.6058329103E+001  
 Singles correction (EcSingles)                    -5.0869748063E-003  
 HF contribution (EtotHF)                          -7.6058329103E+001  
 Singles correction (EcSingles)                    -5.0869748063E-003  
 Direct RPA correlation (EcRPA)                    -4.3057037058E-001  
 HF contribution (EtotHF)                          -1.1626800690E+002  
 Singles correction (EcSingles)                    -9.9359586546E-003  
 HF contribution (EtotHF)                          -1.1626800690E+002  
 Singles correction (EcSingles)                    -9.9359586546E-003  
 Direct RPA correlation (EcRPA)                    -7.9936039820E-001  
 HF contribution (EtotHF)                          -1.5211582023E+002  
 Singles correction (EcSingles)                    -1.0208521370E-002  
 HF contribution (EtotHF)                          -1.5211582023E+002  
 Singles correction (EcSingles)                    -1.0208521370E-002  
 Direct RPA correlation (EcRPA)                    -8.6146998178E-001  
 HF contribution (EtotHF)                          -1.1626813019E+002  
 Singles correction (EcSingles)                    -9.9474593314E-003  
 HF contribution (EtotHF)                          -1.1626813019E+002  
 Singles correction (EcSingles)                    -9.9474593314E-003  
 Direct RPA correlation (EcRPA)                    -7.9926576079E-001  
