 Converged energy                           -193.381388895617
 Converged energy                            -40.507934777706
 Converged energy                            -76.436996344293
 Converged energy                            -76.436492861337
 Converged energy                           -116.945096258764
 Converged energy                           -152.873021715963
 Converged energy                           -116.944682039044
 HF contribution (EtotHF)                          -1.9232474370E+002  
 Singles correction (EcSingles)                    -1.5020592637E-002  
 HF contribution (EtotHF)                          -1.9232474370E+002  
 Singles correction (EcSingles)                    -1.5020592637E-002  
 Direct RPA correlation (EcRPA)                    -1.2305412325E+000  
 HF contribution (EtotHF)                          -4.0210718696E+001  
 Singles correction (EcSingles)                    -4.6321023537E-003  
 HF contribution (EtotHF)                          -4.0210718696E+001  
 Singles correction (EcSingles)                    -4.6321023537E-003  
 Direct RPA correlation (EcRPA)                    -3.6758829666E-001  
 HF contribution (EtotHF)                          -7.6058111864E+001  
 Singles correction (EcSingles)                    -5.0884386529E-003  
 HF contribution (EtotHF)                          -7.6058111864E+001  
 Singles correction (EcSingles)                    -5.0884386529E-003  
 Direct RPA correlation (EcRPA)                    -4.3055040656E-001  
 HF contribution (EtotHF)                          -7.6057160904E+001  
 Singles correction (EcSingles)                    -5.1293294922E-003  
 HF contribution (EtotHF)                          -7.6057160904E+001  
 Singles correction (EcSingles)                    -5.1293294922E-003  
 Direct RPA correlation (EcRPA)                    -4.3105149434E-001  
 HF contribution (EtotHF)                          -1.1626844750E+002  
 Singles correction (EcSingles)                    -9.7933342525E-003  
 HF contribution (EtotHF)                          -1.1626844750E+002  
 Singles correction (EcSingles)                    -9.7933342525E-003  
 Direct RPA correlation (EcRPA)                    -7.9874895137E-001  
 HF contribution (EtotHF)                          -1.5211463630E+002  
 Singles correction (EcSingles)                    -1.0249772733E-002  
 HF contribution (EtotHF)                          -1.5211463630E+002  
 Singles correction (EcSingles)                    -1.0249772733E-002  
 Direct RPA correlation (EcRPA)                    -8.6180800770E-001  
 HF contribution (EtotHF)                          -1.1626761937E+002  
 Singles correction (EcSingles)                    -9.8290544680E-003  
 HF contribution (EtotHF)                          -1.1626761937E+002  
 Singles correction (EcSingles)                    -9.8290544680E-003  
 Direct RPA correlation (EcRPA)                    -7.9919409186E-001  
