 Converged energy                           -193.382489551021
 Converged energy                            -40.507935228746
 Converged energy                            -76.437154803515
 Converged energy                            -76.436995318425
 Converged energy                           -116.945345118211
 Converged energy                           -152.874118787379
 Converged energy                           -116.945095831028
 HF contribution (EtotHF)                          -1.9232540735E+002  
 Singles correction (EcSingles)                    -1.5173918240E-002  
 HF contribution (EtotHF)                          -1.9232540735E+002  
 Singles correction (EcSingles)                    -1.5173918240E-002  
 Direct RPA correlation (EcRPA)                    -1.2307762886E+000  
 HF contribution (EtotHF)                          -4.0210717122E+001  
 Singles correction (EcSingles)                    -4.6328205921E-003  
 HF contribution (EtotHF)                          -4.0210717122E+001  
 Singles correction (EcSingles)                    -4.6328205921E-003  
 Direct RPA correlation (EcRPA)                    -3.6760895551E-001  
 HF contribution (EtotHF)                          -7.6058120373E+001  
 Singles correction (EcSingles)                    -5.1043074677E-003  
 HF contribution (EtotHF)                          -7.6058120373E+001  
 Singles correction (EcSingles)                    -5.1043074677E-003  
 Direct RPA correlation (EcRPA)                    -4.3079111996E-001  
 HF contribution (EtotHF)                          -7.6058110528E+001  
 Singles correction (EcSingles)                    -5.0884693363E-003  
 HF contribution (EtotHF)                          -7.6058110528E+001  
 Singles correction (EcSingles)                    -5.0884693363E-003  
 Direct RPA correlation (EcRPA)                    -4.3054329611E-001  
 HF contribution (EtotHF)                          -1.1626768162E+002  
 Singles correction (EcSingles)                    -1.0015605069E-002  
 HF contribution (EtotHF)                          -1.1626768162E+002  
 Singles correction (EcSingles)                    -1.0015605069E-002  
 Direct RPA correlation (EcRPA)                    -7.9962279067E-001  
 HF contribution (EtotHF)                          -1.5211619937E+002  
 Singles correction (EcSingles)                    -1.0193452954E-002  
 HF contribution (EtotHF)                          -1.5211619937E+002  
 Singles correction (EcSingles)                    -1.0193452954E-002  
 Direct RPA correlation (EcRPA)                    -8.6134384486E-001  
 HF contribution (EtotHF)                          -1.1626844470E+002  
 Singles correction (EcSingles)                    -9.7940735815E-003  
 HF contribution (EtotHF)                          -1.1626844470E+002  
 Singles correction (EcSingles)                    -9.7940735815E-003  
 Direct RPA correlation (EcRPA)                    -7.9876229065E-001  
