 Converged energy                           -193.381566088364
 Converged energy                            -40.507936586594
 Converged energy                            -76.435355310198
 Converged energy                            -76.437245938887
 Converged energy                           -116.943602743507
 Converged energy                           -152.872612282567
 Converged energy                           -116.945889918631
 HF contribution (EtotHF)                          -1.9232376807E+002  
 Singles correction (EcSingles)                    -1.5180016950E-002  
 HF contribution (EtotHF)                          -1.9232376807E+002  
 Singles correction (EcSingles)                    -1.5180016950E-002  
 Direct RPA correlation (EcRPA)                    -1.2315886137E+000  
 HF contribution (EtotHF)                          -4.0210721142E+001  
 Singles correction (EcSingles)                    -4.6318592817E-003  
 HF contribution (EtotHF)                          -4.0210721142E+001  
 Singles correction (EcSingles)                    -4.6318592817E-003  
 Direct RPA correlation (EcRPA)                    -3.6759315059E-001  
 HF contribution (EtotHF)                          -7.6055243709E+001  
 Singles correction (EcSingles)                    -5.2011158548E-003  
 HF contribution (EtotHF)                          -7.6055243709E+001  
 Singles correction (EcSingles)                    -5.2011158548E-003  
 Direct RPA correlation (EcRPA)                    -4.3191947758E-001  
 HF contribution (EtotHF)                          -7.6058361615E+001  
 Singles correction (EcSingles)                    -5.0903002497E-003  
 HF contribution (EtotHF)                          -7.6058361615E+001  
 Singles correction (EcSingles)                    -5.0903002497E-003  
 Direct RPA correlation (EcRPA)                    -4.3060243365E-001  
 HF contribution (EtotHF)                          -1.1626575963E+002  
 Singles correction (EcSingles)                    -9.8975598313E-003  
 HF contribution (EtotHF)                          -1.1626575963E+002  
 Singles correction (EcSingles)                    -9.8975598313E-003  
 Direct RPA correlation (EcRPA)                    -8.0005730268E-001  
 HF contribution (EtotHF)                          -1.5211361972E+002  
 Singles correction (EcSingles)                    -1.0291493772E-002  
 HF contribution (EtotHF)                          -1.5211361972E+002  
 Singles correction (EcSingles)                    -1.0291493772E-002  
 Direct RPA correlation (EcRPA)                    -8.6252712472E-001  
 HF contribution (EtotHF)                          -1.1626870487E+002  
 Singles correction (EcSingles)                    -9.9170777887E-003  
 HF contribution (EtotHF)                          -1.1626870487E+002  
 Singles correction (EcSingles)                    -9.9170777887E-003  
 Direct RPA correlation (EcRPA)                    -7.9912571110E-001  
