 Converged energy                           -193.391279347479
 Converged energy                            -40.507936791564
 Converged energy                            -76.437275784356
 Converged energy                            -76.436308860656
 Converged energy                           -116.945632602325
 Converged energy                           -152.882395349563
 Converged energy                           -116.944738351468
 HF contribution (EtotHF)                          -1.9232873216E+002  
 Singles correction (EcSingles)                    -1.6207742705E-002  
 HF contribution (EtotHF)                          -1.9232873216E+002  
 Singles correction (EcSingles)                    -1.6207742705E-002  
 Direct RPA correlation (EcRPA)                    -1.2347004938E+000  
 HF contribution (EtotHF)                          -4.0210719731E+001  
 Singles correction (EcSingles)                    -4.6326781739E-003  
 HF contribution (EtotHF)                          -4.0210719731E+001  
 Singles correction (EcSingles)                    -4.6326781739E-003  
 Direct RPA correlation (EcRPA)                    -3.6760968590E-001  
 HF contribution (EtotHF)                          -7.6058381204E+001  
 Singles correction (EcSingles)                    -5.0947180191E-003  
 HF contribution (EtotHF)                          -7.6058381204E+001  
 Singles correction (EcSingles)                    -5.0947180191E-003  
 Direct RPA correlation (EcRPA)                    -4.3086201953E-001  
 HF contribution (EtotHF)                          -7.6056825291E+001  
 Singles correction (EcSingles)                    -5.1490752986E-003  
 HF contribution (EtotHF)                          -7.6056825291E+001  
 Singles correction (EcSingles)                    -5.1490752986E-003  
 Direct RPA correlation (EcRPA)                    -4.3167639430E-001  
 HF contribution (EtotHF)                          -1.1626788688E+002  
 Singles correction (EcSingles)                    -1.0061991606E-002  
 HF contribution (EtotHF)                          -1.1626788688E+002  
 Singles correction (EcSingles)                    -1.0061991606E-002  
 Direct RPA correlation (EcRPA)                    -7.9985222397E-001  
 HF contribution (EtotHF)                          -1.5211926803E+002  
 Singles correction (EcSingles)                    -1.1165268544E-002  
 HF contribution (EtotHF)                          -1.5211926803E+002  
 Singles correction (EcSingles)                    -1.1165268544E-002  
 Direct RPA correlation (EcRPA)                    -8.6514534142E-001  
 HF contribution (EtotHF)                          -1.1626748039E+002  
 Singles correction (EcSingles)                    -9.8450761392E-003  
 HF contribution (EtotHF)                          -1.1626748039E+002  
 Singles correction (EcSingles)                    -9.8450761392E-003  
 Direct RPA correlation (EcRPA)                    -7.9986650327E-001  
